[0.888s] DEBUG:colcon:Command line arguments: ['/usr/bin/colcon', 'build', '--packages-select', 'my_record_utils']
[0.888s] DEBUG:colcon:Parsed command line arguments: Namespace(log_base=None, log_level=None, verb_name='build', build_base='build', install_base='install', merge_install=False, symlink_install=False, test_result_base=None, continue_on_error=False, executor='parallel', parallel_workers=16, event_handlers=None, ignore_user_meta=False, metas=['./colcon.meta'], base_paths=['.'], packages_ignore=None, packages_ignore_regex=None, paths=None, packages_up_to=None, packages_up_to_regex=None, packages_above=None, packages_above_and_dependencies=None, packages_above_depth=None, packages_select_by_dep=None, packages_skip_by_dep=None, packages_skip_up_to=None, packages_select_build_failed=False, packages_skip_build_finished=False, packages_select_test_failures=False, packages_skip_test_passed=False, packages_select=['my_record_utils'], packages_skip=None, packages_select_regex=None, packages_skip_regex=None, packages_start=None, packages_end=None, allow_overriding=[], cmake_args=None, cmake_target=None, cmake_target_skip_unavailable=False, cmake_clean_cache=False, cmake_clean_first=False, cmake_force_configure=False, ament_cmake_args=None, catkin_cmake_args=None, catkin_skip_building_tests=False, verb_parser=<colcon_defaults.argument_parser.defaults.DefaultArgumentsDecorator object at 0x7f1e4c1d56c0>, verb_extension=<colcon_core.verb.build.BuildVerb object at 0x7f1e4c5d3910>, main=<bound method BuildVerb.main of <colcon_core.verb.build.BuildVerb object at 0x7f1e4c5d3910>>)
[0.932s] Level 1:colcon.colcon_core.package_discovery:discover_packages(colcon_meta) check parameters
[0.932s] Level 1:colcon.colcon_core.package_discovery:discover_packages(recursive) check parameters
[0.932s] Level 1:colcon.colcon_core.package_discovery:discover_packages(ignore) check parameters
[0.932s] Level 1:colcon.colcon_core.package_discovery:discover_packages(path) check parameters
[0.932s] Level 1:colcon.colcon_core.package_discovery:discover_packages(colcon_meta) discover
[0.933s] Level 1:colcon.colcon_core.package_discovery:discover_packages(recursive) discover
[0.933s] INFO:colcon.colcon_core.package_discovery:Crawling recursively for packages in '/home/shen/learn/ROS2/record_ws'
[0.933s] Level 1:colcon.colcon_core.package_identification:_identify(.) by extensions ['ignore', 'ignore_ament_install']
[0.933s] Level 1:colcon.colcon_core.package_identification:_identify(.) by extension 'ignore'
[0.933s] Level 1:colcon.colcon_core.package_identification:_identify(.) by extension 'ignore_ament_install'
[0.933s] Level 1:colcon.colcon_core.package_identification:_identify(.) by extensions ['colcon_pkg']
[0.933s] Level 1:colcon.colcon_core.package_identification:_identify(.) by extension 'colcon_pkg'
[0.933s] Level 1:colcon.colcon_core.package_identification:_identify(.) by extensions ['colcon_meta']
[0.933s] Level 1:colcon.colcon_core.package_identification:_identify(.) by extension 'colcon_meta'
[0.933s] Level 1:colcon.colcon_core.package_identification:_identify(.) by extensions ['ros']
[0.933s] Level 1:colcon.colcon_core.package_identification:_identify(.) by extension 'ros'
[0.943s] Level 1:colcon.colcon_core.package_identification:_identify(.) by extensions ['cmake', 'python']
[0.943s] Level 1:colcon.colcon_core.package_identification:_identify(.) by extension 'cmake'
[0.943s] Level 1:colcon.colcon_core.package_identification:_identify(.) by extension 'python'
[0.943s] Level 1:colcon.colcon_core.package_identification:_identify(.) by extensions ['python_setup_py']
[0.943s] Level 1:colcon.colcon_core.package_identification:_identify(.) by extension 'python_setup_py'
[0.943s] Level 1:colcon.colcon_core.package_identification:_identify(build) by extensions ['ignore', 'ignore_ament_install']
[0.943s] Level 1:colcon.colcon_core.package_identification:_identify(build) by extension 'ignore'
[0.943s] Level 1:colcon.colcon_core.package_identification:_identify(build) ignored
[0.943s] Level 1:colcon.colcon_core.package_identification:_identify(install) by extensions ['ignore', 'ignore_ament_install']
[0.943s] Level 1:colcon.colcon_core.package_identification:_identify(install) by extension 'ignore'
[0.943s] Level 1:colcon.colcon_core.package_identification:_identify(install) ignored
[0.943s] Level 1:colcon.colcon_core.package_identification:_identify(log) by extensions ['ignore', 'ignore_ament_install']
[0.943s] Level 1:colcon.colcon_core.package_identification:_identify(log) by extension 'ignore'
[0.943s] Level 1:colcon.colcon_core.package_identification:_identify(log) ignored
[0.943s] Level 1:colcon.colcon_core.package_identification:_identify(my_bag) by extensions ['ignore', 'ignore_ament_install']
[0.943s] Level 1:colcon.colcon_core.package_identification:_identify(my_bag) by extension 'ignore'
[0.943s] Level 1:colcon.colcon_core.package_identification:_identify(my_bag) by extension 'ignore_ament_install'
[0.944s] Level 1:colcon.colcon_core.package_identification:_identify(my_bag) by extensions ['colcon_pkg']
[0.944s] Level 1:colcon.colcon_core.package_identification:_identify(my_bag) by extension 'colcon_pkg'
[0.944s] Level 1:colcon.colcon_core.package_identification:_identify(my_bag) by extensions ['colcon_meta']
[0.944s] Level 1:colcon.colcon_core.package_identification:_identify(my_bag) by extension 'colcon_meta'
[0.944s] Level 1:colcon.colcon_core.package_identification:_identify(my_bag) by extensions ['ros']
[0.944s] Level 1:colcon.colcon_core.package_identification:_identify(my_bag) by extension 'ros'
[0.944s] Level 1:colcon.colcon_core.package_identification:_identify(my_bag) by extensions ['cmake', 'python']
[0.944s] Level 1:colcon.colcon_core.package_identification:_identify(my_bag) by extension 'cmake'
[0.944s] Level 1:colcon.colcon_core.package_identification:_identify(my_bag) by extension 'python'
[0.944s] Level 1:colcon.colcon_core.package_identification:_identify(my_bag) by extensions ['python_setup_py']
[0.944s] Level 1:colcon.colcon_core.package_identification:_identify(my_bag) by extension 'python_setup_py'
[0.944s] Level 1:colcon.colcon_core.package_identification:_identify(new_bag) by extensions ['ignore', 'ignore_ament_install']
[0.944s] Level 1:colcon.colcon_core.package_identification:_identify(new_bag) by extension 'ignore'
[0.944s] Level 1:colcon.colcon_core.package_identification:_identify(new_bag) by extension 'ignore_ament_install'
[0.944s] Level 1:colcon.colcon_core.package_identification:_identify(new_bag) by extensions ['colcon_pkg']
[0.944s] Level 1:colcon.colcon_core.package_identification:_identify(new_bag) by extension 'colcon_pkg'
[0.944s] Level 1:colcon.colcon_core.package_identification:_identify(new_bag) by extensions ['colcon_meta']
[0.944s] Level 1:colcon.colcon_core.package_identification:_identify(new_bag) by extension 'colcon_meta'
[0.944s] Level 1:colcon.colcon_core.package_identification:_identify(new_bag) by extensions ['ros']
[0.944s] Level 1:colcon.colcon_core.package_identification:_identify(new_bag) by extension 'ros'
[0.944s] Level 1:colcon.colcon_core.package_identification:_identify(new_bag) by extensions ['cmake', 'python']
[0.944s] Level 1:colcon.colcon_core.package_identification:_identify(new_bag) by extension 'cmake'
[0.944s] Level 1:colcon.colcon_core.package_identification:_identify(new_bag) by extension 'python'
[0.944s] Level 1:colcon.colcon_core.package_identification:_identify(new_bag) by extensions ['python_setup_py']
[0.944s] Level 1:colcon.colcon_core.package_identification:_identify(new_bag) by extension 'python_setup_py'
[0.944s] Level 1:colcon.colcon_core.package_identification:_identify(src) by extensions ['ignore', 'ignore_ament_install']
[0.945s] Level 1:colcon.colcon_core.package_identification:_identify(src) by extension 'ignore'
[0.945s] Level 1:colcon.colcon_core.package_identification:_identify(src) by extension 'ignore_ament_install'
[0.945s] Level 1:colcon.colcon_core.package_identification:_identify(src) by extensions ['colcon_pkg']
[0.945s] Level 1:colcon.colcon_core.package_identification:_identify(src) by extension 'colcon_pkg'
[0.945s] Level 1:colcon.colcon_core.package_identification:_identify(src) by extensions ['colcon_meta']
[0.945s] Level 1:colcon.colcon_core.package_identification:_identify(src) by extension 'colcon_meta'
[0.945s] Level 1:colcon.colcon_core.package_identification:_identify(src) by extensions ['ros']
[0.945s] Level 1:colcon.colcon_core.package_identification:_identify(src) by extension 'ros'
[0.945s] Level 1:colcon.colcon_core.package_identification:_identify(src) by extensions ['cmake', 'python']
[0.945s] Level 1:colcon.colcon_core.package_identification:_identify(src) by extension 'cmake'
[0.945s] Level 1:colcon.colcon_core.package_identification:_identify(src) by extension 'python'
[0.945s] Level 1:colcon.colcon_core.package_identification:_identify(src) by extensions ['python_setup_py']
[0.945s] Level 1:colcon.colcon_core.package_identification:_identify(src) by extension 'python_setup_py'
[0.945s] Level 1:colcon.colcon_core.package_identification:_identify(src/my_record_utils) by extensions ['ignore', 'ignore_ament_install']
[0.945s] Level 1:colcon.colcon_core.package_identification:_identify(src/my_record_utils) by extension 'ignore'
[0.945s] Level 1:colcon.colcon_core.package_identification:_identify(src/my_record_utils) by extension 'ignore_ament_install'
[0.945s] Level 1:colcon.colcon_core.package_identification:_identify(src/my_record_utils) by extensions ['colcon_pkg']
[0.945s] Level 1:colcon.colcon_core.package_identification:_identify(src/my_record_utils) by extension 'colcon_pkg'
[0.945s] Level 1:colcon.colcon_core.package_identification:_identify(src/my_record_utils) by extensions ['colcon_meta']
[0.945s] Level 1:colcon.colcon_core.package_identification:_identify(src/my_record_utils) by extension 'colcon_meta'
[0.945s] Level 1:colcon.colcon_core.package_identification:_identify(src/my_record_utils) by extensions ['ros']
[0.945s] Level 1:colcon.colcon_core.package_identification:_identify(src/my_record_utils) by extension 'ros'
[0.947s] DEBUG:colcon.colcon_core.package_identification:Package 'src/my_record_utils' with type 'ros.ament_cmake' and name 'my_record_utils'
[0.948s] Level 1:colcon.colcon_core.package_discovery:discover_packages(recursive) using defaults
[0.948s] Level 1:colcon.colcon_core.package_discovery:discover_packages(ignore) discover
[0.948s] Level 1:colcon.colcon_core.package_discovery:discover_packages(ignore) using defaults
[0.948s] Level 1:colcon.colcon_core.package_discovery:discover_packages(path) discover
[0.948s] Level 1:colcon.colcon_core.package_discovery:discover_packages(path) using defaults
[1.026s] Level 1:colcon.colcon_core.package_discovery:discover_packages(prefix_path) check parameters
[1.027s] Level 1:colcon.colcon_core.package_discovery:discover_packages(prefix_path) discover
[1.040s] WARNING:colcon.colcon_ros.prefix_path.ament:The path '/home/shen/learn/ROS2/record_ws/install/my_record_utils' in the environment variable AMENT_PREFIX_PATH doesn't exist
[1.040s] WARNING:colcon.colcon_ros.prefix_path.catkin:The path '/home/shen/learn/ROS2/record_ws/install/my_record_utils' in the environment variable CMAKE_PREFIX_PATH doesn't exist
[1.052s] DEBUG:colcon.colcon_installed_package_information.package_discovery:Found 0 installed packages in /home/shen/learn/ROS2/record_ws/install
[1.066s] DEBUG:colcon.colcon_installed_package_information.package_discovery:Found 339 installed packages in /opt/ros/humble
[1.067s] Level 1:colcon.colcon_core.package_discovery:discover_packages(prefix_path) using defaults
[1.159s] Level 5:colcon.colcon_core.verb:set package 'my_record_utils' build argument 'cmake_args' from command line to 'None'
[1.159s] Level 5:colcon.colcon_core.verb:set package 'my_record_utils' build argument 'cmake_target' from command line to 'None'
[1.159s] Level 5:colcon.colcon_core.verb:set package 'my_record_utils' build argument 'cmake_target_skip_unavailable' from command line to 'False'
[1.159s] Level 5:colcon.colcon_core.verb:set package 'my_record_utils' build argument 'cmake_clean_cache' from command line to 'False'
[1.159s] Level 5:colcon.colcon_core.verb:set package 'my_record_utils' build argument 'cmake_clean_first' from command line to 'False'
[1.159s] Level 5:colcon.colcon_core.verb:set package 'my_record_utils' build argument 'cmake_force_configure' from command line to 'False'
[1.159s] Level 5:colcon.colcon_core.verb:set package 'my_record_utils' build argument 'ament_cmake_args' from command line to 'None'
[1.159s] Level 5:colcon.colcon_core.verb:set package 'my_record_utils' build argument 'catkin_cmake_args' from command line to 'None'
[1.159s] Level 5:colcon.colcon_core.verb:set package 'my_record_utils' build argument 'catkin_skip_building_tests' from command line to 'False'
[1.159s] DEBUG:colcon.colcon_core.verb:Building package 'my_record_utils' with the following arguments: {'ament_cmake_args': None, 'build_base': '/home/shen/learn/ROS2/record_ws/build/my_record_utils', 'catkin_cmake_args': None, 'catkin_skip_building_tests': False, 'cmake_args': None, 'cmake_clean_cache': False, 'cmake_clean_first': False, 'cmake_force_configure': False, 'cmake_target': None, 'cmake_target_skip_unavailable': False, 'install_base': '/home/shen/learn/ROS2/record_ws/install/my_record_utils', 'merge_install': False, 'path': '/home/shen/learn/ROS2/record_ws/src/my_record_utils', 'symlink_install': False, 'test_result_base': None}
[1.171s] INFO:colcon.colcon_core.executor:Executing jobs using 'parallel' executor
[1.184s] DEBUG:colcon.colcon_parallel_executor.executor.parallel:run_until_complete
[1.185s] INFO:colcon.colcon_ros.task.ament_cmake.build:Building ROS package in '/home/shen/learn/ROS2/record_ws/src/my_record_utils' with build type 'ament_cmake'
[1.185s] INFO:colcon.colcon_cmake.task.cmake.build:Building CMake package in '/home/shen/learn/ROS2/record_ws/src/my_record_utils'
[1.199s] INFO:colcon.colcon_core.plugin_system:Skipping extension 'colcon_core.shell.bat': Not used on non-Windows systems
[1.199s] INFO:colcon.colcon_core.shell:Skip shell extension 'powershell' for command environment: Not usable outside of PowerShell
[1.199s] DEBUG:colcon.colcon_core.shell:Skip shell extension 'dsv' for command environment
[1.248s] DEBUG:colcon.colcon_core.event_handler.log_command:Invoking command in '/home/shen/learn/ROS2/record_ws/build/my_record_utils': CMAKE_PREFIX_PATH=${CMAKE_PREFIX_PATH}:/opt/ros/humble /usr/bin/cmake /home/shen/learn/ROS2/record_ws/src/my_record_utils -DCMAKE_INSTALL_PREFIX=/home/shen/learn/ROS2/record_ws/install/my_record_utils
[3.000s] DEBUG:colcon.colcon_core.event_handler.log_command:Invoked command in '/home/shen/learn/ROS2/record_ws/build/my_record_utils' returned '0': CMAKE_PREFIX_PATH=${CMAKE_PREFIX_PATH}:/opt/ros/humble /usr/bin/cmake /home/shen/learn/ROS2/record_ws/src/my_record_utils -DCMAKE_INSTALL_PREFIX=/home/shen/learn/ROS2/record_ws/install/my_record_utils
[3.002s] DEBUG:colcon.colcon_core.event_handler.log_command:Invoking command in '/home/shen/learn/ROS2/record_ws/build/my_record_utils': CMAKE_PREFIX_PATH=${CMAKE_PREFIX_PATH}:/opt/ros/humble /usr/bin/cmake --build /home/shen/learn/ROS2/record_ws/build/my_record_utils -- -j16 -l16
[13.932s] DEBUG:colcon.colcon_core.event_handler.log_command:Invoked command in '/home/shen/learn/ROS2/record_ws/build/my_record_utils' returned '0': CMAKE_PREFIX_PATH=${CMAKE_PREFIX_PATH}:/opt/ros/humble /usr/bin/cmake --build /home/shen/learn/ROS2/record_ws/build/my_record_utils -- -j16 -l16
[14.006s] DEBUG:colcon.colcon_core.event_handler.log_command:Invoking command in '/home/shen/learn/ROS2/record_ws/build/my_record_utils': CMAKE_PREFIX_PATH=${CMAKE_PREFIX_PATH}:/opt/ros/humble /usr/bin/cmake --install /home/shen/learn/ROS2/record_ws/build/my_record_utils
[14.026s] Level 1:colcon.colcon_core.environment:create_environment_scripts_only(my_record_utils)
[14.027s] DEBUG:colcon.colcon_core.event_handler.log_command:Invoked command in '/home/shen/learn/ROS2/record_ws/build/my_record_utils' returned '0': CMAKE_PREFIX_PATH=${CMAKE_PREFIX_PATH}:/opt/ros/humble /usr/bin/cmake --install /home/shen/learn/ROS2/record_ws/build/my_record_utils
[14.063s] Level 1:colcon.colcon_core.environment:checking '/home/shen/learn/ROS2/record_ws/install/my_record_utils' for CMake module files
[14.064s] Level 1:colcon.colcon_core.environment:checking '/home/shen/learn/ROS2/record_ws/install/my_record_utils' for CMake config files
[14.065s] Level 1:colcon.colcon_core.shell:create_environment_hook('my_record_utils', 'cmake_prefix_path')
[14.101s] INFO:colcon.colcon_core.shell:Creating environment hook '/home/shen/learn/ROS2/record_ws/install/my_record_utils/share/my_record_utils/hook/cmake_prefix_path.ps1'
[14.102s] INFO:colcon.colcon_core.shell:Creating environment descriptor '/home/shen/learn/ROS2/record_ws/install/my_record_utils/share/my_record_utils/hook/cmake_prefix_path.dsv'
[14.103s] INFO:colcon.colcon_core.shell:Creating environment hook '/home/shen/learn/ROS2/record_ws/install/my_record_utils/share/my_record_utils/hook/cmake_prefix_path.sh'
[14.104s] Level 1:colcon.colcon_core.environment:checking '/home/shen/learn/ROS2/record_ws/install/my_record_utils/lib'
[14.105s] Level 1:colcon.colcon_core.environment:checking '/home/shen/learn/ROS2/record_ws/install/my_record_utils/bin'
[14.105s] Level 1:colcon.colcon_core.environment:checking '/home/shen/learn/ROS2/record_ws/install/my_record_utils/lib/pkgconfig/my_record_utils.pc'
[14.105s] Level 1:colcon.colcon_core.environment:checking '/home/shen/learn/ROS2/record_ws/install/my_record_utils/lib/python3.10/site-packages'
[14.105s] Level 1:colcon.colcon_core.environment:checking '/home/shen/learn/ROS2/record_ws/install/my_record_utils/bin'
[14.118s] INFO:colcon.colcon_core.shell:Creating package script '/home/shen/learn/ROS2/record_ws/install/my_record_utils/share/my_record_utils/package.ps1'
[14.118s] INFO:colcon.colcon_core.shell:Creating package descriptor '/home/shen/learn/ROS2/record_ws/install/my_record_utils/share/my_record_utils/package.dsv'
[14.119s] INFO:colcon.colcon_core.shell:Creating package script '/home/shen/learn/ROS2/record_ws/install/my_record_utils/share/my_record_utils/package.sh'
[14.119s] INFO:colcon.colcon_core.shell:Creating package script '/home/shen/learn/ROS2/record_ws/install/my_record_utils/share/my_record_utils/package.bash'
[14.120s] INFO:colcon.colcon_core.shell:Creating package script '/home/shen/learn/ROS2/record_ws/install/my_record_utils/share/my_record_utils/package.zsh'
[14.120s] Level 1:colcon.colcon_core.environment:create_file_with_runtime_dependencies(/home/shen/learn/ROS2/record_ws/install/my_record_utils/share/colcon-core/packages/my_record_utils)
[14.182s] Level 1:colcon.colcon_core.environment:create_environment_scripts_only(my_record_utils)
[14.195s] Level 1:colcon.colcon_core.environment:checking '/home/shen/learn/ROS2/record_ws/install/my_record_utils' for CMake module files
[14.195s] Level 1:colcon.colcon_core.environment:checking '/home/shen/learn/ROS2/record_ws/install/my_record_utils' for CMake config files
[14.196s] Level 1:colcon.colcon_core.shell:create_environment_hook('my_record_utils', 'cmake_prefix_path')
[14.208s] INFO:colcon.colcon_core.shell:Creating environment hook '/home/shen/learn/ROS2/record_ws/install/my_record_utils/share/my_record_utils/hook/cmake_prefix_path.ps1'
[14.208s] INFO:colcon.colcon_core.shell:Creating environment descriptor '/home/shen/learn/ROS2/record_ws/install/my_record_utils/share/my_record_utils/hook/cmake_prefix_path.dsv'
[14.209s] INFO:colcon.colcon_core.shell:Creating environment hook '/home/shen/learn/ROS2/record_ws/install/my_record_utils/share/my_record_utils/hook/cmake_prefix_path.sh'
[14.209s] Level 1:colcon.colcon_core.environment:checking '/home/shen/learn/ROS2/record_ws/install/my_record_utils/lib'
[14.209s] Level 1:colcon.colcon_core.environment:checking '/home/shen/learn/ROS2/record_ws/install/my_record_utils/bin'
[14.209s] Level 1:colcon.colcon_core.environment:checking '/home/shen/learn/ROS2/record_ws/install/my_record_utils/lib/pkgconfig/my_record_utils.pc'
[14.210s] Level 1:colcon.colcon_core.environment:checking '/home/shen/learn/ROS2/record_ws/install/my_record_utils/lib/python3.10/site-packages'
[14.210s] Level 1:colcon.colcon_core.environment:checking '/home/shen/learn/ROS2/record_ws/install/my_record_utils/bin'
[14.222s] INFO:colcon.colcon_core.shell:Creating package script '/home/shen/learn/ROS2/record_ws/install/my_record_utils/share/my_record_utils/package.ps1'
[14.223s] INFO:colcon.colcon_core.shell:Creating package descriptor '/home/shen/learn/ROS2/record_ws/install/my_record_utils/share/my_record_utils/package.dsv'
[14.223s] INFO:colcon.colcon_core.shell:Creating package script '/home/shen/learn/ROS2/record_ws/install/my_record_utils/share/my_record_utils/package.sh'
[14.223s] INFO:colcon.colcon_core.shell:Creating package script '/home/shen/learn/ROS2/record_ws/install/my_record_utils/share/my_record_utils/package.bash'
[14.224s] INFO:colcon.colcon_core.shell:Creating package script '/home/shen/learn/ROS2/record_ws/install/my_record_utils/share/my_record_utils/package.zsh'
[14.224s] Level 1:colcon.colcon_core.environment:create_file_with_runtime_dependencies(/home/shen/learn/ROS2/record_ws/install/my_record_utils/share/colcon-core/packages/my_record_utils)
[14.224s] DEBUG:colcon.colcon_parallel_executor.executor.parallel:closing loop
[14.224s] DEBUG:colcon.colcon_parallel_executor.executor.parallel:loop closed
[14.224s] DEBUG:colcon.colcon_parallel_executor.executor.parallel:run_until_complete finished with '0'
[14.224s] DEBUG:colcon.colcon_core.event_reactor:joining thread
[14.261s] INFO:colcon.colcon_core.plugin_system:Skipping extension 'colcon_notification.desktop_notification.terminal_notifier': Not used on non-Darwin systems
[14.261s] INFO:colcon.colcon_core.plugin_system:Skipping extension 'colcon_notification.desktop_notification.win32': Not used on non-Windows systems
[14.262s] INFO:colcon.colcon_notification.desktop_notification:Sending desktop notification using 'notify2'
[14.283s] DEBUG:colcon.colcon_core.event_reactor:joined thread
[14.296s] INFO:colcon.colcon_core.shell:Creating prefix script '/home/shen/learn/ROS2/record_ws/install/local_setup.ps1'
[14.297s] INFO:colcon.colcon_core.shell:Creating prefix util module '/home/shen/learn/ROS2/record_ws/install/_local_setup_util_ps1.py'
[14.298s] INFO:colcon.colcon_core.shell:Creating prefix chain script '/home/shen/learn/ROS2/record_ws/install/setup.ps1'
[14.311s] INFO:colcon.colcon_core.shell:Creating prefix script '/home/shen/learn/ROS2/record_ws/install/local_setup.sh'
[14.312s] INFO:colcon.colcon_core.shell:Creating prefix util module '/home/shen/learn/ROS2/record_ws/install/_local_setup_util_sh.py'
[14.312s] INFO:colcon.colcon_core.shell:Creating prefix chain script '/home/shen/learn/ROS2/record_ws/install/setup.sh'
[14.325s] INFO:colcon.colcon_core.shell:Creating prefix script '/home/shen/learn/ROS2/record_ws/install/local_setup.bash'
[14.326s] INFO:colcon.colcon_core.shell:Creating prefix chain script '/home/shen/learn/ROS2/record_ws/install/setup.bash'
[14.354s] INFO:colcon.colcon_core.shell:Creating prefix script '/home/shen/learn/ROS2/record_ws/install/local_setup.zsh'
[14.355s] INFO:colcon.colcon_core.shell:Creating prefix chain script '/home/shen/learn/ROS2/record_ws/install/setup.zsh'
