[0.846s] DEBUG:colcon:Command line arguments: ['/usr/bin/colcon', 'build']
[0.846s] DEBUG:colcon:Parsed command line arguments: Namespace(log_base=None, log_level=None, verb_name='build', build_base='build', install_base='install', merge_install=False, symlink_install=False, test_result_base=None, continue_on_error=False, executor='parallel', parallel_workers=16, event_handlers=None, ignore_user_meta=False, metas=['./colcon.meta'], base_paths=['.'], packages_ignore=None, packages_ignore_regex=None, paths=None, packages_up_to=None, packages_up_to_regex=None, packages_above=None, packages_above_and_dependencies=None, packages_above_depth=None, packages_select_by_dep=None, packages_skip_by_dep=None, packages_skip_up_to=None, packages_select_build_failed=False, packages_skip_build_finished=False, packages_select_test_failures=False, packages_skip_test_passed=False, packages_select=None, packages_skip=None, packages_select_regex=None, packages_skip_regex=None, packages_start=None, packages_end=None, allow_overriding=[], cmake_args=None, cmake_target=None, cmake_target_skip_unavailable=False, cmake_clean_cache=False, cmake_clean_first=False, cmake_force_configure=False, ament_cmake_args=None, catkin_cmake_args=None, catkin_skip_building_tests=False, verb_parser=<colcon_defaults.argument_parser.defaults.DefaultArgumentsDecorator object at 0x7a281bb53e50>, verb_extension=<colcon_core.verb.build.BuildVerb object at 0x7a281bfdba60>, main=<bound method BuildVerb.main of <colcon_core.verb.build.BuildVerb object at 0x7a281bfdba60>>)
[0.886s] Level 1:colcon.colcon_core.package_discovery:discover_packages(colcon_meta) check parameters
[0.886s] Level 1:colcon.colcon_core.package_discovery:discover_packages(recursive) check parameters
[0.886s] Level 1:colcon.colcon_core.package_discovery:discover_packages(ignore) check parameters
[0.886s] Level 1:colcon.colcon_core.package_discovery:discover_packages(path) check parameters
[0.886s] Level 1:colcon.colcon_core.package_discovery:discover_packages(colcon_meta) discover
[0.886s] Level 1:colcon.colcon_core.package_discovery:discover_packages(recursive) discover
[0.886s] INFO:colcon.colcon_core.package_discovery:Crawling recursively for packages in '/home/shen/learn/ROS2/inject_ws'
[0.886s] Level 1:colcon.colcon_core.package_identification:_identify(.) by extensions ['ignore', 'ignore_ament_install']
[0.886s] Level 1:colcon.colcon_core.package_identification:_identify(.) by extension 'ignore'
[0.886s] Level 1:colcon.colcon_core.package_identification:_identify(.) by extension 'ignore_ament_install'
[0.886s] Level 1:colcon.colcon_core.package_identification:_identify(.) by extensions ['colcon_pkg']
[0.886s] Level 1:colcon.colcon_core.package_identification:_identify(.) by extension 'colcon_pkg'
[0.886s] Level 1:colcon.colcon_core.package_identification:_identify(.) by extensions ['colcon_meta']
[0.886s] Level 1:colcon.colcon_core.package_identification:_identify(.) by extension 'colcon_meta'
[0.886s] Level 1:colcon.colcon_core.package_identification:_identify(.) by extensions ['ros']
[0.887s] Level 1:colcon.colcon_core.package_identification:_identify(.) by extension 'ros'
[0.895s] Level 1:colcon.colcon_core.package_identification:_identify(.) by extensions ['cmake', 'python']
[0.895s] Level 1:colcon.colcon_core.package_identification:_identify(.) by extension 'cmake'
[0.895s] Level 1:colcon.colcon_core.package_identification:_identify(.) by extension 'python'
[0.895s] Level 1:colcon.colcon_core.package_identification:_identify(.) by extensions ['python_setup_py']
[0.895s] Level 1:colcon.colcon_core.package_identification:_identify(.) by extension 'python_setup_py'
[0.896s] Level 1:colcon.colcon_core.package_identification:_identify(build) by extensions ['ignore', 'ignore_ament_install']
[0.896s] Level 1:colcon.colcon_core.package_identification:_identify(build) by extension 'ignore'
[0.896s] Level 1:colcon.colcon_core.package_identification:_identify(build) ignored
[0.896s] Level 1:colcon.colcon_core.package_identification:_identify(install) by extensions ['ignore', 'ignore_ament_install']
[0.896s] Level 1:colcon.colcon_core.package_identification:_identify(install) by extension 'ignore'
[0.896s] Level 1:colcon.colcon_core.package_identification:_identify(install) ignored
[0.896s] Level 1:colcon.colcon_core.package_identification:_identify(log) by extensions ['ignore', 'ignore_ament_install']
[0.896s] Level 1:colcon.colcon_core.package_identification:_identify(log) by extension 'ignore'
[0.896s] Level 1:colcon.colcon_core.package_identification:_identify(log) ignored
[0.896s] Level 1:colcon.colcon_core.package_identification:_identify(src) by extensions ['ignore', 'ignore_ament_install']
[0.896s] Level 1:colcon.colcon_core.package_identification:_identify(src) by extension 'ignore'
[0.896s] Level 1:colcon.colcon_core.package_identification:_identify(src) by extension 'ignore_ament_install'
[0.896s] Level 1:colcon.colcon_core.package_identification:_identify(src) by extensions ['colcon_pkg']
[0.896s] Level 1:colcon.colcon_core.package_identification:_identify(src) by extension 'colcon_pkg'
[0.896s] Level 1:colcon.colcon_core.package_identification:_identify(src) by extensions ['colcon_meta']
[0.896s] Level 1:colcon.colcon_core.package_identification:_identify(src) by extension 'colcon_meta'
[0.896s] Level 1:colcon.colcon_core.package_identification:_identify(src) by extensions ['ros']
[0.897s] Level 1:colcon.colcon_core.package_identification:_identify(src) by extension 'ros'
[0.897s] Level 1:colcon.colcon_core.package_identification:_identify(src) by extensions ['cmake', 'python']
[0.897s] Level 1:colcon.colcon_core.package_identification:_identify(src) by extension 'cmake'
[0.897s] Level 1:colcon.colcon_core.package_identification:_identify(src) by extension 'python'
[0.897s] Level 1:colcon.colcon_core.package_identification:_identify(src) by extensions ['python_setup_py']
[0.897s] Level 1:colcon.colcon_core.package_identification:_identify(src) by extension 'python_setup_py'
[0.897s] Level 1:colcon.colcon_core.package_identification:_identify(src/replay_client) by extensions ['ignore', 'ignore_ament_install']
[0.897s] Level 1:colcon.colcon_core.package_identification:_identify(src/replay_client) by extension 'ignore'
[0.897s] Level 1:colcon.colcon_core.package_identification:_identify(src/replay_client) by extension 'ignore_ament_install'
[0.897s] Level 1:colcon.colcon_core.package_identification:_identify(src/replay_client) by extensions ['colcon_pkg']
[0.897s] Level 1:colcon.colcon_core.package_identification:_identify(src/replay_client) by extension 'colcon_pkg'
[0.897s] Level 1:colcon.colcon_core.package_identification:_identify(src/replay_client) by extensions ['colcon_meta']
[0.897s] Level 1:colcon.colcon_core.package_identification:_identify(src/replay_client) by extension 'colcon_meta'
[0.897s] Level 1:colcon.colcon_core.package_identification:_identify(src/replay_client) by extensions ['ros']
[0.897s] Level 1:colcon.colcon_core.package_identification:_identify(src/replay_client) by extension 'ros'
[0.899s] DEBUG:colcon.colcon_core.package_identification:Package 'src/replay_client' with type 'ros.ament_cmake' and name 'replay_client'
[0.899s] Level 1:colcon.colcon_core.package_identification:_identify(src/replay_server) by extensions ['ignore', 'ignore_ament_install']
[0.899s] Level 1:colcon.colcon_core.package_identification:_identify(src/replay_server) by extension 'ignore'
[0.900s] Level 1:colcon.colcon_core.package_identification:_identify(src/replay_server) by extension 'ignore_ament_install'
[0.900s] Level 1:colcon.colcon_core.package_identification:_identify(src/replay_server) by extensions ['colcon_pkg']
[0.900s] Level 1:colcon.colcon_core.package_identification:_identify(src/replay_server) by extension 'colcon_pkg'
[0.900s] Level 1:colcon.colcon_core.package_identification:_identify(src/replay_server) by extensions ['colcon_meta']
[0.900s] Level 1:colcon.colcon_core.package_identification:_identify(src/replay_server) by extension 'colcon_meta'
[0.900s] Level 1:colcon.colcon_core.package_identification:_identify(src/replay_server) by extensions ['ros']
[0.900s] Level 1:colcon.colcon_core.package_identification:_identify(src/replay_server) by extension 'ros'
[0.900s] DEBUG:colcon.colcon_core.package_identification:Package 'src/replay_server' with type 'ros.ament_cmake' and name 'replay_server'
[0.900s] Level 1:colcon.colcon_core.package_discovery:discover_packages(recursive) using defaults
[0.900s] Level 1:colcon.colcon_core.package_discovery:discover_packages(ignore) discover
[0.900s] Level 1:colcon.colcon_core.package_discovery:discover_packages(ignore) using defaults
[0.900s] Level 1:colcon.colcon_core.package_discovery:discover_packages(path) discover
[0.900s] Level 1:colcon.colcon_core.package_discovery:discover_packages(path) using defaults
[0.979s] Level 1:colcon.colcon_core.package_discovery:discover_packages(prefix_path) check parameters
[0.979s] Level 1:colcon.colcon_core.package_discovery:discover_packages(prefix_path) discover
[1.007s] DEBUG:colcon.colcon_installed_package_information.package_discovery:Found 349 installed packages in /opt/ros/humble
[1.008s] Level 1:colcon.colcon_core.package_discovery:discover_packages(prefix_path) using defaults
[1.099s] Level 5:colcon.colcon_core.verb:set package 'replay_client' build argument 'cmake_args' from command line to 'None'
[1.099s] Level 5:colcon.colcon_core.verb:set package 'replay_client' build argument 'cmake_target' from command line to 'None'
[1.099s] Level 5:colcon.colcon_core.verb:set package 'replay_client' build argument 'cmake_target_skip_unavailable' from command line to 'False'
[1.099s] Level 5:colcon.colcon_core.verb:set package 'replay_client' build argument 'cmake_clean_cache' from command line to 'False'
[1.099s] Level 5:colcon.colcon_core.verb:set package 'replay_client' build argument 'cmake_clean_first' from command line to 'False'
[1.099s] Level 5:colcon.colcon_core.verb:set package 'replay_client' build argument 'cmake_force_configure' from command line to 'False'
[1.099s] Level 5:colcon.colcon_core.verb:set package 'replay_client' build argument 'ament_cmake_args' from command line to 'None'
[1.099s] Level 5:colcon.colcon_core.verb:set package 'replay_client' build argument 'catkin_cmake_args' from command line to 'None'
[1.099s] Level 5:colcon.colcon_core.verb:set package 'replay_client' build argument 'catkin_skip_building_tests' from command line to 'False'
[1.099s] DEBUG:colcon.colcon_core.verb:Building package 'replay_client' with the following arguments: {'ament_cmake_args': None, 'build_base': '/home/shen/learn/ROS2/inject_ws/build/replay_client', 'catkin_cmake_args': None, 'catkin_skip_building_tests': False, 'cmake_args': None, 'cmake_clean_cache': False, 'cmake_clean_first': False, 'cmake_force_configure': False, 'cmake_target': None, 'cmake_target_skip_unavailable': False, 'install_base': '/home/shen/learn/ROS2/inject_ws/install/replay_client', 'merge_install': False, 'path': '/home/shen/learn/ROS2/inject_ws/src/replay_client', 'symlink_install': False, 'test_result_base': None}
[1.112s] Level 5:colcon.colcon_core.verb:set package 'replay_server' build argument 'cmake_args' from command line to 'None'
[1.112s] Level 5:colcon.colcon_core.verb:set package 'replay_server' build argument 'cmake_target' from command line to 'None'
[1.112s] Level 5:colcon.colcon_core.verb:set package 'replay_server' build argument 'cmake_target_skip_unavailable' from command line to 'False'
[1.112s] Level 5:colcon.colcon_core.verb:set package 'replay_server' build argument 'cmake_clean_cache' from command line to 'False'
[1.112s] Level 5:colcon.colcon_core.verb:set package 'replay_server' build argument 'cmake_clean_first' from command line to 'False'
[1.112s] Level 5:colcon.colcon_core.verb:set package 'replay_server' build argument 'cmake_force_configure' from command line to 'False'
[1.112s] Level 5:colcon.colcon_core.verb:set package 'replay_server' build argument 'ament_cmake_args' from command line to 'None'
[1.112s] Level 5:colcon.colcon_core.verb:set package 'replay_server' build argument 'catkin_cmake_args' from command line to 'None'
[1.112s] Level 5:colcon.colcon_core.verb:set package 'replay_server' build argument 'catkin_skip_building_tests' from command line to 'False'
[1.112s] DEBUG:colcon.colcon_core.verb:Building package 'replay_server' with the following arguments: {'ament_cmake_args': None, 'build_base': '/home/shen/learn/ROS2/inject_ws/build/replay_server', 'catkin_cmake_args': None, 'catkin_skip_building_tests': False, 'cmake_args': None, 'cmake_clean_cache': False, 'cmake_clean_first': False, 'cmake_force_configure': False, 'cmake_target': None, 'cmake_target_skip_unavailable': False, 'install_base': '/home/shen/learn/ROS2/inject_ws/install/replay_server', 'merge_install': False, 'path': '/home/shen/learn/ROS2/inject_ws/src/replay_server', 'symlink_install': False, 'test_result_base': None}
[1.125s] INFO:colcon.colcon_core.executor:Executing jobs using 'parallel' executor
[1.138s] DEBUG:colcon.colcon_parallel_executor.executor.parallel:run_until_complete
[1.139s] INFO:colcon.colcon_ros.task.ament_cmake.build:Building ROS package in '/home/shen/learn/ROS2/inject_ws/src/replay_client' with build type 'ament_cmake'
[1.139s] INFO:colcon.colcon_cmake.task.cmake.build:Building CMake package in '/home/shen/learn/ROS2/inject_ws/src/replay_client'
[1.153s] INFO:colcon.colcon_core.plugin_system:Skipping extension 'colcon_core.shell.bat': Not used on non-Windows systems
[1.154s] INFO:colcon.colcon_core.shell:Skip shell extension 'powershell' for command environment: Not usable outside of PowerShell
[1.154s] DEBUG:colcon.colcon_core.shell:Skip shell extension 'dsv' for command environment
[1.190s] INFO:colcon.colcon_ros.task.ament_cmake.build:Building ROS package in '/home/shen/learn/ROS2/inject_ws/src/replay_server' with build type 'ament_cmake'
[1.190s] INFO:colcon.colcon_cmake.task.cmake.build:Building CMake package in '/home/shen/learn/ROS2/inject_ws/src/replay_server'
[1.203s] INFO:colcon.colcon_core.shell:Skip shell extension 'powershell' for command environment: Not usable outside of PowerShell
[1.203s] DEBUG:colcon.colcon_core.shell:Skip shell extension 'dsv' for command environment
[1.236s] DEBUG:colcon.colcon_core.event_handler.log_command:Invoking command in '/home/shen/learn/ROS2/inject_ws/build/replay_client': CMAKE_PREFIX_PATH=/opt/ros/humble /usr/bin/cmake /home/shen/learn/ROS2/inject_ws/src/replay_client -DCMAKE_INSTALL_PREFIX=/home/shen/learn/ROS2/inject_ws/install/replay_client
[1.239s] DEBUG:colcon.colcon_core.event_handler.log_command:Invoking command in '/home/shen/learn/ROS2/inject_ws/build/replay_server': CMAKE_PREFIX_PATH=/opt/ros/humble /usr/bin/cmake /home/shen/learn/ROS2/inject_ws/src/replay_server -DCMAKE_INSTALL_PREFIX=/home/shen/learn/ROS2/inject_ws/install/replay_server
[2.544s] DEBUG:colcon.colcon_core.event_handler.log_command:Invoked command in '/home/shen/learn/ROS2/inject_ws/build/replay_server' returned '0': CMAKE_PREFIX_PATH=/opt/ros/humble /usr/bin/cmake /home/shen/learn/ROS2/inject_ws/src/replay_server -DCMAKE_INSTALL_PREFIX=/home/shen/learn/ROS2/inject_ws/install/replay_server
[2.546s] DEBUG:colcon.colcon_core.event_handler.log_command:Invoking command in '/home/shen/learn/ROS2/inject_ws/build/replay_server': CMAKE_PREFIX_PATH=/opt/ros/humble /usr/bin/cmake --build /home/shen/learn/ROS2/inject_ws/build/replay_server -- -j16 -l16
[2.567s] DEBUG:colcon.colcon_core.event_handler.log_command:Invoked command in '/home/shen/learn/ROS2/inject_ws/build/replay_client' returned '0': CMAKE_PREFIX_PATH=/opt/ros/humble /usr/bin/cmake /home/shen/learn/ROS2/inject_ws/src/replay_client -DCMAKE_INSTALL_PREFIX=/home/shen/learn/ROS2/inject_ws/install/replay_client
[2.569s] DEBUG:colcon.colcon_core.event_handler.log_command:Invoking command in '/home/shen/learn/ROS2/inject_ws/build/replay_client': CMAKE_PREFIX_PATH=/opt/ros/humble /usr/bin/cmake --build /home/shen/learn/ROS2/inject_ws/build/replay_client -- -j16 -l16
[2.589s] DEBUG:colcon.colcon_core.event_handler.log_command:Invoked command in '/home/shen/learn/ROS2/inject_ws/build/replay_server' returned '0': CMAKE_PREFIX_PATH=/opt/ros/humble /usr/bin/cmake --build /home/shen/learn/ROS2/inject_ws/build/replay_server -- -j16 -l16
[2.611s] DEBUG:colcon.colcon_core.event_handler.log_command:Invoked command in '/home/shen/learn/ROS2/inject_ws/build/replay_client' returned '0': CMAKE_PREFIX_PATH=/opt/ros/humble /usr/bin/cmake --build /home/shen/learn/ROS2/inject_ws/build/replay_client -- -j16 -l16
[2.626s] DEBUG:colcon.colcon_core.event_handler.log_command:Invoking command in '/home/shen/learn/ROS2/inject_ws/build/replay_server': CMAKE_PREFIX_PATH=/opt/ros/humble /usr/bin/cmake --install /home/shen/learn/ROS2/inject_ws/build/replay_server
[2.636s] DEBUG:colcon.colcon_core.event_handler.log_command:Invoking command in '/home/shen/learn/ROS2/inject_ws/build/replay_client': CMAKE_PREFIX_PATH=/opt/ros/humble /usr/bin/cmake --install /home/shen/learn/ROS2/inject_ws/build/replay_client
[2.638s] Level 1:colcon.colcon_core.environment:create_environment_scripts_only(replay_server)
[2.644s] DEBUG:colcon.colcon_core.event_handler.log_command:Invoked command in '/home/shen/learn/ROS2/inject_ws/build/replay_server' returned '0': CMAKE_PREFIX_PATH=/opt/ros/humble /usr/bin/cmake --install /home/shen/learn/ROS2/inject_ws/build/replay_server
[2.684s] Level 1:colcon.colcon_core.environment:checking '/home/shen/learn/ROS2/inject_ws/install/replay_server' for CMake module files
[2.685s] Level 1:colcon.colcon_core.environment:checking '/home/shen/learn/ROS2/inject_ws/install/replay_server' for CMake config files
[2.685s] Level 1:colcon.colcon_core.shell:create_environment_hook('replay_server', 'cmake_prefix_path')
[2.698s] INFO:colcon.colcon_core.shell:Creating environment hook '/home/shen/learn/ROS2/inject_ws/install/replay_server/share/replay_server/hook/cmake_prefix_path.ps1'
[2.698s] INFO:colcon.colcon_core.shell:Creating environment descriptor '/home/shen/learn/ROS2/inject_ws/install/replay_server/share/replay_server/hook/cmake_prefix_path.dsv'
[2.699s] INFO:colcon.colcon_core.shell:Creating environment hook '/home/shen/learn/ROS2/inject_ws/install/replay_server/share/replay_server/hook/cmake_prefix_path.sh'
[2.700s] Level 1:colcon.colcon_core.environment:checking '/home/shen/learn/ROS2/inject_ws/install/replay_server/bin'
[2.700s] Level 1:colcon.colcon_core.environment:checking '/home/shen/learn/ROS2/inject_ws/install/replay_server/lib/pkgconfig/replay_server.pc'
[2.700s] Level 1:colcon.colcon_core.environment:checking '/home/shen/learn/ROS2/inject_ws/install/replay_server/lib/python3.10/site-packages'
[2.700s] Level 1:colcon.colcon_core.environment:checking '/home/shen/learn/ROS2/inject_ws/install/replay_server/bin'
[2.713s] INFO:colcon.colcon_core.shell:Creating package script '/home/shen/learn/ROS2/inject_ws/install/replay_server/share/replay_server/package.ps1'
[2.714s] INFO:colcon.colcon_core.shell:Creating package descriptor '/home/shen/learn/ROS2/inject_ws/install/replay_server/share/replay_server/package.dsv'
[2.714s] INFO:colcon.colcon_core.shell:Creating package script '/home/shen/learn/ROS2/inject_ws/install/replay_server/share/replay_server/package.sh'
[2.715s] INFO:colcon.colcon_core.shell:Creating package script '/home/shen/learn/ROS2/inject_ws/install/replay_server/share/replay_server/package.bash'
[2.716s] INFO:colcon.colcon_core.shell:Creating package script '/home/shen/learn/ROS2/inject_ws/install/replay_server/share/replay_server/package.zsh'
[2.716s] Level 1:colcon.colcon_core.environment:create_file_with_runtime_dependencies(/home/shen/learn/ROS2/inject_ws/install/replay_server/share/colcon-core/packages/replay_server)
[2.718s] Level 1:colcon.colcon_core.environment:create_environment_scripts_only(replay_client)
[2.719s] DEBUG:colcon.colcon_core.event_handler.log_command:Invoked command in '/home/shen/learn/ROS2/inject_ws/build/replay_client' returned '0': CMAKE_PREFIX_PATH=/opt/ros/humble /usr/bin/cmake --install /home/shen/learn/ROS2/inject_ws/build/replay_client
[2.731s] Level 1:colcon.colcon_core.environment:checking '/home/shen/learn/ROS2/inject_ws/install/replay_client' for CMake module files
[2.732s] Level 1:colcon.colcon_core.environment:checking '/home/shen/learn/ROS2/inject_ws/install/replay_client' for CMake config files
[2.732s] Level 1:colcon.colcon_core.shell:create_environment_hook('replay_client', 'cmake_prefix_path')
[2.745s] INFO:colcon.colcon_core.shell:Creating environment hook '/home/shen/learn/ROS2/inject_ws/install/replay_client/share/replay_client/hook/cmake_prefix_path.ps1'
[2.745s] INFO:colcon.colcon_core.shell:Creating environment descriptor '/home/shen/learn/ROS2/inject_ws/install/replay_client/share/replay_client/hook/cmake_prefix_path.dsv'
[2.745s] INFO:colcon.colcon_core.shell:Creating environment hook '/home/shen/learn/ROS2/inject_ws/install/replay_client/share/replay_client/hook/cmake_prefix_path.sh'
[2.746s] Level 1:colcon.colcon_core.environment:checking '/home/shen/learn/ROS2/inject_ws/install/replay_client/bin'
[2.746s] Level 1:colcon.colcon_core.environment:checking '/home/shen/learn/ROS2/inject_ws/install/replay_client/lib/pkgconfig/replay_client.pc'
[2.746s] Level 1:colcon.colcon_core.environment:checking '/home/shen/learn/ROS2/inject_ws/install/replay_client/lib/python3.10/site-packages'
[2.746s] Level 1:colcon.colcon_core.environment:checking '/home/shen/learn/ROS2/inject_ws/install/replay_client/bin'
[2.759s] INFO:colcon.colcon_core.shell:Creating package script '/home/shen/learn/ROS2/inject_ws/install/replay_client/share/replay_client/package.ps1'
[2.760s] INFO:colcon.colcon_core.shell:Creating package descriptor '/home/shen/learn/ROS2/inject_ws/install/replay_client/share/replay_client/package.dsv'
[2.760s] INFO:colcon.colcon_core.shell:Creating package script '/home/shen/learn/ROS2/inject_ws/install/replay_client/share/replay_client/package.sh'
[2.760s] INFO:colcon.colcon_core.shell:Creating package script '/home/shen/learn/ROS2/inject_ws/install/replay_client/share/replay_client/package.bash'
[2.761s] INFO:colcon.colcon_core.shell:Creating package script '/home/shen/learn/ROS2/inject_ws/install/replay_client/share/replay_client/package.zsh'
[2.761s] Level 1:colcon.colcon_core.environment:create_file_with_runtime_dependencies(/home/shen/learn/ROS2/inject_ws/install/replay_client/share/colcon-core/packages/replay_client)
[2.775s] Level 1:colcon.colcon_core.environment:create_environment_scripts_only(replay_server)
[2.788s] Level 1:colcon.colcon_core.environment:checking '/home/shen/learn/ROS2/inject_ws/install/replay_server' for CMake module files
[2.788s] Level 1:colcon.colcon_core.environment:checking '/home/shen/learn/ROS2/inject_ws/install/replay_server' for CMake config files
[2.789s] Level 1:colcon.colcon_core.shell:create_environment_hook('replay_server', 'cmake_prefix_path')
[2.801s] INFO:colcon.colcon_core.shell:Creating environment hook '/home/shen/learn/ROS2/inject_ws/install/replay_server/share/replay_server/hook/cmake_prefix_path.ps1'
[2.802s] INFO:colcon.colcon_core.shell:Creating environment descriptor '/home/shen/learn/ROS2/inject_ws/install/replay_server/share/replay_server/hook/cmake_prefix_path.dsv'
[2.802s] INFO:colcon.colcon_core.shell:Creating environment hook '/home/shen/learn/ROS2/inject_ws/install/replay_server/share/replay_server/hook/cmake_prefix_path.sh'
[2.803s] Level 1:colcon.colcon_core.environment:checking '/home/shen/learn/ROS2/inject_ws/install/replay_server/bin'
[2.803s] Level 1:colcon.colcon_core.environment:checking '/home/shen/learn/ROS2/inject_ws/install/replay_server/lib/pkgconfig/replay_server.pc'
[2.803s] Level 1:colcon.colcon_core.environment:checking '/home/shen/learn/ROS2/inject_ws/install/replay_server/lib/python3.10/site-packages'
[2.803s] Level 1:colcon.colcon_core.environment:checking '/home/shen/learn/ROS2/inject_ws/install/replay_server/bin'
[2.816s] INFO:colcon.colcon_core.shell:Creating package script '/home/shen/learn/ROS2/inject_ws/install/replay_server/share/replay_server/package.ps1'
[2.817s] INFO:colcon.colcon_core.shell:Creating package descriptor '/home/shen/learn/ROS2/inject_ws/install/replay_server/share/replay_server/package.dsv'
[2.817s] INFO:colcon.colcon_core.shell:Creating package script '/home/shen/learn/ROS2/inject_ws/install/replay_server/share/replay_server/package.sh'
[2.818s] INFO:colcon.colcon_core.shell:Creating package script '/home/shen/learn/ROS2/inject_ws/install/replay_server/share/replay_server/package.bash'
[2.818s] INFO:colcon.colcon_core.shell:Creating package script '/home/shen/learn/ROS2/inject_ws/install/replay_server/share/replay_server/package.zsh'
[2.818s] Level 1:colcon.colcon_core.environment:create_file_with_runtime_dependencies(/home/shen/learn/ROS2/inject_ws/install/replay_server/share/colcon-core/packages/replay_server)
[2.832s] Level 1:colcon.colcon_core.environment:create_environment_scripts_only(replay_client)
[2.846s] Level 1:colcon.colcon_core.environment:checking '/home/shen/learn/ROS2/inject_ws/install/replay_client' for CMake module files
[2.846s] Level 1:colcon.colcon_core.environment:checking '/home/shen/learn/ROS2/inject_ws/install/replay_client' for CMake config files
[2.847s] Level 1:colcon.colcon_core.shell:create_environment_hook('replay_client', 'cmake_prefix_path')
[2.859s] INFO:colcon.colcon_core.shell:Creating environment hook '/home/shen/learn/ROS2/inject_ws/install/replay_client/share/replay_client/hook/cmake_prefix_path.ps1'
[2.860s] INFO:colcon.colcon_core.shell:Creating environment descriptor '/home/shen/learn/ROS2/inject_ws/install/replay_client/share/replay_client/hook/cmake_prefix_path.dsv'
[2.860s] INFO:colcon.colcon_core.shell:Creating environment hook '/home/shen/learn/ROS2/inject_ws/install/replay_client/share/replay_client/hook/cmake_prefix_path.sh'
[2.861s] Level 1:colcon.colcon_core.environment:checking '/home/shen/learn/ROS2/inject_ws/install/replay_client/bin'
[2.861s] Level 1:colcon.colcon_core.environment:checking '/home/shen/learn/ROS2/inject_ws/install/replay_client/lib/pkgconfig/replay_client.pc'
[2.861s] Level 1:colcon.colcon_core.environment:checking '/home/shen/learn/ROS2/inject_ws/install/replay_client/lib/python3.10/site-packages'
[2.861s] Level 1:colcon.colcon_core.environment:checking '/home/shen/learn/ROS2/inject_ws/install/replay_client/bin'
[2.874s] INFO:colcon.colcon_core.shell:Creating package script '/home/shen/learn/ROS2/inject_ws/install/replay_client/share/replay_client/package.ps1'
[2.874s] INFO:colcon.colcon_core.shell:Creating package descriptor '/home/shen/learn/ROS2/inject_ws/install/replay_client/share/replay_client/package.dsv'
[2.875s] INFO:colcon.colcon_core.shell:Creating package script '/home/shen/learn/ROS2/inject_ws/install/replay_client/share/replay_client/package.sh'
[2.875s] INFO:colcon.colcon_core.shell:Creating package script '/home/shen/learn/ROS2/inject_ws/install/replay_client/share/replay_client/package.bash'
[2.876s] INFO:colcon.colcon_core.shell:Creating package script '/home/shen/learn/ROS2/inject_ws/install/replay_client/share/replay_client/package.zsh'
[2.876s] Level 1:colcon.colcon_core.environment:create_file_with_runtime_dependencies(/home/shen/learn/ROS2/inject_ws/install/replay_client/share/colcon-core/packages/replay_client)
[2.876s] DEBUG:colcon.colcon_parallel_executor.executor.parallel:closing loop
[2.877s] DEBUG:colcon.colcon_parallel_executor.executor.parallel:loop closed
[2.877s] DEBUG:colcon.colcon_parallel_executor.executor.parallel:run_until_complete finished with '0'
[2.877s] DEBUG:colcon.colcon_core.event_reactor:joining thread
[2.894s] INFO:colcon.colcon_core.plugin_system:Skipping extension 'colcon_notification.desktop_notification.terminal_notifier': Not used on non-Darwin systems
[2.894s] INFO:colcon.colcon_core.plugin_system:Skipping extension 'colcon_notification.desktop_notification.win32': Not used on non-Windows systems
[2.894s] INFO:colcon.colcon_notification.desktop_notification:Sending desktop notification using 'notify2'
[2.912s] DEBUG:colcon.colcon_core.event_reactor:joined thread
[2.924s] INFO:colcon.colcon_core.shell:Creating prefix script '/home/shen/learn/ROS2/inject_ws/install/local_setup.ps1'
[2.925s] INFO:colcon.colcon_core.shell:Creating prefix util module '/home/shen/learn/ROS2/inject_ws/install/_local_setup_util_ps1.py'
[2.926s] INFO:colcon.colcon_core.shell:Creating prefix chain script '/home/shen/learn/ROS2/inject_ws/install/setup.ps1'
[2.939s] INFO:colcon.colcon_core.shell:Creating prefix script '/home/shen/learn/ROS2/inject_ws/install/local_setup.sh'
[2.939s] INFO:colcon.colcon_core.shell:Creating prefix util module '/home/shen/learn/ROS2/inject_ws/install/_local_setup_util_sh.py'
[2.940s] INFO:colcon.colcon_core.shell:Creating prefix chain script '/home/shen/learn/ROS2/inject_ws/install/setup.sh'
[2.953s] INFO:colcon.colcon_core.shell:Creating prefix script '/home/shen/learn/ROS2/inject_ws/install/local_setup.bash'
[2.953s] INFO:colcon.colcon_core.shell:Creating prefix chain script '/home/shen/learn/ROS2/inject_ws/install/setup.bash'
[2.966s] INFO:colcon.colcon_core.shell:Creating prefix script '/home/shen/learn/ROS2/inject_ws/install/local_setup.zsh'
[2.966s] INFO:colcon.colcon_core.shell:Creating prefix chain script '/home/shen/learn/ROS2/inject_ws/install/setup.zsh'
