[35m[1mConsolidate compiler generated dependencies of target radar_visualizer[0m
[ 50%] [32mBuilding CXX object CMakeFiles/radar_visualizer.dir/src/radar_visualizer.cpp.o[0m
[100%] [32m[1mLinking CXX executable radar_visualizer[0m
[100%] Built target radar_visualizer
-- Install configuration: ""
-- Installing: /home/shen/learn/ROS2/visualizer_ws/install/radar_visualizer/lib/radar_visualizer/radar_visualizer
-- Set runtime path of "/home/shen/learn/ROS2/visualizer_ws/install/radar_visualizer/lib/radar_visualizer/radar_visualizer" to ""
-- Up-to-date: /home/shen/learn/ROS2/visualizer_ws/install/radar_visualizer/share/ament_index/resource_index/package_run_dependencies/radar_visualizer
-- Up-to-date: /home/shen/learn/ROS2/visualizer_ws/install/radar_visualizer/share/ament_index/resource_index/parent_prefix_path/radar_visualizer
-- Up-to-date: /home/shen/learn/ROS2/visualizer_ws/install/radar_visualizer/share/radar_visualizer/environment/ament_prefix_path.sh
-- Up-to-date: /home/shen/learn/ROS2/visualizer_ws/install/radar_visualizer/share/radar_visualizer/environment/ament_prefix_path.dsv
-- Up-to-date: /home/shen/learn/ROS2/visualizer_ws/install/radar_visualizer/share/radar_visualizer/environment/path.sh
-- Up-to-date: /home/shen/learn/ROS2/visualizer_ws/install/radar_visualizer/share/radar_visualizer/environment/path.dsv
-- Up-to-date: /home/shen/learn/ROS2/visualizer_ws/install/radar_visualizer/share/radar_visualizer/local_setup.bash
-- Up-to-date: /home/shen/learn/ROS2/visualizer_ws/install/radar_visualizer/share/radar_visualizer/local_setup.sh
-- Up-to-date: /home/shen/learn/ROS2/visualizer_ws/install/radar_visualizer/share/radar_visualizer/local_setup.zsh
-- Up-to-date: /home/shen/learn/ROS2/visualizer_ws/install/radar_visualizer/share/radar_visualizer/local_setup.dsv
-- Installing: /home/shen/learn/ROS2/visualizer_ws/install/radar_visualizer/share/radar_visualizer/package.dsv
-- Up-to-date: /home/shen/learn/ROS2/visualizer_ws/install/radar_visualizer/share/ament_index/resource_index/packages/radar_visualizer
-- Up-to-date: /home/shen/learn/ROS2/visualizer_ws/install/radar_visualizer/share/radar_visualizer/cmake/radar_visualizerConfig.cmake
-- Up-to-date: /home/shen/learn/ROS2/visualizer_ws/install/radar_visualizer/share/radar_visualizer/cmake/radar_visualizerConfig-version.cmake
-- Up-to-date: /home/shen/learn/ROS2/visualizer_ws/install/radar_visualizer/share/radar_visualizer/package.xml
