[0.068s] Invoking command in '/home/shen/learn/ROS2/visualizer_ws/build/radar_visualizer': CMAKE_PREFIX_PATH=${CMAKE_PREFIX_PATH}:/opt/ros/humble /usr/bin/cmake --build /home/shen/learn/ROS2/visualizer_ws/build/radar_visualizer -- -j16 -l16
[0.145s] [35m[1mConsolidate compiler generated dependencies of target radar_visualizer[0m
[0.180s] [ 50%] [32mBuilding CXX object CMakeFiles/radar_visualizer.dir/src/radar_visualizer.cpp.o[0m
[7.636s] [100%] [32m[1mLinking CXX executable radar_visualizer[0m
[8.170s] [100%] Built target radar_visualizer
[8.184s] Invoked command in '/home/shen/learn/ROS2/visualizer_ws/build/radar_visualizer' returned '0': CMAKE_PREFIX_PATH=${CMAKE_PREFIX_PATH}:/opt/ros/humble /usr/bin/cmake --build /home/shen/learn/ROS2/visualizer_ws/build/radar_visualizer -- -j16 -l16
[8.245s] Invoking command in '/home/shen/learn/ROS2/visualizer_ws/build/radar_visualizer': CMAKE_PREFIX_PATH=${CMAKE_PREFIX_PATH}:/opt/ros/humble /usr/bin/cmake --install /home/shen/learn/ROS2/visualizer_ws/build/radar_visualizer
[8.251s] -- Install configuration: ""
[8.251s] -- Installing: /home/shen/learn/ROS2/visualizer_ws/install/radar_visualizer/lib/radar_visualizer/radar_visualizer
[8.257s] -- Set runtime path of "/home/shen/learn/ROS2/visualizer_ws/install/radar_visualizer/lib/radar_visualizer/radar_visualizer" to ""
[8.258s] -- Up-to-date: /home/shen/learn/ROS2/visualizer_ws/install/radar_visualizer/share/ament_index/resource_index/package_run_dependencies/radar_visualizer
[8.258s] -- Up-to-date: /home/shen/learn/ROS2/visualizer_ws/install/radar_visualizer/share/ament_index/resource_index/parent_prefix_path/radar_visualizer
[8.258s] -- Up-to-date: /home/shen/learn/ROS2/visualizer_ws/install/radar_visualizer/share/radar_visualizer/environment/ament_prefix_path.sh
[8.258s] -- Up-to-date: /home/shen/learn/ROS2/visualizer_ws/install/radar_visualizer/share/radar_visualizer/environment/ament_prefix_path.dsv
[8.259s] -- Up-to-date: /home/shen/learn/ROS2/visualizer_ws/install/radar_visualizer/share/radar_visualizer/environment/path.sh
[8.259s] -- Up-to-date: /home/shen/learn/ROS2/visualizer_ws/install/radar_visualizer/share/radar_visualizer/environment/path.dsv
[8.259s] -- Up-to-date: /home/shen/learn/ROS2/visualizer_ws/install/radar_visualizer/share/radar_visualizer/local_setup.bash
[8.259s] -- Up-to-date: /home/shen/learn/ROS2/visualizer_ws/install/radar_visualizer/share/radar_visualizer/local_setup.sh
[8.259s] -- Up-to-date: /home/shen/learn/ROS2/visualizer_ws/install/radar_visualizer/share/radar_visualizer/local_setup.zsh
[8.259s] -- Up-to-date: /home/shen/learn/ROS2/visualizer_ws/install/radar_visualizer/share/radar_visualizer/local_setup.dsv
[8.259s] -- Installing: /home/shen/learn/ROS2/visualizer_ws/install/radar_visualizer/share/radar_visualizer/package.dsv
[8.259s] -- Up-to-date: /home/shen/learn/ROS2/visualizer_ws/install/radar_visualizer/share/ament_index/resource_index/packages/radar_visualizer
[8.259s] -- Up-to-date: /home/shen/learn/ROS2/visualizer_ws/install/radar_visualizer/share/radar_visualizer/cmake/radar_visualizerConfig.cmake
[8.259s] -- Up-to-date: /home/shen/learn/ROS2/visualizer_ws/install/radar_visualizer/share/radar_visualizer/cmake/radar_visualizerConfig-version.cmake
[8.259s] -- Up-to-date: /home/shen/learn/ROS2/visualizer_ws/install/radar_visualizer/share/radar_visualizer/package.xml
[8.261s] Invoked command in '/home/shen/learn/ROS2/visualizer_ws/build/radar_visualizer' returned '0': CMAKE_PREFIX_PATH=${CMAKE_PREFIX_PATH}:/opt/ros/humble /usr/bin/cmake --install /home/shen/learn/ROS2/visualizer_ws/build/radar_visualizer
