[0.053s] Invoking command in '/home/shen/learn/ROS2/can_ws/build/my_can_utils': CMAKE_PREFIX_PATH=/opt/ros/humble /usr/bin/cmake /home/shen/learn/ROS2/can_ws/src/my_can_utils -DCMAKE_INSTALL_PREFIX=/home/shen/learn/ROS2/can_ws/install/my_can_utils
[0.151s] -- The C compiler identification is GNU 11.4.0
[0.244s] -- The CXX compiler identification is GNU 11.4.0
[0.261s] -- Detecting C compiler ABI info
[0.380s] -- Detecting C compiler ABI info - done
[0.387s] -- Check for working C compiler: /usr/bin/cc - skipped
[0.387s] -- Detecting C compile features
[0.388s] -- Detecting C compile features - done
[0.390s] -- Detecting CXX compiler ABI info
[0.490s] -- Detecting CXX compiler ABI info - done
[0.498s] -- Check for working CXX compiler: /usr/bin/c++ - skipped
[0.498s] -- Detecting CXX compile features
[0.498s] -- Detecting CXX compile features - done
[0.501s] -- Found ament_cmake: 1.3.6 (/opt/ros/humble/share/ament_cmake/cmake)
[0.710s] -- Found Python3: /usr/bin/python3.10 (found version "3.10.12") found components: Interpreter 
[0.830s] -- Found rclcpp: 16.0.7 (/opt/ros/humble/share/rclcpp/cmake)
[0.887s] -- Found rosidl_generator_c: 3.1.5 (/opt/ros/humble/share/rosidl_generator_c/cmake)
[0.892s] -- Found rosidl_adapter: 3.1.5 (/opt/ros/humble/share/rosidl_adapter/cmake)
[0.900s] -- Found rosidl_generator_cpp: 3.1.5 (/opt/ros/humble/share/rosidl_generator_cpp/cmake)
[0.913s] -- Using all available rosidl_typesupport_c: rosidl_typesupport_fastrtps_c;rosidl_typesupport_introspection_c
[0.931s] -- Using all available rosidl_typesupport_cpp: rosidl_typesupport_fastrtps_cpp;rosidl_typesupport_introspection_cpp
[0.997s] -- Found rmw_implementation_cmake: 6.1.1 (/opt/ros/humble/share/rmw_implementation_cmake/cmake)
[0.999s] -- Found rmw_fastrtps_cpp: 6.2.5 (/opt/ros/humble/share/rmw_fastrtps_cpp/cmake)
[1.129s] -- Found OpenSSL: /usr/lib/x86_64-linux-gnu/libcrypto.so (found version "3.0.2")  
[1.159s] -- Found FastRTPS: /opt/ros/humble/include  
[1.213s] -- Using RMW implementation 'rmw_fastrtps_cpp' as default
[1.223s] -- Looking for pthread.h
[1.342s] -- Looking for pthread.h - found
[1.342s] -- Performing Test CMAKE_HAVE_LIBC_PTHREAD
[1.445s] -- Performing Test CMAKE_HAVE_LIBC_PTHREAD - Success
[1.446s] -- Found Threads: TRUE  
[1.592s] -- Found can_msgs: 2.0.0 (/opt/ros/humble/share/can_msgs/cmake)
[1.634s] -- Found ament_lint_auto: 0.12.9 (/opt/ros/humble/share/ament_lint_auto/cmake)
[1.708s] -- Added test 'cppcheck' to perform static code analysis on C / C++ code
[1.708s] -- Configured cppcheck include dirs: 
[1.708s] -- Configured cppcheck exclude dirs and/or files: 
[1.709s] -- Added test 'flake8' to check Python code syntax and style conventions
[1.709s] -- Added test 'lint_cmake' to check CMake code style
[1.710s] -- Added test 'pep257' to check Python code against some of the docstring style conventions in PEP 257
[1.711s] -- Added test 'uncrustify' to check C / C++ code style
[1.712s] -- Configured uncrustify additional arguments: 
[1.712s] -- Added test 'xmllint' to check XML markup files
[1.714s] -- Configuring done
[1.728s] -- Generating done
[1.730s] -- Build files have been written to: /home/shen/learn/ROS2/can_ws/build/my_can_utils
[1.742s] Invoked command in '/home/shen/learn/ROS2/can_ws/build/my_can_utils' returned '0': CMAKE_PREFIX_PATH=/opt/ros/humble /usr/bin/cmake /home/shen/learn/ROS2/can_ws/src/my_can_utils -DCMAKE_INSTALL_PREFIX=/home/shen/learn/ROS2/can_ws/install/my_can_utils
[1.746s] Invoking command in '/home/shen/learn/ROS2/can_ws/build/my_can_utils': CMAKE_PREFIX_PATH=/opt/ros/humble /usr/bin/cmake --build /home/shen/learn/ROS2/can_ws/build/my_can_utils -- -j16 -l16
[1.806s] [ 50%] [32mBuilding CXX object CMakeFiles/can_recorder.dir/src/can_recorder.cpp.o[0m
[1.806s] [ 50%] [32mBuilding CXX object CMakeFiles/can_publisher.dir/src/can_publisher.cpp.o[0m
[5.305s] [ 75%] [32m[1mLinking CXX executable can_publisher[0m
[5.556s] [ 75%] Built target can_publisher
[8.367s] [100%] [32m[1mLinking CXX executable can_recorder[0m
[8.869s] [100%] Built target can_recorder
[8.894s] Invoked command in '/home/shen/learn/ROS2/can_ws/build/my_can_utils' returned '0': CMAKE_PREFIX_PATH=/opt/ros/humble /usr/bin/cmake --build /home/shen/learn/ROS2/can_ws/build/my_can_utils -- -j16 -l16
[8.959s] Invoking command in '/home/shen/learn/ROS2/can_ws/build/my_can_utils': CMAKE_PREFIX_PATH=/opt/ros/humble /usr/bin/cmake --install /home/shen/learn/ROS2/can_ws/build/my_can_utils
[8.966s] -- Install configuration: ""
[8.967s] -- Installing: /home/shen/learn/ROS2/can_ws/install/my_can_utils/lib/my_can_utils/can_recorder
[8.971s] -- Set runtime path of "/home/shen/learn/ROS2/can_ws/install/my_can_utils/lib/my_can_utils/can_recorder" to ""
[8.971s] -- Installing: /home/shen/learn/ROS2/can_ws/install/my_can_utils/lib/my_can_utils/can_publisher
[8.972s] -- Set runtime path of "/home/shen/learn/ROS2/can_ws/install/my_can_utils/lib/my_can_utils/can_publisher" to ""
[8.973s] -- Installing: /home/shen/learn/ROS2/can_ws/install/my_can_utils/share/my_can_utils/launch
[8.973s] -- Installing: /home/shen/learn/ROS2/can_ws/install/my_can_utils/share/my_can_utils/launch/publisher.launch.py
[8.973s] -- Installing: /home/shen/learn/ROS2/can_ws/install/my_can_utils/share/my_can_utils/config
[8.973s] -- Installing: /home/shen/learn/ROS2/can_ws/install/my_can_utils/share/my_can_utils/config/publisher.yaml
[8.973s] -- Installing: /home/shen/learn/ROS2/can_ws/install/my_can_utils/share/ament_index/resource_index/package_run_dependencies/my_can_utils
[8.973s] -- Installing: /home/shen/learn/ROS2/can_ws/install/my_can_utils/share/ament_index/resource_index/parent_prefix_path/my_can_utils
[8.973s] -- Installing: /home/shen/learn/ROS2/can_ws/install/my_can_utils/share/my_can_utils/environment/ament_prefix_path.sh
[8.974s] -- Installing: /home/shen/learn/ROS2/can_ws/install/my_can_utils/share/my_can_utils/environment/ament_prefix_path.dsv
[8.974s] -- Installing: /home/shen/learn/ROS2/can_ws/install/my_can_utils/share/my_can_utils/environment/path.sh
[8.974s] -- Installing: /home/shen/learn/ROS2/can_ws/install/my_can_utils/share/my_can_utils/environment/path.dsv
[8.974s] -- Installing: /home/shen/learn/ROS2/can_ws/install/my_can_utils/share/my_can_utils/local_setup.bash
[8.975s] -- Installing: /home/shen/learn/ROS2/can_ws/install/my_can_utils/share/my_can_utils/local_setup.sh
[8.975s] -- Installing: /home/shen/learn/ROS2/can_ws/install/my_can_utils/share/my_can_utils/local_setup.zsh
[8.975s] -- Installing: /home/shen/learn/ROS2/can_ws/install/my_can_utils/share/my_can_utils/local_setup.dsv
[8.976s] -- Installing: /home/shen/learn/ROS2/can_ws/install/my_can_utils/share/my_can_utils/package.dsv
[8.976s] -- Installing: /home/shen/learn/ROS2/can_ws/install/my_can_utils/share/ament_index/resource_index/packages/my_can_utils
[8.977s] -- Installing: /home/shen/learn/ROS2/can_ws/install/my_can_utils/share/my_can_utils/cmake/my_can_utilsConfig.cmake
[8.977s] -- Installing: /home/shen/learn/ROS2/can_ws/install/my_can_utils/share/my_can_utils/cmake/my_can_utilsConfig-version.cmake
[8.977s] -- Installing: /home/shen/learn/ROS2/can_ws/install/my_can_utils/share/my_can_utils/package.xml
[8.982s] Invoked command in '/home/shen/learn/ROS2/can_ws/build/my_can_utils' returned '0': CMAKE_PREFIX_PATH=/opt/ros/humble /usr/bin/cmake --install /home/shen/learn/ROS2/can_ws/build/my_can_utils
