[0.064s] Invoking command in '/home/shen/learn/ROS2/ws_livox/build/livox_ros_driver2': CMAKE_PREFIX_PATH=${CMAKE_PREFIX_PATH}:/opt/ros/humble /usr/bin/cmake /home/shen/learn/ROS2/ws_livox/src/livox_ros_driver2 -DROS_EDITION=ROS2 -DHUMBLE_ROS=humble -DCMAKE_INSTALL_PREFIX=/home/shen/learn/ROS2/ws_livox/install/livox_ros_driver2
[0.177s] -- The C compiler identification is GNU 11.4.0
[0.299s] -- The CXX compiler identification is GNU 11.4.0
[0.309s] -- Detecting C compiler ABI info
[0.383s] -- Detecting C compiler ABI info - done
[0.392s] -- Check for working C compiler: /usr/bin/cc - skipped
[0.392s] -- Detecting C compile features
[0.393s] -- Detecting C compile features - done
[0.397s] -- Detecting CXX compiler ABI info
[0.479s] -- Detecting CXX compiler ABI info - done
[0.503s] -- Check for working CXX compiler: /usr/bin/c++ - skipped
[0.503s] -- Detecting CXX compile features
[0.505s] -- Detecting CXX compile features - done
[0.507s] -- livox_ros_driver2 version: 1.0.0
[0.512s] -- Found ament_cmake_auto: 1.3.6 (/opt/ros/humble/share/ament_cmake_auto/cmake)
[0.744s] -- Found Python3: /usr/bin/python3.10 (found version "3.10.12") found components: Interpreter 
[0.892s] -- Using all available rosidl_typesupport_c: rosidl_typesupport_fastrtps_c;rosidl_typesupport_introspection_c
[0.900s] -- Found rosidl_adapter: 3.1.5 (/opt/ros/humble/share/rosidl_adapter/cmake)
[0.949s] -- Using all available rosidl_typesupport_cpp: rosidl_typesupport_fastrtps_cpp;rosidl_typesupport_introspection_cpp
[1.083s] -- Found rmw_implementation_cmake: 6.1.1 (/opt/ros/humble/share/rmw_implementation_cmake/cmake)
[1.086s] -- Found rmw_cyclonedds_cpp: 1.3.4 (/opt/ros/humble/share/rmw_cyclonedds_cpp/cmake)
[1.128s] -- Using RMW implementation 'rmw_cyclonedds_cpp' as default
[1.140s] -- Looking for pthread.h
[1.269s] -- Looking for pthread.h - found
[1.269s] -- Performing Test CMAKE_HAVE_LIBC_PTHREAD
[1.378s] -- Performing Test CMAKE_HAVE_LIBC_PTHREAD - Success
[1.379s] -- Found Threads: TRUE  
[1.897s] -- Checking for module 'eigen3'
[1.921s] --   Found eigen3, version 3.4.0
[1.992s] -- Found Eigen: /usr/include/eigen3 (Required is at least version "3.1") 
[1.993s] -- Eigen found (include: /usr/include/eigen3, version: 3.4.0)
[2.017s] -- Found Boost: /usr/lib/x86_64-linux-gnu/cmake/Boost-1.74.0/BoostConfig.cmake (found suitable version "1.74.0", minimum required is "1.65.0") found components: system filesystem date_time iostreams serialization 
[2.039s] -- Checking for module 'flann'
[2.064s] --   Found flann, version 1.9.1
[2.142s] -- Found FLANN: /usr/lib/x86_64-linux-gnu/libflann_cpp.so  
[2.142s] -- FLANN found (include: /usr/include, lib: /usr/lib/x86_64-linux-gnu/libflann_cpp.so)
[2.178s] -- Found GLEW: /usr/lib/x86_64-linux-gnu/libGLEW.so  
[2.182s] -- Found OpenGL: /usr/lib/x86_64-linux-gnu/libOpenGL.so  found components: OpenGL GLX 
[2.383s] -- Found MPI_C: /usr/lib/x86_64-linux-gnu/libmpi.so (found version "3.1") 
[2.383s] -- Found MPI: TRUE (found version "3.1") found components: C 
[2.385s] -- Found JsonCpp: /usr/lib/x86_64-linux-gnu/libjsoncpp.so (found suitable version "1.9.5", minimum required is "0.7.0") 
[2.393s] -- Found ZLIB: /usr/lib/x86_64-linux-gnu/libz.so (found version "1.2.11") 
[2.407s] -- Found PNG: /usr/lib/x86_64-linux-gnu/libpng.so (found version "1.6.37") 
[2.427s] -- Found Eigen3: /usr/include/eigen3 (found version "3.4.0") 
[2.575s] -- Found X11: /usr/include   
[2.583s] -- Looking for XOpenDisplay in /usr/lib/x86_64-linux-gnu/libX11.so;/usr/lib/x86_64-linux-gnu/libXext.so
[2.684s] -- Looking for XOpenDisplay in /usr/lib/x86_64-linux-gnu/libX11.so;/usr/lib/x86_64-linux-gnu/libXext.so - found
[2.684s] -- Looking for gethostbyname
[2.782s] -- Looking for gethostbyname - found
[2.783s] -- Looking for connect
[2.901s] -- Looking for connect - found
[2.901s] -- Looking for remove
[3.005s] -- Looking for remove - found
[3.005s] -- Looking for shmat
[3.117s] -- Looking for shmat - found
[3.117s] -- Looking for IceConnectionNumber in ICE
[3.255s] -- Looking for IceConnectionNumber in ICE - found
[3.475s] -- Found EXPAT: /usr/lib/x86_64-linux-gnu/libexpat.so (found version "2.4.7") 
[3.479s] -- Found double-conversion: /usr/lib/x86_64-linux-gnu/libdouble-conversion.so  
[3.484s] -- Found LZ4: /usr/lib/x86_64-linux-gnu/liblz4.so (found version "1.9.3") 
[3.488s] -- Found LZMA: /usr/lib/x86_64-linux-gnu/liblzma.so (found version "5.2.5") 
[3.525s] -- Found JPEG: /usr/lib/x86_64-linux-gnu/libjpeg.so (found version "80") 
[3.537s] -- Found TIFF: /usr/lib/x86_64-linux-gnu/libtiff.so (found version "4.3.0")  
[3.540s] -- Found Freetype: /usr/lib/x86_64-linux-gnu/libfreetype.so (found version "2.11.1") 
[3.546s] -- Found utf8cpp: /usr/include/utf8cpp  
[3.698s] -- Checking for module 'libusb-1.0'
[3.726s] --   Found libusb-1.0, version 1.0.25
[3.807s] -- Found libusb: /usr/lib/x86_64-linux-gnu/libusb-1.0.so  
[3.816s] -- Found OpenNI: /usr/lib/libOpenNI.so;libusb::libusb (found version "1.5.4.0") 
[3.817s] -- OpenNI found (version: 1.5.4.0, include: /usr/include/ni, lib: /usr/lib/libOpenNI.so;libusb::libusb)
[3.927s] -- Found OpenNI2: /usr/lib/x86_64-linux-gnu/libOpenNI2.so;libusb::libusb (found version "2.2.0.33") 
[3.927s] -- OpenNI2 found (version: 2.2.0.33, include: /usr/include/openni2, lib: /usr/lib/x86_64-linux-gnu/libOpenNI2.so;libusb::libusb)
[3.928s] [0m** WARNING ** io features related to pcap will be disabled[0m
[4.109s] -- Eigen found (include: /usr/include/eigen3, version: 3.4.0)
[4.119s] -- OpenNI found (version: 1.5.4.0, include: /usr/include/ni, lib: /usr/lib/libOpenNI.so;libusb::libusb)
[4.127s] -- OpenNI2 found (version: 2.2.0.33, include: /usr/include/openni2, lib: /usr/lib/x86_64-linux-gnu/libOpenNI2.so;libusb::libusb)
[4.272s] -- Found Qhull version 8.0.2
[4.430s] -- OpenNI found (version: 1.5.4.0, include: /usr/include/ni, lib: /usr/lib/libOpenNI.so;libusb::libusb)
[4.567s] -- looking for PCL_COMMON
[4.567s] -- Found PCL_COMMON: /usr/lib/x86_64-linux-gnu/libpcl_common.so  
[4.568s] -- looking for PCL_KDTREE
[4.568s] -- Found PCL_KDTREE: /usr/lib/x86_64-linux-gnu/libpcl_kdtree.so  
[4.568s] -- looking for PCL_OCTREE
[4.569s] -- Found PCL_OCTREE: /usr/lib/x86_64-linux-gnu/libpcl_octree.so  
[4.569s] -- looking for PCL_SEARCH
[4.569s] -- Found PCL_SEARCH: /usr/lib/x86_64-linux-gnu/libpcl_search.so  
[4.570s] -- looking for PCL_SAMPLE_CONSENSUS
[4.570s] -- Found PCL_SAMPLE_CONSENSUS: /usr/lib/x86_64-linux-gnu/libpcl_sample_consensus.so  
[4.570s] -- looking for PCL_FILTERS
[4.571s] -- Found PCL_FILTERS: /usr/lib/x86_64-linux-gnu/libpcl_filters.so  
[4.571s] -- looking for PCL_2D
[4.571s] -- Found PCL_2D: /usr/include/pcl-1.12  
[4.572s] -- looking for PCL_GEOMETRY
[4.572s] -- Found PCL_GEOMETRY: /usr/include/pcl-1.12  
[4.572s] -- looking for PCL_IO
[4.573s] -- Found PCL_IO: /usr/lib/x86_64-linux-gnu/libpcl_io.so  
[4.573s] -- looking for PCL_FEATURES
[4.573s] -- Found PCL_FEATURES: /usr/lib/x86_64-linux-gnu/libpcl_features.so  
[4.574s] -- looking for PCL_ML
[4.574s] -- Found PCL_ML: /usr/lib/x86_64-linux-gnu/libpcl_ml.so  
[4.575s] -- looking for PCL_SEGMENTATION
[4.575s] -- Found PCL_SEGMENTATION: /usr/lib/x86_64-linux-gnu/libpcl_segmentation.so  
[4.575s] -- looking for PCL_VISUALIZATION
[4.576s] -- Found PCL_VISUALIZATION: /usr/lib/x86_64-linux-gnu/libpcl_visualization.so  
[4.576s] -- looking for PCL_SURFACE
[4.577s] -- Found PCL_SURFACE: /usr/lib/x86_64-linux-gnu/libpcl_surface.so  
[4.577s] -- looking for PCL_REGISTRATION
[4.578s] -- Found PCL_REGISTRATION: /usr/lib/x86_64-linux-gnu/libpcl_registration.so  
[4.578s] -- looking for PCL_KEYPOINTS
[4.579s] -- Found PCL_KEYPOINTS: /usr/lib/x86_64-linux-gnu/libpcl_keypoints.so  
[4.579s] -- looking for PCL_TRACKING
[4.579s] -- Found PCL_TRACKING: /usr/lib/x86_64-linux-gnu/libpcl_tracking.so  
[4.580s] -- looking for PCL_RECOGNITION
[4.580s] -- Found PCL_RECOGNITION: /usr/lib/x86_64-linux-gnu/libpcl_recognition.so  
[4.580s] -- looking for PCL_STEREO
[4.581s] -- Found PCL_STEREO: /usr/lib/x86_64-linux-gnu/libpcl_stereo.so  
[4.581s] -- looking for PCL_APPS
[4.582s] -- Found PCL_APPS: /usr/lib/x86_64-linux-gnu/libpcl_apps.so  
[4.582s] -- looking for PCL_IN_HAND_SCANNER
[4.583s] -- Found PCL_IN_HAND_SCANNER: /usr/include/pcl-1.12  
[4.583s] -- looking for PCL_MODELER
[4.583s] -- Found PCL_MODELER: /usr/include/pcl-1.12  
[4.583s] -- looking for PCL_POINT_CLOUD_EDITOR
[4.584s] -- Found PCL_POINT_CLOUD_EDITOR: /usr/include/pcl-1.12  
[4.584s] -- looking for PCL_OUTOFCORE
[4.584s] -- Found PCL_OUTOFCORE: /usr/lib/x86_64-linux-gnu/libpcl_outofcore.so  
[4.584s] -- looking for PCL_PEOPLE
[4.585s] -- Found PCL_PEOPLE: /usr/lib/x86_64-linux-gnu/libpcl_people.so  
[4.586s] -- Found PCL: pcl_common;pcl_kdtree;pcl_octree;pcl_search;pcl_sample_consensus;pcl_filters;pcl_io;pcl_features;pcl_ml;pcl_segmentation;pcl_visualization;pcl_surface;pcl_registration;pcl_keypoints;pcl_tracking;pcl_recognition;pcl_stereo;pcl_apps;pcl_outofcore;pcl_people;Boost::system;Boost::filesystem;Boost::date_time;Boost::iostreams;Boost::serialization;/usr/lib/libOpenNI.so;libusb::libusb;/usr/lib/x86_64-linux-gnu/libOpenNI2.so;libusb::libusb;VTK::ChartsCore;VTK::CommonColor;VTK::CommonComputationalGeometry;VTK::CommonCore;VTK::CommonDataModel;VTK::CommonExecutionModel;VTK::CommonMath;VTK::CommonMisc;VTK::CommonTransforms;VTK::FiltersCore;VTK::FiltersExtraction;VTK::FiltersGeneral;VTK::FiltersGeometry;VTK::FiltersModeling;VTK::FiltersSources;VTK::ImagingCore;VTK::ImagingSources;VTK::InteractionImage;VTK::InteractionStyle;VTK::InteractionWidgets;VTK::IOCore;VTK::IOGeometry;VTK::IOImage;VTK::IOLegacy;VTK::IOPLY;VTK::RenderingAnnotation;VTK::RenderingCore;VTK::RenderingContext2D;VTK::RenderingLOD;VTK::RenderingFreeType;VTK::ViewsCore;VTK::ViewsContext2D;VTK::RenderingOpenGL2;VTK::GUISupportQt;FLANN::FLANN;QHULL::QHULL  
[4.595s] -- Found PkgConfig: /usr/bin/pkg-config (found version "0.29.2") 
[4.596s] -- Checking for module 'apr-1'
[4.602s] --   No package 'apr-1' found
[4.914s] -- Found ament_cmake_ros: 0.10.0 (/opt/ros/humble/share/ament_cmake_ros/cmake)
[5.191s] -- Using all available rosidl_typesupport_c: rosidl_typesupport_fastrtps_c;rosidl_typesupport_introspection_c
[5.809s] -- Using all available rosidl_typesupport_cpp: rosidl_typesupport_fastrtps_cpp;rosidl_typesupport_introspection_cpp
[5.846s] -- Found PythonInterp: /usr/bin/python3 (found suitable version "3.10.12", minimum required is "3.6") 
[5.851s] -- Found python_cmake_module: 0.10.0 (/opt/ros/humble/share/python_cmake_module/cmake)
[5.909s] -- Found PythonLibs: /usr/lib/x86_64-linux-gnu/libpython3.10.so (found suitable version "3.10.12", minimum required is "3.5") 
[5.909s] -- Using PYTHON_EXECUTABLE: /usr/bin/python3
[5.909s] -- Using PYTHON_INCLUDE_DIRS: /usr/include/python3.10
[5.910s] -- Using PYTHON_LIBRARIES: /usr/lib/x86_64-linux-gnu/libpython3.10.so
[5.964s] -- Found PythonExtra: .so  
[6.116s] -- Found ament_lint_auto: 0.12.9 (/opt/ros/humble/share/ament_lint_auto/cmake)
[6.149s] -- Added test 'copyright' to check source files copyright and LICENSE
[6.162s] -- Added test 'cppcheck' to perform static code analysis on C / C++ code
[6.163s] -- Configured cppcheck include dirs: /home/shen/learn/ROS2/ws_livox/src/livox_ros_driver2/3rdparty;/home/shen/learn/ROS2/ws_livox/src/livox_ros_driver2/src
[6.163s] -- Configured cppcheck exclude dirs and/or files: 
[6.176s] -- Added test 'cpplint' to check C / C++ code against the Google style
[6.176s] -- Configured cpplint exclude dirs and/or files: 
[6.178s] -- Added test 'flake8' to check Python code syntax and style conventions
[6.182s] -- Added test 'lint_cmake' to check CMake code style
[6.184s] -- Added test 'pep257' to check Python code against some of the docstring style conventions in PEP 257
[6.197s] -- Added test 'uncrustify' to check C / C++ code style
[6.197s] -- Configured uncrustify additional arguments: 
[6.199s] -- Added test 'xmllint' to check XML markup files
[6.202s] -- Configuring done
[6.301s] -- Generating done
[6.305s] -- Build files have been written to: /home/shen/learn/ROS2/ws_livox/build/livox_ros_driver2
[6.326s] Invoked command in '/home/shen/learn/ROS2/ws_livox/build/livox_ros_driver2' returned '0': CMAKE_PREFIX_PATH=${CMAKE_PREFIX_PATH}:/opt/ros/humble /usr/bin/cmake /home/shen/learn/ROS2/ws_livox/src/livox_ros_driver2 -DROS_EDITION=ROS2 -DHUMBLE_ROS=humble -DCMAKE_INSTALL_PREFIX=/home/shen/learn/ROS2/ws_livox/install/livox_ros_driver2
[6.331s] Invoking command in '/home/shen/learn/ROS2/ws_livox/build/livox_ros_driver2': CMAKE_PREFIX_PATH=${CMAKE_PREFIX_PATH}:/opt/ros/humble /usr/bin/cmake --build /home/shen/learn/ROS2/ws_livox/build/livox_ros_driver2 -- -j16 -l16
[6.406s] [  1%] [34m[1mGenerating C code for ROS interfaces[0m
[6.421s] [  3%] [34m[1mGenerating C++ code for ROS interfaces[0m
[6.423s] [  5%] [32mBuilding CXX object CMakeFiles/livox_ros_driver2_node.dir/rclcpp_components/node_main_livox_ros_driver2_node.cpp.o[0m
[6.437s] [  5%] Built target ament_cmake_python_copy_livox_ros_driver2
[6.666s] running egg_info
[6.666s] creating livox_ros_driver2.egg-info
[6.666s] writing livox_ros_driver2.egg-info/PKG-INFO
[6.667s] writing dependency_links to livox_ros_driver2.egg-info/dependency_links.txt
[6.667s] writing top-level names to livox_ros_driver2.egg-info/top_level.txt
[6.667s] writing manifest file 'livox_ros_driver2.egg-info/SOURCES.txt'
[6.669s] reading manifest file 'livox_ros_driver2.egg-info/SOURCES.txt'
[6.670s] writing manifest file 'livox_ros_driver2.egg-info/SOURCES.txt'
[6.706s] [  5%] Built target ament_cmake_python_build_livox_ros_driver2_egg
[6.825s] [  7%] [32mBuilding C object CMakeFiles/livox_interfaces2__rosidl_generator_c.dir/rosidl_generator_c/livox_ros_driver2/msg/detail/custom_msg__functions.c.o[0m
[6.832s] [  8%] [32mBuilding C object CMakeFiles/livox_interfaces2__rosidl_generator_c.dir/rosidl_generator_c/livox_ros_driver2/msg/detail/custom_point__functions.c.o[0m
[6.855s] [  8%] Built target livox_interfaces2__cpp
[6.868s] [ 10%] [34m[1mGenerating C++ introspection for ROS interfaces[0m
[6.870s] [ 12%] [34m[1mGenerating C++ type support for eProsima Fast-RTPS[0m
[6.875s] [ 14%] [34m[1mGenerating C++ type support dispatch for ROS interfaces[0m
[6.890s] [ 15%] [32m[1mLinking C shared library liblivox_ros_driver2__rosidl_generator_c.so[0m
[6.937s] [ 15%] Built target livox_interfaces2__rosidl_generator_c
[6.949s] [ 21%] [34m[1mGenerating C introspection for ROS interfaces[0m
[6.950s] [ 21%] [34m[1mGenerating C type support dispatch for ROS interfaces[0m
[6.950s] [ 21%] [34m[1mGenerating C type support for eProsima Fast-RTPS[0m
[7.284s] [ 22%] [32mBuilding CXX object CMakeFiles/livox_interfaces2__rosidl_typesupport_fastrtps_cpp.dir/rosidl_typesupport_fastrtps_cpp/livox_ros_driver2/msg/detail/dds_fastrtps/custom_point__type_support.cpp.o[0m
[7.289s] [ 24%] [32mBuilding CXX object CMakeFiles/livox_interfaces2__rosidl_typesupport_fastrtps_cpp.dir/rosidl_typesupport_fastrtps_cpp/livox_ros_driver2/msg/detail/dds_fastrtps/custom_msg__type_support.cpp.o[0m
[7.312s] [ 26%] [32mBuilding CXX object CMakeFiles/livox_interfaces2__rosidl_typesupport_cpp.dir/rosidl_typesupport_cpp/livox_ros_driver2/msg/custom_msg__type_support.cpp.o[0m
[7.314s] [ 28%] [32mBuilding CXX object CMakeFiles/livox_interfaces2__rosidl_typesupport_cpp.dir/rosidl_typesupport_cpp/livox_ros_driver2/msg/custom_point__type_support.cpp.o[0m
[7.334s] [ 29%] [32mBuilding CXX object CMakeFiles/livox_interfaces2__rosidl_typesupport_introspection_cpp.dir/rosidl_typesupport_introspection_cpp/livox_ros_driver2/msg/detail/custom_point__type_support.cpp.o[0m
[7.335s] [ 31%] [32mBuilding CXX object CMakeFiles/livox_interfaces2__rosidl_typesupport_introspection_cpp.dir/rosidl_typesupport_introspection_cpp/livox_ros_driver2/msg/detail/custom_msg__type_support.cpp.o[0m
[7.351s] [ 33%] [32mBuilding CXX object CMakeFiles/livox_interfaces2__rosidl_typesupport_c.dir/rosidl_typesupport_c/livox_ros_driver2/msg/custom_msg__type_support.cpp.o[0m
[7.354s] [ 35%] [32mBuilding CXX object CMakeFiles/livox_interfaces2__rosidl_typesupport_c.dir/rosidl_typesupport_c/livox_ros_driver2/msg/custom_point__type_support.cpp.o[0m
[7.359s] [ 36%] [32mBuilding C object CMakeFiles/livox_interfaces2__rosidl_typesupport_introspection_c.dir/rosidl_typesupport_introspection_c/livox_ros_driver2/msg/detail/custom_point__type_support.c.o[0m
[7.360s] [ 38%] [32mBuilding C object CMakeFiles/livox_interfaces2__rosidl_typesupport_introspection_c.dir/rosidl_typesupport_introspection_c/livox_ros_driver2/msg/detail/custom_msg__type_support.c.o[0m
[7.382s] [ 42%] [32mBuilding CXX object CMakeFiles/livox_interfaces2__rosidl_typesupport_fastrtps_c.dir/rosidl_typesupport_fastrtps_c/livox_ros_driver2/msg/detail/custom_point__type_support_c.cpp.o[0m
[7.382s] [ 42%] [32mBuilding CXX object CMakeFiles/livox_interfaces2__rosidl_typesupport_fastrtps_c.dir/rosidl_typesupport_fastrtps_c/livox_ros_driver2/msg/detail/custom_msg__type_support_c.cpp.o[0m
[7.396s] [ 43%] [32m[1mLinking CXX shared library liblivox_ros_driver2__rosidl_typesupport_c.so[0m
[7.416s] [ 45%] [32m[1mLinking C shared library liblivox_ros_driver2__rosidl_typesupport_introspection_c.so[0m
[7.453s] [ 45%] Built target livox_interfaces2__rosidl_typesupport_c
[7.464s] [ 45%] Built target livox_interfaces2__rosidl_typesupport_introspection_c
[7.614s] [ 47%] [32m[1mLinking CXX shared library liblivox_ros_driver2__rosidl_typesupport_cpp.so[0m
[7.662s] [ 47%] Built target livox_interfaces2__rosidl_typesupport_cpp
[7.691s] [ 49%] [32mBuilding CXX object CMakeFiles/livox_ros_driver2.dir/src/livox_ros_driver2.cpp.o[0m
[7.691s] [ 50%] [32mBuilding CXX object CMakeFiles/livox_ros_driver2.dir/src/lddc.cpp.o[0m
[7.692s] [ 54%] [32mBuilding CXX object CMakeFiles/livox_ros_driver2.dir/src/lds.cpp.o[0m
[7.692s] [ 59%] [32mBuilding CXX object CMakeFiles/livox_ros_driver2.dir/src/comm/ldq.cpp.o[0m
[7.693s] [ 59%] [32mBuilding CXX object CMakeFiles/livox_ros_driver2.dir/src/lds_lidar.cpp.o[0m
[7.694s] [ 54%] [32mBuilding CXX object CMakeFiles/livox_ros_driver2.dir/src/driver_node.cpp.o[0m
[7.694s] [ 59%] [32mBuilding CXX object CMakeFiles/livox_ros_driver2.dir/src/comm/comm.cpp.o[0m
[7.696s] [ 61%] [32mBuilding CXX object CMakeFiles/livox_ros_driver2.dir/src/comm/lidar_imu_data_queue.cpp.o[0m
[7.706s] [ 63%] [32mBuilding CXX object CMakeFiles/livox_ros_driver2.dir/src/comm/semaphore.cpp.o[0m
[7.722s] [ 64%] [32mBuilding CXX object CMakeFiles/livox_ros_driver2.dir/src/comm/cache_index.cpp.o[0m
[7.801s] [ 66%] [32mBuilding CXX object CMakeFiles/livox_ros_driver2.dir/src/comm/pub_handler.cpp.o[0m
[7.847s] [ 68%] [32m[1mLinking CXX shared library liblivox_ros_driver2__rosidl_typesupport_fastrtps_c.so[0m
[7.858s] [ 70%] [32mBuilding CXX object CMakeFiles/livox_ros_driver2.dir/src/parse_cfg_file/parse_cfg_file.cpp.o[0m
[7.960s] [ 71%] [32m[1mLinking CXX shared library liblivox_ros_driver2__rosidl_typesupport_fastrtps_cpp.so[0m
[7.985s] [ 73%] [32m[1mLinking CXX shared library liblivox_ros_driver2__rosidl_typesupport_introspection_cpp.so[0m
[8.064s] [ 73%] Built target livox_interfaces2__rosidl_typesupport_fastrtps_c
[8.079s] [ 75%] [32mBuilding CXX object CMakeFiles/livox_ros_driver2.dir/src/parse_cfg_file/parse_livox_lidar_cfg.cpp.o[0m
[8.163s] [ 75%] Built target livox_interfaces2__rosidl_typesupport_fastrtps_cpp
[8.179s] [ 77%] [32mBuilding CXX object CMakeFiles/livox_ros_driver2.dir/src/call_back/lidar_common_callback.cpp.o[0m
[8.287s] [ 78%] [32mBuilding CXX object CMakeFiles/livox_ros_driver2.dir/src/call_back/livox_lidar_callback.cpp.o[0m
[8.366s] [ 78%] Built target livox_interfaces2__rosidl_typesupport_introspection_cpp
[8.402s] [ 78%] Built target livox_interfaces2
[8.463s] [ 80%] [34m[1mGenerating Python code for ROS interfaces[0m
[9.234s] [ 80%] Built target livox_interfaces2__py
[9.263s] [ 84%] [32mBuilding C object CMakeFiles/livox_interfaces2__rosidl_generator_py.dir/rosidl_generator_py/livox_ros_driver2/msg/_custom_point_s.c.o[0m
[9.263s] [ 84%] [32mBuilding C object CMakeFiles/livox_interfaces2__rosidl_generator_py.dir/rosidl_generator_py/livox_ros_driver2/msg/_custom_msg_s.c.o[0m
[9.376s] [ 85%] [32m[1mLinking C shared library rosidl_generator_py/livox_ros_driver2/liblivox_interfaces2__rosidl_generator_py.so[0m
[9.425s] [ 85%] Built target livox_interfaces2__rosidl_generator_py
[9.452s] [ 87%] [32mBuilding C object CMakeFiles/livox_ros_driver2__rosidl_typesupport_introspection_c__pyext.dir/rosidl_generator_py/livox_ros_driver2/_livox_ros_driver2_s.ep.rosidl_typesupport_introspection_c.c.o[0m
[9.452s] [ 89%] [32mBuilding C object CMakeFiles/livox_ros_driver2__rosidl_typesupport_fastrtps_c__pyext.dir/rosidl_generator_py/livox_ros_driver2/_livox_ros_driver2_s.ep.rosidl_typesupport_fastrtps_c.c.o[0m
[9.453s] [ 91%] [32mBuilding C object CMakeFiles/livox_ros_driver2__rosidl_typesupport_c__pyext.dir/rosidl_generator_py/livox_ros_driver2/_livox_ros_driver2_s.ep.rosidl_typesupport_c.c.o[0m
[9.557s] [ 94%] [32m[1mLinking C shared library rosidl_generator_py/livox_ros_driver2/livox_ros_driver2_s__rosidl_typesupport_introspection_c.cpython-310-x86_64-linux-gnu.so[0m
[9.557s] [ 94%] [32m[1mLinking C shared library rosidl_generator_py/livox_ros_driver2/livox_ros_driver2_s__rosidl_typesupport_c.cpython-310-x86_64-linux-gnu.so[0m
[9.559s] [ 96%] [32m[1mLinking C shared library rosidl_generator_py/livox_ros_driver2/livox_ros_driver2_s__rosidl_typesupport_fastrtps_c.cpython-310-x86_64-linux-gnu.so[0m
[9.598s] [ 96%] Built target livox_ros_driver2__rosidl_typesupport_c__pyext
[9.599s] [ 96%] Built target livox_ros_driver2__rosidl_typesupport_fastrtps_c__pyext
[9.604s] [ 96%] Built target livox_ros_driver2__rosidl_typesupport_introspection_c__pyext
[10.197s] [ 98%] [32m[1mLinking CXX executable livox_ros_driver2_node[0m
[10.388s] [ 98%] Built target livox_ros_driver2_node
[15.161s] [100%] [32m[1mLinking CXX shared library liblivox_ros_driver2.so[0m
[16.134s] [100%] Built target livox_ros_driver2
[16.161s] Invoked command in '/home/shen/learn/ROS2/ws_livox/build/livox_ros_driver2' returned '0': CMAKE_PREFIX_PATH=${CMAKE_PREFIX_PATH}:/opt/ros/humble /usr/bin/cmake --build /home/shen/learn/ROS2/ws_livox/build/livox_ros_driver2 -- -j16 -l16
[16.473s] Invoking command in '/home/shen/learn/ROS2/ws_livox/build/livox_ros_driver2': CMAKE_PREFIX_PATH=${CMAKE_PREFIX_PATH}:/opt/ros/humble /usr/bin/cmake --install /home/shen/learn/ROS2/ws_livox/build/livox_ros_driver2
[16.495s] -- Install configuration: ""
[16.495s] -- Installing: /home/shen/learn/ROS2/ws_livox/install/livox_ros_driver2/share/ament_index/resource_index/rosidl_interfaces/livox_ros_driver2
[16.496s] -- Installing: /home/shen/learn/ROS2/ws_livox/install/livox_ros_driver2/include/livox_ros_driver2/livox_ros_driver2
[16.496s] -- Installing: /home/shen/learn/ROS2/ws_livox/install/livox_ros_driver2/include/livox_ros_driver2/livox_ros_driver2/msg
[16.496s] -- Installing: /home/shen/learn/ROS2/ws_livox/install/livox_ros_driver2/include/livox_ros_driver2/livox_ros_driver2/msg/rosidl_generator_c__visibility_control.h
[16.497s] -- Installing: /home/shen/learn/ROS2/ws_livox/install/livox_ros_driver2/include/livox_ros_driver2/livox_ros_driver2/msg/custom_msg.h
[16.497s] -- Installing: /home/shen/learn/ROS2/ws_livox/install/livox_ros_driver2/include/livox_ros_driver2/livox_ros_driver2/msg/custom_point.h
[16.498s] -- Installing: /home/shen/learn/ROS2/ws_livox/install/livox_ros_driver2/include/livox_ros_driver2/livox_ros_driver2/msg/detail
[16.498s] -- Installing: /home/shen/learn/ROS2/ws_livox/install/livox_ros_driver2/include/livox_ros_driver2/livox_ros_driver2/msg/detail/custom_msg__functions.h
[16.499s] -- Installing: /home/shen/learn/ROS2/ws_livox/install/livox_ros_driver2/include/livox_ros_driver2/livox_ros_driver2/msg/detail/custom_msg__functions.c
[16.499s] -- Installing: /home/shen/learn/ROS2/ws_livox/install/livox_ros_driver2/include/livox_ros_driver2/livox_ros_driver2/msg/detail/custom_point__type_support.h
[16.500s] -- Installing: /home/shen/learn/ROS2/ws_livox/install/livox_ros_driver2/include/livox_ros_driver2/livox_ros_driver2/msg/detail/custom_point__functions.c
[16.500s] -- Installing: /home/shen/learn/ROS2/ws_livox/install/livox_ros_driver2/include/livox_ros_driver2/livox_ros_driver2/msg/detail/custom_point__functions.h
[16.500s] -- Installing: /home/shen/learn/ROS2/ws_livox/install/livox_ros_driver2/include/livox_ros_driver2/livox_ros_driver2/msg/detail/custom_point__struct.h
[16.501s] -- Installing: /home/shen/learn/ROS2/ws_livox/install/livox_ros_driver2/include/livox_ros_driver2/livox_ros_driver2/msg/detail/custom_msg__type_support.h
[16.502s] -- Installing: /home/shen/learn/ROS2/ws_livox/install/livox_ros_driver2/include/livox_ros_driver2/livox_ros_driver2/msg/detail/custom_msg__struct.h
[16.502s] -- Installing: /home/shen/learn/ROS2/ws_livox/install/livox_ros_driver2/share/livox_ros_driver2/environment/library_path.sh
[16.503s] -- Installing: /home/shen/learn/ROS2/ws_livox/install/livox_ros_driver2/share/livox_ros_driver2/environment/library_path.dsv
[16.504s] -- Installing: /home/shen/learn/ROS2/ws_livox/install/livox_ros_driver2/lib/liblivox_ros_driver2__rosidl_generator_c.so
[16.505s] -- Set runtime path of "/home/shen/learn/ROS2/ws_livox/install/livox_ros_driver2/lib/liblivox_ros_driver2__rosidl_generator_c.so" to ""
[16.505s] -- Up-to-date: /home/shen/learn/ROS2/ws_livox/install/livox_ros_driver2/include/livox_ros_driver2/livox_ros_driver2
[16.505s] -- Up-to-date: /home/shen/learn/ROS2/ws_livox/install/livox_ros_driver2/include/livox_ros_driver2/livox_ros_driver2/msg
[16.506s] -- Installing: /home/shen/learn/ROS2/ws_livox/install/livox_ros_driver2/include/livox_ros_driver2/livox_ros_driver2/msg/rosidl_typesupport_fastrtps_c__visibility_control.h
[16.506s] -- Up-to-date: /home/shen/learn/ROS2/ws_livox/install/livox_ros_driver2/include/livox_ros_driver2/livox_ros_driver2/msg/detail
[16.506s] -- Installing: /home/shen/learn/ROS2/ws_livox/install/livox_ros_driver2/include/livox_ros_driver2/livox_ros_driver2/msg/detail/custom_msg__rosidl_typesupport_fastrtps_c.h
[16.507s] -- Installing: /home/shen/learn/ROS2/ws_livox/install/livox_ros_driver2/include/livox_ros_driver2/livox_ros_driver2/msg/detail/custom_point__rosidl_typesupport_fastrtps_c.h
[16.507s] -- Installing: /home/shen/learn/ROS2/ws_livox/install/livox_ros_driver2/lib/liblivox_ros_driver2__rosidl_typesupport_fastrtps_c.so
[16.509s] -- Set runtime path of "/home/shen/learn/ROS2/ws_livox/install/livox_ros_driver2/lib/liblivox_ros_driver2__rosidl_typesupport_fastrtps_c.so" to ""
[16.509s] -- Up-to-date: /home/shen/learn/ROS2/ws_livox/install/livox_ros_driver2/include/livox_ros_driver2/livox_ros_driver2
[16.509s] -- Up-to-date: /home/shen/learn/ROS2/ws_livox/install/livox_ros_driver2/include/livox_ros_driver2/livox_ros_driver2/msg
[16.509s] -- Installing: /home/shen/learn/ROS2/ws_livox/install/livox_ros_driver2/include/livox_ros_driver2/livox_ros_driver2/msg/rosidl_typesupport_introspection_c__visibility_control.h
[16.510s] -- Up-to-date: /home/shen/learn/ROS2/ws_livox/install/livox_ros_driver2/include/livox_ros_driver2/livox_ros_driver2/msg/detail
[16.510s] -- Installing: /home/shen/learn/ROS2/ws_livox/install/livox_ros_driver2/include/livox_ros_driver2/livox_ros_driver2/msg/detail/custom_msg__type_support.c
[16.511s] -- Installing: /home/shen/learn/ROS2/ws_livox/install/livox_ros_driver2/include/livox_ros_driver2/livox_ros_driver2/msg/detail/custom_msg__rosidl_typesupport_introspection_c.h
[16.511s] -- Installing: /home/shen/learn/ROS2/ws_livox/install/livox_ros_driver2/include/livox_ros_driver2/livox_ros_driver2/msg/detail/custom_point__type_support.c
[16.511s] -- Installing: /home/shen/learn/ROS2/ws_livox/install/livox_ros_driver2/include/livox_ros_driver2/livox_ros_driver2/msg/detail/custom_point__rosidl_typesupport_introspection_c.h
[16.512s] -- Installing: /home/shen/learn/ROS2/ws_livox/install/livox_ros_driver2/lib/liblivox_ros_driver2__rosidl_typesupport_introspection_c.so
[16.513s] -- Set runtime path of "/home/shen/learn/ROS2/ws_livox/install/livox_ros_driver2/lib/liblivox_ros_driver2__rosidl_typesupport_introspection_c.so" to ""
[16.513s] -- Installing: /home/shen/learn/ROS2/ws_livox/install/livox_ros_driver2/lib/liblivox_ros_driver2__rosidl_typesupport_c.so
[16.515s] -- Set runtime path of "/home/shen/learn/ROS2/ws_livox/install/livox_ros_driver2/lib/liblivox_ros_driver2__rosidl_typesupport_c.so" to ""
[16.515s] -- Up-to-date: /home/shen/learn/ROS2/ws_livox/install/livox_ros_driver2/include/livox_ros_driver2/livox_ros_driver2
[16.515s] -- Up-to-date: /home/shen/learn/ROS2/ws_livox/install/livox_ros_driver2/include/livox_ros_driver2/livox_ros_driver2/msg
[16.515s] -- Installing: /home/shen/learn/ROS2/ws_livox/install/livox_ros_driver2/include/livox_ros_driver2/livox_ros_driver2/msg/custom_msg.hpp
[16.516s] -- Installing: /home/shen/learn/ROS2/ws_livox/install/livox_ros_driver2/include/livox_ros_driver2/livox_ros_driver2/msg/custom_point.hpp
[16.516s] -- Up-to-date: /home/shen/learn/ROS2/ws_livox/install/livox_ros_driver2/include/livox_ros_driver2/livox_ros_driver2/msg/detail
[16.516s] -- Installing: /home/shen/learn/ROS2/ws_livox/install/livox_ros_driver2/include/livox_ros_driver2/livox_ros_driver2/msg/detail/custom_msg__builder.hpp
[16.517s] -- Installing: /home/shen/learn/ROS2/ws_livox/install/livox_ros_driver2/include/livox_ros_driver2/livox_ros_driver2/msg/detail/custom_point__builder.hpp
[16.517s] -- Installing: /home/shen/learn/ROS2/ws_livox/install/livox_ros_driver2/include/livox_ros_driver2/livox_ros_driver2/msg/detail/custom_point__traits.hpp
[16.518s] -- Installing: /home/shen/learn/ROS2/ws_livox/install/livox_ros_driver2/include/livox_ros_driver2/livox_ros_driver2/msg/detail/custom_msg__struct.hpp
[16.519s] -- Installing: /home/shen/learn/ROS2/ws_livox/install/livox_ros_driver2/include/livox_ros_driver2/livox_ros_driver2/msg/detail/custom_point__struct.hpp
[16.519s] -- Installing: /home/shen/learn/ROS2/ws_livox/install/livox_ros_driver2/include/livox_ros_driver2/livox_ros_driver2/msg/detail/custom_msg__traits.hpp
[16.520s] -- Up-to-date: /home/shen/learn/ROS2/ws_livox/install/livox_ros_driver2/include/livox_ros_driver2/livox_ros_driver2
[16.520s] -- Up-to-date: /home/shen/learn/ROS2/ws_livox/install/livox_ros_driver2/include/livox_ros_driver2/livox_ros_driver2/msg
[16.521s] -- Installing: /home/shen/learn/ROS2/ws_livox/install/livox_ros_driver2/include/livox_ros_driver2/livox_ros_driver2/msg/rosidl_typesupport_fastrtps_cpp__visibility_control.h
[16.521s] -- Up-to-date: /home/shen/learn/ROS2/ws_livox/install/livox_ros_driver2/include/livox_ros_driver2/livox_ros_driver2/msg/detail
[16.521s] -- Installing: /home/shen/learn/ROS2/ws_livox/install/livox_ros_driver2/include/livox_ros_driver2/livox_ros_driver2/msg/detail/dds_fastrtps
[16.521s] -- Installing: /home/shen/learn/ROS2/ws_livox/install/livox_ros_driver2/include/livox_ros_driver2/livox_ros_driver2/msg/detail/custom_msg__rosidl_typesupport_fastrtps_cpp.hpp
[16.522s] -- Installing: /home/shen/learn/ROS2/ws_livox/install/livox_ros_driver2/include/livox_ros_driver2/livox_ros_driver2/msg/detail/custom_point__rosidl_typesupport_fastrtps_cpp.hpp
[16.523s] -- Installing: /home/shen/learn/ROS2/ws_livox/install/livox_ros_driver2/lib/liblivox_ros_driver2__rosidl_typesupport_fastrtps_cpp.so
[16.524s] -- Set runtime path of "/home/shen/learn/ROS2/ws_livox/install/livox_ros_driver2/lib/liblivox_ros_driver2__rosidl_typesupport_fastrtps_cpp.so" to ""
[16.524s] -- Up-to-date: /home/shen/learn/ROS2/ws_livox/install/livox_ros_driver2/include/livox_ros_driver2/livox_ros_driver2
[16.524s] -- Up-to-date: /home/shen/learn/ROS2/ws_livox/install/livox_ros_driver2/include/livox_ros_driver2/livox_ros_driver2/msg
[16.524s] -- Up-to-date: /home/shen/learn/ROS2/ws_livox/install/livox_ros_driver2/include/livox_ros_driver2/livox_ros_driver2/msg/detail
[16.525s] -- Installing: /home/shen/learn/ROS2/ws_livox/install/livox_ros_driver2/include/livox_ros_driver2/livox_ros_driver2/msg/detail/custom_msg__type_support.cpp
[16.525s] -- Installing: /home/shen/learn/ROS2/ws_livox/install/livox_ros_driver2/include/livox_ros_driver2/livox_ros_driver2/msg/detail/custom_msg__rosidl_typesupport_introspection_cpp.hpp
[16.525s] -- Installing: /home/shen/learn/ROS2/ws_livox/install/livox_ros_driver2/include/livox_ros_driver2/livox_ros_driver2/msg/detail/custom_point__type_support.cpp
[16.525s] -- Installing: /home/shen/learn/ROS2/ws_livox/install/livox_ros_driver2/include/livox_ros_driver2/livox_ros_driver2/msg/detail/custom_point__rosidl_typesupport_introspection_cpp.hpp
[16.526s] -- Installing: /home/shen/learn/ROS2/ws_livox/install/livox_ros_driver2/lib/liblivox_ros_driver2__rosidl_typesupport_introspection_cpp.so
[16.527s] -- Set runtime path of "/home/shen/learn/ROS2/ws_livox/install/livox_ros_driver2/lib/liblivox_ros_driver2__rosidl_typesupport_introspection_cpp.so" to ""
[16.527s] -- Installing: /home/shen/learn/ROS2/ws_livox/install/livox_ros_driver2/lib/liblivox_ros_driver2__rosidl_typesupport_cpp.so
[16.527s] -- Set runtime path of "/home/shen/learn/ROS2/ws_livox/install/livox_ros_driver2/lib/liblivox_ros_driver2__rosidl_typesupport_cpp.so" to ""
[16.527s] -- Installing: /home/shen/learn/ROS2/ws_livox/install/livox_ros_driver2/share/livox_ros_driver2/environment/pythonpath.sh
[16.527s] -- Installing: /home/shen/learn/ROS2/ws_livox/install/livox_ros_driver2/share/livox_ros_driver2/environment/pythonpath.dsv
[16.528s] -- Installing: /home/shen/learn/ROS2/ws_livox/install/livox_ros_driver2/local/lib/python3.10/dist-packages/livox_ros_driver2-1.0.0-py3.10.egg-info
[16.528s] -- Installing: /home/shen/learn/ROS2/ws_livox/install/livox_ros_driver2/local/lib/python3.10/dist-packages/livox_ros_driver2-1.0.0-py3.10.egg-info/SOURCES.txt
[16.528s] -- Installing: /home/shen/learn/ROS2/ws_livox/install/livox_ros_driver2/local/lib/python3.10/dist-packages/livox_ros_driver2-1.0.0-py3.10.egg-info/top_level.txt
[16.528s] -- Installing: /home/shen/learn/ROS2/ws_livox/install/livox_ros_driver2/local/lib/python3.10/dist-packages/livox_ros_driver2-1.0.0-py3.10.egg-info/PKG-INFO
[16.528s] -- Installing: /home/shen/learn/ROS2/ws_livox/install/livox_ros_driver2/local/lib/python3.10/dist-packages/livox_ros_driver2-1.0.0-py3.10.egg-info/dependency_links.txt
[16.528s] -- Installing: /home/shen/learn/ROS2/ws_livox/install/livox_ros_driver2/local/lib/python3.10/dist-packages/livox_ros_driver2
[16.529s] -- Installing: /home/shen/learn/ROS2/ws_livox/install/livox_ros_driver2/local/lib/python3.10/dist-packages/livox_ros_driver2/msg
[16.529s] -- Installing: /home/shen/learn/ROS2/ws_livox/install/livox_ros_driver2/local/lib/python3.10/dist-packages/livox_ros_driver2/msg/_custom_point_s.c
[16.529s] -- Installing: /home/shen/learn/ROS2/ws_livox/install/livox_ros_driver2/local/lib/python3.10/dist-packages/livox_ros_driver2/msg/__init__.py
[16.529s] -- Installing: /home/shen/learn/ROS2/ws_livox/install/livox_ros_driver2/local/lib/python3.10/dist-packages/livox_ros_driver2/msg/_custom_msg.py
[16.529s] -- Installing: /home/shen/learn/ROS2/ws_livox/install/livox_ros_driver2/local/lib/python3.10/dist-packages/livox_ros_driver2/msg/_custom_msg_s.c
[16.529s] -- Installing: /home/shen/learn/ROS2/ws_livox/install/livox_ros_driver2/local/lib/python3.10/dist-packages/livox_ros_driver2/msg/_custom_point.py
[16.530s] -- Installing: /home/shen/learn/ROS2/ws_livox/install/livox_ros_driver2/local/lib/python3.10/dist-packages/livox_ros_driver2/_livox_ros_driver2_s.ep.rosidl_typesupport_c.c
[16.530s] -- Installing: /home/shen/learn/ROS2/ws_livox/install/livox_ros_driver2/local/lib/python3.10/dist-packages/livox_ros_driver2/liblivox_interfaces2__rosidl_generator_py.so
[16.530s] -- Installing: /home/shen/learn/ROS2/ws_livox/install/livox_ros_driver2/local/lib/python3.10/dist-packages/livox_ros_driver2/livox_ros_driver2_s__rosidl_typesupport_fastrtps_c.cpython-310-x86_64-linux-gnu.so
[16.530s] -- Installing: /home/shen/learn/ROS2/ws_livox/install/livox_ros_driver2/local/lib/python3.10/dist-packages/livox_ros_driver2/__init__.py
[16.530s] -- Installing: /home/shen/learn/ROS2/ws_livox/install/livox_ros_driver2/local/lib/python3.10/dist-packages/livox_ros_driver2/livox_ros_driver2_s__rosidl_typesupport_c.cpython-310-x86_64-linux-gnu.so
[16.530s] -- Installing: /home/shen/learn/ROS2/ws_livox/install/livox_ros_driver2/local/lib/python3.10/dist-packages/livox_ros_driver2/livox_ros_driver2_s__rosidl_typesupport_introspection_c.cpython-310-x86_64-linux-gnu.so
[16.531s] -- Installing: /home/shen/learn/ROS2/ws_livox/install/livox_ros_driver2/local/lib/python3.10/dist-packages/livox_ros_driver2/_livox_ros_driver2_s.ep.rosidl_typesupport_fastrtps_c.c
[16.531s] -- Installing: /home/shen/learn/ROS2/ws_livox/install/livox_ros_driver2/local/lib/python3.10/dist-packages/livox_ros_driver2/_livox_ros_driver2_s.ep.rosidl_typesupport_introspection_c.c
[16.610s] Listing '/home/shen/learn/ROS2/ws_livox/install/livox_ros_driver2/local/lib/python3.10/dist-packages/livox_ros_driver2'...
[16.610s] Compiling '/home/shen/learn/ROS2/ws_livox/install/livox_ros_driver2/local/lib/python3.10/dist-packages/livox_ros_driver2/__init__.py'...
[16.610s] Listing '/home/shen/learn/ROS2/ws_livox/install/livox_ros_driver2/local/lib/python3.10/dist-packages/livox_ros_driver2/msg'...
[16.611s] Compiling '/home/shen/learn/ROS2/ws_livox/install/livox_ros_driver2/local/lib/python3.10/dist-packages/livox_ros_driver2/msg/__init__.py'...
[16.611s] Compiling '/home/shen/learn/ROS2/ws_livox/install/livox_ros_driver2/local/lib/python3.10/dist-packages/livox_ros_driver2/msg/_custom_msg.py'...
[16.611s] Compiling '/home/shen/learn/ROS2/ws_livox/install/livox_ros_driver2/local/lib/python3.10/dist-packages/livox_ros_driver2/msg/_custom_point.py'...
[16.614s] -- Installing: /home/shen/learn/ROS2/ws_livox/install/livox_ros_driver2/local/lib/python3.10/dist-packages/livox_ros_driver2/livox_ros_driver2_s__rosidl_typesupport_fastrtps_c.cpython-310-x86_64-linux-gnu.so
[16.615s] -- Set runtime path of "/home/shen/learn/ROS2/ws_livox/install/livox_ros_driver2/local/lib/python3.10/dist-packages/livox_ros_driver2/livox_ros_driver2_s__rosidl_typesupport_fastrtps_c.cpython-310-x86_64-linux-gnu.so" to ""
[16.616s] -- Installing: /home/shen/learn/ROS2/ws_livox/install/livox_ros_driver2/local/lib/python3.10/dist-packages/livox_ros_driver2/livox_ros_driver2_s__rosidl_typesupport_introspection_c.cpython-310-x86_64-linux-gnu.so
[16.617s] -- Set runtime path of "/home/shen/learn/ROS2/ws_livox/install/livox_ros_driver2/local/lib/python3.10/dist-packages/livox_ros_driver2/livox_ros_driver2_s__rosidl_typesupport_introspection_c.cpython-310-x86_64-linux-gnu.so" to ""
[16.617s] -- Installing: /home/shen/learn/ROS2/ws_livox/install/livox_ros_driver2/local/lib/python3.10/dist-packages/livox_ros_driver2/livox_ros_driver2_s__rosidl_typesupport_c.cpython-310-x86_64-linux-gnu.so
[16.618s] -- Set runtime path of "/home/shen/learn/ROS2/ws_livox/install/livox_ros_driver2/local/lib/python3.10/dist-packages/livox_ros_driver2/livox_ros_driver2_s__rosidl_typesupport_c.cpython-310-x86_64-linux-gnu.so" to ""
[16.618s] -- Installing: /home/shen/learn/ROS2/ws_livox/install/livox_ros_driver2/lib/liblivox_interfaces2__rosidl_generator_py.so
[16.619s] -- Set runtime path of "/home/shen/learn/ROS2/ws_livox/install/livox_ros_driver2/lib/liblivox_interfaces2__rosidl_generator_py.so" to ""
[16.620s] -- Installing: /home/shen/learn/ROS2/ws_livox/install/livox_ros_driver2/share/livox_ros_driver2/msg/CustomPoint.idl
[16.620s] -- Installing: /home/shen/learn/ROS2/ws_livox/install/livox_ros_driver2/share/livox_ros_driver2/msg/CustomMsg.idl
[16.620s] -- Installing: /home/shen/learn/ROS2/ws_livox/install/livox_ros_driver2/share/livox_ros_driver2/msg/CustomPoint.msg
[16.621s] -- Installing: /home/shen/learn/ROS2/ws_livox/install/livox_ros_driver2/share/livox_ros_driver2/msg/CustomMsg.msg
[16.621s] -- Installing: /home/shen/learn/ROS2/ws_livox/install/livox_ros_driver2/lib/livox_ros_driver2/livox_ros_driver2_node
[16.623s] -- Set runtime path of "/home/shen/learn/ROS2/ws_livox/install/livox_ros_driver2/lib/livox_ros_driver2/livox_ros_driver2_node" to ""
[16.623s] -- Installing: /home/shen/learn/ROS2/ws_livox/install/livox_ros_driver2/lib/liblivox_ros_driver2.so
[16.636s] -- Set runtime path of "/home/shen/learn/ROS2/ws_livox/install/livox_ros_driver2/lib/liblivox_ros_driver2.so" to ""
[16.637s] -- Installing: /home/shen/learn/ROS2/ws_livox/install/livox_ros_driver2/share/livox_ros_driver2/config
[16.637s] -- Installing: /home/shen/learn/ROS2/ws_livox/install/livox_ros_driver2/share/livox_ros_driver2/config/mixed_HAP_MID360_config.json
[16.637s] -- Installing: /home/shen/learn/ROS2/ws_livox/install/livox_ros_driver2/share/livox_ros_driver2/config/HAP_config.json
[16.637s] -- Installing: /home/shen/learn/ROS2/ws_livox/install/livox_ros_driver2/share/livox_ros_driver2/config/display_point_cloud_ROS2.rviz
[16.638s] -- Installing: /home/shen/learn/ROS2/ws_livox/install/livox_ros_driver2/share/livox_ros_driver2/config/display_point_cloud_ROS1.rviz
[16.638s] -- Installing: /home/shen/learn/ROS2/ws_livox/install/livox_ros_driver2/share/livox_ros_driver2/config/MID360_config.json
[16.639s] -- Installing: /home/shen/learn/ROS2/ws_livox/install/livox_ros_driver2/share/livox_ros_driver2/launch_ROS2
[16.639s] -- Installing: /home/shen/learn/ROS2/ws_livox/install/livox_ros_driver2/share/livox_ros_driver2/launch_ROS2/msg_MID360_launch.py
[16.639s] -- Installing: /home/shen/learn/ROS2/ws_livox/install/livox_ros_driver2/share/livox_ros_driver2/launch_ROS2/rviz_MID360_launch.py
[16.640s] -- Installing: /home/shen/learn/ROS2/ws_livox/install/livox_ros_driver2/share/livox_ros_driver2/launch_ROS2/rviz_mixed.py
[16.640s] -- Installing: /home/shen/learn/ROS2/ws_livox/install/livox_ros_driver2/share/livox_ros_driver2/launch_ROS2/rviz_HAP_launch.py
[16.640s] -- Installing: /home/shen/learn/ROS2/ws_livox/install/livox_ros_driver2/share/livox_ros_driver2/launch_ROS2/msg_HAP_launch.py
[16.641s] -- Installing: /home/shen/learn/ROS2/ws_livox/install/livox_ros_driver2/share/ament_index/resource_index/package_run_dependencies/livox_ros_driver2
[16.642s] -- Installing: /home/shen/learn/ROS2/ws_livox/install/livox_ros_driver2/share/ament_index/resource_index/parent_prefix_path/livox_ros_driver2
[16.642s] -- Installing: /home/shen/learn/ROS2/ws_livox/install/livox_ros_driver2/share/livox_ros_driver2/environment/ament_prefix_path.sh
[16.642s] -- Installing: /home/shen/learn/ROS2/ws_livox/install/livox_ros_driver2/share/livox_ros_driver2/environment/ament_prefix_path.dsv
[16.643s] -- Installing: /home/shen/learn/ROS2/ws_livox/install/livox_ros_driver2/share/livox_ros_driver2/environment/path.sh
[16.643s] -- Installing: /home/shen/learn/ROS2/ws_livox/install/livox_ros_driver2/share/livox_ros_driver2/environment/path.dsv
[16.644s] -- Installing: /home/shen/learn/ROS2/ws_livox/install/livox_ros_driver2/share/livox_ros_driver2/local_setup.bash
[16.644s] -- Installing: /home/shen/learn/ROS2/ws_livox/install/livox_ros_driver2/share/livox_ros_driver2/local_setup.sh
[16.645s] -- Installing: /home/shen/learn/ROS2/ws_livox/install/livox_ros_driver2/share/livox_ros_driver2/local_setup.zsh
[16.645s] -- Installing: /home/shen/learn/ROS2/ws_livox/install/livox_ros_driver2/share/livox_ros_driver2/local_setup.dsv
[16.645s] -- Installing: /home/shen/learn/ROS2/ws_livox/install/livox_ros_driver2/share/livox_ros_driver2/package.dsv
[16.646s] -- Installing: /home/shen/learn/ROS2/ws_livox/install/livox_ros_driver2/share/ament_index/resource_index/packages/livox_ros_driver2
[16.647s] -- Installing: /home/shen/learn/ROS2/ws_livox/install/livox_ros_driver2/share/livox_ros_driver2/cmake/export_livox_interfaces2__rosidl_generator_cExport.cmake
[16.647s] -- Installing: /home/shen/learn/ROS2/ws_livox/install/livox_ros_driver2/share/livox_ros_driver2/cmake/export_livox_interfaces2__rosidl_generator_cExport-noconfig.cmake
[16.648s] -- Installing: /home/shen/learn/ROS2/ws_livox/install/livox_ros_driver2/share/livox_ros_driver2/cmake/export_livox_interfaces2__rosidl_typesupport_fastrtps_cExport.cmake
[16.648s] -- Installing: /home/shen/learn/ROS2/ws_livox/install/livox_ros_driver2/share/livox_ros_driver2/cmake/export_livox_interfaces2__rosidl_typesupport_fastrtps_cExport-noconfig.cmake
[16.649s] -- Installing: /home/shen/learn/ROS2/ws_livox/install/livox_ros_driver2/share/livox_ros_driver2/cmake/livox_interfaces2__rosidl_typesupport_introspection_cExport.cmake
[16.649s] -- Installing: /home/shen/learn/ROS2/ws_livox/install/livox_ros_driver2/share/livox_ros_driver2/cmake/livox_interfaces2__rosidl_typesupport_introspection_cExport-noconfig.cmake
[16.650s] -- Installing: /home/shen/learn/ROS2/ws_livox/install/livox_ros_driver2/share/livox_ros_driver2/cmake/livox_interfaces2__rosidl_typesupport_cExport.cmake
[16.650s] -- Installing: /home/shen/learn/ROS2/ws_livox/install/livox_ros_driver2/share/livox_ros_driver2/cmake/livox_interfaces2__rosidl_typesupport_cExport-noconfig.cmake
[16.651s] -- Installing: /home/shen/learn/ROS2/ws_livox/install/livox_ros_driver2/share/livox_ros_driver2/cmake/export_livox_interfaces2__rosidl_generator_cppExport.cmake
[16.651s] -- Installing: /home/shen/learn/ROS2/ws_livox/install/livox_ros_driver2/share/livox_ros_driver2/cmake/export_livox_interfaces2__rosidl_typesupport_fastrtps_cppExport.cmake
[16.652s] -- Installing: /home/shen/learn/ROS2/ws_livox/install/livox_ros_driver2/share/livox_ros_driver2/cmake/export_livox_interfaces2__rosidl_typesupport_fastrtps_cppExport-noconfig.cmake
[16.652s] -- Installing: /home/shen/learn/ROS2/ws_livox/install/livox_ros_driver2/share/livox_ros_driver2/cmake/livox_interfaces2__rosidl_typesupport_introspection_cppExport.cmake
[16.652s] -- Installing: /home/shen/learn/ROS2/ws_livox/install/livox_ros_driver2/share/livox_ros_driver2/cmake/livox_interfaces2__rosidl_typesupport_introspection_cppExport-noconfig.cmake
[16.653s] -- Installing: /home/shen/learn/ROS2/ws_livox/install/livox_ros_driver2/share/livox_ros_driver2/cmake/livox_interfaces2__rosidl_typesupport_cppExport.cmake
[16.653s] -- Installing: /home/shen/learn/ROS2/ws_livox/install/livox_ros_driver2/share/livox_ros_driver2/cmake/livox_interfaces2__rosidl_typesupport_cppExport-noconfig.cmake
[16.654s] -- Installing: /home/shen/learn/ROS2/ws_livox/install/livox_ros_driver2/share/livox_ros_driver2/cmake/export_livox_interfaces2__rosidl_generator_pyExport.cmake
[16.654s] -- Installing: /home/shen/learn/ROS2/ws_livox/install/livox_ros_driver2/share/livox_ros_driver2/cmake/export_livox_interfaces2__rosidl_generator_pyExport-noconfig.cmake
[16.655s] -- Installing: /home/shen/learn/ROS2/ws_livox/install/livox_ros_driver2/share/ament_index/resource_index/rclcpp_components/livox_ros_driver2
[16.655s] -- Installing: /home/shen/learn/ROS2/ws_livox/install/livox_ros_driver2/share/livox_ros_driver2/cmake/rosidl_cmake-extras.cmake
[16.656s] -- Installing: /home/shen/learn/ROS2/ws_livox/install/livox_ros_driver2/share/livox_ros_driver2/cmake/ament_cmake_export_dependencies-extras.cmake
[16.656s] -- Installing: /home/shen/learn/ROS2/ws_livox/install/livox_ros_driver2/share/livox_ros_driver2/cmake/ament_cmake_export_include_directories-extras.cmake
[16.657s] -- Installing: /home/shen/learn/ROS2/ws_livox/install/livox_ros_driver2/share/livox_ros_driver2/cmake/ament_cmake_export_libraries-extras.cmake
[16.657s] -- Installing: /home/shen/learn/ROS2/ws_livox/install/livox_ros_driver2/share/livox_ros_driver2/cmake/ament_cmake_export_targets-extras.cmake
[16.657s] -- Installing: /home/shen/learn/ROS2/ws_livox/install/livox_ros_driver2/share/livox_ros_driver2/cmake/rosidl_cmake_export_typesupport_targets-extras.cmake
[16.658s] -- Installing: /home/shen/learn/ROS2/ws_livox/install/livox_ros_driver2/share/livox_ros_driver2/cmake/rosidl_cmake_export_typesupport_libraries-extras.cmake
[16.658s] -- Installing: /home/shen/learn/ROS2/ws_livox/install/livox_ros_driver2/share/livox_ros_driver2/cmake/livox_ros_driver2Config.cmake
[16.658s] -- Installing: /home/shen/learn/ROS2/ws_livox/install/livox_ros_driver2/share/livox_ros_driver2/cmake/livox_ros_driver2Config-version.cmake
[16.659s] -- Installing: /home/shen/learn/ROS2/ws_livox/install/livox_ros_driver2/share/livox_ros_driver2/package.xml
[16.663s] Invoked command in '/home/shen/learn/ROS2/ws_livox/build/livox_ros_driver2' returned '0': CMAKE_PREFIX_PATH=${CMAKE_PREFIX_PATH}:/opt/ros/humble /usr/bin/cmake --install /home/shen/learn/ROS2/ws_livox/build/livox_ros_driver2
