[0.885s] DEBUG:colcon:Command line arguments: ['/usr/bin/colcon', 'build']
[0.885s] DEBUG:colcon:Parsed command line arguments: Namespace(log_base=None, log_level=None, verb_name='build', build_base='build', install_base='install', merge_install=False, symlink_install=False, test_result_base=None, continue_on_error=False, executor='parallel', parallel_workers=16, event_handlers=None, ignore_user_meta=False, metas=['./colcon.meta'], base_paths=['.'], packages_ignore=None, packages_ignore_regex=None, paths=None, packages_up_to=None, packages_up_to_regex=None, packages_above=None, packages_above_and_dependencies=None, packages_above_depth=None, packages_select_by_dep=None, packages_skip_by_dep=None, packages_skip_up_to=None, packages_select_build_failed=False, packages_skip_build_finished=False, packages_select_test_failures=False, packages_skip_test_passed=False, packages_select=None, packages_skip=None, packages_select_regex=None, packages_skip_regex=None, packages_start=None, packages_end=None, allow_overriding=[], cmake_args=None, cmake_target=None, cmake_target_skip_unavailable=False, cmake_clean_cache=False, cmake_clean_first=False, cmake_force_configure=False, ament_cmake_args=None, catkin_cmake_args=None, catkin_skip_building_tests=False, verb_parser=<colcon_defaults.argument_parser.defaults.DefaultArgumentsDecorator object at 0x73108e6591e0>, verb_extension=<colcon_core.verb.build.BuildVerb object at 0x73108f7d7f40>, main=<bound method BuildVerb.main of <colcon_core.verb.build.BuildVerb object at 0x73108f7d7f40>>)
[0.926s] Level 1:colcon.colcon_core.package_discovery:discover_packages(colcon_meta) check parameters
[0.926s] Level 1:colcon.colcon_core.package_discovery:discover_packages(recursive) check parameters
[0.926s] Level 1:colcon.colcon_core.package_discovery:discover_packages(ignore) check parameters
[0.926s] Level 1:colcon.colcon_core.package_discovery:discover_packages(path) check parameters
[0.926s] Level 1:colcon.colcon_core.package_discovery:discover_packages(colcon_meta) discover
[0.926s] Level 1:colcon.colcon_core.package_discovery:discover_packages(recursive) discover
[0.926s] INFO:colcon.colcon_core.package_discovery:Crawling recursively for packages in '/home/shen/learn/ROS2/encode_ws'
[0.926s] Level 1:colcon.colcon_core.package_identification:_identify(.) by extensions ['ignore', 'ignore_ament_install']
[0.927s] Level 1:colcon.colcon_core.package_identification:_identify(.) by extension 'ignore'
[0.927s] Level 1:colcon.colcon_core.package_identification:_identify(.) by extension 'ignore_ament_install'
[0.927s] Level 1:colcon.colcon_core.package_identification:_identify(.) by extensions ['colcon_pkg']
[0.927s] Level 1:colcon.colcon_core.package_identification:_identify(.) by extension 'colcon_pkg'
[0.927s] Level 1:colcon.colcon_core.package_identification:_identify(.) by extensions ['colcon_meta']
[0.927s] Level 1:colcon.colcon_core.package_identification:_identify(.) by extension 'colcon_meta'
[0.927s] Level 1:colcon.colcon_core.package_identification:_identify(.) by extensions ['ros']
[0.927s] Level 1:colcon.colcon_core.package_identification:_identify(.) by extension 'ros'
[0.936s] Level 1:colcon.colcon_core.package_identification:_identify(.) by extensions ['cmake', 'python']
[0.937s] Level 1:colcon.colcon_core.package_identification:_identify(.) by extension 'cmake'
[0.937s] Level 1:colcon.colcon_core.package_identification:_identify(.) by extension 'python'
[0.937s] Level 1:colcon.colcon_core.package_identification:_identify(.) by extensions ['python_setup_py']
[0.937s] Level 1:colcon.colcon_core.package_identification:_identify(.) by extension 'python_setup_py'
[0.937s] Level 1:colcon.colcon_core.package_identification:_identify(build) by extensions ['ignore', 'ignore_ament_install']
[0.937s] Level 1:colcon.colcon_core.package_identification:_identify(build) by extension 'ignore'
[0.937s] Level 1:colcon.colcon_core.package_identification:_identify(build) ignored
[0.937s] Level 1:colcon.colcon_core.package_identification:_identify(install) by extensions ['ignore', 'ignore_ament_install']
[0.937s] Level 1:colcon.colcon_core.package_identification:_identify(install) by extension 'ignore'
[0.937s] Level 1:colcon.colcon_core.package_identification:_identify(install) ignored
[0.937s] Level 1:colcon.colcon_core.package_identification:_identify(log) by extensions ['ignore', 'ignore_ament_install']
[0.937s] Level 1:colcon.colcon_core.package_identification:_identify(log) by extension 'ignore'
[0.937s] Level 1:colcon.colcon_core.package_identification:_identify(log) ignored
[0.938s] Level 1:colcon.colcon_core.package_identification:_identify(src) by extensions ['ignore', 'ignore_ament_install']
[0.938s] Level 1:colcon.colcon_core.package_identification:_identify(src) by extension 'ignore'
[0.938s] Level 1:colcon.colcon_core.package_identification:_identify(src) by extension 'ignore_ament_install'
[0.938s] Level 1:colcon.colcon_core.package_identification:_identify(src) by extensions ['colcon_pkg']
[0.938s] Level 1:colcon.colcon_core.package_identification:_identify(src) by extension 'colcon_pkg'
[0.938s] Level 1:colcon.colcon_core.package_identification:_identify(src) by extensions ['colcon_meta']
[0.938s] Level 1:colcon.colcon_core.package_identification:_identify(src) by extension 'colcon_meta'
[0.938s] Level 1:colcon.colcon_core.package_identification:_identify(src) by extensions ['ros']
[0.938s] Level 1:colcon.colcon_core.package_identification:_identify(src) by extension 'ros'
[0.938s] Level 1:colcon.colcon_core.package_identification:_identify(src) by extensions ['cmake', 'python']
[0.938s] Level 1:colcon.colcon_core.package_identification:_identify(src) by extension 'cmake'
[0.938s] Level 1:colcon.colcon_core.package_identification:_identify(src) by extension 'python'
[0.938s] Level 1:colcon.colcon_core.package_identification:_identify(src) by extensions ['python_setup_py']
[0.938s] Level 1:colcon.colcon_core.package_identification:_identify(src) by extension 'python_setup_py'
[0.938s] Level 1:colcon.colcon_core.package_identification:_identify(src/h264_encode) by extensions ['ignore', 'ignore_ament_install']
[0.938s] Level 1:colcon.colcon_core.package_identification:_identify(src/h264_encode) by extension 'ignore'
[0.938s] Level 1:colcon.colcon_core.package_identification:_identify(src/h264_encode) by extension 'ignore_ament_install'
[0.939s] Level 1:colcon.colcon_core.package_identification:_identify(src/h264_encode) by extensions ['colcon_pkg']
[0.939s] Level 1:colcon.colcon_core.package_identification:_identify(src/h264_encode) by extension 'colcon_pkg'
[0.939s] Level 1:colcon.colcon_core.package_identification:_identify(src/h264_encode) by extensions ['colcon_meta']
[0.939s] Level 1:colcon.colcon_core.package_identification:_identify(src/h264_encode) by extension 'colcon_meta'
[0.939s] Level 1:colcon.colcon_core.package_identification:_identify(src/h264_encode) by extensions ['ros']
[0.939s] Level 1:colcon.colcon_core.package_identification:_identify(src/h264_encode) by extension 'ros'
[0.941s] DEBUG:colcon.colcon_core.package_identification:Package 'src/h264_encode' with type 'ros.ament_cmake' and name 'h264_encode'
[0.941s] Level 1:colcon.colcon_core.package_discovery:discover_packages(recursive) using defaults
[0.941s] Level 1:colcon.colcon_core.package_discovery:discover_packages(ignore) discover
[0.941s] Level 1:colcon.colcon_core.package_discovery:discover_packages(ignore) using defaults
[0.941s] Level 1:colcon.colcon_core.package_discovery:discover_packages(path) discover
[0.941s] Level 1:colcon.colcon_core.package_discovery:discover_packages(path) using defaults
[1.022s] Level 1:colcon.colcon_core.package_discovery:discover_packages(prefix_path) check parameters
[1.022s] Level 1:colcon.colcon_core.package_discovery:discover_packages(prefix_path) discover
[1.046s] DEBUG:colcon.colcon_installed_package_information.package_discovery:Found 1 installed packages in /home/shen/learn/ROS2/encode_ws/install
[1.060s] DEBUG:colcon.colcon_installed_package_information.package_discovery:Found 345 installed packages in /opt/ros/humble
[1.062s] Level 1:colcon.colcon_core.package_discovery:discover_packages(prefix_path) using defaults
[1.159s] Level 5:colcon.colcon_core.verb:set package 'h264_encode' build argument 'cmake_args' from command line to 'None'
[1.159s] Level 5:colcon.colcon_core.verb:set package 'h264_encode' build argument 'cmake_target' from command line to 'None'
[1.159s] Level 5:colcon.colcon_core.verb:set package 'h264_encode' build argument 'cmake_target_skip_unavailable' from command line to 'False'
[1.159s] Level 5:colcon.colcon_core.verb:set package 'h264_encode' build argument 'cmake_clean_cache' from command line to 'False'
[1.159s] Level 5:colcon.colcon_core.verb:set package 'h264_encode' build argument 'cmake_clean_first' from command line to 'False'
[1.159s] Level 5:colcon.colcon_core.verb:set package 'h264_encode' build argument 'cmake_force_configure' from command line to 'False'
[1.159s] Level 5:colcon.colcon_core.verb:set package 'h264_encode' build argument 'ament_cmake_args' from command line to 'None'
[1.159s] Level 5:colcon.colcon_core.verb:set package 'h264_encode' build argument 'catkin_cmake_args' from command line to 'None'
[1.159s] Level 5:colcon.colcon_core.verb:set package 'h264_encode' build argument 'catkin_skip_building_tests' from command line to 'False'
[1.159s] DEBUG:colcon.colcon_core.verb:Building package 'h264_encode' with the following arguments: {'ament_cmake_args': None, 'build_base': '/home/shen/learn/ROS2/encode_ws/build/h264_encode', 'catkin_cmake_args': None, 'catkin_skip_building_tests': False, 'cmake_args': None, 'cmake_clean_cache': False, 'cmake_clean_first': False, 'cmake_force_configure': False, 'cmake_target': None, 'cmake_target_skip_unavailable': False, 'install_base': '/home/shen/learn/ROS2/encode_ws/install/h264_encode', 'merge_install': False, 'path': '/home/shen/learn/ROS2/encode_ws/src/h264_encode', 'symlink_install': False, 'test_result_base': None}
[1.172s] INFO:colcon.colcon_core.executor:Executing jobs using 'parallel' executor
[1.186s] DEBUG:colcon.colcon_parallel_executor.executor.parallel:run_until_complete
[1.187s] INFO:colcon.colcon_ros.task.ament_cmake.build:Building ROS package in '/home/shen/learn/ROS2/encode_ws/src/h264_encode' with build type 'ament_cmake'
[1.187s] INFO:colcon.colcon_cmake.task.cmake.build:Building CMake package in '/home/shen/learn/ROS2/encode_ws/src/h264_encode'
[1.202s] INFO:colcon.colcon_core.plugin_system:Skipping extension 'colcon_core.shell.bat': Not used on non-Windows systems
[1.202s] INFO:colcon.colcon_core.shell:Skip shell extension 'powershell' for command environment: Not usable outside of PowerShell
[1.202s] DEBUG:colcon.colcon_core.shell:Skip shell extension 'dsv' for command environment
[1.252s] DEBUG:colcon.colcon_core.event_handler.log_command:Invoking command in '/home/shen/learn/ROS2/encode_ws/build/h264_encode': CMAKE_PREFIX_PATH=${CMAKE_PREFIX_PATH}:/opt/ros/humble /usr/bin/cmake --build /home/shen/learn/ROS2/encode_ws/build/h264_encode -- -j16 -l16
[10.494s] DEBUG:colcon.colcon_core.event_handler.log_command:Invoked command in '/home/shen/learn/ROS2/encode_ws/build/h264_encode' returned '0': CMAKE_PREFIX_PATH=${CMAKE_PREFIX_PATH}:/opt/ros/humble /usr/bin/cmake --build /home/shen/learn/ROS2/encode_ws/build/h264_encode -- -j16 -l16
[10.548s] DEBUG:colcon.colcon_core.event_handler.log_command:Invoking command in '/home/shen/learn/ROS2/encode_ws/build/h264_encode': CMAKE_PREFIX_PATH=${CMAKE_PREFIX_PATH}:/opt/ros/humble /usr/bin/cmake --install /home/shen/learn/ROS2/encode_ws/build/h264_encode
[10.587s] Level 1:colcon.colcon_core.environment:create_environment_scripts_only(h264_encode)
[10.588s] DEBUG:colcon.colcon_core.event_handler.log_command:Invoked command in '/home/shen/learn/ROS2/encode_ws/build/h264_encode' returned '0': CMAKE_PREFIX_PATH=${CMAKE_PREFIX_PATH}:/opt/ros/humble /usr/bin/cmake --install /home/shen/learn/ROS2/encode_ws/build/h264_encode
[10.601s] Level 1:colcon.colcon_core.environment:checking '/home/shen/learn/ROS2/encode_ws/install/h264_encode' for CMake module files
[10.602s] Level 1:colcon.colcon_core.environment:checking '/home/shen/learn/ROS2/encode_ws/install/h264_encode' for CMake config files
[10.602s] Level 1:colcon.colcon_core.shell:create_environment_hook('h264_encode', 'cmake_prefix_path')
[10.614s] INFO:colcon.colcon_core.shell:Creating environment hook '/home/shen/learn/ROS2/encode_ws/install/h264_encode/share/h264_encode/hook/cmake_prefix_path.ps1'
[10.614s] INFO:colcon.colcon_core.shell:Creating environment descriptor '/home/shen/learn/ROS2/encode_ws/install/h264_encode/share/h264_encode/hook/cmake_prefix_path.dsv'
[10.615s] INFO:colcon.colcon_core.shell:Creating environment hook '/home/shen/learn/ROS2/encode_ws/install/h264_encode/share/h264_encode/hook/cmake_prefix_path.sh'
[10.616s] Level 1:colcon.colcon_core.environment:checking '/home/shen/learn/ROS2/encode_ws/install/h264_encode/lib'
[10.616s] Level 1:colcon.colcon_core.environment:checking '/home/shen/learn/ROS2/encode_ws/install/h264_encode/bin'
[10.616s] Level 1:colcon.colcon_core.environment:checking '/home/shen/learn/ROS2/encode_ws/install/h264_encode/lib/pkgconfig/h264_encode.pc'
[10.616s] Level 1:colcon.colcon_core.environment:checking '/home/shen/learn/ROS2/encode_ws/install/h264_encode/lib/python3.10/site-packages'
[10.616s] Level 1:colcon.colcon_core.environment:checking '/home/shen/learn/ROS2/encode_ws/install/h264_encode/bin'
[10.629s] INFO:colcon.colcon_core.shell:Creating package script '/home/shen/learn/ROS2/encode_ws/install/h264_encode/share/h264_encode/package.ps1'
[10.630s] INFO:colcon.colcon_core.shell:Creating package descriptor '/home/shen/learn/ROS2/encode_ws/install/h264_encode/share/h264_encode/package.dsv'
[10.630s] INFO:colcon.colcon_core.shell:Creating package script '/home/shen/learn/ROS2/encode_ws/install/h264_encode/share/h264_encode/package.sh'
[10.630s] INFO:colcon.colcon_core.shell:Creating package script '/home/shen/learn/ROS2/encode_ws/install/h264_encode/share/h264_encode/package.bash'
[10.631s] INFO:colcon.colcon_core.shell:Creating package script '/home/shen/learn/ROS2/encode_ws/install/h264_encode/share/h264_encode/package.zsh'
[10.631s] Level 1:colcon.colcon_core.environment:create_file_with_runtime_dependencies(/home/shen/learn/ROS2/encode_ws/install/h264_encode/share/colcon-core/packages/h264_encode)
[10.691s] Level 1:colcon.colcon_core.environment:create_environment_scripts_only(h264_encode)
[10.704s] Level 1:colcon.colcon_core.environment:checking '/home/shen/learn/ROS2/encode_ws/install/h264_encode' for CMake module files
[10.704s] Level 1:colcon.colcon_core.environment:checking '/home/shen/learn/ROS2/encode_ws/install/h264_encode' for CMake config files
[10.704s] Level 1:colcon.colcon_core.shell:create_environment_hook('h264_encode', 'cmake_prefix_path')
[10.717s] INFO:colcon.colcon_core.shell:Creating environment hook '/home/shen/learn/ROS2/encode_ws/install/h264_encode/share/h264_encode/hook/cmake_prefix_path.ps1'
[10.717s] INFO:colcon.colcon_core.shell:Creating environment descriptor '/home/shen/learn/ROS2/encode_ws/install/h264_encode/share/h264_encode/hook/cmake_prefix_path.dsv'
[10.717s] INFO:colcon.colcon_core.shell:Creating environment hook '/home/shen/learn/ROS2/encode_ws/install/h264_encode/share/h264_encode/hook/cmake_prefix_path.sh'
[10.718s] Level 1:colcon.colcon_core.environment:checking '/home/shen/learn/ROS2/encode_ws/install/h264_encode/lib'
[10.718s] Level 1:colcon.colcon_core.environment:checking '/home/shen/learn/ROS2/encode_ws/install/h264_encode/bin'
[10.718s] Level 1:colcon.colcon_core.environment:checking '/home/shen/learn/ROS2/encode_ws/install/h264_encode/lib/pkgconfig/h264_encode.pc'
[10.718s] Level 1:colcon.colcon_core.environment:checking '/home/shen/learn/ROS2/encode_ws/install/h264_encode/lib/python3.10/site-packages'
[10.718s] Level 1:colcon.colcon_core.environment:checking '/home/shen/learn/ROS2/encode_ws/install/h264_encode/bin'
[10.731s] INFO:colcon.colcon_core.shell:Creating package script '/home/shen/learn/ROS2/encode_ws/install/h264_encode/share/h264_encode/package.ps1'
[10.732s] INFO:colcon.colcon_core.shell:Creating package descriptor '/home/shen/learn/ROS2/encode_ws/install/h264_encode/share/h264_encode/package.dsv'
[10.733s] INFO:colcon.colcon_core.shell:Creating package script '/home/shen/learn/ROS2/encode_ws/install/h264_encode/share/h264_encode/package.sh'
[10.733s] INFO:colcon.colcon_core.shell:Creating package script '/home/shen/learn/ROS2/encode_ws/install/h264_encode/share/h264_encode/package.bash'
[10.733s] INFO:colcon.colcon_core.shell:Creating package script '/home/shen/learn/ROS2/encode_ws/install/h264_encode/share/h264_encode/package.zsh'
[10.734s] Level 1:colcon.colcon_core.environment:create_file_with_runtime_dependencies(/home/shen/learn/ROS2/encode_ws/install/h264_encode/share/colcon-core/packages/h264_encode)
[10.734s] DEBUG:colcon.colcon_parallel_executor.executor.parallel:closing loop
[10.735s] DEBUG:colcon.colcon_parallel_executor.executor.parallel:loop closed
[10.735s] DEBUG:colcon.colcon_parallel_executor.executor.parallel:run_until_complete finished with '0'
[10.735s] DEBUG:colcon.colcon_core.event_reactor:joining thread
[10.753s] INFO:colcon.colcon_core.plugin_system:Skipping extension 'colcon_notification.desktop_notification.terminal_notifier': Not used on non-Darwin systems
[10.753s] INFO:colcon.colcon_core.plugin_system:Skipping extension 'colcon_notification.desktop_notification.win32': Not used on non-Windows systems
[10.753s] INFO:colcon.colcon_notification.desktop_notification:Sending desktop notification using 'notify2'
[10.775s] DEBUG:colcon.colcon_core.event_reactor:joined thread
[10.789s] INFO:colcon.colcon_core.shell:Creating prefix script '/home/shen/learn/ROS2/encode_ws/install/local_setup.ps1'
[10.790s] INFO:colcon.colcon_core.shell:Creating prefix util module '/home/shen/learn/ROS2/encode_ws/install/_local_setup_util_ps1.py'
[10.791s] INFO:colcon.colcon_core.shell:Creating prefix chain script '/home/shen/learn/ROS2/encode_ws/install/setup.ps1'
[10.804s] INFO:colcon.colcon_core.shell:Creating prefix script '/home/shen/learn/ROS2/encode_ws/install/local_setup.sh'
[10.804s] INFO:colcon.colcon_core.shell:Creating prefix util module '/home/shen/learn/ROS2/encode_ws/install/_local_setup_util_sh.py'
[10.805s] INFO:colcon.colcon_core.shell:Creating prefix chain script '/home/shen/learn/ROS2/encode_ws/install/setup.sh'
[10.819s] INFO:colcon.colcon_core.shell:Creating prefix script '/home/shen/learn/ROS2/encode_ws/install/local_setup.bash'
[10.819s] INFO:colcon.colcon_core.shell:Creating prefix chain script '/home/shen/learn/ROS2/encode_ws/install/setup.bash'
[10.832s] INFO:colcon.colcon_core.shell:Creating prefix script '/home/shen/learn/ROS2/encode_ws/install/local_setup.zsh'
[10.833s] INFO:colcon.colcon_core.shell:Creating prefix chain script '/home/shen/learn/ROS2/encode_ws/install/setup.zsh'
