[0.046s] Invoking command in '/home/shen/learn/ROS2/ws_livox/build/livox_ros_driver2': CMAKE_PREFIX_PATH=/opt/ros/humble /usr/bin/cmake /home/shen/learn/ROS2/ws_livox/src/livox_ros_driver2 -DROS_EDITION=ROS2 -DHUMBLE_ROS=humble -DCMAKE_INSTALL_PREFIX=/home/shen/learn/ROS2/ws_livox/install/livox_ros_driver2
[0.128s] -- The C compiler identification is GNU 11.4.0
[0.236s] -- The CXX compiler identification is GNU 11.4.0
[0.245s] -- Detecting C compiler ABI info
[0.353s] -- Detecting C compiler ABI info - done
[0.371s] -- Check for working C compiler: /usr/bin/cc - skipped
[0.371s] -- Detecting C compile features
[0.372s] -- Detecting C compile features - done
[0.379s] -- Detecting CXX compiler ABI info
[0.550s] -- Detecting CXX compiler ABI info - done
[0.557s] -- Check for working CXX compiler: /usr/bin/c++ - skipped
[0.557s] -- Detecting CXX compile features
[0.557s] -- Detecting CXX compile features - done
[0.558s] -- livox_ros_driver2 version: 1.0.0
[0.567s] -- Found ament_cmake_auto: 1.3.6 (/opt/ros/humble/share/ament_cmake_auto/cmake)
[0.865s] -- Found Python3: /usr/bin/python3.10 (found version "3.10.12") found components: Interpreter 
[1.107s] -- Using all available rosidl_typesupport_c: rosidl_typesupport_fastrtps_c;rosidl_typesupport_introspection_c
[1.124s] -- Found rosidl_adapter: 3.1.5 (/opt/ros/humble/share/rosidl_adapter/cmake)
[1.192s] -- Using all available rosidl_typesupport_cpp: rosidl_typesupport_fastrtps_cpp;rosidl_typesupport_introspection_cpp
[1.305s] -- Found rmw_implementation_cmake: 6.1.1 (/opt/ros/humble/share/rmw_implementation_cmake/cmake)
[1.307s] -- Found rmw_fastrtps_cpp: 6.2.5 (/opt/ros/humble/share/rmw_fastrtps_cpp/cmake)
[1.471s] -- Found OpenSSL: /usr/lib/x86_64-linux-gnu/libcrypto.so (found version "3.0.2")  
[1.514s] -- Found FastRTPS: /opt/ros/humble/include  
[1.577s] -- Using RMW implementation 'rmw_fastrtps_cpp' as default
[1.593s] -- Looking for pthread.h
[1.703s] -- Looking for pthread.h - found
[1.703s] -- Performing Test CMAKE_HAVE_LIBC_PTHREAD
[1.799s] -- Performing Test CMAKE_HAVE_LIBC_PTHREAD - Success
[1.801s] -- Found Threads: TRUE  
[2.347s] -- Checking for module 'eigen3'
[2.377s] --   Found eigen3, version 3.4.0
[2.473s] -- Found Eigen: /usr/include/eigen3 (Required is at least version "3.1") 
[2.474s] -- Eigen found (include: /usr/include/eigen3, version: 3.4.0)
[2.495s] -- Found Boost: /usr/lib/x86_64-linux-gnu/cmake/Boost-1.74.0/BoostConfig.cmake (found suitable version "1.74.0", minimum required is "1.65.0") found components: system filesystem date_time iostreams serialization 
[2.514s] -- Checking for module 'flann'
[2.541s] --   Found flann, version 1.9.1
[2.630s] -- Found FLANN: /usr/lib/x86_64-linux-gnu/libflann_cpp.so  
[2.631s] -- FLANN found (include: /usr/include, lib: /usr/lib/x86_64-linux-gnu/libflann_cpp.so)
[2.698s] -- Found GLEW: /usr/lib/x86_64-linux-gnu/libGLEW.so  
[2.703s] -- Found OpenGL: /usr/lib/x86_64-linux-gnu/libOpenGL.so  found components: OpenGL GLX 
[2.917s] -- Found MPI_C: /usr/lib/x86_64-linux-gnu/libmpi.so (found version "3.1") 
[2.918s] -- Found MPI: TRUE (found version "3.1") found components: C 
[2.920s] -- Found JsonCpp: /usr/lib/x86_64-linux-gnu/libjsoncpp.so (found suitable version "1.9.5", minimum required is "0.7.0") 
[2.928s] -- Found ZLIB: /usr/lib/x86_64-linux-gnu/libz.so (found version "1.2.11") 
[2.943s] -- Found PNG: /usr/lib/x86_64-linux-gnu/libpng.so (found version "1.6.37") 
[2.961s] -- Found Eigen3: /usr/include/eigen3 (found version "3.4.0") 
[3.108s] -- Found X11: /usr/include   
[3.116s] -- Looking for XOpenDisplay in /usr/lib/x86_64-linux-gnu/libX11.so;/usr/lib/x86_64-linux-gnu/libXext.so
[3.243s] -- Looking for XOpenDisplay in /usr/lib/x86_64-linux-gnu/libX11.so;/usr/lib/x86_64-linux-gnu/libXext.so - found
[3.243s] -- Looking for gethostbyname
[3.350s] -- Looking for gethostbyname - found
[3.351s] -- Looking for connect
[3.475s] -- Looking for connect - found
[3.475s] -- Looking for remove
[3.597s] -- Looking for remove - found
[3.598s] -- Looking for shmat
[3.743s] -- Looking for shmat - found
[3.743s] -- Looking for IceConnectionNumber in ICE
[3.876s] -- Looking for IceConnectionNumber in ICE - found
[4.030s] -- Found EXPAT: /usr/lib/x86_64-linux-gnu/libexpat.so (found version "2.4.7") 
[4.032s] -- Found double-conversion: /usr/lib/x86_64-linux-gnu/libdouble-conversion.so  
[4.034s] -- Found LZ4: /usr/lib/x86_64-linux-gnu/liblz4.so (found version "1.9.3") 
[4.036s] -- Found LZMA: /usr/lib/x86_64-linux-gnu/liblzma.so (found version "5.2.5") 
[4.049s] -- Found JPEG: /usr/lib/x86_64-linux-gnu/libjpeg.so (found version "80") 
[4.054s] -- Found TIFF: /usr/lib/x86_64-linux-gnu/libtiff.so (found version "4.3.0")  
[4.058s] -- Found Freetype: /usr/lib/x86_64-linux-gnu/libfreetype.so (found version "2.11.1") 
[4.063s] -- Found utf8cpp: /usr/include/utf8cpp  
[4.226s] -- Checking for module 'libusb-1.0'
[4.255s] --   Found libusb-1.0, version 1.0.25
[4.338s] -- Found libusb: /usr/lib/x86_64-linux-gnu/libusb-1.0.so  
[4.347s] -- Found OpenNI: /usr/lib/libOpenNI.so;libusb::libusb (found version "1.5.4.0") 
[4.347s] -- OpenNI found (version: 1.5.4.0, include: /usr/include/ni, lib: /usr/lib/libOpenNI.so;libusb::libusb)
[4.492s] -- Found OpenNI2: /usr/lib/x86_64-linux-gnu/libOpenNI2.so;libusb::libusb (found version "2.2.0.33") 
[4.492s] -- OpenNI2 found (version: 2.2.0.33, include: /usr/include/openni2, lib: /usr/lib/x86_64-linux-gnu/libOpenNI2.so;libusb::libusb)
[4.492s] [0m** WARNING ** io features related to pcap will be disabled[0m
[4.658s] -- Eigen found (include: /usr/include/eigen3, version: 3.4.0)
[4.666s] -- OpenNI found (version: 1.5.4.0, include: /usr/include/ni, lib: /usr/lib/libOpenNI.so;libusb::libusb)
[4.672s] -- OpenNI2 found (version: 2.2.0.33, include: /usr/include/openni2, lib: /usr/lib/x86_64-linux-gnu/libOpenNI2.so;libusb::libusb)
[4.809s] -- Found Qhull version 8.0.2
[4.956s] -- OpenNI found (version: 1.5.4.0, include: /usr/include/ni, lib: /usr/lib/libOpenNI.so;libusb::libusb)
[5.093s] -- looking for PCL_COMMON
[5.094s] -- Found PCL_COMMON: /usr/lib/x86_64-linux-gnu/libpcl_common.so  
[5.094s] -- looking for PCL_KDTREE
[5.095s] -- Found PCL_KDTREE: /usr/lib/x86_64-linux-gnu/libpcl_kdtree.so  
[5.095s] -- looking for PCL_OCTREE
[5.096s] -- Found PCL_OCTREE: /usr/lib/x86_64-linux-gnu/libpcl_octree.so  
[5.096s] -- looking for PCL_SEARCH
[5.096s] -- Found PCL_SEARCH: /usr/lib/x86_64-linux-gnu/libpcl_search.so  
[5.096s] -- looking for PCL_SAMPLE_CONSENSUS
[5.097s] -- Found PCL_SAMPLE_CONSENSUS: /usr/lib/x86_64-linux-gnu/libpcl_sample_consensus.so  
[5.097s] -- looking for PCL_FILTERS
[5.098s] -- Found PCL_FILTERS: /usr/lib/x86_64-linux-gnu/libpcl_filters.so  
[5.098s] -- looking for PCL_2D
[5.098s] -- Found PCL_2D: /usr/include/pcl-1.12  
[5.098s] -- looking for PCL_GEOMETRY
[5.099s] -- Found PCL_GEOMETRY: /usr/include/pcl-1.12  
[5.099s] -- looking for PCL_IO
[5.099s] -- Found PCL_IO: /usr/lib/x86_64-linux-gnu/libpcl_io.so  
[5.100s] -- looking for PCL_FEATURES
[5.100s] -- Found PCL_FEATURES: /usr/lib/x86_64-linux-gnu/libpcl_features.so  
[5.100s] -- looking for PCL_ML
[5.101s] -- Found PCL_ML: /usr/lib/x86_64-linux-gnu/libpcl_ml.so  
[5.101s] -- looking for PCL_SEGMENTATION
[5.102s] -- Found PCL_SEGMENTATION: /usr/lib/x86_64-linux-gnu/libpcl_segmentation.so  
[5.102s] -- looking for PCL_VISUALIZATION
[5.103s] -- Found PCL_VISUALIZATION: /usr/lib/x86_64-linux-gnu/libpcl_visualization.so  
[5.103s] -- looking for PCL_SURFACE
[5.104s] -- Found PCL_SURFACE: /usr/lib/x86_64-linux-gnu/libpcl_surface.so  
[5.104s] -- looking for PCL_REGISTRATION
[5.104s] -- Found PCL_REGISTRATION: /usr/lib/x86_64-linux-gnu/libpcl_registration.so  
[5.105s] -- looking for PCL_KEYPOINTS
[5.105s] -- Found PCL_KEYPOINTS: /usr/lib/x86_64-linux-gnu/libpcl_keypoints.so  
[5.105s] -- looking for PCL_TRACKING
[5.106s] -- Found PCL_TRACKING: /usr/lib/x86_64-linux-gnu/libpcl_tracking.so  
[5.106s] -- looking for PCL_RECOGNITION
[5.107s] -- Found PCL_RECOGNITION: /usr/lib/x86_64-linux-gnu/libpcl_recognition.so  
[5.107s] -- looking for PCL_STEREO
[5.108s] -- Found PCL_STEREO: /usr/lib/x86_64-linux-gnu/libpcl_stereo.so  
[5.108s] -- looking for PCL_APPS
[5.109s] -- Found PCL_APPS: /usr/lib/x86_64-linux-gnu/libpcl_apps.so  
[5.109s] -- looking for PCL_IN_HAND_SCANNER
[5.109s] -- Found PCL_IN_HAND_SCANNER: /usr/include/pcl-1.12  
[5.110s] -- looking for PCL_MODELER
[5.110s] -- Found PCL_MODELER: /usr/include/pcl-1.12  
[5.110s] -- looking for PCL_POINT_CLOUD_EDITOR
[5.110s] -- Found PCL_POINT_CLOUD_EDITOR: /usr/include/pcl-1.12  
[5.110s] -- looking for PCL_OUTOFCORE
[5.111s] -- Found PCL_OUTOFCORE: /usr/lib/x86_64-linux-gnu/libpcl_outofcore.so  
[5.111s] -- looking for PCL_PEOPLE
[5.112s] -- Found PCL_PEOPLE: /usr/lib/x86_64-linux-gnu/libpcl_people.so  
[5.113s] -- Found PCL: pcl_common;pcl_kdtree;pcl_octree;pcl_search;pcl_sample_consensus;pcl_filters;pcl_io;pcl_features;pcl_ml;pcl_segmentation;pcl_visualization;pcl_surface;pcl_registration;pcl_keypoints;pcl_tracking;pcl_recognition;pcl_stereo;pcl_apps;pcl_outofcore;pcl_people;Boost::system;Boost::filesystem;Boost::date_time;Boost::iostreams;Boost::serialization;/usr/lib/libOpenNI.so;libusb::libusb;/usr/lib/x86_64-linux-gnu/libOpenNI2.so;libusb::libusb;VTK::ChartsCore;VTK::CommonColor;VTK::CommonComputationalGeometry;VTK::CommonCore;VTK::CommonDataModel;VTK::CommonExecutionModel;VTK::CommonMath;VTK::CommonMisc;VTK::CommonTransforms;VTK::FiltersCore;VTK::FiltersExtraction;VTK::FiltersGeneral;VTK::FiltersGeometry;VTK::FiltersModeling;VTK::FiltersSources;VTK::ImagingCore;VTK::ImagingSources;VTK::InteractionImage;VTK::InteractionStyle;VTK::InteractionWidgets;VTK::IOCore;VTK::IOGeometry;VTK::IOImage;VTK::IOLegacy;VTK::IOPLY;VTK::RenderingAnnotation;VTK::RenderingCore;VTK::RenderingContext2D;VTK::RenderingLOD;VTK::RenderingFreeType;VTK::ViewsCore;VTK::ViewsContext2D;VTK::RenderingOpenGL2;VTK::GUISupportQt;FLANN::FLANN;QHULL::QHULL  
[5.122s] -- Found PkgConfig: /usr/bin/pkg-config (found version "0.29.2") 
[5.123s] -- Checking for module 'apr-1'
[5.129s] --   No package 'apr-1' found
[5.415s] -- Found ament_cmake_ros: 0.10.0 (/opt/ros/humble/share/ament_cmake_ros/cmake)
[5.825s] -- Using all available rosidl_typesupport_c: rosidl_typesupport_fastrtps_c;rosidl_typesupport_introspection_c
[6.325s] -- Using all available rosidl_typesupport_cpp: rosidl_typesupport_fastrtps_cpp;rosidl_typesupport_introspection_cpp
[6.381s] -- Found PythonInterp: /usr/bin/python3 (found suitable version "3.10.12", minimum required is "3.6") 
[6.386s] -- Found python_cmake_module: 0.10.0 (/opt/ros/humble/share/python_cmake_module/cmake)
[6.432s] -- Found PythonLibs: /usr/lib/x86_64-linux-gnu/libpython3.10.so (found suitable version "3.10.12", minimum required is "3.5") 
[6.432s] -- Using PYTHON_EXECUTABLE: /usr/bin/python3
[6.432s] -- Using PYTHON_INCLUDE_DIRS: /usr/include/python3.10
[6.432s] -- Using PYTHON_LIBRARIES: /usr/lib/x86_64-linux-gnu/libpython3.10.so
[6.477s] -- Found PythonExtra: .so  
[6.630s] -- Found ament_lint_auto: 0.12.9 (/opt/ros/humble/share/ament_lint_auto/cmake)
[6.652s] -- Added test 'copyright' to check source files copyright and LICENSE
[6.661s] -- Added test 'cppcheck' to perform static code analysis on C / C++ code
[6.662s] -- Configured cppcheck include dirs: /home/shen/learn/ROS2/ws_livox/src/livox_ros_driver2/3rdparty;/home/shen/learn/ROS2/ws_livox/src/livox_ros_driver2/src
[6.662s] -- Configured cppcheck exclude dirs and/or files: 
[6.670s] -- Added test 'cpplint' to check C / C++ code against the Google style
[6.671s] -- Configured cpplint exclude dirs and/or files: 
[6.671s] -- Added test 'flake8' to check Python code syntax and style conventions
[6.674s] -- Added test 'lint_cmake' to check CMake code style
[6.675s] -- Added test 'pep257' to check Python code against some of the docstring style conventions in PEP 257
[6.683s] -- Added test 'uncrustify' to check C / C++ code style
[6.684s] -- Configured uncrustify additional arguments: 
[6.684s] -- Added test 'xmllint' to check XML markup files
[6.687s] -- Configuring done
[6.775s] -- Generating done
[6.780s] -- Build files have been written to: /home/shen/learn/ROS2/ws_livox/build/livox_ros_driver2
[6.799s] Invoked command in '/home/shen/learn/ROS2/ws_livox/build/livox_ros_driver2' returned '0': CMAKE_PREFIX_PATH=/opt/ros/humble /usr/bin/cmake /home/shen/learn/ROS2/ws_livox/src/livox_ros_driver2 -DROS_EDITION=ROS2 -DHUMBLE_ROS=humble -DCMAKE_INSTALL_PREFIX=/home/shen/learn/ROS2/ws_livox/install/livox_ros_driver2
[6.804s] Invoking command in '/home/shen/learn/ROS2/ws_livox/build/livox_ros_driver2': CMAKE_PREFIX_PATH=/opt/ros/humble /usr/bin/cmake --build /home/shen/learn/ROS2/ws_livox/build/livox_ros_driver2 -- -j16 -l16
[6.912s] [  1%] [34m[1mGenerating C code for ROS interfaces[0m
[6.919s] [  3%] [32mBuilding CXX object CMakeFiles/livox_ros_driver2_node.dir/rclcpp_components/node_main_livox_ros_driver2_node.cpp.o[0m
[6.934s] [  5%] [34m[1mGenerating C++ code for ROS interfaces[0m
[6.944s] [  5%] Built target ament_cmake_python_copy_livox_ros_driver2
[7.144s] running egg_info
[7.145s] creating livox_ros_driver2.egg-info
[7.145s] writing livox_ros_driver2.egg-info/PKG-INFO
[7.145s] writing dependency_links to livox_ros_driver2.egg-info/dependency_links.txt
[7.145s] writing top-level names to livox_ros_driver2.egg-info/top_level.txt
[7.146s] writing manifest file 'livox_ros_driver2.egg-info/SOURCES.txt'
[7.148s] reading manifest file 'livox_ros_driver2.egg-info/SOURCES.txt'
[7.148s] writing manifest file 'livox_ros_driver2.egg-info/SOURCES.txt'
[7.182s] [  5%] Built target ament_cmake_python_build_livox_ros_driver2_egg
[7.314s] [  5%] Built target livox_interfaces2__cpp
[7.324s] [  8%] [32mBuilding C object CMakeFiles/livox_interfaces2__rosidl_generator_c.dir/rosidl_generator_c/livox_ros_driver2/msg/detail/custom_msg__functions.c.o[0m
[7.324s] [  8%] [32mBuilding C object CMakeFiles/livox_interfaces2__rosidl_generator_c.dir/rosidl_generator_c/livox_ros_driver2/msg/detail/custom_point__functions.c.o[0m
[7.329s] [ 12%] [34m[1mGenerating C++ type support for eProsima Fast-RTPS[0m
[7.329s] [ 12%] [34m[1mGenerating C++ type support dispatch for ROS interfaces[0m
[7.335s] [ 14%] [34m[1mGenerating C++ introspection for ROS interfaces[0m
[7.388s] [ 15%] [32m[1mLinking C shared library liblivox_ros_driver2__rosidl_generator_c.so[0m
[7.442s] [ 15%] Built target livox_interfaces2__rosidl_generator_c
[7.454s] [ 19%] [34m[1mGenerating C type support for eProsima Fast-RTPS[0m
[7.454s] [ 19%] [34m[1mGenerating C introspection for ROS interfaces[0m
[7.461s] [ 21%] [34m[1mGenerating C type support dispatch for ROS interfaces[0m
[7.706s] [ 24%] [32mBuilding CXX object CMakeFiles/livox_interfaces2__rosidl_typesupport_cpp.dir/rosidl_typesupport_cpp/livox_ros_driver2/msg/custom_msg__type_support.cpp.o[0m
[7.706s] [ 24%] [32mBuilding CXX object CMakeFiles/livox_interfaces2__rosidl_typesupport_cpp.dir/rosidl_typesupport_cpp/livox_ros_driver2/msg/custom_point__type_support.cpp.o[0m
[7.721s] [ 26%] [32mBuilding CXX object CMakeFiles/livox_interfaces2__rosidl_typesupport_introspection_cpp.dir/rosidl_typesupport_introspection_cpp/livox_ros_driver2/msg/detail/custom_point__type_support.cpp.o[0m
[7.722s] [ 28%] [32mBuilding CXX object CMakeFiles/livox_interfaces2__rosidl_typesupport_introspection_cpp.dir/rosidl_typesupport_introspection_cpp/livox_ros_driver2/msg/detail/custom_msg__type_support.cpp.o[0m
[7.726s] [ 31%] [32mBuilding CXX object CMakeFiles/livox_interfaces2__rosidl_typesupport_fastrtps_cpp.dir/rosidl_typesupport_fastrtps_cpp/livox_ros_driver2/msg/detail/dds_fastrtps/custom_msg__type_support.cpp.o[0m
[7.726s] [ 31%] [32mBuilding CXX object CMakeFiles/livox_interfaces2__rosidl_typesupport_fastrtps_cpp.dir/rosidl_typesupport_fastrtps_cpp/livox_ros_driver2/msg/detail/dds_fastrtps/custom_point__type_support.cpp.o[0m
[7.896s] [ 35%] [32mBuilding CXX object CMakeFiles/livox_interfaces2__rosidl_typesupport_c.dir/rosidl_typesupport_c/livox_ros_driver2/msg/custom_point__type_support.cpp.o[0m
[7.896s] [ 35%] [32mBuilding CXX object CMakeFiles/livox_interfaces2__rosidl_typesupport_c.dir/rosidl_typesupport_c/livox_ros_driver2/msg/custom_msg__type_support.cpp.o[0m
[7.932s] [ 38%] [32mBuilding C object CMakeFiles/livox_interfaces2__rosidl_typesupport_introspection_c.dir/rosidl_typesupport_introspection_c/livox_ros_driver2/msg/detail/custom_point__type_support.c.o[0m
[7.932s] [ 38%] [32mBuilding C object CMakeFiles/livox_interfaces2__rosidl_typesupport_introspection_c.dir/rosidl_typesupport_introspection_c/livox_ros_driver2/msg/detail/custom_msg__type_support.c.o[0m
[7.946s] [ 40%] [32m[1mLinking CXX shared library liblivox_ros_driver2__rosidl_typesupport_c.so[0m
[7.961s] [ 43%] [32mBuilding CXX object CMakeFiles/livox_interfaces2__rosidl_typesupport_fastrtps_c.dir/rosidl_typesupport_fastrtps_c/livox_ros_driver2/msg/detail/custom_msg__type_support_c.cpp.o[0m
[7.961s] [ 43%] [32mBuilding CXX object CMakeFiles/livox_interfaces2__rosidl_typesupport_fastrtps_c.dir/rosidl_typesupport_fastrtps_c/livox_ros_driver2/msg/detail/custom_point__type_support_c.cpp.o[0m
[7.993s] [ 45%] [32m[1mLinking CXX shared library liblivox_ros_driver2__rosidl_typesupport_cpp.so[0m
[7.995s] [ 47%] [32m[1mLinking C shared library liblivox_ros_driver2__rosidl_typesupport_introspection_c.so[0m
[8.019s] [ 47%] Built target livox_interfaces2__rosidl_typesupport_c
[8.040s] [ 47%] Built target livox_interfaces2__rosidl_typesupport_introspection_c
[8.059s] [ 47%] Built target livox_interfaces2__rosidl_typesupport_cpp
[8.093s] [ 50%] [32mBuilding CXX object CMakeFiles/livox_ros_driver2.dir/src/lddc.cpp.o[0m
[8.093s] [ 50%] [32mBuilding CXX object CMakeFiles/livox_ros_driver2.dir/src/lds.cpp.o[0m
[8.094s] [ 52%] [32mBuilding CXX object CMakeFiles/livox_ros_driver2.dir/src/livox_ros_driver2.cpp.o[0m
[8.096s] [ 54%] [32mBuilding CXX object CMakeFiles/livox_ros_driver2.dir/src/comm/ldq.cpp.o[0m
[8.097s] [ 56%] [32mBuilding CXX object CMakeFiles/livox_ros_driver2.dir/src/comm/comm.cpp.o[0m
[8.099s] [ 57%] [32mBuilding CXX object CMakeFiles/livox_ros_driver2.dir/src/driver_node.cpp.o[0m
[8.101s] [ 59%] [32mBuilding CXX object CMakeFiles/livox_ros_driver2.dir/src/comm/semaphore.cpp.o[0m
[8.107s] [ 61%] [32mBuilding CXX object CMakeFiles/livox_ros_driver2.dir/src/comm/lidar_imu_data_queue.cpp.o[0m
[8.111s] [ 63%] [32mBuilding CXX object CMakeFiles/livox_ros_driver2.dir/src/lds_lidar.cpp.o[0m
[8.237s] [ 64%] [32mBuilding CXX object CMakeFiles/livox_ros_driver2.dir/src/comm/pub_handler.cpp.o[0m
[8.241s] [ 66%] [32mBuilding CXX object CMakeFiles/livox_ros_driver2.dir/src/comm/cache_index.cpp.o[0m
[8.254s] [ 68%] [32m[1mLinking CXX shared library liblivox_ros_driver2__rosidl_typesupport_introspection_cpp.so[0m
[8.281s] [ 70%] [32m[1mLinking CXX shared library liblivox_ros_driver2__rosidl_typesupport_fastrtps_cpp.so[0m
[8.408s] [ 71%] [32mBuilding CXX object CMakeFiles/livox_ros_driver2.dir/src/parse_cfg_file/parse_cfg_file.cpp.o[0m
[8.414s] [ 73%] [32m[1mLinking CXX shared library liblivox_ros_driver2__rosidl_typesupport_fastrtps_c.so[0m
[8.418s] [ 73%] Built target livox_interfaces2__rosidl_typesupport_introspection_cpp
[8.433s] [ 75%] [32mBuilding CXX object CMakeFiles/livox_ros_driver2.dir/src/parse_cfg_file/parse_livox_lidar_cfg.cpp.o[0m
[8.481s] [ 75%] Built target livox_interfaces2__rosidl_typesupport_fastrtps_cpp
[8.499s] [ 77%] [32mBuilding CXX object CMakeFiles/livox_ros_driver2.dir/src/call_back/lidar_common_callback.cpp.o[0m
[8.582s] [ 77%] Built target livox_interfaces2__rosidl_typesupport_fastrtps_c
[8.620s] [ 77%] Built target livox_interfaces2
[8.623s] [ 78%] [32mBuilding CXX object CMakeFiles/livox_ros_driver2.dir/src/call_back/livox_lidar_callback.cpp.o[0m
[8.658s] [ 80%] [34m[1mGenerating Python code for ROS interfaces[0m
[9.558s] [ 80%] Built target livox_interfaces2__py
[9.581s] [ 82%] [32mBuilding C object CMakeFiles/livox_interfaces2__rosidl_generator_py.dir/rosidl_generator_py/livox_ros_driver2/msg/_custom_point_s.c.o[0m
[9.585s] [ 84%] [32mBuilding C object CMakeFiles/livox_interfaces2__rosidl_generator_py.dir/rosidl_generator_py/livox_ros_driver2/msg/_custom_msg_s.c.o[0m
[9.716s] [ 85%] [32m[1mLinking C shared library rosidl_generator_py/livox_ros_driver2/liblivox_interfaces2__rosidl_generator_py.so[0m
[9.764s] [ 85%] Built target livox_interfaces2__rosidl_generator_py
[9.787s] [ 91%] [32mBuilding C object CMakeFiles/livox_ros_driver2__rosidl_typesupport_introspection_c__pyext.dir/rosidl_generator_py/livox_ros_driver2/_livox_ros_driver2_s.ep.rosidl_typesupport_introspection_c.c.o[0m
[9.787s] [ 91%] [32mBuilding C object CMakeFiles/livox_ros_driver2__rosidl_typesupport_fastrtps_c__pyext.dir/rosidl_generator_py/livox_ros_driver2/_livox_ros_driver2_s.ep.rosidl_typesupport_fastrtps_c.c.o[0m
[9.787s] [ 91%] [32mBuilding C object CMakeFiles/livox_ros_driver2__rosidl_typesupport_c__pyext.dir/rosidl_generator_py/livox_ros_driver2/_livox_ros_driver2_s.ep.rosidl_typesupport_c.c.o[0m
[9.890s] [ 94%] [32m[1mLinking C shared library rosidl_generator_py/livox_ros_driver2/livox_ros_driver2_s__rosidl_typesupport_c.cpython-310-x86_64-linux-gnu.so[0m
[9.890s] [ 94%] [32m[1mLinking C shared library rosidl_generator_py/livox_ros_driver2/livox_ros_driver2_s__rosidl_typesupport_fastrtps_c.cpython-310-x86_64-linux-gnu.so[0m
[9.896s] [ 96%] [32m[1mLinking C shared library rosidl_generator_py/livox_ros_driver2/livox_ros_driver2_s__rosidl_typesupport_introspection_c.cpython-310-x86_64-linux-gnu.so[0m
[9.931s] [ 96%] Built target livox_ros_driver2__rosidl_typesupport_c__pyext
[9.938s] [ 96%] Built target livox_ros_driver2__rosidl_typesupport_introspection_c__pyext
[9.941s] [ 96%] Built target livox_ros_driver2__rosidl_typesupport_fastrtps_c__pyext
[10.491s] [ 98%] [32m[1mLinking CXX executable livox_ros_driver2_node[0m
[10.656s] [ 98%] Built target livox_ros_driver2_node
[15.480s] [100%] [32m[1mLinking CXX shared library liblivox_ros_driver2.so[0m
[16.429s] [100%] Built target livox_ros_driver2
[16.464s] Invoked command in '/home/shen/learn/ROS2/ws_livox/build/livox_ros_driver2' returned '0': CMAKE_PREFIX_PATH=/opt/ros/humble /usr/bin/cmake --build /home/shen/learn/ROS2/ws_livox/build/livox_ros_driver2 -- -j16 -l16
[16.731s] Invoking command in '/home/shen/learn/ROS2/ws_livox/build/livox_ros_driver2': CMAKE_PREFIX_PATH=/opt/ros/humble /usr/bin/cmake --install /home/shen/learn/ROS2/ws_livox/build/livox_ros_driver2
[16.751s] -- Install configuration: ""
[16.751s] -- Installing: /home/shen/learn/ROS2/ws_livox/install/livox_ros_driver2/share/ament_index/resource_index/rosidl_interfaces/livox_ros_driver2
[16.752s] -- Installing: /home/shen/learn/ROS2/ws_livox/install/livox_ros_driver2/include/livox_ros_driver2/livox_ros_driver2
[16.752s] -- Installing: /home/shen/learn/ROS2/ws_livox/install/livox_ros_driver2/include/livox_ros_driver2/livox_ros_driver2/msg
[16.752s] -- Installing: /home/shen/learn/ROS2/ws_livox/install/livox_ros_driver2/include/livox_ros_driver2/livox_ros_driver2/msg/rosidl_generator_c__visibility_control.h
[16.753s] -- Installing: /home/shen/learn/ROS2/ws_livox/install/livox_ros_driver2/include/livox_ros_driver2/livox_ros_driver2/msg/custom_msg.h
[16.753s] -- Installing: /home/shen/learn/ROS2/ws_livox/install/livox_ros_driver2/include/livox_ros_driver2/livox_ros_driver2/msg/custom_point.h
[16.753s] -- Installing: /home/shen/learn/ROS2/ws_livox/install/livox_ros_driver2/include/livox_ros_driver2/livox_ros_driver2/msg/detail
[16.754s] -- Installing: /home/shen/learn/ROS2/ws_livox/install/livox_ros_driver2/include/livox_ros_driver2/livox_ros_driver2/msg/detail/custom_msg__functions.h
[16.754s] -- Installing: /home/shen/learn/ROS2/ws_livox/install/livox_ros_driver2/include/livox_ros_driver2/livox_ros_driver2/msg/detail/custom_msg__functions.c
[16.755s] -- Installing: /home/shen/learn/ROS2/ws_livox/install/livox_ros_driver2/include/livox_ros_driver2/livox_ros_driver2/msg/detail/custom_point__type_support.h
[16.755s] -- Installing: /home/shen/learn/ROS2/ws_livox/install/livox_ros_driver2/include/livox_ros_driver2/livox_ros_driver2/msg/detail/custom_point__functions.c
[16.755s] -- Installing: /home/shen/learn/ROS2/ws_livox/install/livox_ros_driver2/include/livox_ros_driver2/livox_ros_driver2/msg/detail/custom_point__functions.h
[16.756s] -- Installing: /home/shen/learn/ROS2/ws_livox/install/livox_ros_driver2/include/livox_ros_driver2/livox_ros_driver2/msg/detail/custom_point__struct.h
[16.756s] -- Installing: /home/shen/learn/ROS2/ws_livox/install/livox_ros_driver2/include/livox_ros_driver2/livox_ros_driver2/msg/detail/custom_msg__type_support.h
[16.756s] -- Installing: /home/shen/learn/ROS2/ws_livox/install/livox_ros_driver2/include/livox_ros_driver2/livox_ros_driver2/msg/detail/custom_msg__struct.h
[16.757s] -- Installing: /home/shen/learn/ROS2/ws_livox/install/livox_ros_driver2/share/livox_ros_driver2/environment/library_path.sh
[16.758s] -- Installing: /home/shen/learn/ROS2/ws_livox/install/livox_ros_driver2/share/livox_ros_driver2/environment/library_path.dsv
[16.758s] -- Installing: /home/shen/learn/ROS2/ws_livox/install/livox_ros_driver2/lib/liblivox_ros_driver2__rosidl_generator_c.so
[16.759s] -- Set runtime path of "/home/shen/learn/ROS2/ws_livox/install/livox_ros_driver2/lib/liblivox_ros_driver2__rosidl_generator_c.so" to ""
[16.760s] -- Up-to-date: /home/shen/learn/ROS2/ws_livox/install/livox_ros_driver2/include/livox_ros_driver2/livox_ros_driver2
[16.760s] -- Up-to-date: /home/shen/learn/ROS2/ws_livox/install/livox_ros_driver2/include/livox_ros_driver2/livox_ros_driver2/msg
[16.760s] -- Installing: /home/shen/learn/ROS2/ws_livox/install/livox_ros_driver2/include/livox_ros_driver2/livox_ros_driver2/msg/rosidl_typesupport_fastrtps_c__visibility_control.h
[16.760s] -- Up-to-date: /home/shen/learn/ROS2/ws_livox/install/livox_ros_driver2/include/livox_ros_driver2/livox_ros_driver2/msg/detail
[16.761s] -- Installing: /home/shen/learn/ROS2/ws_livox/install/livox_ros_driver2/include/livox_ros_driver2/livox_ros_driver2/msg/detail/custom_msg__rosidl_typesupport_fastrtps_c.h
[16.761s] -- Installing: /home/shen/learn/ROS2/ws_livox/install/livox_ros_driver2/include/livox_ros_driver2/livox_ros_driver2/msg/detail/custom_point__rosidl_typesupport_fastrtps_c.h
[16.761s] -- Installing: /home/shen/learn/ROS2/ws_livox/install/livox_ros_driver2/lib/liblivox_ros_driver2__rosidl_typesupport_fastrtps_c.so
[16.763s] -- Set runtime path of "/home/shen/learn/ROS2/ws_livox/install/livox_ros_driver2/lib/liblivox_ros_driver2__rosidl_typesupport_fastrtps_c.so" to ""
[16.763s] -- Up-to-date: /home/shen/learn/ROS2/ws_livox/install/livox_ros_driver2/include/livox_ros_driver2/livox_ros_driver2
[16.763s] -- Up-to-date: /home/shen/learn/ROS2/ws_livox/install/livox_ros_driver2/include/livox_ros_driver2/livox_ros_driver2/msg
[16.763s] -- Installing: /home/shen/learn/ROS2/ws_livox/install/livox_ros_driver2/include/livox_ros_driver2/livox_ros_driver2/msg/rosidl_typesupport_introspection_c__visibility_control.h
[16.764s] -- Up-to-date: /home/shen/learn/ROS2/ws_livox/install/livox_ros_driver2/include/livox_ros_driver2/livox_ros_driver2/msg/detail
[16.764s] -- Installing: /home/shen/learn/ROS2/ws_livox/install/livox_ros_driver2/include/livox_ros_driver2/livox_ros_driver2/msg/detail/custom_msg__type_support.c
[16.764s] -- Installing: /home/shen/learn/ROS2/ws_livox/install/livox_ros_driver2/include/livox_ros_driver2/livox_ros_driver2/msg/detail/custom_msg__rosidl_typesupport_introspection_c.h
[16.765s] -- Installing: /home/shen/learn/ROS2/ws_livox/install/livox_ros_driver2/include/livox_ros_driver2/livox_ros_driver2/msg/detail/custom_point__type_support.c
[16.765s] -- Installing: /home/shen/learn/ROS2/ws_livox/install/livox_ros_driver2/include/livox_ros_driver2/livox_ros_driver2/msg/detail/custom_point__rosidl_typesupport_introspection_c.h
[16.766s] -- Installing: /home/shen/learn/ROS2/ws_livox/install/livox_ros_driver2/lib/liblivox_ros_driver2__rosidl_typesupport_introspection_c.so
[16.767s] -- Set runtime path of "/home/shen/learn/ROS2/ws_livox/install/livox_ros_driver2/lib/liblivox_ros_driver2__rosidl_typesupport_introspection_c.so" to ""
[16.767s] -- Installing: /home/shen/learn/ROS2/ws_livox/install/livox_ros_driver2/lib/liblivox_ros_driver2__rosidl_typesupport_c.so
[16.768s] -- Set runtime path of "/home/shen/learn/ROS2/ws_livox/install/livox_ros_driver2/lib/liblivox_ros_driver2__rosidl_typesupport_c.so" to ""
[16.768s] -- Up-to-date: /home/shen/learn/ROS2/ws_livox/install/livox_ros_driver2/include/livox_ros_driver2/livox_ros_driver2
[16.769s] -- Up-to-date: /home/shen/learn/ROS2/ws_livox/install/livox_ros_driver2/include/livox_ros_driver2/livox_ros_driver2/msg
[16.769s] -- Installing: /home/shen/learn/ROS2/ws_livox/install/livox_ros_driver2/include/livox_ros_driver2/livox_ros_driver2/msg/custom_msg.hpp
[16.769s] -- Installing: /home/shen/learn/ROS2/ws_livox/install/livox_ros_driver2/include/livox_ros_driver2/livox_ros_driver2/msg/custom_point.hpp
[16.769s] -- Up-to-date: /home/shen/learn/ROS2/ws_livox/install/livox_ros_driver2/include/livox_ros_driver2/livox_ros_driver2/msg/detail
[16.770s] -- Installing: /home/shen/learn/ROS2/ws_livox/install/livox_ros_driver2/include/livox_ros_driver2/livox_ros_driver2/msg/detail/custom_msg__builder.hpp
[16.770s] -- Installing: /home/shen/learn/ROS2/ws_livox/install/livox_ros_driver2/include/livox_ros_driver2/livox_ros_driver2/msg/detail/custom_point__builder.hpp
[16.770s] -- Installing: /home/shen/learn/ROS2/ws_livox/install/livox_ros_driver2/include/livox_ros_driver2/livox_ros_driver2/msg/detail/custom_point__traits.hpp
[16.771s] -- Installing: /home/shen/learn/ROS2/ws_livox/install/livox_ros_driver2/include/livox_ros_driver2/livox_ros_driver2/msg/detail/custom_msg__struct.hpp
[16.771s] -- Installing: /home/shen/learn/ROS2/ws_livox/install/livox_ros_driver2/include/livox_ros_driver2/livox_ros_driver2/msg/detail/custom_point__struct.hpp
[16.771s] -- Installing: /home/shen/learn/ROS2/ws_livox/install/livox_ros_driver2/include/livox_ros_driver2/livox_ros_driver2/msg/detail/custom_msg__traits.hpp
[16.772s] -- Up-to-date: /home/shen/learn/ROS2/ws_livox/install/livox_ros_driver2/include/livox_ros_driver2/livox_ros_driver2
[16.772s] -- Up-to-date: /home/shen/learn/ROS2/ws_livox/install/livox_ros_driver2/include/livox_ros_driver2/livox_ros_driver2/msg
[16.772s] -- Installing: /home/shen/learn/ROS2/ws_livox/install/livox_ros_driver2/include/livox_ros_driver2/livox_ros_driver2/msg/rosidl_typesupport_fastrtps_cpp__visibility_control.h
[16.773s] -- Up-to-date: /home/shen/learn/ROS2/ws_livox/install/livox_ros_driver2/include/livox_ros_driver2/livox_ros_driver2/msg/detail
[16.773s] -- Installing: /home/shen/learn/ROS2/ws_livox/install/livox_ros_driver2/include/livox_ros_driver2/livox_ros_driver2/msg/detail/dds_fastrtps
[16.773s] -- Installing: /home/shen/learn/ROS2/ws_livox/install/livox_ros_driver2/include/livox_ros_driver2/livox_ros_driver2/msg/detail/custom_msg__rosidl_typesupport_fastrtps_cpp.hpp
[16.774s] -- Installing: /home/shen/learn/ROS2/ws_livox/install/livox_ros_driver2/include/livox_ros_driver2/livox_ros_driver2/msg/detail/custom_point__rosidl_typesupport_fastrtps_cpp.hpp
[16.774s] -- Installing: /home/shen/learn/ROS2/ws_livox/install/livox_ros_driver2/lib/liblivox_ros_driver2__rosidl_typesupport_fastrtps_cpp.so
[16.776s] -- Set runtime path of "/home/shen/learn/ROS2/ws_livox/install/livox_ros_driver2/lib/liblivox_ros_driver2__rosidl_typesupport_fastrtps_cpp.so" to ""
[16.776s] -- Up-to-date: /home/shen/learn/ROS2/ws_livox/install/livox_ros_driver2/include/livox_ros_driver2/livox_ros_driver2
[16.776s] -- Up-to-date: /home/shen/learn/ROS2/ws_livox/install/livox_ros_driver2/include/livox_ros_driver2/livox_ros_driver2/msg
[16.776s] -- Up-to-date: /home/shen/learn/ROS2/ws_livox/install/livox_ros_driver2/include/livox_ros_driver2/livox_ros_driver2/msg/detail
[16.777s] -- Installing: /home/shen/learn/ROS2/ws_livox/install/livox_ros_driver2/include/livox_ros_driver2/livox_ros_driver2/msg/detail/custom_msg__type_support.cpp
[16.777s] -- Installing: /home/shen/learn/ROS2/ws_livox/install/livox_ros_driver2/include/livox_ros_driver2/livox_ros_driver2/msg/detail/custom_msg__rosidl_typesupport_introspection_cpp.hpp
[16.777s] -- Installing: /home/shen/learn/ROS2/ws_livox/install/livox_ros_driver2/include/livox_ros_driver2/livox_ros_driver2/msg/detail/custom_point__type_support.cpp
[16.777s] -- Installing: /home/shen/learn/ROS2/ws_livox/install/livox_ros_driver2/include/livox_ros_driver2/livox_ros_driver2/msg/detail/custom_point__rosidl_typesupport_introspection_cpp.hpp
[16.778s] -- Installing: /home/shen/learn/ROS2/ws_livox/install/livox_ros_driver2/lib/liblivox_ros_driver2__rosidl_typesupport_introspection_cpp.so
[16.779s] -- Set runtime path of "/home/shen/learn/ROS2/ws_livox/install/livox_ros_driver2/lib/liblivox_ros_driver2__rosidl_typesupport_introspection_cpp.so" to ""
[16.779s] -- Installing: /home/shen/learn/ROS2/ws_livox/install/livox_ros_driver2/lib/liblivox_ros_driver2__rosidl_typesupport_cpp.so
[16.780s] -- Set runtime path of "/home/shen/learn/ROS2/ws_livox/install/livox_ros_driver2/lib/liblivox_ros_driver2__rosidl_typesupport_cpp.so" to ""
[16.780s] -- Installing: /home/shen/learn/ROS2/ws_livox/install/livox_ros_driver2/share/livox_ros_driver2/environment/pythonpath.sh
[16.781s] -- Installing: /home/shen/learn/ROS2/ws_livox/install/livox_ros_driver2/share/livox_ros_driver2/environment/pythonpath.dsv
[16.781s] -- Installing: /home/shen/learn/ROS2/ws_livox/install/livox_ros_driver2/local/lib/python3.10/dist-packages/livox_ros_driver2-1.0.0-py3.10.egg-info
[16.781s] -- Installing: /home/shen/learn/ROS2/ws_livox/install/livox_ros_driver2/local/lib/python3.10/dist-packages/livox_ros_driver2-1.0.0-py3.10.egg-info/SOURCES.txt
[16.782s] -- Installing: /home/shen/learn/ROS2/ws_livox/install/livox_ros_driver2/local/lib/python3.10/dist-packages/livox_ros_driver2-1.0.0-py3.10.egg-info/top_level.txt
[16.782s] -- Installing: /home/shen/learn/ROS2/ws_livox/install/livox_ros_driver2/local/lib/python3.10/dist-packages/livox_ros_driver2-1.0.0-py3.10.egg-info/PKG-INFO
[16.782s] -- Installing: /home/shen/learn/ROS2/ws_livox/install/livox_ros_driver2/local/lib/python3.10/dist-packages/livox_ros_driver2-1.0.0-py3.10.egg-info/dependency_links.txt
[16.783s] -- Installing: /home/shen/learn/ROS2/ws_livox/install/livox_ros_driver2/local/lib/python3.10/dist-packages/livox_ros_driver2
[16.783s] -- Installing: /home/shen/learn/ROS2/ws_livox/install/livox_ros_driver2/local/lib/python3.10/dist-packages/livox_ros_driver2/msg
[16.783s] -- Installing: /home/shen/learn/ROS2/ws_livox/install/livox_ros_driver2/local/lib/python3.10/dist-packages/livox_ros_driver2/msg/_custom_point_s.c
[16.783s] -- Installing: /home/shen/learn/ROS2/ws_livox/install/livox_ros_driver2/local/lib/python3.10/dist-packages/livox_ros_driver2/msg/__init__.py
[16.783s] -- Installing: /home/shen/learn/ROS2/ws_livox/install/livox_ros_driver2/local/lib/python3.10/dist-packages/livox_ros_driver2/msg/_custom_msg.py
[16.784s] -- Installing: /home/shen/learn/ROS2/ws_livox/install/livox_ros_driver2/local/lib/python3.10/dist-packages/livox_ros_driver2/msg/_custom_msg_s.c
[16.784s] -- Installing: /home/shen/learn/ROS2/ws_livox/install/livox_ros_driver2/local/lib/python3.10/dist-packages/livox_ros_driver2/msg/_custom_point.py
[16.784s] -- Installing: /home/shen/learn/ROS2/ws_livox/install/livox_ros_driver2/local/lib/python3.10/dist-packages/livox_ros_driver2/_livox_ros_driver2_s.ep.rosidl_typesupport_c.c
[16.784s] -- Installing: /home/shen/learn/ROS2/ws_livox/install/livox_ros_driver2/local/lib/python3.10/dist-packages/livox_ros_driver2/liblivox_interfaces2__rosidl_generator_py.so
[16.784s] -- Installing: /home/shen/learn/ROS2/ws_livox/install/livox_ros_driver2/local/lib/python3.10/dist-packages/livox_ros_driver2/livox_ros_driver2_s__rosidl_typesupport_fastrtps_c.cpython-310-x86_64-linux-gnu.so
[16.784s] -- Installing: /home/shen/learn/ROS2/ws_livox/install/livox_ros_driver2/local/lib/python3.10/dist-packages/livox_ros_driver2/__init__.py
[16.785s] -- Installing: /home/shen/learn/ROS2/ws_livox/install/livox_ros_driver2/local/lib/python3.10/dist-packages/livox_ros_driver2/livox_ros_driver2_s__rosidl_typesupport_c.cpython-310-x86_64-linux-gnu.so
[16.785s] -- Installing: /home/shen/learn/ROS2/ws_livox/install/livox_ros_driver2/local/lib/python3.10/dist-packages/livox_ros_driver2/livox_ros_driver2_s__rosidl_typesupport_introspection_c.cpython-310-x86_64-linux-gnu.so
[16.785s] -- Installing: /home/shen/learn/ROS2/ws_livox/install/livox_ros_driver2/local/lib/python3.10/dist-packages/livox_ros_driver2/_livox_ros_driver2_s.ep.rosidl_typesupport_fastrtps_c.c
[16.785s] -- Installing: /home/shen/learn/ROS2/ws_livox/install/livox_ros_driver2/local/lib/python3.10/dist-packages/livox_ros_driver2/_livox_ros_driver2_s.ep.rosidl_typesupport_introspection_c.c
[16.821s] Listing '/home/shen/learn/ROS2/ws_livox/install/livox_ros_driver2/local/lib/python3.10/dist-packages/livox_ros_driver2'...
[16.822s] Compiling '/home/shen/learn/ROS2/ws_livox/install/livox_ros_driver2/local/lib/python3.10/dist-packages/livox_ros_driver2/__init__.py'...
[16.822s] Listing '/home/shen/learn/ROS2/ws_livox/install/livox_ros_driver2/local/lib/python3.10/dist-packages/livox_ros_driver2/msg'...
[16.822s] Compiling '/home/shen/learn/ROS2/ws_livox/install/livox_ros_driver2/local/lib/python3.10/dist-packages/livox_ros_driver2/msg/__init__.py'...
[16.822s] Compiling '/home/shen/learn/ROS2/ws_livox/install/livox_ros_driver2/local/lib/python3.10/dist-packages/livox_ros_driver2/msg/_custom_msg.py'...
[16.822s] Compiling '/home/shen/learn/ROS2/ws_livox/install/livox_ros_driver2/local/lib/python3.10/dist-packages/livox_ros_driver2/msg/_custom_point.py'...
[16.826s] -- Installing: /home/shen/learn/ROS2/ws_livox/install/livox_ros_driver2/local/lib/python3.10/dist-packages/livox_ros_driver2/livox_ros_driver2_s__rosidl_typesupport_fastrtps_c.cpython-310-x86_64-linux-gnu.so
[16.827s] -- Set runtime path of "/home/shen/learn/ROS2/ws_livox/install/livox_ros_driver2/local/lib/python3.10/dist-packages/livox_ros_driver2/livox_ros_driver2_s__rosidl_typesupport_fastrtps_c.cpython-310-x86_64-linux-gnu.so" to ""
[16.827s] -- Installing: /home/shen/learn/ROS2/ws_livox/install/livox_ros_driver2/local/lib/python3.10/dist-packages/livox_ros_driver2/livox_ros_driver2_s__rosidl_typesupport_introspection_c.cpython-310-x86_64-linux-gnu.so
[16.827s] -- Set runtime path of "/home/shen/learn/ROS2/ws_livox/install/livox_ros_driver2/local/lib/python3.10/dist-packages/livox_ros_driver2/livox_ros_driver2_s__rosidl_typesupport_introspection_c.cpython-310-x86_64-linux-gnu.so" to ""
[16.828s] -- Installing: /home/shen/learn/ROS2/ws_livox/install/livox_ros_driver2/local/lib/python3.10/dist-packages/livox_ros_driver2/livox_ros_driver2_s__rosidl_typesupport_c.cpython-310-x86_64-linux-gnu.so
[16.828s] -- Set runtime path of "/home/shen/learn/ROS2/ws_livox/install/livox_ros_driver2/local/lib/python3.10/dist-packages/livox_ros_driver2/livox_ros_driver2_s__rosidl_typesupport_c.cpython-310-x86_64-linux-gnu.so" to ""
[16.828s] -- Installing: /home/shen/learn/ROS2/ws_livox/install/livox_ros_driver2/lib/liblivox_interfaces2__rosidl_generator_py.so
[16.828s] -- Set runtime path of "/home/shen/learn/ROS2/ws_livox/install/livox_ros_driver2/lib/liblivox_interfaces2__rosidl_generator_py.so" to ""
[16.829s] -- Installing: /home/shen/learn/ROS2/ws_livox/install/livox_ros_driver2/share/livox_ros_driver2/msg/CustomPoint.idl
[16.829s] -- Installing: /home/shen/learn/ROS2/ws_livox/install/livox_ros_driver2/share/livox_ros_driver2/msg/CustomMsg.idl
[16.829s] -- Installing: /home/shen/learn/ROS2/ws_livox/install/livox_ros_driver2/share/livox_ros_driver2/msg/CustomPoint.msg
[16.829s] -- Installing: /home/shen/learn/ROS2/ws_livox/install/livox_ros_driver2/share/livox_ros_driver2/msg/CustomMsg.msg
[16.829s] -- Installing: /home/shen/learn/ROS2/ws_livox/install/livox_ros_driver2/lib/livox_ros_driver2/livox_ros_driver2_node
[16.830s] -- Set runtime path of "/home/shen/learn/ROS2/ws_livox/install/livox_ros_driver2/lib/livox_ros_driver2/livox_ros_driver2_node" to ""
[16.830s] -- Installing: /home/shen/learn/ROS2/ws_livox/install/livox_ros_driver2/lib/liblivox_ros_driver2.so
[16.836s] -- Set runtime path of "/home/shen/learn/ROS2/ws_livox/install/livox_ros_driver2/lib/liblivox_ros_driver2.so" to ""
[16.837s] -- Installing: /home/shen/learn/ROS2/ws_livox/install/livox_ros_driver2/share/livox_ros_driver2/config
[16.837s] -- Installing: /home/shen/learn/ROS2/ws_livox/install/livox_ros_driver2/share/livox_ros_driver2/config/mixed_HAP_MID360_config.json
[16.837s] -- Installing: /home/shen/learn/ROS2/ws_livox/install/livox_ros_driver2/share/livox_ros_driver2/config/HAP_config.json
[16.837s] -- Installing: /home/shen/learn/ROS2/ws_livox/install/livox_ros_driver2/share/livox_ros_driver2/config/display_point_cloud_ROS2.rviz
[16.837s] -- Installing: /home/shen/learn/ROS2/ws_livox/install/livox_ros_driver2/share/livox_ros_driver2/config/display_point_cloud_ROS1.rviz
[16.838s] -- Installing: /home/shen/learn/ROS2/ws_livox/install/livox_ros_driver2/share/livox_ros_driver2/config/MID360_config.json
[16.838s] -- Installing: /home/shen/learn/ROS2/ws_livox/install/livox_ros_driver2/share/livox_ros_driver2/launch_ROS2
[16.838s] -- Installing: /home/shen/learn/ROS2/ws_livox/install/livox_ros_driver2/share/livox_ros_driver2/launch_ROS2/msg_MID360_launch.py
[16.838s] -- Installing: /home/shen/learn/ROS2/ws_livox/install/livox_ros_driver2/share/livox_ros_driver2/launch_ROS2/rviz_MID360_launch.py
[16.838s] -- Installing: /home/shen/learn/ROS2/ws_livox/install/livox_ros_driver2/share/livox_ros_driver2/launch_ROS2/rviz_mixed.py
[16.838s] -- Installing: /home/shen/learn/ROS2/ws_livox/install/livox_ros_driver2/share/livox_ros_driver2/launch_ROS2/rviz_HAP_launch.py
[16.839s] -- Installing: /home/shen/learn/ROS2/ws_livox/install/livox_ros_driver2/share/livox_ros_driver2/launch_ROS2/msg_HAP_launch.py
[16.839s] -- Installing: /home/shen/learn/ROS2/ws_livox/install/livox_ros_driver2/share/ament_index/resource_index/package_run_dependencies/livox_ros_driver2
[16.839s] -- Installing: /home/shen/learn/ROS2/ws_livox/install/livox_ros_driver2/share/ament_index/resource_index/parent_prefix_path/livox_ros_driver2
[16.839s] -- Installing: /home/shen/learn/ROS2/ws_livox/install/livox_ros_driver2/share/livox_ros_driver2/environment/ament_prefix_path.sh
[16.839s] -- Installing: /home/shen/learn/ROS2/ws_livox/install/livox_ros_driver2/share/livox_ros_driver2/environment/ament_prefix_path.dsv
[16.839s] -- Installing: /home/shen/learn/ROS2/ws_livox/install/livox_ros_driver2/share/livox_ros_driver2/environment/path.sh
[16.840s] -- Installing: /home/shen/learn/ROS2/ws_livox/install/livox_ros_driver2/share/livox_ros_driver2/environment/path.dsv
[16.840s] -- Installing: /home/shen/learn/ROS2/ws_livox/install/livox_ros_driver2/share/livox_ros_driver2/local_setup.bash
[16.840s] -- Installing: /home/shen/learn/ROS2/ws_livox/install/livox_ros_driver2/share/livox_ros_driver2/local_setup.sh
[16.840s] -- Installing: /home/shen/learn/ROS2/ws_livox/install/livox_ros_driver2/share/livox_ros_driver2/local_setup.zsh
[16.840s] -- Installing: /home/shen/learn/ROS2/ws_livox/install/livox_ros_driver2/share/livox_ros_driver2/local_setup.dsv
[16.841s] -- Installing: /home/shen/learn/ROS2/ws_livox/install/livox_ros_driver2/share/livox_ros_driver2/package.dsv
[16.841s] -- Installing: /home/shen/learn/ROS2/ws_livox/install/livox_ros_driver2/share/ament_index/resource_index/packages/livox_ros_driver2
[16.841s] -- Installing: /home/shen/learn/ROS2/ws_livox/install/livox_ros_driver2/share/livox_ros_driver2/cmake/export_livox_interfaces2__rosidl_generator_cExport.cmake
[16.841s] -- Installing: /home/shen/learn/ROS2/ws_livox/install/livox_ros_driver2/share/livox_ros_driver2/cmake/export_livox_interfaces2__rosidl_generator_cExport-noconfig.cmake
[16.841s] -- Installing: /home/shen/learn/ROS2/ws_livox/install/livox_ros_driver2/share/livox_ros_driver2/cmake/export_livox_interfaces2__rosidl_typesupport_fastrtps_cExport.cmake
[16.841s] -- Installing: /home/shen/learn/ROS2/ws_livox/install/livox_ros_driver2/share/livox_ros_driver2/cmake/export_livox_interfaces2__rosidl_typesupport_fastrtps_cExport-noconfig.cmake
[16.841s] -- Installing: /home/shen/learn/ROS2/ws_livox/install/livox_ros_driver2/share/livox_ros_driver2/cmake/livox_interfaces2__rosidl_typesupport_introspection_cExport.cmake
[16.842s] -- Installing: /home/shen/learn/ROS2/ws_livox/install/livox_ros_driver2/share/livox_ros_driver2/cmake/livox_interfaces2__rosidl_typesupport_introspection_cExport-noconfig.cmake
[16.842s] -- Installing: /home/shen/learn/ROS2/ws_livox/install/livox_ros_driver2/share/livox_ros_driver2/cmake/livox_interfaces2__rosidl_typesupport_cExport.cmake
[16.842s] -- Installing: /home/shen/learn/ROS2/ws_livox/install/livox_ros_driver2/share/livox_ros_driver2/cmake/livox_interfaces2__rosidl_typesupport_cExport-noconfig.cmake
[16.842s] -- Installing: /home/shen/learn/ROS2/ws_livox/install/livox_ros_driver2/share/livox_ros_driver2/cmake/export_livox_interfaces2__rosidl_generator_cppExport.cmake
[16.842s] -- Installing: /home/shen/learn/ROS2/ws_livox/install/livox_ros_driver2/share/livox_ros_driver2/cmake/export_livox_interfaces2__rosidl_typesupport_fastrtps_cppExport.cmake
[16.843s] -- Installing: /home/shen/learn/ROS2/ws_livox/install/livox_ros_driver2/share/livox_ros_driver2/cmake/export_livox_interfaces2__rosidl_typesupport_fastrtps_cppExport-noconfig.cmake
[16.843s] -- Installing: /home/shen/learn/ROS2/ws_livox/install/livox_ros_driver2/share/livox_ros_driver2/cmake/livox_interfaces2__rosidl_typesupport_introspection_cppExport.cmake
[16.843s] -- Installing: /home/shen/learn/ROS2/ws_livox/install/livox_ros_driver2/share/livox_ros_driver2/cmake/livox_interfaces2__rosidl_typesupport_introspection_cppExport-noconfig.cmake
[16.843s] -- Installing: /home/shen/learn/ROS2/ws_livox/install/livox_ros_driver2/share/livox_ros_driver2/cmake/livox_interfaces2__rosidl_typesupport_cppExport.cmake
[16.843s] -- Installing: /home/shen/learn/ROS2/ws_livox/install/livox_ros_driver2/share/livox_ros_driver2/cmake/livox_interfaces2__rosidl_typesupport_cppExport-noconfig.cmake
[16.844s] -- Installing: /home/shen/learn/ROS2/ws_livox/install/livox_ros_driver2/share/livox_ros_driver2/cmake/export_livox_interfaces2__rosidl_generator_pyExport.cmake
[16.844s] -- Installing: /home/shen/learn/ROS2/ws_livox/install/livox_ros_driver2/share/livox_ros_driver2/cmake/export_livox_interfaces2__rosidl_generator_pyExport-noconfig.cmake
[16.844s] -- Installing: /home/shen/learn/ROS2/ws_livox/install/livox_ros_driver2/share/ament_index/resource_index/rclcpp_components/livox_ros_driver2
[16.844s] -- Installing: /home/shen/learn/ROS2/ws_livox/install/livox_ros_driver2/share/livox_ros_driver2/cmake/rosidl_cmake-extras.cmake
[16.844s] -- Installing: /home/shen/learn/ROS2/ws_livox/install/livox_ros_driver2/share/livox_ros_driver2/cmake/ament_cmake_export_dependencies-extras.cmake
[16.844s] -- Installing: /home/shen/learn/ROS2/ws_livox/install/livox_ros_driver2/share/livox_ros_driver2/cmake/ament_cmake_export_include_directories-extras.cmake
[16.845s] -- Installing: /home/shen/learn/ROS2/ws_livox/install/livox_ros_driver2/share/livox_ros_driver2/cmake/ament_cmake_export_libraries-extras.cmake
[16.845s] -- Installing: /home/shen/learn/ROS2/ws_livox/install/livox_ros_driver2/share/livox_ros_driver2/cmake/ament_cmake_export_targets-extras.cmake
[16.845s] -- Installing: /home/shen/learn/ROS2/ws_livox/install/livox_ros_driver2/share/livox_ros_driver2/cmake/rosidl_cmake_export_typesupport_targets-extras.cmake
[16.845s] -- Installing: /home/shen/learn/ROS2/ws_livox/install/livox_ros_driver2/share/livox_ros_driver2/cmake/rosidl_cmake_export_typesupport_libraries-extras.cmake
[16.845s] -- Installing: /home/shen/learn/ROS2/ws_livox/install/livox_ros_driver2/share/livox_ros_driver2/cmake/livox_ros_driver2Config.cmake
[16.845s] -- Installing: /home/shen/learn/ROS2/ws_livox/install/livox_ros_driver2/share/livox_ros_driver2/cmake/livox_ros_driver2Config-version.cmake
[16.845s] -- Installing: /home/shen/learn/ROS2/ws_livox/install/livox_ros_driver2/share/livox_ros_driver2/package.xml
[16.847s] Invoked command in '/home/shen/learn/ROS2/ws_livox/build/livox_ros_driver2' returned '0': CMAKE_PREFIX_PATH=/opt/ros/humble /usr/bin/cmake --install /home/shen/learn/ROS2/ws_livox/build/livox_ros_driver2
