[0.063s] Invoking command in '/home/shen/learn/ROS2/encode_ws/build/h264_encode': CMAKE_PREFIX_PATH=/opt/ros/humble /usr/bin/cmake --build /home/shen/learn/ROS2/encode_ws/build/h264_encode -- -j16 -l16
[0.131s] [35m[1mConsolidate compiler generated dependencies of target encoder_node[0m
[0.172s] [ 33%] [32mBuilding CXX object CMakeFiles/encoder_node.dir/src/encoder_node.cpp.o[0m
[8.681s] [ 66%] [32m[1mLinking CXX executable encoder_node[0m
[9.714s] [100%] Built target encoder_node
[9.730s] Invoked command in '/home/shen/learn/ROS2/encode_ws/build/h264_encode' returned '0': CMAKE_PREFIX_PATH=/opt/ros/humble /usr/bin/cmake --build /home/shen/learn/ROS2/encode_ws/build/h264_encode -- -j16 -l16
[9.792s] Invoking command in '/home/shen/learn/ROS2/encode_ws/build/h264_encode': CMAKE_PREFIX_PATH=/opt/ros/humble /usr/bin/cmake --install /home/shen/learn/ROS2/encode_ws/build/h264_encode
[9.800s] -- Install configuration: ""
[9.800s] -- Installing: /home/shen/learn/ROS2/encode_ws/install/h264_encode/lib/h264_encode/encoder_node
[9.809s] -- Set runtime path of "/home/shen/learn/ROS2/encode_ws/install/h264_encode/lib/h264_encode/encoder_node" to ""
[9.809s] -- Up-to-date: /home/shen/learn/ROS2/encode_ws/install/h264_encode/share/h264_encode/launch
[9.809s] -- Up-to-date: /home/shen/learn/ROS2/encode_ws/install/h264_encode/share/h264_encode/launch/encoder.launch.py
[9.809s] -- Up-to-date: /home/shen/learn/ROS2/encode_ws/install/h264_encode/share/ament_index/resource_index/package_run_dependencies/h264_encode
[9.809s] -- Up-to-date: /home/shen/learn/ROS2/encode_ws/install/h264_encode/share/ament_index/resource_index/parent_prefix_path/h264_encode
[9.810s] -- Up-to-date: /home/shen/learn/ROS2/encode_ws/install/h264_encode/share/h264_encode/environment/ament_prefix_path.sh
[9.810s] -- Up-to-date: /home/shen/learn/ROS2/encode_ws/install/h264_encode/share/h264_encode/environment/ament_prefix_path.dsv
[9.810s] -- Up-to-date: /home/shen/learn/ROS2/encode_ws/install/h264_encode/share/h264_encode/environment/path.sh
[9.810s] -- Up-to-date: /home/shen/learn/ROS2/encode_ws/install/h264_encode/share/h264_encode/environment/path.dsv
[9.810s] -- Up-to-date: /home/shen/learn/ROS2/encode_ws/install/h264_encode/share/h264_encode/local_setup.bash
[9.810s] -- Up-to-date: /home/shen/learn/ROS2/encode_ws/install/h264_encode/share/h264_encode/local_setup.sh
[9.810s] -- Up-to-date: /home/shen/learn/ROS2/encode_ws/install/h264_encode/share/h264_encode/local_setup.zsh
[9.810s] -- Up-to-date: /home/shen/learn/ROS2/encode_ws/install/h264_encode/share/h264_encode/local_setup.dsv
[9.810s] -- Installing: /home/shen/learn/ROS2/encode_ws/install/h264_encode/share/h264_encode/package.dsv
[9.810s] -- Up-to-date: /home/shen/learn/ROS2/encode_ws/install/h264_encode/share/ament_index/resource_index/packages/h264_encode
[9.811s] -- Up-to-date: /home/shen/learn/ROS2/encode_ws/install/h264_encode/share/h264_encode/cmake/h264_encodeConfig.cmake
[9.811s] -- Up-to-date: /home/shen/learn/ROS2/encode_ws/install/h264_encode/share/h264_encode/cmake/h264_encodeConfig-version.cmake
[9.811s] -- Up-to-date: /home/shen/learn/ROS2/encode_ws/install/h264_encode/share/h264_encode/package.xml
[9.813s] Invoked command in '/home/shen/learn/ROS2/encode_ws/build/h264_encode' returned '0': CMAKE_PREFIX_PATH=/opt/ros/humble /usr/bin/cmake --install /home/shen/learn/ROS2/encode_ws/build/h264_encode
