[0.062s] Invoking command in '/home/shen/learn/ROS2/ethernet_ws/build/my_ethernet_utils': CMAKE_PREFIX_PATH=${CMAKE_PREFIX_PATH}:/opt/ros/humble /usr/bin/cmake /home/shen/learn/ROS2/ethernet_ws/src/my_ethernet_utils -DCMAKE_INSTALL_PREFIX=/home/shen/learn/ROS2/ethernet_ws/install/my_ethernet_utils
[0.175s] -- The C compiler identification is GNU 11.4.0
[0.251s] -- The CXX compiler identification is GNU 11.4.0
[0.266s] -- Detecting C compiler ABI info
[0.364s] -- Detecting C compiler ABI info - done
[0.371s] -- Check for working C compiler: /usr/bin/cc - skipped
[0.371s] -- Detecting C compile features
[0.371s] -- Detecting C compile features - done
[0.375s] -- Detecting CXX compiler ABI info
[0.473s] -- Detecting CXX compiler ABI info - done
[0.480s] -- Check for working CXX compiler: /usr/bin/c++ - skipped
[0.480s] -- Detecting CXX compile features
[0.481s] -- Detecting CXX compile features - done
[0.484s] -- Found ament_cmake: 1.3.6 (/opt/ros/humble/share/ament_cmake/cmake)
[0.647s] -- Found Python3: /usr/bin/python3.10 (found version "3.10.12") found components: Interpreter 
[0.797s] -- Found rclcpp: 16.0.7 (/opt/ros/humble/share/rclcpp/cmake)
[0.839s] -- Found rosidl_generator_c: 3.1.5 (/opt/ros/humble/share/rosidl_generator_c/cmake)
[0.843s] -- Found rosidl_adapter: 3.1.5 (/opt/ros/humble/share/rosidl_adapter/cmake)
[0.851s] -- Found rosidl_generator_cpp: 3.1.5 (/opt/ros/humble/share/rosidl_generator_cpp/cmake)
[0.864s] -- Using all available rosidl_typesupport_c: rosidl_typesupport_fastrtps_c;rosidl_typesupport_introspection_c
[0.882s] -- Using all available rosidl_typesupport_cpp: rosidl_typesupport_fastrtps_cpp;rosidl_typesupport_introspection_cpp
[0.950s] -- Found rmw_implementation_cmake: 6.1.1 (/opt/ros/humble/share/rmw_implementation_cmake/cmake)
[0.953s] -- Found rmw_fastrtps_cpp: 6.2.5 (/opt/ros/humble/share/rmw_fastrtps_cpp/cmake)
[1.081s] -- Found OpenSSL: /usr/lib/x86_64-linux-gnu/libcrypto.so (found version "3.0.2")  
[1.114s] -- Found FastRTPS: /opt/ros/humble/include  
[1.168s] -- Using RMW implementation 'rmw_fastrtps_cpp' as default
[1.177s] -- Looking for pthread.h
[1.276s] -- Looking for pthread.h - found
[1.276s] -- Performing Test CMAKE_HAVE_LIBC_PTHREAD
[1.365s] -- Performing Test CMAKE_HAVE_LIBC_PTHREAD - Success
[1.366s] -- Found Threads: TRUE  
[1.519s] -- Found udp_msgs: 0.0.3 (/opt/ros/humble/share/udp_msgs/cmake)
[1.559s] -- Found asio_cmake_module: 1.2.0 (/opt/ros/humble/share/asio_cmake_module/cmake)
[1.561s] -- Found ament_lint_auto: 0.12.9 (/opt/ros/humble/share/ament_lint_auto/cmake)
[1.656s] -- Added test 'cppcheck' to perform static code analysis on C / C++ code
[1.657s] -- Configured cppcheck include dirs: 
[1.657s] -- Configured cppcheck exclude dirs and/or files: 
[1.657s] -- Added test 'flake8' to check Python code syntax and style conventions
[1.658s] -- Added test 'lint_cmake' to check CMake code style
[1.658s] -- Added test 'pep257' to check Python code against some of the docstring style conventions in PEP 257
[1.660s] -- Added test 'uncrustify' to check C / C++ code style
[1.660s] -- Configured uncrustify additional arguments: 
[1.660s] -- Added test 'xmllint' to check XML markup files
[1.662s] -- Configuring done
[1.672s] -- Generating done
[1.675s] -- Build files have been written to: /home/shen/learn/ROS2/ethernet_ws/build/my_ethernet_utils
[1.687s] Invoked command in '/home/shen/learn/ROS2/ethernet_ws/build/my_ethernet_utils' returned '0': CMAKE_PREFIX_PATH=${CMAKE_PREFIX_PATH}:/opt/ros/humble /usr/bin/cmake /home/shen/learn/ROS2/ethernet_ws/src/my_ethernet_utils -DCMAKE_INSTALL_PREFIX=/home/shen/learn/ROS2/ethernet_ws/install/my_ethernet_utils
[1.688s] Invoking command in '/home/shen/learn/ROS2/ethernet_ws/build/my_ethernet_utils': CMAKE_PREFIX_PATH=${CMAKE_PREFIX_PATH}:/opt/ros/humble /usr/bin/cmake --build /home/shen/learn/ROS2/ethernet_ws/build/my_ethernet_utils -- -j16 -l16
[1.774s] [ 50%] [32mBuilding CXX object CMakeFiles/udp_publisher.dir/src/udp_publisher.cpp.o[0m
[6.604s] [100%] [32m[1mLinking CXX executable udp_publisher[0m
[6.853s] [100%] Built target udp_publisher
[6.879s] Invoked command in '/home/shen/learn/ROS2/ethernet_ws/build/my_ethernet_utils' returned '0': CMAKE_PREFIX_PATH=${CMAKE_PREFIX_PATH}:/opt/ros/humble /usr/bin/cmake --build /home/shen/learn/ROS2/ethernet_ws/build/my_ethernet_utils -- -j16 -l16
[6.957s] Invoking command in '/home/shen/learn/ROS2/ethernet_ws/build/my_ethernet_utils': CMAKE_PREFIX_PATH=${CMAKE_PREFIX_PATH}:/opt/ros/humble /usr/bin/cmake --install /home/shen/learn/ROS2/ethernet_ws/build/my_ethernet_utils
[6.972s] -- Install configuration: ""
[6.973s] -- Installing: /home/shen/learn/ROS2/ethernet_ws/install/my_ethernet_utils/lib/my_ethernet_utils/udp_publisher
[6.978s] -- Set runtime path of "/home/shen/learn/ROS2/ethernet_ws/install/my_ethernet_utils/lib/my_ethernet_utils/udp_publisher" to ""
[6.978s] -- Installing: /home/shen/learn/ROS2/ethernet_ws/install/my_ethernet_utils/share/my_ethernet_utils/launch
[6.979s] -- Installing: /home/shen/learn/ROS2/ethernet_ws/install/my_ethernet_utils/share/my_ethernet_utils/launch/publisher.launch.py
[6.979s] -- Installing: /home/shen/learn/ROS2/ethernet_ws/install/my_ethernet_utils/share/my_ethernet_utils/config
[6.979s] -- Installing: /home/shen/learn/ROS2/ethernet_ws/install/my_ethernet_utils/share/my_ethernet_utils/config/config.yaml
[6.980s] -- Installing: /home/shen/learn/ROS2/ethernet_ws/install/my_ethernet_utils/share/ament_index/resource_index/package_run_dependencies/my_ethernet_utils
[6.980s] -- Installing: /home/shen/learn/ROS2/ethernet_ws/install/my_ethernet_utils/share/ament_index/resource_index/parent_prefix_path/my_ethernet_utils
[6.981s] -- Installing: /home/shen/learn/ROS2/ethernet_ws/install/my_ethernet_utils/share/my_ethernet_utils/environment/ament_prefix_path.sh
[6.981s] -- Installing: /home/shen/learn/ROS2/ethernet_ws/install/my_ethernet_utils/share/my_ethernet_utils/environment/ament_prefix_path.dsv
[6.982s] -- Installing: /home/shen/learn/ROS2/ethernet_ws/install/my_ethernet_utils/share/my_ethernet_utils/environment/path.sh
[6.983s] -- Installing: /home/shen/learn/ROS2/ethernet_ws/install/my_ethernet_utils/share/my_ethernet_utils/environment/path.dsv
[6.983s] -- Installing: /home/shen/learn/ROS2/ethernet_ws/install/my_ethernet_utils/share/my_ethernet_utils/local_setup.bash
[6.984s] -- Installing: /home/shen/learn/ROS2/ethernet_ws/install/my_ethernet_utils/share/my_ethernet_utils/local_setup.sh
[6.984s] -- Installing: /home/shen/learn/ROS2/ethernet_ws/install/my_ethernet_utils/share/my_ethernet_utils/local_setup.zsh
[6.984s] -- Installing: /home/shen/learn/ROS2/ethernet_ws/install/my_ethernet_utils/share/my_ethernet_utils/local_setup.dsv
[6.985s] -- Installing: /home/shen/learn/ROS2/ethernet_ws/install/my_ethernet_utils/share/my_ethernet_utils/package.dsv
[6.985s] -- Installing: /home/shen/learn/ROS2/ethernet_ws/install/my_ethernet_utils/share/ament_index/resource_index/packages/my_ethernet_utils
[6.986s] -- Installing: /home/shen/learn/ROS2/ethernet_ws/install/my_ethernet_utils/share/my_ethernet_utils/cmake/my_ethernet_utilsConfig.cmake
[6.986s] -- Installing: /home/shen/learn/ROS2/ethernet_ws/install/my_ethernet_utils/share/my_ethernet_utils/cmake/my_ethernet_utilsConfig-version.cmake
[6.986s] -- Installing: /home/shen/learn/ROS2/ethernet_ws/install/my_ethernet_utils/share/my_ethernet_utils/package.xml
[6.991s] Invoked command in '/home/shen/learn/ROS2/ethernet_ws/build/my_ethernet_utils' returned '0': CMAKE_PREFIX_PATH=${CMAKE_PREFIX_PATH}:/opt/ros/humble /usr/bin/cmake --install /home/shen/learn/ROS2/ethernet_ws/build/my_ethernet_utils
