[0.819s] DEBUG:colcon:Command line arguments: ['/usr/bin/colcon', 'build', '--packages-select', 'my_can_utils']
[0.819s] DEBUG:colcon:Parsed command line arguments: Namespace(log_base=None, log_level=None, verb_name='build', build_base='build', install_base='install', merge_install=False, symlink_install=False, test_result_base=None, continue_on_error=False, executor='parallel', parallel_workers=16, event_handlers=None, ignore_user_meta=False, metas=['./colcon.meta'], base_paths=['.'], packages_ignore=None, packages_ignore_regex=None, paths=None, packages_up_to=None, packages_up_to_regex=None, packages_above=None, packages_above_and_dependencies=None, packages_above_depth=None, packages_select_by_dep=None, packages_skip_by_dep=None, packages_skip_up_to=None, packages_select_build_failed=False, packages_skip_build_finished=False, packages_select_test_failures=False, packages_skip_test_passed=False, packages_select=['my_can_utils'], packages_skip=None, packages_select_regex=None, packages_skip_regex=None, packages_start=None, packages_end=None, allow_overriding=[], cmake_args=None, cmake_target=None, cmake_target_skip_unavailable=False, cmake_clean_cache=False, cmake_clean_first=False, cmake_force_configure=False, ament_cmake_args=None, catkin_cmake_args=None, catkin_skip_building_tests=False, verb_parser=<colcon_defaults.argument_parser.defaults.DefaultArgumentsDecorator object at 0x7ffb70213610>, verb_extension=<colcon_core.verb.build.BuildVerb object at 0x7ffb7064f640>, main=<bound method BuildVerb.main of <colcon_core.verb.build.BuildVerb object at 0x7ffb7064f640>>)
[0.857s] Level 1:colcon.colcon_core.package_discovery:discover_packages(colcon_meta) check parameters
[0.857s] Level 1:colcon.colcon_core.package_discovery:discover_packages(recursive) check parameters
[0.857s] Level 1:colcon.colcon_core.package_discovery:discover_packages(ignore) check parameters
[0.857s] Level 1:colcon.colcon_core.package_discovery:discover_packages(path) check parameters
[0.857s] Level 1:colcon.colcon_core.package_discovery:discover_packages(colcon_meta) discover
[0.857s] Level 1:colcon.colcon_core.package_discovery:discover_packages(recursive) discover
[0.857s] INFO:colcon.colcon_core.package_discovery:Crawling recursively for packages in '/home/shen/learn/ROS2/can_ws'
[0.857s] Level 1:colcon.colcon_core.package_identification:_identify(.) by extensions ['ignore', 'ignore_ament_install']
[0.858s] Level 1:colcon.colcon_core.package_identification:_identify(.) by extension 'ignore'
[0.858s] Level 1:colcon.colcon_core.package_identification:_identify(.) by extension 'ignore_ament_install'
[0.858s] Level 1:colcon.colcon_core.package_identification:_identify(.) by extensions ['colcon_pkg']
[0.858s] Level 1:colcon.colcon_core.package_identification:_identify(.) by extension 'colcon_pkg'
[0.858s] Level 1:colcon.colcon_core.package_identification:_identify(.) by extensions ['colcon_meta']
[0.858s] Level 1:colcon.colcon_core.package_identification:_identify(.) by extension 'colcon_meta'
[0.858s] Level 1:colcon.colcon_core.package_identification:_identify(.) by extensions ['ros']
[0.858s] Level 1:colcon.colcon_core.package_identification:_identify(.) by extension 'ros'
[0.867s] Level 1:colcon.colcon_core.package_identification:_identify(.) by extensions ['cmake', 'python']
[0.867s] Level 1:colcon.colcon_core.package_identification:_identify(.) by extension 'cmake'
[0.867s] Level 1:colcon.colcon_core.package_identification:_identify(.) by extension 'python'
[0.867s] Level 1:colcon.colcon_core.package_identification:_identify(.) by extensions ['python_setup_py']
[0.867s] Level 1:colcon.colcon_core.package_identification:_identify(.) by extension 'python_setup_py'
[0.867s] Level 1:colcon.colcon_core.package_identification:_identify(build) by extensions ['ignore', 'ignore_ament_install']
[0.867s] Level 1:colcon.colcon_core.package_identification:_identify(build) by extension 'ignore'
[0.867s] Level 1:colcon.colcon_core.package_identification:_identify(build) ignored
[0.867s] Level 1:colcon.colcon_core.package_identification:_identify(install) by extensions ['ignore', 'ignore_ament_install']
[0.867s] Level 1:colcon.colcon_core.package_identification:_identify(install) by extension 'ignore'
[0.867s] Level 1:colcon.colcon_core.package_identification:_identify(install) ignored
[0.867s] Level 1:colcon.colcon_core.package_identification:_identify(log) by extensions ['ignore', 'ignore_ament_install']
[0.867s] Level 1:colcon.colcon_core.package_identification:_identify(log) by extension 'ignore'
[0.867s] Level 1:colcon.colcon_core.package_identification:_identify(log) ignored
[0.868s] Level 1:colcon.colcon_core.package_identification:_identify(src) by extensions ['ignore', 'ignore_ament_install']
[0.868s] Level 1:colcon.colcon_core.package_identification:_identify(src) by extension 'ignore'
[0.868s] Level 1:colcon.colcon_core.package_identification:_identify(src) by extension 'ignore_ament_install'
[0.868s] Level 1:colcon.colcon_core.package_identification:_identify(src) by extensions ['colcon_pkg']
[0.868s] Level 1:colcon.colcon_core.package_identification:_identify(src) by extension 'colcon_pkg'
[0.868s] Level 1:colcon.colcon_core.package_identification:_identify(src) by extensions ['colcon_meta']
[0.868s] Level 1:colcon.colcon_core.package_identification:_identify(src) by extension 'colcon_meta'
[0.868s] Level 1:colcon.colcon_core.package_identification:_identify(src) by extensions ['ros']
[0.868s] Level 1:colcon.colcon_core.package_identification:_identify(src) by extension 'ros'
[0.868s] Level 1:colcon.colcon_core.package_identification:_identify(src) by extensions ['cmake', 'python']
[0.868s] Level 1:colcon.colcon_core.package_identification:_identify(src) by extension 'cmake'
[0.868s] Level 1:colcon.colcon_core.package_identification:_identify(src) by extension 'python'
[0.868s] Level 1:colcon.colcon_core.package_identification:_identify(src) by extensions ['python_setup_py']
[0.868s] Level 1:colcon.colcon_core.package_identification:_identify(src) by extension 'python_setup_py'
[0.868s] Level 1:colcon.colcon_core.package_identification:_identify(src/my_can_utils) by extensions ['ignore', 'ignore_ament_install']
[0.868s] Level 1:colcon.colcon_core.package_identification:_identify(src/my_can_utils) by extension 'ignore'
[0.868s] Level 1:colcon.colcon_core.package_identification:_identify(src/my_can_utils) by extension 'ignore_ament_install'
[0.868s] Level 1:colcon.colcon_core.package_identification:_identify(src/my_can_utils) by extensions ['colcon_pkg']
[0.868s] Level 1:colcon.colcon_core.package_identification:_identify(src/my_can_utils) by extension 'colcon_pkg'
[0.868s] Level 1:colcon.colcon_core.package_identification:_identify(src/my_can_utils) by extensions ['colcon_meta']
[0.868s] Level 1:colcon.colcon_core.package_identification:_identify(src/my_can_utils) by extension 'colcon_meta'
[0.868s] Level 1:colcon.colcon_core.package_identification:_identify(src/my_can_utils) by extensions ['ros']
[0.868s] Level 1:colcon.colcon_core.package_identification:_identify(src/my_can_utils) by extension 'ros'
[0.870s] DEBUG:colcon.colcon_core.package_identification:Package 'src/my_can_utils' with type 'ros.ament_cmake' and name 'my_can_utils'
[0.870s] Level 1:colcon.colcon_core.package_discovery:discover_packages(recursive) using defaults
[0.870s] Level 1:colcon.colcon_core.package_discovery:discover_packages(ignore) discover
[0.870s] Level 1:colcon.colcon_core.package_discovery:discover_packages(ignore) using defaults
[0.871s] Level 1:colcon.colcon_core.package_discovery:discover_packages(path) discover
[0.871s] Level 1:colcon.colcon_core.package_discovery:discover_packages(path) using defaults
[0.945s] Level 1:colcon.colcon_core.package_discovery:discover_packages(prefix_path) check parameters
[0.945s] Level 1:colcon.colcon_core.package_discovery:discover_packages(prefix_path) discover
[0.971s] DEBUG:colcon.colcon_installed_package_information.package_discovery:Found 1 installed packages in /home/shen/learn/ROS2/can_ws/install
[0.986s] DEBUG:colcon.colcon_installed_package_information.package_discovery:Found 335 installed packages in /opt/ros/humble
[0.988s] Level 1:colcon.colcon_core.package_discovery:discover_packages(prefix_path) using defaults
[1.084s] Level 5:colcon.colcon_core.verb:set package 'my_can_utils' build argument 'cmake_args' from command line to 'None'
[1.084s] Level 5:colcon.colcon_core.verb:set package 'my_can_utils' build argument 'cmake_target' from command line to 'None'
[1.084s] Level 5:colcon.colcon_core.verb:set package 'my_can_utils' build argument 'cmake_target_skip_unavailable' from command line to 'False'
[1.084s] Level 5:colcon.colcon_core.verb:set package 'my_can_utils' build argument 'cmake_clean_cache' from command line to 'False'
[1.084s] Level 5:colcon.colcon_core.verb:set package 'my_can_utils' build argument 'cmake_clean_first' from command line to 'False'
[1.084s] Level 5:colcon.colcon_core.verb:set package 'my_can_utils' build argument 'cmake_force_configure' from command line to 'False'
[1.084s] Level 5:colcon.colcon_core.verb:set package 'my_can_utils' build argument 'ament_cmake_args' from command line to 'None'
[1.084s] Level 5:colcon.colcon_core.verb:set package 'my_can_utils' build argument 'catkin_cmake_args' from command line to 'None'
[1.084s] Level 5:colcon.colcon_core.verb:set package 'my_can_utils' build argument 'catkin_skip_building_tests' from command line to 'False'
[1.084s] DEBUG:colcon.colcon_core.verb:Building package 'my_can_utils' with the following arguments: {'ament_cmake_args': None, 'build_base': '/home/shen/learn/ROS2/can_ws/build/my_can_utils', 'catkin_cmake_args': None, 'catkin_skip_building_tests': False, 'cmake_args': None, 'cmake_clean_cache': False, 'cmake_clean_first': False, 'cmake_force_configure': False, 'cmake_target': None, 'cmake_target_skip_unavailable': False, 'install_base': '/home/shen/learn/ROS2/can_ws/install/my_can_utils', 'merge_install': False, 'path': '/home/shen/learn/ROS2/can_ws/src/my_can_utils', 'symlink_install': False, 'test_result_base': None}
[1.097s] INFO:colcon.colcon_core.executor:Executing jobs using 'parallel' executor
[1.111s] DEBUG:colcon.colcon_parallel_executor.executor.parallel:run_until_complete
[1.111s] INFO:colcon.colcon_ros.task.ament_cmake.build:Building ROS package in '/home/shen/learn/ROS2/can_ws/src/my_can_utils' with build type 'ament_cmake'
[1.112s] INFO:colcon.colcon_cmake.task.cmake.build:Building CMake package in '/home/shen/learn/ROS2/can_ws/src/my_can_utils'
[1.127s] INFO:colcon.colcon_core.plugin_system:Skipping extension 'colcon_core.shell.bat': Not used on non-Windows systems
[1.127s] INFO:colcon.colcon_core.shell:Skip shell extension 'powershell' for command environment: Not usable outside of PowerShell
[1.127s] DEBUG:colcon.colcon_core.shell:Skip shell extension 'dsv' for command environment
[1.184s] DEBUG:colcon.colcon_core.event_handler.log_command:Invoking command in '/home/shen/learn/ROS2/can_ws/build/my_can_utils': CMAKE_PREFIX_PATH=${CMAKE_PREFIX_PATH}:/opt/ros/humble /usr/bin/cmake --build /home/shen/learn/ROS2/can_ws/build/my_can_utils -- -j16 -l16
[4.806s] DEBUG:colcon.colcon_core.event_handler.log_command:Invoked command in '/home/shen/learn/ROS2/can_ws/build/my_can_utils' returned '0': CMAKE_PREFIX_PATH=${CMAKE_PREFIX_PATH}:/opt/ros/humble /usr/bin/cmake --build /home/shen/learn/ROS2/can_ws/build/my_can_utils -- -j16 -l16
[4.886s] DEBUG:colcon.colcon_core.event_handler.log_command:Invoking command in '/home/shen/learn/ROS2/can_ws/build/my_can_utils': CMAKE_PREFIX_PATH=${CMAKE_PREFIX_PATH}:/opt/ros/humble /usr/bin/cmake --install /home/shen/learn/ROS2/can_ws/build/my_can_utils
[4.898s] Level 1:colcon.colcon_core.environment:create_environment_scripts_only(my_can_utils)
[4.898s] DEBUG:colcon.colcon_core.event_handler.log_command:Invoked command in '/home/shen/learn/ROS2/can_ws/build/my_can_utils' returned '0': CMAKE_PREFIX_PATH=${CMAKE_PREFIX_PATH}:/opt/ros/humble /usr/bin/cmake --install /home/shen/learn/ROS2/can_ws/build/my_can_utils
[4.912s] Level 1:colcon.colcon_core.environment:checking '/home/shen/learn/ROS2/can_ws/install/my_can_utils' for CMake module files
[4.913s] Level 1:colcon.colcon_core.environment:checking '/home/shen/learn/ROS2/can_ws/install/my_can_utils' for CMake config files
[4.913s] Level 1:colcon.colcon_core.shell:create_environment_hook('my_can_utils', 'cmake_prefix_path')
[4.926s] INFO:colcon.colcon_core.shell:Creating environment hook '/home/shen/learn/ROS2/can_ws/install/my_can_utils/share/my_can_utils/hook/cmake_prefix_path.ps1'
[4.926s] INFO:colcon.colcon_core.shell:Creating environment descriptor '/home/shen/learn/ROS2/can_ws/install/my_can_utils/share/my_can_utils/hook/cmake_prefix_path.dsv'
[4.927s] INFO:colcon.colcon_core.shell:Creating environment hook '/home/shen/learn/ROS2/can_ws/install/my_can_utils/share/my_can_utils/hook/cmake_prefix_path.sh'
[4.927s] Level 1:colcon.colcon_core.environment:checking '/home/shen/learn/ROS2/can_ws/install/my_can_utils/lib'
[4.928s] Level 1:colcon.colcon_core.environment:checking '/home/shen/learn/ROS2/can_ws/install/my_can_utils/bin'
[4.928s] Level 1:colcon.colcon_core.environment:checking '/home/shen/learn/ROS2/can_ws/install/my_can_utils/lib/pkgconfig/my_can_utils.pc'
[4.928s] Level 1:colcon.colcon_core.environment:checking '/home/shen/learn/ROS2/can_ws/install/my_can_utils/lib/python3.10/site-packages'
[4.928s] Level 1:colcon.colcon_core.environment:checking '/home/shen/learn/ROS2/can_ws/install/my_can_utils/bin'
[4.941s] INFO:colcon.colcon_core.shell:Creating package script '/home/shen/learn/ROS2/can_ws/install/my_can_utils/share/my_can_utils/package.ps1'
[4.942s] INFO:colcon.colcon_core.shell:Creating package descriptor '/home/shen/learn/ROS2/can_ws/install/my_can_utils/share/my_can_utils/package.dsv'
[4.943s] INFO:colcon.colcon_core.shell:Creating package script '/home/shen/learn/ROS2/can_ws/install/my_can_utils/share/my_can_utils/package.sh'
[4.944s] INFO:colcon.colcon_core.shell:Creating package script '/home/shen/learn/ROS2/can_ws/install/my_can_utils/share/my_can_utils/package.bash'
[4.945s] INFO:colcon.colcon_core.shell:Creating package script '/home/shen/learn/ROS2/can_ws/install/my_can_utils/share/my_can_utils/package.zsh'
[4.946s] Level 1:colcon.colcon_core.environment:create_file_with_runtime_dependencies(/home/shen/learn/ROS2/can_ws/install/my_can_utils/share/colcon-core/packages/my_can_utils)
[4.998s] Level 1:colcon.colcon_core.environment:create_environment_scripts_only(my_can_utils)
[5.010s] Level 1:colcon.colcon_core.environment:checking '/home/shen/learn/ROS2/can_ws/install/my_can_utils' for CMake module files
[5.011s] Level 1:colcon.colcon_core.environment:checking '/home/shen/learn/ROS2/can_ws/install/my_can_utils' for CMake config files
[5.011s] Level 1:colcon.colcon_core.shell:create_environment_hook('my_can_utils', 'cmake_prefix_path')
[5.023s] INFO:colcon.colcon_core.shell:Creating environment hook '/home/shen/learn/ROS2/can_ws/install/my_can_utils/share/my_can_utils/hook/cmake_prefix_path.ps1'
[5.023s] INFO:colcon.colcon_core.shell:Creating environment descriptor '/home/shen/learn/ROS2/can_ws/install/my_can_utils/share/my_can_utils/hook/cmake_prefix_path.dsv'
[5.024s] INFO:colcon.colcon_core.shell:Creating environment hook '/home/shen/learn/ROS2/can_ws/install/my_can_utils/share/my_can_utils/hook/cmake_prefix_path.sh'
[5.024s] Level 1:colcon.colcon_core.environment:checking '/home/shen/learn/ROS2/can_ws/install/my_can_utils/lib'
[5.024s] Level 1:colcon.colcon_core.environment:checking '/home/shen/learn/ROS2/can_ws/install/my_can_utils/bin'
[5.024s] Level 1:colcon.colcon_core.environment:checking '/home/shen/learn/ROS2/can_ws/install/my_can_utils/lib/pkgconfig/my_can_utils.pc'
[5.024s] Level 1:colcon.colcon_core.environment:checking '/home/shen/learn/ROS2/can_ws/install/my_can_utils/lib/python3.10/site-packages'
[5.025s] Level 1:colcon.colcon_core.environment:checking '/home/shen/learn/ROS2/can_ws/install/my_can_utils/bin'
[5.037s] INFO:colcon.colcon_core.shell:Creating package script '/home/shen/learn/ROS2/can_ws/install/my_can_utils/share/my_can_utils/package.ps1'
[5.038s] INFO:colcon.colcon_core.shell:Creating package descriptor '/home/shen/learn/ROS2/can_ws/install/my_can_utils/share/my_can_utils/package.dsv'
[5.038s] INFO:colcon.colcon_core.shell:Creating package script '/home/shen/learn/ROS2/can_ws/install/my_can_utils/share/my_can_utils/package.sh'
[5.038s] INFO:colcon.colcon_core.shell:Creating package script '/home/shen/learn/ROS2/can_ws/install/my_can_utils/share/my_can_utils/package.bash'
[5.039s] INFO:colcon.colcon_core.shell:Creating package script '/home/shen/learn/ROS2/can_ws/install/my_can_utils/share/my_can_utils/package.zsh'
[5.039s] Level 1:colcon.colcon_core.environment:create_file_with_runtime_dependencies(/home/shen/learn/ROS2/can_ws/install/my_can_utils/share/colcon-core/packages/my_can_utils)
[5.039s] DEBUG:colcon.colcon_parallel_executor.executor.parallel:closing loop
[5.039s] DEBUG:colcon.colcon_parallel_executor.executor.parallel:loop closed
[5.039s] DEBUG:colcon.colcon_parallel_executor.executor.parallel:run_until_complete finished with '0'
[5.039s] DEBUG:colcon.colcon_core.event_reactor:joining thread
[5.070s] INFO:colcon.colcon_core.plugin_system:Skipping extension 'colcon_notification.desktop_notification.terminal_notifier': Not used on non-Darwin systems
[5.070s] INFO:colcon.colcon_core.plugin_system:Skipping extension 'colcon_notification.desktop_notification.win32': Not used on non-Windows systems
[5.070s] INFO:colcon.colcon_notification.desktop_notification:Sending desktop notification using 'notify2'
[5.088s] DEBUG:colcon.colcon_core.event_reactor:joined thread
[5.107s] INFO:colcon.colcon_core.shell:Creating prefix script '/home/shen/learn/ROS2/can_ws/install/local_setup.ps1'
[5.108s] INFO:colcon.colcon_core.shell:Creating prefix util module '/home/shen/learn/ROS2/can_ws/install/_local_setup_util_ps1.py'
[5.110s] INFO:colcon.colcon_core.shell:Creating prefix chain script '/home/shen/learn/ROS2/can_ws/install/setup.ps1'
[5.129s] INFO:colcon.colcon_core.shell:Creating prefix script '/home/shen/learn/ROS2/can_ws/install/local_setup.sh'
[5.130s] INFO:colcon.colcon_core.shell:Creating prefix util module '/home/shen/learn/ROS2/can_ws/install/_local_setup_util_sh.py'
[5.131s] INFO:colcon.colcon_core.shell:Creating prefix chain script '/home/shen/learn/ROS2/can_ws/install/setup.sh'
[5.149s] INFO:colcon.colcon_core.shell:Creating prefix script '/home/shen/learn/ROS2/can_ws/install/local_setup.bash'
[5.149s] INFO:colcon.colcon_core.shell:Creating prefix chain script '/home/shen/learn/ROS2/can_ws/install/setup.bash'
[5.168s] INFO:colcon.colcon_core.shell:Creating prefix script '/home/shen/learn/ROS2/can_ws/install/local_setup.zsh'
[5.168s] INFO:colcon.colcon_core.shell:Creating prefix chain script '/home/shen/learn/ROS2/can_ws/install/setup.zsh'
