In file included from [01m[K/usr/include/x86_64-linux-gnu/c++/11/bits/gthr-default.h:35[m[K,
                 from [01m[K/usr/include/x86_64-linux-gnu/c++/11/bits/gthr.h:148[m[K,
                 from [01m[K/usr/include/c++/11/ext/atomicity.h:35[m[K,
                 from [01m[K/usr/include/c++/11/bits/shared_ptr_base.h:61[m[K,
                 from [01m[K/usr/include/c++/11/bits/shared_ptr.h:53[m[K,
                 from [01m[K/usr/include/c++/11/memory:77[m[K,
                 from [01m[K/opt/ros/humble/include/rclcpp/rclcpp/rclcpp.hpp:153[m[K,
                 from [01m[K/home/shen/learn/ROS2/enet_driver_ws/src/enet_sender_node/src/enet_sender.cpp:1[m[K:
[01m[K/usr/include/pthread.h:244:34:[m[K [01;31m[Kerror: [m[K‘[01m[Kclockid_t[m[K’ has not been declared
  244 |                                  [01;31m[Kclockid_t[m[K __clockid,
      |                                  [01;31m[K^~~~~~~~~[m[K
[01m[K/usr/include/pthread.h:818:37:[m[K [01;31m[Kerror: [m[K‘[01m[Kclockid_t[m[K’ has not been declared
  818 |                                     [01;31m[Kclockid_t[m[K __clockid,
      |                                     [01;31m[K^~~~~~~~~[m[K
[01m[K/usr/include/pthread.h:1005:40:[m[K [01;31m[Kerror: [m[K‘[01m[Kclockid_t[m[K’ has not been declared
 1005 |                                        [01;31m[Kclockid_t[m[K __clockid,
      |                                        [01;31m[K^~~~~~~~~[m[K
[01m[K/usr/include/pthread.h:1052:40:[m[K [01;31m[Kerror: [m[K‘[01m[Kclockid_t[m[K’ has not been declared
 1052 |                                        [01;31m[Kclockid_t[m[K __clockid,
      |                                        [01;31m[K^~~~~~~~~[m[K
In file included from [01m[K/usr/include/c++/11/chrono:42[m[K,
                 from [01m[K/usr/include/c++/11/mutex:39[m[K,
                 from [01m[K/usr/include/c++/11/future:38[m[K,
                 from [01m[K/opt/ros/humble/include/rclcpp/rclcpp/executors.hpp:18[m[K,
                 from [01m[K/opt/ros/humble/include/rclcpp/rclcpp/rclcpp.hpp:155[m[K,
                 from [01m[K/home/shen/learn/ROS2/enet_driver_ws/src/enet_sender_node/src/enet_sender.cpp:1[m[K:
[01m[K/usr/include/c++/11/ctime:60:11:[m[K [01;31m[Kerror: [m[K‘[01m[Kclock_t[m[K’ has not been declared in ‘[01m[K::[m[K’
   60 |   using ::[01;31m[Kclock_t[m[K;
      |           [01;31m[K^~~~~~~[m[K
[01m[K/usr/include/c++/11/ctime:64:11:[m[K [01;31m[Kerror: [m[K‘[01m[Kclock[m[K’ has not been declared in ‘[01m[K::[m[K’
   64 |   using ::[01;31m[Kclock[m[K;
      |           [01;31m[K^~~~~[m[K
[01m[K/usr/include/c++/11/ctime:65:11:[m[K [01;31m[Kerror: [m[K‘[01m[Kdifftime[m[K’ has not been declared in ‘[01m[K::[m[K’
   65 |   using ::[01;31m[Kdifftime[m[K;
      |           [01;31m[K^~~~~~~~[m[K
[01m[K/usr/include/c++/11/ctime:66:11:[m[K [01;31m[Kerror: [m[K‘[01m[Kmktime[m[K’ has not been declared in ‘[01m[K::[m[K’
   66 |   using ::[01;31m[Kmktime[m[K;
      |           [01;31m[K^~~~~~[m[K
[01m[K/usr/include/c++/11/ctime:67:11:[m[K [01;31m[Kerror: [m[K‘[01m[Ktime[m[K’ has not been declared in ‘[01m[K::[m[K’
   67 |   using ::[01;31m[Ktime[m[K;
      |           [01;31m[K^~~~[m[K
[01m[K/usr/include/c++/11/ctime:68:11:[m[K [01;31m[Kerror: [m[K‘[01m[Kasctime[m[K’ has not been declared in ‘[01m[K::[m[K’
   68 |   using ::[01;31m[Kasctime[m[K;
      |           [01;31m[K^~~~~~~[m[K
[01m[K/usr/include/c++/11/ctime:69:11:[m[K [01;31m[Kerror: [m[K‘[01m[Kctime[m[K’ has not been declared in ‘[01m[K::[m[K’
   69 |   using ::[01;31m[Kctime[m[K;
      |           [01;31m[K^~~~~[m[K
[01m[K/usr/include/c++/11/ctime:70:11:[m[K [01;31m[Kerror: [m[K‘[01m[Kgmtime[m[K’ has not been declared in ‘[01m[K::[m[K’
   70 |   using ::[01;31m[Kgmtime[m[K;
      |           [01;31m[K^~~~~~[m[K
[01m[K/usr/include/c++/11/ctime:71:11:[m[K [01;31m[Kerror: [m[K‘[01m[Klocaltime[m[K’ has not been declared in ‘[01m[K::[m[K’
   71 |   using ::[01;31m[Klocaltime[m[K;
      |           [01;31m[K^~~~~~~~~[m[K
[01m[K/usr/include/c++/11/ctime:72:11:[m[K [01;31m[Kerror: [m[K‘[01m[Kstrftime[m[K’ has not been declared in ‘[01m[K::[m[K’
   72 |   using ::[01;31m[Kstrftime[m[K;
      |           [01;31m[K^~~~~~~~[m[K
[01m[K/usr/include/c++/11/ctime:80:11:[m[K [01;31m[Kerror: [m[K‘[01m[Ktimespec_get[m[K’ has not been declared in ‘[01m[K::[m[K’
   80 |   using ::[01;31m[Ktimespec_get[m[K;
      |           [01;31m[K^~~~~~~~~~~~[m[K
In file included from [01m[K/usr/include/c++/11/future:38[m[K,
                 from [01m[K/opt/ros/humble/include/rclcpp/rclcpp/executors.hpp:18[m[K,
                 from [01m[K/opt/ros/humble/include/rclcpp/rclcpp/rclcpp.hpp:155[m[K,
                 from [01m[K/home/shen/learn/ROS2/enet_driver_ws/src/enet_sender_node/src/enet_sender.cpp:1[m[K:
[01m[K/usr/include/c++/11/mutex:[m[K In member function ‘[01m[Kbool std::__timed_mutex_impl<_Derived>::_M_try_lock_until(const std::chrono::time_point<std::chrono::_V2::steady_clock, _Duration>&)[m[K’:
[01m[K/usr/include/c++/11/mutex:185:61:[m[K [01;31m[Kerror: [m[K‘[01m[KCLOCK_MONOTONIC[m[K’ was not declared in this scope
  185 |           return static_cast<_Derived*>(this)->_M_clocklock([01;31m[KCLOCK_MONOTONIC[m[K,
      |                                                             [01;31m[K^~~~~~~~~~~~~~~[m[K
In file included from [01m[K/usr/include/c++/11/future:39[m[K,
                 from [01m[K/opt/ros/humble/include/rclcpp/rclcpp/executors.hpp:18[m[K,
                 from [01m[K/opt/ros/humble/include/rclcpp/rclcpp/rclcpp.hpp:155[m[K,
                 from [01m[K/home/shen/learn/ROS2/enet_driver_ws/src/enet_sender_node/src/enet_sender.cpp:1[m[K:
[01m[K/usr/include/c++/11/condition_variable:[m[K In member function ‘[01m[Kstd::cv_status std::condition_variable::__wait_until_impl(std::unique_lock<std::mutex>&, const std::chrono::time_point<std::chrono::_V2::steady_clock, _Duration>&)[m[K’:
[01m[K/usr/include/c++/11/condition_variable:201:45:[m[K [01;31m[Kerror: [m[K‘[01m[KCLOCK_MONOTONIC[m[K’ was not declared in this scope
  201 |         _M_cond.wait_until(*__lock.mutex(), [01;31m[KCLOCK_MONOTONIC[m[K, __ts);
      |                                             [01;31m[K^~~~~~~~~~~~~~~[m[K
In file included from [01m[K/usr/include/c++/11/thread:44[m[K,
                 from [01m[K/opt/ros/humble/include/rclcpp/rclcpp/executors/multi_threaded_executor.hpp:22[m[K,
                 from [01m[K/opt/ros/humble/include/rclcpp/rclcpp/executors.hpp:21[m[K,
                 from [01m[K/opt/ros/humble/include/rclcpp/rclcpp/rclcpp.hpp:155[m[K,
                 from [01m[K/home/shen/learn/ROS2/enet_driver_ws/src/enet_sender_node/src/enet_sender.cpp:1[m[K:
[01m[K/usr/include/c++/11/bits/this_thread_sleep.h:[m[K In function ‘[01m[Kvoid std::this_thread::sleep_for(const std::chrono::duration<_Rep1, _Period1>&)[m[K’:
[01m[K/usr/include/c++/11/bits/this_thread_sleep.h:82:18:[m[K [01;31m[Kerror: [m[K‘[01m[K::nanosleep[m[K’ has not been declared
   82 |         while (::[01;31m[Knanosleep[m[K(&__ts, &__ts) == -1 && errno == EINTR)
      |                  [01;31m[K^~~~~~~~~[m[K
In file included from [01m[K/opt/ros/humble/include/rclcpp/rclcpp/experimental/intra_process_manager.hpp:20[m[K,
                 from [01m[K/opt/ros/humble/include/rclcpp/rclcpp/subscription_base.hpp:34[m[K,
                 from [01m[K/opt/ros/humble/include/rclcpp/rclcpp/callback_group.hpp:29[m[K,
                 from [01m[K/opt/ros/humble/include/rclcpp/rclcpp/any_executable.hpp:20[m[K,
                 from [01m[K/opt/ros/humble/include/rclcpp/rclcpp/memory_strategy.hpp:25[m[K,
                 from [01m[K/opt/ros/humble/include/rclcpp/rclcpp/memory_strategies.hpp:18[m[K,
                 from [01m[K/opt/ros/humble/include/rclcpp/rclcpp/executor_options.hpp:20[m[K,
                 from [01m[K/opt/ros/humble/include/rclcpp/rclcpp/executor.hpp:37[m[K,
                 from [01m[K/opt/ros/humble/include/rclcpp/rclcpp/executors/multi_threaded_executor.hpp:25[m[K,
                 from [01m[K/opt/ros/humble/include/rclcpp/rclcpp/executors.hpp:21[m[K,
                 from [01m[K/opt/ros/humble/include/rclcpp/rclcpp/rclcpp.hpp:155[m[K,
                 from [01m[K/home/shen/learn/ROS2/enet_driver_ws/src/enet_sender_node/src/enet_sender.cpp:1[m[K:
[01m[K/usr/include/c++/11/shared_mutex:[m[K In member function ‘[01m[Kbool std::shared_timed_mutex::try_lock_until(const std::chrono::time_point<std::chrono::_V2::steady_clock, _Duration>&)[m[K’:
[01m[K/usr/include/c++/11/shared_mutex:546:60:[m[K [01;31m[Kerror: [m[K‘[01m[KCLOCK_MONOTONIC[m[K’ was not declared in this scope
  546 |         int __ret = pthread_rwlock_clockwrlock(&_M_rwlock, [01;31m[KCLOCK_MONOTONIC[m[K,
      |                                                            [01;31m[K^~~~~~~~~~~~~~~[m[K
[01m[K/usr/include/c++/11/shared_mutex:[m[K In member function ‘[01m[Kbool std::shared_timed_mutex::try_lock_shared_until(const std::chrono::time_point<std::chrono::_V2::steady_clock, _Duration>&)[m[K’:
[01m[K/usr/include/c++/11/shared_mutex:633:60:[m[K [01;31m[Kerror: [m[K‘[01m[KCLOCK_MONOTONIC[m[K’ was not declared in this scope
  633 |         int __ret = pthread_rwlock_clockrdlock(&_M_rwlock, [01;31m[KCLOCK_MONOTONIC[m[K,
      |                                                            [01;31m[K^~~~~~~~~~~~~~~[m[K
gmake[2]: *** [CMakeFiles/enet_sender_node.dir/build.make:76：CMakeFiles/enet_sender_node.dir/src/enet_sender.cpp.o] 错误 1
gmake[1]: *** [CMakeFiles/Makefile2:137：CMakeFiles/enet_sender_node.dir/all] 错误 2
gmake: *** [Makefile:146：all] 错误 2
