[0.066s] Invoking command in '/home/shen/learn/ROS2/visualizer_ws/build/radar_visualizer': CMAKE_PREFIX_PATH=${CMAKE_PREFIX_PATH}:/opt/ros/humble /usr/bin/cmake --build /home/shen/learn/ROS2/visualizer_ws/build/radar_visualizer -- -j16 -l16
[0.103s] -- Found ament_cmake: 1.3.6 (/opt/ros/humble/share/ament_cmake/cmake)
[0.287s] -- Found rclcpp: 16.0.7 (/opt/ros/humble/share/rclcpp/cmake)
[0.315s] -- Found rosidl_generator_c: 3.1.5 (/opt/ros/humble/share/rosidl_generator_c/cmake)
[0.317s] -- Found rosidl_adapter: 3.1.5 (/opt/ros/humble/share/rosidl_adapter/cmake)
[0.323s] -- Found rosidl_generator_cpp: 3.1.5 (/opt/ros/humble/share/rosidl_generator_cpp/cmake)
[0.345s] -- Using all available rosidl_typesupport_c: rosidl_typesupport_fastrtps_c;rosidl_typesupport_introspection_c
[0.367s] -- Using all available rosidl_typesupport_cpp: rosidl_typesupport_fastrtps_cpp;rosidl_typesupport_introspection_cpp
[0.420s] -- Found rmw_implementation_cmake: 6.1.1 (/opt/ros/humble/share/rmw_implementation_cmake/cmake)
[0.421s] -- Found rmw_cyclonedds_cpp: 1.3.4 (/opt/ros/humble/share/rmw_cyclonedds_cpp/cmake)
[0.450s] -- Using RMW implementation 'rmw_cyclonedds_cpp' as default
[0.587s] -- Found radar_msgs: 0.2.1 (/opt/ros/humble/share/radar_msgs/cmake)
[0.684s] -- Found visualization_msgs: 4.2.3 (/opt/ros/humble/share/visualization_msgs/cmake)
[0.871s] -- Found ament_lint_auto: 0.12.9 (/opt/ros/humble/share/ament_lint_auto/cmake)
[0.963s] -- Added test 'cppcheck' to perform static code analysis on C / C++ code
[0.963s] -- Configured cppcheck include dirs: 
[0.964s] -- Configured cppcheck exclude dirs and/or files: 
[0.964s] -- Added test 'flake8' to check Python code syntax and style conventions
[0.964s] -- Added test 'lint_cmake' to check CMake code style
[0.965s] -- Added test 'pep257' to check Python code against some of the docstring style conventions in PEP 257
[0.966s] -- Added test 'uncrustify' to check C / C++ code style
[0.967s] -- Configured uncrustify additional arguments: 
[0.967s] -- Added test 'xmllint' to check XML markup files
[0.967s] -- Configuring done
[0.978s] -- Generating done
[0.980s] -- Build files have been written to: /home/shen/learn/ROS2/visualizer_ws/build/radar_visualizer
[1.016s] [35m[1mConsolidate compiler generated dependencies of target radar_visualizer[0m
[1.071s] [ 50%] [32mBuilding CXX object CMakeFiles/radar_visualizer.dir/src/radar_visualizer.cpp.o[0m
[8.161s] [100%] [32m[1mLinking CXX executable radar_visualizer[0m
[8.667s] [100%] Built target radar_visualizer
[8.693s] Invoked command in '/home/shen/learn/ROS2/visualizer_ws/build/radar_visualizer' returned '0': CMAKE_PREFIX_PATH=${CMAKE_PREFIX_PATH}:/opt/ros/humble /usr/bin/cmake --build /home/shen/learn/ROS2/visualizer_ws/build/radar_visualizer -- -j16 -l16
[8.760s] Invoking command in '/home/shen/learn/ROS2/visualizer_ws/build/radar_visualizer': CMAKE_PREFIX_PATH=${CMAKE_PREFIX_PATH}:/opt/ros/humble /usr/bin/cmake --install /home/shen/learn/ROS2/visualizer_ws/build/radar_visualizer
[8.776s] -- Install configuration: ""
[8.777s] -- Installing: /home/shen/learn/ROS2/visualizer_ws/install/radar_visualizer/lib/radar_visualizer/radar_visualizer
[8.793s] -- Set runtime path of "/home/shen/learn/ROS2/visualizer_ws/install/radar_visualizer/lib/radar_visualizer/radar_visualizer" to ""
[8.793s] -- Installing: /home/shen/learn/ROS2/visualizer_ws/install/radar_visualizer/share/radar_visualizer/launch
[8.793s] -- Installing: /home/shen/learn/ROS2/visualizer_ws/install/radar_visualizer/share/radar_visualizer/launch/radar_visualizer.launch.py
[8.794s] -- Installing: /home/shen/learn/ROS2/visualizer_ws/install/radar_visualizer/share/radar_visualizer/config
[8.794s] -- Installing: /home/shen/learn/ROS2/visualizer_ws/install/radar_visualizer/share/radar_visualizer/config/config.yaml
[8.794s] -- Up-to-date: /home/shen/learn/ROS2/visualizer_ws/install/radar_visualizer/share/ament_index/resource_index/package_run_dependencies/radar_visualizer
[8.795s] -- Installing: /home/shen/learn/ROS2/visualizer_ws/install/radar_visualizer/share/ament_index/resource_index/parent_prefix_path/radar_visualizer
[8.795s] -- Up-to-date: /home/shen/learn/ROS2/visualizer_ws/install/radar_visualizer/share/radar_visualizer/environment/ament_prefix_path.sh
[8.795s] -- Installing: /home/shen/learn/ROS2/visualizer_ws/install/radar_visualizer/share/radar_visualizer/environment/ament_prefix_path.dsv
[8.796s] -- Up-to-date: /home/shen/learn/ROS2/visualizer_ws/install/radar_visualizer/share/radar_visualizer/environment/path.sh
[8.796s] -- Installing: /home/shen/learn/ROS2/visualizer_ws/install/radar_visualizer/share/radar_visualizer/environment/path.dsv
[8.796s] -- Up-to-date: /home/shen/learn/ROS2/visualizer_ws/install/radar_visualizer/share/radar_visualizer/local_setup.bash
[8.797s] -- Up-to-date: /home/shen/learn/ROS2/visualizer_ws/install/radar_visualizer/share/radar_visualizer/local_setup.sh
[8.797s] -- Up-to-date: /home/shen/learn/ROS2/visualizer_ws/install/radar_visualizer/share/radar_visualizer/local_setup.zsh
[8.797s] -- Installing: /home/shen/learn/ROS2/visualizer_ws/install/radar_visualizer/share/radar_visualizer/local_setup.dsv
[8.797s] -- Installing: /home/shen/learn/ROS2/visualizer_ws/install/radar_visualizer/share/radar_visualizer/package.dsv
[8.798s] -- Up-to-date: /home/shen/learn/ROS2/visualizer_ws/install/radar_visualizer/share/ament_index/resource_index/packages/radar_visualizer
[8.798s] -- Up-to-date: /home/shen/learn/ROS2/visualizer_ws/install/radar_visualizer/share/radar_visualizer/cmake/radar_visualizerConfig.cmake
[8.799s] -- Up-to-date: /home/shen/learn/ROS2/visualizer_ws/install/radar_visualizer/share/radar_visualizer/cmake/radar_visualizerConfig-version.cmake
[8.799s] -- Installing: /home/shen/learn/ROS2/visualizer_ws/install/radar_visualizer/share/radar_visualizer/package.xml
[8.803s] Invoked command in '/home/shen/learn/ROS2/visualizer_ws/build/radar_visualizer' returned '0': CMAKE_PREFIX_PATH=${CMAKE_PREFIX_PATH}:/opt/ros/humble /usr/bin/cmake --install /home/shen/learn/ROS2/visualizer_ws/build/radar_visualizer
