[0.798s] DEBUG:colcon:Command line arguments: ['/usr/bin/colcon', 'build']
[0.798s] DEBUG:colcon:Parsed command line arguments: Namespace(log_base=None, log_level=None, verb_name='build', build_base='build', install_base='install', merge_install=False, symlink_install=False, test_result_base=None, continue_on_error=False, executor='parallel', parallel_workers=16, event_handlers=None, ignore_user_meta=False, metas=['./colcon.meta'], base_paths=['.'], packages_ignore=None, packages_ignore_regex=None, paths=None, packages_up_to=None, packages_up_to_regex=None, packages_above=None, packages_above_and_dependencies=None, packages_above_depth=None, packages_select_by_dep=None, packages_skip_by_dep=None, packages_skip_up_to=None, packages_select_build_failed=False, packages_skip_build_finished=False, packages_select_test_failures=False, packages_skip_test_passed=False, packages_select=None, packages_skip=None, packages_select_regex=None, packages_skip_regex=None, packages_start=None, packages_end=None, allow_overriding=[], cmake_args=None, cmake_target=None, cmake_target_skip_unavailable=False, cmake_clean_cache=False, cmake_clean_first=False, cmake_force_configure=False, ament_cmake_args=None, catkin_cmake_args=None, catkin_skip_building_tests=False, verb_parser=<colcon_defaults.argument_parser.defaults.DefaultArgumentsDecorator object at 0x7c7079dbbcd0>, verb_extension=<colcon_core.verb.build.BuildVerb object at 0x7c707af97f40>, main=<bound method BuildVerb.main of <colcon_core.verb.build.BuildVerb object at 0x7c707af97f40>>)
[0.835s] Level 1:colcon.colcon_core.package_discovery:discover_packages(colcon_meta) check parameters
[0.835s] Level 1:colcon.colcon_core.package_discovery:discover_packages(recursive) check parameters
[0.835s] Level 1:colcon.colcon_core.package_discovery:discover_packages(ignore) check parameters
[0.835s] Level 1:colcon.colcon_core.package_discovery:discover_packages(path) check parameters
[0.835s] Level 1:colcon.colcon_core.package_discovery:discover_packages(colcon_meta) discover
[0.835s] Level 1:colcon.colcon_core.package_discovery:discover_packages(recursive) discover
[0.835s] INFO:colcon.colcon_core.package_discovery:Crawling recursively for packages in '/home/shen/learn/ROS2/ars408_ws'
[0.835s] Level 1:colcon.colcon_core.package_identification:_identify(.) by extensions ['ignore', 'ignore_ament_install']
[0.835s] Level 1:colcon.colcon_core.package_identification:_identify(.) by extension 'ignore'
[0.835s] Level 1:colcon.colcon_core.package_identification:_identify(.) by extension 'ignore_ament_install'
[0.835s] Level 1:colcon.colcon_core.package_identification:_identify(.) by extensions ['colcon_pkg']
[0.835s] Level 1:colcon.colcon_core.package_identification:_identify(.) by extension 'colcon_pkg'
[0.835s] Level 1:colcon.colcon_core.package_identification:_identify(.) by extensions ['colcon_meta']
[0.835s] Level 1:colcon.colcon_core.package_identification:_identify(.) by extension 'colcon_meta'
[0.836s] Level 1:colcon.colcon_core.package_identification:_identify(.) by extensions ['ros']
[0.836s] Level 1:colcon.colcon_core.package_identification:_identify(.) by extension 'ros'
[0.844s] Level 1:colcon.colcon_core.package_identification:_identify(.) by extensions ['cmake', 'python']
[0.845s] Level 1:colcon.colcon_core.package_identification:_identify(.) by extension 'cmake'
[0.845s] Level 1:colcon.colcon_core.package_identification:_identify(.) by extension 'python'
[0.845s] Level 1:colcon.colcon_core.package_identification:_identify(.) by extensions ['python_setup_py']
[0.845s] Level 1:colcon.colcon_core.package_identification:_identify(.) by extension 'python_setup_py'
[0.845s] Level 1:colcon.colcon_core.package_identification:_identify(build) by extensions ['ignore', 'ignore_ament_install']
[0.845s] Level 1:colcon.colcon_core.package_identification:_identify(build) by extension 'ignore'
[0.845s] Level 1:colcon.colcon_core.package_identification:_identify(build) ignored
[0.845s] Level 1:colcon.colcon_core.package_identification:_identify(install) by extensions ['ignore', 'ignore_ament_install']
[0.845s] Level 1:colcon.colcon_core.package_identification:_identify(install) by extension 'ignore'
[0.845s] Level 1:colcon.colcon_core.package_identification:_identify(install) ignored
[0.845s] Level 1:colcon.colcon_core.package_identification:_identify(log) by extensions ['ignore', 'ignore_ament_install']
[0.845s] Level 1:colcon.colcon_core.package_identification:_identify(log) by extension 'ignore'
[0.845s] Level 1:colcon.colcon_core.package_identification:_identify(log) ignored
[0.845s] Level 1:colcon.colcon_core.package_identification:_identify(src) by extensions ['ignore', 'ignore_ament_install']
[0.845s] Level 1:colcon.colcon_core.package_identification:_identify(src) by extension 'ignore'
[0.845s] Level 1:colcon.colcon_core.package_identification:_identify(src) by extension 'ignore_ament_install'
[0.846s] Level 1:colcon.colcon_core.package_identification:_identify(src) by extensions ['colcon_pkg']
[0.846s] Level 1:colcon.colcon_core.package_identification:_identify(src) by extension 'colcon_pkg'
[0.846s] Level 1:colcon.colcon_core.package_identification:_identify(src) by extensions ['colcon_meta']
[0.846s] Level 1:colcon.colcon_core.package_identification:_identify(src) by extension 'colcon_meta'
[0.846s] Level 1:colcon.colcon_core.package_identification:_identify(src) by extensions ['ros']
[0.846s] Level 1:colcon.colcon_core.package_identification:_identify(src) by extension 'ros'
[0.846s] Level 1:colcon.colcon_core.package_identification:_identify(src) by extensions ['cmake', 'python']
[0.846s] Level 1:colcon.colcon_core.package_identification:_identify(src) by extension 'cmake'
[0.846s] Level 1:colcon.colcon_core.package_identification:_identify(src) by extension 'python'
[0.846s] Level 1:colcon.colcon_core.package_identification:_identify(src) by extensions ['python_setup_py']
[0.846s] Level 1:colcon.colcon_core.package_identification:_identify(src) by extension 'python_setup_py'
[0.846s] Level 1:colcon.colcon_core.package_identification:_identify(src/ars408_driver) by extensions ['ignore', 'ignore_ament_install']
[0.846s] Level 1:colcon.colcon_core.package_identification:_identify(src/ars408_driver) by extension 'ignore'
[0.846s] Level 1:colcon.colcon_core.package_identification:_identify(src/ars408_driver) by extension 'ignore_ament_install'
[0.846s] Level 1:colcon.colcon_core.package_identification:_identify(src/ars408_driver) by extensions ['colcon_pkg']
[0.846s] Level 1:colcon.colcon_core.package_identification:_identify(src/ars408_driver) by extension 'colcon_pkg'
[0.846s] Level 1:colcon.colcon_core.package_identification:_identify(src/ars408_driver) by extensions ['colcon_meta']
[0.846s] Level 1:colcon.colcon_core.package_identification:_identify(src/ars408_driver) by extension 'colcon_meta'
[0.846s] Level 1:colcon.colcon_core.package_identification:_identify(src/ars408_driver) by extensions ['ros']
[0.846s] Level 1:colcon.colcon_core.package_identification:_identify(src/ars408_driver) by extension 'ros'
[0.848s] DEBUG:colcon.colcon_core.package_identification:Package 'src/ars408_driver' with type 'ros.ament_cmake' and name 'pe_ars408_ros'
[0.849s] Level 1:colcon.colcon_core.package_identification:_identify(src/ros2_socketcan) by extensions ['ignore', 'ignore_ament_install']
[0.849s] Level 1:colcon.colcon_core.package_identification:_identify(src/ros2_socketcan) by extension 'ignore'
[0.849s] Level 1:colcon.colcon_core.package_identification:_identify(src/ros2_socketcan) by extension 'ignore_ament_install'
[0.849s] Level 1:colcon.colcon_core.package_identification:_identify(src/ros2_socketcan) by extensions ['colcon_pkg']
[0.849s] Level 1:colcon.colcon_core.package_identification:_identify(src/ros2_socketcan) by extension 'colcon_pkg'
[0.849s] Level 1:colcon.colcon_core.package_identification:_identify(src/ros2_socketcan) by extensions ['colcon_meta']
[0.849s] Level 1:colcon.colcon_core.package_identification:_identify(src/ros2_socketcan) by extension 'colcon_meta'
[0.849s] Level 1:colcon.colcon_core.package_identification:_identify(src/ros2_socketcan) by extensions ['ros']
[0.849s] Level 1:colcon.colcon_core.package_identification:_identify(src/ros2_socketcan) by extension 'ros'
[0.849s] Level 1:colcon.colcon_core.package_identification:_identify(src/ros2_socketcan) by extensions ['cmake', 'python']
[0.849s] Level 1:colcon.colcon_core.package_identification:_identify(src/ros2_socketcan) by extension 'cmake'
[0.849s] Level 1:colcon.colcon_core.package_identification:_identify(src/ros2_socketcan) by extension 'python'
[0.849s] Level 1:colcon.colcon_core.package_identification:_identify(src/ros2_socketcan) by extensions ['python_setup_py']
[0.849s] Level 1:colcon.colcon_core.package_identification:_identify(src/ros2_socketcan) by extension 'python_setup_py'
[0.849s] Level 1:colcon.colcon_core.package_identification:_identify(src/ros2_socketcan/ros2_socketcan) by extensions ['ignore', 'ignore_ament_install']
[0.849s] Level 1:colcon.colcon_core.package_identification:_identify(src/ros2_socketcan/ros2_socketcan) by extension 'ignore'
[0.849s] Level 1:colcon.colcon_core.package_identification:_identify(src/ros2_socketcan/ros2_socketcan) by extension 'ignore_ament_install'
[0.849s] Level 1:colcon.colcon_core.package_identification:_identify(src/ros2_socketcan/ros2_socketcan) by extensions ['colcon_pkg']
[0.849s] Level 1:colcon.colcon_core.package_identification:_identify(src/ros2_socketcan/ros2_socketcan) by extension 'colcon_pkg'
[0.850s] Level 1:colcon.colcon_core.package_identification:_identify(src/ros2_socketcan/ros2_socketcan) by extensions ['colcon_meta']
[0.850s] Level 1:colcon.colcon_core.package_identification:_identify(src/ros2_socketcan/ros2_socketcan) by extension 'colcon_meta'
[0.850s] Level 1:colcon.colcon_core.package_identification:_identify(src/ros2_socketcan/ros2_socketcan) by extensions ['ros']
[0.850s] Level 1:colcon.colcon_core.package_identification:_identify(src/ros2_socketcan/ros2_socketcan) by extension 'ros'
[0.850s] DEBUG:colcon.colcon_core.package_identification:Package 'src/ros2_socketcan/ros2_socketcan' with type 'ros.ament_cmake' and name 'ros2_socketcan'
[0.850s] Level 1:colcon.colcon_core.package_identification:_identify(src/ros2_socketcan/ros2_socketcan_msgs) by extensions ['ignore', 'ignore_ament_install']
[0.851s] Level 1:colcon.colcon_core.package_identification:_identify(src/ros2_socketcan/ros2_socketcan_msgs) by extension 'ignore'
[0.851s] Level 1:colcon.colcon_core.package_identification:_identify(src/ros2_socketcan/ros2_socketcan_msgs) by extension 'ignore_ament_install'
[0.851s] Level 1:colcon.colcon_core.package_identification:_identify(src/ros2_socketcan/ros2_socketcan_msgs) by extensions ['colcon_pkg']
[0.851s] Level 1:colcon.colcon_core.package_identification:_identify(src/ros2_socketcan/ros2_socketcan_msgs) by extension 'colcon_pkg'
[0.851s] Level 1:colcon.colcon_core.package_identification:_identify(src/ros2_socketcan/ros2_socketcan_msgs) by extensions ['colcon_meta']
[0.851s] Level 1:colcon.colcon_core.package_identification:_identify(src/ros2_socketcan/ros2_socketcan_msgs) by extension 'colcon_meta'
[0.851s] Level 1:colcon.colcon_core.package_identification:_identify(src/ros2_socketcan/ros2_socketcan_msgs) by extensions ['ros']
[0.851s] Level 1:colcon.colcon_core.package_identification:_identify(src/ros2_socketcan/ros2_socketcan_msgs) by extension 'ros'
[0.851s] DEBUG:colcon.colcon_core.package_identification:Package 'src/ros2_socketcan/ros2_socketcan_msgs' with type 'ros.ament_cmake' and name 'ros2_socketcan_msgs'
[0.851s] Level 1:colcon.colcon_core.package_discovery:discover_packages(recursive) using defaults
[0.851s] Level 1:colcon.colcon_core.package_discovery:discover_packages(ignore) discover
[0.851s] Level 1:colcon.colcon_core.package_discovery:discover_packages(ignore) using defaults
[0.851s] Level 1:colcon.colcon_core.package_discovery:discover_packages(path) discover
[0.851s] Level 1:colcon.colcon_core.package_discovery:discover_packages(path) using defaults
[0.925s] Level 1:colcon.colcon_core.package_discovery:discover_packages(prefix_path) check parameters
[0.925s] Level 1:colcon.colcon_core.package_discovery:discover_packages(prefix_path) discover
[0.949s] DEBUG:colcon.colcon_installed_package_information.package_discovery:Found 3 installed packages in /home/shen/learn/ROS2/ars408_ws/install
[0.962s] DEBUG:colcon.colcon_installed_package_information.package_discovery:Found 344 installed packages in /opt/ros/humble
[0.963s] Level 1:colcon.colcon_core.package_discovery:discover_packages(prefix_path) using defaults
[1.050s] Level 5:colcon.colcon_core.verb:set package 'ros2_socketcan_msgs' build argument 'cmake_args' from command line to 'None'
[1.050s] Level 5:colcon.colcon_core.verb:set package 'ros2_socketcan_msgs' build argument 'cmake_target' from command line to 'None'
[1.050s] Level 5:colcon.colcon_core.verb:set package 'ros2_socketcan_msgs' build argument 'cmake_target_skip_unavailable' from command line to 'False'
[1.050s] Level 5:colcon.colcon_core.verb:set package 'ros2_socketcan_msgs' build argument 'cmake_clean_cache' from command line to 'False'
[1.050s] Level 5:colcon.colcon_core.verb:set package 'ros2_socketcan_msgs' build argument 'cmake_clean_first' from command line to 'False'
[1.051s] Level 5:colcon.colcon_core.verb:set package 'ros2_socketcan_msgs' build argument 'cmake_force_configure' from command line to 'False'
[1.051s] Level 5:colcon.colcon_core.verb:set package 'ros2_socketcan_msgs' build argument 'ament_cmake_args' from command line to 'None'
[1.051s] Level 5:colcon.colcon_core.verb:set package 'ros2_socketcan_msgs' build argument 'catkin_cmake_args' from command line to 'None'
[1.051s] Level 5:colcon.colcon_core.verb:set package 'ros2_socketcan_msgs' build argument 'catkin_skip_building_tests' from command line to 'False'
[1.051s] DEBUG:colcon.colcon_core.verb:Building package 'ros2_socketcan_msgs' with the following arguments: {'ament_cmake_args': None, 'build_base': '/home/shen/learn/ROS2/ars408_ws/build/ros2_socketcan_msgs', 'catkin_cmake_args': None, 'catkin_skip_building_tests': False, 'cmake_args': None, 'cmake_clean_cache': False, 'cmake_clean_first': False, 'cmake_force_configure': False, 'cmake_target': None, 'cmake_target_skip_unavailable': False, 'install_base': '/home/shen/learn/ROS2/ars408_ws/install/ros2_socketcan_msgs', 'merge_install': False, 'path': '/home/shen/learn/ROS2/ars408_ws/src/ros2_socketcan/ros2_socketcan_msgs', 'symlink_install': False, 'test_result_base': None}
[1.062s] Level 5:colcon.colcon_core.verb:set package 'ros2_socketcan' build argument 'cmake_args' from command line to 'None'
[1.062s] Level 5:colcon.colcon_core.verb:set package 'ros2_socketcan' build argument 'cmake_target' from command line to 'None'
[1.062s] Level 5:colcon.colcon_core.verb:set package 'ros2_socketcan' build argument 'cmake_target_skip_unavailable' from command line to 'False'
[1.062s] Level 5:colcon.colcon_core.verb:set package 'ros2_socketcan' build argument 'cmake_clean_cache' from command line to 'False'
[1.063s] Level 5:colcon.colcon_core.verb:set package 'ros2_socketcan' build argument 'cmake_clean_first' from command line to 'False'
[1.063s] Level 5:colcon.colcon_core.verb:set package 'ros2_socketcan' build argument 'cmake_force_configure' from command line to 'False'
[1.063s] Level 5:colcon.colcon_core.verb:set package 'ros2_socketcan' build argument 'ament_cmake_args' from command line to 'None'
[1.063s] Level 5:colcon.colcon_core.verb:set package 'ros2_socketcan' build argument 'catkin_cmake_args' from command line to 'None'
[1.063s] Level 5:colcon.colcon_core.verb:set package 'ros2_socketcan' build argument 'catkin_skip_building_tests' from command line to 'False'
[1.063s] DEBUG:colcon.colcon_core.verb:Building package 'ros2_socketcan' with the following arguments: {'ament_cmake_args': None, 'build_base': '/home/shen/learn/ROS2/ars408_ws/build/ros2_socketcan', 'catkin_cmake_args': None, 'catkin_skip_building_tests': False, 'cmake_args': None, 'cmake_clean_cache': False, 'cmake_clean_first': False, 'cmake_force_configure': False, 'cmake_target': None, 'cmake_target_skip_unavailable': False, 'install_base': '/home/shen/learn/ROS2/ars408_ws/install/ros2_socketcan', 'merge_install': False, 'path': '/home/shen/learn/ROS2/ars408_ws/src/ros2_socketcan/ros2_socketcan', 'symlink_install': False, 'test_result_base': None}
[1.075s] Level 5:colcon.colcon_core.verb:set package 'pe_ars408_ros' build argument 'cmake_args' from command line to 'None'
[1.075s] Level 5:colcon.colcon_core.verb:set package 'pe_ars408_ros' build argument 'cmake_target' from command line to 'None'
[1.075s] Level 5:colcon.colcon_core.verb:set package 'pe_ars408_ros' build argument 'cmake_target_skip_unavailable' from command line to 'False'
[1.075s] Level 5:colcon.colcon_core.verb:set package 'pe_ars408_ros' build argument 'cmake_clean_cache' from command line to 'False'
[1.075s] Level 5:colcon.colcon_core.verb:set package 'pe_ars408_ros' build argument 'cmake_clean_first' from command line to 'False'
[1.075s] Level 5:colcon.colcon_core.verb:set package 'pe_ars408_ros' build argument 'cmake_force_configure' from command line to 'False'
[1.075s] Level 5:colcon.colcon_core.verb:set package 'pe_ars408_ros' build argument 'ament_cmake_args' from command line to 'None'
[1.075s] Level 5:colcon.colcon_core.verb:set package 'pe_ars408_ros' build argument 'catkin_cmake_args' from command line to 'None'
[1.075s] Level 5:colcon.colcon_core.verb:set package 'pe_ars408_ros' build argument 'catkin_skip_building_tests' from command line to 'False'
[1.075s] DEBUG:colcon.colcon_core.verb:Building package 'pe_ars408_ros' with the following arguments: {'ament_cmake_args': None, 'build_base': '/home/shen/learn/ROS2/ars408_ws/build/pe_ars408_ros', 'catkin_cmake_args': None, 'catkin_skip_building_tests': False, 'cmake_args': None, 'cmake_clean_cache': False, 'cmake_clean_first': False, 'cmake_force_configure': False, 'cmake_target': None, 'cmake_target_skip_unavailable': False, 'install_base': '/home/shen/learn/ROS2/ars408_ws/install/pe_ars408_ros', 'merge_install': False, 'path': '/home/shen/learn/ROS2/ars408_ws/src/ars408_driver', 'symlink_install': False, 'test_result_base': None}
[1.086s] INFO:colcon.colcon_core.executor:Executing jobs using 'parallel' executor
[1.100s] DEBUG:colcon.colcon_parallel_executor.executor.parallel:run_until_complete
[1.100s] INFO:colcon.colcon_ros.task.ament_cmake.build:Building ROS package in '/home/shen/learn/ROS2/ars408_ws/src/ros2_socketcan/ros2_socketcan_msgs' with build type 'ament_cmake'
[1.100s] INFO:colcon.colcon_cmake.task.cmake.build:Building CMake package in '/home/shen/learn/ROS2/ars408_ws/src/ros2_socketcan/ros2_socketcan_msgs'
[1.114s] INFO:colcon.colcon_core.plugin_system:Skipping extension 'colcon_core.shell.bat': Not used on non-Windows systems
[1.115s] INFO:colcon.colcon_core.shell:Skip shell extension 'powershell' for command environment: Not usable outside of PowerShell
[1.115s] DEBUG:colcon.colcon_core.shell:Skip shell extension 'dsv' for command environment
[1.165s] DEBUG:colcon.colcon_core.event_handler.log_command:Invoking command in '/home/shen/learn/ROS2/ars408_ws/build/ros2_socketcan_msgs': CMAKE_PREFIX_PATH=${CMAKE_PREFIX_PATH}:/opt/ros/humble /usr/bin/cmake --build /home/shen/learn/ROS2/ars408_ws/build/ros2_socketcan_msgs -- -j16 -l16
[1.538s] DEBUG:colcon.colcon_core.event_handler.log_command:Invoked command in '/home/shen/learn/ROS2/ars408_ws/build/ros2_socketcan_msgs' returned '0': CMAKE_PREFIX_PATH=${CMAKE_PREFIX_PATH}:/opt/ros/humble /usr/bin/cmake --build /home/shen/learn/ROS2/ars408_ws/build/ros2_socketcan_msgs -- -j16 -l16
[1.628s] DEBUG:colcon.colcon_core.event_handler.log_command:Invoking command in '/home/shen/learn/ROS2/ars408_ws/build/ros2_socketcan_msgs': CMAKE_PREFIX_PATH=${CMAKE_PREFIX_PATH}:/opt/ros/humble /usr/bin/cmake --install /home/shen/learn/ROS2/ars408_ws/build/ros2_socketcan_msgs
[1.710s] Level 1:colcon.colcon_core.environment:create_environment_scripts_only(ros2_socketcan_msgs)
[1.711s] DEBUG:colcon.colcon_core.event_handler.log_command:Invoked command in '/home/shen/learn/ROS2/ars408_ws/build/ros2_socketcan_msgs' returned '0': CMAKE_PREFIX_PATH=${CMAKE_PREFIX_PATH}:/opt/ros/humble /usr/bin/cmake --install /home/shen/learn/ROS2/ars408_ws/build/ros2_socketcan_msgs
[1.729s] Level 1:colcon.colcon_core.environment:checking '/home/shen/learn/ROS2/ars408_ws/install/ros2_socketcan_msgs' for CMake module files
[1.729s] Level 1:colcon.colcon_core.environment:checking '/home/shen/learn/ROS2/ars408_ws/install/ros2_socketcan_msgs' for CMake config files
[1.730s] Level 1:colcon.colcon_core.shell:create_environment_hook('ros2_socketcan_msgs', 'cmake_prefix_path')
[1.743s] INFO:colcon.colcon_core.shell:Creating environment hook '/home/shen/learn/ROS2/ars408_ws/install/ros2_socketcan_msgs/share/ros2_socketcan_msgs/hook/cmake_prefix_path.ps1'
[1.744s] INFO:colcon.colcon_core.shell:Creating environment descriptor '/home/shen/learn/ROS2/ars408_ws/install/ros2_socketcan_msgs/share/ros2_socketcan_msgs/hook/cmake_prefix_path.dsv'
[1.744s] INFO:colcon.colcon_core.shell:Creating environment hook '/home/shen/learn/ROS2/ars408_ws/install/ros2_socketcan_msgs/share/ros2_socketcan_msgs/hook/cmake_prefix_path.sh'
[1.745s] Level 1:colcon.colcon_core.environment:checking '/home/shen/learn/ROS2/ars408_ws/install/ros2_socketcan_msgs/lib'
[1.745s] Level 1:colcon.colcon_core.shell:create_environment_hook('ros2_socketcan_msgs', 'ld_library_path_lib')
[1.758s] INFO:colcon.colcon_core.shell:Creating environment hook '/home/shen/learn/ROS2/ars408_ws/install/ros2_socketcan_msgs/share/ros2_socketcan_msgs/hook/ld_library_path_lib.ps1'
[1.759s] INFO:colcon.colcon_core.shell:Creating environment descriptor '/home/shen/learn/ROS2/ars408_ws/install/ros2_socketcan_msgs/share/ros2_socketcan_msgs/hook/ld_library_path_lib.dsv'
[1.759s] INFO:colcon.colcon_core.shell:Creating environment hook '/home/shen/learn/ROS2/ars408_ws/install/ros2_socketcan_msgs/share/ros2_socketcan_msgs/hook/ld_library_path_lib.sh'
[1.760s] Level 1:colcon.colcon_core.environment:checking '/home/shen/learn/ROS2/ars408_ws/install/ros2_socketcan_msgs/bin'
[1.760s] Level 1:colcon.colcon_core.environment:checking '/home/shen/learn/ROS2/ars408_ws/install/ros2_socketcan_msgs/lib/pkgconfig/ros2_socketcan_msgs.pc'
[1.760s] Level 1:colcon.colcon_core.environment:checking '/home/shen/learn/ROS2/ars408_ws/install/ros2_socketcan_msgs/lib/python3.10/site-packages'
[1.760s] Level 1:colcon.colcon_core.environment:checking '/home/shen/learn/ROS2/ars408_ws/install/ros2_socketcan_msgs/bin'
[1.773s] INFO:colcon.colcon_core.shell:Creating package script '/home/shen/learn/ROS2/ars408_ws/install/ros2_socketcan_msgs/share/ros2_socketcan_msgs/package.ps1'
[1.774s] INFO:colcon.colcon_core.shell:Creating package descriptor '/home/shen/learn/ROS2/ars408_ws/install/ros2_socketcan_msgs/share/ros2_socketcan_msgs/package.dsv'
[1.774s] INFO:colcon.colcon_core.shell:Creating package script '/home/shen/learn/ROS2/ars408_ws/install/ros2_socketcan_msgs/share/ros2_socketcan_msgs/package.sh'
[1.775s] INFO:colcon.colcon_core.shell:Creating package script '/home/shen/learn/ROS2/ars408_ws/install/ros2_socketcan_msgs/share/ros2_socketcan_msgs/package.bash'
[1.776s] INFO:colcon.colcon_core.shell:Creating package script '/home/shen/learn/ROS2/ars408_ws/install/ros2_socketcan_msgs/share/ros2_socketcan_msgs/package.zsh'
[1.776s] Level 1:colcon.colcon_core.environment:create_file_with_runtime_dependencies(/home/shen/learn/ROS2/ars408_ws/install/ros2_socketcan_msgs/share/colcon-core/packages/ros2_socketcan_msgs)
[1.906s] Level 1:colcon.colcon_core.environment:create_environment_scripts_only(ros2_socketcan_msgs)
[1.919s] Level 1:colcon.colcon_core.environment:checking '/home/shen/learn/ROS2/ars408_ws/install/ros2_socketcan_msgs' for CMake module files
[1.919s] Level 1:colcon.colcon_core.environment:checking '/home/shen/learn/ROS2/ars408_ws/install/ros2_socketcan_msgs' for CMake config files
[1.920s] Level 1:colcon.colcon_core.shell:create_environment_hook('ros2_socketcan_msgs', 'cmake_prefix_path')
[1.933s] INFO:colcon.colcon_core.shell:Creating environment hook '/home/shen/learn/ROS2/ars408_ws/install/ros2_socketcan_msgs/share/ros2_socketcan_msgs/hook/cmake_prefix_path.ps1'
[1.934s] INFO:colcon.colcon_core.shell:Creating environment descriptor '/home/shen/learn/ROS2/ars408_ws/install/ros2_socketcan_msgs/share/ros2_socketcan_msgs/hook/cmake_prefix_path.dsv'
[1.934s] INFO:colcon.colcon_core.shell:Creating environment hook '/home/shen/learn/ROS2/ars408_ws/install/ros2_socketcan_msgs/share/ros2_socketcan_msgs/hook/cmake_prefix_path.sh'
[1.935s] Level 1:colcon.colcon_core.environment:checking '/home/shen/learn/ROS2/ars408_ws/install/ros2_socketcan_msgs/lib'
[1.935s] Level 1:colcon.colcon_core.shell:create_environment_hook('ros2_socketcan_msgs', 'ld_library_path_lib')
[1.948s] INFO:colcon.colcon_core.shell:Creating environment hook '/home/shen/learn/ROS2/ars408_ws/install/ros2_socketcan_msgs/share/ros2_socketcan_msgs/hook/ld_library_path_lib.ps1'
[1.948s] INFO:colcon.colcon_core.shell:Creating environment descriptor '/home/shen/learn/ROS2/ars408_ws/install/ros2_socketcan_msgs/share/ros2_socketcan_msgs/hook/ld_library_path_lib.dsv'
[1.949s] INFO:colcon.colcon_core.shell:Creating environment hook '/home/shen/learn/ROS2/ars408_ws/install/ros2_socketcan_msgs/share/ros2_socketcan_msgs/hook/ld_library_path_lib.sh'
[1.949s] Level 1:colcon.colcon_core.environment:checking '/home/shen/learn/ROS2/ars408_ws/install/ros2_socketcan_msgs/bin'
[1.949s] Level 1:colcon.colcon_core.environment:checking '/home/shen/learn/ROS2/ars408_ws/install/ros2_socketcan_msgs/lib/pkgconfig/ros2_socketcan_msgs.pc'
[1.949s] Level 1:colcon.colcon_core.environment:checking '/home/shen/learn/ROS2/ars408_ws/install/ros2_socketcan_msgs/lib/python3.10/site-packages'
[1.950s] Level 1:colcon.colcon_core.environment:checking '/home/shen/learn/ROS2/ars408_ws/install/ros2_socketcan_msgs/bin'
[1.963s] INFO:colcon.colcon_core.shell:Creating package script '/home/shen/learn/ROS2/ars408_ws/install/ros2_socketcan_msgs/share/ros2_socketcan_msgs/package.ps1'
[1.964s] INFO:colcon.colcon_core.shell:Creating package descriptor '/home/shen/learn/ROS2/ars408_ws/install/ros2_socketcan_msgs/share/ros2_socketcan_msgs/package.dsv'
[1.964s] INFO:colcon.colcon_core.shell:Creating package script '/home/shen/learn/ROS2/ars408_ws/install/ros2_socketcan_msgs/share/ros2_socketcan_msgs/package.sh'
[1.965s] INFO:colcon.colcon_core.shell:Creating package script '/home/shen/learn/ROS2/ars408_ws/install/ros2_socketcan_msgs/share/ros2_socketcan_msgs/package.bash'
[1.965s] INFO:colcon.colcon_core.shell:Creating package script '/home/shen/learn/ROS2/ars408_ws/install/ros2_socketcan_msgs/share/ros2_socketcan_msgs/package.zsh'
[1.965s] Level 1:colcon.colcon_core.environment:create_file_with_runtime_dependencies(/home/shen/learn/ROS2/ars408_ws/install/ros2_socketcan_msgs/share/colcon-core/packages/ros2_socketcan_msgs)
[1.966s] INFO:colcon.colcon_ros.task.ament_cmake.build:Building ROS package in '/home/shen/learn/ROS2/ars408_ws/src/ros2_socketcan/ros2_socketcan' with build type 'ament_cmake'
[1.966s] INFO:colcon.colcon_cmake.task.cmake.build:Building CMake package in '/home/shen/learn/ROS2/ars408_ws/src/ros2_socketcan/ros2_socketcan'
[1.979s] INFO:colcon.colcon_core.shell:Skip shell extension 'powershell' for command environment: Not usable outside of PowerShell
[1.979s] DEBUG:colcon.colcon_core.shell:Skip shell extension 'dsv' for command environment
[2.033s] DEBUG:colcon.colcon_core.event_handler.log_command:Invoking command in '/home/shen/learn/ROS2/ars408_ws/build/ros2_socketcan': CMAKE_PREFIX_PATH=/home/shen/learn/ROS2/ars408_ws/install/ros2_socketcan_msgs:/home/shen/learn/ROS2/ars408_ws/install/pe_ars408_ros:/home/shen/learn/ROS2/ars408_ws/install/ros2_socketcan:/opt/ros/humble LD_LIBRARY_PATH=/home/shen/learn/ROS2/ars408_ws/install/ros2_socketcan_msgs/lib:/home/shen/learn/ROS2/ars408_ws/install/pe_ars408_ros/lib:/home/shen/learn/ROS2/ars408_ws/install/ros2_socketcan/lib:/usr/lib/x86_64-linux-gnu/gazebo-11/plugins:/opt/ros/humble/opt/rviz_ogre_vendor/lib:/opt/ros/humble/lib/x86_64-linux-gnu:/opt/ros/humble/lib /usr/bin/cmake --build /home/shen/learn/ROS2/ars408_ws/build/ros2_socketcan -- -j16 -l16
[2.250s] DEBUG:colcon.colcon_core.event_handler.log_command:Invoked command in '/home/shen/learn/ROS2/ars408_ws/build/ros2_socketcan' returned '0': CMAKE_PREFIX_PATH=/home/shen/learn/ROS2/ars408_ws/install/ros2_socketcan_msgs:/home/shen/learn/ROS2/ars408_ws/install/pe_ars408_ros:/home/shen/learn/ROS2/ars408_ws/install/ros2_socketcan:/opt/ros/humble LD_LIBRARY_PATH=/home/shen/learn/ROS2/ars408_ws/install/ros2_socketcan_msgs/lib:/home/shen/learn/ROS2/ars408_ws/install/pe_ars408_ros/lib:/home/shen/learn/ROS2/ars408_ws/install/ros2_socketcan/lib:/usr/lib/x86_64-linux-gnu/gazebo-11/plugins:/opt/ros/humble/opt/rviz_ogre_vendor/lib:/opt/ros/humble/lib/x86_64-linux-gnu:/opt/ros/humble/lib /usr/bin/cmake --build /home/shen/learn/ROS2/ars408_ws/build/ros2_socketcan -- -j16 -l16
[2.331s] DEBUG:colcon.colcon_core.event_handler.log_command:Invoking command in '/home/shen/learn/ROS2/ars408_ws/build/ros2_socketcan': CMAKE_PREFIX_PATH=/home/shen/learn/ROS2/ars408_ws/install/ros2_socketcan_msgs:/home/shen/learn/ROS2/ars408_ws/install/pe_ars408_ros:/home/shen/learn/ROS2/ars408_ws/install/ros2_socketcan:/opt/ros/humble LD_LIBRARY_PATH=/home/shen/learn/ROS2/ars408_ws/install/ros2_socketcan_msgs/lib:/home/shen/learn/ROS2/ars408_ws/install/pe_ars408_ros/lib:/home/shen/learn/ROS2/ars408_ws/install/ros2_socketcan/lib:/usr/lib/x86_64-linux-gnu/gazebo-11/plugins:/opt/ros/humble/opt/rviz_ogre_vendor/lib:/opt/ros/humble/lib/x86_64-linux-gnu:/opt/ros/humble/lib /usr/bin/cmake --install /home/shen/learn/ROS2/ars408_ws/build/ros2_socketcan
[2.362s] Level 1:colcon.colcon_core.environment:create_environment_scripts_only(ros2_socketcan)
[2.363s] DEBUG:colcon.colcon_core.event_handler.log_command:Invoked command in '/home/shen/learn/ROS2/ars408_ws/build/ros2_socketcan' returned '0': CMAKE_PREFIX_PATH=/home/shen/learn/ROS2/ars408_ws/install/ros2_socketcan_msgs:/home/shen/learn/ROS2/ars408_ws/install/pe_ars408_ros:/home/shen/learn/ROS2/ars408_ws/install/ros2_socketcan:/opt/ros/humble LD_LIBRARY_PATH=/home/shen/learn/ROS2/ars408_ws/install/ros2_socketcan_msgs/lib:/home/shen/learn/ROS2/ars408_ws/install/pe_ars408_ros/lib:/home/shen/learn/ROS2/ars408_ws/install/ros2_socketcan/lib:/usr/lib/x86_64-linux-gnu/gazebo-11/plugins:/opt/ros/humble/opt/rviz_ogre_vendor/lib:/opt/ros/humble/lib/x86_64-linux-gnu:/opt/ros/humble/lib /usr/bin/cmake --install /home/shen/learn/ROS2/ars408_ws/build/ros2_socketcan
[2.394s] Level 1:colcon.colcon_core.environment:checking '/home/shen/learn/ROS2/ars408_ws/install/ros2_socketcan' for CMake module files
[2.395s] Level 1:colcon.colcon_core.environment:checking '/home/shen/learn/ROS2/ars408_ws/install/ros2_socketcan' for CMake config files
[2.396s] Level 1:colcon.colcon_core.shell:create_environment_hook('ros2_socketcan', 'cmake_prefix_path')
[2.422s] INFO:colcon.colcon_core.shell:Creating environment hook '/home/shen/learn/ROS2/ars408_ws/install/ros2_socketcan/share/ros2_socketcan/hook/cmake_prefix_path.ps1'
[2.423s] INFO:colcon.colcon_core.shell:Creating environment descriptor '/home/shen/learn/ROS2/ars408_ws/install/ros2_socketcan/share/ros2_socketcan/hook/cmake_prefix_path.dsv'
[2.424s] INFO:colcon.colcon_core.shell:Creating environment hook '/home/shen/learn/ROS2/ars408_ws/install/ros2_socketcan/share/ros2_socketcan/hook/cmake_prefix_path.sh'
[2.425s] Level 1:colcon.colcon_core.environment:checking '/home/shen/learn/ROS2/ars408_ws/install/ros2_socketcan/lib'
[2.425s] Level 1:colcon.colcon_core.shell:create_environment_hook('ros2_socketcan', 'ld_library_path_lib')
[2.449s] INFO:colcon.colcon_core.shell:Creating environment hook '/home/shen/learn/ROS2/ars408_ws/install/ros2_socketcan/share/ros2_socketcan/hook/ld_library_path_lib.ps1'
[2.449s] INFO:colcon.colcon_core.shell:Creating environment descriptor '/home/shen/learn/ROS2/ars408_ws/install/ros2_socketcan/share/ros2_socketcan/hook/ld_library_path_lib.dsv'
[2.450s] INFO:colcon.colcon_core.shell:Creating environment hook '/home/shen/learn/ROS2/ars408_ws/install/ros2_socketcan/share/ros2_socketcan/hook/ld_library_path_lib.sh'
[2.450s] Level 1:colcon.colcon_core.environment:checking '/home/shen/learn/ROS2/ars408_ws/install/ros2_socketcan/bin'
[2.450s] Level 1:colcon.colcon_core.environment:checking '/home/shen/learn/ROS2/ars408_ws/install/ros2_socketcan/lib/pkgconfig/ros2_socketcan.pc'
[2.450s] Level 1:colcon.colcon_core.environment:checking '/home/shen/learn/ROS2/ars408_ws/install/ros2_socketcan/lib/python3.10/site-packages'
[2.451s] Level 1:colcon.colcon_core.environment:checking '/home/shen/learn/ROS2/ars408_ws/install/ros2_socketcan/bin'
[2.462s] INFO:colcon.colcon_core.shell:Creating package script '/home/shen/learn/ROS2/ars408_ws/install/ros2_socketcan/share/ros2_socketcan/package.ps1'
[2.463s] INFO:colcon.colcon_core.shell:Creating package descriptor '/home/shen/learn/ROS2/ars408_ws/install/ros2_socketcan/share/ros2_socketcan/package.dsv'
[2.463s] INFO:colcon.colcon_core.shell:Creating package script '/home/shen/learn/ROS2/ars408_ws/install/ros2_socketcan/share/ros2_socketcan/package.sh'
[2.464s] INFO:colcon.colcon_core.shell:Creating package script '/home/shen/learn/ROS2/ars408_ws/install/ros2_socketcan/share/ros2_socketcan/package.bash'
[2.464s] INFO:colcon.colcon_core.shell:Creating package script '/home/shen/learn/ROS2/ars408_ws/install/ros2_socketcan/share/ros2_socketcan/package.zsh'
[2.464s] Level 1:colcon.colcon_core.environment:create_file_with_runtime_dependencies(/home/shen/learn/ROS2/ars408_ws/install/ros2_socketcan/share/colcon-core/packages/ros2_socketcan)
[2.556s] Level 1:colcon.colcon_core.environment:create_environment_scripts_only(ros2_socketcan)
[2.568s] Level 1:colcon.colcon_core.environment:checking '/home/shen/learn/ROS2/ars408_ws/install/ros2_socketcan' for CMake module files
[2.569s] Level 1:colcon.colcon_core.environment:checking '/home/shen/learn/ROS2/ars408_ws/install/ros2_socketcan' for CMake config files
[2.569s] Level 1:colcon.colcon_core.shell:create_environment_hook('ros2_socketcan', 'cmake_prefix_path')
[2.582s] INFO:colcon.colcon_core.shell:Creating environment hook '/home/shen/learn/ROS2/ars408_ws/install/ros2_socketcan/share/ros2_socketcan/hook/cmake_prefix_path.ps1'
[2.582s] INFO:colcon.colcon_core.shell:Creating environment descriptor '/home/shen/learn/ROS2/ars408_ws/install/ros2_socketcan/share/ros2_socketcan/hook/cmake_prefix_path.dsv'
[2.582s] INFO:colcon.colcon_core.shell:Creating environment hook '/home/shen/learn/ROS2/ars408_ws/install/ros2_socketcan/share/ros2_socketcan/hook/cmake_prefix_path.sh'
[2.583s] Level 1:colcon.colcon_core.environment:checking '/home/shen/learn/ROS2/ars408_ws/install/ros2_socketcan/lib'
[2.583s] Level 1:colcon.colcon_core.shell:create_environment_hook('ros2_socketcan', 'ld_library_path_lib')
[2.595s] INFO:colcon.colcon_core.shell:Creating environment hook '/home/shen/learn/ROS2/ars408_ws/install/ros2_socketcan/share/ros2_socketcan/hook/ld_library_path_lib.ps1'
[2.596s] INFO:colcon.colcon_core.shell:Creating environment descriptor '/home/shen/learn/ROS2/ars408_ws/install/ros2_socketcan/share/ros2_socketcan/hook/ld_library_path_lib.dsv'
[2.596s] INFO:colcon.colcon_core.shell:Creating environment hook '/home/shen/learn/ROS2/ars408_ws/install/ros2_socketcan/share/ros2_socketcan/hook/ld_library_path_lib.sh'
[2.596s] Level 1:colcon.colcon_core.environment:checking '/home/shen/learn/ROS2/ars408_ws/install/ros2_socketcan/bin'
[2.596s] Level 1:colcon.colcon_core.environment:checking '/home/shen/learn/ROS2/ars408_ws/install/ros2_socketcan/lib/pkgconfig/ros2_socketcan.pc'
[2.596s] Level 1:colcon.colcon_core.environment:checking '/home/shen/learn/ROS2/ars408_ws/install/ros2_socketcan/lib/python3.10/site-packages'
[2.597s] Level 1:colcon.colcon_core.environment:checking '/home/shen/learn/ROS2/ars408_ws/install/ros2_socketcan/bin'
[2.609s] INFO:colcon.colcon_core.shell:Creating package script '/home/shen/learn/ROS2/ars408_ws/install/ros2_socketcan/share/ros2_socketcan/package.ps1'
[2.610s] INFO:colcon.colcon_core.shell:Creating package descriptor '/home/shen/learn/ROS2/ars408_ws/install/ros2_socketcan/share/ros2_socketcan/package.dsv'
[2.610s] INFO:colcon.colcon_core.shell:Creating package script '/home/shen/learn/ROS2/ars408_ws/install/ros2_socketcan/share/ros2_socketcan/package.sh'
[2.611s] INFO:colcon.colcon_core.shell:Creating package script '/home/shen/learn/ROS2/ars408_ws/install/ros2_socketcan/share/ros2_socketcan/package.bash'
[2.611s] INFO:colcon.colcon_core.shell:Creating package script '/home/shen/learn/ROS2/ars408_ws/install/ros2_socketcan/share/ros2_socketcan/package.zsh'
[2.611s] Level 1:colcon.colcon_core.environment:create_file_with_runtime_dependencies(/home/shen/learn/ROS2/ars408_ws/install/ros2_socketcan/share/colcon-core/packages/ros2_socketcan)
[2.611s] INFO:colcon.colcon_ros.task.ament_cmake.build:Building ROS package in '/home/shen/learn/ROS2/ars408_ws/src/ars408_driver' with build type 'ament_cmake'
[2.612s] INFO:colcon.colcon_cmake.task.cmake.build:Building CMake package in '/home/shen/learn/ROS2/ars408_ws/src/ars408_driver'
[2.625s] INFO:colcon.colcon_core.shell:Skip shell extension 'powershell' for command environment: Not usable outside of PowerShell
[2.625s] DEBUG:colcon.colcon_core.shell:Skip shell extension 'dsv' for command environment
[2.683s] DEBUG:colcon.colcon_core.event_handler.log_command:Invoking command in '/home/shen/learn/ROS2/ars408_ws/build/pe_ars408_ros': CMAKE_PREFIX_PATH=/home/shen/learn/ROS2/ars408_ws/install/ros2_socketcan:/home/shen/learn/ROS2/ars408_ws/install/ros2_socketcan_msgs:/home/shen/learn/ROS2/ars408_ws/install/pe_ars408_ros:/opt/ros/humble LD_LIBRARY_PATH=/home/shen/learn/ROS2/ars408_ws/install/ros2_socketcan/lib:/home/shen/learn/ROS2/ars408_ws/install/ros2_socketcan_msgs/lib:/home/shen/learn/ROS2/ars408_ws/install/pe_ars408_ros/lib:/usr/lib/x86_64-linux-gnu/gazebo-11/plugins:/opt/ros/humble/opt/rviz_ogre_vendor/lib:/opt/ros/humble/lib/x86_64-linux-gnu:/opt/ros/humble/lib /usr/bin/cmake --build /home/shen/learn/ROS2/ars408_ws/build/pe_ars408_ros -- -j16 -l16
[2.863s] DEBUG:colcon.colcon_core.event_handler.log_command:Invoked command in '/home/shen/learn/ROS2/ars408_ws/build/pe_ars408_ros' returned '0': CMAKE_PREFIX_PATH=/home/shen/learn/ROS2/ars408_ws/install/ros2_socketcan:/home/shen/learn/ROS2/ars408_ws/install/ros2_socketcan_msgs:/home/shen/learn/ROS2/ars408_ws/install/pe_ars408_ros:/opt/ros/humble LD_LIBRARY_PATH=/home/shen/learn/ROS2/ars408_ws/install/ros2_socketcan/lib:/home/shen/learn/ROS2/ars408_ws/install/ros2_socketcan_msgs/lib:/home/shen/learn/ROS2/ars408_ws/install/pe_ars408_ros/lib:/usr/lib/x86_64-linux-gnu/gazebo-11/plugins:/opt/ros/humble/opt/rviz_ogre_vendor/lib:/opt/ros/humble/lib/x86_64-linux-gnu:/opt/ros/humble/lib /usr/bin/cmake --build /home/shen/learn/ROS2/ars408_ws/build/pe_ars408_ros -- -j16 -l16
[2.924s] DEBUG:colcon.colcon_core.event_handler.log_command:Invoking command in '/home/shen/learn/ROS2/ars408_ws/build/pe_ars408_ros': CMAKE_PREFIX_PATH=/home/shen/learn/ROS2/ars408_ws/install/ros2_socketcan:/home/shen/learn/ROS2/ars408_ws/install/ros2_socketcan_msgs:/home/shen/learn/ROS2/ars408_ws/install/pe_ars408_ros:/opt/ros/humble LD_LIBRARY_PATH=/home/shen/learn/ROS2/ars408_ws/install/ros2_socketcan/lib:/home/shen/learn/ROS2/ars408_ws/install/ros2_socketcan_msgs/lib:/home/shen/learn/ROS2/ars408_ws/install/pe_ars408_ros/lib:/usr/lib/x86_64-linux-gnu/gazebo-11/plugins:/opt/ros/humble/opt/rviz_ogre_vendor/lib:/opt/ros/humble/lib/x86_64-linux-gnu:/opt/ros/humble/lib /usr/bin/cmake --install /home/shen/learn/ROS2/ars408_ws/build/pe_ars408_ros
[2.936s] Level 1:colcon.colcon_core.environment:create_environment_scripts_only(pe_ars408_ros)
[2.953s] DEBUG:colcon.colcon_core.event_handler.log_command:Invoked command in '/home/shen/learn/ROS2/ars408_ws/build/pe_ars408_ros' returned '0': CMAKE_PREFIX_PATH=/home/shen/learn/ROS2/ars408_ws/install/ros2_socketcan:/home/shen/learn/ROS2/ars408_ws/install/ros2_socketcan_msgs:/home/shen/learn/ROS2/ars408_ws/install/pe_ars408_ros:/opt/ros/humble LD_LIBRARY_PATH=/home/shen/learn/ROS2/ars408_ws/install/ros2_socketcan/lib:/home/shen/learn/ROS2/ars408_ws/install/ros2_socketcan_msgs/lib:/home/shen/learn/ROS2/ars408_ws/install/pe_ars408_ros/lib:/usr/lib/x86_64-linux-gnu/gazebo-11/plugins:/opt/ros/humble/opt/rviz_ogre_vendor/lib:/opt/ros/humble/lib/x86_64-linux-gnu:/opt/ros/humble/lib /usr/bin/cmake --install /home/shen/learn/ROS2/ars408_ws/build/pe_ars408_ros
[2.957s] Level 1:colcon.colcon_core.environment:checking '/home/shen/learn/ROS2/ars408_ws/install/pe_ars408_ros' for CMake module files
[2.958s] Level 1:colcon.colcon_core.environment:checking '/home/shen/learn/ROS2/ars408_ws/install/pe_ars408_ros' for CMake config files
[2.959s] Level 1:colcon.colcon_core.shell:create_environment_hook('pe_ars408_ros', 'cmake_prefix_path')
[2.973s] INFO:colcon.colcon_core.shell:Creating environment hook '/home/shen/learn/ROS2/ars408_ws/install/pe_ars408_ros/share/pe_ars408_ros/hook/cmake_prefix_path.ps1'
[2.974s] INFO:colcon.colcon_core.shell:Creating environment descriptor '/home/shen/learn/ROS2/ars408_ws/install/pe_ars408_ros/share/pe_ars408_ros/hook/cmake_prefix_path.dsv'
[2.974s] INFO:colcon.colcon_core.shell:Creating environment hook '/home/shen/learn/ROS2/ars408_ws/install/pe_ars408_ros/share/pe_ars408_ros/hook/cmake_prefix_path.sh'
[2.975s] Level 1:colcon.colcon_core.environment:checking '/home/shen/learn/ROS2/ars408_ws/install/pe_ars408_ros/lib'
[2.975s] Level 1:colcon.colcon_core.shell:create_environment_hook('pe_ars408_ros', 'ld_library_path_lib')
[2.992s] INFO:colcon.colcon_core.shell:Creating environment hook '/home/shen/learn/ROS2/ars408_ws/install/pe_ars408_ros/share/pe_ars408_ros/hook/ld_library_path_lib.ps1'
[2.993s] INFO:colcon.colcon_core.shell:Creating environment descriptor '/home/shen/learn/ROS2/ars408_ws/install/pe_ars408_ros/share/pe_ars408_ros/hook/ld_library_path_lib.dsv'
[2.993s] INFO:colcon.colcon_core.shell:Creating environment hook '/home/shen/learn/ROS2/ars408_ws/install/pe_ars408_ros/share/pe_ars408_ros/hook/ld_library_path_lib.sh'
[2.994s] Level 1:colcon.colcon_core.environment:checking '/home/shen/learn/ROS2/ars408_ws/install/pe_ars408_ros/bin'
[2.994s] Level 1:colcon.colcon_core.environment:checking '/home/shen/learn/ROS2/ars408_ws/install/pe_ars408_ros/lib/pkgconfig/pe_ars408_ros.pc'
[2.994s] Level 1:colcon.colcon_core.environment:checking '/home/shen/learn/ROS2/ars408_ws/install/pe_ars408_ros/lib/python3.10/site-packages'
[2.995s] Level 1:colcon.colcon_core.environment:checking '/home/shen/learn/ROS2/ars408_ws/install/pe_ars408_ros/bin'
[3.010s] INFO:colcon.colcon_core.shell:Creating package script '/home/shen/learn/ROS2/ars408_ws/install/pe_ars408_ros/share/pe_ars408_ros/package.ps1'
[3.010s] INFO:colcon.colcon_core.shell:Creating package descriptor '/home/shen/learn/ROS2/ars408_ws/install/pe_ars408_ros/share/pe_ars408_ros/package.dsv'
[3.011s] INFO:colcon.colcon_core.shell:Creating package script '/home/shen/learn/ROS2/ars408_ws/install/pe_ars408_ros/share/pe_ars408_ros/package.sh'
[3.011s] INFO:colcon.colcon_core.shell:Creating package script '/home/shen/learn/ROS2/ars408_ws/install/pe_ars408_ros/share/pe_ars408_ros/package.bash'
[3.011s] INFO:colcon.colcon_core.shell:Creating package script '/home/shen/learn/ROS2/ars408_ws/install/pe_ars408_ros/share/pe_ars408_ros/package.zsh'
[3.012s] Level 1:colcon.colcon_core.environment:create_file_with_runtime_dependencies(/home/shen/learn/ROS2/ars408_ws/install/pe_ars408_ros/share/colcon-core/packages/pe_ars408_ros)
[3.073s] Level 1:colcon.colcon_core.environment:create_environment_scripts_only(pe_ars408_ros)
[3.085s] Level 1:colcon.colcon_core.environment:checking '/home/shen/learn/ROS2/ars408_ws/install/pe_ars408_ros' for CMake module files
[3.086s] Level 1:colcon.colcon_core.environment:checking '/home/shen/learn/ROS2/ars408_ws/install/pe_ars408_ros' for CMake config files
[3.086s] Level 1:colcon.colcon_core.shell:create_environment_hook('pe_ars408_ros', 'cmake_prefix_path')
[3.099s] INFO:colcon.colcon_core.shell:Creating environment hook '/home/shen/learn/ROS2/ars408_ws/install/pe_ars408_ros/share/pe_ars408_ros/hook/cmake_prefix_path.ps1'
[3.100s] INFO:colcon.colcon_core.shell:Creating environment descriptor '/home/shen/learn/ROS2/ars408_ws/install/pe_ars408_ros/share/pe_ars408_ros/hook/cmake_prefix_path.dsv'
[3.100s] INFO:colcon.colcon_core.shell:Creating environment hook '/home/shen/learn/ROS2/ars408_ws/install/pe_ars408_ros/share/pe_ars408_ros/hook/cmake_prefix_path.sh'
[3.101s] Level 1:colcon.colcon_core.environment:checking '/home/shen/learn/ROS2/ars408_ws/install/pe_ars408_ros/lib'
[3.101s] Level 1:colcon.colcon_core.shell:create_environment_hook('pe_ars408_ros', 'ld_library_path_lib')
[3.115s] INFO:colcon.colcon_core.shell:Creating environment hook '/home/shen/learn/ROS2/ars408_ws/install/pe_ars408_ros/share/pe_ars408_ros/hook/ld_library_path_lib.ps1'
[3.116s] INFO:colcon.colcon_core.shell:Creating environment descriptor '/home/shen/learn/ROS2/ars408_ws/install/pe_ars408_ros/share/pe_ars408_ros/hook/ld_library_path_lib.dsv'
[3.116s] INFO:colcon.colcon_core.shell:Creating environment hook '/home/shen/learn/ROS2/ars408_ws/install/pe_ars408_ros/share/pe_ars408_ros/hook/ld_library_path_lib.sh'
[3.116s] Level 1:colcon.colcon_core.environment:checking '/home/shen/learn/ROS2/ars408_ws/install/pe_ars408_ros/bin'
[3.116s] Level 1:colcon.colcon_core.environment:checking '/home/shen/learn/ROS2/ars408_ws/install/pe_ars408_ros/lib/pkgconfig/pe_ars408_ros.pc'
[3.117s] Level 1:colcon.colcon_core.environment:checking '/home/shen/learn/ROS2/ars408_ws/install/pe_ars408_ros/lib/python3.10/site-packages'
[3.117s] Level 1:colcon.colcon_core.environment:checking '/home/shen/learn/ROS2/ars408_ws/install/pe_ars408_ros/bin'
[3.130s] INFO:colcon.colcon_core.shell:Creating package script '/home/shen/learn/ROS2/ars408_ws/install/pe_ars408_ros/share/pe_ars408_ros/package.ps1'
[3.131s] INFO:colcon.colcon_core.shell:Creating package descriptor '/home/shen/learn/ROS2/ars408_ws/install/pe_ars408_ros/share/pe_ars408_ros/package.dsv'
[3.131s] INFO:colcon.colcon_core.shell:Creating package script '/home/shen/learn/ROS2/ars408_ws/install/pe_ars408_ros/share/pe_ars408_ros/package.sh'
[3.132s] INFO:colcon.colcon_core.shell:Creating package script '/home/shen/learn/ROS2/ars408_ws/install/pe_ars408_ros/share/pe_ars408_ros/package.bash'
[3.132s] INFO:colcon.colcon_core.shell:Creating package script '/home/shen/learn/ROS2/ars408_ws/install/pe_ars408_ros/share/pe_ars408_ros/package.zsh'
[3.132s] Level 1:colcon.colcon_core.environment:create_file_with_runtime_dependencies(/home/shen/learn/ROS2/ars408_ws/install/pe_ars408_ros/share/colcon-core/packages/pe_ars408_ros)
[3.132s] DEBUG:colcon.colcon_parallel_executor.executor.parallel:closing loop
[3.133s] DEBUG:colcon.colcon_parallel_executor.executor.parallel:loop closed
[3.133s] DEBUG:colcon.colcon_parallel_executor.executor.parallel:run_until_complete finished with '0'
[3.133s] DEBUG:colcon.colcon_core.event_reactor:joining thread
[3.164s] INFO:colcon.colcon_core.plugin_system:Skipping extension 'colcon_notification.desktop_notification.terminal_notifier': Not used on non-Darwin systems
[3.164s] INFO:colcon.colcon_core.plugin_system:Skipping extension 'colcon_notification.desktop_notification.win32': Not used on non-Windows systems
[3.164s] INFO:colcon.colcon_notification.desktop_notification:Sending desktop notification using 'notify2'
[3.182s] DEBUG:colcon.colcon_core.event_reactor:joined thread
[3.195s] INFO:colcon.colcon_core.shell:Creating prefix script '/home/shen/learn/ROS2/ars408_ws/install/local_setup.ps1'
[3.196s] INFO:colcon.colcon_core.shell:Creating prefix util module '/home/shen/learn/ROS2/ars408_ws/install/_local_setup_util_ps1.py'
[3.197s] INFO:colcon.colcon_core.shell:Creating prefix chain script '/home/shen/learn/ROS2/ars408_ws/install/setup.ps1'
[3.210s] INFO:colcon.colcon_core.shell:Creating prefix script '/home/shen/learn/ROS2/ars408_ws/install/local_setup.sh'
[3.211s] INFO:colcon.colcon_core.shell:Creating prefix util module '/home/shen/learn/ROS2/ars408_ws/install/_local_setup_util_sh.py'
[3.211s] INFO:colcon.colcon_core.shell:Creating prefix chain script '/home/shen/learn/ROS2/ars408_ws/install/setup.sh'
[3.225s] INFO:colcon.colcon_core.shell:Creating prefix script '/home/shen/learn/ROS2/ars408_ws/install/local_setup.bash'
[3.226s] INFO:colcon.colcon_core.shell:Creating prefix chain script '/home/shen/learn/ROS2/ars408_ws/install/setup.bash'
[3.240s] INFO:colcon.colcon_core.shell:Creating prefix script '/home/shen/learn/ROS2/ars408_ws/install/local_setup.zsh'
[3.241s] INFO:colcon.colcon_core.shell:Creating prefix chain script '/home/shen/learn/ROS2/ars408_ws/install/setup.zsh'
