-- The C compiler identification is GNU 11.4.0
-- The CXX compiler identification is GNU 11.4.0
-- Detecting C compiler ABI info
-- Detecting C compiler ABI info - done
-- Check for working C compiler: /usr/bin/cc - skipped
-- Detecting C compile features
-- Detecting C compile features - done
-- Detecting CXX compiler ABI info
-- Detecting CXX compiler ABI info - done
-- Check for working CXX compiler: /usr/bin/c++ - skipped
-- Detecting CXX compile features
-- Detecting CXX compile features - done
-- Found ament_cmake: 1.3.6 (/opt/ros/humble/share/ament_cmake/cmake)
-- Found Python3: /usr/bin/python3.10 (found version "3.10.12") found components: Interpreter 
-- Found rclcpp: 16.0.7 (/opt/ros/humble/share/rclcpp/cmake)
-- Found rosidl_generator_c: 3.1.5 (/opt/ros/humble/share/rosidl_generator_c/cmake)
-- Found rosidl_adapter: 3.1.5 (/opt/ros/humble/share/rosidl_adapter/cmake)
-- Found rosidl_generator_cpp: 3.1.5 (/opt/ros/humble/share/rosidl_generator_cpp/cmake)
-- Using all available rosidl_typesupport_c: rosidl_typesupport_fastrtps_c;rosidl_typesupport_introspection_c
-- Using all available rosidl_typesupport_cpp: rosidl_typesupport_fastrtps_cpp;rosidl_typesupport_introspection_cpp
-- Found rmw_implementation_cmake: 6.1.1 (/opt/ros/humble/share/rmw_implementation_cmake/cmake)
-- Found rmw_cyclonedds_cpp: 1.3.4 (/opt/ros/humble/share/rmw_cyclonedds_cpp/cmake)
-- Using RMW implementation 'rmw_cyclonedds_cpp' as default
-- Looking for pthread.h
-- Looking for pthread.h - found
-- Performing Test CMAKE_HAVE_LIBC_PTHREAD
-- Performing Test CMAKE_HAVE_LIBC_PTHREAD - Success
-- Found Threads: TRUE  
-- Found udp_msgs: 0.0.3 (/opt/ros/humble/share/udp_msgs/cmake)
-- Found can_msgs: 2.0.0 (/opt/ros/humble/share/can_msgs/cmake)
-- Found message_filters: 4.3.3 (/opt/ros/humble/share/message_filters/cmake)
-- Found ament_lint_auto: 0.12.9 (/opt/ros/humble/share/ament_lint_auto/cmake)
-- Added test 'cppcheck' to perform static code analysis on C / C++ code
-- Configured cppcheck include dirs: 
-- Configured cppcheck exclude dirs and/or files: 
-- Added test 'lint_cmake' to check CMake code style
-- Added test 'uncrustify' to check C / C++ code style
-- Configured uncrustify additional arguments: 
-- Added test 'xmllint' to check XML markup files
-- Configuring done
-- Generating done
-- Build files have been written to: /home/shen/learn/ROS2/sync_ws/build/synchronize_utils
[ 50%] [32mBuilding CXX object CMakeFiles/sync_node.dir/src/sync_node.cpp.o[0m
[100%] [32m[1mLinking CXX executable sync_node[0m
[100%] Built target sync_node
-- Install configuration: ""
-- Installing: /home/shen/learn/ROS2/sync_ws/install/synchronize_utils/lib/synchronize_utils/sync_node
-- Set runtime path of "/home/shen/learn/ROS2/sync_ws/install/synchronize_utils/lib/synchronize_utils/sync_node" to ""
-- Installing: /home/shen/learn/ROS2/sync_ws/install/synchronize_utils/share/ament_index/resource_index/package_run_dependencies/synchronize_utils
-- Installing: /home/shen/learn/ROS2/sync_ws/install/synchronize_utils/share/ament_index/resource_index/parent_prefix_path/synchronize_utils
-- Installing: /home/shen/learn/ROS2/sync_ws/install/synchronize_utils/share/synchronize_utils/environment/ament_prefix_path.sh
-- Installing: /home/shen/learn/ROS2/sync_ws/install/synchronize_utils/share/synchronize_utils/environment/ament_prefix_path.dsv
-- Installing: /home/shen/learn/ROS2/sync_ws/install/synchronize_utils/share/synchronize_utils/environment/path.sh
-- Installing: /home/shen/learn/ROS2/sync_ws/install/synchronize_utils/share/synchronize_utils/environment/path.dsv
-- Installing: /home/shen/learn/ROS2/sync_ws/install/synchronize_utils/share/synchronize_utils/local_setup.bash
-- Installing: /home/shen/learn/ROS2/sync_ws/install/synchronize_utils/share/synchronize_utils/local_setup.sh
-- Installing: /home/shen/learn/ROS2/sync_ws/install/synchronize_utils/share/synchronize_utils/local_setup.zsh
-- Installing: /home/shen/learn/ROS2/sync_ws/install/synchronize_utils/share/synchronize_utils/local_setup.dsv
-- Installing: /home/shen/learn/ROS2/sync_ws/install/synchronize_utils/share/synchronize_utils/package.dsv
-- Installing: /home/shen/learn/ROS2/sync_ws/install/synchronize_utils/share/ament_index/resource_index/packages/synchronize_utils
-- Installing: /home/shen/learn/ROS2/sync_ws/install/synchronize_utils/share/synchronize_utils/cmake/synchronize_utilsConfig.cmake
-- Installing: /home/shen/learn/ROS2/sync_ws/install/synchronize_utils/share/synchronize_utils/cmake/synchronize_utilsConfig-version.cmake
-- Installing: /home/shen/learn/ROS2/sync_ws/install/synchronize_utils/share/synchronize_utils/package.xml
