[0.044s] Invoking command in '/home/shen/learn/ROS2/sync_ws/build/synchronize_utils': CMAKE_PREFIX_PATH=/opt/ros/humble /usr/bin/cmake /home/shen/learn/ROS2/sync_ws/src/synchronize_utils -DCMAKE_INSTALL_PREFIX=/home/shen/learn/ROS2/sync_ws/install/synchronize_utils
[0.136s] -- The C compiler identification is GNU 11.4.0
[0.233s] -- The CXX compiler identification is GNU 11.4.0
[0.251s] -- Detecting C compiler ABI info
[0.402s] -- Detecting C compiler ABI info - done
[0.421s] -- Check for working C compiler: /usr/bin/cc - skipped
[0.421s] -- Detecting C compile features
[0.422s] -- Detecting C compile features - done
[0.437s] -- Detecting CXX compiler ABI info
[0.568s] -- Detecting CXX compiler ABI info - done
[0.584s] -- Check for working CXX compiler: /usr/bin/c++ - skipped
[0.585s] -- Detecting CXX compile features
[0.586s] -- Detecting CXX compile features - done
[0.603s] -- Found ament_cmake: 1.3.6 (/opt/ros/humble/share/ament_cmake/cmake)
[0.858s] -- Found Python3: /usr/bin/python3.10 (found version "3.10.12") found components: Interpreter 
[1.024s] -- Found rclcpp: 16.0.7 (/opt/ros/humble/share/rclcpp/cmake)
[1.066s] -- Found rosidl_generator_c: 3.1.5 (/opt/ros/humble/share/rosidl_generator_c/cmake)
[1.071s] -- Found rosidl_adapter: 3.1.5 (/opt/ros/humble/share/rosidl_adapter/cmake)
[1.079s] -- Found rosidl_generator_cpp: 3.1.5 (/opt/ros/humble/share/rosidl_generator_cpp/cmake)
[1.092s] -- Using all available rosidl_typesupport_c: rosidl_typesupport_fastrtps_c;rosidl_typesupport_introspection_c
[1.109s] -- Using all available rosidl_typesupport_cpp: rosidl_typesupport_fastrtps_cpp;rosidl_typesupport_introspection_cpp
[1.171s] -- Found rmw_implementation_cmake: 6.1.1 (/opt/ros/humble/share/rmw_implementation_cmake/cmake)
[1.174s] -- Found rmw_cyclonedds_cpp: 1.3.4 (/opt/ros/humble/share/rmw_cyclonedds_cpp/cmake)
[1.202s] -- Using RMW implementation 'rmw_cyclonedds_cpp' as default
[1.212s] -- Looking for pthread.h
[1.293s] -- Looking for pthread.h - found
[1.293s] -- Performing Test CMAKE_HAVE_LIBC_PTHREAD
[1.384s] -- Performing Test CMAKE_HAVE_LIBC_PTHREAD - Success
[1.386s] -- Found Threads: TRUE  
[1.578s] -- Found udp_msgs: 0.0.3 (/opt/ros/humble/share/udp_msgs/cmake)
[1.617s] -- Found can_msgs: 2.0.0 (/opt/ros/humble/share/can_msgs/cmake)
[1.657s] -- Found message_filters: 4.3.3 (/opt/ros/humble/share/message_filters/cmake)
[1.663s] -- Found ament_lint_auto: 0.12.9 (/opt/ros/humble/share/ament_lint_auto/cmake)
[1.764s] -- Added test 'cppcheck' to perform static code analysis on C / C++ code
[1.764s] -- Configured cppcheck include dirs: 
[1.764s] -- Configured cppcheck exclude dirs and/or files: 
[1.764s] -- Added test 'lint_cmake' to check CMake code style
[1.765s] -- Added test 'uncrustify' to check C / C++ code style
[1.765s] -- Configured uncrustify additional arguments: 
[1.766s] -- Added test 'xmllint' to check XML markup files
[1.767s] -- Configuring done
[1.776s] -- Generating done
[1.777s] -- Build files have been written to: /home/shen/learn/ROS2/sync_ws/build/synchronize_utils
[1.784s] Invoked command in '/home/shen/learn/ROS2/sync_ws/build/synchronize_utils' returned '0': CMAKE_PREFIX_PATH=/opt/ros/humble /usr/bin/cmake /home/shen/learn/ROS2/sync_ws/src/synchronize_utils -DCMAKE_INSTALL_PREFIX=/home/shen/learn/ROS2/sync_ws/install/synchronize_utils
[1.787s] Invoking command in '/home/shen/learn/ROS2/sync_ws/build/synchronize_utils': CMAKE_PREFIX_PATH=/opt/ros/humble /usr/bin/cmake --build /home/shen/learn/ROS2/sync_ws/build/synchronize_utils -- -j16 -l16
[1.857s] [ 50%] [32mBuilding CXX object CMakeFiles/sync_node.dir/src/sync_node.cpp.o[0m
[12.179s] [100%] [32m[1mLinking CXX executable sync_node[0m
[12.897s] [100%] Built target sync_node
[12.927s] Invoked command in '/home/shen/learn/ROS2/sync_ws/build/synchronize_utils' returned '0': CMAKE_PREFIX_PATH=/opt/ros/humble /usr/bin/cmake --build /home/shen/learn/ROS2/sync_ws/build/synchronize_utils -- -j16 -l16
[12.999s] Invoking command in '/home/shen/learn/ROS2/sync_ws/build/synchronize_utils': CMAKE_PREFIX_PATH=/opt/ros/humble /usr/bin/cmake --install /home/shen/learn/ROS2/sync_ws/build/synchronize_utils
[13.015s] -- Install configuration: ""
[13.016s] -- Installing: /home/shen/learn/ROS2/sync_ws/install/synchronize_utils/lib/synchronize_utils/sync_node
[13.038s] -- Set runtime path of "/home/shen/learn/ROS2/sync_ws/install/synchronize_utils/lib/synchronize_utils/sync_node" to ""
[13.038s] -- Installing: /home/shen/learn/ROS2/sync_ws/install/synchronize_utils/share/ament_index/resource_index/package_run_dependencies/synchronize_utils
[13.038s] -- Installing: /home/shen/learn/ROS2/sync_ws/install/synchronize_utils/share/ament_index/resource_index/parent_prefix_path/synchronize_utils
[13.039s] -- Installing: /home/shen/learn/ROS2/sync_ws/install/synchronize_utils/share/synchronize_utils/environment/ament_prefix_path.sh
[13.039s] -- Installing: /home/shen/learn/ROS2/sync_ws/install/synchronize_utils/share/synchronize_utils/environment/ament_prefix_path.dsv
[13.040s] -- Installing: /home/shen/learn/ROS2/sync_ws/install/synchronize_utils/share/synchronize_utils/environment/path.sh
[13.040s] -- Installing: /home/shen/learn/ROS2/sync_ws/install/synchronize_utils/share/synchronize_utils/environment/path.dsv
[13.040s] -- Installing: /home/shen/learn/ROS2/sync_ws/install/synchronize_utils/share/synchronize_utils/local_setup.bash
[13.041s] -- Installing: /home/shen/learn/ROS2/sync_ws/install/synchronize_utils/share/synchronize_utils/local_setup.sh
[13.041s] -- Installing: /home/shen/learn/ROS2/sync_ws/install/synchronize_utils/share/synchronize_utils/local_setup.zsh
[13.041s] -- Installing: /home/shen/learn/ROS2/sync_ws/install/synchronize_utils/share/synchronize_utils/local_setup.dsv
[13.041s] -- Installing: /home/shen/learn/ROS2/sync_ws/install/synchronize_utils/share/synchronize_utils/package.dsv
[13.042s] -- Installing: /home/shen/learn/ROS2/sync_ws/install/synchronize_utils/share/ament_index/resource_index/packages/synchronize_utils
[13.042s] -- Installing: /home/shen/learn/ROS2/sync_ws/install/synchronize_utils/share/synchronize_utils/cmake/synchronize_utilsConfig.cmake
[13.042s] -- Installing: /home/shen/learn/ROS2/sync_ws/install/synchronize_utils/share/synchronize_utils/cmake/synchronize_utilsConfig-version.cmake
[13.043s] -- Installing: /home/shen/learn/ROS2/sync_ws/install/synchronize_utils/share/synchronize_utils/package.xml
[13.048s] Invoked command in '/home/shen/learn/ROS2/sync_ws/build/synchronize_utils' returned '0': CMAKE_PREFIX_PATH=/opt/ros/humble /usr/bin/cmake --install /home/shen/learn/ROS2/sync_ws/build/synchronize_utils
