[0.990s] DEBUG:colcon:Command line arguments: ['/usr/bin/colcon', 'build', '--packages-select', 'my_can_utils']
[0.990s] DEBUG:colcon:Parsed command line arguments: Namespace(log_base=None, log_level=None, verb_name='build', build_base='build', install_base='install', merge_install=False, symlink_install=False, test_result_base=None, continue_on_error=False, executor='parallel', parallel_workers=16, event_handlers=None, ignore_user_meta=False, metas=['./colcon.meta'], base_paths=['.'], packages_ignore=None, packages_ignore_regex=None, paths=None, packages_up_to=None, packages_up_to_regex=None, packages_above=None, packages_above_and_dependencies=None, packages_above_depth=None, packages_select_by_dep=None, packages_skip_by_dep=None, packages_skip_up_to=None, packages_select_build_failed=False, packages_skip_build_finished=False, packages_select_test_failures=False, packages_skip_test_passed=False, packages_select=['my_can_utils'], packages_skip=None, packages_select_regex=None, packages_skip_regex=None, packages_start=None, packages_end=None, allow_overriding=[], cmake_args=None, cmake_target=None, cmake_target_skip_unavailable=False, cmake_clean_cache=False, cmake_clean_first=False, cmake_force_configure=False, ament_cmake_args=None, catkin_cmake_args=None, catkin_skip_building_tests=False, verb_parser=<colcon_defaults.argument_parser.defaults.DefaultArgumentsDecorator object at 0x7f0e8e7eb010>, verb_extension=<colcon_core.verb.build.BuildVerb object at 0x7f0e8ec47640>, main=<bound method BuildVerb.main of <colcon_core.verb.build.BuildVerb object at 0x7f0e8ec47640>>)
[1.045s] Level 1:colcon.colcon_core.package_discovery:discover_packages(colcon_meta) check parameters
[1.045s] Level 1:colcon.colcon_core.package_discovery:discover_packages(recursive) check parameters
[1.045s] Level 1:colcon.colcon_core.package_discovery:discover_packages(ignore) check parameters
[1.045s] Level 1:colcon.colcon_core.package_discovery:discover_packages(path) check parameters
[1.045s] Level 1:colcon.colcon_core.package_discovery:discover_packages(colcon_meta) discover
[1.045s] Level 1:colcon.colcon_core.package_discovery:discover_packages(recursive) discover
[1.045s] INFO:colcon.colcon_core.package_discovery:Crawling recursively for packages in '/home/shen/learn/ROS2/can_ws'
[1.045s] Level 1:colcon.colcon_core.package_identification:_identify(.) by extensions ['ignore', 'ignore_ament_install']
[1.045s] Level 1:colcon.colcon_core.package_identification:_identify(.) by extension 'ignore'
[1.045s] Level 1:colcon.colcon_core.package_identification:_identify(.) by extension 'ignore_ament_install'
[1.045s] Level 1:colcon.colcon_core.package_identification:_identify(.) by extensions ['colcon_pkg']
[1.045s] Level 1:colcon.colcon_core.package_identification:_identify(.) by extension 'colcon_pkg'
[1.045s] Level 1:colcon.colcon_core.package_identification:_identify(.) by extensions ['colcon_meta']
[1.045s] Level 1:colcon.colcon_core.package_identification:_identify(.) by extension 'colcon_meta'
[1.046s] Level 1:colcon.colcon_core.package_identification:_identify(.) by extensions ['ros']
[1.046s] Level 1:colcon.colcon_core.package_identification:_identify(.) by extension 'ros'
[1.057s] Level 1:colcon.colcon_core.package_identification:_identify(.) by extensions ['cmake', 'python']
[1.057s] Level 1:colcon.colcon_core.package_identification:_identify(.) by extension 'cmake'
[1.057s] Level 1:colcon.colcon_core.package_identification:_identify(.) by extension 'python'
[1.057s] Level 1:colcon.colcon_core.package_identification:_identify(.) by extensions ['python_setup_py']
[1.057s] Level 1:colcon.colcon_core.package_identification:_identify(.) by extension 'python_setup_py'
[1.057s] Level 1:colcon.colcon_core.package_identification:_identify(build) by extensions ['ignore', 'ignore_ament_install']
[1.057s] Level 1:colcon.colcon_core.package_identification:_identify(build) by extension 'ignore'
[1.057s] Level 1:colcon.colcon_core.package_identification:_identify(build) ignored
[1.057s] Level 1:colcon.colcon_core.package_identification:_identify(install) by extensions ['ignore', 'ignore_ament_install']
[1.057s] Level 1:colcon.colcon_core.package_identification:_identify(install) by extension 'ignore'
[1.058s] Level 1:colcon.colcon_core.package_identification:_identify(install) ignored
[1.058s] Level 1:colcon.colcon_core.package_identification:_identify(log) by extensions ['ignore', 'ignore_ament_install']
[1.058s] Level 1:colcon.colcon_core.package_identification:_identify(log) by extension 'ignore'
[1.058s] Level 1:colcon.colcon_core.package_identification:_identify(log) ignored
[1.058s] Level 1:colcon.colcon_core.package_identification:_identify(src) by extensions ['ignore', 'ignore_ament_install']
[1.058s] Level 1:colcon.colcon_core.package_identification:_identify(src) by extension 'ignore'
[1.058s] Level 1:colcon.colcon_core.package_identification:_identify(src) by extension 'ignore_ament_install'
[1.058s] Level 1:colcon.colcon_core.package_identification:_identify(src) by extensions ['colcon_pkg']
[1.058s] Level 1:colcon.colcon_core.package_identification:_identify(src) by extension 'colcon_pkg'
[1.058s] Level 1:colcon.colcon_core.package_identification:_identify(src) by extensions ['colcon_meta']
[1.058s] Level 1:colcon.colcon_core.package_identification:_identify(src) by extension 'colcon_meta'
[1.058s] Level 1:colcon.colcon_core.package_identification:_identify(src) by extensions ['ros']
[1.058s] Level 1:colcon.colcon_core.package_identification:_identify(src) by extension 'ros'
[1.058s] Level 1:colcon.colcon_core.package_identification:_identify(src) by extensions ['cmake', 'python']
[1.058s] Level 1:colcon.colcon_core.package_identification:_identify(src) by extension 'cmake'
[1.058s] Level 1:colcon.colcon_core.package_identification:_identify(src) by extension 'python'
[1.058s] Level 1:colcon.colcon_core.package_identification:_identify(src) by extensions ['python_setup_py']
[1.058s] Level 1:colcon.colcon_core.package_identification:_identify(src) by extension 'python_setup_py'
[1.058s] Level 1:colcon.colcon_core.package_identification:_identify(src/my_can_utils) by extensions ['ignore', 'ignore_ament_install']
[1.058s] Level 1:colcon.colcon_core.package_identification:_identify(src/my_can_utils) by extension 'ignore'
[1.058s] Level 1:colcon.colcon_core.package_identification:_identify(src/my_can_utils) by extension 'ignore_ament_install'
[1.058s] Level 1:colcon.colcon_core.package_identification:_identify(src/my_can_utils) by extensions ['colcon_pkg']
[1.059s] Level 1:colcon.colcon_core.package_identification:_identify(src/my_can_utils) by extension 'colcon_pkg'
[1.059s] Level 1:colcon.colcon_core.package_identification:_identify(src/my_can_utils) by extensions ['colcon_meta']
[1.059s] Level 1:colcon.colcon_core.package_identification:_identify(src/my_can_utils) by extension 'colcon_meta'
[1.059s] Level 1:colcon.colcon_core.package_identification:_identify(src/my_can_utils) by extensions ['ros']
[1.059s] Level 1:colcon.colcon_core.package_identification:_identify(src/my_can_utils) by extension 'ros'
[1.061s] DEBUG:colcon.colcon_core.package_identification:Package 'src/my_can_utils' with type 'ros.ament_cmake' and name 'my_can_utils'
[1.061s] Level 1:colcon.colcon_core.package_discovery:discover_packages(recursive) using defaults
[1.062s] Level 1:colcon.colcon_core.package_discovery:discover_packages(ignore) discover
[1.062s] Level 1:colcon.colcon_core.package_discovery:discover_packages(ignore) using defaults
[1.062s] Level 1:colcon.colcon_core.package_discovery:discover_packages(path) discover
[1.062s] Level 1:colcon.colcon_core.package_discovery:discover_packages(path) using defaults
[1.144s] Level 1:colcon.colcon_core.package_discovery:discover_packages(prefix_path) check parameters
[1.144s] Level 1:colcon.colcon_core.package_discovery:discover_packages(prefix_path) discover
[1.172s] DEBUG:colcon.colcon_installed_package_information.package_discovery:Found 335 installed packages in /opt/ros/humble
[1.173s] Level 1:colcon.colcon_core.package_discovery:discover_packages(prefix_path) using defaults
[1.289s] Level 5:colcon.colcon_core.verb:set package 'my_can_utils' build argument 'cmake_args' from command line to 'None'
[1.289s] Level 5:colcon.colcon_core.verb:set package 'my_can_utils' build argument 'cmake_target' from command line to 'None'
[1.289s] Level 5:colcon.colcon_core.verb:set package 'my_can_utils' build argument 'cmake_target_skip_unavailable' from command line to 'False'
[1.289s] Level 5:colcon.colcon_core.verb:set package 'my_can_utils' build argument 'cmake_clean_cache' from command line to 'False'
[1.289s] Level 5:colcon.colcon_core.verb:set package 'my_can_utils' build argument 'cmake_clean_first' from command line to 'False'
[1.289s] Level 5:colcon.colcon_core.verb:set package 'my_can_utils' build argument 'cmake_force_configure' from command line to 'False'
[1.289s] Level 5:colcon.colcon_core.verb:set package 'my_can_utils' build argument 'ament_cmake_args' from command line to 'None'
[1.289s] Level 5:colcon.colcon_core.verb:set package 'my_can_utils' build argument 'catkin_cmake_args' from command line to 'None'
[1.289s] Level 5:colcon.colcon_core.verb:set package 'my_can_utils' build argument 'catkin_skip_building_tests' from command line to 'False'
[1.289s] DEBUG:colcon.colcon_core.verb:Building package 'my_can_utils' with the following arguments: {'ament_cmake_args': None, 'build_base': '/home/shen/learn/ROS2/can_ws/build/my_can_utils', 'catkin_cmake_args': None, 'catkin_skip_building_tests': False, 'cmake_args': None, 'cmake_clean_cache': False, 'cmake_clean_first': False, 'cmake_force_configure': False, 'cmake_target': None, 'cmake_target_skip_unavailable': False, 'install_base': '/home/shen/learn/ROS2/can_ws/install/my_can_utils', 'merge_install': False, 'path': '/home/shen/learn/ROS2/can_ws/src/my_can_utils', 'symlink_install': False, 'test_result_base': None}
[1.301s] INFO:colcon.colcon_core.executor:Executing jobs using 'parallel' executor
[1.314s] DEBUG:colcon.colcon_parallel_executor.executor.parallel:run_until_complete
[1.314s] INFO:colcon.colcon_ros.task.ament_cmake.build:Building ROS package in '/home/shen/learn/ROS2/can_ws/src/my_can_utils' with build type 'ament_cmake'
[1.314s] INFO:colcon.colcon_cmake.task.cmake.build:Building CMake package in '/home/shen/learn/ROS2/can_ws/src/my_can_utils'
[1.334s] INFO:colcon.colcon_core.plugin_system:Skipping extension 'colcon_core.shell.bat': Not used on non-Windows systems
[1.334s] INFO:colcon.colcon_core.shell:Skip shell extension 'powershell' for command environment: Not usable outside of PowerShell
[1.334s] DEBUG:colcon.colcon_core.shell:Skip shell extension 'dsv' for command environment
[1.374s] DEBUG:colcon.colcon_core.event_handler.log_command:Invoking command in '/home/shen/learn/ROS2/can_ws/build/my_can_utils': CMAKE_PREFIX_PATH=/opt/ros/humble /usr/bin/cmake /home/shen/learn/ROS2/can_ws/src/my_can_utils -DCMAKE_INSTALL_PREFIX=/home/shen/learn/ROS2/can_ws/install/my_can_utils
[3.235s] DEBUG:colcon.colcon_core.event_handler.log_command:Invoked command in '/home/shen/learn/ROS2/can_ws/build/my_can_utils' returned '0': CMAKE_PREFIX_PATH=/opt/ros/humble /usr/bin/cmake /home/shen/learn/ROS2/can_ws/src/my_can_utils -DCMAKE_INSTALL_PREFIX=/home/shen/learn/ROS2/can_ws/install/my_can_utils
[3.238s] DEBUG:colcon.colcon_core.event_handler.log_command:Invoking command in '/home/shen/learn/ROS2/can_ws/build/my_can_utils': CMAKE_PREFIX_PATH=/opt/ros/humble /usr/bin/cmake --build /home/shen/learn/ROS2/can_ws/build/my_can_utils -- -j16 -l16
[10.185s] DEBUG:colcon.colcon_core.event_handler.log_command:Invoked command in '/home/shen/learn/ROS2/can_ws/build/my_can_utils' returned '0': CMAKE_PREFIX_PATH=/opt/ros/humble /usr/bin/cmake --build /home/shen/learn/ROS2/can_ws/build/my_can_utils -- -j16 -l16
[10.257s] DEBUG:colcon.colcon_core.event_handler.log_command:Invoking command in '/home/shen/learn/ROS2/can_ws/build/my_can_utils': CMAKE_PREFIX_PATH=/opt/ros/humble /usr/bin/cmake --install /home/shen/learn/ROS2/can_ws/build/my_can_utils
[10.300s] Level 1:colcon.colcon_core.environment:create_environment_scripts_only(my_can_utils)
[10.301s] DEBUG:colcon.colcon_core.event_handler.log_command:Invoked command in '/home/shen/learn/ROS2/can_ws/build/my_can_utils' returned '0': CMAKE_PREFIX_PATH=/opt/ros/humble /usr/bin/cmake --install /home/shen/learn/ROS2/can_ws/build/my_can_utils
[10.348s] Level 1:colcon.colcon_core.environment:checking '/home/shen/learn/ROS2/can_ws/install/my_can_utils' for CMake module files
[10.348s] Level 1:colcon.colcon_core.environment:checking '/home/shen/learn/ROS2/can_ws/install/my_can_utils' for CMake config files
[10.349s] Level 1:colcon.colcon_core.shell:create_environment_hook('my_can_utils', 'cmake_prefix_path')
[10.362s] INFO:colcon.colcon_core.shell:Creating environment hook '/home/shen/learn/ROS2/can_ws/install/my_can_utils/share/my_can_utils/hook/cmake_prefix_path.ps1'
[10.363s] INFO:colcon.colcon_core.shell:Creating environment descriptor '/home/shen/learn/ROS2/can_ws/install/my_can_utils/share/my_can_utils/hook/cmake_prefix_path.dsv'
[10.364s] INFO:colcon.colcon_core.shell:Creating environment hook '/home/shen/learn/ROS2/can_ws/install/my_can_utils/share/my_can_utils/hook/cmake_prefix_path.sh'
[10.364s] Level 1:colcon.colcon_core.environment:checking '/home/shen/learn/ROS2/can_ws/install/my_can_utils/lib'
[10.365s] Level 1:colcon.colcon_core.environment:checking '/home/shen/learn/ROS2/can_ws/install/my_can_utils/bin'
[10.365s] Level 1:colcon.colcon_core.environment:checking '/home/shen/learn/ROS2/can_ws/install/my_can_utils/lib/pkgconfig/my_can_utils.pc'
[10.365s] Level 1:colcon.colcon_core.environment:checking '/home/shen/learn/ROS2/can_ws/install/my_can_utils/lib/python3.10/site-packages'
[10.365s] Level 1:colcon.colcon_core.environment:checking '/home/shen/learn/ROS2/can_ws/install/my_can_utils/bin'
[10.377s] INFO:colcon.colcon_core.shell:Creating package script '/home/shen/learn/ROS2/can_ws/install/my_can_utils/share/my_can_utils/package.ps1'
[10.378s] INFO:colcon.colcon_core.shell:Creating package descriptor '/home/shen/learn/ROS2/can_ws/install/my_can_utils/share/my_can_utils/package.dsv'
[10.379s] INFO:colcon.colcon_core.shell:Creating package script '/home/shen/learn/ROS2/can_ws/install/my_can_utils/share/my_can_utils/package.sh'
[10.379s] INFO:colcon.colcon_core.shell:Creating package script '/home/shen/learn/ROS2/can_ws/install/my_can_utils/share/my_can_utils/package.bash'
[10.380s] INFO:colcon.colcon_core.shell:Creating package script '/home/shen/learn/ROS2/can_ws/install/my_can_utils/share/my_can_utils/package.zsh'
[10.381s] Level 1:colcon.colcon_core.environment:create_file_with_runtime_dependencies(/home/shen/learn/ROS2/can_ws/install/my_can_utils/share/colcon-core/packages/my_can_utils)
[10.437s] Level 1:colcon.colcon_core.environment:create_environment_scripts_only(my_can_utils)
[10.450s] Level 1:colcon.colcon_core.environment:checking '/home/shen/learn/ROS2/can_ws/install/my_can_utils' for CMake module files
[10.450s] Level 1:colcon.colcon_core.environment:checking '/home/shen/learn/ROS2/can_ws/install/my_can_utils' for CMake config files
[10.450s] Level 1:colcon.colcon_core.shell:create_environment_hook('my_can_utils', 'cmake_prefix_path')
[10.465s] INFO:colcon.colcon_core.shell:Creating environment hook '/home/shen/learn/ROS2/can_ws/install/my_can_utils/share/my_can_utils/hook/cmake_prefix_path.ps1'
[10.465s] INFO:colcon.colcon_core.shell:Creating environment descriptor '/home/shen/learn/ROS2/can_ws/install/my_can_utils/share/my_can_utils/hook/cmake_prefix_path.dsv'
[10.466s] INFO:colcon.colcon_core.shell:Creating environment hook '/home/shen/learn/ROS2/can_ws/install/my_can_utils/share/my_can_utils/hook/cmake_prefix_path.sh'
[10.466s] Level 1:colcon.colcon_core.environment:checking '/home/shen/learn/ROS2/can_ws/install/my_can_utils/lib'
[10.466s] Level 1:colcon.colcon_core.environment:checking '/home/shen/learn/ROS2/can_ws/install/my_can_utils/bin'
[10.466s] Level 1:colcon.colcon_core.environment:checking '/home/shen/learn/ROS2/can_ws/install/my_can_utils/lib/pkgconfig/my_can_utils.pc'
[10.466s] Level 1:colcon.colcon_core.environment:checking '/home/shen/learn/ROS2/can_ws/install/my_can_utils/lib/python3.10/site-packages'
[10.467s] Level 1:colcon.colcon_core.environment:checking '/home/shen/learn/ROS2/can_ws/install/my_can_utils/bin'
[10.479s] INFO:colcon.colcon_core.shell:Creating package script '/home/shen/learn/ROS2/can_ws/install/my_can_utils/share/my_can_utils/package.ps1'
[10.480s] INFO:colcon.colcon_core.shell:Creating package descriptor '/home/shen/learn/ROS2/can_ws/install/my_can_utils/share/my_can_utils/package.dsv'
[10.480s] INFO:colcon.colcon_core.shell:Creating package script '/home/shen/learn/ROS2/can_ws/install/my_can_utils/share/my_can_utils/package.sh'
[10.480s] INFO:colcon.colcon_core.shell:Creating package script '/home/shen/learn/ROS2/can_ws/install/my_can_utils/share/my_can_utils/package.bash'
[10.480s] INFO:colcon.colcon_core.shell:Creating package script '/home/shen/learn/ROS2/can_ws/install/my_can_utils/share/my_can_utils/package.zsh'
[10.481s] Level 1:colcon.colcon_core.environment:create_file_with_runtime_dependencies(/home/shen/learn/ROS2/can_ws/install/my_can_utils/share/colcon-core/packages/my_can_utils)
[10.481s] DEBUG:colcon.colcon_parallel_executor.executor.parallel:closing loop
[10.481s] DEBUG:colcon.colcon_parallel_executor.executor.parallel:loop closed
[10.481s] DEBUG:colcon.colcon_parallel_executor.executor.parallel:run_until_complete finished with '0'
[10.481s] DEBUG:colcon.colcon_core.event_reactor:joining thread
[10.524s] INFO:colcon.colcon_core.plugin_system:Skipping extension 'colcon_notification.desktop_notification.terminal_notifier': Not used on non-Darwin systems
[10.524s] INFO:colcon.colcon_core.plugin_system:Skipping extension 'colcon_notification.desktop_notification.win32': Not used on non-Windows systems
[10.524s] INFO:colcon.colcon_notification.desktop_notification:Sending desktop notification using 'notify2'
[10.579s] DEBUG:colcon.colcon_core.event_reactor:joined thread
[10.607s] INFO:colcon.colcon_core.shell:Creating prefix script '/home/shen/learn/ROS2/can_ws/install/local_setup.ps1'
[10.609s] INFO:colcon.colcon_core.shell:Creating prefix util module '/home/shen/learn/ROS2/can_ws/install/_local_setup_util_ps1.py'
[10.611s] INFO:colcon.colcon_core.shell:Creating prefix chain script '/home/shen/learn/ROS2/can_ws/install/setup.ps1'
[10.642s] INFO:colcon.colcon_core.shell:Creating prefix script '/home/shen/learn/ROS2/can_ws/install/local_setup.sh'
[10.643s] INFO:colcon.colcon_core.shell:Creating prefix util module '/home/shen/learn/ROS2/can_ws/install/_local_setup_util_sh.py'
[10.644s] INFO:colcon.colcon_core.shell:Creating prefix chain script '/home/shen/learn/ROS2/can_ws/install/setup.sh'
[10.664s] INFO:colcon.colcon_core.shell:Creating prefix script '/home/shen/learn/ROS2/can_ws/install/local_setup.bash'
[10.664s] INFO:colcon.colcon_core.shell:Creating prefix chain script '/home/shen/learn/ROS2/can_ws/install/setup.bash'
[10.677s] INFO:colcon.colcon_core.shell:Creating prefix script '/home/shen/learn/ROS2/can_ws/install/local_setup.zsh'
[10.678s] INFO:colcon.colcon_core.shell:Creating prefix chain script '/home/shen/learn/ROS2/can_ws/install/setup.zsh'
