[0.099s] Invoking command in '/home/shen/learn/ROS2/enet_driver_ws/build/enet_receiver_node': CMAKE_PREFIX_PATH=/opt/ros/humble /usr/bin/cmake --build /home/shen/learn/ROS2/enet_driver_ws/build/enet_receiver_node -- -j16 -l16
[0.164s] [35m[1mConsolidate compiler generated dependencies of target enet_receiver_node[0m
[0.190s] [ 50%] [32mBuilding CXX object CMakeFiles/enet_receiver_node.dir/src/enet_receiver.cpp.o[0m
[2.463s] In file included from [01m[K/opt/ros/humble/include/rclcpp/rclcpp/logging.hpp:24[m[K,
[2.463s]                  from [01m[K/opt/ros/humble/include/rclcpp/rclcpp/client.hpp:40[m[K,
[2.463s]                  from [01m[K/opt/ros/humble/include/rclcpp/rclcpp/callback_group.hpp:24[m[K,
[2.463s]                  from [01m[K/opt/ros/humble/include/rclcpp/rclcpp/any_executable.hpp:20[m[K,
[2.464s]                  from [01m[K/opt/ros/humble/include/rclcpp/rclcpp/memory_strategy.hpp:25[m[K,
[2.464s]                  from [01m[K/opt/ros/humble/include/rclcpp/rclcpp/memory_strategies.hpp:18[m[K,
[2.464s]                  from [01m[K/opt/ros/humble/include/rclcpp/rclcpp/executor_options.hpp:20[m[K,
[2.464s]                  from [01m[K/opt/ros/humble/include/rclcpp/rclcpp/executor.hpp:37[m[K,
[2.464s]                  from [01m[K/opt/ros/humble/include/rclcpp/rclcpp/executors/multi_threaded_executor.hpp:25[m[K,
[2.464s]                  from [01m[K/opt/ros/humble/include/rclcpp/rclcpp/executors.hpp:21[m[K,
[2.464s]                  from [01m[K/opt/ros/humble/include/rclcpp/rclcpp/rclcpp.hpp:155[m[K,
[2.464s]                  from [01m[K/home/shen/learn/ROS2/enet_driver_ws/src/enet_receiver_node/src/enet_receiver.cpp:2[m[K:
[2.465s] [01m[K/home/shen/learn/ROS2/enet_driver_ws/src/enet_receiver_node/src/enet_receiver.cpp:[m[K In member function ‘[01m[Kvoid EnetReceiver::receive_and_publish()[m[K’:
[2.465s] [01m[K/home/shen/learn/ROS2/enet_driver_ws/src/enet_receiver_node/src/enet_receiver.cpp:62:49:[m[K [01;35m[Kwarning: [m[Kformat ‘[01m[K%u[m[K’ expects argument of type ‘[01m[Kunsigned int[m[K’, but argument 5 has type ‘[01m[Ksize_t[m[K’ {aka ‘[01m[Klong unsigned int[m[K’} [[01;35m[K]8;;https://gcc.gnu.org/onlinedocs/gcc/Warning-Options.html#index-Wformat=-Wformat=]8;;[m[K]
[2.465s]    62 |                 RCLCPP_INFO(this->get_logger(), [01;35m[K"A packet of length %u containing %s was received from %x:%u on channel %u.\n"[m[K,
[2.465s]       |                                                 [01;35m[K^~~~~~~~~~~~~~~~~~~~~~~~~~~~~~~~~~~~~~~~~~~~~~~~~~~~~~~~~~~~~~~~~~~~~~~~~~~~~~[m[K
[2.465s]    63 |                         [32m[Kevent_.packet->dataLength[m[K,
[2.465s]       |                         [32m[K~~~~~~~~~~~~~~~~~~~~~~~~~[m[K
[2.466s]       |                                        [32m[K|[m[K
[2.466s]       |                                        [32m[Ksize_t {aka long unsigned int}[m[K
[2.466s] [01m[K/home/shen/learn/ROS2/enet_driver_ws/src/enet_receiver_node/src/enet_receiver.cpp:62:70:[m[K [01;36m[Knote: [m[Kformat string is defined here
[2.466s]    62 |                 RCLCPP_INFO(this->get_logger(), "A packet of length [01;36m[K%u[m[K containing %s was received from %x:%u on channel %u.\n",
[2.466s]       |                                                                     [01;36m[K~^[m[K
[2.466s]       |                                                                      [01;36m[K|[m[K
[2.466s]       |                                                                      [01;36m[Kunsigned int[m[K
[2.467s]       |                                                                     [32m[K%lu[m[K
[4.084s] [100%] [32m[1mLinking CXX executable enet_receiver_node[0m
[4.315s] [100%] Built target enet_receiver_node
[4.328s] Invoked command in '/home/shen/learn/ROS2/enet_driver_ws/build/enet_receiver_node' returned '0': CMAKE_PREFIX_PATH=/opt/ros/humble /usr/bin/cmake --build /home/shen/learn/ROS2/enet_driver_ws/build/enet_receiver_node -- -j16 -l16
[4.372s] Invoking command in '/home/shen/learn/ROS2/enet_driver_ws/build/enet_receiver_node': CMAKE_PREFIX_PATH=/opt/ros/humble /usr/bin/cmake --install /home/shen/learn/ROS2/enet_driver_ws/build/enet_receiver_node
[4.378s] -- Install configuration: ""
[4.378s] -- Installing: /home/shen/learn/ROS2/enet_driver_ws/install/enet_receiver_node/lib/enet_receiver_node/enet_receiver_node
[4.381s] -- Set runtime path of "/home/shen/learn/ROS2/enet_driver_ws/install/enet_receiver_node/lib/enet_receiver_node/enet_receiver_node" to ""
[4.381s] -- Up-to-date: /home/shen/learn/ROS2/enet_driver_ws/install/enet_receiver_node/share/ament_index/resource_index/package_run_dependencies/enet_receiver_node
[4.381s] -- Up-to-date: /home/shen/learn/ROS2/enet_driver_ws/install/enet_receiver_node/share/ament_index/resource_index/parent_prefix_path/enet_receiver_node
[4.381s] -- Up-to-date: /home/shen/learn/ROS2/enet_driver_ws/install/enet_receiver_node/share/enet_receiver_node/environment/ament_prefix_path.sh
[4.381s] -- Up-to-date: /home/shen/learn/ROS2/enet_driver_ws/install/enet_receiver_node/share/enet_receiver_node/environment/ament_prefix_path.dsv
[4.381s] -- Up-to-date: /home/shen/learn/ROS2/enet_driver_ws/install/enet_receiver_node/share/enet_receiver_node/environment/path.sh
[4.381s] -- Up-to-date: /home/shen/learn/ROS2/enet_driver_ws/install/enet_receiver_node/share/enet_receiver_node/environment/path.dsv
[4.381s] -- Up-to-date: /home/shen/learn/ROS2/enet_driver_ws/install/enet_receiver_node/share/enet_receiver_node/local_setup.bash
[4.381s] -- Up-to-date: /home/shen/learn/ROS2/enet_driver_ws/install/enet_receiver_node/share/enet_receiver_node/local_setup.sh
[4.381s] -- Up-to-date: /home/shen/learn/ROS2/enet_driver_ws/install/enet_receiver_node/share/enet_receiver_node/local_setup.zsh
[4.381s] -- Up-to-date: /home/shen/learn/ROS2/enet_driver_ws/install/enet_receiver_node/share/enet_receiver_node/local_setup.dsv
[4.382s] -- Installing: /home/shen/learn/ROS2/enet_driver_ws/install/enet_receiver_node/share/enet_receiver_node/package.dsv
[4.382s] -- Up-to-date: /home/shen/learn/ROS2/enet_driver_ws/install/enet_receiver_node/share/ament_index/resource_index/packages/enet_receiver_node
[4.382s] -- Up-to-date: /home/shen/learn/ROS2/enet_driver_ws/install/enet_receiver_node/share/enet_receiver_node/cmake/enet_receiver_nodeConfig.cmake
[4.382s] -- Up-to-date: /home/shen/learn/ROS2/enet_driver_ws/install/enet_receiver_node/share/enet_receiver_node/cmake/enet_receiver_nodeConfig-version.cmake
[4.382s] -- Up-to-date: /home/shen/learn/ROS2/enet_driver_ws/install/enet_receiver_node/share/enet_receiver_node/package.xml
[4.384s] Invoked command in '/home/shen/learn/ROS2/enet_driver_ws/build/enet_receiver_node' returned '0': CMAKE_PREFIX_PATH=/opt/ros/humble /usr/bin/cmake --install /home/shen/learn/ROS2/enet_driver_ws/build/enet_receiver_node
