[35m[1mConsolidate compiler generated dependencies of target sync_node[0m
[ 50%] [32mBuilding CXX object CMakeFiles/sync_node.dir/src/sync_node.cpp.o[0m
[100%] [32m[1mLinking CXX executable sync_node[0m
[100%] Built target sync_node
-- Install configuration: ""
-- Installing: /home/shen/learn/ROS2/sync_ws/install/synchronize_utils/lib/synchronize_utils/sync_node
-- Set runtime path of "/home/shen/learn/ROS2/sync_ws/install/synchronize_utils/lib/synchronize_utils/sync_node" to ""
-- Up-to-date: /home/shen/learn/ROS2/sync_ws/install/synchronize_utils/share/ament_index/resource_index/package_run_dependencies/synchronize_utils
-- Up-to-date: /home/shen/learn/ROS2/sync_ws/install/synchronize_utils/share/ament_index/resource_index/parent_prefix_path/synchronize_utils
-- Up-to-date: /home/shen/learn/ROS2/sync_ws/install/synchronize_utils/share/synchronize_utils/environment/ament_prefix_path.sh
-- Up-to-date: /home/shen/learn/ROS2/sync_ws/install/synchronize_utils/share/synchronize_utils/environment/ament_prefix_path.dsv
-- Up-to-date: /home/shen/learn/ROS2/sync_ws/install/synchronize_utils/share/synchronize_utils/environment/path.sh
-- Up-to-date: /home/shen/learn/ROS2/sync_ws/install/synchronize_utils/share/synchronize_utils/environment/path.dsv
-- Up-to-date: /home/shen/learn/ROS2/sync_ws/install/synchronize_utils/share/synchronize_utils/local_setup.bash
-- Up-to-date: /home/shen/learn/ROS2/sync_ws/install/synchronize_utils/share/synchronize_utils/local_setup.sh
-- Up-to-date: /home/shen/learn/ROS2/sync_ws/install/synchronize_utils/share/synchronize_utils/local_setup.zsh
-- Up-to-date: /home/shen/learn/ROS2/sync_ws/install/synchronize_utils/share/synchronize_utils/local_setup.dsv
-- Installing: /home/shen/learn/ROS2/sync_ws/install/synchronize_utils/share/synchronize_utils/package.dsv
-- Up-to-date: /home/shen/learn/ROS2/sync_ws/install/synchronize_utils/share/ament_index/resource_index/packages/synchronize_utils
-- Up-to-date: /home/shen/learn/ROS2/sync_ws/install/synchronize_utils/share/synchronize_utils/cmake/synchronize_utilsConfig.cmake
-- Up-to-date: /home/shen/learn/ROS2/sync_ws/install/synchronize_utils/share/synchronize_utils/cmake/synchronize_utilsConfig-version.cmake
-- Up-to-date: /home/shen/learn/ROS2/sync_ws/install/synchronize_utils/share/synchronize_utils/package.xml
