-- Found ament_cmake: 1.3.6 (/opt/ros/humble/share/ament_cmake/cmake)
-- Found rclcpp: 16.0.7 (/opt/ros/humble/share/rclcpp/cmake)
-- Found rosidl_generator_c: 3.1.5 (/opt/ros/humble/share/rosidl_generator_c/cmake)
-- Found rosidl_adapter: 3.1.5 (/opt/ros/humble/share/rosidl_adapter/cmake)
-- Found rosidl_generator_cpp: 3.1.5 (/opt/ros/humble/share/rosidl_generator_cpp/cmake)
-- Using all available rosidl_typesupport_c: rosidl_typesupport_fastrtps_c;rosidl_typesupport_introspection_c
-- Using all available rosidl_typesupport_cpp: rosidl_typesupport_fastrtps_cpp;rosidl_typesupport_introspection_cpp
-- Found rmw_implementation_cmake: 6.1.1 (/opt/ros/humble/share/rmw_implementation_cmake/cmake)
-- Found rmw_cyclonedds_cpp: 1.3.4 (/opt/ros/humble/share/rmw_cyclonedds_cpp/cmake)
-- Using RMW implementation 'rmw_cyclonedds_cpp' as default
-- Found sensor_msgs: 4.2.3 (/opt/ros/humble/share/sensor_msgs/cmake)
-- Found cv_bridge: 3.2.1 (/opt/ros/humble/share/cv_bridge/cmake)
-- Found ament_lint_auto: 0.12.9 (/opt/ros/humble/share/ament_lint_auto/cmake)
-- Added test 'cppcheck' to perform static code analysis on C / C++ code
-- Configured cppcheck include dirs: /home/shen/learn/ROS2/decode_ws/src/h264_decode/include/h264_decode
-- Configured cppcheck exclude dirs and/or files: 
-- Added test 'flake8' to check Python code syntax and style conventions
-- Added test 'lint_cmake' to check CMake code style
-- Added test 'pep257' to check Python code against some of the docstring style conventions in PEP 257
-- Added test 'uncrustify' to check C / C++ code style
-- Configured uncrustify additional arguments: 
-- Added test 'xmllint' to check XML markup files
-- Configuring done
-- Generating done
-- Build files have been written to: /home/shen/learn/ROS2/decode_ws/build/h264_decode
[ 66%] [32mBuilding CXX object CMakeFiles/decoder_node.dir/src/h264decoder.cpp.o[0m
[ 66%] [32mBuilding CXX object CMakeFiles/decoder_node.dir/src/decoder_node.cpp.o[0m
[01m[K/home/shen/learn/ROS2/decode_ws/src/h264_decode/src/h264decoder.cpp:[m[K In member function ‘[01m[Kint CH264Decoder::initial()[m[K’:
[01m[K/home/shen/learn/ROS2/decode_ws/src/h264_decode/src/h264decoder.cpp:19:19:[m[K [01;35m[Kwarning: [m[K‘[01m[Kvoid av_init_packet(AVPacket*)[m[K’ is deprecated [[01;35m[K]8;;https://gcc.gnu.org/onlinedocs/gcc/Warning-Options.html#index-Wdeprecated-declarations-Wdeprecated-declarations]8;;[m[K]
   19 |     [01;35m[Kav_init_packet(&packet)[m[K;
      |     [01;35m[K~~~~~~~~~~~~~~^~~~~~~~~[m[K
In file included from [01m[K/usr/include/x86_64-linux-gnu/libavcodec/bsf.h:30[m[K,
                 from [01m[K/usr/include/x86_64-linux-gnu/libavcodec/avcodec.h:44[m[K,
                 from [01m[K/usr/include/x86_64-linux-gnu/libavformat/avformat.h:312[m[K,
                 from [01m[K/home/shen/learn/ROS2/decode_ws/src/h264_decode/include/h264_decode/h264decoder.h:9[m[K,
                 from [01m[K/home/shen/learn/ROS2/decode_ws/src/h264_decode/src/h264decoder.cpp:1[m[K:
[01m[K/usr/include/x86_64-linux-gnu/libavcodec/packet.h:488:6:[m[K [01;36m[Knote: [m[Kdeclared here
  488 | void [01;36m[Kav_init_packet[m[K(AVPacket *pkt);
      |      [01;36m[K^~~~~~~~~~~~~~[m[K
[100%] [32m[1mLinking CXX executable decoder_node[0m
[100%] Built target decoder_node
-- Install configuration: ""
-- Installing: /home/shen/learn/ROS2/decode_ws/install/h264_decode/lib/h264_decode/decoder_node
-- Set runtime path of "/home/shen/learn/ROS2/decode_ws/install/h264_decode/lib/h264_decode/decoder_node" to ""
-- Up-to-date: /home/shen/learn/ROS2/decode_ws/install/h264_decode/share/h264_decode/launch
-- Installing: /home/shen/learn/ROS2/decode_ws/install/h264_decode/share/h264_decode/launch/decoder.launch.py
-- Up-to-date: /home/shen/learn/ROS2/decode_ws/install/h264_decode/share/ament_index/resource_index/package_run_dependencies/h264_decode
-- Installing: /home/shen/learn/ROS2/decode_ws/install/h264_decode/share/ament_index/resource_index/parent_prefix_path/h264_decode
-- Up-to-date: /home/shen/learn/ROS2/decode_ws/install/h264_decode/share/h264_decode/environment/ament_prefix_path.sh
-- Installing: /home/shen/learn/ROS2/decode_ws/install/h264_decode/share/h264_decode/environment/ament_prefix_path.dsv
-- Up-to-date: /home/shen/learn/ROS2/decode_ws/install/h264_decode/share/h264_decode/environment/path.sh
-- Installing: /home/shen/learn/ROS2/decode_ws/install/h264_decode/share/h264_decode/environment/path.dsv
-- Up-to-date: /home/shen/learn/ROS2/decode_ws/install/h264_decode/share/h264_decode/local_setup.bash
-- Up-to-date: /home/shen/learn/ROS2/decode_ws/install/h264_decode/share/h264_decode/local_setup.sh
-- Up-to-date: /home/shen/learn/ROS2/decode_ws/install/h264_decode/share/h264_decode/local_setup.zsh
-- Installing: /home/shen/learn/ROS2/decode_ws/install/h264_decode/share/h264_decode/local_setup.dsv
-- Installing: /home/shen/learn/ROS2/decode_ws/install/h264_decode/share/h264_decode/package.dsv
-- Up-to-date: /home/shen/learn/ROS2/decode_ws/install/h264_decode/share/ament_index/resource_index/packages/h264_decode
-- Up-to-date: /home/shen/learn/ROS2/decode_ws/install/h264_decode/share/h264_decode/cmake/h264_decodeConfig.cmake
-- Up-to-date: /home/shen/learn/ROS2/decode_ws/install/h264_decode/share/h264_decode/cmake/h264_decodeConfig-version.cmake
-- Up-to-date: /home/shen/learn/ROS2/decode_ws/install/h264_decode/share/h264_decode/package.xml
