[0.070s] Invoking command in '/home/shen/learn/ROS2/decode_ws/build/h264_decode': CMAKE_PREFIX_PATH=${CMAKE_PREFIX_PATH}:/opt/ros/humble /usr/bin/cmake --build /home/shen/learn/ROS2/decode_ws/build/h264_decode -- -j16 -l16
[0.106s] -- Found ament_cmake: 1.3.6 (/opt/ros/humble/share/ament_cmake/cmake)
[0.263s] -- Found rclcpp: 16.0.7 (/opt/ros/humble/share/rclcpp/cmake)
[0.328s] -- Found rosidl_generator_c: 3.1.5 (/opt/ros/humble/share/rosidl_generator_c/cmake)
[0.332s] -- Found rosidl_adapter: 3.1.5 (/opt/ros/humble/share/rosidl_adapter/cmake)
[0.337s] -- Found rosidl_generator_cpp: 3.1.5 (/opt/ros/humble/share/rosidl_generator_cpp/cmake)
[0.347s] -- Using all available rosidl_typesupport_c: rosidl_typesupport_fastrtps_c;rosidl_typesupport_introspection_c
[0.361s] -- Using all available rosidl_typesupport_cpp: rosidl_typesupport_fastrtps_cpp;rosidl_typesupport_introspection_cpp
[0.416s] -- Found rmw_implementation_cmake: 6.1.1 (/opt/ros/humble/share/rmw_implementation_cmake/cmake)
[0.417s] -- Found rmw_cyclonedds_cpp: 1.3.4 (/opt/ros/humble/share/rmw_cyclonedds_cpp/cmake)
[0.443s] -- Using RMW implementation 'rmw_cyclonedds_cpp' as default
[0.585s] -- Found sensor_msgs: 4.2.3 (/opt/ros/humble/share/sensor_msgs/cmake)
[0.699s] -- Found cv_bridge: 3.2.1 (/opt/ros/humble/share/cv_bridge/cmake)
[0.715s] -- Found ament_lint_auto: 0.12.9 (/opt/ros/humble/share/ament_lint_auto/cmake)
[0.788s] -- Added test 'cppcheck' to perform static code analysis on C / C++ code
[0.788s] -- Configured cppcheck include dirs: /home/shen/learn/ROS2/decode_ws/src/h264_decode/include/h264_decode
[0.788s] -- Configured cppcheck exclude dirs and/or files: 
[0.788s] -- Added test 'flake8' to check Python code syntax and style conventions
[0.789s] -- Added test 'lint_cmake' to check CMake code style
[0.789s] -- Added test 'pep257' to check Python code against some of the docstring style conventions in PEP 257
[0.791s] -- Added test 'uncrustify' to check C / C++ code style
[0.791s] -- Configured uncrustify additional arguments: 
[0.791s] -- Added test 'xmllint' to check XML markup files
[0.793s] -- Configuring done
[0.809s] -- Generating done
[0.811s] -- Build files have been written to: /home/shen/learn/ROS2/decode_ws/build/h264_decode
[0.853s] [ 66%] [32mBuilding CXX object CMakeFiles/decoder_node.dir/src/h264decoder.cpp.o[0m
[0.854s] [ 66%] [32mBuilding CXX object CMakeFiles/decoder_node.dir/src/decoder_node.cpp.o[0m
[2.038s] [01m[K/home/shen/learn/ROS2/decode_ws/src/h264_decode/src/h264decoder.cpp:[m[K In member function ‘[01m[Kint CH264Decoder::initial()[m[K’:
[2.038s] [01m[K/home/shen/learn/ROS2/decode_ws/src/h264_decode/src/h264decoder.cpp:19:19:[m[K [01;35m[Kwarning: [m[K‘[01m[Kvoid av_init_packet(AVPacket*)[m[K’ is deprecated [[01;35m[K]8;;https://gcc.gnu.org/onlinedocs/gcc/Warning-Options.html#index-Wdeprecated-declarations-Wdeprecated-declarations]8;;[m[K]
[2.039s]    19 |     [01;35m[Kav_init_packet(&packet)[m[K;
[2.039s]       |     [01;35m[K~~~~~~~~~~~~~~^~~~~~~~~[m[K
[2.039s] In file included from [01m[K/usr/include/x86_64-linux-gnu/libavcodec/bsf.h:30[m[K,
[2.039s]                  from [01m[K/usr/include/x86_64-linux-gnu/libavcodec/avcodec.h:44[m[K,
[2.039s]                  from [01m[K/usr/include/x86_64-linux-gnu/libavformat/avformat.h:312[m[K,
[2.039s]                  from [01m[K/home/shen/learn/ROS2/decode_ws/src/h264_decode/include/h264_decode/h264decoder.h:9[m[K,
[2.039s]                  from [01m[K/home/shen/learn/ROS2/decode_ws/src/h264_decode/src/h264decoder.cpp:1[m[K:
[2.040s] [01m[K/usr/include/x86_64-linux-gnu/libavcodec/packet.h:488:6:[m[K [01;36m[Knote: [m[Kdeclared here
[2.040s]   488 | void [01;36m[Kav_init_packet[m[K(AVPacket *pkt);
[2.040s]       |      [01;36m[K^~~~~~~~~~~~~~[m[K
[9.085s] [100%] [32m[1mLinking CXX executable decoder_node[0m
[10.049s] [100%] Built target decoder_node
[10.063s] Invoked command in '/home/shen/learn/ROS2/decode_ws/build/h264_decode' returned '0': CMAKE_PREFIX_PATH=${CMAKE_PREFIX_PATH}:/opt/ros/humble /usr/bin/cmake --build /home/shen/learn/ROS2/decode_ws/build/h264_decode -- -j16 -l16
[10.121s] Invoking command in '/home/shen/learn/ROS2/decode_ws/build/h264_decode': CMAKE_PREFIX_PATH=${CMAKE_PREFIX_PATH}:/opt/ros/humble /usr/bin/cmake --install /home/shen/learn/ROS2/decode_ws/build/h264_decode
[10.129s] -- Install configuration: ""
[10.129s] -- Installing: /home/shen/learn/ROS2/decode_ws/install/h264_decode/lib/h264_decode/decoder_node
[10.135s] -- Set runtime path of "/home/shen/learn/ROS2/decode_ws/install/h264_decode/lib/h264_decode/decoder_node" to ""
[10.135s] -- Up-to-date: /home/shen/learn/ROS2/decode_ws/install/h264_decode/share/h264_decode/launch
[10.135s] -- Installing: /home/shen/learn/ROS2/decode_ws/install/h264_decode/share/h264_decode/launch/decoder.launch.py
[10.135s] -- Up-to-date: /home/shen/learn/ROS2/decode_ws/install/h264_decode/share/ament_index/resource_index/package_run_dependencies/h264_decode
[10.135s] -- Installing: /home/shen/learn/ROS2/decode_ws/install/h264_decode/share/ament_index/resource_index/parent_prefix_path/h264_decode
[10.136s] -- Up-to-date: /home/shen/learn/ROS2/decode_ws/install/h264_decode/share/h264_decode/environment/ament_prefix_path.sh
[10.136s] -- Installing: /home/shen/learn/ROS2/decode_ws/install/h264_decode/share/h264_decode/environment/ament_prefix_path.dsv
[10.136s] -- Up-to-date: /home/shen/learn/ROS2/decode_ws/install/h264_decode/share/h264_decode/environment/path.sh
[10.136s] -- Installing: /home/shen/learn/ROS2/decode_ws/install/h264_decode/share/h264_decode/environment/path.dsv
[10.136s] -- Up-to-date: /home/shen/learn/ROS2/decode_ws/install/h264_decode/share/h264_decode/local_setup.bash
[10.136s] -- Up-to-date: /home/shen/learn/ROS2/decode_ws/install/h264_decode/share/h264_decode/local_setup.sh
[10.136s] -- Up-to-date: /home/shen/learn/ROS2/decode_ws/install/h264_decode/share/h264_decode/local_setup.zsh
[10.136s] -- Installing: /home/shen/learn/ROS2/decode_ws/install/h264_decode/share/h264_decode/local_setup.dsv
[10.136s] -- Installing: /home/shen/learn/ROS2/decode_ws/install/h264_decode/share/h264_decode/package.dsv
[10.137s] -- Up-to-date: /home/shen/learn/ROS2/decode_ws/install/h264_decode/share/ament_index/resource_index/packages/h264_decode
[10.137s] -- Up-to-date: /home/shen/learn/ROS2/decode_ws/install/h264_decode/share/h264_decode/cmake/h264_decodeConfig.cmake
[10.137s] -- Up-to-date: /home/shen/learn/ROS2/decode_ws/install/h264_decode/share/h264_decode/cmake/h264_decodeConfig-version.cmake
[10.137s] -- Up-to-date: /home/shen/learn/ROS2/decode_ws/install/h264_decode/share/h264_decode/package.xml
[10.139s] Invoked command in '/home/shen/learn/ROS2/decode_ws/build/h264_decode' returned '0': CMAKE_PREFIX_PATH=${CMAKE_PREFIX_PATH}:/opt/ros/humble /usr/bin/cmake --install /home/shen/learn/ROS2/decode_ws/build/h264_decode
