[0.949s] DEBUG:colcon:Command line arguments: ['/usr/bin/colcon', 'build']
[0.949s] DEBUG:colcon:Parsed command line arguments: Namespace(log_base=None, log_level=None, verb_name='build', build_base='build', install_base='install', merge_install=False, symlink_install=False, test_result_base=None, continue_on_error=False, executor='parallel', parallel_workers=16, event_handlers=None, ignore_user_meta=False, metas=['./colcon.meta'], base_paths=['.'], packages_ignore=None, packages_ignore_regex=None, paths=None, packages_up_to=None, packages_up_to_regex=None, packages_above=None, packages_above_and_dependencies=None, packages_above_depth=None, packages_select_by_dep=None, packages_skip_by_dep=None, packages_skip_up_to=None, packages_select_build_failed=False, packages_skip_build_finished=False, packages_select_test_failures=False, packages_skip_test_passed=False, packages_select=None, packages_skip=None, packages_select_regex=None, packages_skip_regex=None, packages_start=None, packages_end=None, allow_overriding=[], cmake_args=None, cmake_target=None, cmake_target_skip_unavailable=False, cmake_clean_cache=False, cmake_clean_first=False, cmake_force_configure=False, ament_cmake_args=None, catkin_cmake_args=None, catkin_skip_building_tests=False, verb_parser=<colcon_defaults.argument_parser.defaults.DefaultArgumentsDecorator object at 0x73daf82b3880>, verb_extension=<colcon_core.verb.build.BuildVerb object at 0x73daf86d78e0>, main=<bound method BuildVerb.main of <colcon_core.verb.build.BuildVerb object at 0x73daf86d78e0>>)
[0.992s] Level 1:colcon.colcon_core.package_discovery:discover_packages(colcon_meta) check parameters
[0.992s] Level 1:colcon.colcon_core.package_discovery:discover_packages(recursive) check parameters
[0.992s] Level 1:colcon.colcon_core.package_discovery:discover_packages(ignore) check parameters
[0.992s] Level 1:colcon.colcon_core.package_discovery:discover_packages(path) check parameters
[0.992s] Level 1:colcon.colcon_core.package_discovery:discover_packages(colcon_meta) discover
[0.992s] Level 1:colcon.colcon_core.package_discovery:discover_packages(recursive) discover
[0.992s] INFO:colcon.colcon_core.package_discovery:Crawling recursively for packages in '/home/shen/learn/ROS2/sync_ws'
[0.993s] Level 1:colcon.colcon_core.package_identification:_identify(.) by extensions ['ignore', 'ignore_ament_install']
[0.993s] Level 1:colcon.colcon_core.package_identification:_identify(.) by extension 'ignore'
[0.993s] Level 1:colcon.colcon_core.package_identification:_identify(.) by extension 'ignore_ament_install'
[0.993s] Level 1:colcon.colcon_core.package_identification:_identify(.) by extensions ['colcon_pkg']
[0.993s] Level 1:colcon.colcon_core.package_identification:_identify(.) by extension 'colcon_pkg'
[0.993s] Level 1:colcon.colcon_core.package_identification:_identify(.) by extensions ['colcon_meta']
[0.993s] Level 1:colcon.colcon_core.package_identification:_identify(.) by extension 'colcon_meta'
[0.993s] Level 1:colcon.colcon_core.package_identification:_identify(.) by extensions ['ros']
[0.993s] Level 1:colcon.colcon_core.package_identification:_identify(.) by extension 'ros'
[1.002s] Level 1:colcon.colcon_core.package_identification:_identify(.) by extensions ['cmake', 'python']
[1.002s] Level 1:colcon.colcon_core.package_identification:_identify(.) by extension 'cmake'
[1.002s] Level 1:colcon.colcon_core.package_identification:_identify(.) by extension 'python'
[1.002s] Level 1:colcon.colcon_core.package_identification:_identify(.) by extensions ['python_setup_py']
[1.002s] Level 1:colcon.colcon_core.package_identification:_identify(.) by extension 'python_setup_py'
[1.002s] Level 1:colcon.colcon_core.package_identification:_identify(build) by extensions ['ignore', 'ignore_ament_install']
[1.003s] Level 1:colcon.colcon_core.package_identification:_identify(build) by extension 'ignore'
[1.003s] Level 1:colcon.colcon_core.package_identification:_identify(build) ignored
[1.003s] Level 1:colcon.colcon_core.package_identification:_identify(install) by extensions ['ignore', 'ignore_ament_install']
[1.003s] Level 1:colcon.colcon_core.package_identification:_identify(install) by extension 'ignore'
[1.003s] Level 1:colcon.colcon_core.package_identification:_identify(install) ignored
[1.003s] Level 1:colcon.colcon_core.package_identification:_identify(log) by extensions ['ignore', 'ignore_ament_install']
[1.003s] Level 1:colcon.colcon_core.package_identification:_identify(log) by extension 'ignore'
[1.003s] Level 1:colcon.colcon_core.package_identification:_identify(log) ignored
[1.003s] Level 1:colcon.colcon_core.package_identification:_identify(src) by extensions ['ignore', 'ignore_ament_install']
[1.003s] Level 1:colcon.colcon_core.package_identification:_identify(src) by extension 'ignore'
[1.003s] Level 1:colcon.colcon_core.package_identification:_identify(src) by extension 'ignore_ament_install'
[1.003s] Level 1:colcon.colcon_core.package_identification:_identify(src) by extensions ['colcon_pkg']
[1.003s] Level 1:colcon.colcon_core.package_identification:_identify(src) by extension 'colcon_pkg'
[1.003s] Level 1:colcon.colcon_core.package_identification:_identify(src) by extensions ['colcon_meta']
[1.003s] Level 1:colcon.colcon_core.package_identification:_identify(src) by extension 'colcon_meta'
[1.004s] Level 1:colcon.colcon_core.package_identification:_identify(src) by extensions ['ros']
[1.004s] Level 1:colcon.colcon_core.package_identification:_identify(src) by extension 'ros'
[1.004s] Level 1:colcon.colcon_core.package_identification:_identify(src) by extensions ['cmake', 'python']
[1.004s] Level 1:colcon.colcon_core.package_identification:_identify(src) by extension 'cmake'
[1.004s] Level 1:colcon.colcon_core.package_identification:_identify(src) by extension 'python'
[1.004s] Level 1:colcon.colcon_core.package_identification:_identify(src) by extensions ['python_setup_py']
[1.004s] Level 1:colcon.colcon_core.package_identification:_identify(src) by extension 'python_setup_py'
[1.004s] Level 1:colcon.colcon_core.package_identification:_identify(src/synchronize_utils) by extensions ['ignore', 'ignore_ament_install']
[1.004s] Level 1:colcon.colcon_core.package_identification:_identify(src/synchronize_utils) by extension 'ignore'
[1.004s] Level 1:colcon.colcon_core.package_identification:_identify(src/synchronize_utils) by extension 'ignore_ament_install'
[1.004s] Level 1:colcon.colcon_core.package_identification:_identify(src/synchronize_utils) by extensions ['colcon_pkg']
[1.004s] Level 1:colcon.colcon_core.package_identification:_identify(src/synchronize_utils) by extension 'colcon_pkg'
[1.004s] Level 1:colcon.colcon_core.package_identification:_identify(src/synchronize_utils) by extensions ['colcon_meta']
[1.004s] Level 1:colcon.colcon_core.package_identification:_identify(src/synchronize_utils) by extension 'colcon_meta'
[1.004s] Level 1:colcon.colcon_core.package_identification:_identify(src/synchronize_utils) by extensions ['ros']
[1.004s] Level 1:colcon.colcon_core.package_identification:_identify(src/synchronize_utils) by extension 'ros'
[1.006s] DEBUG:colcon.colcon_core.package_identification:Package 'src/synchronize_utils' with type 'ros.ament_cmake' and name 'synchronize_utils'
[1.006s] Level 1:colcon.colcon_core.package_discovery:discover_packages(recursive) using defaults
[1.006s] Level 1:colcon.colcon_core.package_discovery:discover_packages(ignore) discover
[1.006s] Level 1:colcon.colcon_core.package_discovery:discover_packages(ignore) using defaults
[1.006s] Level 1:colcon.colcon_core.package_discovery:discover_packages(path) discover
[1.006s] Level 1:colcon.colcon_core.package_discovery:discover_packages(path) using defaults
[1.094s] Level 1:colcon.colcon_core.package_discovery:discover_packages(prefix_path) check parameters
[1.094s] Level 1:colcon.colcon_core.package_discovery:discover_packages(prefix_path) discover
[1.124s] DEBUG:colcon.colcon_installed_package_information.package_discovery:Found 349 installed packages in /opt/ros/humble
[1.125s] Level 1:colcon.colcon_core.package_discovery:discover_packages(prefix_path) using defaults
[1.223s] Level 5:colcon.colcon_core.verb:set package 'synchronize_utils' build argument 'cmake_args' from command line to 'None'
[1.223s] Level 5:colcon.colcon_core.verb:set package 'synchronize_utils' build argument 'cmake_target' from command line to 'None'
[1.223s] Level 5:colcon.colcon_core.verb:set package 'synchronize_utils' build argument 'cmake_target_skip_unavailable' from command line to 'False'
[1.223s] Level 5:colcon.colcon_core.verb:set package 'synchronize_utils' build argument 'cmake_clean_cache' from command line to 'False'
[1.223s] Level 5:colcon.colcon_core.verb:set package 'synchronize_utils' build argument 'cmake_clean_first' from command line to 'False'
[1.223s] Level 5:colcon.colcon_core.verb:set package 'synchronize_utils' build argument 'cmake_force_configure' from command line to 'False'
[1.223s] Level 5:colcon.colcon_core.verb:set package 'synchronize_utils' build argument 'ament_cmake_args' from command line to 'None'
[1.223s] Level 5:colcon.colcon_core.verb:set package 'synchronize_utils' build argument 'catkin_cmake_args' from command line to 'None'
[1.223s] Level 5:colcon.colcon_core.verb:set package 'synchronize_utils' build argument 'catkin_skip_building_tests' from command line to 'False'
[1.223s] DEBUG:colcon.colcon_core.verb:Building package 'synchronize_utils' with the following arguments: {'ament_cmake_args': None, 'build_base': '/home/shen/learn/ROS2/sync_ws/build/synchronize_utils', 'catkin_cmake_args': None, 'catkin_skip_building_tests': False, 'cmake_args': None, 'cmake_clean_cache': False, 'cmake_clean_first': False, 'cmake_force_configure': False, 'cmake_target': None, 'cmake_target_skip_unavailable': False, 'install_base': '/home/shen/learn/ROS2/sync_ws/install/synchronize_utils', 'merge_install': False, 'path': '/home/shen/learn/ROS2/sync_ws/src/synchronize_utils', 'symlink_install': False, 'test_result_base': None}
[1.236s] INFO:colcon.colcon_core.executor:Executing jobs using 'parallel' executor
[1.251s] DEBUG:colcon.colcon_parallel_executor.executor.parallel:run_until_complete
[1.251s] INFO:colcon.colcon_ros.task.ament_cmake.build:Building ROS package in '/home/shen/learn/ROS2/sync_ws/src/synchronize_utils' with build type 'ament_cmake'
[1.252s] INFO:colcon.colcon_cmake.task.cmake.build:Building CMake package in '/home/shen/learn/ROS2/sync_ws/src/synchronize_utils'
[1.269s] INFO:colcon.colcon_core.plugin_system:Skipping extension 'colcon_core.shell.bat': Not used on non-Windows systems
[1.269s] INFO:colcon.colcon_core.shell:Skip shell extension 'powershell' for command environment: Not usable outside of PowerShell
[1.269s] DEBUG:colcon.colcon_core.shell:Skip shell extension 'dsv' for command environment
[1.310s] DEBUG:colcon.colcon_core.event_handler.log_command:Invoking command in '/home/shen/learn/ROS2/sync_ws/build/synchronize_utils': CMAKE_PREFIX_PATH=/opt/ros/humble /usr/bin/cmake --build /home/shen/learn/ROS2/sync_ws/build/synchronize_utils -- -j16 -l16
[17.852s] DEBUG:colcon.colcon_core.event_handler.log_command:Invoked command in '/home/shen/learn/ROS2/sync_ws/build/synchronize_utils' returned '0': CMAKE_PREFIX_PATH=/opt/ros/humble /usr/bin/cmake --build /home/shen/learn/ROS2/sync_ws/build/synchronize_utils -- -j16 -l16
[17.905s] DEBUG:colcon.colcon_core.event_handler.log_command:Invoking command in '/home/shen/learn/ROS2/sync_ws/build/synchronize_utils': CMAKE_PREFIX_PATH=/opt/ros/humble /usr/bin/cmake --install /home/shen/learn/ROS2/sync_ws/build/synchronize_utils
[17.936s] Level 1:colcon.colcon_core.environment:create_environment_scripts_only(synchronize_utils)
[17.936s] DEBUG:colcon.colcon_core.event_handler.log_command:Invoked command in '/home/shen/learn/ROS2/sync_ws/build/synchronize_utils' returned '0': CMAKE_PREFIX_PATH=/opt/ros/humble /usr/bin/cmake --install /home/shen/learn/ROS2/sync_ws/build/synchronize_utils
[17.952s] Level 1:colcon.colcon_core.environment:checking '/home/shen/learn/ROS2/sync_ws/install/synchronize_utils' for CMake module files
[17.952s] Level 1:colcon.colcon_core.environment:checking '/home/shen/learn/ROS2/sync_ws/install/synchronize_utils' for CMake config files
[17.953s] Level 1:colcon.colcon_core.shell:create_environment_hook('synchronize_utils', 'cmake_prefix_path')
[17.968s] INFO:colcon.colcon_core.shell:Creating environment hook '/home/shen/learn/ROS2/sync_ws/install/synchronize_utils/share/synchronize_utils/hook/cmake_prefix_path.ps1'
[17.968s] INFO:colcon.colcon_core.shell:Creating environment descriptor '/home/shen/learn/ROS2/sync_ws/install/synchronize_utils/share/synchronize_utils/hook/cmake_prefix_path.dsv'
[17.968s] INFO:colcon.colcon_core.shell:Creating environment hook '/home/shen/learn/ROS2/sync_ws/install/synchronize_utils/share/synchronize_utils/hook/cmake_prefix_path.sh'
[17.969s] Level 1:colcon.colcon_core.environment:checking '/home/shen/learn/ROS2/sync_ws/install/synchronize_utils/lib'
[17.969s] Level 1:colcon.colcon_core.environment:checking '/home/shen/learn/ROS2/sync_ws/install/synchronize_utils/bin'
[17.969s] Level 1:colcon.colcon_core.environment:checking '/home/shen/learn/ROS2/sync_ws/install/synchronize_utils/lib/pkgconfig/synchronize_utils.pc'
[17.970s] Level 1:colcon.colcon_core.environment:checking '/home/shen/learn/ROS2/sync_ws/install/synchronize_utils/lib/python3.10/site-packages'
[17.970s] Level 1:colcon.colcon_core.environment:checking '/home/shen/learn/ROS2/sync_ws/install/synchronize_utils/bin'
[17.984s] INFO:colcon.colcon_core.shell:Creating package script '/home/shen/learn/ROS2/sync_ws/install/synchronize_utils/share/synchronize_utils/package.ps1'
[17.985s] INFO:colcon.colcon_core.shell:Creating package descriptor '/home/shen/learn/ROS2/sync_ws/install/synchronize_utils/share/synchronize_utils/package.dsv'
[17.985s] INFO:colcon.colcon_core.shell:Creating package script '/home/shen/learn/ROS2/sync_ws/install/synchronize_utils/share/synchronize_utils/package.sh'
[17.986s] INFO:colcon.colcon_core.shell:Creating package script '/home/shen/learn/ROS2/sync_ws/install/synchronize_utils/share/synchronize_utils/package.bash'
[17.986s] INFO:colcon.colcon_core.shell:Creating package script '/home/shen/learn/ROS2/sync_ws/install/synchronize_utils/share/synchronize_utils/package.zsh'
[17.987s] Level 1:colcon.colcon_core.environment:create_file_with_runtime_dependencies(/home/shen/learn/ROS2/sync_ws/install/synchronize_utils/share/colcon-core/packages/synchronize_utils)
[18.059s] Level 1:colcon.colcon_core.environment:create_environment_scripts_only(synchronize_utils)
[18.090s] Level 1:colcon.colcon_core.environment:checking '/home/shen/learn/ROS2/sync_ws/install/synchronize_utils' for CMake module files
[18.091s] Level 1:colcon.colcon_core.environment:checking '/home/shen/learn/ROS2/sync_ws/install/synchronize_utils' for CMake config files
[18.092s] Level 1:colcon.colcon_core.shell:create_environment_hook('synchronize_utils', 'cmake_prefix_path')
[18.107s] INFO:colcon.colcon_core.shell:Creating environment hook '/home/shen/learn/ROS2/sync_ws/install/synchronize_utils/share/synchronize_utils/hook/cmake_prefix_path.ps1'
[18.107s] INFO:colcon.colcon_core.shell:Creating environment descriptor '/home/shen/learn/ROS2/sync_ws/install/synchronize_utils/share/synchronize_utils/hook/cmake_prefix_path.dsv'
[18.107s] INFO:colcon.colcon_core.shell:Creating environment hook '/home/shen/learn/ROS2/sync_ws/install/synchronize_utils/share/synchronize_utils/hook/cmake_prefix_path.sh'
[18.108s] Level 1:colcon.colcon_core.environment:checking '/home/shen/learn/ROS2/sync_ws/install/synchronize_utils/lib'
[18.108s] Level 1:colcon.colcon_core.environment:checking '/home/shen/learn/ROS2/sync_ws/install/synchronize_utils/bin'
[18.108s] Level 1:colcon.colcon_core.environment:checking '/home/shen/learn/ROS2/sync_ws/install/synchronize_utils/lib/pkgconfig/synchronize_utils.pc'
[18.108s] Level 1:colcon.colcon_core.environment:checking '/home/shen/learn/ROS2/sync_ws/install/synchronize_utils/lib/python3.10/site-packages'
[18.108s] Level 1:colcon.colcon_core.environment:checking '/home/shen/learn/ROS2/sync_ws/install/synchronize_utils/bin'
[18.123s] INFO:colcon.colcon_core.shell:Creating package script '/home/shen/learn/ROS2/sync_ws/install/synchronize_utils/share/synchronize_utils/package.ps1'
[18.123s] INFO:colcon.colcon_core.shell:Creating package descriptor '/home/shen/learn/ROS2/sync_ws/install/synchronize_utils/share/synchronize_utils/package.dsv'
[18.124s] INFO:colcon.colcon_core.shell:Creating package script '/home/shen/learn/ROS2/sync_ws/install/synchronize_utils/share/synchronize_utils/package.sh'
[18.124s] INFO:colcon.colcon_core.shell:Creating package script '/home/shen/learn/ROS2/sync_ws/install/synchronize_utils/share/synchronize_utils/package.bash'
[18.125s] INFO:colcon.colcon_core.shell:Creating package script '/home/shen/learn/ROS2/sync_ws/install/synchronize_utils/share/synchronize_utils/package.zsh'
[18.125s] Level 1:colcon.colcon_core.environment:create_file_with_runtime_dependencies(/home/shen/learn/ROS2/sync_ws/install/synchronize_utils/share/colcon-core/packages/synchronize_utils)
[18.125s] DEBUG:colcon.colcon_parallel_executor.executor.parallel:closing loop
[18.126s] DEBUG:colcon.colcon_parallel_executor.executor.parallel:loop closed
[18.126s] DEBUG:colcon.colcon_parallel_executor.executor.parallel:run_until_complete finished with '0'
[18.126s] DEBUG:colcon.colcon_core.event_reactor:joining thread
[18.146s] INFO:colcon.colcon_core.plugin_system:Skipping extension 'colcon_notification.desktop_notification.terminal_notifier': Not used on non-Darwin systems
[18.147s] INFO:colcon.colcon_core.plugin_system:Skipping extension 'colcon_notification.desktop_notification.win32': Not used on non-Windows systems
[18.147s] INFO:colcon.colcon_notification.desktop_notification:Sending desktop notification using 'notify2'
[18.160s] DEBUG:colcon.colcon_core.event_reactor:joined thread
[18.175s] INFO:colcon.colcon_core.shell:Creating prefix script '/home/shen/learn/ROS2/sync_ws/install/local_setup.ps1'
[18.176s] INFO:colcon.colcon_core.shell:Creating prefix util module '/home/shen/learn/ROS2/sync_ws/install/_local_setup_util_ps1.py'
[18.177s] INFO:colcon.colcon_core.shell:Creating prefix chain script '/home/shen/learn/ROS2/sync_ws/install/setup.ps1'
[18.192s] INFO:colcon.colcon_core.shell:Creating prefix script '/home/shen/learn/ROS2/sync_ws/install/local_setup.sh'
[18.193s] INFO:colcon.colcon_core.shell:Creating prefix util module '/home/shen/learn/ROS2/sync_ws/install/_local_setup_util_sh.py'
[18.193s] INFO:colcon.colcon_core.shell:Creating prefix chain script '/home/shen/learn/ROS2/sync_ws/install/setup.sh'
[18.209s] INFO:colcon.colcon_core.shell:Creating prefix script '/home/shen/learn/ROS2/sync_ws/install/local_setup.bash'
[18.209s] INFO:colcon.colcon_core.shell:Creating prefix chain script '/home/shen/learn/ROS2/sync_ws/install/setup.bash'
[18.227s] INFO:colcon.colcon_core.shell:Creating prefix script '/home/shen/learn/ROS2/sync_ws/install/local_setup.zsh'
[18.228s] INFO:colcon.colcon_core.shell:Creating prefix chain script '/home/shen/learn/ROS2/sync_ws/install/setup.zsh'
