[0.870s] DEBUG:colcon:Command line arguments: ['/usr/bin/colcon', 'build']
[0.870s] DEBUG:colcon:Parsed command line arguments: Namespace(log_base=None, log_level=None, verb_name='build', build_base='build', install_base='install', merge_install=False, symlink_install=False, test_result_base=None, continue_on_error=False, executor='parallel', parallel_workers=16, event_handlers=None, ignore_user_meta=False, metas=['./colcon.meta'], base_paths=['.'], packages_ignore=None, packages_ignore_regex=None, paths=None, packages_up_to=None, packages_up_to_regex=None, packages_above=None, packages_above_and_dependencies=None, packages_above_depth=None, packages_select_by_dep=None, packages_skip_by_dep=None, packages_skip_up_to=None, packages_select_build_failed=False, packages_skip_build_finished=False, packages_select_test_failures=False, packages_skip_test_passed=False, packages_select=None, packages_skip=None, packages_select_regex=None, packages_skip_regex=None, packages_start=None, packages_end=None, allow_overriding=[], cmake_args=None, cmake_target=None, cmake_target_skip_unavailable=False, cmake_clean_cache=False, cmake_clean_first=False, cmake_force_configure=False, ament_cmake_args=None, catkin_cmake_args=None, catkin_skip_building_tests=False, verb_parser=<colcon_defaults.argument_parser.defaults.DefaultArgumentsDecorator object at 0x797ceccb18d0>, verb_extension=<colcon_core.verb.build.BuildVerb object at 0x797cede8bc70>, main=<bound method BuildVerb.main of <colcon_core.verb.build.BuildVerb object at 0x797cede8bc70>>)
[0.909s] Level 1:colcon.colcon_core.package_discovery:discover_packages(colcon_meta) check parameters
[0.909s] Level 1:colcon.colcon_core.package_discovery:discover_packages(recursive) check parameters
[0.909s] Level 1:colcon.colcon_core.package_discovery:discover_packages(ignore) check parameters
[0.910s] Level 1:colcon.colcon_core.package_discovery:discover_packages(path) check parameters
[0.910s] Level 1:colcon.colcon_core.package_discovery:discover_packages(colcon_meta) discover
[0.910s] Level 1:colcon.colcon_core.package_discovery:discover_packages(recursive) discover
[0.910s] INFO:colcon.colcon_core.package_discovery:Crawling recursively for packages in '/home/shen/learn/ROS2/video_ws'
[0.910s] Level 1:colcon.colcon_core.package_identification:_identify(.) by extensions ['ignore', 'ignore_ament_install']
[0.910s] Level 1:colcon.colcon_core.package_identification:_identify(.) by extension 'ignore'
[0.910s] Level 1:colcon.colcon_core.package_identification:_identify(.) by extension 'ignore_ament_install'
[0.910s] Level 1:colcon.colcon_core.package_identification:_identify(.) by extensions ['colcon_pkg']
[0.910s] Level 1:colcon.colcon_core.package_identification:_identify(.) by extension 'colcon_pkg'
[0.910s] Level 1:colcon.colcon_core.package_identification:_identify(.) by extensions ['colcon_meta']
[0.910s] Level 1:colcon.colcon_core.package_identification:_identify(.) by extension 'colcon_meta'
[0.910s] Level 1:colcon.colcon_core.package_identification:_identify(.) by extensions ['ros']
[0.910s] Level 1:colcon.colcon_core.package_identification:_identify(.) by extension 'ros'
[0.919s] Level 1:colcon.colcon_core.package_identification:_identify(.) by extensions ['cmake', 'python']
[0.919s] Level 1:colcon.colcon_core.package_identification:_identify(.) by extension 'cmake'
[0.919s] Level 1:colcon.colcon_core.package_identification:_identify(.) by extension 'python'
[0.920s] Level 1:colcon.colcon_core.package_identification:_identify(.) by extensions ['python_setup_py']
[0.920s] Level 1:colcon.colcon_core.package_identification:_identify(.) by extension 'python_setup_py'
[0.920s] Level 1:colcon.colcon_core.package_identification:_identify(build) by extensions ['ignore', 'ignore_ament_install']
[0.920s] Level 1:colcon.colcon_core.package_identification:_identify(build) by extension 'ignore'
[0.920s] Level 1:colcon.colcon_core.package_identification:_identify(build) ignored
[0.920s] Level 1:colcon.colcon_core.package_identification:_identify(install) by extensions ['ignore', 'ignore_ament_install']
[0.920s] Level 1:colcon.colcon_core.package_identification:_identify(install) by extension 'ignore'
[0.920s] Level 1:colcon.colcon_core.package_identification:_identify(install) ignored
[0.920s] Level 1:colcon.colcon_core.package_identification:_identify(log) by extensions ['ignore', 'ignore_ament_install']
[0.920s] Level 1:colcon.colcon_core.package_identification:_identify(log) by extension 'ignore'
[0.920s] Level 1:colcon.colcon_core.package_identification:_identify(log) ignored
[0.920s] Level 1:colcon.colcon_core.package_identification:_identify(src) by extensions ['ignore', 'ignore_ament_install']
[0.920s] Level 1:colcon.colcon_core.package_identification:_identify(src) by extension 'ignore'
[0.920s] Level 1:colcon.colcon_core.package_identification:_identify(src) by extension 'ignore_ament_install'
[0.920s] Level 1:colcon.colcon_core.package_identification:_identify(src) by extensions ['colcon_pkg']
[0.920s] Level 1:colcon.colcon_core.package_identification:_identify(src) by extension 'colcon_pkg'
[0.920s] Level 1:colcon.colcon_core.package_identification:_identify(src) by extensions ['colcon_meta']
[0.920s] Level 1:colcon.colcon_core.package_identification:_identify(src) by extension 'colcon_meta'
[0.921s] Level 1:colcon.colcon_core.package_identification:_identify(src) by extensions ['ros']
[0.921s] Level 1:colcon.colcon_core.package_identification:_identify(src) by extension 'ros'
[0.921s] Level 1:colcon.colcon_core.package_identification:_identify(src) by extensions ['cmake', 'python']
[0.921s] Level 1:colcon.colcon_core.package_identification:_identify(src) by extension 'cmake'
[0.921s] Level 1:colcon.colcon_core.package_identification:_identify(src) by extension 'python'
[0.921s] Level 1:colcon.colcon_core.package_identification:_identify(src) by extensions ['python_setup_py']
[0.921s] Level 1:colcon.colcon_core.package_identification:_identify(src) by extension 'python_setup_py'
[0.921s] Level 1:colcon.colcon_core.package_identification:_identify(src/usb_cam) by extensions ['ignore', 'ignore_ament_install']
[0.921s] Level 1:colcon.colcon_core.package_identification:_identify(src/usb_cam) by extension 'ignore'
[0.921s] Level 1:colcon.colcon_core.package_identification:_identify(src/usb_cam) by extension 'ignore_ament_install'
[0.921s] Level 1:colcon.colcon_core.package_identification:_identify(src/usb_cam) by extensions ['colcon_pkg']
[0.921s] Level 1:colcon.colcon_core.package_identification:_identify(src/usb_cam) by extension 'colcon_pkg'
[0.921s] Level 1:colcon.colcon_core.package_identification:_identify(src/usb_cam) by extensions ['colcon_meta']
[0.921s] Level 1:colcon.colcon_core.package_identification:_identify(src/usb_cam) by extension 'colcon_meta'
[0.921s] Level 1:colcon.colcon_core.package_identification:_identify(src/usb_cam) by extensions ['ros']
[0.921s] Level 1:colcon.colcon_core.package_identification:_identify(src/usb_cam) by extension 'ros'
[0.928s] DEBUG:colcon.colcon_core.package_identification:Package 'src/usb_cam' with type 'ros.ament_cmake' and name 'usb_cam'
[0.928s] Level 1:colcon.colcon_core.package_discovery:discover_packages(recursive) using defaults
[0.928s] Level 1:colcon.colcon_core.package_discovery:discover_packages(ignore) discover
[0.928s] Level 1:colcon.colcon_core.package_discovery:discover_packages(ignore) using defaults
[0.928s] Level 1:colcon.colcon_core.package_discovery:discover_packages(path) discover
[0.928s] Level 1:colcon.colcon_core.package_discovery:discover_packages(path) using defaults
[1.006s] Level 1:colcon.colcon_core.package_discovery:discover_packages(prefix_path) check parameters
[1.007s] Level 1:colcon.colcon_core.package_discovery:discover_packages(prefix_path) discover
[1.032s] DEBUG:colcon.colcon_installed_package_information.package_discovery:Found 1 installed packages in /home/shen/learn/ROS2/video_ws/install
[1.047s] DEBUG:colcon.colcon_installed_package_information.package_discovery:Found 345 installed packages in /opt/ros/humble
[1.048s] Level 1:colcon.colcon_core.package_discovery:discover_packages(prefix_path) using defaults
[1.140s] Level 5:colcon.colcon_core.verb:set package 'usb_cam' build argument 'cmake_args' from command line to 'None'
[1.140s] Level 5:colcon.colcon_core.verb:set package 'usb_cam' build argument 'cmake_target' from command line to 'None'
[1.140s] Level 5:colcon.colcon_core.verb:set package 'usb_cam' build argument 'cmake_target_skip_unavailable' from command line to 'False'
[1.140s] Level 5:colcon.colcon_core.verb:set package 'usb_cam' build argument 'cmake_clean_cache' from command line to 'False'
[1.140s] Level 5:colcon.colcon_core.verb:set package 'usb_cam' build argument 'cmake_clean_first' from command line to 'False'
[1.140s] Level 5:colcon.colcon_core.verb:set package 'usb_cam' build argument 'cmake_force_configure' from command line to 'False'
[1.140s] Level 5:colcon.colcon_core.verb:set package 'usb_cam' build argument 'ament_cmake_args' from command line to 'None'
[1.140s] Level 5:colcon.colcon_core.verb:set package 'usb_cam' build argument 'catkin_cmake_args' from command line to 'None'
[1.140s] Level 5:colcon.colcon_core.verb:set package 'usb_cam' build argument 'catkin_skip_building_tests' from command line to 'False'
[1.140s] DEBUG:colcon.colcon_core.verb:Building package 'usb_cam' with the following arguments: {'ament_cmake_args': None, 'build_base': '/home/shen/learn/ROS2/video_ws/build/usb_cam', 'catkin_cmake_args': None, 'catkin_skip_building_tests': False, 'cmake_args': None, 'cmake_clean_cache': False, 'cmake_clean_first': False, 'cmake_force_configure': False, 'cmake_target': None, 'cmake_target_skip_unavailable': False, 'install_base': '/home/shen/learn/ROS2/video_ws/install/usb_cam', 'merge_install': False, 'path': '/home/shen/learn/ROS2/video_ws/src/usb_cam', 'symlink_install': False, 'test_result_base': None}
[1.152s] INFO:colcon.colcon_core.executor:Executing jobs using 'parallel' executor
[1.166s] DEBUG:colcon.colcon_parallel_executor.executor.parallel:run_until_complete
[1.166s] INFO:colcon.colcon_ros.task.ament_cmake.build:Building ROS package in '/home/shen/learn/ROS2/video_ws/src/usb_cam' with build type 'ament_cmake'
[1.166s] INFO:colcon.colcon_cmake.task.cmake.build:Building CMake package in '/home/shen/learn/ROS2/video_ws/src/usb_cam'
[1.181s] INFO:colcon.colcon_core.plugin_system:Skipping extension 'colcon_core.shell.bat': Not used on non-Windows systems
[1.182s] INFO:colcon.colcon_core.shell:Skip shell extension 'powershell' for command environment: Not usable outside of PowerShell
[1.182s] DEBUG:colcon.colcon_core.shell:Skip shell extension 'dsv' for command environment
[1.235s] DEBUG:colcon.colcon_core.event_handler.log_command:Invoking command in '/home/shen/learn/ROS2/video_ws/build/usb_cam': CMAKE_PREFIX_PATH=${CMAKE_PREFIX_PATH}:/opt/ros/humble /usr/bin/cmake --build /home/shen/learn/ROS2/video_ws/build/usb_cam -- -j16 -l16
[1.382s] DEBUG:colcon.colcon_core.event_handler.log_command:Invoked command in '/home/shen/learn/ROS2/video_ws/build/usb_cam' returned '0': CMAKE_PREFIX_PATH=${CMAKE_PREFIX_PATH}:/opt/ros/humble /usr/bin/cmake --build /home/shen/learn/ROS2/video_ws/build/usb_cam -- -j16 -l16
[1.465s] DEBUG:colcon.colcon_core.event_handler.log_command:Invoking command in '/home/shen/learn/ROS2/video_ws/build/usb_cam': CMAKE_PREFIX_PATH=${CMAKE_PREFIX_PATH}:/opt/ros/humble /usr/bin/cmake --install /home/shen/learn/ROS2/video_ws/build/usb_cam
[1.479s] Level 1:colcon.colcon_core.environment:create_environment_scripts_only(usb_cam)
[1.482s] DEBUG:colcon.colcon_core.event_handler.log_command:Invoked command in '/home/shen/learn/ROS2/video_ws/build/usb_cam' returned '0': CMAKE_PREFIX_PATH=${CMAKE_PREFIX_PATH}:/opt/ros/humble /usr/bin/cmake --install /home/shen/learn/ROS2/video_ws/build/usb_cam
[1.497s] Level 1:colcon.colcon_core.environment:checking '/home/shen/learn/ROS2/video_ws/install/usb_cam' for CMake module files
[1.497s] Level 1:colcon.colcon_core.environment:checking '/home/shen/learn/ROS2/video_ws/install/usb_cam' for CMake config files
[1.498s] Level 1:colcon.colcon_core.shell:create_environment_hook('usb_cam', 'cmake_prefix_path')
[1.514s] INFO:colcon.colcon_core.shell:Creating environment hook '/home/shen/learn/ROS2/video_ws/install/usb_cam/share/usb_cam/hook/cmake_prefix_path.ps1'
[1.515s] INFO:colcon.colcon_core.shell:Creating environment descriptor '/home/shen/learn/ROS2/video_ws/install/usb_cam/share/usb_cam/hook/cmake_prefix_path.dsv'
[1.515s] INFO:colcon.colcon_core.shell:Creating environment hook '/home/shen/learn/ROS2/video_ws/install/usb_cam/share/usb_cam/hook/cmake_prefix_path.sh'
[1.516s] Level 1:colcon.colcon_core.environment:checking '/home/shen/learn/ROS2/video_ws/install/usb_cam/lib'
[1.517s] Level 1:colcon.colcon_core.shell:create_environment_hook('usb_cam', 'ld_library_path_lib')
[1.531s] INFO:colcon.colcon_core.shell:Creating environment hook '/home/shen/learn/ROS2/video_ws/install/usb_cam/share/usb_cam/hook/ld_library_path_lib.ps1'
[1.531s] INFO:colcon.colcon_core.shell:Creating environment descriptor '/home/shen/learn/ROS2/video_ws/install/usb_cam/share/usb_cam/hook/ld_library_path_lib.dsv'
[1.532s] INFO:colcon.colcon_core.shell:Creating environment hook '/home/shen/learn/ROS2/video_ws/install/usb_cam/share/usb_cam/hook/ld_library_path_lib.sh'
[1.532s] Level 1:colcon.colcon_core.environment:checking '/home/shen/learn/ROS2/video_ws/install/usb_cam/bin'
[1.532s] Level 1:colcon.colcon_core.environment:checking '/home/shen/learn/ROS2/video_ws/install/usb_cam/lib/pkgconfig/usb_cam.pc'
[1.532s] Level 1:colcon.colcon_core.environment:checking '/home/shen/learn/ROS2/video_ws/install/usb_cam/lib/python3.10/site-packages'
[1.532s] Level 1:colcon.colcon_core.environment:checking '/home/shen/learn/ROS2/video_ws/install/usb_cam/bin'
[1.546s] INFO:colcon.colcon_core.shell:Creating package script '/home/shen/learn/ROS2/video_ws/install/usb_cam/share/usb_cam/package.ps1'
[1.547s] INFO:colcon.colcon_core.shell:Creating package descriptor '/home/shen/learn/ROS2/video_ws/install/usb_cam/share/usb_cam/package.dsv'
[1.547s] INFO:colcon.colcon_core.shell:Creating package script '/home/shen/learn/ROS2/video_ws/install/usb_cam/share/usb_cam/package.sh'
[1.548s] INFO:colcon.colcon_core.shell:Creating package script '/home/shen/learn/ROS2/video_ws/install/usb_cam/share/usb_cam/package.bash'
[1.549s] INFO:colcon.colcon_core.shell:Creating package script '/home/shen/learn/ROS2/video_ws/install/usb_cam/share/usb_cam/package.zsh'
[1.549s] Level 1:colcon.colcon_core.environment:create_file_with_runtime_dependencies(/home/shen/learn/ROS2/video_ws/install/usb_cam/share/colcon-core/packages/usb_cam)
[1.616s] Level 1:colcon.colcon_core.environment:create_environment_scripts_only(usb_cam)
[1.631s] Level 1:colcon.colcon_core.environment:checking '/home/shen/learn/ROS2/video_ws/install/usb_cam' for CMake module files
[1.632s] Level 1:colcon.colcon_core.environment:checking '/home/shen/learn/ROS2/video_ws/install/usb_cam' for CMake config files
[1.632s] Level 1:colcon.colcon_core.shell:create_environment_hook('usb_cam', 'cmake_prefix_path')
[1.646s] INFO:colcon.colcon_core.shell:Creating environment hook '/home/shen/learn/ROS2/video_ws/install/usb_cam/share/usb_cam/hook/cmake_prefix_path.ps1'
[1.646s] INFO:colcon.colcon_core.shell:Creating environment descriptor '/home/shen/learn/ROS2/video_ws/install/usb_cam/share/usb_cam/hook/cmake_prefix_path.dsv'
[1.647s] INFO:colcon.colcon_core.shell:Creating environment hook '/home/shen/learn/ROS2/video_ws/install/usb_cam/share/usb_cam/hook/cmake_prefix_path.sh'
[1.647s] Level 1:colcon.colcon_core.environment:checking '/home/shen/learn/ROS2/video_ws/install/usb_cam/lib'
[1.647s] Level 1:colcon.colcon_core.shell:create_environment_hook('usb_cam', 'ld_library_path_lib')
[1.660s] INFO:colcon.colcon_core.shell:Creating environment hook '/home/shen/learn/ROS2/video_ws/install/usb_cam/share/usb_cam/hook/ld_library_path_lib.ps1'
[1.661s] INFO:colcon.colcon_core.shell:Creating environment descriptor '/home/shen/learn/ROS2/video_ws/install/usb_cam/share/usb_cam/hook/ld_library_path_lib.dsv'
[1.661s] INFO:colcon.colcon_core.shell:Creating environment hook '/home/shen/learn/ROS2/video_ws/install/usb_cam/share/usb_cam/hook/ld_library_path_lib.sh'
[1.661s] Level 1:colcon.colcon_core.environment:checking '/home/shen/learn/ROS2/video_ws/install/usb_cam/bin'
[1.662s] Level 1:colcon.colcon_core.environment:checking '/home/shen/learn/ROS2/video_ws/install/usb_cam/lib/pkgconfig/usb_cam.pc'
[1.662s] Level 1:colcon.colcon_core.environment:checking '/home/shen/learn/ROS2/video_ws/install/usb_cam/lib/python3.10/site-packages'
[1.662s] Level 1:colcon.colcon_core.environment:checking '/home/shen/learn/ROS2/video_ws/install/usb_cam/bin'
[1.676s] INFO:colcon.colcon_core.shell:Creating package script '/home/shen/learn/ROS2/video_ws/install/usb_cam/share/usb_cam/package.ps1'
[1.676s] INFO:colcon.colcon_core.shell:Creating package descriptor '/home/shen/learn/ROS2/video_ws/install/usb_cam/share/usb_cam/package.dsv'
[1.677s] INFO:colcon.colcon_core.shell:Creating package script '/home/shen/learn/ROS2/video_ws/install/usb_cam/share/usb_cam/package.sh'
[1.677s] INFO:colcon.colcon_core.shell:Creating package script '/home/shen/learn/ROS2/video_ws/install/usb_cam/share/usb_cam/package.bash'
[1.678s] INFO:colcon.colcon_core.shell:Creating package script '/home/shen/learn/ROS2/video_ws/install/usb_cam/share/usb_cam/package.zsh'
[1.679s] Level 1:colcon.colcon_core.environment:create_file_with_runtime_dependencies(/home/shen/learn/ROS2/video_ws/install/usb_cam/share/colcon-core/packages/usb_cam)
[1.680s] DEBUG:colcon.colcon_parallel_executor.executor.parallel:closing loop
[1.680s] DEBUG:colcon.colcon_parallel_executor.executor.parallel:loop closed
[1.681s] DEBUG:colcon.colcon_parallel_executor.executor.parallel:run_until_complete finished with '0'
[1.681s] DEBUG:colcon.colcon_core.event_reactor:joining thread
[1.699s] INFO:colcon.colcon_core.plugin_system:Skipping extension 'colcon_notification.desktop_notification.terminal_notifier': Not used on non-Darwin systems
[1.699s] INFO:colcon.colcon_core.plugin_system:Skipping extension 'colcon_notification.desktop_notification.win32': Not used on non-Windows systems
[1.699s] INFO:colcon.colcon_notification.desktop_notification:Sending desktop notification using 'notify2'
[1.711s] DEBUG:colcon.colcon_core.event_reactor:joined thread
[1.732s] INFO:colcon.colcon_core.shell:Creating prefix script '/home/shen/learn/ROS2/video_ws/install/local_setup.ps1'
[1.733s] INFO:colcon.colcon_core.shell:Creating prefix util module '/home/shen/learn/ROS2/video_ws/install/_local_setup_util_ps1.py'
[1.735s] INFO:colcon.colcon_core.shell:Creating prefix chain script '/home/shen/learn/ROS2/video_ws/install/setup.ps1'
[1.752s] INFO:colcon.colcon_core.shell:Creating prefix script '/home/shen/learn/ROS2/video_ws/install/local_setup.sh'
[1.753s] INFO:colcon.colcon_core.shell:Creating prefix util module '/home/shen/learn/ROS2/video_ws/install/_local_setup_util_sh.py'
[1.753s] INFO:colcon.colcon_core.shell:Creating prefix chain script '/home/shen/learn/ROS2/video_ws/install/setup.sh'
[1.768s] INFO:colcon.colcon_core.shell:Creating prefix script '/home/shen/learn/ROS2/video_ws/install/local_setup.bash'
[1.768s] INFO:colcon.colcon_core.shell:Creating prefix chain script '/home/shen/learn/ROS2/video_ws/install/setup.bash'
[1.783s] INFO:colcon.colcon_core.shell:Creating prefix script '/home/shen/learn/ROS2/video_ws/install/local_setup.zsh'
[1.783s] INFO:colcon.colcon_core.shell:Creating prefix chain script '/home/shen/learn/ROS2/video_ws/install/setup.zsh'
