[0.112s] Invoking command in '/home/shen/learn/ROS2/enet_driver_ws/build/enet_receiver_node': CMAKE_PREFIX_PATH=/opt/ros/humble /usr/bin/cmake --build /home/shen/learn/ROS2/enet_driver_ws/build/enet_receiver_node -- -j16 -l16
[0.162s] [35m[1mConsolidate compiler generated dependencies of target enet_receiver_node[0m
[0.192s] [100%] Built target enet_receiver_node
[0.208s] Invoked command in '/home/shen/learn/ROS2/enet_driver_ws/build/enet_receiver_node' returned '0': CMAKE_PREFIX_PATH=/opt/ros/humble /usr/bin/cmake --build /home/shen/learn/ROS2/enet_driver_ws/build/enet_receiver_node -- -j16 -l16
[0.252s] Invoking command in '/home/shen/learn/ROS2/enet_driver_ws/build/enet_receiver_node': CMAKE_PREFIX_PATH=/opt/ros/humble /usr/bin/cmake --install /home/shen/learn/ROS2/enet_driver_ws/build/enet_receiver_node
[0.262s] -- Install configuration: ""
[0.262s] -- Installing: /home/shen/learn/ROS2/enet_driver_ws/install/enet_receiver_node/lib/enet_receiver_node/enet_receiver_node
[0.266s] -- Set runtime path of "/home/shen/learn/ROS2/enet_driver_ws/install/enet_receiver_node/lib/enet_receiver_node/enet_receiver_node" to ""
[0.266s] -- Up-to-date: /home/shen/learn/ROS2/enet_driver_ws/install/enet_receiver_node/share/ament_index/resource_index/package_run_dependencies/enet_receiver_node
[0.266s] -- Up-to-date: /home/shen/learn/ROS2/enet_driver_ws/install/enet_receiver_node/share/ament_index/resource_index/parent_prefix_path/enet_receiver_node
[0.266s] -- Up-to-date: /home/shen/learn/ROS2/enet_driver_ws/install/enet_receiver_node/share/enet_receiver_node/environment/ament_prefix_path.sh
[0.266s] -- Up-to-date: /home/shen/learn/ROS2/enet_driver_ws/install/enet_receiver_node/share/enet_receiver_node/environment/ament_prefix_path.dsv
[0.266s] -- Up-to-date: /home/shen/learn/ROS2/enet_driver_ws/install/enet_receiver_node/share/enet_receiver_node/environment/path.sh
[0.266s] -- Up-to-date: /home/shen/learn/ROS2/enet_driver_ws/install/enet_receiver_node/share/enet_receiver_node/environment/path.dsv
[0.266s] -- Up-to-date: /home/shen/learn/ROS2/enet_driver_ws/install/enet_receiver_node/share/enet_receiver_node/local_setup.bash
[0.267s] -- Up-to-date: /home/shen/learn/ROS2/enet_driver_ws/install/enet_receiver_node/share/enet_receiver_node/local_setup.sh
[0.267s] -- Up-to-date: /home/shen/learn/ROS2/enet_driver_ws/install/enet_receiver_node/share/enet_receiver_node/local_setup.zsh
[0.267s] -- Up-to-date: /home/shen/learn/ROS2/enet_driver_ws/install/enet_receiver_node/share/enet_receiver_node/local_setup.dsv
[0.267s] -- Installing: /home/shen/learn/ROS2/enet_driver_ws/install/enet_receiver_node/share/enet_receiver_node/package.dsv
[0.267s] -- Up-to-date: /home/shen/learn/ROS2/enet_driver_ws/install/enet_receiver_node/share/ament_index/resource_index/packages/enet_receiver_node
[0.267s] -- Up-to-date: /home/shen/learn/ROS2/enet_driver_ws/install/enet_receiver_node/share/enet_receiver_node/cmake/enet_receiver_nodeConfig.cmake
[0.267s] -- Up-to-date: /home/shen/learn/ROS2/enet_driver_ws/install/enet_receiver_node/share/enet_receiver_node/cmake/enet_receiver_nodeConfig-version.cmake
[0.267s] -- Up-to-date: /home/shen/learn/ROS2/enet_driver_ws/install/enet_receiver_node/share/enet_receiver_node/package.xml
[0.269s] Invoked command in '/home/shen/learn/ROS2/enet_driver_ws/build/enet_receiver_node' returned '0': CMAKE_PREFIX_PATH=/opt/ros/humble /usr/bin/cmake --install /home/shen/learn/ROS2/enet_driver_ws/build/enet_receiver_node
