[0.084s] Invoking command in '/home/shen/learn/ROS2/ars408_ws/build/pe_ars408_ros': AMENT_PREFIX_PATH=/home/shen/learn/ROS2/ars408_ws/install/ros2_socketcan:/home/shen/learn/ROS2/ars408_ws/install/ros2_socketcan_msgs:${AMENT_PREFIX_PATH} CMAKE_PREFIX_PATH=/home/shen/learn/ROS2/ars408_ws/install/ros2_socketcan:/home/shen/learn/ROS2/ars408_ws/install/ros2_socketcan_msgs:/home/shen/learn/ROS2/ars408_ws/install/pe_ars408_ros:/opt/ros/humble LD_LIBRARY_PATH=/home/shen/learn/ROS2/ars408_ws/install/ros2_socketcan/lib:/home/shen/learn/ROS2/ars408_ws/install/ros2_socketcan_msgs/lib:${LD_LIBRARY_PATH} PYTHONPATH=/home/shen/learn/ROS2/ars408_ws/install/ros2_socketcan_msgs/local/lib/python3.10/dist-packages:${PYTHONPATH} /usr/bin/cmake --build /home/shen/learn/ROS2/ars408_ws/build/pe_ars408_ros -- -j16 -l16
[0.112s] -- Found ament_cmake_auto: 1.3.6 (/opt/ros/humble/share/ament_cmake_auto/cmake)
[0.354s] -- Found rosidl_generator_c: 3.1.5 (/opt/ros/humble/share/rosidl_generator_c/cmake)
[0.359s] -- Found rosidl_adapter: 3.1.5 (/opt/ros/humble/share/rosidl_adapter/cmake)
[0.372s] -- Found rosidl_generator_cpp: 3.1.5 (/opt/ros/humble/share/rosidl_generator_cpp/cmake)
[0.393s] -- Using all available rosidl_typesupport_c: rosidl_typesupport_fastrtps_c;rosidl_typesupport_introspection_c
[0.407s] -- Using all available rosidl_typesupport_cpp: rosidl_typesupport_fastrtps_cpp;rosidl_typesupport_introspection_cpp
[0.551s] -- Found rmw_implementation_cmake: 6.1.1 (/opt/ros/humble/share/rmw_implementation_cmake/cmake)
[0.553s] -- Found rmw_fastrtps_cpp: 6.2.5 (/opt/ros/humble/share/rmw_fastrtps_cpp/cmake)
[0.683s] -- Using RMW implementation 'rmw_fastrtps_cpp' as default
[1.098s] -- Found ament_lint_auto: 0.12.9 (/opt/ros/humble/share/ament_lint_auto/cmake)
[1.108s] -- Added test 'copyright' to check source files copyright and LICENSE
[1.114s] -- Added test 'cppcheck' to perform static code analysis on C / C++ code
[1.114s] -- Configured cppcheck include dirs: /home/shen/learn/ROS2/ars408_ws/src/ars408_driver/include
[1.115s] -- Configured cppcheck exclude dirs and/or files: 
[1.120s] -- Added test 'cpplint' to check C / C++ code against the Google style
[1.120s] -- Configured cpplint exclude dirs and/or files: 
[1.123s] -- Added test 'lint_cmake' to check CMake code style
[1.129s] -- Added test 'uncrustify' to check C / C++ code style
[1.129s] -- Configured uncrustify additional arguments: 
[1.130s] -- Added test 'xmllint' to check XML markup files
[1.134s] -- Configuring done
[1.158s] -- Generating done
[1.161s] -- Build files have been written to: /home/shen/learn/ROS2/ars408_ws/build/pe_ars408_ros
[1.209s] [35m[1mConsolidate compiler generated dependencies of target pe_ars408_node[0m
[1.215s] [35m[1mConsolidate compiler generated dependencies of target pe_ars408_parser[0m
[1.234s] [ 33%] Built target pe_ars408_node
[1.261s] [ 66%] Built target pe_ars408_parser
[1.277s] [35m[1mConsolidate compiler generated dependencies of target pe_ars408_node_component[0m
[1.301s] [100%] Built target pe_ars408_node_component
[1.315s] Invoked command in '/home/shen/learn/ROS2/ars408_ws/build/pe_ars408_ros' returned '0': AMENT_PREFIX_PATH=/home/shen/learn/ROS2/ars408_ws/install/ros2_socketcan:/home/shen/learn/ROS2/ars408_ws/install/ros2_socketcan_msgs:${AMENT_PREFIX_PATH} CMAKE_PREFIX_PATH=/home/shen/learn/ROS2/ars408_ws/install/ros2_socketcan:/home/shen/learn/ROS2/ars408_ws/install/ros2_socketcan_msgs:/home/shen/learn/ROS2/ars408_ws/install/pe_ars408_ros:/opt/ros/humble LD_LIBRARY_PATH=/home/shen/learn/ROS2/ars408_ws/install/ros2_socketcan/lib:/home/shen/learn/ROS2/ars408_ws/install/ros2_socketcan_msgs/lib:${LD_LIBRARY_PATH} PYTHONPATH=/home/shen/learn/ROS2/ars408_ws/install/ros2_socketcan_msgs/local/lib/python3.10/dist-packages:${PYTHONPATH} /usr/bin/cmake --build /home/shen/learn/ROS2/ars408_ws/build/pe_ars408_ros -- -j16 -l16
[1.362s] Invoking command in '/home/shen/learn/ROS2/ars408_ws/build/pe_ars408_ros': AMENT_PREFIX_PATH=/home/shen/learn/ROS2/ars408_ws/install/ros2_socketcan:/home/shen/learn/ROS2/ars408_ws/install/ros2_socketcan_msgs:${AMENT_PREFIX_PATH} CMAKE_PREFIX_PATH=/home/shen/learn/ROS2/ars408_ws/install/ros2_socketcan:/home/shen/learn/ROS2/ars408_ws/install/ros2_socketcan_msgs:/home/shen/learn/ROS2/ars408_ws/install/pe_ars408_ros:/opt/ros/humble LD_LIBRARY_PATH=/home/shen/learn/ROS2/ars408_ws/install/ros2_socketcan/lib:/home/shen/learn/ROS2/ars408_ws/install/ros2_socketcan_msgs/lib:${LD_LIBRARY_PATH} PYTHONPATH=/home/shen/learn/ROS2/ars408_ws/install/ros2_socketcan_msgs/local/lib/python3.10/dist-packages:${PYTHONPATH} /usr/bin/cmake --install /home/shen/learn/ROS2/ars408_ws/build/pe_ars408_ros
[1.380s] -- Install configuration: "Release"
[1.380s] -- Up-to-date: /home/shen/learn/ROS2/ars408_ws/install/pe_ars408_ros/lib/pe_ars408_ros/pe_ars408_node
[1.381s] -- Up-to-date: /home/shen/learn/ROS2/ars408_ws/install/pe_ars408_ros/include
[1.381s] -- Up-to-date: /home/shen/learn/ROS2/ars408_ws/install/pe_ars408_ros/include/ars408_ros
[1.381s] -- Up-to-date: /home/shen/learn/ROS2/ars408_ws/install/pe_ars408_ros/include/ars408_ros/ars408_commands.hpp
[1.381s] -- Up-to-date: /home/shen/learn/ROS2/ars408_ws/install/pe_ars408_ros/include/ars408_ros/ars408_object.hpp
[1.382s] -- Up-to-date: /home/shen/learn/ROS2/ars408_ws/install/pe_ars408_ros/include/ars408_ros/ars408_constants.hpp
[1.382s] -- Up-to-date: /home/shen/learn/ROS2/ars408_ws/install/pe_ars408_ros/include/ars408_ros/ars408_ros_node.hpp
[1.382s] -- Up-to-date: /home/shen/learn/ROS2/ars408_ws/install/pe_ars408_ros/include/ars408_ros/ars408_driver.hpp
[1.382s] -- Up-to-date: /home/shen/learn/ROS2/ars408_ws/install/pe_ars408_ros/share/pe_ars408_ros/environment/library_path.sh
[1.382s] -- Installing: /home/shen/learn/ROS2/ars408_ws/install/pe_ars408_ros/share/pe_ars408_ros/environment/library_path.dsv
[1.382s] -- Up-to-date: /home/shen/learn/ROS2/ars408_ws/install/pe_ars408_ros/lib/libpe_ars408_parser.so
[1.383s] -- Up-to-date: /home/shen/learn/ROS2/ars408_ws/install/pe_ars408_ros/lib/libpe_ars408_node_component.so
[1.384s] -- Up-to-date: /home/shen/learn/ROS2/ars408_ws/install/pe_ars408_ros/share/pe_ars408_ros/launch
[1.384s] -- Installing: /home/shen/learn/ROS2/ars408_ws/install/pe_ars408_ros/share/pe_ars408_ros/launch/continental_ars408_socket_can.launch.xml
[1.384s] -- Up-to-date: /home/shen/learn/ROS2/ars408_ws/install/pe_ars408_ros/share/pe_ars408_ros/launch/continental_ars408.launch.xml
[1.384s] -- Up-to-date: /home/shen/learn/ROS2/ars408_ws/install/pe_ars408_ros/share/ament_index/resource_index/package_run_dependencies/pe_ars408_ros
[1.385s] -- Installing: /home/shen/learn/ROS2/ars408_ws/install/pe_ars408_ros/share/ament_index/resource_index/parent_prefix_path/pe_ars408_ros
[1.385s] -- Up-to-date: /home/shen/learn/ROS2/ars408_ws/install/pe_ars408_ros/share/pe_ars408_ros/environment/ament_prefix_path.sh
[1.386s] -- Installing: /home/shen/learn/ROS2/ars408_ws/install/pe_ars408_ros/share/pe_ars408_ros/environment/ament_prefix_path.dsv
[1.386s] -- Up-to-date: /home/shen/learn/ROS2/ars408_ws/install/pe_ars408_ros/share/pe_ars408_ros/environment/path.sh
[1.386s] -- Installing: /home/shen/learn/ROS2/ars408_ws/install/pe_ars408_ros/share/pe_ars408_ros/environment/path.dsv
[1.386s] -- Up-to-date: /home/shen/learn/ROS2/ars408_ws/install/pe_ars408_ros/share/pe_ars408_ros/local_setup.bash
[1.387s] -- Up-to-date: /home/shen/learn/ROS2/ars408_ws/install/pe_ars408_ros/share/pe_ars408_ros/local_setup.sh
[1.387s] -- Up-to-date: /home/shen/learn/ROS2/ars408_ws/install/pe_ars408_ros/share/pe_ars408_ros/local_setup.zsh
[1.387s] -- Installing: /home/shen/learn/ROS2/ars408_ws/install/pe_ars408_ros/share/pe_ars408_ros/local_setup.dsv
[1.387s] -- Installing: /home/shen/learn/ROS2/ars408_ws/install/pe_ars408_ros/share/pe_ars408_ros/package.dsv
[1.388s] -- Up-to-date: /home/shen/learn/ROS2/ars408_ws/install/pe_ars408_ros/share/ament_index/resource_index/packages/pe_ars408_ros
[1.388s] -- Up-to-date: /home/shen/learn/ROS2/ars408_ws/install/pe_ars408_ros/share/ament_index/resource_index/rclcpp_components/pe_ars408_ros
[1.388s] -- Up-to-date: /home/shen/learn/ROS2/ars408_ws/install/pe_ars408_ros/share/pe_ars408_ros/cmake/ament_cmake_export_dependencies-extras.cmake
[1.388s] -- Up-to-date: /home/shen/learn/ROS2/ars408_ws/install/pe_ars408_ros/share/pe_ars408_ros/cmake/ament_cmake_export_include_directories-extras.cmake
[1.388s] -- Up-to-date: /home/shen/learn/ROS2/ars408_ws/install/pe_ars408_ros/share/pe_ars408_ros/cmake/ament_cmake_export_libraries-extras.cmake
[1.388s] -- Up-to-date: /home/shen/learn/ROS2/ars408_ws/install/pe_ars408_ros/share/pe_ars408_ros/cmake/pe_ars408_rosConfig.cmake
[1.388s] -- Up-to-date: /home/shen/learn/ROS2/ars408_ws/install/pe_ars408_ros/share/pe_ars408_ros/cmake/pe_ars408_rosConfig-version.cmake
[1.389s] -- Up-to-date: /home/shen/learn/ROS2/ars408_ws/install/pe_ars408_ros/share/pe_ars408_ros/package.xml
[1.393s] Invoked command in '/home/shen/learn/ROS2/ars408_ws/build/pe_ars408_ros' returned '0': AMENT_PREFIX_PATH=/home/shen/learn/ROS2/ars408_ws/install/ros2_socketcan:/home/shen/learn/ROS2/ars408_ws/install/ros2_socketcan_msgs:${AMENT_PREFIX_PATH} CMAKE_PREFIX_PATH=/home/shen/learn/ROS2/ars408_ws/install/ros2_socketcan:/home/shen/learn/ROS2/ars408_ws/install/ros2_socketcan_msgs:/home/shen/learn/ROS2/ars408_ws/install/pe_ars408_ros:/opt/ros/humble LD_LIBRARY_PATH=/home/shen/learn/ROS2/ars408_ws/install/ros2_socketcan/lib:/home/shen/learn/ROS2/ars408_ws/install/ros2_socketcan_msgs/lib:${LD_LIBRARY_PATH} PYTHONPATH=/home/shen/learn/ROS2/ars408_ws/install/ros2_socketcan_msgs/local/lib/python3.10/dist-packages:${PYTHONPATH} /usr/bin/cmake --install /home/shen/learn/ROS2/ars408_ws/build/pe_ars408_ros
