[0.847s] DEBUG:colcon:Command line arguments: ['/usr/bin/colcon', 'build']
[0.847s] DEBUG:colcon:Parsed command line arguments: Namespace(log_base=None, log_level=None, verb_name='build', build_base='build', install_base='install', merge_install=False, symlink_install=False, test_result_base=None, continue_on_error=False, executor='parallel', parallel_workers=16, event_handlers=None, ignore_user_meta=False, metas=['./colcon.meta'], base_paths=['.'], packages_ignore=None, packages_ignore_regex=None, paths=None, packages_up_to=None, packages_up_to_regex=None, packages_above=None, packages_above_and_dependencies=None, packages_above_depth=None, packages_select_by_dep=None, packages_skip_by_dep=None, packages_skip_up_to=None, packages_select_build_failed=False, packages_skip_build_finished=False, packages_select_test_failures=False, packages_skip_test_passed=False, packages_select=None, packages_skip=None, packages_select_regex=None, packages_skip_regex=None, packages_start=None, packages_end=None, allow_overriding=[], cmake_args=None, cmake_target=None, cmake_target_skip_unavailable=False, cmake_clean_cache=False, cmake_clean_first=False, cmake_force_configure=False, ament_cmake_args=None, catkin_cmake_args=None, catkin_skip_building_tests=False, verb_parser=<colcon_defaults.argument_parser.defaults.DefaultArgumentsDecorator object at 0x7b0bd83a2ec0>, verb_extension=<colcon_core.verb.build.BuildVerb object at 0x7b0bd87e7640>, main=<bound method BuildVerb.main of <colcon_core.verb.build.BuildVerb object at 0x7b0bd87e7640>>)
[0.886s] Level 1:colcon.colcon_core.package_discovery:discover_packages(colcon_meta) check parameters
[0.886s] Level 1:colcon.colcon_core.package_discovery:discover_packages(recursive) check parameters
[0.886s] Level 1:colcon.colcon_core.package_discovery:discover_packages(ignore) check parameters
[0.886s] Level 1:colcon.colcon_core.package_discovery:discover_packages(path) check parameters
[0.886s] Level 1:colcon.colcon_core.package_discovery:discover_packages(colcon_meta) discover
[0.886s] Level 1:colcon.colcon_core.package_discovery:discover_packages(recursive) discover
[0.886s] INFO:colcon.colcon_core.package_discovery:Crawling recursively for packages in '/home/shen/learn/ROS2/socketcan_ws'
[0.886s] Level 1:colcon.colcon_core.package_identification:_identify(.) by extensions ['ignore', 'ignore_ament_install']
[0.887s] Level 1:colcon.colcon_core.package_identification:_identify(.) by extension 'ignore'
[0.887s] Level 1:colcon.colcon_core.package_identification:_identify(.) by extension 'ignore_ament_install'
[0.887s] Level 1:colcon.colcon_core.package_identification:_identify(.) by extensions ['colcon_pkg']
[0.887s] Level 1:colcon.colcon_core.package_identification:_identify(.) by extension 'colcon_pkg'
[0.887s] Level 1:colcon.colcon_core.package_identification:_identify(.) by extensions ['colcon_meta']
[0.887s] Level 1:colcon.colcon_core.package_identification:_identify(.) by extension 'colcon_meta'
[0.887s] Level 1:colcon.colcon_core.package_identification:_identify(.) by extensions ['ros']
[0.887s] Level 1:colcon.colcon_core.package_identification:_identify(.) by extension 'ros'
[0.896s] Level 1:colcon.colcon_core.package_identification:_identify(.) by extensions ['cmake', 'python']
[0.896s] Level 1:colcon.colcon_core.package_identification:_identify(.) by extension 'cmake'
[0.896s] Level 1:colcon.colcon_core.package_identification:_identify(.) by extension 'python'
[0.896s] Level 1:colcon.colcon_core.package_identification:_identify(.) by extensions ['python_setup_py']
[0.896s] Level 1:colcon.colcon_core.package_identification:_identify(.) by extension 'python_setup_py'
[0.896s] Level 1:colcon.colcon_core.package_identification:_identify(build) by extensions ['ignore', 'ignore_ament_install']
[0.896s] Level 1:colcon.colcon_core.package_identification:_identify(build) by extension 'ignore'
[0.896s] Level 1:colcon.colcon_core.package_identification:_identify(build) ignored
[0.896s] Level 1:colcon.colcon_core.package_identification:_identify(install) by extensions ['ignore', 'ignore_ament_install']
[0.896s] Level 1:colcon.colcon_core.package_identification:_identify(install) by extension 'ignore'
[0.896s] Level 1:colcon.colcon_core.package_identification:_identify(install) ignored
[0.897s] Level 1:colcon.colcon_core.package_identification:_identify(log) by extensions ['ignore', 'ignore_ament_install']
[0.897s] Level 1:colcon.colcon_core.package_identification:_identify(log) by extension 'ignore'
[0.897s] Level 1:colcon.colcon_core.package_identification:_identify(log) ignored
[0.897s] Level 1:colcon.colcon_core.package_identification:_identify(src) by extensions ['ignore', 'ignore_ament_install']
[0.897s] Level 1:colcon.colcon_core.package_identification:_identify(src) by extension 'ignore'
[0.897s] Level 1:colcon.colcon_core.package_identification:_identify(src) by extension 'ignore_ament_install'
[0.897s] Level 1:colcon.colcon_core.package_identification:_identify(src) by extensions ['colcon_pkg']
[0.897s] Level 1:colcon.colcon_core.package_identification:_identify(src) by extension 'colcon_pkg'
[0.897s] Level 1:colcon.colcon_core.package_identification:_identify(src) by extensions ['colcon_meta']
[0.897s] Level 1:colcon.colcon_core.package_identification:_identify(src) by extension 'colcon_meta'
[0.897s] Level 1:colcon.colcon_core.package_identification:_identify(src) by extensions ['ros']
[0.897s] Level 1:colcon.colcon_core.package_identification:_identify(src) by extension 'ros'
[0.897s] Level 1:colcon.colcon_core.package_identification:_identify(src) by extensions ['cmake', 'python']
[0.897s] Level 1:colcon.colcon_core.package_identification:_identify(src) by extension 'cmake'
[0.897s] Level 1:colcon.colcon_core.package_identification:_identify(src) by extension 'python'
[0.897s] Level 1:colcon.colcon_core.package_identification:_identify(src) by extensions ['python_setup_py']
[0.897s] Level 1:colcon.colcon_core.package_identification:_identify(src) by extension 'python_setup_py'
[0.897s] Level 1:colcon.colcon_core.package_identification:_identify(src/ros2_socketcan) by extensions ['ignore', 'ignore_ament_install']
[0.897s] Level 1:colcon.colcon_core.package_identification:_identify(src/ros2_socketcan) by extension 'ignore'
[0.897s] Level 1:colcon.colcon_core.package_identification:_identify(src/ros2_socketcan) by extension 'ignore_ament_install'
[0.897s] Level 1:colcon.colcon_core.package_identification:_identify(src/ros2_socketcan) by extensions ['colcon_pkg']
[0.897s] Level 1:colcon.colcon_core.package_identification:_identify(src/ros2_socketcan) by extension 'colcon_pkg'
[0.898s] Level 1:colcon.colcon_core.package_identification:_identify(src/ros2_socketcan) by extensions ['colcon_meta']
[0.898s] Level 1:colcon.colcon_core.package_identification:_identify(src/ros2_socketcan) by extension 'colcon_meta'
[0.898s] Level 1:colcon.colcon_core.package_identification:_identify(src/ros2_socketcan) by extensions ['ros']
[0.898s] Level 1:colcon.colcon_core.package_identification:_identify(src/ros2_socketcan) by extension 'ros'
[0.898s] Level 1:colcon.colcon_core.package_identification:_identify(src/ros2_socketcan) by extensions ['cmake', 'python']
[0.898s] Level 1:colcon.colcon_core.package_identification:_identify(src/ros2_socketcan) by extension 'cmake'
[0.898s] Level 1:colcon.colcon_core.package_identification:_identify(src/ros2_socketcan) by extension 'python'
[0.898s] Level 1:colcon.colcon_core.package_identification:_identify(src/ros2_socketcan) by extensions ['python_setup_py']
[0.898s] Level 1:colcon.colcon_core.package_identification:_identify(src/ros2_socketcan) by extension 'python_setup_py'
[0.898s] Level 1:colcon.colcon_core.package_identification:_identify(src/ros2_socketcan/ros2_socketcan) by extensions ['ignore', 'ignore_ament_install']
[0.898s] Level 1:colcon.colcon_core.package_identification:_identify(src/ros2_socketcan/ros2_socketcan) by extension 'ignore'
[0.898s] Level 1:colcon.colcon_core.package_identification:_identify(src/ros2_socketcan/ros2_socketcan) by extension 'ignore_ament_install'
[0.898s] Level 1:colcon.colcon_core.package_identification:_identify(src/ros2_socketcan/ros2_socketcan) by extensions ['colcon_pkg']
[0.898s] Level 1:colcon.colcon_core.package_identification:_identify(src/ros2_socketcan/ros2_socketcan) by extension 'colcon_pkg'
[0.898s] Level 1:colcon.colcon_core.package_identification:_identify(src/ros2_socketcan/ros2_socketcan) by extensions ['colcon_meta']
[0.898s] Level 1:colcon.colcon_core.package_identification:_identify(src/ros2_socketcan/ros2_socketcan) by extension 'colcon_meta'
[0.898s] Level 1:colcon.colcon_core.package_identification:_identify(src/ros2_socketcan/ros2_socketcan) by extensions ['ros']
[0.898s] Level 1:colcon.colcon_core.package_identification:_identify(src/ros2_socketcan/ros2_socketcan) by extension 'ros'
[0.900s] DEBUG:colcon.colcon_core.package_identification:Package 'src/ros2_socketcan/ros2_socketcan' with type 'ros.ament_cmake' and name 'ros2_socketcan'
[0.901s] Level 1:colcon.colcon_core.package_identification:_identify(src/ros2_socketcan/ros2_socketcan_msgs) by extensions ['ignore', 'ignore_ament_install']
[0.901s] Level 1:colcon.colcon_core.package_identification:_identify(src/ros2_socketcan/ros2_socketcan_msgs) by extension 'ignore'
[0.901s] Level 1:colcon.colcon_core.package_identification:_identify(src/ros2_socketcan/ros2_socketcan_msgs) by extension 'ignore_ament_install'
[0.901s] Level 1:colcon.colcon_core.package_identification:_identify(src/ros2_socketcan/ros2_socketcan_msgs) by extensions ['colcon_pkg']
[0.901s] Level 1:colcon.colcon_core.package_identification:_identify(src/ros2_socketcan/ros2_socketcan_msgs) by extension 'colcon_pkg'
[0.901s] Level 1:colcon.colcon_core.package_identification:_identify(src/ros2_socketcan/ros2_socketcan_msgs) by extensions ['colcon_meta']
[0.901s] Level 1:colcon.colcon_core.package_identification:_identify(src/ros2_socketcan/ros2_socketcan_msgs) by extension 'colcon_meta'
[0.901s] Level 1:colcon.colcon_core.package_identification:_identify(src/ros2_socketcan/ros2_socketcan_msgs) by extensions ['ros']
[0.901s] Level 1:colcon.colcon_core.package_identification:_identify(src/ros2_socketcan/ros2_socketcan_msgs) by extension 'ros'
[0.901s] DEBUG:colcon.colcon_core.package_identification:Package 'src/ros2_socketcan/ros2_socketcan_msgs' with type 'ros.ament_cmake' and name 'ros2_socketcan_msgs'
[0.901s] Level 1:colcon.colcon_core.package_discovery:discover_packages(recursive) using defaults
[0.902s] Level 1:colcon.colcon_core.package_discovery:discover_packages(ignore) discover
[0.902s] Level 1:colcon.colcon_core.package_discovery:discover_packages(ignore) using defaults
[0.902s] Level 1:colcon.colcon_core.package_discovery:discover_packages(path) discover
[0.902s] Level 1:colcon.colcon_core.package_discovery:discover_packages(path) using defaults
[0.981s] Level 1:colcon.colcon_core.package_discovery:discover_packages(prefix_path) check parameters
[0.981s] Level 1:colcon.colcon_core.package_discovery:discover_packages(prefix_path) discover
[1.011s] DEBUG:colcon.colcon_installed_package_information.package_discovery:Found 341 installed packages in /opt/ros/humble
[1.012s] Level 1:colcon.colcon_core.package_discovery:discover_packages(prefix_path) using defaults
[1.105s] Level 5:colcon.colcon_core.verb:set package 'ros2_socketcan_msgs' build argument 'cmake_args' from command line to 'None'
[1.105s] Level 5:colcon.colcon_core.verb:set package 'ros2_socketcan_msgs' build argument 'cmake_target' from command line to 'None'
[1.105s] Level 5:colcon.colcon_core.verb:set package 'ros2_socketcan_msgs' build argument 'cmake_target_skip_unavailable' from command line to 'False'
[1.105s] Level 5:colcon.colcon_core.verb:set package 'ros2_socketcan_msgs' build argument 'cmake_clean_cache' from command line to 'False'
[1.105s] Level 5:colcon.colcon_core.verb:set package 'ros2_socketcan_msgs' build argument 'cmake_clean_first' from command line to 'False'
[1.105s] Level 5:colcon.colcon_core.verb:set package 'ros2_socketcan_msgs' build argument 'cmake_force_configure' from command line to 'False'
[1.105s] Level 5:colcon.colcon_core.verb:set package 'ros2_socketcan_msgs' build argument 'ament_cmake_args' from command line to 'None'
[1.105s] Level 5:colcon.colcon_core.verb:set package 'ros2_socketcan_msgs' build argument 'catkin_cmake_args' from command line to 'None'
[1.105s] Level 5:colcon.colcon_core.verb:set package 'ros2_socketcan_msgs' build argument 'catkin_skip_building_tests' from command line to 'False'
[1.105s] DEBUG:colcon.colcon_core.verb:Building package 'ros2_socketcan_msgs' with the following arguments: {'ament_cmake_args': None, 'build_base': '/home/shen/learn/ROS2/socketcan_ws/build/ros2_socketcan_msgs', 'catkin_cmake_args': None, 'catkin_skip_building_tests': False, 'cmake_args': None, 'cmake_clean_cache': False, 'cmake_clean_first': False, 'cmake_force_configure': False, 'cmake_target': None, 'cmake_target_skip_unavailable': False, 'install_base': '/home/shen/learn/ROS2/socketcan_ws/install/ros2_socketcan_msgs', 'merge_install': False, 'path': '/home/shen/learn/ROS2/socketcan_ws/src/ros2_socketcan/ros2_socketcan_msgs', 'symlink_install': False, 'test_result_base': None}
[1.117s] Level 5:colcon.colcon_core.verb:set package 'ros2_socketcan' build argument 'cmake_args' from command line to 'None'
[1.117s] Level 5:colcon.colcon_core.verb:set package 'ros2_socketcan' build argument 'cmake_target' from command line to 'None'
[1.117s] Level 5:colcon.colcon_core.verb:set package 'ros2_socketcan' build argument 'cmake_target_skip_unavailable' from command line to 'False'
[1.117s] Level 5:colcon.colcon_core.verb:set package 'ros2_socketcan' build argument 'cmake_clean_cache' from command line to 'False'
[1.118s] Level 5:colcon.colcon_core.verb:set package 'ros2_socketcan' build argument 'cmake_clean_first' from command line to 'False'
[1.118s] Level 5:colcon.colcon_core.verb:set package 'ros2_socketcan' build argument 'cmake_force_configure' from command line to 'False'
[1.118s] Level 5:colcon.colcon_core.verb:set package 'ros2_socketcan' build argument 'ament_cmake_args' from command line to 'None'
[1.118s] Level 5:colcon.colcon_core.verb:set package 'ros2_socketcan' build argument 'catkin_cmake_args' from command line to 'None'
[1.118s] Level 5:colcon.colcon_core.verb:set package 'ros2_socketcan' build argument 'catkin_skip_building_tests' from command line to 'False'
[1.118s] DEBUG:colcon.colcon_core.verb:Building package 'ros2_socketcan' with the following arguments: {'ament_cmake_args': None, 'build_base': '/home/shen/learn/ROS2/socketcan_ws/build/ros2_socketcan', 'catkin_cmake_args': None, 'catkin_skip_building_tests': False, 'cmake_args': None, 'cmake_clean_cache': False, 'cmake_clean_first': False, 'cmake_force_configure': False, 'cmake_target': None, 'cmake_target_skip_unavailable': False, 'install_base': '/home/shen/learn/ROS2/socketcan_ws/install/ros2_socketcan', 'merge_install': False, 'path': '/home/shen/learn/ROS2/socketcan_ws/src/ros2_socketcan/ros2_socketcan', 'symlink_install': False, 'test_result_base': None}
[1.130s] INFO:colcon.colcon_core.executor:Executing jobs using 'parallel' executor
[1.144s] DEBUG:colcon.colcon_parallel_executor.executor.parallel:run_until_complete
[1.144s] INFO:colcon.colcon_ros.task.ament_cmake.build:Building ROS package in '/home/shen/learn/ROS2/socketcan_ws/src/ros2_socketcan/ros2_socketcan_msgs' with build type 'ament_cmake'
[1.144s] INFO:colcon.colcon_cmake.task.cmake.build:Building CMake package in '/home/shen/learn/ROS2/socketcan_ws/src/ros2_socketcan/ros2_socketcan_msgs'
[1.160s] INFO:colcon.colcon_core.plugin_system:Skipping extension 'colcon_core.shell.bat': Not used on non-Windows systems
[1.160s] INFO:colcon.colcon_core.shell:Skip shell extension 'powershell' for command environment: Not usable outside of PowerShell
[1.160s] DEBUG:colcon.colcon_core.shell:Skip shell extension 'dsv' for command environment
[1.197s] DEBUG:colcon.colcon_core.event_handler.log_command:Invoking command in '/home/shen/learn/ROS2/socketcan_ws/build/ros2_socketcan_msgs': CMAKE_PREFIX_PATH=/opt/ros/humble /usr/bin/cmake /home/shen/learn/ROS2/socketcan_ws/src/ros2_socketcan/ros2_socketcan_msgs -DCMAKE_INSTALL_PREFIX=/home/shen/learn/ROS2/socketcan_ws/install/ros2_socketcan_msgs
[3.927s] DEBUG:colcon.colcon_core.event_handler.log_command:Invoked command in '/home/shen/learn/ROS2/socketcan_ws/build/ros2_socketcan_msgs' returned '0': CMAKE_PREFIX_PATH=/opt/ros/humble /usr/bin/cmake /home/shen/learn/ROS2/socketcan_ws/src/ros2_socketcan/ros2_socketcan_msgs -DCMAKE_INSTALL_PREFIX=/home/shen/learn/ROS2/socketcan_ws/install/ros2_socketcan_msgs
[3.932s] DEBUG:colcon.colcon_core.event_handler.log_command:Invoking command in '/home/shen/learn/ROS2/socketcan_ws/build/ros2_socketcan_msgs': CMAKE_PREFIX_PATH=/opt/ros/humble /usr/bin/cmake --build /home/shen/learn/ROS2/socketcan_ws/build/ros2_socketcan_msgs -- -j16 -l16
[5.807s] DEBUG:colcon.colcon_core.event_handler.log_command:Invoked command in '/home/shen/learn/ROS2/socketcan_ws/build/ros2_socketcan_msgs' returned '0': CMAKE_PREFIX_PATH=/opt/ros/humble /usr/bin/cmake --build /home/shen/learn/ROS2/socketcan_ws/build/ros2_socketcan_msgs -- -j16 -l16
[5.884s] DEBUG:colcon.colcon_core.event_handler.log_command:Invoking command in '/home/shen/learn/ROS2/socketcan_ws/build/ros2_socketcan_msgs': CMAKE_PREFIX_PATH=/opt/ros/humble /usr/bin/cmake --install /home/shen/learn/ROS2/socketcan_ws/build/ros2_socketcan_msgs
[6.011s] Level 1:colcon.colcon_core.environment:create_environment_scripts_only(ros2_socketcan_msgs)
[6.012s] DEBUG:colcon.colcon_core.event_handler.log_command:Invoked command in '/home/shen/learn/ROS2/socketcan_ws/build/ros2_socketcan_msgs' returned '0': CMAKE_PREFIX_PATH=/opt/ros/humble /usr/bin/cmake --install /home/shen/learn/ROS2/socketcan_ws/build/ros2_socketcan_msgs
[6.053s] Level 1:colcon.colcon_core.environment:checking '/home/shen/learn/ROS2/socketcan_ws/install/ros2_socketcan_msgs' for CMake module files
[6.055s] Level 1:colcon.colcon_core.environment:checking '/home/shen/learn/ROS2/socketcan_ws/install/ros2_socketcan_msgs' for CMake config files
[6.056s] Level 1:colcon.colcon_core.shell:create_environment_hook('ros2_socketcan_msgs', 'cmake_prefix_path')
[6.091s] INFO:colcon.colcon_core.shell:Creating environment hook '/home/shen/learn/ROS2/socketcan_ws/install/ros2_socketcan_msgs/share/ros2_socketcan_msgs/hook/cmake_prefix_path.ps1'
[6.092s] INFO:colcon.colcon_core.shell:Creating environment descriptor '/home/shen/learn/ROS2/socketcan_ws/install/ros2_socketcan_msgs/share/ros2_socketcan_msgs/hook/cmake_prefix_path.dsv'
[6.093s] INFO:colcon.colcon_core.shell:Creating environment hook '/home/shen/learn/ROS2/socketcan_ws/install/ros2_socketcan_msgs/share/ros2_socketcan_msgs/hook/cmake_prefix_path.sh'
[6.094s] Level 1:colcon.colcon_core.environment:checking '/home/shen/learn/ROS2/socketcan_ws/install/ros2_socketcan_msgs/lib'
[6.094s] Level 1:colcon.colcon_core.shell:create_environment_hook('ros2_socketcan_msgs', 'ld_library_path_lib')
[6.106s] INFO:colcon.colcon_core.shell:Creating environment hook '/home/shen/learn/ROS2/socketcan_ws/install/ros2_socketcan_msgs/share/ros2_socketcan_msgs/hook/ld_library_path_lib.ps1'
[6.106s] INFO:colcon.colcon_core.shell:Creating environment descriptor '/home/shen/learn/ROS2/socketcan_ws/install/ros2_socketcan_msgs/share/ros2_socketcan_msgs/hook/ld_library_path_lib.dsv'
[6.106s] INFO:colcon.colcon_core.shell:Creating environment hook '/home/shen/learn/ROS2/socketcan_ws/install/ros2_socketcan_msgs/share/ros2_socketcan_msgs/hook/ld_library_path_lib.sh'
[6.107s] Level 1:colcon.colcon_core.environment:checking '/home/shen/learn/ROS2/socketcan_ws/install/ros2_socketcan_msgs/bin'
[6.107s] Level 1:colcon.colcon_core.environment:checking '/home/shen/learn/ROS2/socketcan_ws/install/ros2_socketcan_msgs/lib/pkgconfig/ros2_socketcan_msgs.pc'
[6.107s] Level 1:colcon.colcon_core.environment:checking '/home/shen/learn/ROS2/socketcan_ws/install/ros2_socketcan_msgs/lib/python3.10/site-packages'
[6.107s] Level 1:colcon.colcon_core.environment:checking '/home/shen/learn/ROS2/socketcan_ws/install/ros2_socketcan_msgs/bin'
[6.119s] INFO:colcon.colcon_core.shell:Creating package script '/home/shen/learn/ROS2/socketcan_ws/install/ros2_socketcan_msgs/share/ros2_socketcan_msgs/package.ps1'
[6.120s] INFO:colcon.colcon_core.shell:Creating package descriptor '/home/shen/learn/ROS2/socketcan_ws/install/ros2_socketcan_msgs/share/ros2_socketcan_msgs/package.dsv'
[6.120s] INFO:colcon.colcon_core.shell:Creating package script '/home/shen/learn/ROS2/socketcan_ws/install/ros2_socketcan_msgs/share/ros2_socketcan_msgs/package.sh'
[6.121s] INFO:colcon.colcon_core.shell:Creating package script '/home/shen/learn/ROS2/socketcan_ws/install/ros2_socketcan_msgs/share/ros2_socketcan_msgs/package.bash'
[6.121s] INFO:colcon.colcon_core.shell:Creating package script '/home/shen/learn/ROS2/socketcan_ws/install/ros2_socketcan_msgs/share/ros2_socketcan_msgs/package.zsh'
[6.122s] Level 1:colcon.colcon_core.environment:create_file_with_runtime_dependencies(/home/shen/learn/ROS2/socketcan_ws/install/ros2_socketcan_msgs/share/colcon-core/packages/ros2_socketcan_msgs)
[6.259s] Level 1:colcon.colcon_core.environment:create_environment_scripts_only(ros2_socketcan_msgs)
[6.290s] Level 1:colcon.colcon_core.environment:checking '/home/shen/learn/ROS2/socketcan_ws/install/ros2_socketcan_msgs' for CMake module files
[6.292s] Level 1:colcon.colcon_core.environment:checking '/home/shen/learn/ROS2/socketcan_ws/install/ros2_socketcan_msgs' for CMake config files
[6.292s] Level 1:colcon.colcon_core.shell:create_environment_hook('ros2_socketcan_msgs', 'cmake_prefix_path')
[6.307s] INFO:colcon.colcon_core.shell:Creating environment hook '/home/shen/learn/ROS2/socketcan_ws/install/ros2_socketcan_msgs/share/ros2_socketcan_msgs/hook/cmake_prefix_path.ps1'
[6.308s] INFO:colcon.colcon_core.shell:Creating environment descriptor '/home/shen/learn/ROS2/socketcan_ws/install/ros2_socketcan_msgs/share/ros2_socketcan_msgs/hook/cmake_prefix_path.dsv'
[6.308s] INFO:colcon.colcon_core.shell:Creating environment hook '/home/shen/learn/ROS2/socketcan_ws/install/ros2_socketcan_msgs/share/ros2_socketcan_msgs/hook/cmake_prefix_path.sh'
[6.308s] Level 1:colcon.colcon_core.environment:checking '/home/shen/learn/ROS2/socketcan_ws/install/ros2_socketcan_msgs/lib'
[6.308s] Level 1:colcon.colcon_core.shell:create_environment_hook('ros2_socketcan_msgs', 'ld_library_path_lib')
[6.321s] INFO:colcon.colcon_core.shell:Creating environment hook '/home/shen/learn/ROS2/socketcan_ws/install/ros2_socketcan_msgs/share/ros2_socketcan_msgs/hook/ld_library_path_lib.ps1'
[6.321s] INFO:colcon.colcon_core.shell:Creating environment descriptor '/home/shen/learn/ROS2/socketcan_ws/install/ros2_socketcan_msgs/share/ros2_socketcan_msgs/hook/ld_library_path_lib.dsv'
[6.322s] INFO:colcon.colcon_core.shell:Creating environment hook '/home/shen/learn/ROS2/socketcan_ws/install/ros2_socketcan_msgs/share/ros2_socketcan_msgs/hook/ld_library_path_lib.sh'
[6.322s] Level 1:colcon.colcon_core.environment:checking '/home/shen/learn/ROS2/socketcan_ws/install/ros2_socketcan_msgs/bin'
[6.322s] Level 1:colcon.colcon_core.environment:checking '/home/shen/learn/ROS2/socketcan_ws/install/ros2_socketcan_msgs/lib/pkgconfig/ros2_socketcan_msgs.pc'
[6.322s] Level 1:colcon.colcon_core.environment:checking '/home/shen/learn/ROS2/socketcan_ws/install/ros2_socketcan_msgs/lib/python3.10/site-packages'
[6.322s] Level 1:colcon.colcon_core.environment:checking '/home/shen/learn/ROS2/socketcan_ws/install/ros2_socketcan_msgs/bin'
[6.335s] INFO:colcon.colcon_core.shell:Creating package script '/home/shen/learn/ROS2/socketcan_ws/install/ros2_socketcan_msgs/share/ros2_socketcan_msgs/package.ps1'
[6.336s] INFO:colcon.colcon_core.shell:Creating package descriptor '/home/shen/learn/ROS2/socketcan_ws/install/ros2_socketcan_msgs/share/ros2_socketcan_msgs/package.dsv'
[6.336s] INFO:colcon.colcon_core.shell:Creating package script '/home/shen/learn/ROS2/socketcan_ws/install/ros2_socketcan_msgs/share/ros2_socketcan_msgs/package.sh'
[6.336s] INFO:colcon.colcon_core.shell:Creating package script '/home/shen/learn/ROS2/socketcan_ws/install/ros2_socketcan_msgs/share/ros2_socketcan_msgs/package.bash'
[6.337s] INFO:colcon.colcon_core.shell:Creating package script '/home/shen/learn/ROS2/socketcan_ws/install/ros2_socketcan_msgs/share/ros2_socketcan_msgs/package.zsh'
[6.337s] Level 1:colcon.colcon_core.environment:create_file_with_runtime_dependencies(/home/shen/learn/ROS2/socketcan_ws/install/ros2_socketcan_msgs/share/colcon-core/packages/ros2_socketcan_msgs)
[6.338s] INFO:colcon.colcon_ros.task.ament_cmake.build:Building ROS package in '/home/shen/learn/ROS2/socketcan_ws/src/ros2_socketcan/ros2_socketcan' with build type 'ament_cmake'
[6.338s] INFO:colcon.colcon_cmake.task.cmake.build:Building CMake package in '/home/shen/learn/ROS2/socketcan_ws/src/ros2_socketcan/ros2_socketcan'
[6.351s] INFO:colcon.colcon_core.shell:Skip shell extension 'powershell' for command environment: Not usable outside of PowerShell
[6.351s] DEBUG:colcon.colcon_core.shell:Skip shell extension 'dsv' for command environment
[6.392s] DEBUG:colcon.colcon_core.event_handler.log_command:Invoking command in '/home/shen/learn/ROS2/socketcan_ws/build/ros2_socketcan': AMENT_PREFIX_PATH=/home/shen/learn/ROS2/socketcan_ws/install/ros2_socketcan_msgs:${AMENT_PREFIX_PATH} CMAKE_PREFIX_PATH=/home/shen/learn/ROS2/socketcan_ws/install/ros2_socketcan_msgs:/opt/ros/humble LD_LIBRARY_PATH=/home/shen/learn/ROS2/socketcan_ws/install/ros2_socketcan_msgs/lib:${LD_LIBRARY_PATH} PYTHONPATH=/home/shen/learn/ROS2/socketcan_ws/install/ros2_socketcan_msgs/local/lib/python3.10/dist-packages:${PYTHONPATH} /usr/bin/cmake /home/shen/learn/ROS2/socketcan_ws/src/ros2_socketcan/ros2_socketcan -DCMAKE_INSTALL_PREFIX=/home/shen/learn/ROS2/socketcan_ws/install/ros2_socketcan
[8.537s] DEBUG:colcon.colcon_core.event_handler.log_command:Invoked command in '/home/shen/learn/ROS2/socketcan_ws/build/ros2_socketcan' returned '0': AMENT_PREFIX_PATH=/home/shen/learn/ROS2/socketcan_ws/install/ros2_socketcan_msgs:${AMENT_PREFIX_PATH} CMAKE_PREFIX_PATH=/home/shen/learn/ROS2/socketcan_ws/install/ros2_socketcan_msgs:/opt/ros/humble LD_LIBRARY_PATH=/home/shen/learn/ROS2/socketcan_ws/install/ros2_socketcan_msgs/lib:${LD_LIBRARY_PATH} PYTHONPATH=/home/shen/learn/ROS2/socketcan_ws/install/ros2_socketcan_msgs/local/lib/python3.10/dist-packages:${PYTHONPATH} /usr/bin/cmake /home/shen/learn/ROS2/socketcan_ws/src/ros2_socketcan/ros2_socketcan -DCMAKE_INSTALL_PREFIX=/home/shen/learn/ROS2/socketcan_ws/install/ros2_socketcan
[8.540s] DEBUG:colcon.colcon_core.event_handler.log_command:Invoking command in '/home/shen/learn/ROS2/socketcan_ws/build/ros2_socketcan': AMENT_PREFIX_PATH=/home/shen/learn/ROS2/socketcan_ws/install/ros2_socketcan_msgs:${AMENT_PREFIX_PATH} CMAKE_PREFIX_PATH=/home/shen/learn/ROS2/socketcan_ws/install/ros2_socketcan_msgs:/opt/ros/humble LD_LIBRARY_PATH=/home/shen/learn/ROS2/socketcan_ws/install/ros2_socketcan_msgs/lib:${LD_LIBRARY_PATH} PYTHONPATH=/home/shen/learn/ROS2/socketcan_ws/install/ros2_socketcan_msgs/local/lib/python3.10/dist-packages:${PYTHONPATH} /usr/bin/cmake --build /home/shen/learn/ROS2/socketcan_ws/build/ros2_socketcan -- -j16 -l16
[23.235s] DEBUG:colcon.colcon_core.event_handler.log_command:Invoked command in '/home/shen/learn/ROS2/socketcan_ws/build/ros2_socketcan' returned '0': AMENT_PREFIX_PATH=/home/shen/learn/ROS2/socketcan_ws/install/ros2_socketcan_msgs:${AMENT_PREFIX_PATH} CMAKE_PREFIX_PATH=/home/shen/learn/ROS2/socketcan_ws/install/ros2_socketcan_msgs:/opt/ros/humble LD_LIBRARY_PATH=/home/shen/learn/ROS2/socketcan_ws/install/ros2_socketcan_msgs/lib:${LD_LIBRARY_PATH} PYTHONPATH=/home/shen/learn/ROS2/socketcan_ws/install/ros2_socketcan_msgs/local/lib/python3.10/dist-packages:${PYTHONPATH} /usr/bin/cmake --build /home/shen/learn/ROS2/socketcan_ws/build/ros2_socketcan -- -j16 -l16
[23.359s] DEBUG:colcon.colcon_core.event_handler.log_command:Invoking command in '/home/shen/learn/ROS2/socketcan_ws/build/ros2_socketcan': AMENT_PREFIX_PATH=/home/shen/learn/ROS2/socketcan_ws/install/ros2_socketcan_msgs:${AMENT_PREFIX_PATH} CMAKE_PREFIX_PATH=/home/shen/learn/ROS2/socketcan_ws/install/ros2_socketcan_msgs:/opt/ros/humble LD_LIBRARY_PATH=/home/shen/learn/ROS2/socketcan_ws/install/ros2_socketcan_msgs/lib:${LD_LIBRARY_PATH} PYTHONPATH=/home/shen/learn/ROS2/socketcan_ws/install/ros2_socketcan_msgs/local/lib/python3.10/dist-packages:${PYTHONPATH} /usr/bin/cmake --install /home/shen/learn/ROS2/socketcan_ws/build/ros2_socketcan
[23.391s] Level 1:colcon.colcon_core.environment:create_environment_scripts_only(ros2_socketcan)
[23.392s] DEBUG:colcon.colcon_core.event_handler.log_command:Invoked command in '/home/shen/learn/ROS2/socketcan_ws/build/ros2_socketcan' returned '0': AMENT_PREFIX_PATH=/home/shen/learn/ROS2/socketcan_ws/install/ros2_socketcan_msgs:${AMENT_PREFIX_PATH} CMAKE_PREFIX_PATH=/home/shen/learn/ROS2/socketcan_ws/install/ros2_socketcan_msgs:/opt/ros/humble LD_LIBRARY_PATH=/home/shen/learn/ROS2/socketcan_ws/install/ros2_socketcan_msgs/lib:${LD_LIBRARY_PATH} PYTHONPATH=/home/shen/learn/ROS2/socketcan_ws/install/ros2_socketcan_msgs/local/lib/python3.10/dist-packages:${PYTHONPATH} /usr/bin/cmake --install /home/shen/learn/ROS2/socketcan_ws/build/ros2_socketcan
[23.428s] Level 1:colcon.colcon_core.environment:checking '/home/shen/learn/ROS2/socketcan_ws/install/ros2_socketcan' for CMake module files
[23.430s] Level 1:colcon.colcon_core.environment:checking '/home/shen/learn/ROS2/socketcan_ws/install/ros2_socketcan' for CMake config files
[23.430s] Level 1:colcon.colcon_core.shell:create_environment_hook('ros2_socketcan', 'cmake_prefix_path')
[23.465s] INFO:colcon.colcon_core.shell:Creating environment hook '/home/shen/learn/ROS2/socketcan_ws/install/ros2_socketcan/share/ros2_socketcan/hook/cmake_prefix_path.ps1'
[23.466s] INFO:colcon.colcon_core.shell:Creating environment descriptor '/home/shen/learn/ROS2/socketcan_ws/install/ros2_socketcan/share/ros2_socketcan/hook/cmake_prefix_path.dsv'
[23.467s] INFO:colcon.colcon_core.shell:Creating environment hook '/home/shen/learn/ROS2/socketcan_ws/install/ros2_socketcan/share/ros2_socketcan/hook/cmake_prefix_path.sh'
[23.468s] Level 1:colcon.colcon_core.environment:checking '/home/shen/learn/ROS2/socketcan_ws/install/ros2_socketcan/lib'
[23.468s] Level 1:colcon.colcon_core.shell:create_environment_hook('ros2_socketcan', 'ld_library_path_lib')
[23.483s] INFO:colcon.colcon_core.shell:Creating environment hook '/home/shen/learn/ROS2/socketcan_ws/install/ros2_socketcan/share/ros2_socketcan/hook/ld_library_path_lib.ps1'
[23.483s] INFO:colcon.colcon_core.shell:Creating environment descriptor '/home/shen/learn/ROS2/socketcan_ws/install/ros2_socketcan/share/ros2_socketcan/hook/ld_library_path_lib.dsv'
[23.483s] INFO:colcon.colcon_core.shell:Creating environment hook '/home/shen/learn/ROS2/socketcan_ws/install/ros2_socketcan/share/ros2_socketcan/hook/ld_library_path_lib.sh'
[23.483s] Level 1:colcon.colcon_core.environment:checking '/home/shen/learn/ROS2/socketcan_ws/install/ros2_socketcan/bin'
[23.483s] Level 1:colcon.colcon_core.environment:checking '/home/shen/learn/ROS2/socketcan_ws/install/ros2_socketcan/lib/pkgconfig/ros2_socketcan.pc'
[23.484s] Level 1:colcon.colcon_core.environment:checking '/home/shen/learn/ROS2/socketcan_ws/install/ros2_socketcan/lib/python3.10/site-packages'
[23.484s] Level 1:colcon.colcon_core.environment:checking '/home/shen/learn/ROS2/socketcan_ws/install/ros2_socketcan/bin'
[23.496s] INFO:colcon.colcon_core.shell:Creating package script '/home/shen/learn/ROS2/socketcan_ws/install/ros2_socketcan/share/ros2_socketcan/package.ps1'
[23.496s] INFO:colcon.colcon_core.shell:Creating package descriptor '/home/shen/learn/ROS2/socketcan_ws/install/ros2_socketcan/share/ros2_socketcan/package.dsv'
[23.497s] INFO:colcon.colcon_core.shell:Creating package script '/home/shen/learn/ROS2/socketcan_ws/install/ros2_socketcan/share/ros2_socketcan/package.sh'
[23.497s] INFO:colcon.colcon_core.shell:Creating package script '/home/shen/learn/ROS2/socketcan_ws/install/ros2_socketcan/share/ros2_socketcan/package.bash'
[23.497s] INFO:colcon.colcon_core.shell:Creating package script '/home/shen/learn/ROS2/socketcan_ws/install/ros2_socketcan/share/ros2_socketcan/package.zsh'
[23.497s] Level 1:colcon.colcon_core.environment:create_file_with_runtime_dependencies(/home/shen/learn/ROS2/socketcan_ws/install/ros2_socketcan/share/colcon-core/packages/ros2_socketcan)
[23.590s] Level 1:colcon.colcon_core.environment:create_environment_scripts_only(ros2_socketcan)
[23.602s] Level 1:colcon.colcon_core.environment:checking '/home/shen/learn/ROS2/socketcan_ws/install/ros2_socketcan' for CMake module files
[23.602s] Level 1:colcon.colcon_core.environment:checking '/home/shen/learn/ROS2/socketcan_ws/install/ros2_socketcan' for CMake config files
[23.603s] Level 1:colcon.colcon_core.shell:create_environment_hook('ros2_socketcan', 'cmake_prefix_path')
[23.615s] INFO:colcon.colcon_core.shell:Creating environment hook '/home/shen/learn/ROS2/socketcan_ws/install/ros2_socketcan/share/ros2_socketcan/hook/cmake_prefix_path.ps1'
[23.615s] INFO:colcon.colcon_core.shell:Creating environment descriptor '/home/shen/learn/ROS2/socketcan_ws/install/ros2_socketcan/share/ros2_socketcan/hook/cmake_prefix_path.dsv'
[23.615s] INFO:colcon.colcon_core.shell:Creating environment hook '/home/shen/learn/ROS2/socketcan_ws/install/ros2_socketcan/share/ros2_socketcan/hook/cmake_prefix_path.sh'
[23.616s] Level 1:colcon.colcon_core.environment:checking '/home/shen/learn/ROS2/socketcan_ws/install/ros2_socketcan/lib'
[23.616s] Level 1:colcon.colcon_core.shell:create_environment_hook('ros2_socketcan', 'ld_library_path_lib')
[23.629s] INFO:colcon.colcon_core.shell:Creating environment hook '/home/shen/learn/ROS2/socketcan_ws/install/ros2_socketcan/share/ros2_socketcan/hook/ld_library_path_lib.ps1'
[23.629s] INFO:colcon.colcon_core.shell:Creating environment descriptor '/home/shen/learn/ROS2/socketcan_ws/install/ros2_socketcan/share/ros2_socketcan/hook/ld_library_path_lib.dsv'
[23.630s] INFO:colcon.colcon_core.shell:Creating environment hook '/home/shen/learn/ROS2/socketcan_ws/install/ros2_socketcan/share/ros2_socketcan/hook/ld_library_path_lib.sh'
[23.630s] Level 1:colcon.colcon_core.environment:checking '/home/shen/learn/ROS2/socketcan_ws/install/ros2_socketcan/bin'
[23.630s] Level 1:colcon.colcon_core.environment:checking '/home/shen/learn/ROS2/socketcan_ws/install/ros2_socketcan/lib/pkgconfig/ros2_socketcan.pc'
[23.630s] Level 1:colcon.colcon_core.environment:checking '/home/shen/learn/ROS2/socketcan_ws/install/ros2_socketcan/lib/python3.10/site-packages'
[23.631s] Level 1:colcon.colcon_core.environment:checking '/home/shen/learn/ROS2/socketcan_ws/install/ros2_socketcan/bin'
[23.644s] INFO:colcon.colcon_core.shell:Creating package script '/home/shen/learn/ROS2/socketcan_ws/install/ros2_socketcan/share/ros2_socketcan/package.ps1'
[23.644s] INFO:colcon.colcon_core.shell:Creating package descriptor '/home/shen/learn/ROS2/socketcan_ws/install/ros2_socketcan/share/ros2_socketcan/package.dsv'
[23.645s] INFO:colcon.colcon_core.shell:Creating package script '/home/shen/learn/ROS2/socketcan_ws/install/ros2_socketcan/share/ros2_socketcan/package.sh'
[23.646s] INFO:colcon.colcon_core.shell:Creating package script '/home/shen/learn/ROS2/socketcan_ws/install/ros2_socketcan/share/ros2_socketcan/package.bash'
[23.646s] INFO:colcon.colcon_core.shell:Creating package script '/home/shen/learn/ROS2/socketcan_ws/install/ros2_socketcan/share/ros2_socketcan/package.zsh'
[23.646s] Level 1:colcon.colcon_core.environment:create_file_with_runtime_dependencies(/home/shen/learn/ROS2/socketcan_ws/install/ros2_socketcan/share/colcon-core/packages/ros2_socketcan)
[23.647s] DEBUG:colcon.colcon_parallel_executor.executor.parallel:closing loop
[23.647s] DEBUG:colcon.colcon_parallel_executor.executor.parallel:loop closed
[23.647s] DEBUG:colcon.colcon_parallel_executor.executor.parallel:run_until_complete finished with '0'
[23.648s] DEBUG:colcon.colcon_core.event_reactor:joining thread
[23.693s] INFO:colcon.colcon_core.plugin_system:Skipping extension 'colcon_notification.desktop_notification.terminal_notifier': Not used on non-Darwin systems
[23.693s] INFO:colcon.colcon_core.plugin_system:Skipping extension 'colcon_notification.desktop_notification.win32': Not used on non-Windows systems
[23.694s] INFO:colcon.colcon_notification.desktop_notification:Sending desktop notification using 'notify2'
[23.708s] DEBUG:colcon.colcon_core.event_reactor:joined thread
[23.721s] INFO:colcon.colcon_core.shell:Creating prefix script '/home/shen/learn/ROS2/socketcan_ws/install/local_setup.ps1'
[23.722s] INFO:colcon.colcon_core.shell:Creating prefix util module '/home/shen/learn/ROS2/socketcan_ws/install/_local_setup_util_ps1.py'
[23.723s] INFO:colcon.colcon_core.shell:Creating prefix chain script '/home/shen/learn/ROS2/socketcan_ws/install/setup.ps1'
[23.735s] INFO:colcon.colcon_core.shell:Creating prefix script '/home/shen/learn/ROS2/socketcan_ws/install/local_setup.sh'
[23.736s] INFO:colcon.colcon_core.shell:Creating prefix util module '/home/shen/learn/ROS2/socketcan_ws/install/_local_setup_util_sh.py'
[23.736s] INFO:colcon.colcon_core.shell:Creating prefix chain script '/home/shen/learn/ROS2/socketcan_ws/install/setup.sh'
[23.749s] INFO:colcon.colcon_core.shell:Creating prefix script '/home/shen/learn/ROS2/socketcan_ws/install/local_setup.bash'
[23.749s] INFO:colcon.colcon_core.shell:Creating prefix chain script '/home/shen/learn/ROS2/socketcan_ws/install/setup.bash'
[23.762s] INFO:colcon.colcon_core.shell:Creating prefix script '/home/shen/learn/ROS2/socketcan_ws/install/local_setup.zsh'
[23.763s] INFO:colcon.colcon_core.shell:Creating prefix chain script '/home/shen/learn/ROS2/socketcan_ws/install/setup.zsh'
