[0.077s] Invoking command in '/home/shen/learn/ROS2/ws_livox/build/livox_ros_driver2': CMAKE_PREFIX_PATH=${CMAKE_PREFIX_PATH}:/opt/ros/humble /usr/bin/cmake /home/shen/learn/ROS2/ws_livox/src/livox_ros_driver2 -DROS_EDITION=ROS2 -DHUMBLE_ROS=humble -DCMAKE_INSTALL_PREFIX=/home/shen/learn/ROS2/ws_livox/install/livox_ros_driver2
[0.165s] -- The C compiler identification is GNU 11.4.0
[0.231s] -- The CXX compiler identification is GNU 11.4.0
[0.239s] -- Detecting C compiler ABI info
[0.358s] -- Detecting C compiler ABI info - done
[0.367s] -- Check for working C compiler: /usr/bin/cc - skipped
[0.367s] -- Detecting C compile features
[0.368s] -- Detecting C compile features - done
[0.372s] -- Detecting CXX compiler ABI info
[0.470s] -- Detecting CXX compiler ABI info - done
[0.480s] -- Check for working CXX compiler: /usr/bin/c++ - skipped
[0.480s] -- Detecting CXX compile features
[0.481s] -- Detecting CXX compile features - done
[0.483s] -- livox_ros_driver2 version: 1.0.0
[0.485s] -- Found ament_cmake_auto: 1.3.6 (/opt/ros/humble/share/ament_cmake_auto/cmake)
[0.680s] -- Found Python3: /usr/bin/python3.10 (found version "3.10.12") found components: Interpreter 
[0.850s] -- Using all available rosidl_typesupport_c: rosidl_typesupport_fastrtps_c;rosidl_typesupport_introspection_c
[0.867s] -- Found rosidl_adapter: 3.1.5 (/opt/ros/humble/share/rosidl_adapter/cmake)
[0.937s] -- Using all available rosidl_typesupport_cpp: rosidl_typesupport_fastrtps_cpp;rosidl_typesupport_introspection_cpp
[1.063s] -- Found rmw_implementation_cmake: 6.1.1 (/opt/ros/humble/share/rmw_implementation_cmake/cmake)
[1.067s] -- Found rmw_cyclonedds_cpp: 1.3.4 (/opt/ros/humble/share/rmw_cyclonedds_cpp/cmake)
[1.100s] -- Using RMW implementation 'rmw_cyclonedds_cpp' as default
[1.111s] -- Looking for pthread.h
[1.208s] -- Looking for pthread.h - found
[1.208s] -- Performing Test CMAKE_HAVE_LIBC_PTHREAD
[1.325s] -- Performing Test CMAKE_HAVE_LIBC_PTHREAD - Success
[1.326s] -- Found Threads: TRUE  
[1.888s] -- Checking for module 'eigen3'
[1.909s] --   Found eigen3, version 3.4.0
[1.969s] -- Found Eigen: /usr/include/eigen3 (Required is at least version "3.1") 
[1.969s] -- Eigen found (include: /usr/include/eigen3, version: 3.4.0)
[1.992s] -- Found Boost: /usr/lib/x86_64-linux-gnu/cmake/Boost-1.74.0/BoostConfig.cmake (found suitable version "1.74.0", minimum required is "1.65.0") found components: system filesystem date_time iostreams serialization 
[2.012s] -- Checking for module 'flann'
[2.033s] --   Found flann, version 1.9.1
[2.099s] -- Found FLANN: /usr/lib/x86_64-linux-gnu/libflann_cpp.so  
[2.099s] -- FLANN found (include: /usr/include, lib: /usr/lib/x86_64-linux-gnu/libflann_cpp.so)
[2.138s] -- Found GLEW: /usr/lib/x86_64-linux-gnu/libGLEW.so  
[2.144s] -- Found OpenGL: /usr/lib/x86_64-linux-gnu/libOpenGL.so  found components: OpenGL GLX 
[2.321s] -- Found MPI_C: /usr/lib/x86_64-linux-gnu/libmpi.so (found version "3.1") 
[2.321s] -- Found MPI: TRUE (found version "3.1") found components: C 
[2.325s] -- Found JsonCpp: /usr/lib/x86_64-linux-gnu/libjsoncpp.so (found suitable version "1.9.5", minimum required is "0.7.0") 
[2.337s] -- Found ZLIB: /usr/lib/x86_64-linux-gnu/libz.so (found version "1.2.11") 
[2.353s] -- Found PNG: /usr/lib/x86_64-linux-gnu/libpng.so (found version "1.6.37") 
[2.376s] -- Found Eigen3: /usr/include/eigen3 (found version "3.4.0") 
[2.511s] -- Found X11: /usr/include   
[2.512s] -- Looking for XOpenDisplay in /usr/lib/x86_64-linux-gnu/libX11.so;/usr/lib/x86_64-linux-gnu/libXext.so
[2.605s] -- Looking for XOpenDisplay in /usr/lib/x86_64-linux-gnu/libX11.so;/usr/lib/x86_64-linux-gnu/libXext.so - found
[2.606s] -- Looking for gethostbyname
[2.685s] -- Looking for gethostbyname - found
[2.685s] -- Looking for connect
[2.795s] -- Looking for connect - found
[2.795s] -- Looking for remove
[2.920s] -- Looking for remove - found
[2.920s] -- Looking for shmat
[3.034s] -- Looking for shmat - found
[3.034s] -- Looking for IceConnectionNumber in ICE
[3.147s] -- Looking for IceConnectionNumber in ICE - found
[3.322s] -- Found EXPAT: /usr/lib/x86_64-linux-gnu/libexpat.so (found version "2.4.7") 
[3.327s] -- Found double-conversion: /usr/lib/x86_64-linux-gnu/libdouble-conversion.so  
[3.333s] -- Found LZ4: /usr/lib/x86_64-linux-gnu/liblz4.so (found version "1.9.3") 
[3.338s] -- Found LZMA: /usr/lib/x86_64-linux-gnu/liblzma.so (found version "5.2.5") 
[3.377s] -- Found JPEG: /usr/lib/x86_64-linux-gnu/libjpeg.so (found version "80") 
[3.382s] -- Found TIFF: /usr/lib/x86_64-linux-gnu/libtiff.so (found version "4.3.0")  
[3.386s] -- Found Freetype: /usr/lib/x86_64-linux-gnu/libfreetype.so (found version "2.11.1") 
[3.391s] -- Found utf8cpp: /usr/include/utf8cpp  
[3.525s] -- Checking for module 'libusb-1.0'
[3.549s] --   Found libusb-1.0, version 1.0.25
[3.624s] -- Found libusb: /usr/lib/x86_64-linux-gnu/libusb-1.0.so  
[3.627s] -- Found OpenNI: /usr/lib/libOpenNI.so;libusb::libusb (found version "1.5.4.0") 
[3.628s] -- OpenNI found (version: 1.5.4.0, include: /usr/include/ni, lib: /usr/lib/libOpenNI.so;libusb::libusb)
[3.743s] -- Found OpenNI2: /usr/lib/x86_64-linux-gnu/libOpenNI2.so;libusb::libusb (found version "2.2.0.33") 
[3.744s] -- OpenNI2 found (version: 2.2.0.33, include: /usr/include/openni2, lib: /usr/lib/x86_64-linux-gnu/libOpenNI2.so;libusb::libusb)
[3.744s] [0m** WARNING ** io features related to pcap will be disabled[0m
[3.931s] -- Eigen found (include: /usr/include/eigen3, version: 3.4.0)
[3.938s] -- OpenNI found (version: 1.5.4.0, include: /usr/include/ni, lib: /usr/lib/libOpenNI.so;libusb::libusb)
[3.945s] -- OpenNI2 found (version: 2.2.0.33, include: /usr/include/openni2, lib: /usr/lib/x86_64-linux-gnu/libOpenNI2.so;libusb::libusb)
[4.090s] -- Found Qhull version 8.0.2
[4.241s] -- OpenNI found (version: 1.5.4.0, include: /usr/include/ni, lib: /usr/lib/libOpenNI.so;libusb::libusb)
[4.386s] -- looking for PCL_COMMON
[4.387s] -- Found PCL_COMMON: /usr/lib/x86_64-linux-gnu/libpcl_common.so  
[4.387s] -- looking for PCL_KDTREE
[4.396s] -- Found PCL_KDTREE: /usr/lib/x86_64-linux-gnu/libpcl_kdtree.so  
[4.396s] -- looking for PCL_OCTREE
[4.397s] -- Found PCL_OCTREE: /usr/lib/x86_64-linux-gnu/libpcl_octree.so  
[4.397s] -- looking for PCL_SEARCH
[4.398s] -- Found PCL_SEARCH: /usr/lib/x86_64-linux-gnu/libpcl_search.so  
[4.398s] -- looking for PCL_SAMPLE_CONSENSUS
[4.400s] -- Found PCL_SAMPLE_CONSENSUS: /usr/lib/x86_64-linux-gnu/libpcl_sample_consensus.so  
[4.400s] -- looking for PCL_FILTERS
[4.401s] -- Found PCL_FILTERS: /usr/lib/x86_64-linux-gnu/libpcl_filters.so  
[4.401s] -- looking for PCL_2D
[4.401s] -- Found PCL_2D: /usr/include/pcl-1.12  
[4.401s] -- looking for PCL_GEOMETRY
[4.402s] -- Found PCL_GEOMETRY: /usr/include/pcl-1.12  
[4.402s] -- looking for PCL_IO
[4.403s] -- Found PCL_IO: /usr/lib/x86_64-linux-gnu/libpcl_io.so  
[4.404s] -- looking for PCL_FEATURES
[4.405s] -- Found PCL_FEATURES: /usr/lib/x86_64-linux-gnu/libpcl_features.so  
[4.405s] -- looking for PCL_ML
[4.406s] -- Found PCL_ML: /usr/lib/x86_64-linux-gnu/libpcl_ml.so  
[4.406s] -- looking for PCL_SEGMENTATION
[4.408s] -- Found PCL_SEGMENTATION: /usr/lib/x86_64-linux-gnu/libpcl_segmentation.so  
[4.408s] -- looking for PCL_VISUALIZATION
[4.410s] -- Found PCL_VISUALIZATION: /usr/lib/x86_64-linux-gnu/libpcl_visualization.so  
[4.411s] -- looking for PCL_SURFACE
[4.412s] -- Found PCL_SURFACE: /usr/lib/x86_64-linux-gnu/libpcl_surface.so  
[4.412s] -- looking for PCL_REGISTRATION
[4.413s] -- Found PCL_REGISTRATION: /usr/lib/x86_64-linux-gnu/libpcl_registration.so  
[4.413s] -- looking for PCL_KEYPOINTS
[4.414s] -- Found PCL_KEYPOINTS: /usr/lib/x86_64-linux-gnu/libpcl_keypoints.so  
[4.415s] -- looking for PCL_TRACKING
[4.416s] -- Found PCL_TRACKING: /usr/lib/x86_64-linux-gnu/libpcl_tracking.so  
[4.416s] -- looking for PCL_RECOGNITION
[4.417s] -- Found PCL_RECOGNITION: /usr/lib/x86_64-linux-gnu/libpcl_recognition.so  
[4.417s] -- looking for PCL_STEREO
[4.418s] -- Found PCL_STEREO: /usr/lib/x86_64-linux-gnu/libpcl_stereo.so  
[4.418s] -- looking for PCL_APPS
[4.420s] -- Found PCL_APPS: /usr/lib/x86_64-linux-gnu/libpcl_apps.so  
[4.421s] -- looking for PCL_IN_HAND_SCANNER
[4.421s] -- Found PCL_IN_HAND_SCANNER: /usr/include/pcl-1.12  
[4.422s] -- looking for PCL_MODELER
[4.422s] -- Found PCL_MODELER: /usr/include/pcl-1.12  
[4.422s] -- looking for PCL_POINT_CLOUD_EDITOR
[4.422s] -- Found PCL_POINT_CLOUD_EDITOR: /usr/include/pcl-1.12  
[4.422s] -- looking for PCL_OUTOFCORE
[4.424s] -- Found PCL_OUTOFCORE: /usr/lib/x86_64-linux-gnu/libpcl_outofcore.so  
[4.425s] -- looking for PCL_PEOPLE
[4.426s] -- Found PCL_PEOPLE: /usr/lib/x86_64-linux-gnu/libpcl_people.so  
[4.427s] -- Found PCL: pcl_common;pcl_kdtree;pcl_octree;pcl_search;pcl_sample_consensus;pcl_filters;pcl_io;pcl_features;pcl_ml;pcl_segmentation;pcl_visualization;pcl_surface;pcl_registration;pcl_keypoints;pcl_tracking;pcl_recognition;pcl_stereo;pcl_apps;pcl_outofcore;pcl_people;Boost::system;Boost::filesystem;Boost::date_time;Boost::iostreams;Boost::serialization;/usr/lib/libOpenNI.so;libusb::libusb;/usr/lib/x86_64-linux-gnu/libOpenNI2.so;libusb::libusb;VTK::ChartsCore;VTK::CommonColor;VTK::CommonComputationalGeometry;VTK::CommonCore;VTK::CommonDataModel;VTK::CommonExecutionModel;VTK::CommonMath;VTK::CommonMisc;VTK::CommonTransforms;VTK::FiltersCore;VTK::FiltersExtraction;VTK::FiltersGeneral;VTK::FiltersGeometry;VTK::FiltersModeling;VTK::FiltersSources;VTK::ImagingCore;VTK::ImagingSources;VTK::InteractionImage;VTK::InteractionStyle;VTK::InteractionWidgets;VTK::IOCore;VTK::IOGeometry;VTK::IOImage;VTK::IOLegacy;VTK::IOPLY;VTK::RenderingAnnotation;VTK::RenderingCore;VTK::RenderingContext2D;VTK::RenderingLOD;VTK::RenderingFreeType;VTK::ViewsCore;VTK::ViewsContext2D;VTK::RenderingOpenGL2;VTK::GUISupportQt;FLANN::FLANN;QHULL::QHULL  
[4.435s] -- Found PkgConfig: /usr/bin/pkg-config (found version "0.29.2") 
[4.436s] -- Checking for module 'apr-1'
[4.440s] --   No package 'apr-1' found
[4.763s] -- Found ament_cmake_ros: 0.10.0 (/opt/ros/humble/share/ament_cmake_ros/cmake)
[5.051s] -- Using all available rosidl_typesupport_c: rosidl_typesupport_fastrtps_c;rosidl_typesupport_introspection_c
[5.494s] -- Using all available rosidl_typesupport_cpp: rosidl_typesupport_fastrtps_cpp;rosidl_typesupport_introspection_cpp
[5.520s] -- Found PythonInterp: /usr/bin/python3 (found suitable version "3.10.12", minimum required is "3.6") 
[5.523s] -- Found python_cmake_module: 0.10.0 (/opt/ros/humble/share/python_cmake_module/cmake)
[5.552s] -- Found PythonLibs: /usr/lib/x86_64-linux-gnu/libpython3.10.so (found suitable version "3.10.12", minimum required is "3.5") 
[5.552s] -- Using PYTHON_EXECUTABLE: /usr/bin/python3
[5.552s] -- Using PYTHON_INCLUDE_DIRS: /usr/include/python3.10
[5.552s] -- Using PYTHON_LIBRARIES: /usr/lib/x86_64-linux-gnu/libpython3.10.so
[5.581s] -- Found PythonExtra: .so  
[5.775s] -- Found ament_lint_auto: 0.12.9 (/opt/ros/humble/share/ament_lint_auto/cmake)
[5.803s] -- Added test 'copyright' to check source files copyright and LICENSE
[5.819s] -- Added test 'cppcheck' to perform static code analysis on C / C++ code
[5.820s] -- Configured cppcheck include dirs: /home/shen/learn/ROS2/ws_livox/src/livox_ros_driver2/3rdparty;/home/shen/learn/ROS2/ws_livox/src/livox_ros_driver2/src
[5.820s] -- Configured cppcheck exclude dirs and/or files: 
[5.834s] -- Added test 'cpplint' to check C / C++ code against the Google style
[5.834s] -- Configured cpplint exclude dirs and/or files: 
[5.836s] -- Added test 'flake8' to check Python code syntax and style conventions
[5.840s] -- Added test 'lint_cmake' to check CMake code style
[5.842s] -- Added test 'pep257' to check Python code against some of the docstring style conventions in PEP 257
[5.856s] -- Added test 'uncrustify' to check C / C++ code style
[5.856s] -- Configured uncrustify additional arguments: 
[5.858s] -- Added test 'xmllint' to check XML markup files
[5.862s] -- Configuring done
[5.958s] -- Generating done
[5.963s] -- Build files have been written to: /home/shen/learn/ROS2/ws_livox/build/livox_ros_driver2
[5.984s] Invoked command in '/home/shen/learn/ROS2/ws_livox/build/livox_ros_driver2' returned '0': CMAKE_PREFIX_PATH=${CMAKE_PREFIX_PATH}:/opt/ros/humble /usr/bin/cmake /home/shen/learn/ROS2/ws_livox/src/livox_ros_driver2 -DROS_EDITION=ROS2 -DHUMBLE_ROS=humble -DCMAKE_INSTALL_PREFIX=/home/shen/learn/ROS2/ws_livox/install/livox_ros_driver2
[5.990s] Invoking command in '/home/shen/learn/ROS2/ws_livox/build/livox_ros_driver2': CMAKE_PREFIX_PATH=${CMAKE_PREFIX_PATH}:/opt/ros/humble /usr/bin/cmake --build /home/shen/learn/ROS2/ws_livox/build/livox_ros_driver2 -- -j16 -l16
[6.050s] [  1%] [34m[1mGenerating C code for ROS interfaces[0m
[6.060s] [  3%] [32mBuilding CXX object CMakeFiles/livox_ros_driver2_node.dir/rclcpp_components/node_main_livox_ros_driver2_node.cpp.o[0m
[6.070s] [  3%] Built target ament_cmake_python_copy_livox_ros_driver2
[6.078s] [  5%] [34m[1mGenerating C++ code for ROS interfaces[0m
[6.326s] running egg_info
[6.327s] creating livox_ros_driver2.egg-info
[6.328s] writing livox_ros_driver2.egg-info/PKG-INFO
[6.329s] writing dependency_links to livox_ros_driver2.egg-info/dependency_links.txt
[6.329s] writing top-level names to livox_ros_driver2.egg-info/top_level.txt
[6.329s] writing manifest file 'livox_ros_driver2.egg-info/SOURCES.txt'
[6.334s] reading manifest file 'livox_ros_driver2.egg-info/SOURCES.txt'
[6.334s] writing manifest file 'livox_ros_driver2.egg-info/SOURCES.txt'
[6.374s] [  5%] Built target ament_cmake_python_build_livox_ros_driver2_egg
[6.509s] [  8%] [32mBuilding C object CMakeFiles/livox_interfaces2__rosidl_generator_c.dir/rosidl_generator_c/livox_ros_driver2/msg/detail/custom_msg__functions.c.o[0m
[6.509s] [  8%] [32mBuilding C object CMakeFiles/livox_interfaces2__rosidl_generator_c.dir/rosidl_generator_c/livox_ros_driver2/msg/detail/custom_point__functions.c.o[0m
[6.509s] [  8%] Built target livox_interfaces2__cpp
[6.522s] [ 12%] [34m[1mGenerating C++ introspection for ROS interfaces[0m
[6.522s] [ 12%] [34m[1mGenerating C++ type support dispatch for ROS interfaces[0m
[6.523s] [ 14%] [34m[1mGenerating C++ type support for eProsima Fast-RTPS[0m
[6.570s] [ 15%] [32m[1mLinking C shared library liblivox_ros_driver2__rosidl_generator_c.so[0m
[6.624s] [ 15%] Built target livox_interfaces2__rosidl_generator_c
[6.640s] [ 19%] [34m[1mGenerating C type support for eProsima Fast-RTPS[0m
[6.640s] [ 19%] [34m[1mGenerating C introspection for ROS interfaces[0m
[6.643s] [ 21%] [34m[1mGenerating C type support dispatch for ROS interfaces[0m
[6.930s] [ 24%] [32mBuilding CXX object CMakeFiles/livox_interfaces2__rosidl_typesupport_cpp.dir/rosidl_typesupport_cpp/livox_ros_driver2/msg/custom_msg__type_support.cpp.o[0m
[6.930s] [ 24%] [32mBuilding CXX object CMakeFiles/livox_interfaces2__rosidl_typesupport_cpp.dir/rosidl_typesupport_cpp/livox_ros_driver2/msg/custom_point__type_support.cpp.o[0m
[6.961s] [ 28%] [32mBuilding CXX object CMakeFiles/livox_interfaces2__rosidl_typesupport_introspection_cpp.dir/rosidl_typesupport_introspection_cpp/livox_ros_driver2/msg/detail/custom_msg__type_support.cpp.o[0m
[6.961s] [ 28%] [32mBuilding CXX object CMakeFiles/livox_interfaces2__rosidl_typesupport_introspection_cpp.dir/rosidl_typesupport_introspection_cpp/livox_ros_driver2/msg/detail/custom_point__type_support.cpp.o[0m
[6.982s] [ 29%] [32mBuilding CXX object CMakeFiles/livox_interfaces2__rosidl_typesupport_fastrtps_cpp.dir/rosidl_typesupport_fastrtps_cpp/livox_ros_driver2/msg/detail/dds_fastrtps/custom_point__type_support.cpp.o[0m
[6.986s] [ 31%] [32mBuilding CXX object CMakeFiles/livox_interfaces2__rosidl_typesupport_fastrtps_cpp.dir/rosidl_typesupport_fastrtps_cpp/livox_ros_driver2/msg/detail/dds_fastrtps/custom_msg__type_support.cpp.o[0m
[7.115s] [ 33%] [32mBuilding CXX object CMakeFiles/livox_interfaces2__rosidl_typesupport_c.dir/rosidl_typesupport_c/livox_ros_driver2/msg/custom_point__type_support.cpp.o[0m
[7.117s] [ 35%] [32mBuilding CXX object CMakeFiles/livox_interfaces2__rosidl_typesupport_c.dir/rosidl_typesupport_c/livox_ros_driver2/msg/custom_msg__type_support.cpp.o[0m
[7.135s] [ 36%] [32mBuilding C object CMakeFiles/livox_interfaces2__rosidl_typesupport_introspection_c.dir/rosidl_typesupport_introspection_c/livox_ros_driver2/msg/detail/custom_msg__type_support.c.o[0m
[7.136s] [ 38%] [32mBuilding C object CMakeFiles/livox_interfaces2__rosidl_typesupport_introspection_c.dir/rosidl_typesupport_introspection_c/livox_ros_driver2/msg/detail/custom_point__type_support.c.o[0m
[7.199s] [ 40%] [32m[1mLinking CXX shared library liblivox_ros_driver2__rosidl_typesupport_c.so[0m
[7.232s] [ 42%] [32m[1mLinking C shared library liblivox_ros_driver2__rosidl_typesupport_introspection_c.so[0m
[7.286s] [ 45%] [32mBuilding CXX object CMakeFiles/livox_interfaces2__rosidl_typesupport_fastrtps_c.dir/rosidl_typesupport_fastrtps_c/livox_ros_driver2/msg/detail/custom_msg__type_support_c.cpp.o[0m
[7.286s] [ 45%] [32mBuilding CXX object CMakeFiles/livox_interfaces2__rosidl_typesupport_fastrtps_c.dir/rosidl_typesupport_fastrtps_c/livox_ros_driver2/msg/detail/custom_point__type_support_c.cpp.o[0m
[7.309s] [ 45%] Built target livox_interfaces2__rosidl_typesupport_c
[7.312s] [ 45%] Built target livox_interfaces2__rosidl_typesupport_introspection_c
[7.327s] [ 47%] [32m[1mLinking CXX shared library liblivox_ros_driver2__rosidl_typesupport_cpp.so[0m
[7.406s] [ 47%] Built target livox_interfaces2__rosidl_typesupport_cpp
[7.442s] [ 49%] [32mBuilding CXX object CMakeFiles/livox_ros_driver2.dir/src/lddc.cpp.o[0m
[7.443s] [ 52%] [32mBuilding CXX object CMakeFiles/livox_ros_driver2.dir/src/lds_lidar.cpp.o[0m
[7.444s] [ 54%] [32mBuilding CXX object CMakeFiles/livox_ros_driver2.dir/src/comm/comm.cpp.o[0m
[7.445s] [ 54%] [32mBuilding CXX object CMakeFiles/livox_ros_driver2.dir/src/driver_node.cpp.o[0m
[7.446s] [ 56%] [32mBuilding CXX object CMakeFiles/livox_ros_driver2.dir/src/comm/ldq.cpp.o[0m
[7.450s] [ 57%] [32mBuilding CXX object CMakeFiles/livox_ros_driver2.dir/src/livox_ros_driver2.cpp.o[0m
[7.456s] [ 59%] [32mBuilding CXX object CMakeFiles/livox_ros_driver2.dir/src/lds.cpp.o[0m
[7.462s] [ 63%] [32mBuilding CXX object CMakeFiles/livox_ros_driver2.dir/src/comm/lidar_imu_data_queue.cpp.o[0m
[7.463s] [ 64%] [32mBuilding CXX object CMakeFiles/livox_ros_driver2.dir/src/comm/cache_index.cpp.o[0m
[7.465s] [ 64%] [32mBuilding CXX object CMakeFiles/livox_ros_driver2.dir/src/comm/semaphore.cpp.o[0m
[7.583s] [ 66%] [32mBuilding CXX object CMakeFiles/livox_ros_driver2.dir/src/comm/pub_handler.cpp.o[0m
[7.601s] [ 68%] [32m[1mLinking CXX shared library liblivox_ros_driver2__rosidl_typesupport_introspection_cpp.so[0m
[7.674s] [ 70%] [32m[1mLinking CXX shared library liblivox_ros_driver2__rosidl_typesupport_fastrtps_cpp.so[0m
[7.783s] [ 71%] [32mBuilding CXX object CMakeFiles/livox_ros_driver2.dir/src/parse_cfg_file/parse_cfg_file.cpp.o[0m
[7.797s] [ 73%] [32m[1mLinking CXX shared library liblivox_ros_driver2__rosidl_typesupport_fastrtps_c.so[0m
[7.941s] [ 73%] Built target livox_interfaces2__rosidl_typesupport_fastrtps_cpp
[7.958s] [ 73%] Built target livox_interfaces2__rosidl_typesupport_introspection_cpp
[7.982s] [ 75%] [32mBuilding CXX object CMakeFiles/livox_ros_driver2.dir/src/parse_cfg_file/parse_livox_lidar_cfg.cpp.o[0m
[7.990s] [ 77%] [32mBuilding CXX object CMakeFiles/livox_ros_driver2.dir/src/call_back/lidar_common_callback.cpp.o[0m
[8.214s] [ 77%] Built target livox_interfaces2__rosidl_typesupport_fastrtps_c
[8.249s] [ 78%] [32mBuilding CXX object CMakeFiles/livox_ros_driver2.dir/src/call_back/livox_lidar_callback.cpp.o[0m
[8.277s] [ 78%] Built target livox_interfaces2
[8.324s] [ 80%] [34m[1mGenerating Python code for ROS interfaces[0m
[9.406s] [ 80%] Built target livox_interfaces2__py
[9.435s] [ 84%] [32mBuilding C object CMakeFiles/livox_interfaces2__rosidl_generator_py.dir/rosidl_generator_py/livox_ros_driver2/msg/_custom_msg_s.c.o[0m
[9.435s] [ 84%] [32mBuilding C object CMakeFiles/livox_interfaces2__rosidl_generator_py.dir/rosidl_generator_py/livox_ros_driver2/msg/_custom_point_s.c.o[0m
[9.570s] [ 85%] [32m[1mLinking C shared library rosidl_generator_py/livox_ros_driver2/liblivox_interfaces2__rosidl_generator_py.so[0m
[9.624s] [ 85%] Built target livox_interfaces2__rosidl_generator_py
[9.656s] [ 89%] [32mBuilding C object CMakeFiles/livox_ros_driver2__rosidl_typesupport_fastrtps_c__pyext.dir/rosidl_generator_py/livox_ros_driver2/_livox_ros_driver2_s.ep.rosidl_typesupport_fastrtps_c.c.o[0m
[9.656s] [ 89%] [32mBuilding C object CMakeFiles/livox_ros_driver2__rosidl_typesupport_c__pyext.dir/rosidl_generator_py/livox_ros_driver2/_livox_ros_driver2_s.ep.rosidl_typesupport_c.c.o[0m
[9.657s] [ 91%] [32mBuilding C object CMakeFiles/livox_ros_driver2__rosidl_typesupport_introspection_c__pyext.dir/rosidl_generator_py/livox_ros_driver2/_livox_ros_driver2_s.ep.rosidl_typesupport_introspection_c.c.o[0m
[9.770s] [ 92%] [32m[1mLinking C shared library rosidl_generator_py/livox_ros_driver2/livox_ros_driver2_s__rosidl_typesupport_fastrtps_c.cpython-310-x86_64-linux-gnu.so[0m
[9.773s] [ 94%] [32m[1mLinking C shared library rosidl_generator_py/livox_ros_driver2/livox_ros_driver2_s__rosidl_typesupport_c.cpython-310-x86_64-linux-gnu.so[0m
[9.783s] [ 96%] [32m[1mLinking C shared library rosidl_generator_py/livox_ros_driver2/livox_ros_driver2_s__rosidl_typesupport_introspection_c.cpython-310-x86_64-linux-gnu.so[0m
[9.823s] [ 96%] Built target livox_ros_driver2__rosidl_typesupport_c__pyext
[9.825s] [ 96%] Built target livox_ros_driver2__rosidl_typesupport_fastrtps_c__pyext
[9.833s] [ 96%] Built target livox_ros_driver2__rosidl_typesupport_introspection_c__pyext
[10.376s] [ 98%] [32m[1mLinking CXX executable livox_ros_driver2_node[0m
[10.547s] [ 98%] Built target livox_ros_driver2_node
[16.041s] [100%] [32m[1mLinking CXX shared library liblivox_ros_driver2.so[0m
[17.141s] [100%] Built target livox_ros_driver2
[17.173s] Invoked command in '/home/shen/learn/ROS2/ws_livox/build/livox_ros_driver2' returned '0': CMAKE_PREFIX_PATH=${CMAKE_PREFIX_PATH}:/opt/ros/humble /usr/bin/cmake --build /home/shen/learn/ROS2/ws_livox/build/livox_ros_driver2 -- -j16 -l16
[17.367s] Invoking command in '/home/shen/learn/ROS2/ws_livox/build/livox_ros_driver2': CMAKE_PREFIX_PATH=${CMAKE_PREFIX_PATH}:/opt/ros/humble /usr/bin/cmake --install /home/shen/learn/ROS2/ws_livox/build/livox_ros_driver2
[17.382s] -- Install configuration: ""
[17.383s] -- Installing: /home/shen/learn/ROS2/ws_livox/install/livox_ros_driver2/share/ament_index/resource_index/rosidl_interfaces/livox_ros_driver2
[17.384s] -- Installing: /home/shen/learn/ROS2/ws_livox/install/livox_ros_driver2/include/livox_ros_driver2/livox_ros_driver2
[17.384s] -- Installing: /home/shen/learn/ROS2/ws_livox/install/livox_ros_driver2/include/livox_ros_driver2/livox_ros_driver2/msg
[17.384s] -- Installing: /home/shen/learn/ROS2/ws_livox/install/livox_ros_driver2/include/livox_ros_driver2/livox_ros_driver2/msg/rosidl_generator_c__visibility_control.h
[17.385s] -- Installing: /home/shen/learn/ROS2/ws_livox/install/livox_ros_driver2/include/livox_ros_driver2/livox_ros_driver2/msg/custom_msg.h
[17.385s] -- Installing: /home/shen/learn/ROS2/ws_livox/install/livox_ros_driver2/include/livox_ros_driver2/livox_ros_driver2/msg/custom_point.h
[17.386s] -- Installing: /home/shen/learn/ROS2/ws_livox/install/livox_ros_driver2/include/livox_ros_driver2/livox_ros_driver2/msg/detail
[17.386s] -- Installing: /home/shen/learn/ROS2/ws_livox/install/livox_ros_driver2/include/livox_ros_driver2/livox_ros_driver2/msg/detail/custom_msg__functions.h
[17.387s] -- Installing: /home/shen/learn/ROS2/ws_livox/install/livox_ros_driver2/include/livox_ros_driver2/livox_ros_driver2/msg/detail/custom_msg__functions.c
[17.387s] -- Installing: /home/shen/learn/ROS2/ws_livox/install/livox_ros_driver2/include/livox_ros_driver2/livox_ros_driver2/msg/detail/custom_point__type_support.h
[17.388s] -- Installing: /home/shen/learn/ROS2/ws_livox/install/livox_ros_driver2/include/livox_ros_driver2/livox_ros_driver2/msg/detail/custom_point__functions.c
[17.388s] -- Installing: /home/shen/learn/ROS2/ws_livox/install/livox_ros_driver2/include/livox_ros_driver2/livox_ros_driver2/msg/detail/custom_point__functions.h
[17.389s] -- Installing: /home/shen/learn/ROS2/ws_livox/install/livox_ros_driver2/include/livox_ros_driver2/livox_ros_driver2/msg/detail/custom_point__struct.h
[17.389s] -- Installing: /home/shen/learn/ROS2/ws_livox/install/livox_ros_driver2/include/livox_ros_driver2/livox_ros_driver2/msg/detail/custom_msg__type_support.h
[17.389s] -- Installing: /home/shen/learn/ROS2/ws_livox/install/livox_ros_driver2/include/livox_ros_driver2/livox_ros_driver2/msg/detail/custom_msg__struct.h
[17.392s] -- Installing: /home/shen/learn/ROS2/ws_livox/install/livox_ros_driver2/share/livox_ros_driver2/environment/library_path.sh
[17.393s] -- Installing: /home/shen/learn/ROS2/ws_livox/install/livox_ros_driver2/share/livox_ros_driver2/environment/library_path.dsv
[17.394s] -- Installing: /home/shen/learn/ROS2/ws_livox/install/livox_ros_driver2/lib/liblivox_ros_driver2__rosidl_generator_c.so
[17.395s] -- Set runtime path of "/home/shen/learn/ROS2/ws_livox/install/livox_ros_driver2/lib/liblivox_ros_driver2__rosidl_generator_c.so" to ""
[17.395s] -- Up-to-date: /home/shen/learn/ROS2/ws_livox/install/livox_ros_driver2/include/livox_ros_driver2/livox_ros_driver2
[17.395s] -- Up-to-date: /home/shen/learn/ROS2/ws_livox/install/livox_ros_driver2/include/livox_ros_driver2/livox_ros_driver2/msg
[17.395s] -- Installing: /home/shen/learn/ROS2/ws_livox/install/livox_ros_driver2/include/livox_ros_driver2/livox_ros_driver2/msg/rosidl_typesupport_fastrtps_c__visibility_control.h
[17.396s] -- Up-to-date: /home/shen/learn/ROS2/ws_livox/install/livox_ros_driver2/include/livox_ros_driver2/livox_ros_driver2/msg/detail
[17.396s] -- Installing: /home/shen/learn/ROS2/ws_livox/install/livox_ros_driver2/include/livox_ros_driver2/livox_ros_driver2/msg/detail/custom_msg__rosidl_typesupport_fastrtps_c.h
[17.397s] -- Installing: /home/shen/learn/ROS2/ws_livox/install/livox_ros_driver2/include/livox_ros_driver2/livox_ros_driver2/msg/detail/custom_point__rosidl_typesupport_fastrtps_c.h
[17.397s] -- Installing: /home/shen/learn/ROS2/ws_livox/install/livox_ros_driver2/lib/liblivox_ros_driver2__rosidl_typesupport_fastrtps_c.so
[17.399s] -- Set runtime path of "/home/shen/learn/ROS2/ws_livox/install/livox_ros_driver2/lib/liblivox_ros_driver2__rosidl_typesupport_fastrtps_c.so" to ""
[17.399s] -- Up-to-date: /home/shen/learn/ROS2/ws_livox/install/livox_ros_driver2/include/livox_ros_driver2/livox_ros_driver2
[17.399s] -- Up-to-date: /home/shen/learn/ROS2/ws_livox/install/livox_ros_driver2/include/livox_ros_driver2/livox_ros_driver2/msg
[17.399s] -- Installing: /home/shen/learn/ROS2/ws_livox/install/livox_ros_driver2/include/livox_ros_driver2/livox_ros_driver2/msg/rosidl_typesupport_introspection_c__visibility_control.h
[17.400s] -- Up-to-date: /home/shen/learn/ROS2/ws_livox/install/livox_ros_driver2/include/livox_ros_driver2/livox_ros_driver2/msg/detail
[17.400s] -- Installing: /home/shen/learn/ROS2/ws_livox/install/livox_ros_driver2/include/livox_ros_driver2/livox_ros_driver2/msg/detail/custom_msg__type_support.c
[17.400s] -- Installing: /home/shen/learn/ROS2/ws_livox/install/livox_ros_driver2/include/livox_ros_driver2/livox_ros_driver2/msg/detail/custom_msg__rosidl_typesupport_introspection_c.h
[17.401s] -- Installing: /home/shen/learn/ROS2/ws_livox/install/livox_ros_driver2/include/livox_ros_driver2/livox_ros_driver2/msg/detail/custom_point__type_support.c
[17.401s] -- Installing: /home/shen/learn/ROS2/ws_livox/install/livox_ros_driver2/include/livox_ros_driver2/livox_ros_driver2/msg/detail/custom_point__rosidl_typesupport_introspection_c.h
[17.402s] -- Installing: /home/shen/learn/ROS2/ws_livox/install/livox_ros_driver2/lib/liblivox_ros_driver2__rosidl_typesupport_introspection_c.so
[17.403s] -- Set runtime path of "/home/shen/learn/ROS2/ws_livox/install/livox_ros_driver2/lib/liblivox_ros_driver2__rosidl_typesupport_introspection_c.so" to ""
[17.403s] -- Installing: /home/shen/learn/ROS2/ws_livox/install/livox_ros_driver2/lib/liblivox_ros_driver2__rosidl_typesupport_c.so
[17.405s] -- Set runtime path of "/home/shen/learn/ROS2/ws_livox/install/livox_ros_driver2/lib/liblivox_ros_driver2__rosidl_typesupport_c.so" to ""
[17.405s] -- Up-to-date: /home/shen/learn/ROS2/ws_livox/install/livox_ros_driver2/include/livox_ros_driver2/livox_ros_driver2
[17.405s] -- Up-to-date: /home/shen/learn/ROS2/ws_livox/install/livox_ros_driver2/include/livox_ros_driver2/livox_ros_driver2/msg
[17.405s] -- Installing: /home/shen/learn/ROS2/ws_livox/install/livox_ros_driver2/include/livox_ros_driver2/livox_ros_driver2/msg/custom_msg.hpp
[17.406s] -- Installing: /home/shen/learn/ROS2/ws_livox/install/livox_ros_driver2/include/livox_ros_driver2/livox_ros_driver2/msg/custom_point.hpp
[17.406s] -- Up-to-date: /home/shen/learn/ROS2/ws_livox/install/livox_ros_driver2/include/livox_ros_driver2/livox_ros_driver2/msg/detail
[17.406s] -- Installing: /home/shen/learn/ROS2/ws_livox/install/livox_ros_driver2/include/livox_ros_driver2/livox_ros_driver2/msg/detail/custom_msg__builder.hpp
[17.407s] -- Installing: /home/shen/learn/ROS2/ws_livox/install/livox_ros_driver2/include/livox_ros_driver2/livox_ros_driver2/msg/detail/custom_point__builder.hpp
[17.407s] -- Installing: /home/shen/learn/ROS2/ws_livox/install/livox_ros_driver2/include/livox_ros_driver2/livox_ros_driver2/msg/detail/custom_point__traits.hpp
[17.408s] -- Installing: /home/shen/learn/ROS2/ws_livox/install/livox_ros_driver2/include/livox_ros_driver2/livox_ros_driver2/msg/detail/custom_msg__struct.hpp
[17.408s] -- Installing: /home/shen/learn/ROS2/ws_livox/install/livox_ros_driver2/include/livox_ros_driver2/livox_ros_driver2/msg/detail/custom_point__struct.hpp
[17.409s] -- Installing: /home/shen/learn/ROS2/ws_livox/install/livox_ros_driver2/include/livox_ros_driver2/livox_ros_driver2/msg/detail/custom_msg__traits.hpp
[17.409s] -- Up-to-date: /home/shen/learn/ROS2/ws_livox/install/livox_ros_driver2/include/livox_ros_driver2/livox_ros_driver2
[17.409s] -- Up-to-date: /home/shen/learn/ROS2/ws_livox/install/livox_ros_driver2/include/livox_ros_driver2/livox_ros_driver2/msg
[17.410s] -- Installing: /home/shen/learn/ROS2/ws_livox/install/livox_ros_driver2/include/livox_ros_driver2/livox_ros_driver2/msg/rosidl_typesupport_fastrtps_cpp__visibility_control.h
[17.410s] -- Up-to-date: /home/shen/learn/ROS2/ws_livox/install/livox_ros_driver2/include/livox_ros_driver2/livox_ros_driver2/msg/detail
[17.410s] -- Installing: /home/shen/learn/ROS2/ws_livox/install/livox_ros_driver2/include/livox_ros_driver2/livox_ros_driver2/msg/detail/dds_fastrtps
[17.411s] -- Installing: /home/shen/learn/ROS2/ws_livox/install/livox_ros_driver2/include/livox_ros_driver2/livox_ros_driver2/msg/detail/custom_msg__rosidl_typesupport_fastrtps_cpp.hpp
[17.411s] -- Installing: /home/shen/learn/ROS2/ws_livox/install/livox_ros_driver2/include/livox_ros_driver2/livox_ros_driver2/msg/detail/custom_point__rosidl_typesupport_fastrtps_cpp.hpp
[17.412s] -- Installing: /home/shen/learn/ROS2/ws_livox/install/livox_ros_driver2/lib/liblivox_ros_driver2__rosidl_typesupport_fastrtps_cpp.so
[17.413s] -- Set runtime path of "/home/shen/learn/ROS2/ws_livox/install/livox_ros_driver2/lib/liblivox_ros_driver2__rosidl_typesupport_fastrtps_cpp.so" to ""
[17.414s] -- Up-to-date: /home/shen/learn/ROS2/ws_livox/install/livox_ros_driver2/include/livox_ros_driver2/livox_ros_driver2
[17.414s] -- Up-to-date: /home/shen/learn/ROS2/ws_livox/install/livox_ros_driver2/include/livox_ros_driver2/livox_ros_driver2/msg
[17.414s] -- Up-to-date: /home/shen/learn/ROS2/ws_livox/install/livox_ros_driver2/include/livox_ros_driver2/livox_ros_driver2/msg/detail
[17.414s] -- Installing: /home/shen/learn/ROS2/ws_livox/install/livox_ros_driver2/include/livox_ros_driver2/livox_ros_driver2/msg/detail/custom_msg__type_support.cpp
[17.415s] -- Installing: /home/shen/learn/ROS2/ws_livox/install/livox_ros_driver2/include/livox_ros_driver2/livox_ros_driver2/msg/detail/custom_msg__rosidl_typesupport_introspection_cpp.hpp
[17.415s] -- Installing: /home/shen/learn/ROS2/ws_livox/install/livox_ros_driver2/include/livox_ros_driver2/livox_ros_driver2/msg/detail/custom_point__type_support.cpp
[17.416s] -- Installing: /home/shen/learn/ROS2/ws_livox/install/livox_ros_driver2/include/livox_ros_driver2/livox_ros_driver2/msg/detail/custom_point__rosidl_typesupport_introspection_cpp.hpp
[17.416s] -- Installing: /home/shen/learn/ROS2/ws_livox/install/livox_ros_driver2/lib/liblivox_ros_driver2__rosidl_typesupport_introspection_cpp.so
[17.418s] -- Set runtime path of "/home/shen/learn/ROS2/ws_livox/install/livox_ros_driver2/lib/liblivox_ros_driver2__rosidl_typesupport_introspection_cpp.so" to ""
[17.418s] -- Installing: /home/shen/learn/ROS2/ws_livox/install/livox_ros_driver2/lib/liblivox_ros_driver2__rosidl_typesupport_cpp.so
[17.419s] -- Set runtime path of "/home/shen/learn/ROS2/ws_livox/install/livox_ros_driver2/lib/liblivox_ros_driver2__rosidl_typesupport_cpp.so" to ""
[17.419s] -- Installing: /home/shen/learn/ROS2/ws_livox/install/livox_ros_driver2/share/livox_ros_driver2/environment/pythonpath.sh
[17.419s] -- Installing: /home/shen/learn/ROS2/ws_livox/install/livox_ros_driver2/share/livox_ros_driver2/environment/pythonpath.dsv
[17.420s] -- Installing: /home/shen/learn/ROS2/ws_livox/install/livox_ros_driver2/local/lib/python3.10/dist-packages/livox_ros_driver2-1.0.0-py3.10.egg-info
[17.420s] -- Installing: /home/shen/learn/ROS2/ws_livox/install/livox_ros_driver2/local/lib/python3.10/dist-packages/livox_ros_driver2-1.0.0-py3.10.egg-info/SOURCES.txt
[17.421s] -- Installing: /home/shen/learn/ROS2/ws_livox/install/livox_ros_driver2/local/lib/python3.10/dist-packages/livox_ros_driver2-1.0.0-py3.10.egg-info/top_level.txt
[17.421s] -- Installing: /home/shen/learn/ROS2/ws_livox/install/livox_ros_driver2/local/lib/python3.10/dist-packages/livox_ros_driver2-1.0.0-py3.10.egg-info/PKG-INFO
[17.421s] -- Installing: /home/shen/learn/ROS2/ws_livox/install/livox_ros_driver2/local/lib/python3.10/dist-packages/livox_ros_driver2-1.0.0-py3.10.egg-info/dependency_links.txt
[17.421s] -- Installing: /home/shen/learn/ROS2/ws_livox/install/livox_ros_driver2/local/lib/python3.10/dist-packages/livox_ros_driver2
[17.422s] -- Installing: /home/shen/learn/ROS2/ws_livox/install/livox_ros_driver2/local/lib/python3.10/dist-packages/livox_ros_driver2/msg
[17.422s] -- Installing: /home/shen/learn/ROS2/ws_livox/install/livox_ros_driver2/local/lib/python3.10/dist-packages/livox_ros_driver2/msg/_custom_point_s.c
[17.422s] -- Installing: /home/shen/learn/ROS2/ws_livox/install/livox_ros_driver2/local/lib/python3.10/dist-packages/livox_ros_driver2/msg/__init__.py
[17.422s] -- Installing: /home/shen/learn/ROS2/ws_livox/install/livox_ros_driver2/local/lib/python3.10/dist-packages/livox_ros_driver2/msg/_custom_msg.py
[17.422s] -- Installing: /home/shen/learn/ROS2/ws_livox/install/livox_ros_driver2/local/lib/python3.10/dist-packages/livox_ros_driver2/msg/_custom_msg_s.c
[17.422s] -- Installing: /home/shen/learn/ROS2/ws_livox/install/livox_ros_driver2/local/lib/python3.10/dist-packages/livox_ros_driver2/msg/_custom_point.py
[17.422s] -- Installing: /home/shen/learn/ROS2/ws_livox/install/livox_ros_driver2/local/lib/python3.10/dist-packages/livox_ros_driver2/_livox_ros_driver2_s.ep.rosidl_typesupport_c.c
[17.423s] -- Installing: /home/shen/learn/ROS2/ws_livox/install/livox_ros_driver2/local/lib/python3.10/dist-packages/livox_ros_driver2/liblivox_interfaces2__rosidl_generator_py.so
[17.423s] -- Installing: /home/shen/learn/ROS2/ws_livox/install/livox_ros_driver2/local/lib/python3.10/dist-packages/livox_ros_driver2/livox_ros_driver2_s__rosidl_typesupport_fastrtps_c.cpython-310-x86_64-linux-gnu.so
[17.423s] -- Installing: /home/shen/learn/ROS2/ws_livox/install/livox_ros_driver2/local/lib/python3.10/dist-packages/livox_ros_driver2/__init__.py
[17.423s] -- Installing: /home/shen/learn/ROS2/ws_livox/install/livox_ros_driver2/local/lib/python3.10/dist-packages/livox_ros_driver2/livox_ros_driver2_s__rosidl_typesupport_c.cpython-310-x86_64-linux-gnu.so
[17.423s] -- Installing: /home/shen/learn/ROS2/ws_livox/install/livox_ros_driver2/local/lib/python3.10/dist-packages/livox_ros_driver2/livox_ros_driver2_s__rosidl_typesupport_introspection_c.cpython-310-x86_64-linux-gnu.so
[17.424s] -- Installing: /home/shen/learn/ROS2/ws_livox/install/livox_ros_driver2/local/lib/python3.10/dist-packages/livox_ros_driver2/_livox_ros_driver2_s.ep.rosidl_typesupport_fastrtps_c.c
[17.424s] -- Installing: /home/shen/learn/ROS2/ws_livox/install/livox_ros_driver2/local/lib/python3.10/dist-packages/livox_ros_driver2/_livox_ros_driver2_s.ep.rosidl_typesupport_introspection_c.c
[17.457s] Listing '/home/shen/learn/ROS2/ws_livox/install/livox_ros_driver2/local/lib/python3.10/dist-packages/livox_ros_driver2'...
[17.458s] Compiling '/home/shen/learn/ROS2/ws_livox/install/livox_ros_driver2/local/lib/python3.10/dist-packages/livox_ros_driver2/__init__.py'...
[17.458s] Listing '/home/shen/learn/ROS2/ws_livox/install/livox_ros_driver2/local/lib/python3.10/dist-packages/livox_ros_driver2/msg'...
[17.458s] Compiling '/home/shen/learn/ROS2/ws_livox/install/livox_ros_driver2/local/lib/python3.10/dist-packages/livox_ros_driver2/msg/__init__.py'...
[17.458s] Compiling '/home/shen/learn/ROS2/ws_livox/install/livox_ros_driver2/local/lib/python3.10/dist-packages/livox_ros_driver2/msg/_custom_msg.py'...
[17.458s] Compiling '/home/shen/learn/ROS2/ws_livox/install/livox_ros_driver2/local/lib/python3.10/dist-packages/livox_ros_driver2/msg/_custom_point.py'...
[17.463s] -- Installing: /home/shen/learn/ROS2/ws_livox/install/livox_ros_driver2/local/lib/python3.10/dist-packages/livox_ros_driver2/livox_ros_driver2_s__rosidl_typesupport_fastrtps_c.cpython-310-x86_64-linux-gnu.so
[17.463s] -- Set runtime path of "/home/shen/learn/ROS2/ws_livox/install/livox_ros_driver2/local/lib/python3.10/dist-packages/livox_ros_driver2/livox_ros_driver2_s__rosidl_typesupport_fastrtps_c.cpython-310-x86_64-linux-gnu.so" to ""
[17.464s] -- Installing: /home/shen/learn/ROS2/ws_livox/install/livox_ros_driver2/local/lib/python3.10/dist-packages/livox_ros_driver2/livox_ros_driver2_s__rosidl_typesupport_introspection_c.cpython-310-x86_64-linux-gnu.so
[17.464s] -- Set runtime path of "/home/shen/learn/ROS2/ws_livox/install/livox_ros_driver2/local/lib/python3.10/dist-packages/livox_ros_driver2/livox_ros_driver2_s__rosidl_typesupport_introspection_c.cpython-310-x86_64-linux-gnu.so" to ""
[17.464s] -- Installing: /home/shen/learn/ROS2/ws_livox/install/livox_ros_driver2/local/lib/python3.10/dist-packages/livox_ros_driver2/livox_ros_driver2_s__rosidl_typesupport_c.cpython-310-x86_64-linux-gnu.so
[17.465s] -- Set runtime path of "/home/shen/learn/ROS2/ws_livox/install/livox_ros_driver2/local/lib/python3.10/dist-packages/livox_ros_driver2/livox_ros_driver2_s__rosidl_typesupport_c.cpython-310-x86_64-linux-gnu.so" to ""
[17.465s] -- Installing: /home/shen/learn/ROS2/ws_livox/install/livox_ros_driver2/lib/liblivox_interfaces2__rosidl_generator_py.so
[17.465s] -- Set runtime path of "/home/shen/learn/ROS2/ws_livox/install/livox_ros_driver2/lib/liblivox_interfaces2__rosidl_generator_py.so" to ""
[17.465s] -- Installing: /home/shen/learn/ROS2/ws_livox/install/livox_ros_driver2/share/livox_ros_driver2/msg/CustomPoint.idl
[17.466s] -- Installing: /home/shen/learn/ROS2/ws_livox/install/livox_ros_driver2/share/livox_ros_driver2/msg/CustomMsg.idl
[17.466s] -- Installing: /home/shen/learn/ROS2/ws_livox/install/livox_ros_driver2/share/livox_ros_driver2/msg/CustomPoint.msg
[17.466s] -- Installing: /home/shen/learn/ROS2/ws_livox/install/livox_ros_driver2/share/livox_ros_driver2/msg/CustomMsg.msg
[17.466s] -- Installing: /home/shen/learn/ROS2/ws_livox/install/livox_ros_driver2/lib/livox_ros_driver2/livox_ros_driver2_node
[17.467s] -- Set runtime path of "/home/shen/learn/ROS2/ws_livox/install/livox_ros_driver2/lib/livox_ros_driver2/livox_ros_driver2_node" to ""
[17.468s] -- Installing: /home/shen/learn/ROS2/ws_livox/install/livox_ros_driver2/lib/liblivox_ros_driver2.so
[17.477s] -- Set runtime path of "/home/shen/learn/ROS2/ws_livox/install/livox_ros_driver2/lib/liblivox_ros_driver2.so" to ""
[17.477s] -- Installing: /home/shen/learn/ROS2/ws_livox/install/livox_ros_driver2/share/livox_ros_driver2/config
[17.477s] -- Installing: /home/shen/learn/ROS2/ws_livox/install/livox_ros_driver2/share/livox_ros_driver2/config/mixed_HAP_MID360_config.json
[17.477s] -- Installing: /home/shen/learn/ROS2/ws_livox/install/livox_ros_driver2/share/livox_ros_driver2/config/HAP_config.json
[17.478s] -- Installing: /home/shen/learn/ROS2/ws_livox/install/livox_ros_driver2/share/livox_ros_driver2/config/display_point_cloud_ROS2.rviz
[17.478s] -- Installing: /home/shen/learn/ROS2/ws_livox/install/livox_ros_driver2/share/livox_ros_driver2/config/display_point_cloud_ROS1.rviz
[17.478s] -- Installing: /home/shen/learn/ROS2/ws_livox/install/livox_ros_driver2/share/livox_ros_driver2/config/MID360_config.json
[17.479s] -- Installing: /home/shen/learn/ROS2/ws_livox/install/livox_ros_driver2/share/livox_ros_driver2/launch_ROS2
[17.479s] -- Installing: /home/shen/learn/ROS2/ws_livox/install/livox_ros_driver2/share/livox_ros_driver2/launch_ROS2/msg_MID360_launch.py
[17.479s] -- Installing: /home/shen/learn/ROS2/ws_livox/install/livox_ros_driver2/share/livox_ros_driver2/launch_ROS2/rviz_MID360_launch.py
[17.479s] -- Installing: /home/shen/learn/ROS2/ws_livox/install/livox_ros_driver2/share/livox_ros_driver2/launch_ROS2/rviz_mixed.py
[17.479s] -- Installing: /home/shen/learn/ROS2/ws_livox/install/livox_ros_driver2/share/livox_ros_driver2/launch_ROS2/rviz_HAP_launch.py
[17.480s] -- Installing: /home/shen/learn/ROS2/ws_livox/install/livox_ros_driver2/share/livox_ros_driver2/launch_ROS2/msg_HAP_launch.py
[17.480s] -- Installing: /home/shen/learn/ROS2/ws_livox/install/livox_ros_driver2/share/ament_index/resource_index/package_run_dependencies/livox_ros_driver2
[17.480s] -- Installing: /home/shen/learn/ROS2/ws_livox/install/livox_ros_driver2/share/ament_index/resource_index/parent_prefix_path/livox_ros_driver2
[17.480s] -- Installing: /home/shen/learn/ROS2/ws_livox/install/livox_ros_driver2/share/livox_ros_driver2/environment/ament_prefix_path.sh
[17.480s] -- Installing: /home/shen/learn/ROS2/ws_livox/install/livox_ros_driver2/share/livox_ros_driver2/environment/ament_prefix_path.dsv
[17.481s] -- Installing: /home/shen/learn/ROS2/ws_livox/install/livox_ros_driver2/share/livox_ros_driver2/environment/path.sh
[17.481s] -- Installing: /home/shen/learn/ROS2/ws_livox/install/livox_ros_driver2/share/livox_ros_driver2/environment/path.dsv
[17.481s] -- Installing: /home/shen/learn/ROS2/ws_livox/install/livox_ros_driver2/share/livox_ros_driver2/local_setup.bash
[17.481s] -- Installing: /home/shen/learn/ROS2/ws_livox/install/livox_ros_driver2/share/livox_ros_driver2/local_setup.sh
[17.481s] -- Installing: /home/shen/learn/ROS2/ws_livox/install/livox_ros_driver2/share/livox_ros_driver2/local_setup.zsh
[17.482s] -- Installing: /home/shen/learn/ROS2/ws_livox/install/livox_ros_driver2/share/livox_ros_driver2/local_setup.dsv
[17.482s] -- Installing: /home/shen/learn/ROS2/ws_livox/install/livox_ros_driver2/share/livox_ros_driver2/package.dsv
[17.482s] -- Installing: /home/shen/learn/ROS2/ws_livox/install/livox_ros_driver2/share/ament_index/resource_index/packages/livox_ros_driver2
[17.482s] -- Installing: /home/shen/learn/ROS2/ws_livox/install/livox_ros_driver2/share/livox_ros_driver2/cmake/export_livox_interfaces2__rosidl_generator_cExport.cmake
[17.483s] -- Installing: /home/shen/learn/ROS2/ws_livox/install/livox_ros_driver2/share/livox_ros_driver2/cmake/export_livox_interfaces2__rosidl_generator_cExport-noconfig.cmake
[17.483s] -- Installing: /home/shen/learn/ROS2/ws_livox/install/livox_ros_driver2/share/livox_ros_driver2/cmake/export_livox_interfaces2__rosidl_typesupport_fastrtps_cExport.cmake
[17.483s] -- Installing: /home/shen/learn/ROS2/ws_livox/install/livox_ros_driver2/share/livox_ros_driver2/cmake/export_livox_interfaces2__rosidl_typesupport_fastrtps_cExport-noconfig.cmake
[17.483s] -- Installing: /home/shen/learn/ROS2/ws_livox/install/livox_ros_driver2/share/livox_ros_driver2/cmake/livox_interfaces2__rosidl_typesupport_introspection_cExport.cmake
[17.483s] -- Installing: /home/shen/learn/ROS2/ws_livox/install/livox_ros_driver2/share/livox_ros_driver2/cmake/livox_interfaces2__rosidl_typesupport_introspection_cExport-noconfig.cmake
[17.484s] -- Installing: /home/shen/learn/ROS2/ws_livox/install/livox_ros_driver2/share/livox_ros_driver2/cmake/livox_interfaces2__rosidl_typesupport_cExport.cmake
[17.484s] -- Installing: /home/shen/learn/ROS2/ws_livox/install/livox_ros_driver2/share/livox_ros_driver2/cmake/livox_interfaces2__rosidl_typesupport_cExport-noconfig.cmake
[17.484s] -- Installing: /home/shen/learn/ROS2/ws_livox/install/livox_ros_driver2/share/livox_ros_driver2/cmake/export_livox_interfaces2__rosidl_generator_cppExport.cmake
[17.484s] -- Installing: /home/shen/learn/ROS2/ws_livox/install/livox_ros_driver2/share/livox_ros_driver2/cmake/export_livox_interfaces2__rosidl_typesupport_fastrtps_cppExport.cmake
[17.484s] -- Installing: /home/shen/learn/ROS2/ws_livox/install/livox_ros_driver2/share/livox_ros_driver2/cmake/export_livox_interfaces2__rosidl_typesupport_fastrtps_cppExport-noconfig.cmake
[17.485s] -- Installing: /home/shen/learn/ROS2/ws_livox/install/livox_ros_driver2/share/livox_ros_driver2/cmake/livox_interfaces2__rosidl_typesupport_introspection_cppExport.cmake
[17.485s] -- Installing: /home/shen/learn/ROS2/ws_livox/install/livox_ros_driver2/share/livox_ros_driver2/cmake/livox_interfaces2__rosidl_typesupport_introspection_cppExport-noconfig.cmake
[17.485s] -- Installing: /home/shen/learn/ROS2/ws_livox/install/livox_ros_driver2/share/livox_ros_driver2/cmake/livox_interfaces2__rosidl_typesupport_cppExport.cmake
[17.485s] -- Installing: /home/shen/learn/ROS2/ws_livox/install/livox_ros_driver2/share/livox_ros_driver2/cmake/livox_interfaces2__rosidl_typesupport_cppExport-noconfig.cmake
[17.486s] -- Installing: /home/shen/learn/ROS2/ws_livox/install/livox_ros_driver2/share/livox_ros_driver2/cmake/export_livox_interfaces2__rosidl_generator_pyExport.cmake
[17.486s] -- Installing: /home/shen/learn/ROS2/ws_livox/install/livox_ros_driver2/share/livox_ros_driver2/cmake/export_livox_interfaces2__rosidl_generator_pyExport-noconfig.cmake
[17.486s] -- Installing: /home/shen/learn/ROS2/ws_livox/install/livox_ros_driver2/share/ament_index/resource_index/rclcpp_components/livox_ros_driver2
[17.486s] -- Installing: /home/shen/learn/ROS2/ws_livox/install/livox_ros_driver2/share/livox_ros_driver2/cmake/rosidl_cmake-extras.cmake
[17.486s] -- Installing: /home/shen/learn/ROS2/ws_livox/install/livox_ros_driver2/share/livox_ros_driver2/cmake/ament_cmake_export_dependencies-extras.cmake
[17.487s] -- Installing: /home/shen/learn/ROS2/ws_livox/install/livox_ros_driver2/share/livox_ros_driver2/cmake/ament_cmake_export_include_directories-extras.cmake
[17.487s] -- Installing: /home/shen/learn/ROS2/ws_livox/install/livox_ros_driver2/share/livox_ros_driver2/cmake/ament_cmake_export_libraries-extras.cmake
[17.487s] -- Installing: /home/shen/learn/ROS2/ws_livox/install/livox_ros_driver2/share/livox_ros_driver2/cmake/ament_cmake_export_targets-extras.cmake
[17.487s] -- Installing: /home/shen/learn/ROS2/ws_livox/install/livox_ros_driver2/share/livox_ros_driver2/cmake/rosidl_cmake_export_typesupport_targets-extras.cmake
[17.487s] -- Installing: /home/shen/learn/ROS2/ws_livox/install/livox_ros_driver2/share/livox_ros_driver2/cmake/rosidl_cmake_export_typesupport_libraries-extras.cmake
[17.488s] -- Installing: /home/shen/learn/ROS2/ws_livox/install/livox_ros_driver2/share/livox_ros_driver2/cmake/livox_ros_driver2Config.cmake
[17.488s] -- Installing: /home/shen/learn/ROS2/ws_livox/install/livox_ros_driver2/share/livox_ros_driver2/cmake/livox_ros_driver2Config-version.cmake
[17.488s] -- Installing: /home/shen/learn/ROS2/ws_livox/install/livox_ros_driver2/share/livox_ros_driver2/package.xml
[17.491s] Invoked command in '/home/shen/learn/ROS2/ws_livox/build/livox_ros_driver2' returned '0': CMAKE_PREFIX_PATH=${CMAKE_PREFIX_PATH}:/opt/ros/humble /usr/bin/cmake --install /home/shen/learn/ROS2/ws_livox/build/livox_ros_driver2
