[0.829s] DEBUG:colcon:Command line arguments: ['/usr/bin/colcon', 'build', '--packages-select', 'my_ethernet_utils']
[0.829s] DEBUG:colcon:Parsed command line arguments: Namespace(log_base=None, log_level=None, verb_name='build', build_base='build', install_base='install', merge_install=False, symlink_install=False, test_result_base=None, continue_on_error=False, executor='parallel', parallel_workers=16, event_handlers=None, ignore_user_meta=False, metas=['./colcon.meta'], base_paths=['.'], packages_ignore=None, packages_ignore_regex=None, paths=None, packages_up_to=None, packages_up_to_regex=None, packages_above=None, packages_above_and_dependencies=None, packages_above_depth=None, packages_select_by_dep=None, packages_skip_by_dep=None, packages_skip_up_to=None, packages_select_build_failed=False, packages_skip_build_finished=False, packages_select_test_failures=False, packages_skip_test_passed=False, packages_select=['my_ethernet_utils'], packages_skip=None, packages_select_regex=None, packages_skip_regex=None, packages_start=None, packages_end=None, allow_overriding=[], cmake_args=None, cmake_target=None, cmake_target_skip_unavailable=False, cmake_clean_cache=False, cmake_clean_first=False, cmake_force_configure=False, ament_cmake_args=None, catkin_cmake_args=None, catkin_skip_building_tests=False, verb_parser=<colcon_defaults.argument_parser.defaults.DefaultArgumentsDecorator object at 0x7a46ff5b7430>, verb_extension=<colcon_core.verb.build.BuildVerb object at 0x7a46ff9e75e0>, main=<bound method BuildVerb.main of <colcon_core.verb.build.BuildVerb object at 0x7a46ff9e75e0>>)
[0.869s] Level 1:colcon.colcon_core.package_discovery:discover_packages(colcon_meta) check parameters
[0.869s] Level 1:colcon.colcon_core.package_discovery:discover_packages(recursive) check parameters
[0.869s] Level 1:colcon.colcon_core.package_discovery:discover_packages(ignore) check parameters
[0.869s] Level 1:colcon.colcon_core.package_discovery:discover_packages(path) check parameters
[0.869s] Level 1:colcon.colcon_core.package_discovery:discover_packages(colcon_meta) discover
[0.869s] Level 1:colcon.colcon_core.package_discovery:discover_packages(recursive) discover
[0.869s] INFO:colcon.colcon_core.package_discovery:Crawling recursively for packages in '/home/shen/learn/ROS2/ethernet_ws'
[0.869s] Level 1:colcon.colcon_core.package_identification:_identify(.) by extensions ['ignore', 'ignore_ament_install']
[0.869s] Level 1:colcon.colcon_core.package_identification:_identify(.) by extension 'ignore'
[0.869s] Level 1:colcon.colcon_core.package_identification:_identify(.) by extension 'ignore_ament_install'
[0.870s] Level 1:colcon.colcon_core.package_identification:_identify(.) by extensions ['colcon_pkg']
[0.870s] Level 1:colcon.colcon_core.package_identification:_identify(.) by extension 'colcon_pkg'
[0.870s] Level 1:colcon.colcon_core.package_identification:_identify(.) by extensions ['colcon_meta']
[0.870s] Level 1:colcon.colcon_core.package_identification:_identify(.) by extension 'colcon_meta'
[0.870s] Level 1:colcon.colcon_core.package_identification:_identify(.) by extensions ['ros']
[0.870s] Level 1:colcon.colcon_core.package_identification:_identify(.) by extension 'ros'
[0.879s] Level 1:colcon.colcon_core.package_identification:_identify(.) by extensions ['cmake', 'python']
[0.879s] Level 1:colcon.colcon_core.package_identification:_identify(.) by extension 'cmake'
[0.879s] Level 1:colcon.colcon_core.package_identification:_identify(.) by extension 'python'
[0.879s] Level 1:colcon.colcon_core.package_identification:_identify(.) by extensions ['python_setup_py']
[0.879s] Level 1:colcon.colcon_core.package_identification:_identify(.) by extension 'python_setup_py'
[0.879s] Level 1:colcon.colcon_core.package_identification:_identify(build) by extensions ['ignore', 'ignore_ament_install']
[0.879s] Level 1:colcon.colcon_core.package_identification:_identify(build) by extension 'ignore'
[0.879s] Level 1:colcon.colcon_core.package_identification:_identify(build) ignored
[0.879s] Level 1:colcon.colcon_core.package_identification:_identify(install) by extensions ['ignore', 'ignore_ament_install']
[0.879s] Level 1:colcon.colcon_core.package_identification:_identify(install) by extension 'ignore'
[0.879s] Level 1:colcon.colcon_core.package_identification:_identify(install) ignored
[0.879s] Level 1:colcon.colcon_core.package_identification:_identify(log) by extensions ['ignore', 'ignore_ament_install']
[0.880s] Level 1:colcon.colcon_core.package_identification:_identify(log) by extension 'ignore'
[0.880s] Level 1:colcon.colcon_core.package_identification:_identify(log) ignored
[0.880s] Level 1:colcon.colcon_core.package_identification:_identify(src) by extensions ['ignore', 'ignore_ament_install']
[0.880s] Level 1:colcon.colcon_core.package_identification:_identify(src) by extension 'ignore'
[0.880s] Level 1:colcon.colcon_core.package_identification:_identify(src) by extension 'ignore_ament_install'
[0.880s] Level 1:colcon.colcon_core.package_identification:_identify(src) by extensions ['colcon_pkg']
[0.880s] Level 1:colcon.colcon_core.package_identification:_identify(src) by extension 'colcon_pkg'
[0.880s] Level 1:colcon.colcon_core.package_identification:_identify(src) by extensions ['colcon_meta']
[0.880s] Level 1:colcon.colcon_core.package_identification:_identify(src) by extension 'colcon_meta'
[0.880s] Level 1:colcon.colcon_core.package_identification:_identify(src) by extensions ['ros']
[0.880s] Level 1:colcon.colcon_core.package_identification:_identify(src) by extension 'ros'
[0.880s] Level 1:colcon.colcon_core.package_identification:_identify(src) by extensions ['cmake', 'python']
[0.880s] Level 1:colcon.colcon_core.package_identification:_identify(src) by extension 'cmake'
[0.880s] Level 1:colcon.colcon_core.package_identification:_identify(src) by extension 'python'
[0.880s] Level 1:colcon.colcon_core.package_identification:_identify(src) by extensions ['python_setup_py']
[0.880s] Level 1:colcon.colcon_core.package_identification:_identify(src) by extension 'python_setup_py'
[0.880s] Level 1:colcon.colcon_core.package_identification:_identify(src/my_ethernet_utils) by extensions ['ignore', 'ignore_ament_install']
[0.880s] Level 1:colcon.colcon_core.package_identification:_identify(src/my_ethernet_utils) by extension 'ignore'
[0.880s] Level 1:colcon.colcon_core.package_identification:_identify(src/my_ethernet_utils) by extension 'ignore_ament_install'
[0.880s] Level 1:colcon.colcon_core.package_identification:_identify(src/my_ethernet_utils) by extensions ['colcon_pkg']
[0.880s] Level 1:colcon.colcon_core.package_identification:_identify(src/my_ethernet_utils) by extension 'colcon_pkg'
[0.880s] Level 1:colcon.colcon_core.package_identification:_identify(src/my_ethernet_utils) by extensions ['colcon_meta']
[0.880s] Level 1:colcon.colcon_core.package_identification:_identify(src/my_ethernet_utils) by extension 'colcon_meta'
[0.881s] Level 1:colcon.colcon_core.package_identification:_identify(src/my_ethernet_utils) by extensions ['ros']
[0.881s] Level 1:colcon.colcon_core.package_identification:_identify(src/my_ethernet_utils) by extension 'ros'
[0.883s] DEBUG:colcon.colcon_core.package_identification:Package 'src/my_ethernet_utils' with type 'ros.ament_cmake' and name 'my_ethernet_utils'
[0.883s] Level 1:colcon.colcon_core.package_discovery:discover_packages(recursive) using defaults
[0.883s] Level 1:colcon.colcon_core.package_discovery:discover_packages(ignore) discover
[0.883s] Level 1:colcon.colcon_core.package_discovery:discover_packages(ignore) using defaults
[0.883s] Level 1:colcon.colcon_core.package_discovery:discover_packages(path) discover
[0.883s] Level 1:colcon.colcon_core.package_discovery:discover_packages(path) using defaults
[0.959s] Level 1:colcon.colcon_core.package_discovery:discover_packages(prefix_path) check parameters
[0.959s] Level 1:colcon.colcon_core.package_discovery:discover_packages(prefix_path) discover
[0.971s] WARNING:colcon.colcon_core.prefix_path.colcon:The path '/home/shen/learn/ROS2/install' in the environment variable COLCON_PREFIX_PATH doesn't exist
[0.971s] WARNING:colcon.colcon_ros.prefix_path.ament:The path '/home/shen/learn/ROS2/install/my_ethernet_utils' in the environment variable AMENT_PREFIX_PATH doesn't exist
[0.972s] WARNING:colcon.colcon_ros.prefix_path.ament:The path '/home/shen/learn/ROS2/ethernet_ws/install/my_ethernet_utils' in the environment variable AMENT_PREFIX_PATH doesn't exist
[0.972s] WARNING:colcon.colcon_ros.prefix_path.catkin:The path '/home/shen/learn/ROS2/install/my_ethernet_utils' in the environment variable CMAKE_PREFIX_PATH doesn't exist
[0.972s] WARNING:colcon.colcon_ros.prefix_path.catkin:The path '/home/shen/learn/ROS2/ethernet_ws/install/my_ethernet_utils' in the environment variable CMAKE_PREFIX_PATH doesn't exist
[0.984s] DEBUG:colcon.colcon_installed_package_information.package_discovery:Found 0 installed packages in /home/shen/learn/ROS2/ethernet_ws/install
[0.998s] DEBUG:colcon.colcon_installed_package_information.package_discovery:Found 339 installed packages in /opt/ros/humble
[0.999s] Level 1:colcon.colcon_core.package_discovery:discover_packages(prefix_path) using defaults
[1.091s] Level 5:colcon.colcon_core.verb:set package 'my_ethernet_utils' build argument 'cmake_args' from command line to 'None'
[1.091s] Level 5:colcon.colcon_core.verb:set package 'my_ethernet_utils' build argument 'cmake_target' from command line to 'None'
[1.091s] Level 5:colcon.colcon_core.verb:set package 'my_ethernet_utils' build argument 'cmake_target_skip_unavailable' from command line to 'False'
[1.091s] Level 5:colcon.colcon_core.verb:set package 'my_ethernet_utils' build argument 'cmake_clean_cache' from command line to 'False'
[1.091s] Level 5:colcon.colcon_core.verb:set package 'my_ethernet_utils' build argument 'cmake_clean_first' from command line to 'False'
[1.091s] Level 5:colcon.colcon_core.verb:set package 'my_ethernet_utils' build argument 'cmake_force_configure' from command line to 'False'
[1.091s] Level 5:colcon.colcon_core.verb:set package 'my_ethernet_utils' build argument 'ament_cmake_args' from command line to 'None'
[1.091s] Level 5:colcon.colcon_core.verb:set package 'my_ethernet_utils' build argument 'catkin_cmake_args' from command line to 'None'
[1.091s] Level 5:colcon.colcon_core.verb:set package 'my_ethernet_utils' build argument 'catkin_skip_building_tests' from command line to 'False'
[1.091s] DEBUG:colcon.colcon_core.verb:Building package 'my_ethernet_utils' with the following arguments: {'ament_cmake_args': None, 'build_base': '/home/shen/learn/ROS2/ethernet_ws/build/my_ethernet_utils', 'catkin_cmake_args': None, 'catkin_skip_building_tests': False, 'cmake_args': None, 'cmake_clean_cache': False, 'cmake_clean_first': False, 'cmake_force_configure': False, 'cmake_target': None, 'cmake_target_skip_unavailable': False, 'install_base': '/home/shen/learn/ROS2/ethernet_ws/install/my_ethernet_utils', 'merge_install': False, 'path': '/home/shen/learn/ROS2/ethernet_ws/src/my_ethernet_utils', 'symlink_install': False, 'test_result_base': None}
[1.103s] INFO:colcon.colcon_core.executor:Executing jobs using 'parallel' executor
[1.116s] DEBUG:colcon.colcon_parallel_executor.executor.parallel:run_until_complete
[1.116s] INFO:colcon.colcon_ros.task.ament_cmake.build:Building ROS package in '/home/shen/learn/ROS2/ethernet_ws/src/my_ethernet_utils' with build type 'ament_cmake'
[1.116s] INFO:colcon.colcon_cmake.task.cmake.build:Building CMake package in '/home/shen/learn/ROS2/ethernet_ws/src/my_ethernet_utils'
[1.130s] INFO:colcon.colcon_core.plugin_system:Skipping extension 'colcon_core.shell.bat': Not used on non-Windows systems
[1.131s] INFO:colcon.colcon_core.shell:Skip shell extension 'powershell' for command environment: Not usable outside of PowerShell
[1.131s] DEBUG:colcon.colcon_core.shell:Skip shell extension 'dsv' for command environment
[1.179s] DEBUG:colcon.colcon_core.event_handler.log_command:Invoking command in '/home/shen/learn/ROS2/ethernet_ws/build/my_ethernet_utils': CMAKE_PREFIX_PATH=${CMAKE_PREFIX_PATH}:/opt/ros/humble /usr/bin/cmake /home/shen/learn/ROS2/ethernet_ws/src/my_ethernet_utils -DCMAKE_INSTALL_PREFIX=/home/shen/learn/ROS2/ethernet_ws/install/my_ethernet_utils
[2.804s] DEBUG:colcon.colcon_core.event_handler.log_command:Invoked command in '/home/shen/learn/ROS2/ethernet_ws/build/my_ethernet_utils' returned '0': CMAKE_PREFIX_PATH=${CMAKE_PREFIX_PATH}:/opt/ros/humble /usr/bin/cmake /home/shen/learn/ROS2/ethernet_ws/src/my_ethernet_utils -DCMAKE_INSTALL_PREFIX=/home/shen/learn/ROS2/ethernet_ws/install/my_ethernet_utils
[2.805s] DEBUG:colcon.colcon_core.event_handler.log_command:Invoking command in '/home/shen/learn/ROS2/ethernet_ws/build/my_ethernet_utils': CMAKE_PREFIX_PATH=${CMAKE_PREFIX_PATH}:/opt/ros/humble /usr/bin/cmake --build /home/shen/learn/ROS2/ethernet_ws/build/my_ethernet_utils -- -j16 -l16
[7.996s] DEBUG:colcon.colcon_core.event_handler.log_command:Invoked command in '/home/shen/learn/ROS2/ethernet_ws/build/my_ethernet_utils' returned '0': CMAKE_PREFIX_PATH=${CMAKE_PREFIX_PATH}:/opt/ros/humble /usr/bin/cmake --build /home/shen/learn/ROS2/ethernet_ws/build/my_ethernet_utils -- -j16 -l16
[8.074s] DEBUG:colcon.colcon_core.event_handler.log_command:Invoking command in '/home/shen/learn/ROS2/ethernet_ws/build/my_ethernet_utils': CMAKE_PREFIX_PATH=${CMAKE_PREFIX_PATH}:/opt/ros/humble /usr/bin/cmake --install /home/shen/learn/ROS2/ethernet_ws/build/my_ethernet_utils
[8.107s] Level 1:colcon.colcon_core.environment:create_environment_scripts_only(my_ethernet_utils)
[8.108s] DEBUG:colcon.colcon_core.event_handler.log_command:Invoked command in '/home/shen/learn/ROS2/ethernet_ws/build/my_ethernet_utils' returned '0': CMAKE_PREFIX_PATH=${CMAKE_PREFIX_PATH}:/opt/ros/humble /usr/bin/cmake --install /home/shen/learn/ROS2/ethernet_ws/build/my_ethernet_utils
[8.122s] Level 1:colcon.colcon_core.environment:checking '/home/shen/learn/ROS2/ethernet_ws/install/my_ethernet_utils' for CMake module files
[8.123s] Level 1:colcon.colcon_core.environment:checking '/home/shen/learn/ROS2/ethernet_ws/install/my_ethernet_utils' for CMake config files
[8.123s] Level 1:colcon.colcon_core.shell:create_environment_hook('my_ethernet_utils', 'cmake_prefix_path')
[8.136s] INFO:colcon.colcon_core.shell:Creating environment hook '/home/shen/learn/ROS2/ethernet_ws/install/my_ethernet_utils/share/my_ethernet_utils/hook/cmake_prefix_path.ps1'
[8.136s] INFO:colcon.colcon_core.shell:Creating environment descriptor '/home/shen/learn/ROS2/ethernet_ws/install/my_ethernet_utils/share/my_ethernet_utils/hook/cmake_prefix_path.dsv'
[8.137s] INFO:colcon.colcon_core.shell:Creating environment hook '/home/shen/learn/ROS2/ethernet_ws/install/my_ethernet_utils/share/my_ethernet_utils/hook/cmake_prefix_path.sh'
[8.137s] Level 1:colcon.colcon_core.environment:checking '/home/shen/learn/ROS2/ethernet_ws/install/my_ethernet_utils/lib'
[8.137s] Level 1:colcon.colcon_core.environment:checking '/home/shen/learn/ROS2/ethernet_ws/install/my_ethernet_utils/bin'
[8.137s] Level 1:colcon.colcon_core.environment:checking '/home/shen/learn/ROS2/ethernet_ws/install/my_ethernet_utils/lib/pkgconfig/my_ethernet_utils.pc'
[8.138s] Level 1:colcon.colcon_core.environment:checking '/home/shen/learn/ROS2/ethernet_ws/install/my_ethernet_utils/lib/python3.10/site-packages'
[8.138s] Level 1:colcon.colcon_core.environment:checking '/home/shen/learn/ROS2/ethernet_ws/install/my_ethernet_utils/bin'
[8.151s] INFO:colcon.colcon_core.shell:Creating package script '/home/shen/learn/ROS2/ethernet_ws/install/my_ethernet_utils/share/my_ethernet_utils/package.ps1'
[8.152s] INFO:colcon.colcon_core.shell:Creating package descriptor '/home/shen/learn/ROS2/ethernet_ws/install/my_ethernet_utils/share/my_ethernet_utils/package.dsv'
[8.152s] INFO:colcon.colcon_core.shell:Creating package script '/home/shen/learn/ROS2/ethernet_ws/install/my_ethernet_utils/share/my_ethernet_utils/package.sh'
[8.153s] INFO:colcon.colcon_core.shell:Creating package script '/home/shen/learn/ROS2/ethernet_ws/install/my_ethernet_utils/share/my_ethernet_utils/package.bash'
[8.153s] INFO:colcon.colcon_core.shell:Creating package script '/home/shen/learn/ROS2/ethernet_ws/install/my_ethernet_utils/share/my_ethernet_utils/package.zsh'
[8.154s] Level 1:colcon.colcon_core.environment:create_file_with_runtime_dependencies(/home/shen/learn/ROS2/ethernet_ws/install/my_ethernet_utils/share/colcon-core/packages/my_ethernet_utils)
[8.211s] Level 1:colcon.colcon_core.environment:create_environment_scripts_only(my_ethernet_utils)
[8.224s] Level 1:colcon.colcon_core.environment:checking '/home/shen/learn/ROS2/ethernet_ws/install/my_ethernet_utils' for CMake module files
[8.224s] Level 1:colcon.colcon_core.environment:checking '/home/shen/learn/ROS2/ethernet_ws/install/my_ethernet_utils' for CMake config files
[8.224s] Level 1:colcon.colcon_core.shell:create_environment_hook('my_ethernet_utils', 'cmake_prefix_path')
[8.236s] INFO:colcon.colcon_core.shell:Creating environment hook '/home/shen/learn/ROS2/ethernet_ws/install/my_ethernet_utils/share/my_ethernet_utils/hook/cmake_prefix_path.ps1'
[8.237s] INFO:colcon.colcon_core.shell:Creating environment descriptor '/home/shen/learn/ROS2/ethernet_ws/install/my_ethernet_utils/share/my_ethernet_utils/hook/cmake_prefix_path.dsv'
[8.237s] INFO:colcon.colcon_core.shell:Creating environment hook '/home/shen/learn/ROS2/ethernet_ws/install/my_ethernet_utils/share/my_ethernet_utils/hook/cmake_prefix_path.sh'
[8.237s] Level 1:colcon.colcon_core.environment:checking '/home/shen/learn/ROS2/ethernet_ws/install/my_ethernet_utils/lib'
[8.237s] Level 1:colcon.colcon_core.environment:checking '/home/shen/learn/ROS2/ethernet_ws/install/my_ethernet_utils/bin'
[8.237s] Level 1:colcon.colcon_core.environment:checking '/home/shen/learn/ROS2/ethernet_ws/install/my_ethernet_utils/lib/pkgconfig/my_ethernet_utils.pc'
[8.238s] Level 1:colcon.colcon_core.environment:checking '/home/shen/learn/ROS2/ethernet_ws/install/my_ethernet_utils/lib/python3.10/site-packages'
[8.238s] Level 1:colcon.colcon_core.environment:checking '/home/shen/learn/ROS2/ethernet_ws/install/my_ethernet_utils/bin'
[8.250s] INFO:colcon.colcon_core.shell:Creating package script '/home/shen/learn/ROS2/ethernet_ws/install/my_ethernet_utils/share/my_ethernet_utils/package.ps1'
[8.251s] INFO:colcon.colcon_core.shell:Creating package descriptor '/home/shen/learn/ROS2/ethernet_ws/install/my_ethernet_utils/share/my_ethernet_utils/package.dsv'
[8.251s] INFO:colcon.colcon_core.shell:Creating package script '/home/shen/learn/ROS2/ethernet_ws/install/my_ethernet_utils/share/my_ethernet_utils/package.sh'
[8.251s] INFO:colcon.colcon_core.shell:Creating package script '/home/shen/learn/ROS2/ethernet_ws/install/my_ethernet_utils/share/my_ethernet_utils/package.bash'
[8.252s] INFO:colcon.colcon_core.shell:Creating package script '/home/shen/learn/ROS2/ethernet_ws/install/my_ethernet_utils/share/my_ethernet_utils/package.zsh'
[8.252s] Level 1:colcon.colcon_core.environment:create_file_with_runtime_dependencies(/home/shen/learn/ROS2/ethernet_ws/install/my_ethernet_utils/share/colcon-core/packages/my_ethernet_utils)
[8.252s] DEBUG:colcon.colcon_parallel_executor.executor.parallel:closing loop
[8.252s] DEBUG:colcon.colcon_parallel_executor.executor.parallel:loop closed
[8.252s] DEBUG:colcon.colcon_parallel_executor.executor.parallel:run_until_complete finished with '0'
[8.252s] DEBUG:colcon.colcon_core.event_reactor:joining thread
[8.307s] INFO:colcon.colcon_core.plugin_system:Skipping extension 'colcon_notification.desktop_notification.terminal_notifier': Not used on non-Darwin systems
[8.307s] INFO:colcon.colcon_core.plugin_system:Skipping extension 'colcon_notification.desktop_notification.win32': Not used on non-Windows systems
[8.308s] INFO:colcon.colcon_notification.desktop_notification:Sending desktop notification using 'notify2'
[8.321s] DEBUG:colcon.colcon_core.event_reactor:joined thread
[8.338s] INFO:colcon.colcon_core.shell:Creating prefix script '/home/shen/learn/ROS2/ethernet_ws/install/local_setup.ps1'
[8.338s] INFO:colcon.colcon_core.shell:Creating prefix util module '/home/shen/learn/ROS2/ethernet_ws/install/_local_setup_util_ps1.py'
[8.340s] INFO:colcon.colcon_core.shell:Creating prefix chain script '/home/shen/learn/ROS2/ethernet_ws/install/setup.ps1'
[8.353s] INFO:colcon.colcon_core.shell:Creating prefix script '/home/shen/learn/ROS2/ethernet_ws/install/local_setup.sh'
[8.353s] INFO:colcon.colcon_core.shell:Creating prefix util module '/home/shen/learn/ROS2/ethernet_ws/install/_local_setup_util_sh.py'
[8.354s] INFO:colcon.colcon_core.shell:Creating prefix chain script '/home/shen/learn/ROS2/ethernet_ws/install/setup.sh'
[8.367s] INFO:colcon.colcon_core.shell:Creating prefix script '/home/shen/learn/ROS2/ethernet_ws/install/local_setup.bash'
[8.367s] INFO:colcon.colcon_core.shell:Creating prefix chain script '/home/shen/learn/ROS2/ethernet_ws/install/setup.bash'
[8.380s] INFO:colcon.colcon_core.shell:Creating prefix script '/home/shen/learn/ROS2/ethernet_ws/install/local_setup.zsh'
[8.381s] INFO:colcon.colcon_core.shell:Creating prefix chain script '/home/shen/learn/ROS2/ethernet_ws/install/setup.zsh'
