[35m[1mConsolidate compiler generated dependencies of target reader[0m
[ 50%] [32mBuilding CXX object CMakeFiles/reader.dir/src/reader.cpp.o[0m
In file included from [01m[K/opt/ros/humble/include/rclcpp/rclcpp/logging.hpp:24[m[K,
                 from [01m[K/opt/ros/humble/include/rclcpp/rclcpp/client.hpp:40[m[K,
                 from [01m[K/opt/ros/humble/include/rclcpp/rclcpp/callback_group.hpp:24[m[K,
                 from [01m[K/opt/ros/humble/include/rclcpp/rclcpp/any_executable.hpp:20[m[K,
                 from [01m[K/opt/ros/humble/include/rclcpp/rclcpp/memory_strategy.hpp:25[m[K,
                 from [01m[K/opt/ros/humble/include/rclcpp/rclcpp/memory_strategies.hpp:18[m[K,
                 from [01m[K/opt/ros/humble/include/rclcpp/rclcpp/executor_options.hpp:20[m[K,
                 from [01m[K/opt/ros/humble/include/rclcpp/rclcpp/executor.hpp:37[m[K,
                 from [01m[K/opt/ros/humble/include/rclcpp/rclcpp/executors/multi_threaded_executor.hpp:25[m[K,
                 from [01m[K/opt/ros/humble/include/rclcpp/rclcpp/executors.hpp:21[m[K,
                 from [01m[K/opt/ros/humble/include/rclcpp/rclcpp/rclcpp.hpp:155[m[K,
                 from [01m[K/home/shen/learn/ROS2/yaml_ws/src/read_yaml/src/reader.cpp:1[m[K:
[01m[K/home/shen/learn/ROS2/yaml_ws/src/read_yaml/src/reader.cpp:[m[K In constructor ‘[01m[KReader::Reader()[m[K’:
[01m[K/home/shen/learn/ROS2/yaml_ws/src/read_yaml/src/reader.cpp:16:41:[m[K [01;35m[Kwarning: [m[Kformat ‘[01m[K%s[m[K’ expects argument of type ‘[01m[Kchar*[m[K’, but argument 6 has type ‘[01m[Kstd::__cxx11::basic_string<char>[m[K’ [[01;35m[K]8;;https://gcc.gnu.org/onlinedocs/gcc/Warning-Options.html#index-Wformat=-Wformat=]8;;[m[K]
   16 |         RCLCPP_INFO(this->get_logger(), [01;35m[K"name: %s, type: %s"[m[K, config["name"].as<std::string>().c_str(), [32m[Kconfig["type"].as<std::string>()[m[K);
      |                                         [01;35m[K^~~~~~~~~~~~~~~~~~~~[m[K                                            [32m[K~~~~~~~~~~~~~~~~~~~~~~~~~~~~~~~~[m[K
      |                                                                                                                                       [32m[K|[m[K
      |                                                                                                                                       [32m[Kstd::__cxx11::basic_string<char>[m[K
[01m[K/home/shen/learn/ROS2/yaml_ws/src/read_yaml/src/reader.cpp:16:59:[m[K [01;36m[Knote: [m[Kformat string is defined here
   16 |         RCLCPP_INFO(this->get_logger(), "name: %s, type: [01;36m[K%s[m[K", config["name"].as<std::string>().c_str(), config["type"].as<std::string>());
      |                                                          [01;36m[K~^[m[K
      |                                                           [01;36m[K|[m[K
      |                                                           [01;36m[Kchar*[m[K
[100%] [32m[1mLinking CXX executable reader[0m
[100%] Built target reader
-- Install configuration: ""
-- Installing: /home/shen/learn/ROS2/yaml_ws/install/read_yaml/lib/read_yaml/reader
-- Set runtime path of "/home/shen/learn/ROS2/yaml_ws/install/read_yaml/lib/read_yaml/reader" to ""
-- Up-to-date: /home/shen/learn/ROS2/yaml_ws/install/read_yaml/share/ament_index/resource_index/package_run_dependencies/read_yaml
-- Up-to-date: /home/shen/learn/ROS2/yaml_ws/install/read_yaml/share/ament_index/resource_index/parent_prefix_path/read_yaml
-- Up-to-date: /home/shen/learn/ROS2/yaml_ws/install/read_yaml/share/read_yaml/environment/ament_prefix_path.sh
-- Up-to-date: /home/shen/learn/ROS2/yaml_ws/install/read_yaml/share/read_yaml/environment/ament_prefix_path.dsv
-- Up-to-date: /home/shen/learn/ROS2/yaml_ws/install/read_yaml/share/read_yaml/environment/path.sh
-- Up-to-date: /home/shen/learn/ROS2/yaml_ws/install/read_yaml/share/read_yaml/environment/path.dsv
-- Up-to-date: /home/shen/learn/ROS2/yaml_ws/install/read_yaml/share/read_yaml/local_setup.bash
-- Up-to-date: /home/shen/learn/ROS2/yaml_ws/install/read_yaml/share/read_yaml/local_setup.sh
-- Up-to-date: /home/shen/learn/ROS2/yaml_ws/install/read_yaml/share/read_yaml/local_setup.zsh
-- Up-to-date: /home/shen/learn/ROS2/yaml_ws/install/read_yaml/share/read_yaml/local_setup.dsv
-- Installing: /home/shen/learn/ROS2/yaml_ws/install/read_yaml/share/read_yaml/package.dsv
-- Up-to-date: /home/shen/learn/ROS2/yaml_ws/install/read_yaml/share/ament_index/resource_index/packages/read_yaml
-- Up-to-date: /home/shen/learn/ROS2/yaml_ws/install/read_yaml/share/read_yaml/cmake/read_yamlConfig.cmake
-- Up-to-date: /home/shen/learn/ROS2/yaml_ws/install/read_yaml/share/read_yaml/cmake/read_yamlConfig-version.cmake
-- Up-to-date: /home/shen/learn/ROS2/yaml_ws/install/read_yaml/share/read_yaml/package.xml
