-- Found ament_cmake: 1.3.6 (/opt/ros/humble/share/ament_cmake/cmake)
-- Found rclcpp: 16.0.7 (/opt/ros/humble/share/rclcpp/cmake)
-- Found rosidl_generator_c: 3.1.5 (/opt/ros/humble/share/rosidl_generator_c/cmake)
-- Found rosidl_adapter: 3.1.5 (/opt/ros/humble/share/rosidl_adapter/cmake)
-- Found rosidl_generator_cpp: 3.1.5 (/opt/ros/humble/share/rosidl_generator_cpp/cmake)
-- Using all available rosidl_typesupport_c: rosidl_typesupport_fastrtps_c;rosidl_typesupport_introspection_c
-- Using all available rosidl_typesupport_cpp: rosidl_typesupport_fastrtps_cpp;rosidl_typesupport_introspection_cpp
-- Found rmw_implementation_cmake: 6.1.1 (/opt/ros/humble/share/rmw_implementation_cmake/cmake)
-- Found rmw_fastrtps_cpp: 6.2.5 (/opt/ros/humble/share/rmw_fastrtps_cpp/cmake)
-- Using RMW implementation 'rmw_fastrtps_cpp' as default
-- Found ament_lint_auto: 0.12.9 (/opt/ros/humble/share/ament_lint_auto/cmake)
-- Added test 'cppcheck' to perform static code analysis on C / C++ code
-- Configured cppcheck include dirs: 
-- Configured cppcheck exclude dirs and/or files: 
-- Added test 'lint_cmake' to check CMake code style
-- Added test 'uncrustify' to check C / C++ code style
-- Configured uncrustify additional arguments: 
-- Added test 'xmllint' to check XML markup files
-- Configuring done
-- Generating done
-- Build files have been written to: /home/shen/learn/ROS2/yaml_ws/build/read_yaml
[35m[1mConsolidate compiler generated dependencies of target reader[0m
[ 50%] [32mBuilding CXX object CMakeFiles/reader.dir/src/reader.cpp.o[0m
[100%] [32m[1mLinking CXX executable reader[0m
[100%] Built target reader
-- Install configuration: ""
-- Installing: /home/shen/learn/ROS2/yaml_ws/install/read_yaml/lib/read_yaml/reader
-- Set runtime path of "/home/shen/learn/ROS2/yaml_ws/install/read_yaml/lib/read_yaml/reader" to ""
-- Installing: /home/shen/learn/ROS2/yaml_ws/install/read_yaml/share/ament_index/resource_index/package_run_dependencies/read_yaml
-- Installing: /home/shen/learn/ROS2/yaml_ws/install/read_yaml/share/ament_index/resource_index/parent_prefix_path/read_yaml
-- Installing: /home/shen/learn/ROS2/yaml_ws/install/read_yaml/share/read_yaml/environment/ament_prefix_path.sh
-- Installing: /home/shen/learn/ROS2/yaml_ws/install/read_yaml/share/read_yaml/environment/ament_prefix_path.dsv
-- Installing: /home/shen/learn/ROS2/yaml_ws/install/read_yaml/share/read_yaml/environment/path.sh
-- Installing: /home/shen/learn/ROS2/yaml_ws/install/read_yaml/share/read_yaml/environment/path.dsv
-- Installing: /home/shen/learn/ROS2/yaml_ws/install/read_yaml/share/read_yaml/local_setup.bash
-- Installing: /home/shen/learn/ROS2/yaml_ws/install/read_yaml/share/read_yaml/local_setup.sh
-- Installing: /home/shen/learn/ROS2/yaml_ws/install/read_yaml/share/read_yaml/local_setup.zsh
-- Installing: /home/shen/learn/ROS2/yaml_ws/install/read_yaml/share/read_yaml/local_setup.dsv
-- Installing: /home/shen/learn/ROS2/yaml_ws/install/read_yaml/share/read_yaml/package.dsv
-- Installing: /home/shen/learn/ROS2/yaml_ws/install/read_yaml/share/ament_index/resource_index/packages/read_yaml
-- Installing: /home/shen/learn/ROS2/yaml_ws/install/read_yaml/share/read_yaml/cmake/read_yamlConfig.cmake
-- Installing: /home/shen/learn/ROS2/yaml_ws/install/read_yaml/share/read_yaml/cmake/read_yamlConfig-version.cmake
-- Installing: /home/shen/learn/ROS2/yaml_ws/install/read_yaml/share/read_yaml/package.xml
