[0.057s] Invoking command in '/home/shen/learn/ROS2/yaml_ws/build/read_yaml': CMAKE_PREFIX_PATH=/opt/ros/humble /usr/bin/cmake --build /home/shen/learn/ROS2/yaml_ws/build/read_yaml -- -j16 -l16
[0.087s] -- Found ament_cmake: 1.3.6 (/opt/ros/humble/share/ament_cmake/cmake)
[0.269s] -- Found rclcpp: 16.0.7 (/opt/ros/humble/share/rclcpp/cmake)
[0.342s] -- Found rosidl_generator_c: 3.1.5 (/opt/ros/humble/share/rosidl_generator_c/cmake)
[0.346s] -- Found rosidl_adapter: 3.1.5 (/opt/ros/humble/share/rosidl_adapter/cmake)
[0.351s] -- Found rosidl_generator_cpp: 3.1.5 (/opt/ros/humble/share/rosidl_generator_cpp/cmake)
[0.361s] -- Using all available rosidl_typesupport_c: rosidl_typesupport_fastrtps_c;rosidl_typesupport_introspection_c
[0.376s] -- Using all available rosidl_typesupport_cpp: rosidl_typesupport_fastrtps_cpp;rosidl_typesupport_introspection_cpp
[0.429s] -- Found rmw_implementation_cmake: 6.1.1 (/opt/ros/humble/share/rmw_implementation_cmake/cmake)
[0.430s] -- Found rmw_fastrtps_cpp: 6.2.5 (/opt/ros/humble/share/rmw_fastrtps_cpp/cmake)
[0.562s] -- Using RMW implementation 'rmw_fastrtps_cpp' as default
[0.703s] -- Found ament_lint_auto: 0.12.9 (/opt/ros/humble/share/ament_lint_auto/cmake)
[0.788s] -- Added test 'cppcheck' to perform static code analysis on C / C++ code
[0.788s] -- Configured cppcheck include dirs: 
[0.788s] -- Configured cppcheck exclude dirs and/or files: 
[0.789s] -- Added test 'lint_cmake' to check CMake code style
[0.790s] -- Added test 'uncrustify' to check C / C++ code style
[0.790s] -- Configured uncrustify additional arguments: 
[0.790s] -- Added test 'xmllint' to check XML markup files
[0.791s] -- Configuring done
[0.799s] -- Generating done
[0.801s] -- Build files have been written to: /home/shen/learn/ROS2/yaml_ws/build/read_yaml
[0.840s] [35m[1mConsolidate compiler generated dependencies of target reader[0m
[0.875s] [ 50%] [32mBuilding CXX object CMakeFiles/reader.dir/src/reader.cpp.o[0m
[3.558s] [100%] [32m[1mLinking CXX executable reader[0m
[3.724s] [100%] Built target reader
[3.749s] Invoked command in '/home/shen/learn/ROS2/yaml_ws/build/read_yaml' returned '0': CMAKE_PREFIX_PATH=/opt/ros/humble /usr/bin/cmake --build /home/shen/learn/ROS2/yaml_ws/build/read_yaml -- -j16 -l16
[3.811s] Invoking command in '/home/shen/learn/ROS2/yaml_ws/build/read_yaml': CMAKE_PREFIX_PATH=/opt/ros/humble /usr/bin/cmake --install /home/shen/learn/ROS2/yaml_ws/build/read_yaml
[3.818s] -- Install configuration: ""
[3.818s] -- Installing: /home/shen/learn/ROS2/yaml_ws/install/read_yaml/lib/read_yaml/reader
[3.819s] -- Set runtime path of "/home/shen/learn/ROS2/yaml_ws/install/read_yaml/lib/read_yaml/reader" to ""
[3.819s] -- Installing: /home/shen/learn/ROS2/yaml_ws/install/read_yaml/share/ament_index/resource_index/package_run_dependencies/read_yaml
[3.819s] -- Installing: /home/shen/learn/ROS2/yaml_ws/install/read_yaml/share/ament_index/resource_index/parent_prefix_path/read_yaml
[3.819s] -- Installing: /home/shen/learn/ROS2/yaml_ws/install/read_yaml/share/read_yaml/environment/ament_prefix_path.sh
[3.819s] -- Installing: /home/shen/learn/ROS2/yaml_ws/install/read_yaml/share/read_yaml/environment/ament_prefix_path.dsv
[3.820s] -- Installing: /home/shen/learn/ROS2/yaml_ws/install/read_yaml/share/read_yaml/environment/path.sh
[3.820s] -- Installing: /home/shen/learn/ROS2/yaml_ws/install/read_yaml/share/read_yaml/environment/path.dsv
[3.820s] -- Installing: /home/shen/learn/ROS2/yaml_ws/install/read_yaml/share/read_yaml/local_setup.bash
[3.820s] -- Installing: /home/shen/learn/ROS2/yaml_ws/install/read_yaml/share/read_yaml/local_setup.sh
[3.820s] -- Installing: /home/shen/learn/ROS2/yaml_ws/install/read_yaml/share/read_yaml/local_setup.zsh
[3.820s] -- Installing: /home/shen/learn/ROS2/yaml_ws/install/read_yaml/share/read_yaml/local_setup.dsv
[3.821s] -- Installing: /home/shen/learn/ROS2/yaml_ws/install/read_yaml/share/read_yaml/package.dsv
[3.821s] -- Installing: /home/shen/learn/ROS2/yaml_ws/install/read_yaml/share/ament_index/resource_index/packages/read_yaml
[3.821s] -- Installing: /home/shen/learn/ROS2/yaml_ws/install/read_yaml/share/read_yaml/cmake/read_yamlConfig.cmake
[3.821s] -- Installing: /home/shen/learn/ROS2/yaml_ws/install/read_yaml/share/read_yaml/cmake/read_yamlConfig-version.cmake
[3.821s] -- Installing: /home/shen/learn/ROS2/yaml_ws/install/read_yaml/share/read_yaml/package.xml
[3.825s] Invoked command in '/home/shen/learn/ROS2/yaml_ws/build/read_yaml' returned '0': CMAKE_PREFIX_PATH=/opt/ros/humble /usr/bin/cmake --install /home/shen/learn/ROS2/yaml_ws/build/read_yaml
