[0.836s] DEBUG:colcon:Command line arguments: ['/usr/bin/colcon', 'build']
[0.836s] DEBUG:colcon:Parsed command line arguments: Namespace(log_base=None, log_level=None, verb_name='build', build_base='build', install_base='install', merge_install=False, symlink_install=False, test_result_base=None, continue_on_error=False, executor='parallel', parallel_workers=16, event_handlers=None, ignore_user_meta=False, metas=['./colcon.meta'], base_paths=['.'], packages_ignore=None, packages_ignore_regex=None, paths=None, packages_up_to=None, packages_up_to_regex=None, packages_above=None, packages_above_and_dependencies=None, packages_above_depth=None, packages_select_by_dep=None, packages_skip_by_dep=None, packages_skip_up_to=None, packages_select_build_failed=False, packages_skip_build_finished=False, packages_select_test_failures=False, packages_skip_test_passed=False, packages_select=None, packages_skip=None, packages_select_regex=None, packages_skip_regex=None, packages_start=None, packages_end=None, allow_overriding=[], cmake_args=None, cmake_target=None, cmake_target_skip_unavailable=False, cmake_clean_cache=False, cmake_clean_first=False, cmake_force_configure=False, ament_cmake_args=None, catkin_cmake_args=None, catkin_skip_building_tests=False, verb_parser=<colcon_defaults.argument_parser.defaults.DefaultArgumentsDecorator object at 0x736fa04b2fe0>, verb_extension=<colcon_core.verb.build.BuildVerb object at 0x736fa08df550>, main=<bound method BuildVerb.main of <colcon_core.verb.build.BuildVerb object at 0x736fa08df550>>)
[0.876s] Level 1:colcon.colcon_core.package_discovery:discover_packages(colcon_meta) check parameters
[0.876s] Level 1:colcon.colcon_core.package_discovery:discover_packages(recursive) check parameters
[0.876s] Level 1:colcon.colcon_core.package_discovery:discover_packages(ignore) check parameters
[0.876s] Level 1:colcon.colcon_core.package_discovery:discover_packages(path) check parameters
[0.876s] Level 1:colcon.colcon_core.package_discovery:discover_packages(colcon_meta) discover
[0.876s] Level 1:colcon.colcon_core.package_discovery:discover_packages(recursive) discover
[0.876s] INFO:colcon.colcon_core.package_discovery:Crawling recursively for packages in '/home/shen/learn/ROS2/ars408_ws'
[0.876s] Level 1:colcon.colcon_core.package_identification:_identify(.) by extensions ['ignore', 'ignore_ament_install']
[0.876s] Level 1:colcon.colcon_core.package_identification:_identify(.) by extension 'ignore'
[0.876s] Level 1:colcon.colcon_core.package_identification:_identify(.) by extension 'ignore_ament_install'
[0.876s] Level 1:colcon.colcon_core.package_identification:_identify(.) by extensions ['colcon_pkg']
[0.876s] Level 1:colcon.colcon_core.package_identification:_identify(.) by extension 'colcon_pkg'
[0.876s] Level 1:colcon.colcon_core.package_identification:_identify(.) by extensions ['colcon_meta']
[0.876s] Level 1:colcon.colcon_core.package_identification:_identify(.) by extension 'colcon_meta'
[0.876s] Level 1:colcon.colcon_core.package_identification:_identify(.) by extensions ['ros']
[0.876s] Level 1:colcon.colcon_core.package_identification:_identify(.) by extension 'ros'
[0.886s] Level 1:colcon.colcon_core.package_identification:_identify(.) by extensions ['cmake', 'python']
[0.886s] Level 1:colcon.colcon_core.package_identification:_identify(.) by extension 'cmake'
[0.886s] Level 1:colcon.colcon_core.package_identification:_identify(.) by extension 'python'
[0.886s] Level 1:colcon.colcon_core.package_identification:_identify(.) by extensions ['python_setup_py']
[0.886s] Level 1:colcon.colcon_core.package_identification:_identify(.) by extension 'python_setup_py'
[0.886s] Level 1:colcon.colcon_core.package_identification:_identify(build) by extensions ['ignore', 'ignore_ament_install']
[0.886s] Level 1:colcon.colcon_core.package_identification:_identify(build) by extension 'ignore'
[0.886s] Level 1:colcon.colcon_core.package_identification:_identify(build) ignored
[0.886s] Level 1:colcon.colcon_core.package_identification:_identify(install) by extensions ['ignore', 'ignore_ament_install']
[0.886s] Level 1:colcon.colcon_core.package_identification:_identify(install) by extension 'ignore'
[0.886s] Level 1:colcon.colcon_core.package_identification:_identify(install) ignored
[0.887s] Level 1:colcon.colcon_core.package_identification:_identify(log) by extensions ['ignore', 'ignore_ament_install']
[0.887s] Level 1:colcon.colcon_core.package_identification:_identify(log) by extension 'ignore'
[0.887s] Level 1:colcon.colcon_core.package_identification:_identify(log) ignored
[0.887s] Level 1:colcon.colcon_core.package_identification:_identify(src) by extensions ['ignore', 'ignore_ament_install']
[0.887s] Level 1:colcon.colcon_core.package_identification:_identify(src) by extension 'ignore'
[0.887s] Level 1:colcon.colcon_core.package_identification:_identify(src) by extension 'ignore_ament_install'
[0.887s] Level 1:colcon.colcon_core.package_identification:_identify(src) by extensions ['colcon_pkg']
[0.887s] Level 1:colcon.colcon_core.package_identification:_identify(src) by extension 'colcon_pkg'
[0.887s] Level 1:colcon.colcon_core.package_identification:_identify(src) by extensions ['colcon_meta']
[0.887s] Level 1:colcon.colcon_core.package_identification:_identify(src) by extension 'colcon_meta'
[0.887s] Level 1:colcon.colcon_core.package_identification:_identify(src) by extensions ['ros']
[0.887s] Level 1:colcon.colcon_core.package_identification:_identify(src) by extension 'ros'
[0.887s] Level 1:colcon.colcon_core.package_identification:_identify(src) by extensions ['cmake', 'python']
[0.887s] Level 1:colcon.colcon_core.package_identification:_identify(src) by extension 'cmake'
[0.887s] Level 1:colcon.colcon_core.package_identification:_identify(src) by extension 'python'
[0.887s] Level 1:colcon.colcon_core.package_identification:_identify(src) by extensions ['python_setup_py']
[0.887s] Level 1:colcon.colcon_core.package_identification:_identify(src) by extension 'python_setup_py'
[0.887s] Level 1:colcon.colcon_core.package_identification:_identify(src/ars408_driver) by extensions ['ignore', 'ignore_ament_install']
[0.887s] Level 1:colcon.colcon_core.package_identification:_identify(src/ars408_driver) by extension 'ignore'
[0.887s] Level 1:colcon.colcon_core.package_identification:_identify(src/ars408_driver) by extension 'ignore_ament_install'
[0.887s] Level 1:colcon.colcon_core.package_identification:_identify(src/ars408_driver) by extensions ['colcon_pkg']
[0.887s] Level 1:colcon.colcon_core.package_identification:_identify(src/ars408_driver) by extension 'colcon_pkg'
[0.888s] Level 1:colcon.colcon_core.package_identification:_identify(src/ars408_driver) by extensions ['colcon_meta']
[0.888s] Level 1:colcon.colcon_core.package_identification:_identify(src/ars408_driver) by extension 'colcon_meta'
[0.888s] Level 1:colcon.colcon_core.package_identification:_identify(src/ars408_driver) by extensions ['ros']
[0.888s] Level 1:colcon.colcon_core.package_identification:_identify(src/ars408_driver) by extension 'ros'
[0.890s] DEBUG:colcon.colcon_core.package_identification:Package 'src/ars408_driver' with type 'ros.ament_cmake' and name 'pe_ars408_ros'
[0.890s] Level 1:colcon.colcon_core.package_identification:_identify(src/ros2_socketcan) by extensions ['ignore', 'ignore_ament_install']
[0.890s] Level 1:colcon.colcon_core.package_identification:_identify(src/ros2_socketcan) by extension 'ignore'
[0.890s] Level 1:colcon.colcon_core.package_identification:_identify(src/ros2_socketcan) by extension 'ignore_ament_install'
[0.890s] Level 1:colcon.colcon_core.package_identification:_identify(src/ros2_socketcan) by extensions ['colcon_pkg']
[0.890s] Level 1:colcon.colcon_core.package_identification:_identify(src/ros2_socketcan) by extension 'colcon_pkg'
[0.890s] Level 1:colcon.colcon_core.package_identification:_identify(src/ros2_socketcan) by extensions ['colcon_meta']
[0.890s] Level 1:colcon.colcon_core.package_identification:_identify(src/ros2_socketcan) by extension 'colcon_meta'
[0.891s] Level 1:colcon.colcon_core.package_identification:_identify(src/ros2_socketcan) by extensions ['ros']
[0.891s] Level 1:colcon.colcon_core.package_identification:_identify(src/ros2_socketcan) by extension 'ros'
[0.891s] Level 1:colcon.colcon_core.package_identification:_identify(src/ros2_socketcan) by extensions ['cmake', 'python']
[0.891s] Level 1:colcon.colcon_core.package_identification:_identify(src/ros2_socketcan) by extension 'cmake'
[0.891s] Level 1:colcon.colcon_core.package_identification:_identify(src/ros2_socketcan) by extension 'python'
[0.891s] Level 1:colcon.colcon_core.package_identification:_identify(src/ros2_socketcan) by extensions ['python_setup_py']
[0.891s] Level 1:colcon.colcon_core.package_identification:_identify(src/ros2_socketcan) by extension 'python_setup_py'
[0.891s] Level 1:colcon.colcon_core.package_identification:_identify(src/ros2_socketcan/ros2_socketcan) by extensions ['ignore', 'ignore_ament_install']
[0.891s] Level 1:colcon.colcon_core.package_identification:_identify(src/ros2_socketcan/ros2_socketcan) by extension 'ignore'
[0.891s] Level 1:colcon.colcon_core.package_identification:_identify(src/ros2_socketcan/ros2_socketcan) by extension 'ignore_ament_install'
[0.891s] Level 1:colcon.colcon_core.package_identification:_identify(src/ros2_socketcan/ros2_socketcan) by extensions ['colcon_pkg']
[0.891s] Level 1:colcon.colcon_core.package_identification:_identify(src/ros2_socketcan/ros2_socketcan) by extension 'colcon_pkg'
[0.891s] Level 1:colcon.colcon_core.package_identification:_identify(src/ros2_socketcan/ros2_socketcan) by extensions ['colcon_meta']
[0.891s] Level 1:colcon.colcon_core.package_identification:_identify(src/ros2_socketcan/ros2_socketcan) by extension 'colcon_meta'
[0.891s] Level 1:colcon.colcon_core.package_identification:_identify(src/ros2_socketcan/ros2_socketcan) by extensions ['ros']
[0.891s] Level 1:colcon.colcon_core.package_identification:_identify(src/ros2_socketcan/ros2_socketcan) by extension 'ros'
[0.892s] DEBUG:colcon.colcon_core.package_identification:Package 'src/ros2_socketcan/ros2_socketcan' with type 'ros.ament_cmake' and name 'ros2_socketcan'
[0.892s] Level 1:colcon.colcon_core.package_identification:_identify(src/ros2_socketcan/ros2_socketcan_msgs) by extensions ['ignore', 'ignore_ament_install']
[0.892s] Level 1:colcon.colcon_core.package_identification:_identify(src/ros2_socketcan/ros2_socketcan_msgs) by extension 'ignore'
[0.892s] Level 1:colcon.colcon_core.package_identification:_identify(src/ros2_socketcan/ros2_socketcan_msgs) by extension 'ignore_ament_install'
[0.892s] Level 1:colcon.colcon_core.package_identification:_identify(src/ros2_socketcan/ros2_socketcan_msgs) by extensions ['colcon_pkg']
[0.892s] Level 1:colcon.colcon_core.package_identification:_identify(src/ros2_socketcan/ros2_socketcan_msgs) by extension 'colcon_pkg'
[0.892s] Level 1:colcon.colcon_core.package_identification:_identify(src/ros2_socketcan/ros2_socketcan_msgs) by extensions ['colcon_meta']
[0.892s] Level 1:colcon.colcon_core.package_identification:_identify(src/ros2_socketcan/ros2_socketcan_msgs) by extension 'colcon_meta'
[0.892s] Level 1:colcon.colcon_core.package_identification:_identify(src/ros2_socketcan/ros2_socketcan_msgs) by extensions ['ros']
[0.892s] Level 1:colcon.colcon_core.package_identification:_identify(src/ros2_socketcan/ros2_socketcan_msgs) by extension 'ros'
[0.893s] DEBUG:colcon.colcon_core.package_identification:Package 'src/ros2_socketcan/ros2_socketcan_msgs' with type 'ros.ament_cmake' and name 'ros2_socketcan_msgs'
[0.893s] Level 1:colcon.colcon_core.package_discovery:discover_packages(recursive) using defaults
[0.893s] Level 1:colcon.colcon_core.package_discovery:discover_packages(ignore) discover
[0.893s] Level 1:colcon.colcon_core.package_discovery:discover_packages(ignore) using defaults
[0.893s] Level 1:colcon.colcon_core.package_discovery:discover_packages(path) discover
[0.893s] Level 1:colcon.colcon_core.package_discovery:discover_packages(path) using defaults
[0.972s] Level 1:colcon.colcon_core.package_discovery:discover_packages(prefix_path) check parameters
[0.972s] Level 1:colcon.colcon_core.package_discovery:discover_packages(prefix_path) discover
[0.997s] DEBUG:colcon.colcon_installed_package_information.package_discovery:Found 1 installed packages in /home/shen/learn/ROS2/ars408_ws/install
[1.011s] DEBUG:colcon.colcon_installed_package_information.package_discovery:Found 341 installed packages in /opt/ros/humble
[1.012s] Level 1:colcon.colcon_core.package_discovery:discover_packages(prefix_path) using defaults
[1.103s] Level 5:colcon.colcon_core.verb:set package 'ros2_socketcan_msgs' build argument 'cmake_args' from command line to 'None'
[1.103s] Level 5:colcon.colcon_core.verb:set package 'ros2_socketcan_msgs' build argument 'cmake_target' from command line to 'None'
[1.103s] Level 5:colcon.colcon_core.verb:set package 'ros2_socketcan_msgs' build argument 'cmake_target_skip_unavailable' from command line to 'False'
[1.103s] Level 5:colcon.colcon_core.verb:set package 'ros2_socketcan_msgs' build argument 'cmake_clean_cache' from command line to 'False'
[1.103s] Level 5:colcon.colcon_core.verb:set package 'ros2_socketcan_msgs' build argument 'cmake_clean_first' from command line to 'False'
[1.103s] Level 5:colcon.colcon_core.verb:set package 'ros2_socketcan_msgs' build argument 'cmake_force_configure' from command line to 'False'
[1.103s] Level 5:colcon.colcon_core.verb:set package 'ros2_socketcan_msgs' build argument 'ament_cmake_args' from command line to 'None'
[1.103s] Level 5:colcon.colcon_core.verb:set package 'ros2_socketcan_msgs' build argument 'catkin_cmake_args' from command line to 'None'
[1.103s] Level 5:colcon.colcon_core.verb:set package 'ros2_socketcan_msgs' build argument 'catkin_skip_building_tests' from command line to 'False'
[1.103s] DEBUG:colcon.colcon_core.verb:Building package 'ros2_socketcan_msgs' with the following arguments: {'ament_cmake_args': None, 'build_base': '/home/shen/learn/ROS2/ars408_ws/build/ros2_socketcan_msgs', 'catkin_cmake_args': None, 'catkin_skip_building_tests': False, 'cmake_args': None, 'cmake_clean_cache': False, 'cmake_clean_first': False, 'cmake_force_configure': False, 'cmake_target': None, 'cmake_target_skip_unavailable': False, 'install_base': '/home/shen/learn/ROS2/ars408_ws/install/ros2_socketcan_msgs', 'merge_install': False, 'path': '/home/shen/learn/ROS2/ars408_ws/src/ros2_socketcan/ros2_socketcan_msgs', 'symlink_install': False, 'test_result_base': None}
[1.115s] Level 5:colcon.colcon_core.verb:set package 'ros2_socketcan' build argument 'cmake_args' from command line to 'None'
[1.115s] Level 5:colcon.colcon_core.verb:set package 'ros2_socketcan' build argument 'cmake_target' from command line to 'None'
[1.116s] Level 5:colcon.colcon_core.verb:set package 'ros2_socketcan' build argument 'cmake_target_skip_unavailable' from command line to 'False'
[1.116s] Level 5:colcon.colcon_core.verb:set package 'ros2_socketcan' build argument 'cmake_clean_cache' from command line to 'False'
[1.116s] Level 5:colcon.colcon_core.verb:set package 'ros2_socketcan' build argument 'cmake_clean_first' from command line to 'False'
[1.116s] Level 5:colcon.colcon_core.verb:set package 'ros2_socketcan' build argument 'cmake_force_configure' from command line to 'False'
[1.116s] Level 5:colcon.colcon_core.verb:set package 'ros2_socketcan' build argument 'ament_cmake_args' from command line to 'None'
[1.116s] Level 5:colcon.colcon_core.verb:set package 'ros2_socketcan' build argument 'catkin_cmake_args' from command line to 'None'
[1.116s] Level 5:colcon.colcon_core.verb:set package 'ros2_socketcan' build argument 'catkin_skip_building_tests' from command line to 'False'
[1.116s] DEBUG:colcon.colcon_core.verb:Building package 'ros2_socketcan' with the following arguments: {'ament_cmake_args': None, 'build_base': '/home/shen/learn/ROS2/ars408_ws/build/ros2_socketcan', 'catkin_cmake_args': None, 'catkin_skip_building_tests': False, 'cmake_args': None, 'cmake_clean_cache': False, 'cmake_clean_first': False, 'cmake_force_configure': False, 'cmake_target': None, 'cmake_target_skip_unavailable': False, 'install_base': '/home/shen/learn/ROS2/ars408_ws/install/ros2_socketcan', 'merge_install': False, 'path': '/home/shen/learn/ROS2/ars408_ws/src/ros2_socketcan/ros2_socketcan', 'symlink_install': False, 'test_result_base': None}
[1.128s] Level 5:colcon.colcon_core.verb:set package 'pe_ars408_ros' build argument 'cmake_args' from command line to 'None'
[1.128s] Level 5:colcon.colcon_core.verb:set package 'pe_ars408_ros' build argument 'cmake_target' from command line to 'None'
[1.128s] Level 5:colcon.colcon_core.verb:set package 'pe_ars408_ros' build argument 'cmake_target_skip_unavailable' from command line to 'False'
[1.128s] Level 5:colcon.colcon_core.verb:set package 'pe_ars408_ros' build argument 'cmake_clean_cache' from command line to 'False'
[1.128s] Level 5:colcon.colcon_core.verb:set package 'pe_ars408_ros' build argument 'cmake_clean_first' from command line to 'False'
[1.128s] Level 5:colcon.colcon_core.verb:set package 'pe_ars408_ros' build argument 'cmake_force_configure' from command line to 'False'
[1.128s] Level 5:colcon.colcon_core.verb:set package 'pe_ars408_ros' build argument 'ament_cmake_args' from command line to 'None'
[1.128s] Level 5:colcon.colcon_core.verb:set package 'pe_ars408_ros' build argument 'catkin_cmake_args' from command line to 'None'
[1.128s] Level 5:colcon.colcon_core.verb:set package 'pe_ars408_ros' build argument 'catkin_skip_building_tests' from command line to 'False'
[1.128s] DEBUG:colcon.colcon_core.verb:Building package 'pe_ars408_ros' with the following arguments: {'ament_cmake_args': None, 'build_base': '/home/shen/learn/ROS2/ars408_ws/build/pe_ars408_ros', 'catkin_cmake_args': None, 'catkin_skip_building_tests': False, 'cmake_args': None, 'cmake_clean_cache': False, 'cmake_clean_first': False, 'cmake_force_configure': False, 'cmake_target': None, 'cmake_target_skip_unavailable': False, 'install_base': '/home/shen/learn/ROS2/ars408_ws/install/pe_ars408_ros', 'merge_install': False, 'path': '/home/shen/learn/ROS2/ars408_ws/src/ars408_driver', 'symlink_install': False, 'test_result_base': None}
[1.140s] INFO:colcon.colcon_core.executor:Executing jobs using 'parallel' executor
[1.154s] DEBUG:colcon.colcon_parallel_executor.executor.parallel:run_until_complete
[1.154s] INFO:colcon.colcon_ros.task.ament_cmake.build:Building ROS package in '/home/shen/learn/ROS2/ars408_ws/src/ros2_socketcan/ros2_socketcan_msgs' with build type 'ament_cmake'
[1.154s] INFO:colcon.colcon_cmake.task.cmake.build:Building CMake package in '/home/shen/learn/ROS2/ars408_ws/src/ros2_socketcan/ros2_socketcan_msgs'
[1.169s] INFO:colcon.colcon_core.plugin_system:Skipping extension 'colcon_core.shell.bat': Not used on non-Windows systems
[1.169s] INFO:colcon.colcon_core.shell:Skip shell extension 'powershell' for command environment: Not usable outside of PowerShell
[1.169s] DEBUG:colcon.colcon_core.shell:Skip shell extension 'dsv' for command environment
[1.220s] DEBUG:colcon.colcon_core.event_handler.log_command:Invoking command in '/home/shen/learn/ROS2/ars408_ws/build/ros2_socketcan_msgs': CMAKE_PREFIX_PATH=${CMAKE_PREFIX_PATH}:/opt/ros/humble /usr/bin/cmake /home/shen/learn/ROS2/ars408_ws/src/ros2_socketcan/ros2_socketcan_msgs -DCMAKE_INSTALL_PREFIX=/home/shen/learn/ROS2/ars408_ws/install/ros2_socketcan_msgs
[3.950s] DEBUG:colcon.colcon_core.event_handler.log_command:Invoked command in '/home/shen/learn/ROS2/ars408_ws/build/ros2_socketcan_msgs' returned '0': CMAKE_PREFIX_PATH=${CMAKE_PREFIX_PATH}:/opt/ros/humble /usr/bin/cmake /home/shen/learn/ROS2/ars408_ws/src/ros2_socketcan/ros2_socketcan_msgs -DCMAKE_INSTALL_PREFIX=/home/shen/learn/ROS2/ars408_ws/install/ros2_socketcan_msgs
[3.955s] DEBUG:colcon.colcon_core.event_handler.log_command:Invoking command in '/home/shen/learn/ROS2/ars408_ws/build/ros2_socketcan_msgs': CMAKE_PREFIX_PATH=${CMAKE_PREFIX_PATH}:/opt/ros/humble /usr/bin/cmake --build /home/shen/learn/ROS2/ars408_ws/build/ros2_socketcan_msgs -- -j16 -l16
[5.866s] DEBUG:colcon.colcon_core.event_handler.log_command:Invoked command in '/home/shen/learn/ROS2/ars408_ws/build/ros2_socketcan_msgs' returned '0': CMAKE_PREFIX_PATH=${CMAKE_PREFIX_PATH}:/opt/ros/humble /usr/bin/cmake --build /home/shen/learn/ROS2/ars408_ws/build/ros2_socketcan_msgs -- -j16 -l16
[5.956s] DEBUG:colcon.colcon_core.event_handler.log_command:Invoking command in '/home/shen/learn/ROS2/ars408_ws/build/ros2_socketcan_msgs': CMAKE_PREFIX_PATH=${CMAKE_PREFIX_PATH}:/opt/ros/humble /usr/bin/cmake --install /home/shen/learn/ROS2/ars408_ws/build/ros2_socketcan_msgs
[6.055s] Level 1:colcon.colcon_core.environment:create_environment_scripts_only(ros2_socketcan_msgs)
[6.055s] DEBUG:colcon.colcon_core.event_handler.log_command:Invoked command in '/home/shen/learn/ROS2/ars408_ws/build/ros2_socketcan_msgs' returned '0': CMAKE_PREFIX_PATH=${CMAKE_PREFIX_PATH}:/opt/ros/humble /usr/bin/cmake --install /home/shen/learn/ROS2/ars408_ws/build/ros2_socketcan_msgs
[6.070s] Level 1:colcon.colcon_core.environment:checking '/home/shen/learn/ROS2/ars408_ws/install/ros2_socketcan_msgs' for CMake module files
[6.070s] Level 1:colcon.colcon_core.environment:checking '/home/shen/learn/ROS2/ars408_ws/install/ros2_socketcan_msgs' for CMake config files
[6.071s] Level 1:colcon.colcon_core.shell:create_environment_hook('ros2_socketcan_msgs', 'cmake_prefix_path')
[6.084s] INFO:colcon.colcon_core.shell:Creating environment hook '/home/shen/learn/ROS2/ars408_ws/install/ros2_socketcan_msgs/share/ros2_socketcan_msgs/hook/cmake_prefix_path.ps1'
[6.085s] INFO:colcon.colcon_core.shell:Creating environment descriptor '/home/shen/learn/ROS2/ars408_ws/install/ros2_socketcan_msgs/share/ros2_socketcan_msgs/hook/cmake_prefix_path.dsv'
[6.085s] INFO:colcon.colcon_core.shell:Creating environment hook '/home/shen/learn/ROS2/ars408_ws/install/ros2_socketcan_msgs/share/ros2_socketcan_msgs/hook/cmake_prefix_path.sh'
[6.086s] Level 1:colcon.colcon_core.environment:checking '/home/shen/learn/ROS2/ars408_ws/install/ros2_socketcan_msgs/lib'
[6.086s] Level 1:colcon.colcon_core.shell:create_environment_hook('ros2_socketcan_msgs', 'ld_library_path_lib')
[6.100s] INFO:colcon.colcon_core.shell:Creating environment hook '/home/shen/learn/ROS2/ars408_ws/install/ros2_socketcan_msgs/share/ros2_socketcan_msgs/hook/ld_library_path_lib.ps1'
[6.100s] INFO:colcon.colcon_core.shell:Creating environment descriptor '/home/shen/learn/ROS2/ars408_ws/install/ros2_socketcan_msgs/share/ros2_socketcan_msgs/hook/ld_library_path_lib.dsv'
[6.100s] INFO:colcon.colcon_core.shell:Creating environment hook '/home/shen/learn/ROS2/ars408_ws/install/ros2_socketcan_msgs/share/ros2_socketcan_msgs/hook/ld_library_path_lib.sh'
[6.101s] Level 1:colcon.colcon_core.environment:checking '/home/shen/learn/ROS2/ars408_ws/install/ros2_socketcan_msgs/bin'
[6.101s] Level 1:colcon.colcon_core.environment:checking '/home/shen/learn/ROS2/ars408_ws/install/ros2_socketcan_msgs/lib/pkgconfig/ros2_socketcan_msgs.pc'
[6.101s] Level 1:colcon.colcon_core.environment:checking '/home/shen/learn/ROS2/ars408_ws/install/ros2_socketcan_msgs/lib/python3.10/site-packages'
[6.101s] Level 1:colcon.colcon_core.environment:checking '/home/shen/learn/ROS2/ars408_ws/install/ros2_socketcan_msgs/bin'
[6.113s] INFO:colcon.colcon_core.shell:Creating package script '/home/shen/learn/ROS2/ars408_ws/install/ros2_socketcan_msgs/share/ros2_socketcan_msgs/package.ps1'
[6.114s] INFO:colcon.colcon_core.shell:Creating package descriptor '/home/shen/learn/ROS2/ars408_ws/install/ros2_socketcan_msgs/share/ros2_socketcan_msgs/package.dsv'
[6.114s] INFO:colcon.colcon_core.shell:Creating package script '/home/shen/learn/ROS2/ars408_ws/install/ros2_socketcan_msgs/share/ros2_socketcan_msgs/package.sh'
[6.115s] INFO:colcon.colcon_core.shell:Creating package script '/home/shen/learn/ROS2/ars408_ws/install/ros2_socketcan_msgs/share/ros2_socketcan_msgs/package.bash'
[6.116s] INFO:colcon.colcon_core.shell:Creating package script '/home/shen/learn/ROS2/ars408_ws/install/ros2_socketcan_msgs/share/ros2_socketcan_msgs/package.zsh'
[6.116s] Level 1:colcon.colcon_core.environment:create_file_with_runtime_dependencies(/home/shen/learn/ROS2/ars408_ws/install/ros2_socketcan_msgs/share/colcon-core/packages/ros2_socketcan_msgs)
[6.267s] Level 1:colcon.colcon_core.environment:create_environment_scripts_only(ros2_socketcan_msgs)
[6.307s] Level 1:colcon.colcon_core.environment:checking '/home/shen/learn/ROS2/ars408_ws/install/ros2_socketcan_msgs' for CMake module files
[6.307s] Level 1:colcon.colcon_core.environment:checking '/home/shen/learn/ROS2/ars408_ws/install/ros2_socketcan_msgs' for CMake config files
[6.308s] Level 1:colcon.colcon_core.shell:create_environment_hook('ros2_socketcan_msgs', 'cmake_prefix_path')
[6.320s] INFO:colcon.colcon_core.shell:Creating environment hook '/home/shen/learn/ROS2/ars408_ws/install/ros2_socketcan_msgs/share/ros2_socketcan_msgs/hook/cmake_prefix_path.ps1'
[6.321s] INFO:colcon.colcon_core.shell:Creating environment descriptor '/home/shen/learn/ROS2/ars408_ws/install/ros2_socketcan_msgs/share/ros2_socketcan_msgs/hook/cmake_prefix_path.dsv'
[6.321s] INFO:colcon.colcon_core.shell:Creating environment hook '/home/shen/learn/ROS2/ars408_ws/install/ros2_socketcan_msgs/share/ros2_socketcan_msgs/hook/cmake_prefix_path.sh'
[6.321s] Level 1:colcon.colcon_core.environment:checking '/home/shen/learn/ROS2/ars408_ws/install/ros2_socketcan_msgs/lib'
[6.321s] Level 1:colcon.colcon_core.shell:create_environment_hook('ros2_socketcan_msgs', 'ld_library_path_lib')
[6.334s] INFO:colcon.colcon_core.shell:Creating environment hook '/home/shen/learn/ROS2/ars408_ws/install/ros2_socketcan_msgs/share/ros2_socketcan_msgs/hook/ld_library_path_lib.ps1'
[6.334s] INFO:colcon.colcon_core.shell:Creating environment descriptor '/home/shen/learn/ROS2/ars408_ws/install/ros2_socketcan_msgs/share/ros2_socketcan_msgs/hook/ld_library_path_lib.dsv'
[6.334s] INFO:colcon.colcon_core.shell:Creating environment hook '/home/shen/learn/ROS2/ars408_ws/install/ros2_socketcan_msgs/share/ros2_socketcan_msgs/hook/ld_library_path_lib.sh'
[6.335s] Level 1:colcon.colcon_core.environment:checking '/home/shen/learn/ROS2/ars408_ws/install/ros2_socketcan_msgs/bin'
[6.335s] Level 1:colcon.colcon_core.environment:checking '/home/shen/learn/ROS2/ars408_ws/install/ros2_socketcan_msgs/lib/pkgconfig/ros2_socketcan_msgs.pc'
[6.335s] Level 1:colcon.colcon_core.environment:checking '/home/shen/learn/ROS2/ars408_ws/install/ros2_socketcan_msgs/lib/python3.10/site-packages'
[6.335s] Level 1:colcon.colcon_core.environment:checking '/home/shen/learn/ROS2/ars408_ws/install/ros2_socketcan_msgs/bin'
[6.348s] INFO:colcon.colcon_core.shell:Creating package script '/home/shen/learn/ROS2/ars408_ws/install/ros2_socketcan_msgs/share/ros2_socketcan_msgs/package.ps1'
[6.348s] INFO:colcon.colcon_core.shell:Creating package descriptor '/home/shen/learn/ROS2/ars408_ws/install/ros2_socketcan_msgs/share/ros2_socketcan_msgs/package.dsv'
[6.349s] INFO:colcon.colcon_core.shell:Creating package script '/home/shen/learn/ROS2/ars408_ws/install/ros2_socketcan_msgs/share/ros2_socketcan_msgs/package.sh'
[6.349s] INFO:colcon.colcon_core.shell:Creating package script '/home/shen/learn/ROS2/ars408_ws/install/ros2_socketcan_msgs/share/ros2_socketcan_msgs/package.bash'
[6.349s] INFO:colcon.colcon_core.shell:Creating package script '/home/shen/learn/ROS2/ars408_ws/install/ros2_socketcan_msgs/share/ros2_socketcan_msgs/package.zsh'
[6.350s] Level 1:colcon.colcon_core.environment:create_file_with_runtime_dependencies(/home/shen/learn/ROS2/ars408_ws/install/ros2_socketcan_msgs/share/colcon-core/packages/ros2_socketcan_msgs)
[6.350s] INFO:colcon.colcon_ros.task.ament_cmake.build:Building ROS package in '/home/shen/learn/ROS2/ars408_ws/src/ros2_socketcan/ros2_socketcan' with build type 'ament_cmake'
[6.350s] INFO:colcon.colcon_cmake.task.cmake.build:Building CMake package in '/home/shen/learn/ROS2/ars408_ws/src/ros2_socketcan/ros2_socketcan'
[6.364s] INFO:colcon.colcon_core.shell:Skip shell extension 'powershell' for command environment: Not usable outside of PowerShell
[6.364s] DEBUG:colcon.colcon_core.shell:Skip shell extension 'dsv' for command environment
[6.422s] DEBUG:colcon.colcon_core.event_handler.log_command:Invoking command in '/home/shen/learn/ROS2/ars408_ws/build/ros2_socketcan': AMENT_PREFIX_PATH=/home/shen/learn/ROS2/ars408_ws/install/ros2_socketcan_msgs:${AMENT_PREFIX_PATH} CMAKE_PREFIX_PATH=/home/shen/learn/ROS2/ars408_ws/install/ros2_socketcan_msgs:/home/shen/learn/ROS2/ars408_ws/install/pe_ars408_ros:/opt/ros/humble LD_LIBRARY_PATH=/home/shen/learn/ROS2/ars408_ws/install/ros2_socketcan_msgs/lib:${LD_LIBRARY_PATH} PYTHONPATH=/home/shen/learn/ROS2/ars408_ws/install/ros2_socketcan_msgs/local/lib/python3.10/dist-packages:${PYTHONPATH} /usr/bin/cmake /home/shen/learn/ROS2/ars408_ws/src/ros2_socketcan/ros2_socketcan -DCMAKE_INSTALL_PREFIX=/home/shen/learn/ROS2/ars408_ws/install/ros2_socketcan
[8.627s] DEBUG:colcon.colcon_core.event_handler.log_command:Invoked command in '/home/shen/learn/ROS2/ars408_ws/build/ros2_socketcan' returned '0': AMENT_PREFIX_PATH=/home/shen/learn/ROS2/ars408_ws/install/ros2_socketcan_msgs:${AMENT_PREFIX_PATH} CMAKE_PREFIX_PATH=/home/shen/learn/ROS2/ars408_ws/install/ros2_socketcan_msgs:/home/shen/learn/ROS2/ars408_ws/install/pe_ars408_ros:/opt/ros/humble LD_LIBRARY_PATH=/home/shen/learn/ROS2/ars408_ws/install/ros2_socketcan_msgs/lib:${LD_LIBRARY_PATH} PYTHONPATH=/home/shen/learn/ROS2/ars408_ws/install/ros2_socketcan_msgs/local/lib/python3.10/dist-packages:${PYTHONPATH} /usr/bin/cmake /home/shen/learn/ROS2/ars408_ws/src/ros2_socketcan/ros2_socketcan -DCMAKE_INSTALL_PREFIX=/home/shen/learn/ROS2/ars408_ws/install/ros2_socketcan
[8.629s] DEBUG:colcon.colcon_core.event_handler.log_command:Invoking command in '/home/shen/learn/ROS2/ars408_ws/build/ros2_socketcan': AMENT_PREFIX_PATH=/home/shen/learn/ROS2/ars408_ws/install/ros2_socketcan_msgs:${AMENT_PREFIX_PATH} CMAKE_PREFIX_PATH=/home/shen/learn/ROS2/ars408_ws/install/ros2_socketcan_msgs:/home/shen/learn/ROS2/ars408_ws/install/pe_ars408_ros:/opt/ros/humble LD_LIBRARY_PATH=/home/shen/learn/ROS2/ars408_ws/install/ros2_socketcan_msgs/lib:${LD_LIBRARY_PATH} PYTHONPATH=/home/shen/learn/ROS2/ars408_ws/install/ros2_socketcan_msgs/local/lib/python3.10/dist-packages:${PYTHONPATH} /usr/bin/cmake --build /home/shen/learn/ROS2/ars408_ws/build/ros2_socketcan -- -j16 -l16
[24.125s] DEBUG:colcon.colcon_core.event_handler.log_command:Invoked command in '/home/shen/learn/ROS2/ars408_ws/build/ros2_socketcan' returned '0': AMENT_PREFIX_PATH=/home/shen/learn/ROS2/ars408_ws/install/ros2_socketcan_msgs:${AMENT_PREFIX_PATH} CMAKE_PREFIX_PATH=/home/shen/learn/ROS2/ars408_ws/install/ros2_socketcan_msgs:/home/shen/learn/ROS2/ars408_ws/install/pe_ars408_ros:/opt/ros/humble LD_LIBRARY_PATH=/home/shen/learn/ROS2/ars408_ws/install/ros2_socketcan_msgs/lib:${LD_LIBRARY_PATH} PYTHONPATH=/home/shen/learn/ROS2/ars408_ws/install/ros2_socketcan_msgs/local/lib/python3.10/dist-packages:${PYTHONPATH} /usr/bin/cmake --build /home/shen/learn/ROS2/ars408_ws/build/ros2_socketcan -- -j16 -l16
[24.230s] DEBUG:colcon.colcon_core.event_handler.log_command:Invoking command in '/home/shen/learn/ROS2/ars408_ws/build/ros2_socketcan': AMENT_PREFIX_PATH=/home/shen/learn/ROS2/ars408_ws/install/ros2_socketcan_msgs:${AMENT_PREFIX_PATH} CMAKE_PREFIX_PATH=/home/shen/learn/ROS2/ars408_ws/install/ros2_socketcan_msgs:/home/shen/learn/ROS2/ars408_ws/install/pe_ars408_ros:/opt/ros/humble LD_LIBRARY_PATH=/home/shen/learn/ROS2/ars408_ws/install/ros2_socketcan_msgs/lib:${LD_LIBRARY_PATH} PYTHONPATH=/home/shen/learn/ROS2/ars408_ws/install/ros2_socketcan_msgs/local/lib/python3.10/dist-packages:${PYTHONPATH} /usr/bin/cmake --install /home/shen/learn/ROS2/ars408_ws/build/ros2_socketcan
[24.279s] Level 1:colcon.colcon_core.environment:create_environment_scripts_only(ros2_socketcan)
[24.280s] DEBUG:colcon.colcon_core.event_handler.log_command:Invoked command in '/home/shen/learn/ROS2/ars408_ws/build/ros2_socketcan' returned '0': AMENT_PREFIX_PATH=/home/shen/learn/ROS2/ars408_ws/install/ros2_socketcan_msgs:${AMENT_PREFIX_PATH} CMAKE_PREFIX_PATH=/home/shen/learn/ROS2/ars408_ws/install/ros2_socketcan_msgs:/home/shen/learn/ROS2/ars408_ws/install/pe_ars408_ros:/opt/ros/humble LD_LIBRARY_PATH=/home/shen/learn/ROS2/ars408_ws/install/ros2_socketcan_msgs/lib:${LD_LIBRARY_PATH} PYTHONPATH=/home/shen/learn/ROS2/ars408_ws/install/ros2_socketcan_msgs/local/lib/python3.10/dist-packages:${PYTHONPATH} /usr/bin/cmake --install /home/shen/learn/ROS2/ars408_ws/build/ros2_socketcan
[24.293s] Level 1:colcon.colcon_core.environment:checking '/home/shen/learn/ROS2/ars408_ws/install/ros2_socketcan' for CMake module files
[24.294s] Level 1:colcon.colcon_core.environment:checking '/home/shen/learn/ROS2/ars408_ws/install/ros2_socketcan' for CMake config files
[24.294s] Level 1:colcon.colcon_core.shell:create_environment_hook('ros2_socketcan', 'cmake_prefix_path')
[24.307s] INFO:colcon.colcon_core.shell:Creating environment hook '/home/shen/learn/ROS2/ars408_ws/install/ros2_socketcan/share/ros2_socketcan/hook/cmake_prefix_path.ps1'
[24.307s] INFO:colcon.colcon_core.shell:Creating environment descriptor '/home/shen/learn/ROS2/ars408_ws/install/ros2_socketcan/share/ros2_socketcan/hook/cmake_prefix_path.dsv'
[24.307s] INFO:colcon.colcon_core.shell:Creating environment hook '/home/shen/learn/ROS2/ars408_ws/install/ros2_socketcan/share/ros2_socketcan/hook/cmake_prefix_path.sh'
[24.308s] Level 1:colcon.colcon_core.environment:checking '/home/shen/learn/ROS2/ars408_ws/install/ros2_socketcan/lib'
[24.308s] Level 1:colcon.colcon_core.shell:create_environment_hook('ros2_socketcan', 'ld_library_path_lib')
[24.321s] INFO:colcon.colcon_core.shell:Creating environment hook '/home/shen/learn/ROS2/ars408_ws/install/ros2_socketcan/share/ros2_socketcan/hook/ld_library_path_lib.ps1'
[24.321s] INFO:colcon.colcon_core.shell:Creating environment descriptor '/home/shen/learn/ROS2/ars408_ws/install/ros2_socketcan/share/ros2_socketcan/hook/ld_library_path_lib.dsv'
[24.321s] INFO:colcon.colcon_core.shell:Creating environment hook '/home/shen/learn/ROS2/ars408_ws/install/ros2_socketcan/share/ros2_socketcan/hook/ld_library_path_lib.sh'
[24.322s] Level 1:colcon.colcon_core.environment:checking '/home/shen/learn/ROS2/ars408_ws/install/ros2_socketcan/bin'
[24.322s] Level 1:colcon.colcon_core.environment:checking '/home/shen/learn/ROS2/ars408_ws/install/ros2_socketcan/lib/pkgconfig/ros2_socketcan.pc'
[24.322s] Level 1:colcon.colcon_core.environment:checking '/home/shen/learn/ROS2/ars408_ws/install/ros2_socketcan/lib/python3.10/site-packages'
[24.322s] Level 1:colcon.colcon_core.environment:checking '/home/shen/learn/ROS2/ars408_ws/install/ros2_socketcan/bin'
[24.343s] INFO:colcon.colcon_core.shell:Creating package script '/home/shen/learn/ROS2/ars408_ws/install/ros2_socketcan/share/ros2_socketcan/package.ps1'
[24.344s] INFO:colcon.colcon_core.shell:Creating package descriptor '/home/shen/learn/ROS2/ars408_ws/install/ros2_socketcan/share/ros2_socketcan/package.dsv'
[24.345s] INFO:colcon.colcon_core.shell:Creating package script '/home/shen/learn/ROS2/ars408_ws/install/ros2_socketcan/share/ros2_socketcan/package.sh'
[24.346s] INFO:colcon.colcon_core.shell:Creating package script '/home/shen/learn/ROS2/ars408_ws/install/ros2_socketcan/share/ros2_socketcan/package.bash'
[24.347s] INFO:colcon.colcon_core.shell:Creating package script '/home/shen/learn/ROS2/ars408_ws/install/ros2_socketcan/share/ros2_socketcan/package.zsh'
[24.348s] Level 1:colcon.colcon_core.environment:create_file_with_runtime_dependencies(/home/shen/learn/ROS2/ars408_ws/install/ros2_socketcan/share/colcon-core/packages/ros2_socketcan)
[24.461s] Level 1:colcon.colcon_core.environment:create_environment_scripts_only(ros2_socketcan)
[24.474s] Level 1:colcon.colcon_core.environment:checking '/home/shen/learn/ROS2/ars408_ws/install/ros2_socketcan' for CMake module files
[24.474s] Level 1:colcon.colcon_core.environment:checking '/home/shen/learn/ROS2/ars408_ws/install/ros2_socketcan' for CMake config files
[24.475s] Level 1:colcon.colcon_core.shell:create_environment_hook('ros2_socketcan', 'cmake_prefix_path')
[24.488s] INFO:colcon.colcon_core.shell:Creating environment hook '/home/shen/learn/ROS2/ars408_ws/install/ros2_socketcan/share/ros2_socketcan/hook/cmake_prefix_path.ps1'
[24.488s] INFO:colcon.colcon_core.shell:Creating environment descriptor '/home/shen/learn/ROS2/ars408_ws/install/ros2_socketcan/share/ros2_socketcan/hook/cmake_prefix_path.dsv'
[24.489s] INFO:colcon.colcon_core.shell:Creating environment hook '/home/shen/learn/ROS2/ars408_ws/install/ros2_socketcan/share/ros2_socketcan/hook/cmake_prefix_path.sh'
[24.489s] Level 1:colcon.colcon_core.environment:checking '/home/shen/learn/ROS2/ars408_ws/install/ros2_socketcan/lib'
[24.489s] Level 1:colcon.colcon_core.shell:create_environment_hook('ros2_socketcan', 'ld_library_path_lib')
[24.502s] INFO:colcon.colcon_core.shell:Creating environment hook '/home/shen/learn/ROS2/ars408_ws/install/ros2_socketcan/share/ros2_socketcan/hook/ld_library_path_lib.ps1'
[24.502s] INFO:colcon.colcon_core.shell:Creating environment descriptor '/home/shen/learn/ROS2/ars408_ws/install/ros2_socketcan/share/ros2_socketcan/hook/ld_library_path_lib.dsv'
[24.503s] INFO:colcon.colcon_core.shell:Creating environment hook '/home/shen/learn/ROS2/ars408_ws/install/ros2_socketcan/share/ros2_socketcan/hook/ld_library_path_lib.sh'
[24.503s] Level 1:colcon.colcon_core.environment:checking '/home/shen/learn/ROS2/ars408_ws/install/ros2_socketcan/bin'
[24.503s] Level 1:colcon.colcon_core.environment:checking '/home/shen/learn/ROS2/ars408_ws/install/ros2_socketcan/lib/pkgconfig/ros2_socketcan.pc'
[24.503s] Level 1:colcon.colcon_core.environment:checking '/home/shen/learn/ROS2/ars408_ws/install/ros2_socketcan/lib/python3.10/site-packages'
[24.503s] Level 1:colcon.colcon_core.environment:checking '/home/shen/learn/ROS2/ars408_ws/install/ros2_socketcan/bin'
[24.516s] INFO:colcon.colcon_core.shell:Creating package script '/home/shen/learn/ROS2/ars408_ws/install/ros2_socketcan/share/ros2_socketcan/package.ps1'
[24.517s] INFO:colcon.colcon_core.shell:Creating package descriptor '/home/shen/learn/ROS2/ars408_ws/install/ros2_socketcan/share/ros2_socketcan/package.dsv'
[24.517s] INFO:colcon.colcon_core.shell:Creating package script '/home/shen/learn/ROS2/ars408_ws/install/ros2_socketcan/share/ros2_socketcan/package.sh'
[24.518s] INFO:colcon.colcon_core.shell:Creating package script '/home/shen/learn/ROS2/ars408_ws/install/ros2_socketcan/share/ros2_socketcan/package.bash'
[24.518s] INFO:colcon.colcon_core.shell:Creating package script '/home/shen/learn/ROS2/ars408_ws/install/ros2_socketcan/share/ros2_socketcan/package.zsh'
[24.518s] Level 1:colcon.colcon_core.environment:create_file_with_runtime_dependencies(/home/shen/learn/ROS2/ars408_ws/install/ros2_socketcan/share/colcon-core/packages/ros2_socketcan)
[24.518s] INFO:colcon.colcon_ros.task.ament_cmake.build:Building ROS package in '/home/shen/learn/ROS2/ars408_ws/src/ars408_driver' with build type 'ament_cmake'
[24.519s] INFO:colcon.colcon_cmake.task.cmake.build:Building CMake package in '/home/shen/learn/ROS2/ars408_ws/src/ars408_driver'
[24.534s] INFO:colcon.colcon_core.shell:Skip shell extension 'powershell' for command environment: Not usable outside of PowerShell
[24.534s] DEBUG:colcon.colcon_core.shell:Skip shell extension 'dsv' for command environment
[24.604s] DEBUG:colcon.colcon_core.event_handler.log_command:Invoking command in '/home/shen/learn/ROS2/ars408_ws/build/pe_ars408_ros': AMENT_PREFIX_PATH=/home/shen/learn/ROS2/ars408_ws/install/ros2_socketcan:/home/shen/learn/ROS2/ars408_ws/install/ros2_socketcan_msgs:${AMENT_PREFIX_PATH} CMAKE_PREFIX_PATH=/home/shen/learn/ROS2/ars408_ws/install/ros2_socketcan:/home/shen/learn/ROS2/ars408_ws/install/ros2_socketcan_msgs:/home/shen/learn/ROS2/ars408_ws/install/pe_ars408_ros:/opt/ros/humble LD_LIBRARY_PATH=/home/shen/learn/ROS2/ars408_ws/install/ros2_socketcan/lib:/home/shen/learn/ROS2/ars408_ws/install/ros2_socketcan_msgs/lib:${LD_LIBRARY_PATH} PYTHONPATH=/home/shen/learn/ROS2/ars408_ws/install/ros2_socketcan_msgs/local/lib/python3.10/dist-packages:${PYTHONPATH} /usr/bin/cmake --build /home/shen/learn/ROS2/ars408_ws/build/pe_ars408_ros -- -j16 -l16
[25.835s] DEBUG:colcon.colcon_core.event_handler.log_command:Invoked command in '/home/shen/learn/ROS2/ars408_ws/build/pe_ars408_ros' returned '0': AMENT_PREFIX_PATH=/home/shen/learn/ROS2/ars408_ws/install/ros2_socketcan:/home/shen/learn/ROS2/ars408_ws/install/ros2_socketcan_msgs:${AMENT_PREFIX_PATH} CMAKE_PREFIX_PATH=/home/shen/learn/ROS2/ars408_ws/install/ros2_socketcan:/home/shen/learn/ROS2/ars408_ws/install/ros2_socketcan_msgs:/home/shen/learn/ROS2/ars408_ws/install/pe_ars408_ros:/opt/ros/humble LD_LIBRARY_PATH=/home/shen/learn/ROS2/ars408_ws/install/ros2_socketcan/lib:/home/shen/learn/ROS2/ars408_ws/install/ros2_socketcan_msgs/lib:${LD_LIBRARY_PATH} PYTHONPATH=/home/shen/learn/ROS2/ars408_ws/install/ros2_socketcan_msgs/local/lib/python3.10/dist-packages:${PYTHONPATH} /usr/bin/cmake --build /home/shen/learn/ROS2/ars408_ws/build/pe_ars408_ros -- -j16 -l16
[25.881s] DEBUG:colcon.colcon_core.event_handler.log_command:Invoking command in '/home/shen/learn/ROS2/ars408_ws/build/pe_ars408_ros': AMENT_PREFIX_PATH=/home/shen/learn/ROS2/ars408_ws/install/ros2_socketcan:/home/shen/learn/ROS2/ars408_ws/install/ros2_socketcan_msgs:${AMENT_PREFIX_PATH} CMAKE_PREFIX_PATH=/home/shen/learn/ROS2/ars408_ws/install/ros2_socketcan:/home/shen/learn/ROS2/ars408_ws/install/ros2_socketcan_msgs:/home/shen/learn/ROS2/ars408_ws/install/pe_ars408_ros:/opt/ros/humble LD_LIBRARY_PATH=/home/shen/learn/ROS2/ars408_ws/install/ros2_socketcan/lib:/home/shen/learn/ROS2/ars408_ws/install/ros2_socketcan_msgs/lib:${LD_LIBRARY_PATH} PYTHONPATH=/home/shen/learn/ROS2/ars408_ws/install/ros2_socketcan_msgs/local/lib/python3.10/dist-packages:${PYTHONPATH} /usr/bin/cmake --install /home/shen/learn/ROS2/ars408_ws/build/pe_ars408_ros
[25.911s] Level 1:colcon.colcon_core.environment:create_environment_scripts_only(pe_ars408_ros)
[25.912s] DEBUG:colcon.colcon_core.event_handler.log_command:Invoked command in '/home/shen/learn/ROS2/ars408_ws/build/pe_ars408_ros' returned '0': AMENT_PREFIX_PATH=/home/shen/learn/ROS2/ars408_ws/install/ros2_socketcan:/home/shen/learn/ROS2/ars408_ws/install/ros2_socketcan_msgs:${AMENT_PREFIX_PATH} CMAKE_PREFIX_PATH=/home/shen/learn/ROS2/ars408_ws/install/ros2_socketcan:/home/shen/learn/ROS2/ars408_ws/install/ros2_socketcan_msgs:/home/shen/learn/ROS2/ars408_ws/install/pe_ars408_ros:/opt/ros/humble LD_LIBRARY_PATH=/home/shen/learn/ROS2/ars408_ws/install/ros2_socketcan/lib:/home/shen/learn/ROS2/ars408_ws/install/ros2_socketcan_msgs/lib:${LD_LIBRARY_PATH} PYTHONPATH=/home/shen/learn/ROS2/ars408_ws/install/ros2_socketcan_msgs/local/lib/python3.10/dist-packages:${PYTHONPATH} /usr/bin/cmake --install /home/shen/learn/ROS2/ars408_ws/build/pe_ars408_ros
[25.924s] Level 1:colcon.colcon_core.environment:checking '/home/shen/learn/ROS2/ars408_ws/install/pe_ars408_ros' for CMake module files
[25.925s] Level 1:colcon.colcon_core.environment:checking '/home/shen/learn/ROS2/ars408_ws/install/pe_ars408_ros' for CMake config files
[25.925s] Level 1:colcon.colcon_core.shell:create_environment_hook('pe_ars408_ros', 'cmake_prefix_path')
[25.937s] INFO:colcon.colcon_core.shell:Creating environment hook '/home/shen/learn/ROS2/ars408_ws/install/pe_ars408_ros/share/pe_ars408_ros/hook/cmake_prefix_path.ps1'
[25.938s] INFO:colcon.colcon_core.shell:Creating environment descriptor '/home/shen/learn/ROS2/ars408_ws/install/pe_ars408_ros/share/pe_ars408_ros/hook/cmake_prefix_path.dsv'
[25.938s] INFO:colcon.colcon_core.shell:Creating environment hook '/home/shen/learn/ROS2/ars408_ws/install/pe_ars408_ros/share/pe_ars408_ros/hook/cmake_prefix_path.sh'
[25.939s] Level 1:colcon.colcon_core.environment:checking '/home/shen/learn/ROS2/ars408_ws/install/pe_ars408_ros/lib'
[25.939s] Level 1:colcon.colcon_core.shell:create_environment_hook('pe_ars408_ros', 'ld_library_path_lib')
[25.951s] INFO:colcon.colcon_core.shell:Creating environment hook '/home/shen/learn/ROS2/ars408_ws/install/pe_ars408_ros/share/pe_ars408_ros/hook/ld_library_path_lib.ps1'
[25.951s] INFO:colcon.colcon_core.shell:Creating environment descriptor '/home/shen/learn/ROS2/ars408_ws/install/pe_ars408_ros/share/pe_ars408_ros/hook/ld_library_path_lib.dsv'
[25.952s] INFO:colcon.colcon_core.shell:Creating environment hook '/home/shen/learn/ROS2/ars408_ws/install/pe_ars408_ros/share/pe_ars408_ros/hook/ld_library_path_lib.sh'
[25.952s] Level 1:colcon.colcon_core.environment:checking '/home/shen/learn/ROS2/ars408_ws/install/pe_ars408_ros/bin'
[25.952s] Level 1:colcon.colcon_core.environment:checking '/home/shen/learn/ROS2/ars408_ws/install/pe_ars408_ros/lib/pkgconfig/pe_ars408_ros.pc'
[25.952s] Level 1:colcon.colcon_core.environment:checking '/home/shen/learn/ROS2/ars408_ws/install/pe_ars408_ros/lib/python3.10/site-packages'
[25.952s] Level 1:colcon.colcon_core.environment:checking '/home/shen/learn/ROS2/ars408_ws/install/pe_ars408_ros/bin'
[25.966s] INFO:colcon.colcon_core.shell:Creating package script '/home/shen/learn/ROS2/ars408_ws/install/pe_ars408_ros/share/pe_ars408_ros/package.ps1'
[25.967s] INFO:colcon.colcon_core.shell:Creating package descriptor '/home/shen/learn/ROS2/ars408_ws/install/pe_ars408_ros/share/pe_ars408_ros/package.dsv'
[25.967s] INFO:colcon.colcon_core.shell:Creating package script '/home/shen/learn/ROS2/ars408_ws/install/pe_ars408_ros/share/pe_ars408_ros/package.sh'
[25.968s] INFO:colcon.colcon_core.shell:Creating package script '/home/shen/learn/ROS2/ars408_ws/install/pe_ars408_ros/share/pe_ars408_ros/package.bash'
[25.968s] INFO:colcon.colcon_core.shell:Creating package script '/home/shen/learn/ROS2/ars408_ws/install/pe_ars408_ros/share/pe_ars408_ros/package.zsh'
[25.968s] Level 1:colcon.colcon_core.environment:create_file_with_runtime_dependencies(/home/shen/learn/ROS2/ars408_ws/install/pe_ars408_ros/share/colcon-core/packages/pe_ars408_ros)
[26.048s] Level 1:colcon.colcon_core.environment:create_environment_scripts_only(pe_ars408_ros)
[26.078s] Level 1:colcon.colcon_core.environment:checking '/home/shen/learn/ROS2/ars408_ws/install/pe_ars408_ros' for CMake module files
[26.079s] Level 1:colcon.colcon_core.environment:checking '/home/shen/learn/ROS2/ars408_ws/install/pe_ars408_ros' for CMake config files
[26.079s] Level 1:colcon.colcon_core.shell:create_environment_hook('pe_ars408_ros', 'cmake_prefix_path')
[26.091s] INFO:colcon.colcon_core.shell:Creating environment hook '/home/shen/learn/ROS2/ars408_ws/install/pe_ars408_ros/share/pe_ars408_ros/hook/cmake_prefix_path.ps1'
[26.092s] INFO:colcon.colcon_core.shell:Creating environment descriptor '/home/shen/learn/ROS2/ars408_ws/install/pe_ars408_ros/share/pe_ars408_ros/hook/cmake_prefix_path.dsv'
[26.092s] INFO:colcon.colcon_core.shell:Creating environment hook '/home/shen/learn/ROS2/ars408_ws/install/pe_ars408_ros/share/pe_ars408_ros/hook/cmake_prefix_path.sh'
[26.092s] Level 1:colcon.colcon_core.environment:checking '/home/shen/learn/ROS2/ars408_ws/install/pe_ars408_ros/lib'
[26.092s] Level 1:colcon.colcon_core.shell:create_environment_hook('pe_ars408_ros', 'ld_library_path_lib')
[26.104s] INFO:colcon.colcon_core.shell:Creating environment hook '/home/shen/learn/ROS2/ars408_ws/install/pe_ars408_ros/share/pe_ars408_ros/hook/ld_library_path_lib.ps1'
[26.105s] INFO:colcon.colcon_core.shell:Creating environment descriptor '/home/shen/learn/ROS2/ars408_ws/install/pe_ars408_ros/share/pe_ars408_ros/hook/ld_library_path_lib.dsv'
[26.105s] INFO:colcon.colcon_core.shell:Creating environment hook '/home/shen/learn/ROS2/ars408_ws/install/pe_ars408_ros/share/pe_ars408_ros/hook/ld_library_path_lib.sh'
[26.105s] Level 1:colcon.colcon_core.environment:checking '/home/shen/learn/ROS2/ars408_ws/install/pe_ars408_ros/bin'
[26.105s] Level 1:colcon.colcon_core.environment:checking '/home/shen/learn/ROS2/ars408_ws/install/pe_ars408_ros/lib/pkgconfig/pe_ars408_ros.pc'
[26.105s] Level 1:colcon.colcon_core.environment:checking '/home/shen/learn/ROS2/ars408_ws/install/pe_ars408_ros/lib/python3.10/site-packages'
[26.106s] Level 1:colcon.colcon_core.environment:checking '/home/shen/learn/ROS2/ars408_ws/install/pe_ars408_ros/bin'
[26.118s] INFO:colcon.colcon_core.shell:Creating package script '/home/shen/learn/ROS2/ars408_ws/install/pe_ars408_ros/share/pe_ars408_ros/package.ps1'
[26.118s] INFO:colcon.colcon_core.shell:Creating package descriptor '/home/shen/learn/ROS2/ars408_ws/install/pe_ars408_ros/share/pe_ars408_ros/package.dsv'
[26.119s] INFO:colcon.colcon_core.shell:Creating package script '/home/shen/learn/ROS2/ars408_ws/install/pe_ars408_ros/share/pe_ars408_ros/package.sh'
[26.119s] INFO:colcon.colcon_core.shell:Creating package script '/home/shen/learn/ROS2/ars408_ws/install/pe_ars408_ros/share/pe_ars408_ros/package.bash'
[26.119s] INFO:colcon.colcon_core.shell:Creating package script '/home/shen/learn/ROS2/ars408_ws/install/pe_ars408_ros/share/pe_ars408_ros/package.zsh'
[26.119s] Level 1:colcon.colcon_core.environment:create_file_with_runtime_dependencies(/home/shen/learn/ROS2/ars408_ws/install/pe_ars408_ros/share/colcon-core/packages/pe_ars408_ros)
[26.120s] DEBUG:colcon.colcon_parallel_executor.executor.parallel:closing loop
[26.120s] DEBUG:colcon.colcon_parallel_executor.executor.parallel:loop closed
[26.120s] DEBUG:colcon.colcon_parallel_executor.executor.parallel:run_until_complete finished with '0'
[26.120s] DEBUG:colcon.colcon_core.event_reactor:joining thread
[26.174s] INFO:colcon.colcon_core.plugin_system:Skipping extension 'colcon_notification.desktop_notification.terminal_notifier': Not used on non-Darwin systems
[26.174s] INFO:colcon.colcon_core.plugin_system:Skipping extension 'colcon_notification.desktop_notification.win32': Not used on non-Windows systems
[26.174s] INFO:colcon.colcon_notification.desktop_notification:Sending desktop notification using 'notify2'
[26.194s] DEBUG:colcon.colcon_core.event_reactor:joined thread
[26.210s] INFO:colcon.colcon_core.shell:Creating prefix script '/home/shen/learn/ROS2/ars408_ws/install/local_setup.ps1'
[26.211s] INFO:colcon.colcon_core.shell:Creating prefix util module '/home/shen/learn/ROS2/ars408_ws/install/_local_setup_util_ps1.py'
[26.212s] INFO:colcon.colcon_core.shell:Creating prefix chain script '/home/shen/learn/ROS2/ars408_ws/install/setup.ps1'
[26.225s] INFO:colcon.colcon_core.shell:Creating prefix script '/home/shen/learn/ROS2/ars408_ws/install/local_setup.sh'
[26.225s] INFO:colcon.colcon_core.shell:Creating prefix util module '/home/shen/learn/ROS2/ars408_ws/install/_local_setup_util_sh.py'
[26.225s] INFO:colcon.colcon_core.shell:Creating prefix chain script '/home/shen/learn/ROS2/ars408_ws/install/setup.sh'
[26.238s] INFO:colcon.colcon_core.shell:Creating prefix script '/home/shen/learn/ROS2/ars408_ws/install/local_setup.bash'
[26.238s] INFO:colcon.colcon_core.shell:Creating prefix chain script '/home/shen/learn/ROS2/ars408_ws/install/setup.bash'
[26.251s] INFO:colcon.colcon_core.shell:Creating prefix script '/home/shen/learn/ROS2/ars408_ws/install/local_setup.zsh'
[26.251s] INFO:colcon.colcon_core.shell:Creating prefix chain script '/home/shen/learn/ROS2/ars408_ws/install/setup.zsh'
