[0.059s] Invoking command in '/home/shen/learn/ROS2/ethernet_ws/build/asio_cmake_module': CMAKE_PREFIX_PATH=${CMAKE_PREFIX_PATH}:/opt/ros/humble /usr/bin/cmake /home/shen/learn/ROS2/ethernet_ws/src/transport_drivers/asio_cmake_module -DCMAKE_INSTALL_PREFIX=/home/shen/learn/ROS2/ethernet_ws/install/asio_cmake_module
[0.168s] -- The C compiler identification is GNU 11.4.0
[0.255s] -- The CXX compiler identification is GNU 11.4.0
[0.270s] -- Detecting C compiler ABI info
[0.402s] -- Detecting C compiler ABI info - done
[0.408s] -- Check for working C compiler: /usr/bin/cc - skipped
[0.408s] -- Detecting C compile features
[0.408s] -- Detecting C compile features - done
[0.411s] -- Detecting CXX compiler ABI info
[0.526s] -- Detecting CXX compiler ABI info - done
[0.543s] -- Check for working CXX compiler: /usr/bin/c++ - skipped
[0.543s] -- Detecting CXX compile features
[0.544s] -- Detecting CXX compile features - done
[0.551s] -- Found ament_cmake: 1.3.6 (/opt/ros/humble/share/ament_cmake/cmake)
[0.773s] -- Found Python3: /usr/bin/python3.10 (found version "3.10.12") found components: Interpreter 
[0.897s] -- Found ament_lint_auto: 0.12.9 (/opt/ros/humble/share/ament_lint_auto/cmake)
[1.009s] -- Added test 'copyright' to check source files copyright and LICENSE
[1.014s] -- Added test 'lint_cmake' to check CMake code style
[1.017s] -- Added test 'xmllint' to check XML markup files
[1.021s] -- Configuring done
[1.025s] -- Generating done
[1.026s] -- Build files have been written to: /home/shen/learn/ROS2/ethernet_ws/build/asio_cmake_module
[1.030s] Invoked command in '/home/shen/learn/ROS2/ethernet_ws/build/asio_cmake_module' returned '0': CMAKE_PREFIX_PATH=${CMAKE_PREFIX_PATH}:/opt/ros/humble /usr/bin/cmake /home/shen/learn/ROS2/ethernet_ws/src/transport_drivers/asio_cmake_module -DCMAKE_INSTALL_PREFIX=/home/shen/learn/ROS2/ethernet_ws/install/asio_cmake_module
[1.032s] Invoking command in '/home/shen/learn/ROS2/ethernet_ws/build/asio_cmake_module': CMAKE_PREFIX_PATH=${CMAKE_PREFIX_PATH}:/opt/ros/humble /usr/bin/cmake --build /home/shen/learn/ROS2/ethernet_ws/build/asio_cmake_module -- -j16 -l16
[1.089s] Invoked command in '/home/shen/learn/ROS2/ethernet_ws/build/asio_cmake_module' returned '0': CMAKE_PREFIX_PATH=${CMAKE_PREFIX_PATH}:/opt/ros/humble /usr/bin/cmake --build /home/shen/learn/ROS2/ethernet_ws/build/asio_cmake_module -- -j16 -l16
[1.150s] Invoking command in '/home/shen/learn/ROS2/ethernet_ws/build/asio_cmake_module': CMAKE_PREFIX_PATH=${CMAKE_PREFIX_PATH}:/opt/ros/humble /usr/bin/cmake --install /home/shen/learn/ROS2/ethernet_ws/build/asio_cmake_module
[1.165s] -- Install configuration: ""
[1.165s] -- Installing: /home/shen/learn/ROS2/ethernet_ws/install/asio_cmake_module/share/ament_index/resource_index/package_run_dependencies/asio_cmake_module
[1.166s] -- Installing: /home/shen/learn/ROS2/ethernet_ws/install/asio_cmake_module/share/ament_index/resource_index/parent_prefix_path/asio_cmake_module
[1.166s] -- Installing: /home/shen/learn/ROS2/ethernet_ws/install/asio_cmake_module/share/asio_cmake_module/environment/ament_prefix_path.sh
[1.167s] -- Installing: /home/shen/learn/ROS2/ethernet_ws/install/asio_cmake_module/share/asio_cmake_module/environment/ament_prefix_path.dsv
[1.167s] -- Installing: /home/shen/learn/ROS2/ethernet_ws/install/asio_cmake_module/share/asio_cmake_module/environment/path.sh
[1.167s] -- Installing: /home/shen/learn/ROS2/ethernet_ws/install/asio_cmake_module/share/asio_cmake_module/environment/path.dsv
[1.168s] -- Installing: /home/shen/learn/ROS2/ethernet_ws/install/asio_cmake_module/share/asio_cmake_module/local_setup.bash
[1.168s] -- Installing: /home/shen/learn/ROS2/ethernet_ws/install/asio_cmake_module/share/asio_cmake_module/local_setup.sh
[1.168s] -- Installing: /home/shen/learn/ROS2/ethernet_ws/install/asio_cmake_module/share/asio_cmake_module/local_setup.zsh
[1.168s] -- Installing: /home/shen/learn/ROS2/ethernet_ws/install/asio_cmake_module/share/asio_cmake_module/local_setup.dsv
[1.169s] -- Installing: /home/shen/learn/ROS2/ethernet_ws/install/asio_cmake_module/share/asio_cmake_module/package.dsv
[1.169s] -- Installing: /home/shen/learn/ROS2/ethernet_ws/install/asio_cmake_module/share/ament_index/resource_index/packages/asio_cmake_module
[1.169s] -- Installing: /home/shen/learn/ROS2/ethernet_ws/install/asio_cmake_module/share/asio_cmake_module/cmake/asio_cmake_module-extras.cmake
[1.170s] -- Installing: /home/shen/learn/ROS2/ethernet_ws/install/asio_cmake_module/share/asio_cmake_module/cmake/asio_cmake_moduleConfig.cmake
[1.170s] -- Installing: /home/shen/learn/ROS2/ethernet_ws/install/asio_cmake_module/share/asio_cmake_module/cmake/asio_cmake_moduleConfig-version.cmake
[1.170s] -- Installing: /home/shen/learn/ROS2/ethernet_ws/install/asio_cmake_module/share/asio_cmake_module/package.xml
[1.171s] -- Up-to-date: /home/shen/learn/ROS2/ethernet_ws/install/asio_cmake_module/share/asio_cmake_module/cmake
[1.171s] -- Installing: /home/shen/learn/ROS2/ethernet_ws/install/asio_cmake_module/share/asio_cmake_module/cmake/Modules
[1.171s] -- Installing: /home/shen/learn/ROS2/ethernet_ws/install/asio_cmake_module/share/asio_cmake_module/cmake/Modules/FindASIO.cmake
[1.175s] Invoked command in '/home/shen/learn/ROS2/ethernet_ws/build/asio_cmake_module' returned '0': CMAKE_PREFIX_PATH=${CMAKE_PREFIX_PATH}:/opt/ros/humble /usr/bin/cmake --install /home/shen/learn/ROS2/ethernet_ws/build/asio_cmake_module
