[1.202s] DEBUG:colcon:Command line arguments: ['/usr/bin/colcon', 'build']
[1.202s] DEBUG:colcon:Parsed command line arguments: Namespace(log_base=None, log_level=None, verb_name='build', build_base='build', install_base='install', merge_install=False, symlink_install=False, test_result_base=None, continue_on_error=False, executor='parallel', parallel_workers=16, event_handlers=None, ignore_user_meta=False, metas=['./colcon.meta'], base_paths=['.'], packages_ignore=None, packages_ignore_regex=None, paths=None, packages_up_to=None, packages_up_to_regex=None, packages_above=None, packages_above_and_dependencies=None, packages_above_depth=None, packages_select_by_dep=None, packages_skip_by_dep=None, packages_skip_up_to=None, packages_select_build_failed=False, packages_skip_build_finished=False, packages_select_test_failures=False, packages_skip_test_passed=False, packages_select=None, packages_skip=None, packages_select_regex=None, packages_skip_regex=None, packages_start=None, packages_end=None, allow_overriding=[], cmake_args=None, cmake_target=None, cmake_target_skip_unavailable=False, cmake_clean_cache=False, cmake_clean_first=False, cmake_force_configure=False, ament_cmake_args=None, catkin_cmake_args=None, catkin_skip_building_tests=False, verb_parser=<colcon_defaults.argument_parser.defaults.DefaultArgumentsDecorator object at 0x7a69165a6c50>, verb_extension=<colcon_core.verb.build.BuildVerb object at 0x7a69176cbc70>, main=<bound method BuildVerb.main of <colcon_core.verb.build.BuildVerb object at 0x7a69176cbc70>>)
[1.250s] Level 1:colcon.colcon_core.package_discovery:discover_packages(colcon_meta) check parameters
[1.250s] Level 1:colcon.colcon_core.package_discovery:discover_packages(recursive) check parameters
[1.250s] Level 1:colcon.colcon_core.package_discovery:discover_packages(ignore) check parameters
[1.250s] Level 1:colcon.colcon_core.package_discovery:discover_packages(path) check parameters
[1.250s] Level 1:colcon.colcon_core.package_discovery:discover_packages(colcon_meta) discover
[1.250s] Level 1:colcon.colcon_core.package_discovery:discover_packages(recursive) discover
[1.250s] INFO:colcon.colcon_core.package_discovery:Crawling recursively for packages in '/home/shen/learn/ROS2/decode_ws'
[1.250s] Level 1:colcon.colcon_core.package_identification:_identify(.) by extensions ['ignore', 'ignore_ament_install']
[1.250s] Level 1:colcon.colcon_core.package_identification:_identify(.) by extension 'ignore'
[1.250s] Level 1:colcon.colcon_core.package_identification:_identify(.) by extension 'ignore_ament_install'
[1.250s] Level 1:colcon.colcon_core.package_identification:_identify(.) by extensions ['colcon_pkg']
[1.250s] Level 1:colcon.colcon_core.package_identification:_identify(.) by extension 'colcon_pkg'
[1.250s] Level 1:colcon.colcon_core.package_identification:_identify(.) by extensions ['colcon_meta']
[1.250s] Level 1:colcon.colcon_core.package_identification:_identify(.) by extension 'colcon_meta'
[1.250s] Level 1:colcon.colcon_core.package_identification:_identify(.) by extensions ['ros']
[1.250s] Level 1:colcon.colcon_core.package_identification:_identify(.) by extension 'ros'
[1.261s] Level 1:colcon.colcon_core.package_identification:_identify(.) by extensions ['cmake', 'python']
[1.261s] Level 1:colcon.colcon_core.package_identification:_identify(.) by extension 'cmake'
[1.261s] Level 1:colcon.colcon_core.package_identification:_identify(.) by extension 'python'
[1.261s] Level 1:colcon.colcon_core.package_identification:_identify(.) by extensions ['python_setup_py']
[1.261s] Level 1:colcon.colcon_core.package_identification:_identify(.) by extension 'python_setup_py'
[1.261s] Level 1:colcon.colcon_core.package_identification:_identify(build) by extensions ['ignore', 'ignore_ament_install']
[1.262s] Level 1:colcon.colcon_core.package_identification:_identify(build) by extension 'ignore'
[1.262s] Level 1:colcon.colcon_core.package_identification:_identify(build) ignored
[1.262s] Level 1:colcon.colcon_core.package_identification:_identify(install) by extensions ['ignore', 'ignore_ament_install']
[1.262s] Level 1:colcon.colcon_core.package_identification:_identify(install) by extension 'ignore'
[1.262s] Level 1:colcon.colcon_core.package_identification:_identify(install) ignored
[1.262s] Level 1:colcon.colcon_core.package_identification:_identify(log) by extensions ['ignore', 'ignore_ament_install']
[1.262s] Level 1:colcon.colcon_core.package_identification:_identify(log) by extension 'ignore'
[1.262s] Level 1:colcon.colcon_core.package_identification:_identify(log) ignored
[1.262s] Level 1:colcon.colcon_core.package_identification:_identify(src) by extensions ['ignore', 'ignore_ament_install']
[1.262s] Level 1:colcon.colcon_core.package_identification:_identify(src) by extension 'ignore'
[1.262s] Level 1:colcon.colcon_core.package_identification:_identify(src) by extension 'ignore_ament_install'
[1.262s] Level 1:colcon.colcon_core.package_identification:_identify(src) by extensions ['colcon_pkg']
[1.262s] Level 1:colcon.colcon_core.package_identification:_identify(src) by extension 'colcon_pkg'
[1.262s] Level 1:colcon.colcon_core.package_identification:_identify(src) by extensions ['colcon_meta']
[1.262s] Level 1:colcon.colcon_core.package_identification:_identify(src) by extension 'colcon_meta'
[1.262s] Level 1:colcon.colcon_core.package_identification:_identify(src) by extensions ['ros']
[1.263s] Level 1:colcon.colcon_core.package_identification:_identify(src) by extension 'ros'
[1.263s] Level 1:colcon.colcon_core.package_identification:_identify(src) by extensions ['cmake', 'python']
[1.263s] Level 1:colcon.colcon_core.package_identification:_identify(src) by extension 'cmake'
[1.263s] Level 1:colcon.colcon_core.package_identification:_identify(src) by extension 'python'
[1.263s] Level 1:colcon.colcon_core.package_identification:_identify(src) by extensions ['python_setup_py']
[1.263s] Level 1:colcon.colcon_core.package_identification:_identify(src) by extension 'python_setup_py'
[1.263s] Level 1:colcon.colcon_core.package_identification:_identify(src/h264_decode) by extensions ['ignore', 'ignore_ament_install']
[1.263s] Level 1:colcon.colcon_core.package_identification:_identify(src/h264_decode) by extension 'ignore'
[1.263s] Level 1:colcon.colcon_core.package_identification:_identify(src/h264_decode) by extension 'ignore_ament_install'
[1.263s] Level 1:colcon.colcon_core.package_identification:_identify(src/h264_decode) by extensions ['colcon_pkg']
[1.263s] Level 1:colcon.colcon_core.package_identification:_identify(src/h264_decode) by extension 'colcon_pkg'
[1.263s] Level 1:colcon.colcon_core.package_identification:_identify(src/h264_decode) by extensions ['colcon_meta']
[1.263s] Level 1:colcon.colcon_core.package_identification:_identify(src/h264_decode) by extension 'colcon_meta'
[1.263s] Level 1:colcon.colcon_core.package_identification:_identify(src/h264_decode) by extensions ['ros']
[1.263s] Level 1:colcon.colcon_core.package_identification:_identify(src/h264_decode) by extension 'ros'
[1.266s] DEBUG:colcon.colcon_core.package_identification:Package 'src/h264_decode' with type 'ros.ament_cmake' and name 'h264_decode'
[1.266s] Level 1:colcon.colcon_core.package_discovery:discover_packages(recursive) using defaults
[1.266s] Level 1:colcon.colcon_core.package_discovery:discover_packages(ignore) discover
[1.266s] Level 1:colcon.colcon_core.package_discovery:discover_packages(ignore) using defaults
[1.266s] Level 1:colcon.colcon_core.package_discovery:discover_packages(path) discover
[1.266s] Level 1:colcon.colcon_core.package_discovery:discover_packages(path) using defaults
[1.367s] Level 1:colcon.colcon_core.package_discovery:discover_packages(prefix_path) check parameters
[1.367s] Level 1:colcon.colcon_core.package_discovery:discover_packages(prefix_path) discover
[1.403s] DEBUG:colcon.colcon_installed_package_information.package_discovery:Found 1 installed packages in /home/shen/learn/ROS2/decode_ws/install
[1.420s] DEBUG:colcon.colcon_installed_package_information.package_discovery:Found 345 installed packages in /opt/ros/humble
[1.422s] Level 1:colcon.colcon_core.package_discovery:discover_packages(prefix_path) using defaults
[1.552s] Level 5:colcon.colcon_core.verb:set package 'h264_decode' build argument 'cmake_args' from command line to 'None'
[1.552s] Level 5:colcon.colcon_core.verb:set package 'h264_decode' build argument 'cmake_target' from command line to 'None'
[1.552s] Level 5:colcon.colcon_core.verb:set package 'h264_decode' build argument 'cmake_target_skip_unavailable' from command line to 'False'
[1.552s] Level 5:colcon.colcon_core.verb:set package 'h264_decode' build argument 'cmake_clean_cache' from command line to 'False'
[1.552s] Level 5:colcon.colcon_core.verb:set package 'h264_decode' build argument 'cmake_clean_first' from command line to 'False'
[1.552s] Level 5:colcon.colcon_core.verb:set package 'h264_decode' build argument 'cmake_force_configure' from command line to 'False'
[1.552s] Level 5:colcon.colcon_core.verb:set package 'h264_decode' build argument 'ament_cmake_args' from command line to 'None'
[1.552s] Level 5:colcon.colcon_core.verb:set package 'h264_decode' build argument 'catkin_cmake_args' from command line to 'None'
[1.553s] Level 5:colcon.colcon_core.verb:set package 'h264_decode' build argument 'catkin_skip_building_tests' from command line to 'False'
[1.553s] DEBUG:colcon.colcon_core.verb:Building package 'h264_decode' with the following arguments: {'ament_cmake_args': None, 'build_base': '/home/shen/learn/ROS2/decode_ws/build/h264_decode', 'catkin_cmake_args': None, 'catkin_skip_building_tests': False, 'cmake_args': None, 'cmake_clean_cache': False, 'cmake_clean_first': False, 'cmake_force_configure': False, 'cmake_target': None, 'cmake_target_skip_unavailable': False, 'install_base': '/home/shen/learn/ROS2/decode_ws/install/h264_decode', 'merge_install': False, 'path': '/home/shen/learn/ROS2/decode_ws/src/h264_decode', 'symlink_install': False, 'test_result_base': None}
[1.573s] INFO:colcon.colcon_core.executor:Executing jobs using 'parallel' executor
[1.594s] DEBUG:colcon.colcon_parallel_executor.executor.parallel:run_until_complete
[1.595s] INFO:colcon.colcon_ros.task.ament_cmake.build:Building ROS package in '/home/shen/learn/ROS2/decode_ws/src/h264_decode' with build type 'ament_cmake'
[1.595s] INFO:colcon.colcon_cmake.task.cmake.build:Building CMake package in '/home/shen/learn/ROS2/decode_ws/src/h264_decode'
[1.619s] INFO:colcon.colcon_core.plugin_system:Skipping extension 'colcon_core.shell.bat': Not used on non-Windows systems
[1.619s] INFO:colcon.colcon_core.shell:Skip shell extension 'powershell' for command environment: Not usable outside of PowerShell
[1.620s] DEBUG:colcon.colcon_core.shell:Skip shell extension 'dsv' for command environment
[1.713s] DEBUG:colcon.colcon_core.event_handler.log_command:Invoking command in '/home/shen/learn/ROS2/decode_ws/build/h264_decode': CMAKE_PREFIX_PATH=${CMAKE_PREFIX_PATH}:/opt/ros/humble /usr/bin/cmake --build /home/shen/learn/ROS2/decode_ws/build/h264_decode -- -j16 -l16
[14.429s] DEBUG:colcon.colcon_core.event_handler.log_command:Invoked command in '/home/shen/learn/ROS2/decode_ws/build/h264_decode' returned '0': CMAKE_PREFIX_PATH=${CMAKE_PREFIX_PATH}:/opt/ros/humble /usr/bin/cmake --build /home/shen/learn/ROS2/decode_ws/build/h264_decode -- -j16 -l16
[14.476s] DEBUG:colcon.colcon_core.event_handler.log_command:Invoking command in '/home/shen/learn/ROS2/decode_ws/build/h264_decode': CMAKE_PREFIX_PATH=${CMAKE_PREFIX_PATH}:/opt/ros/humble /usr/bin/cmake --install /home/shen/learn/ROS2/decode_ws/build/h264_decode
[14.501s] Level 1:colcon.colcon_core.environment:create_environment_scripts_only(h264_decode)
[14.502s] DEBUG:colcon.colcon_core.event_handler.log_command:Invoked command in '/home/shen/learn/ROS2/decode_ws/build/h264_decode' returned '0': CMAKE_PREFIX_PATH=${CMAKE_PREFIX_PATH}:/opt/ros/humble /usr/bin/cmake --install /home/shen/learn/ROS2/decode_ws/build/h264_decode
[14.523s] Level 1:colcon.colcon_core.environment:checking '/home/shen/learn/ROS2/decode_ws/install/h264_decode' for CMake module files
[14.524s] Level 1:colcon.colcon_core.environment:checking '/home/shen/learn/ROS2/decode_ws/install/h264_decode' for CMake config files
[14.524s] Level 1:colcon.colcon_core.shell:create_environment_hook('h264_decode', 'cmake_prefix_path')
[14.541s] INFO:colcon.colcon_core.shell:Creating environment hook '/home/shen/learn/ROS2/decode_ws/install/h264_decode/share/h264_decode/hook/cmake_prefix_path.ps1'
[14.542s] INFO:colcon.colcon_core.shell:Creating environment descriptor '/home/shen/learn/ROS2/decode_ws/install/h264_decode/share/h264_decode/hook/cmake_prefix_path.dsv'
[14.543s] INFO:colcon.colcon_core.shell:Creating environment hook '/home/shen/learn/ROS2/decode_ws/install/h264_decode/share/h264_decode/hook/cmake_prefix_path.sh'
[14.543s] Level 1:colcon.colcon_core.environment:checking '/home/shen/learn/ROS2/decode_ws/install/h264_decode/lib'
[14.544s] Level 1:colcon.colcon_core.environment:checking '/home/shen/learn/ROS2/decode_ws/install/h264_decode/bin'
[14.544s] Level 1:colcon.colcon_core.environment:checking '/home/shen/learn/ROS2/decode_ws/install/h264_decode/lib/pkgconfig/h264_decode.pc'
[14.544s] Level 1:colcon.colcon_core.environment:checking '/home/shen/learn/ROS2/decode_ws/install/h264_decode/lib/python3.10/site-packages'
[14.544s] Level 1:colcon.colcon_core.environment:checking '/home/shen/learn/ROS2/decode_ws/install/h264_decode/bin'
[14.561s] INFO:colcon.colcon_core.shell:Creating package script '/home/shen/learn/ROS2/decode_ws/install/h264_decode/share/h264_decode/package.ps1'
[14.563s] INFO:colcon.colcon_core.shell:Creating package descriptor '/home/shen/learn/ROS2/decode_ws/install/h264_decode/share/h264_decode/package.dsv'
[14.564s] INFO:colcon.colcon_core.shell:Creating package script '/home/shen/learn/ROS2/decode_ws/install/h264_decode/share/h264_decode/package.sh'
[14.565s] INFO:colcon.colcon_core.shell:Creating package script '/home/shen/learn/ROS2/decode_ws/install/h264_decode/share/h264_decode/package.bash'
[14.568s] INFO:colcon.colcon_core.shell:Creating package script '/home/shen/learn/ROS2/decode_ws/install/h264_decode/share/h264_decode/package.zsh'
[14.570s] Level 1:colcon.colcon_core.environment:create_file_with_runtime_dependencies(/home/shen/learn/ROS2/decode_ws/install/h264_decode/share/colcon-core/packages/h264_decode)
[14.632s] Level 1:colcon.colcon_core.environment:create_environment_scripts_only(h264_decode)
[14.655s] Level 1:colcon.colcon_core.environment:checking '/home/shen/learn/ROS2/decode_ws/install/h264_decode' for CMake module files
[14.656s] Level 1:colcon.colcon_core.environment:checking '/home/shen/learn/ROS2/decode_ws/install/h264_decode' for CMake config files
[14.656s] Level 1:colcon.colcon_core.shell:create_environment_hook('h264_decode', 'cmake_prefix_path')
[14.678s] INFO:colcon.colcon_core.shell:Creating environment hook '/home/shen/learn/ROS2/decode_ws/install/h264_decode/share/h264_decode/hook/cmake_prefix_path.ps1'
[14.679s] INFO:colcon.colcon_core.shell:Creating environment descriptor '/home/shen/learn/ROS2/decode_ws/install/h264_decode/share/h264_decode/hook/cmake_prefix_path.dsv'
[14.679s] INFO:colcon.colcon_core.shell:Creating environment hook '/home/shen/learn/ROS2/decode_ws/install/h264_decode/share/h264_decode/hook/cmake_prefix_path.sh'
[14.680s] Level 1:colcon.colcon_core.environment:checking '/home/shen/learn/ROS2/decode_ws/install/h264_decode/lib'
[14.680s] Level 1:colcon.colcon_core.environment:checking '/home/shen/learn/ROS2/decode_ws/install/h264_decode/bin'
[14.680s] Level 1:colcon.colcon_core.environment:checking '/home/shen/learn/ROS2/decode_ws/install/h264_decode/lib/pkgconfig/h264_decode.pc'
[14.681s] Level 1:colcon.colcon_core.environment:checking '/home/shen/learn/ROS2/decode_ws/install/h264_decode/lib/python3.10/site-packages'
[14.681s] Level 1:colcon.colcon_core.environment:checking '/home/shen/learn/ROS2/decode_ws/install/h264_decode/bin'
[14.697s] INFO:colcon.colcon_core.shell:Creating package script '/home/shen/learn/ROS2/decode_ws/install/h264_decode/share/h264_decode/package.ps1'
[14.698s] INFO:colcon.colcon_core.shell:Creating package descriptor '/home/shen/learn/ROS2/decode_ws/install/h264_decode/share/h264_decode/package.dsv'
[14.699s] INFO:colcon.colcon_core.shell:Creating package script '/home/shen/learn/ROS2/decode_ws/install/h264_decode/share/h264_decode/package.sh'
[14.700s] INFO:colcon.colcon_core.shell:Creating package script '/home/shen/learn/ROS2/decode_ws/install/h264_decode/share/h264_decode/package.bash'
[14.701s] INFO:colcon.colcon_core.shell:Creating package script '/home/shen/learn/ROS2/decode_ws/install/h264_decode/share/h264_decode/package.zsh'
[14.701s] Level 1:colcon.colcon_core.environment:create_file_with_runtime_dependencies(/home/shen/learn/ROS2/decode_ws/install/h264_decode/share/colcon-core/packages/h264_decode)
[14.702s] DEBUG:colcon.colcon_parallel_executor.executor.parallel:closing loop
[14.702s] DEBUG:colcon.colcon_parallel_executor.executor.parallel:loop closed
[14.702s] DEBUG:colcon.colcon_parallel_executor.executor.parallel:run_until_complete finished with '0'
[14.703s] DEBUG:colcon.colcon_core.event_reactor:joining thread
[14.728s] INFO:colcon.colcon_core.plugin_system:Skipping extension 'colcon_notification.desktop_notification.terminal_notifier': Not used on non-Darwin systems
[14.729s] INFO:colcon.colcon_core.plugin_system:Skipping extension 'colcon_notification.desktop_notification.win32': Not used on non-Windows systems
[14.729s] INFO:colcon.colcon_notification.desktop_notification:Sending desktop notification using 'notify2'
[14.744s] DEBUG:colcon.colcon_core.event_reactor:joined thread
[14.758s] INFO:colcon.colcon_core.shell:Creating prefix script '/home/shen/learn/ROS2/decode_ws/install/local_setup.ps1'
[14.759s] INFO:colcon.colcon_core.shell:Creating prefix util module '/home/shen/learn/ROS2/decode_ws/install/_local_setup_util_ps1.py'
[14.761s] INFO:colcon.colcon_core.shell:Creating prefix chain script '/home/shen/learn/ROS2/decode_ws/install/setup.ps1'
[14.781s] INFO:colcon.colcon_core.shell:Creating prefix script '/home/shen/learn/ROS2/decode_ws/install/local_setup.sh'
[14.781s] INFO:colcon.colcon_core.shell:Creating prefix util module '/home/shen/learn/ROS2/decode_ws/install/_local_setup_util_sh.py'
[14.782s] INFO:colcon.colcon_core.shell:Creating prefix chain script '/home/shen/learn/ROS2/decode_ws/install/setup.sh'
[14.799s] INFO:colcon.colcon_core.shell:Creating prefix script '/home/shen/learn/ROS2/decode_ws/install/local_setup.bash'
[14.800s] INFO:colcon.colcon_core.shell:Creating prefix chain script '/home/shen/learn/ROS2/decode_ws/install/setup.bash'
[14.818s] INFO:colcon.colcon_core.shell:Creating prefix script '/home/shen/learn/ROS2/decode_ws/install/local_setup.zsh'
[14.819s] INFO:colcon.colcon_core.shell:Creating prefix chain script '/home/shen/learn/ROS2/decode_ws/install/setup.zsh'
