[0.831s] DEBUG:colcon:Command line arguments: ['/usr/bin/colcon', 'build']
[0.831s] DEBUG:colcon:Parsed command line arguments: Namespace(log_base=None, log_level=None, verb_name='build', build_base='build', install_base='install', merge_install=False, symlink_install=False, test_result_base=None, continue_on_error=False, executor='parallel', parallel_workers=16, event_handlers=None, ignore_user_meta=False, metas=['./colcon.meta'], base_paths=['.'], packages_ignore=None, packages_ignore_regex=None, paths=None, packages_up_to=None, packages_up_to_regex=None, packages_above=None, packages_above_and_dependencies=None, packages_above_depth=None, packages_select_by_dep=None, packages_skip_by_dep=None, packages_skip_up_to=None, packages_select_build_failed=False, packages_skip_build_finished=False, packages_select_test_failures=False, packages_skip_test_passed=False, packages_select=None, packages_skip=None, packages_select_regex=None, packages_skip_regex=None, packages_start=None, packages_end=None, allow_overriding=[], cmake_args=None, cmake_target=None, cmake_target_skip_unavailable=False, cmake_clean_cache=False, cmake_clean_first=False, cmake_force_configure=False, ament_cmake_args=None, catkin_cmake_args=None, catkin_skip_building_tests=False, verb_parser=<colcon_defaults.argument_parser.defaults.DefaultArgumentsDecorator object at 0x7e22298b0d60>, verb_extension=<colcon_core.verb.build.BuildVerb object at 0x7e2229cd3d00>, main=<bound method BuildVerb.main of <colcon_core.verb.build.BuildVerb object at 0x7e2229cd3d00>>)
[0.869s] Level 1:colcon.colcon_core.package_discovery:discover_packages(colcon_meta) check parameters
[0.869s] Level 1:colcon.colcon_core.package_discovery:discover_packages(recursive) check parameters
[0.869s] Level 1:colcon.colcon_core.package_discovery:discover_packages(ignore) check parameters
[0.869s] Level 1:colcon.colcon_core.package_discovery:discover_packages(path) check parameters
[0.869s] Level 1:colcon.colcon_core.package_discovery:discover_packages(colcon_meta) discover
[0.869s] Level 1:colcon.colcon_core.package_discovery:discover_packages(recursive) discover
[0.869s] INFO:colcon.colcon_core.package_discovery:Crawling recursively for packages in '/home/shen/learn/ROS2/ars408_ws'
[0.869s] Level 1:colcon.colcon_core.package_identification:_identify(.) by extensions ['ignore', 'ignore_ament_install']
[0.869s] Level 1:colcon.colcon_core.package_identification:_identify(.) by extension 'ignore'
[0.869s] Level 1:colcon.colcon_core.package_identification:_identify(.) by extension 'ignore_ament_install'
[0.869s] Level 1:colcon.colcon_core.package_identification:_identify(.) by extensions ['colcon_pkg']
[0.869s] Level 1:colcon.colcon_core.package_identification:_identify(.) by extension 'colcon_pkg'
[0.869s] Level 1:colcon.colcon_core.package_identification:_identify(.) by extensions ['colcon_meta']
[0.870s] Level 1:colcon.colcon_core.package_identification:_identify(.) by extension 'colcon_meta'
[0.870s] Level 1:colcon.colcon_core.package_identification:_identify(.) by extensions ['ros']
[0.870s] Level 1:colcon.colcon_core.package_identification:_identify(.) by extension 'ros'
[0.879s] Level 1:colcon.colcon_core.package_identification:_identify(.) by extensions ['cmake', 'python']
[0.879s] Level 1:colcon.colcon_core.package_identification:_identify(.) by extension 'cmake'
[0.879s] Level 1:colcon.colcon_core.package_identification:_identify(.) by extension 'python'
[0.879s] Level 1:colcon.colcon_core.package_identification:_identify(.) by extensions ['python_setup_py']
[0.879s] Level 1:colcon.colcon_core.package_identification:_identify(.) by extension 'python_setup_py'
[0.879s] Level 1:colcon.colcon_core.package_identification:_identify(build) by extensions ['ignore', 'ignore_ament_install']
[0.879s] Level 1:colcon.colcon_core.package_identification:_identify(build) by extension 'ignore'
[0.879s] Level 1:colcon.colcon_core.package_identification:_identify(build) ignored
[0.879s] Level 1:colcon.colcon_core.package_identification:_identify(install) by extensions ['ignore', 'ignore_ament_install']
[0.879s] Level 1:colcon.colcon_core.package_identification:_identify(install) by extension 'ignore'
[0.879s] Level 1:colcon.colcon_core.package_identification:_identify(install) ignored
[0.879s] Level 1:colcon.colcon_core.package_identification:_identify(log) by extensions ['ignore', 'ignore_ament_install']
[0.879s] Level 1:colcon.colcon_core.package_identification:_identify(log) by extension 'ignore'
[0.879s] Level 1:colcon.colcon_core.package_identification:_identify(log) ignored
[0.879s] Level 1:colcon.colcon_core.package_identification:_identify(src) by extensions ['ignore', 'ignore_ament_install']
[0.879s] Level 1:colcon.colcon_core.package_identification:_identify(src) by extension 'ignore'
[0.880s] Level 1:colcon.colcon_core.package_identification:_identify(src) by extension 'ignore_ament_install'
[0.880s] Level 1:colcon.colcon_core.package_identification:_identify(src) by extensions ['colcon_pkg']
[0.880s] Level 1:colcon.colcon_core.package_identification:_identify(src) by extension 'colcon_pkg'
[0.880s] Level 1:colcon.colcon_core.package_identification:_identify(src) by extensions ['colcon_meta']
[0.880s] Level 1:colcon.colcon_core.package_identification:_identify(src) by extension 'colcon_meta'
[0.880s] Level 1:colcon.colcon_core.package_identification:_identify(src) by extensions ['ros']
[0.880s] Level 1:colcon.colcon_core.package_identification:_identify(src) by extension 'ros'
[0.880s] Level 1:colcon.colcon_core.package_identification:_identify(src) by extensions ['cmake', 'python']
[0.880s] Level 1:colcon.colcon_core.package_identification:_identify(src) by extension 'cmake'
[0.880s] Level 1:colcon.colcon_core.package_identification:_identify(src) by extension 'python'
[0.880s] Level 1:colcon.colcon_core.package_identification:_identify(src) by extensions ['python_setup_py']
[0.880s] Level 1:colcon.colcon_core.package_identification:_identify(src) by extension 'python_setup_py'
[0.880s] Level 1:colcon.colcon_core.package_identification:_identify(src/ars408_driver) by extensions ['ignore', 'ignore_ament_install']
[0.880s] Level 1:colcon.colcon_core.package_identification:_identify(src/ars408_driver) by extension 'ignore'
[0.880s] Level 1:colcon.colcon_core.package_identification:_identify(src/ars408_driver) by extension 'ignore_ament_install'
[0.880s] Level 1:colcon.colcon_core.package_identification:_identify(src/ars408_driver) by extensions ['colcon_pkg']
[0.880s] Level 1:colcon.colcon_core.package_identification:_identify(src/ars408_driver) by extension 'colcon_pkg'
[0.880s] Level 1:colcon.colcon_core.package_identification:_identify(src/ars408_driver) by extensions ['colcon_meta']
[0.880s] Level 1:colcon.colcon_core.package_identification:_identify(src/ars408_driver) by extension 'colcon_meta'
[0.880s] Level 1:colcon.colcon_core.package_identification:_identify(src/ars408_driver) by extensions ['ros']
[0.880s] Level 1:colcon.colcon_core.package_identification:_identify(src/ars408_driver) by extension 'ros'
[0.883s] DEBUG:colcon.colcon_core.package_identification:Package 'src/ars408_driver' with type 'ros.ament_cmake' and name 'pe_ars408_ros'
[0.883s] Level 1:colcon.colcon_core.package_identification:_identify(src/ros2_socketcan) by extensions ['ignore', 'ignore_ament_install']
[0.883s] Level 1:colcon.colcon_core.package_identification:_identify(src/ros2_socketcan) by extension 'ignore'
[0.883s] Level 1:colcon.colcon_core.package_identification:_identify(src/ros2_socketcan) by extension 'ignore_ament_install'
[0.883s] Level 1:colcon.colcon_core.package_identification:_identify(src/ros2_socketcan) by extensions ['colcon_pkg']
[0.883s] Level 1:colcon.colcon_core.package_identification:_identify(src/ros2_socketcan) by extension 'colcon_pkg'
[0.883s] Level 1:colcon.colcon_core.package_identification:_identify(src/ros2_socketcan) by extensions ['colcon_meta']
[0.883s] Level 1:colcon.colcon_core.package_identification:_identify(src/ros2_socketcan) by extension 'colcon_meta'
[0.883s] Level 1:colcon.colcon_core.package_identification:_identify(src/ros2_socketcan) by extensions ['ros']
[0.883s] Level 1:colcon.colcon_core.package_identification:_identify(src/ros2_socketcan) by extension 'ros'
[0.883s] Level 1:colcon.colcon_core.package_identification:_identify(src/ros2_socketcan) by extensions ['cmake', 'python']
[0.883s] Level 1:colcon.colcon_core.package_identification:_identify(src/ros2_socketcan) by extension 'cmake'
[0.883s] Level 1:colcon.colcon_core.package_identification:_identify(src/ros2_socketcan) by extension 'python'
[0.883s] Level 1:colcon.colcon_core.package_identification:_identify(src/ros2_socketcan) by extensions ['python_setup_py']
[0.883s] Level 1:colcon.colcon_core.package_identification:_identify(src/ros2_socketcan) by extension 'python_setup_py'
[0.883s] Level 1:colcon.colcon_core.package_identification:_identify(src/ros2_socketcan/ros2_socketcan) by extensions ['ignore', 'ignore_ament_install']
[0.883s] Level 1:colcon.colcon_core.package_identification:_identify(src/ros2_socketcan/ros2_socketcan) by extension 'ignore'
[0.883s] Level 1:colcon.colcon_core.package_identification:_identify(src/ros2_socketcan/ros2_socketcan) by extension 'ignore_ament_install'
[0.883s] Level 1:colcon.colcon_core.package_identification:_identify(src/ros2_socketcan/ros2_socketcan) by extensions ['colcon_pkg']
[0.884s] Level 1:colcon.colcon_core.package_identification:_identify(src/ros2_socketcan/ros2_socketcan) by extension 'colcon_pkg'
[0.884s] Level 1:colcon.colcon_core.package_identification:_identify(src/ros2_socketcan/ros2_socketcan) by extensions ['colcon_meta']
[0.884s] Level 1:colcon.colcon_core.package_identification:_identify(src/ros2_socketcan/ros2_socketcan) by extension 'colcon_meta'
[0.884s] Level 1:colcon.colcon_core.package_identification:_identify(src/ros2_socketcan/ros2_socketcan) by extensions ['ros']
[0.884s] Level 1:colcon.colcon_core.package_identification:_identify(src/ros2_socketcan/ros2_socketcan) by extension 'ros'
[0.884s] DEBUG:colcon.colcon_core.package_identification:Package 'src/ros2_socketcan/ros2_socketcan' with type 'ros.ament_cmake' and name 'ros2_socketcan'
[0.884s] Level 1:colcon.colcon_core.package_identification:_identify(src/ros2_socketcan/ros2_socketcan_msgs) by extensions ['ignore', 'ignore_ament_install']
[0.885s] Level 1:colcon.colcon_core.package_identification:_identify(src/ros2_socketcan/ros2_socketcan_msgs) by extension 'ignore'
[0.885s] Level 1:colcon.colcon_core.package_identification:_identify(src/ros2_socketcan/ros2_socketcan_msgs) by extension 'ignore_ament_install'
[0.885s] Level 1:colcon.colcon_core.package_identification:_identify(src/ros2_socketcan/ros2_socketcan_msgs) by extensions ['colcon_pkg']
[0.885s] Level 1:colcon.colcon_core.package_identification:_identify(src/ros2_socketcan/ros2_socketcan_msgs) by extension 'colcon_pkg'
[0.885s] Level 1:colcon.colcon_core.package_identification:_identify(src/ros2_socketcan/ros2_socketcan_msgs) by extensions ['colcon_meta']
[0.885s] Level 1:colcon.colcon_core.package_identification:_identify(src/ros2_socketcan/ros2_socketcan_msgs) by extension 'colcon_meta'
[0.885s] Level 1:colcon.colcon_core.package_identification:_identify(src/ros2_socketcan/ros2_socketcan_msgs) by extensions ['ros']
[0.885s] Level 1:colcon.colcon_core.package_identification:_identify(src/ros2_socketcan/ros2_socketcan_msgs) by extension 'ros'
[0.885s] DEBUG:colcon.colcon_core.package_identification:Package 'src/ros2_socketcan/ros2_socketcan_msgs' with type 'ros.ament_cmake' and name 'ros2_socketcan_msgs'
[0.885s] Level 1:colcon.colcon_core.package_discovery:discover_packages(recursive) using defaults
[0.885s] Level 1:colcon.colcon_core.package_discovery:discover_packages(ignore) discover
[0.885s] Level 1:colcon.colcon_core.package_discovery:discover_packages(ignore) using defaults
[0.885s] Level 1:colcon.colcon_core.package_discovery:discover_packages(path) discover
[0.885s] Level 1:colcon.colcon_core.package_discovery:discover_packages(path) using defaults
[0.960s] Level 1:colcon.colcon_core.package_discovery:discover_packages(prefix_path) check parameters
[0.960s] Level 1:colcon.colcon_core.package_discovery:discover_packages(prefix_path) discover
[0.985s] DEBUG:colcon.colcon_installed_package_information.package_discovery:Found 3 installed packages in /home/shen/learn/ROS2/ars408_ws/install
[0.998s] DEBUG:colcon.colcon_installed_package_information.package_discovery:Found 341 installed packages in /opt/ros/humble
[1.000s] Level 1:colcon.colcon_core.package_discovery:discover_packages(prefix_path) using defaults
[1.090s] Level 5:colcon.colcon_core.verb:set package 'ros2_socketcan_msgs' build argument 'cmake_args' from command line to 'None'
[1.090s] Level 5:colcon.colcon_core.verb:set package 'ros2_socketcan_msgs' build argument 'cmake_target' from command line to 'None'
[1.090s] Level 5:colcon.colcon_core.verb:set package 'ros2_socketcan_msgs' build argument 'cmake_target_skip_unavailable' from command line to 'False'
[1.090s] Level 5:colcon.colcon_core.verb:set package 'ros2_socketcan_msgs' build argument 'cmake_clean_cache' from command line to 'False'
[1.090s] Level 5:colcon.colcon_core.verb:set package 'ros2_socketcan_msgs' build argument 'cmake_clean_first' from command line to 'False'
[1.090s] Level 5:colcon.colcon_core.verb:set package 'ros2_socketcan_msgs' build argument 'cmake_force_configure' from command line to 'False'
[1.090s] Level 5:colcon.colcon_core.verb:set package 'ros2_socketcan_msgs' build argument 'ament_cmake_args' from command line to 'None'
[1.090s] Level 5:colcon.colcon_core.verb:set package 'ros2_socketcan_msgs' build argument 'catkin_cmake_args' from command line to 'None'
[1.090s] Level 5:colcon.colcon_core.verb:set package 'ros2_socketcan_msgs' build argument 'catkin_skip_building_tests' from command line to 'False'
[1.090s] DEBUG:colcon.colcon_core.verb:Building package 'ros2_socketcan_msgs' with the following arguments: {'ament_cmake_args': None, 'build_base': '/home/shen/learn/ROS2/ars408_ws/build/ros2_socketcan_msgs', 'catkin_cmake_args': None, 'catkin_skip_building_tests': False, 'cmake_args': None, 'cmake_clean_cache': False, 'cmake_clean_first': False, 'cmake_force_configure': False, 'cmake_target': None, 'cmake_target_skip_unavailable': False, 'install_base': '/home/shen/learn/ROS2/ars408_ws/install/ros2_socketcan_msgs', 'merge_install': False, 'path': '/home/shen/learn/ROS2/ars408_ws/src/ros2_socketcan/ros2_socketcan_msgs', 'symlink_install': False, 'test_result_base': None}
[1.102s] Level 5:colcon.colcon_core.verb:set package 'ros2_socketcan' build argument 'cmake_args' from command line to 'None'
[1.102s] Level 5:colcon.colcon_core.verb:set package 'ros2_socketcan' build argument 'cmake_target' from command line to 'None'
[1.102s] Level 5:colcon.colcon_core.verb:set package 'ros2_socketcan' build argument 'cmake_target_skip_unavailable' from command line to 'False'
[1.102s] Level 5:colcon.colcon_core.verb:set package 'ros2_socketcan' build argument 'cmake_clean_cache' from command line to 'False'
[1.102s] Level 5:colcon.colcon_core.verb:set package 'ros2_socketcan' build argument 'cmake_clean_first' from command line to 'False'
[1.102s] Level 5:colcon.colcon_core.verb:set package 'ros2_socketcan' build argument 'cmake_force_configure' from command line to 'False'
[1.102s] Level 5:colcon.colcon_core.verb:set package 'ros2_socketcan' build argument 'ament_cmake_args' from command line to 'None'
[1.102s] Level 5:colcon.colcon_core.verb:set package 'ros2_socketcan' build argument 'catkin_cmake_args' from command line to 'None'
[1.102s] Level 5:colcon.colcon_core.verb:set package 'ros2_socketcan' build argument 'catkin_skip_building_tests' from command line to 'False'
[1.102s] DEBUG:colcon.colcon_core.verb:Building package 'ros2_socketcan' with the following arguments: {'ament_cmake_args': None, 'build_base': '/home/shen/learn/ROS2/ars408_ws/build/ros2_socketcan', 'catkin_cmake_args': None, 'catkin_skip_building_tests': False, 'cmake_args': None, 'cmake_clean_cache': False, 'cmake_clean_first': False, 'cmake_force_configure': False, 'cmake_target': None, 'cmake_target_skip_unavailable': False, 'install_base': '/home/shen/learn/ROS2/ars408_ws/install/ros2_socketcan', 'merge_install': False, 'path': '/home/shen/learn/ROS2/ars408_ws/src/ros2_socketcan/ros2_socketcan', 'symlink_install': False, 'test_result_base': None}
[1.114s] Level 5:colcon.colcon_core.verb:set package 'pe_ars408_ros' build argument 'cmake_args' from command line to 'None'
[1.114s] Level 5:colcon.colcon_core.verb:set package 'pe_ars408_ros' build argument 'cmake_target' from command line to 'None'
[1.114s] Level 5:colcon.colcon_core.verb:set package 'pe_ars408_ros' build argument 'cmake_target_skip_unavailable' from command line to 'False'
[1.114s] Level 5:colcon.colcon_core.verb:set package 'pe_ars408_ros' build argument 'cmake_clean_cache' from command line to 'False'
[1.114s] Level 5:colcon.colcon_core.verb:set package 'pe_ars408_ros' build argument 'cmake_clean_first' from command line to 'False'
[1.114s] Level 5:colcon.colcon_core.verb:set package 'pe_ars408_ros' build argument 'cmake_force_configure' from command line to 'False'
[1.115s] Level 5:colcon.colcon_core.verb:set package 'pe_ars408_ros' build argument 'ament_cmake_args' from command line to 'None'
[1.115s] Level 5:colcon.colcon_core.verb:set package 'pe_ars408_ros' build argument 'catkin_cmake_args' from command line to 'None'
[1.115s] Level 5:colcon.colcon_core.verb:set package 'pe_ars408_ros' build argument 'catkin_skip_building_tests' from command line to 'False'
[1.115s] DEBUG:colcon.colcon_core.verb:Building package 'pe_ars408_ros' with the following arguments: {'ament_cmake_args': None, 'build_base': '/home/shen/learn/ROS2/ars408_ws/build/pe_ars408_ros', 'catkin_cmake_args': None, 'catkin_skip_building_tests': False, 'cmake_args': None, 'cmake_clean_cache': False, 'cmake_clean_first': False, 'cmake_force_configure': False, 'cmake_target': None, 'cmake_target_skip_unavailable': False, 'install_base': '/home/shen/learn/ROS2/ars408_ws/install/pe_ars408_ros', 'merge_install': False, 'path': '/home/shen/learn/ROS2/ars408_ws/src/ars408_driver', 'symlink_install': False, 'test_result_base': None}
[1.126s] INFO:colcon.colcon_core.executor:Executing jobs using 'parallel' executor
[1.140s] DEBUG:colcon.colcon_parallel_executor.executor.parallel:run_until_complete
[1.140s] INFO:colcon.colcon_ros.task.ament_cmake.build:Building ROS package in '/home/shen/learn/ROS2/ars408_ws/src/ros2_socketcan/ros2_socketcan_msgs' with build type 'ament_cmake'
[1.140s] INFO:colcon.colcon_cmake.task.cmake.build:Building CMake package in '/home/shen/learn/ROS2/ars408_ws/src/ros2_socketcan/ros2_socketcan_msgs'
[1.155s] INFO:colcon.colcon_core.plugin_system:Skipping extension 'colcon_core.shell.bat': Not used on non-Windows systems
[1.155s] INFO:colcon.colcon_core.shell:Skip shell extension 'powershell' for command environment: Not usable outside of PowerShell
[1.155s] DEBUG:colcon.colcon_core.shell:Skip shell extension 'dsv' for command environment
[1.206s] DEBUG:colcon.colcon_core.event_handler.log_command:Invoking command in '/home/shen/learn/ROS2/ars408_ws/build/ros2_socketcan_msgs': CMAKE_PREFIX_PATH=${CMAKE_PREFIX_PATH}:/opt/ros/humble /usr/bin/cmake --build /home/shen/learn/ROS2/ars408_ws/build/ros2_socketcan_msgs -- -j16 -l16
[1.573s] DEBUG:colcon.colcon_core.event_handler.log_command:Invoked command in '/home/shen/learn/ROS2/ars408_ws/build/ros2_socketcan_msgs' returned '0': CMAKE_PREFIX_PATH=${CMAKE_PREFIX_PATH}:/opt/ros/humble /usr/bin/cmake --build /home/shen/learn/ROS2/ars408_ws/build/ros2_socketcan_msgs -- -j16 -l16
[1.735s] DEBUG:colcon.colcon_core.event_handler.log_command:Invoking command in '/home/shen/learn/ROS2/ars408_ws/build/ros2_socketcan_msgs': CMAKE_PREFIX_PATH=${CMAKE_PREFIX_PATH}:/opt/ros/humble /usr/bin/cmake --install /home/shen/learn/ROS2/ars408_ws/build/ros2_socketcan_msgs
[1.816s] Level 1:colcon.colcon_core.environment:create_environment_scripts_only(ros2_socketcan_msgs)
[1.823s] DEBUG:colcon.colcon_core.event_handler.log_command:Invoked command in '/home/shen/learn/ROS2/ars408_ws/build/ros2_socketcan_msgs' returned '0': CMAKE_PREFIX_PATH=${CMAKE_PREFIX_PATH}:/opt/ros/humble /usr/bin/cmake --install /home/shen/learn/ROS2/ars408_ws/build/ros2_socketcan_msgs
[1.834s] Level 1:colcon.colcon_core.environment:checking '/home/shen/learn/ROS2/ars408_ws/install/ros2_socketcan_msgs' for CMake module files
[1.835s] Level 1:colcon.colcon_core.environment:checking '/home/shen/learn/ROS2/ars408_ws/install/ros2_socketcan_msgs' for CMake config files
[1.835s] Level 1:colcon.colcon_core.shell:create_environment_hook('ros2_socketcan_msgs', 'cmake_prefix_path')
[1.848s] INFO:colcon.colcon_core.shell:Creating environment hook '/home/shen/learn/ROS2/ars408_ws/install/ros2_socketcan_msgs/share/ros2_socketcan_msgs/hook/cmake_prefix_path.ps1'
[1.848s] INFO:colcon.colcon_core.shell:Creating environment descriptor '/home/shen/learn/ROS2/ars408_ws/install/ros2_socketcan_msgs/share/ros2_socketcan_msgs/hook/cmake_prefix_path.dsv'
[1.849s] INFO:colcon.colcon_core.shell:Creating environment hook '/home/shen/learn/ROS2/ars408_ws/install/ros2_socketcan_msgs/share/ros2_socketcan_msgs/hook/cmake_prefix_path.sh'
[1.849s] Level 1:colcon.colcon_core.environment:checking '/home/shen/learn/ROS2/ars408_ws/install/ros2_socketcan_msgs/lib'
[1.849s] Level 1:colcon.colcon_core.shell:create_environment_hook('ros2_socketcan_msgs', 'ld_library_path_lib')
[1.864s] INFO:colcon.colcon_core.shell:Creating environment hook '/home/shen/learn/ROS2/ars408_ws/install/ros2_socketcan_msgs/share/ros2_socketcan_msgs/hook/ld_library_path_lib.ps1'
[1.864s] INFO:colcon.colcon_core.shell:Creating environment descriptor '/home/shen/learn/ROS2/ars408_ws/install/ros2_socketcan_msgs/share/ros2_socketcan_msgs/hook/ld_library_path_lib.dsv'
[1.864s] INFO:colcon.colcon_core.shell:Creating environment hook '/home/shen/learn/ROS2/ars408_ws/install/ros2_socketcan_msgs/share/ros2_socketcan_msgs/hook/ld_library_path_lib.sh'
[1.865s] Level 1:colcon.colcon_core.environment:checking '/home/shen/learn/ROS2/ars408_ws/install/ros2_socketcan_msgs/bin'
[1.865s] Level 1:colcon.colcon_core.environment:checking '/home/shen/learn/ROS2/ars408_ws/install/ros2_socketcan_msgs/lib/pkgconfig/ros2_socketcan_msgs.pc'
[1.865s] Level 1:colcon.colcon_core.environment:checking '/home/shen/learn/ROS2/ars408_ws/install/ros2_socketcan_msgs/lib/python3.10/site-packages'
[1.865s] Level 1:colcon.colcon_core.environment:checking '/home/shen/learn/ROS2/ars408_ws/install/ros2_socketcan_msgs/bin'
[1.878s] INFO:colcon.colcon_core.shell:Creating package script '/home/shen/learn/ROS2/ars408_ws/install/ros2_socketcan_msgs/share/ros2_socketcan_msgs/package.ps1'
[1.878s] INFO:colcon.colcon_core.shell:Creating package descriptor '/home/shen/learn/ROS2/ars408_ws/install/ros2_socketcan_msgs/share/ros2_socketcan_msgs/package.dsv'
[1.879s] INFO:colcon.colcon_core.shell:Creating package script '/home/shen/learn/ROS2/ars408_ws/install/ros2_socketcan_msgs/share/ros2_socketcan_msgs/package.sh'
[1.879s] INFO:colcon.colcon_core.shell:Creating package script '/home/shen/learn/ROS2/ars408_ws/install/ros2_socketcan_msgs/share/ros2_socketcan_msgs/package.bash'
[1.880s] INFO:colcon.colcon_core.shell:Creating package script '/home/shen/learn/ROS2/ars408_ws/install/ros2_socketcan_msgs/share/ros2_socketcan_msgs/package.zsh'
[1.881s] Level 1:colcon.colcon_core.environment:create_file_with_runtime_dependencies(/home/shen/learn/ROS2/ars408_ws/install/ros2_socketcan_msgs/share/colcon-core/packages/ros2_socketcan_msgs)
[2.002s] Level 1:colcon.colcon_core.environment:create_environment_scripts_only(ros2_socketcan_msgs)
[2.034s] Level 1:colcon.colcon_core.environment:checking '/home/shen/learn/ROS2/ars408_ws/install/ros2_socketcan_msgs' for CMake module files
[2.036s] Level 1:colcon.colcon_core.environment:checking '/home/shen/learn/ROS2/ars408_ws/install/ros2_socketcan_msgs' for CMake config files
[2.036s] Level 1:colcon.colcon_core.shell:create_environment_hook('ros2_socketcan_msgs', 'cmake_prefix_path')
[2.049s] INFO:colcon.colcon_core.shell:Creating environment hook '/home/shen/learn/ROS2/ars408_ws/install/ros2_socketcan_msgs/share/ros2_socketcan_msgs/hook/cmake_prefix_path.ps1'
[2.049s] INFO:colcon.colcon_core.shell:Creating environment descriptor '/home/shen/learn/ROS2/ars408_ws/install/ros2_socketcan_msgs/share/ros2_socketcan_msgs/hook/cmake_prefix_path.dsv'
[2.050s] INFO:colcon.colcon_core.shell:Creating environment hook '/home/shen/learn/ROS2/ars408_ws/install/ros2_socketcan_msgs/share/ros2_socketcan_msgs/hook/cmake_prefix_path.sh'
[2.050s] Level 1:colcon.colcon_core.environment:checking '/home/shen/learn/ROS2/ars408_ws/install/ros2_socketcan_msgs/lib'
[2.050s] Level 1:colcon.colcon_core.shell:create_environment_hook('ros2_socketcan_msgs', 'ld_library_path_lib')
[2.064s] INFO:colcon.colcon_core.shell:Creating environment hook '/home/shen/learn/ROS2/ars408_ws/install/ros2_socketcan_msgs/share/ros2_socketcan_msgs/hook/ld_library_path_lib.ps1'
[2.064s] INFO:colcon.colcon_core.shell:Creating environment descriptor '/home/shen/learn/ROS2/ars408_ws/install/ros2_socketcan_msgs/share/ros2_socketcan_msgs/hook/ld_library_path_lib.dsv'
[2.065s] INFO:colcon.colcon_core.shell:Creating environment hook '/home/shen/learn/ROS2/ars408_ws/install/ros2_socketcan_msgs/share/ros2_socketcan_msgs/hook/ld_library_path_lib.sh'
[2.065s] Level 1:colcon.colcon_core.environment:checking '/home/shen/learn/ROS2/ars408_ws/install/ros2_socketcan_msgs/bin'
[2.065s] Level 1:colcon.colcon_core.environment:checking '/home/shen/learn/ROS2/ars408_ws/install/ros2_socketcan_msgs/lib/pkgconfig/ros2_socketcan_msgs.pc'
[2.065s] Level 1:colcon.colcon_core.environment:checking '/home/shen/learn/ROS2/ars408_ws/install/ros2_socketcan_msgs/lib/python3.10/site-packages'
[2.065s] Level 1:colcon.colcon_core.environment:checking '/home/shen/learn/ROS2/ars408_ws/install/ros2_socketcan_msgs/bin'
[2.077s] INFO:colcon.colcon_core.shell:Creating package script '/home/shen/learn/ROS2/ars408_ws/install/ros2_socketcan_msgs/share/ros2_socketcan_msgs/package.ps1'
[2.078s] INFO:colcon.colcon_core.shell:Creating package descriptor '/home/shen/learn/ROS2/ars408_ws/install/ros2_socketcan_msgs/share/ros2_socketcan_msgs/package.dsv'
[2.078s] INFO:colcon.colcon_core.shell:Creating package script '/home/shen/learn/ROS2/ars408_ws/install/ros2_socketcan_msgs/share/ros2_socketcan_msgs/package.sh'
[2.078s] INFO:colcon.colcon_core.shell:Creating package script '/home/shen/learn/ROS2/ars408_ws/install/ros2_socketcan_msgs/share/ros2_socketcan_msgs/package.bash'
[2.079s] INFO:colcon.colcon_core.shell:Creating package script '/home/shen/learn/ROS2/ars408_ws/install/ros2_socketcan_msgs/share/ros2_socketcan_msgs/package.zsh'
[2.079s] Level 1:colcon.colcon_core.environment:create_file_with_runtime_dependencies(/home/shen/learn/ROS2/ars408_ws/install/ros2_socketcan_msgs/share/colcon-core/packages/ros2_socketcan_msgs)
[2.079s] INFO:colcon.colcon_ros.task.ament_cmake.build:Building ROS package in '/home/shen/learn/ROS2/ars408_ws/src/ros2_socketcan/ros2_socketcan' with build type 'ament_cmake'
[2.079s] INFO:colcon.colcon_cmake.task.cmake.build:Building CMake package in '/home/shen/learn/ROS2/ars408_ws/src/ros2_socketcan/ros2_socketcan'
[2.092s] INFO:colcon.colcon_core.shell:Skip shell extension 'powershell' for command environment: Not usable outside of PowerShell
[2.092s] DEBUG:colcon.colcon_core.shell:Skip shell extension 'dsv' for command environment
[2.147s] DEBUG:colcon.colcon_core.event_handler.log_command:Invoking command in '/home/shen/learn/ROS2/ars408_ws/build/ros2_socketcan': CMAKE_PREFIX_PATH=/home/shen/learn/ROS2/ars408_ws/install/ros2_socketcan_msgs:/home/shen/learn/ROS2/ars408_ws/install/ros2_socketcan:/home/shen/learn/ROS2/ars408_ws/install/pe_ars408_ros:/opt/ros/humble LD_LIBRARY_PATH=/home/shen/learn/ROS2/ars408_ws/install/ros2_socketcan_msgs/lib:/home/shen/learn/ROS2/ars408_ws/install/ros2_socketcan/lib:/home/shen/learn/ROS2/ars408_ws/install/pe_ars408_ros/lib:/usr/lib/x86_64-linux-gnu/gazebo-11/plugins:/opt/ros/humble/opt/rviz_ogre_vendor/lib:/opt/ros/humble/lib/x86_64-linux-gnu:/opt/ros/humble/lib /usr/bin/cmake --build /home/shen/learn/ROS2/ars408_ws/build/ros2_socketcan -- -j16 -l16
[2.340s] DEBUG:colcon.colcon_core.event_handler.log_command:Invoked command in '/home/shen/learn/ROS2/ars408_ws/build/ros2_socketcan' returned '0': CMAKE_PREFIX_PATH=/home/shen/learn/ROS2/ars408_ws/install/ros2_socketcan_msgs:/home/shen/learn/ROS2/ars408_ws/install/ros2_socketcan:/home/shen/learn/ROS2/ars408_ws/install/pe_ars408_ros:/opt/ros/humble LD_LIBRARY_PATH=/home/shen/learn/ROS2/ars408_ws/install/ros2_socketcan_msgs/lib:/home/shen/learn/ROS2/ars408_ws/install/ros2_socketcan/lib:/home/shen/learn/ROS2/ars408_ws/install/pe_ars408_ros/lib:/usr/lib/x86_64-linux-gnu/gazebo-11/plugins:/opt/ros/humble/opt/rviz_ogre_vendor/lib:/opt/ros/humble/lib/x86_64-linux-gnu:/opt/ros/humble/lib /usr/bin/cmake --build /home/shen/learn/ROS2/ars408_ws/build/ros2_socketcan -- -j16 -l16
[2.409s] DEBUG:colcon.colcon_core.event_handler.log_command:Invoking command in '/home/shen/learn/ROS2/ars408_ws/build/ros2_socketcan': CMAKE_PREFIX_PATH=/home/shen/learn/ROS2/ars408_ws/install/ros2_socketcan_msgs:/home/shen/learn/ROS2/ars408_ws/install/ros2_socketcan:/home/shen/learn/ROS2/ars408_ws/install/pe_ars408_ros:/opt/ros/humble LD_LIBRARY_PATH=/home/shen/learn/ROS2/ars408_ws/install/ros2_socketcan_msgs/lib:/home/shen/learn/ROS2/ars408_ws/install/ros2_socketcan/lib:/home/shen/learn/ROS2/ars408_ws/install/pe_ars408_ros/lib:/usr/lib/x86_64-linux-gnu/gazebo-11/plugins:/opt/ros/humble/opt/rviz_ogre_vendor/lib:/opt/ros/humble/lib/x86_64-linux-gnu:/opt/ros/humble/lib /usr/bin/cmake --install /home/shen/learn/ROS2/ars408_ws/build/ros2_socketcan
[2.422s] Level 1:colcon.colcon_core.environment:create_environment_scripts_only(ros2_socketcan)
[2.423s] DEBUG:colcon.colcon_core.event_handler.log_command:Invoked command in '/home/shen/learn/ROS2/ars408_ws/build/ros2_socketcan' returned '0': CMAKE_PREFIX_PATH=/home/shen/learn/ROS2/ars408_ws/install/ros2_socketcan_msgs:/home/shen/learn/ROS2/ars408_ws/install/ros2_socketcan:/home/shen/learn/ROS2/ars408_ws/install/pe_ars408_ros:/opt/ros/humble LD_LIBRARY_PATH=/home/shen/learn/ROS2/ars408_ws/install/ros2_socketcan_msgs/lib:/home/shen/learn/ROS2/ars408_ws/install/ros2_socketcan/lib:/home/shen/learn/ROS2/ars408_ws/install/pe_ars408_ros/lib:/usr/lib/x86_64-linux-gnu/gazebo-11/plugins:/opt/ros/humble/opt/rviz_ogre_vendor/lib:/opt/ros/humble/lib/x86_64-linux-gnu:/opt/ros/humble/lib /usr/bin/cmake --install /home/shen/learn/ROS2/ars408_ws/build/ros2_socketcan
[2.436s] Level 1:colcon.colcon_core.environment:checking '/home/shen/learn/ROS2/ars408_ws/install/ros2_socketcan' for CMake module files
[2.436s] Level 1:colcon.colcon_core.environment:checking '/home/shen/learn/ROS2/ars408_ws/install/ros2_socketcan' for CMake config files
[2.437s] Level 1:colcon.colcon_core.shell:create_environment_hook('ros2_socketcan', 'cmake_prefix_path')
[2.450s] INFO:colcon.colcon_core.shell:Creating environment hook '/home/shen/learn/ROS2/ars408_ws/install/ros2_socketcan/share/ros2_socketcan/hook/cmake_prefix_path.ps1'
[2.450s] INFO:colcon.colcon_core.shell:Creating environment descriptor '/home/shen/learn/ROS2/ars408_ws/install/ros2_socketcan/share/ros2_socketcan/hook/cmake_prefix_path.dsv'
[2.450s] INFO:colcon.colcon_core.shell:Creating environment hook '/home/shen/learn/ROS2/ars408_ws/install/ros2_socketcan/share/ros2_socketcan/hook/cmake_prefix_path.sh'
[2.451s] Level 1:colcon.colcon_core.environment:checking '/home/shen/learn/ROS2/ars408_ws/install/ros2_socketcan/lib'
[2.451s] Level 1:colcon.colcon_core.shell:create_environment_hook('ros2_socketcan', 'ld_library_path_lib')
[2.463s] INFO:colcon.colcon_core.shell:Creating environment hook '/home/shen/learn/ROS2/ars408_ws/install/ros2_socketcan/share/ros2_socketcan/hook/ld_library_path_lib.ps1'
[2.464s] INFO:colcon.colcon_core.shell:Creating environment descriptor '/home/shen/learn/ROS2/ars408_ws/install/ros2_socketcan/share/ros2_socketcan/hook/ld_library_path_lib.dsv'
[2.464s] INFO:colcon.colcon_core.shell:Creating environment hook '/home/shen/learn/ROS2/ars408_ws/install/ros2_socketcan/share/ros2_socketcan/hook/ld_library_path_lib.sh'
[2.465s] Level 1:colcon.colcon_core.environment:checking '/home/shen/learn/ROS2/ars408_ws/install/ros2_socketcan/bin'
[2.465s] Level 1:colcon.colcon_core.environment:checking '/home/shen/learn/ROS2/ars408_ws/install/ros2_socketcan/lib/pkgconfig/ros2_socketcan.pc'
[2.465s] Level 1:colcon.colcon_core.environment:checking '/home/shen/learn/ROS2/ars408_ws/install/ros2_socketcan/lib/python3.10/site-packages'
[2.465s] Level 1:colcon.colcon_core.environment:checking '/home/shen/learn/ROS2/ars408_ws/install/ros2_socketcan/bin'
[2.478s] INFO:colcon.colcon_core.shell:Creating package script '/home/shen/learn/ROS2/ars408_ws/install/ros2_socketcan/share/ros2_socketcan/package.ps1'
[2.478s] INFO:colcon.colcon_core.shell:Creating package descriptor '/home/shen/learn/ROS2/ars408_ws/install/ros2_socketcan/share/ros2_socketcan/package.dsv'
[2.479s] INFO:colcon.colcon_core.shell:Creating package script '/home/shen/learn/ROS2/ars408_ws/install/ros2_socketcan/share/ros2_socketcan/package.sh'
[2.479s] INFO:colcon.colcon_core.shell:Creating package script '/home/shen/learn/ROS2/ars408_ws/install/ros2_socketcan/share/ros2_socketcan/package.bash'
[2.479s] INFO:colcon.colcon_core.shell:Creating package script '/home/shen/learn/ROS2/ars408_ws/install/ros2_socketcan/share/ros2_socketcan/package.zsh'
[2.480s] Level 1:colcon.colcon_core.environment:create_file_with_runtime_dependencies(/home/shen/learn/ROS2/ars408_ws/install/ros2_socketcan/share/colcon-core/packages/ros2_socketcan)
[2.571s] Level 1:colcon.colcon_core.environment:create_environment_scripts_only(ros2_socketcan)
[2.605s] Level 1:colcon.colcon_core.environment:checking '/home/shen/learn/ROS2/ars408_ws/install/ros2_socketcan' for CMake module files
[2.607s] Level 1:colcon.colcon_core.environment:checking '/home/shen/learn/ROS2/ars408_ws/install/ros2_socketcan' for CMake config files
[2.608s] Level 1:colcon.colcon_core.shell:create_environment_hook('ros2_socketcan', 'cmake_prefix_path')
[2.622s] INFO:colcon.colcon_core.shell:Creating environment hook '/home/shen/learn/ROS2/ars408_ws/install/ros2_socketcan/share/ros2_socketcan/hook/cmake_prefix_path.ps1'
[2.623s] INFO:colcon.colcon_core.shell:Creating environment descriptor '/home/shen/learn/ROS2/ars408_ws/install/ros2_socketcan/share/ros2_socketcan/hook/cmake_prefix_path.dsv'
[2.623s] INFO:colcon.colcon_core.shell:Creating environment hook '/home/shen/learn/ROS2/ars408_ws/install/ros2_socketcan/share/ros2_socketcan/hook/cmake_prefix_path.sh'
[2.623s] Level 1:colcon.colcon_core.environment:checking '/home/shen/learn/ROS2/ars408_ws/install/ros2_socketcan/lib'
[2.623s] Level 1:colcon.colcon_core.shell:create_environment_hook('ros2_socketcan', 'ld_library_path_lib')
[2.635s] INFO:colcon.colcon_core.shell:Creating environment hook '/home/shen/learn/ROS2/ars408_ws/install/ros2_socketcan/share/ros2_socketcan/hook/ld_library_path_lib.ps1'
[2.636s] INFO:colcon.colcon_core.shell:Creating environment descriptor '/home/shen/learn/ROS2/ars408_ws/install/ros2_socketcan/share/ros2_socketcan/hook/ld_library_path_lib.dsv'
[2.636s] INFO:colcon.colcon_core.shell:Creating environment hook '/home/shen/learn/ROS2/ars408_ws/install/ros2_socketcan/share/ros2_socketcan/hook/ld_library_path_lib.sh'
[2.636s] Level 1:colcon.colcon_core.environment:checking '/home/shen/learn/ROS2/ars408_ws/install/ros2_socketcan/bin'
[2.636s] Level 1:colcon.colcon_core.environment:checking '/home/shen/learn/ROS2/ars408_ws/install/ros2_socketcan/lib/pkgconfig/ros2_socketcan.pc'
[2.637s] Level 1:colcon.colcon_core.environment:checking '/home/shen/learn/ROS2/ars408_ws/install/ros2_socketcan/lib/python3.10/site-packages'
[2.637s] Level 1:colcon.colcon_core.environment:checking '/home/shen/learn/ROS2/ars408_ws/install/ros2_socketcan/bin'
[2.649s] INFO:colcon.colcon_core.shell:Creating package script '/home/shen/learn/ROS2/ars408_ws/install/ros2_socketcan/share/ros2_socketcan/package.ps1'
[2.650s] INFO:colcon.colcon_core.shell:Creating package descriptor '/home/shen/learn/ROS2/ars408_ws/install/ros2_socketcan/share/ros2_socketcan/package.dsv'
[2.650s] INFO:colcon.colcon_core.shell:Creating package script '/home/shen/learn/ROS2/ars408_ws/install/ros2_socketcan/share/ros2_socketcan/package.sh'
[2.651s] INFO:colcon.colcon_core.shell:Creating package script '/home/shen/learn/ROS2/ars408_ws/install/ros2_socketcan/share/ros2_socketcan/package.bash'
[2.651s] INFO:colcon.colcon_core.shell:Creating package script '/home/shen/learn/ROS2/ars408_ws/install/ros2_socketcan/share/ros2_socketcan/package.zsh'
[2.651s] Level 1:colcon.colcon_core.environment:create_file_with_runtime_dependencies(/home/shen/learn/ROS2/ars408_ws/install/ros2_socketcan/share/colcon-core/packages/ros2_socketcan)
[2.652s] INFO:colcon.colcon_ros.task.ament_cmake.build:Building ROS package in '/home/shen/learn/ROS2/ars408_ws/src/ars408_driver' with build type 'ament_cmake'
[2.652s] INFO:colcon.colcon_cmake.task.cmake.build:Building CMake package in '/home/shen/learn/ROS2/ars408_ws/src/ars408_driver'
[2.666s] INFO:colcon.colcon_core.shell:Skip shell extension 'powershell' for command environment: Not usable outside of PowerShell
[2.666s] DEBUG:colcon.colcon_core.shell:Skip shell extension 'dsv' for command environment
[2.728s] DEBUG:colcon.colcon_core.event_handler.log_command:Invoking command in '/home/shen/learn/ROS2/ars408_ws/build/pe_ars408_ros': CMAKE_PREFIX_PATH=${CMAKE_PREFIX_PATH}:/opt/ros/humble /usr/bin/cmake --build /home/shen/learn/ROS2/ars408_ws/build/pe_ars408_ros -- -j16 -l16
[2.915s] DEBUG:colcon.colcon_core.event_handler.log_command:Invoked command in '/home/shen/learn/ROS2/ars408_ws/build/pe_ars408_ros' returned '0': CMAKE_PREFIX_PATH=${CMAKE_PREFIX_PATH}:/opt/ros/humble /usr/bin/cmake --build /home/shen/learn/ROS2/ars408_ws/build/pe_ars408_ros -- -j16 -l16
[2.994s] DEBUG:colcon.colcon_core.event_handler.log_command:Invoking command in '/home/shen/learn/ROS2/ars408_ws/build/pe_ars408_ros': CMAKE_PREFIX_PATH=${CMAKE_PREFIX_PATH}:/opt/ros/humble /usr/bin/cmake --install /home/shen/learn/ROS2/ars408_ws/build/pe_ars408_ros
[3.018s] Level 1:colcon.colcon_core.environment:create_environment_scripts_only(pe_ars408_ros)
[3.019s] DEBUG:colcon.colcon_core.event_handler.log_command:Invoked command in '/home/shen/learn/ROS2/ars408_ws/build/pe_ars408_ros' returned '0': CMAKE_PREFIX_PATH=${CMAKE_PREFIX_PATH}:/opt/ros/humble /usr/bin/cmake --install /home/shen/learn/ROS2/ars408_ws/build/pe_ars408_ros
[3.055s] Level 1:colcon.colcon_core.environment:checking '/home/shen/learn/ROS2/ars408_ws/install/pe_ars408_ros' for CMake module files
[3.056s] Level 1:colcon.colcon_core.environment:checking '/home/shen/learn/ROS2/ars408_ws/install/pe_ars408_ros' for CMake config files
[3.057s] Level 1:colcon.colcon_core.shell:create_environment_hook('pe_ars408_ros', 'cmake_prefix_path')
[3.092s] INFO:colcon.colcon_core.shell:Creating environment hook '/home/shen/learn/ROS2/ars408_ws/install/pe_ars408_ros/share/pe_ars408_ros/hook/cmake_prefix_path.ps1'
[3.093s] INFO:colcon.colcon_core.shell:Creating environment descriptor '/home/shen/learn/ROS2/ars408_ws/install/pe_ars408_ros/share/pe_ars408_ros/hook/cmake_prefix_path.dsv'
[3.094s] INFO:colcon.colcon_core.shell:Creating environment hook '/home/shen/learn/ROS2/ars408_ws/install/pe_ars408_ros/share/pe_ars408_ros/hook/cmake_prefix_path.sh'
[3.094s] Level 1:colcon.colcon_core.environment:checking '/home/shen/learn/ROS2/ars408_ws/install/pe_ars408_ros/lib'
[3.095s] Level 1:colcon.colcon_core.shell:create_environment_hook('pe_ars408_ros', 'ld_library_path_lib')
[3.111s] INFO:colcon.colcon_core.shell:Creating environment hook '/home/shen/learn/ROS2/ars408_ws/install/pe_ars408_ros/share/pe_ars408_ros/hook/ld_library_path_lib.ps1'
[3.111s] INFO:colcon.colcon_core.shell:Creating environment descriptor '/home/shen/learn/ROS2/ars408_ws/install/pe_ars408_ros/share/pe_ars408_ros/hook/ld_library_path_lib.dsv'
[3.111s] INFO:colcon.colcon_core.shell:Creating environment hook '/home/shen/learn/ROS2/ars408_ws/install/pe_ars408_ros/share/pe_ars408_ros/hook/ld_library_path_lib.sh'
[3.112s] Level 1:colcon.colcon_core.environment:checking '/home/shen/learn/ROS2/ars408_ws/install/pe_ars408_ros/bin'
[3.112s] Level 1:colcon.colcon_core.environment:checking '/home/shen/learn/ROS2/ars408_ws/install/pe_ars408_ros/lib/pkgconfig/pe_ars408_ros.pc'
[3.112s] Level 1:colcon.colcon_core.environment:checking '/home/shen/learn/ROS2/ars408_ws/install/pe_ars408_ros/lib/python3.10/site-packages'
[3.112s] Level 1:colcon.colcon_core.environment:checking '/home/shen/learn/ROS2/ars408_ws/install/pe_ars408_ros/bin'
[3.125s] INFO:colcon.colcon_core.shell:Creating package script '/home/shen/learn/ROS2/ars408_ws/install/pe_ars408_ros/share/pe_ars408_ros/package.ps1'
[3.125s] INFO:colcon.colcon_core.shell:Creating package descriptor '/home/shen/learn/ROS2/ars408_ws/install/pe_ars408_ros/share/pe_ars408_ros/package.dsv'
[3.125s] INFO:colcon.colcon_core.shell:Creating package script '/home/shen/learn/ROS2/ars408_ws/install/pe_ars408_ros/share/pe_ars408_ros/package.sh'
[3.126s] INFO:colcon.colcon_core.shell:Creating package script '/home/shen/learn/ROS2/ars408_ws/install/pe_ars408_ros/share/pe_ars408_ros/package.bash'
[3.126s] INFO:colcon.colcon_core.shell:Creating package script '/home/shen/learn/ROS2/ars408_ws/install/pe_ars408_ros/share/pe_ars408_ros/package.zsh'
[3.126s] Level 1:colcon.colcon_core.environment:create_file_with_runtime_dependencies(/home/shen/learn/ROS2/ars408_ws/install/pe_ars408_ros/share/colcon-core/packages/pe_ars408_ros)
[3.244s] Level 1:colcon.colcon_core.environment:create_environment_scripts_only(pe_ars408_ros)
[3.259s] Level 1:colcon.colcon_core.environment:checking '/home/shen/learn/ROS2/ars408_ws/install/pe_ars408_ros' for CMake module files
[3.259s] Level 1:colcon.colcon_core.environment:checking '/home/shen/learn/ROS2/ars408_ws/install/pe_ars408_ros' for CMake config files
[3.260s] Level 1:colcon.colcon_core.shell:create_environment_hook('pe_ars408_ros', 'cmake_prefix_path')
[3.275s] INFO:colcon.colcon_core.shell:Creating environment hook '/home/shen/learn/ROS2/ars408_ws/install/pe_ars408_ros/share/pe_ars408_ros/hook/cmake_prefix_path.ps1'
[3.275s] INFO:colcon.colcon_core.shell:Creating environment descriptor '/home/shen/learn/ROS2/ars408_ws/install/pe_ars408_ros/share/pe_ars408_ros/hook/cmake_prefix_path.dsv'
[3.275s] INFO:colcon.colcon_core.shell:Creating environment hook '/home/shen/learn/ROS2/ars408_ws/install/pe_ars408_ros/share/pe_ars408_ros/hook/cmake_prefix_path.sh'
[3.276s] Level 1:colcon.colcon_core.environment:checking '/home/shen/learn/ROS2/ars408_ws/install/pe_ars408_ros/lib'
[3.276s] Level 1:colcon.colcon_core.shell:create_environment_hook('pe_ars408_ros', 'ld_library_path_lib')
[3.289s] INFO:colcon.colcon_core.shell:Creating environment hook '/home/shen/learn/ROS2/ars408_ws/install/pe_ars408_ros/share/pe_ars408_ros/hook/ld_library_path_lib.ps1'
[3.289s] INFO:colcon.colcon_core.shell:Creating environment descriptor '/home/shen/learn/ROS2/ars408_ws/install/pe_ars408_ros/share/pe_ars408_ros/hook/ld_library_path_lib.dsv'
[3.289s] INFO:colcon.colcon_core.shell:Creating environment hook '/home/shen/learn/ROS2/ars408_ws/install/pe_ars408_ros/share/pe_ars408_ros/hook/ld_library_path_lib.sh'
[3.290s] Level 1:colcon.colcon_core.environment:checking '/home/shen/learn/ROS2/ars408_ws/install/pe_ars408_ros/bin'
[3.290s] Level 1:colcon.colcon_core.environment:checking '/home/shen/learn/ROS2/ars408_ws/install/pe_ars408_ros/lib/pkgconfig/pe_ars408_ros.pc'
[3.290s] Level 1:colcon.colcon_core.environment:checking '/home/shen/learn/ROS2/ars408_ws/install/pe_ars408_ros/lib/python3.10/site-packages'
[3.290s] Level 1:colcon.colcon_core.environment:checking '/home/shen/learn/ROS2/ars408_ws/install/pe_ars408_ros/bin'
[3.303s] INFO:colcon.colcon_core.shell:Creating package script '/home/shen/learn/ROS2/ars408_ws/install/pe_ars408_ros/share/pe_ars408_ros/package.ps1'
[3.304s] INFO:colcon.colcon_core.shell:Creating package descriptor '/home/shen/learn/ROS2/ars408_ws/install/pe_ars408_ros/share/pe_ars408_ros/package.dsv'
[3.304s] INFO:colcon.colcon_core.shell:Creating package script '/home/shen/learn/ROS2/ars408_ws/install/pe_ars408_ros/share/pe_ars408_ros/package.sh'
[3.304s] INFO:colcon.colcon_core.shell:Creating package script '/home/shen/learn/ROS2/ars408_ws/install/pe_ars408_ros/share/pe_ars408_ros/package.bash'
[3.305s] INFO:colcon.colcon_core.shell:Creating package script '/home/shen/learn/ROS2/ars408_ws/install/pe_ars408_ros/share/pe_ars408_ros/package.zsh'
[3.305s] Level 1:colcon.colcon_core.environment:create_file_with_runtime_dependencies(/home/shen/learn/ROS2/ars408_ws/install/pe_ars408_ros/share/colcon-core/packages/pe_ars408_ros)
[3.305s] DEBUG:colcon.colcon_parallel_executor.executor.parallel:closing loop
[3.305s] DEBUG:colcon.colcon_parallel_executor.executor.parallel:loop closed
[3.305s] DEBUG:colcon.colcon_parallel_executor.executor.parallel:run_until_complete finished with '0'
[3.305s] DEBUG:colcon.colcon_core.event_reactor:joining thread
[3.355s] INFO:colcon.colcon_core.plugin_system:Skipping extension 'colcon_notification.desktop_notification.terminal_notifier': Not used on non-Darwin systems
[3.355s] INFO:colcon.colcon_core.plugin_system:Skipping extension 'colcon_notification.desktop_notification.win32': Not used on non-Windows systems
[3.355s] INFO:colcon.colcon_notification.desktop_notification:Sending desktop notification using 'notify2'
[3.382s] DEBUG:colcon.colcon_core.event_reactor:joined thread
[3.396s] INFO:colcon.colcon_core.shell:Creating prefix script '/home/shen/learn/ROS2/ars408_ws/install/local_setup.ps1'
[3.396s] INFO:colcon.colcon_core.shell:Creating prefix util module '/home/shen/learn/ROS2/ars408_ws/install/_local_setup_util_ps1.py'
[3.397s] INFO:colcon.colcon_core.shell:Creating prefix chain script '/home/shen/learn/ROS2/ars408_ws/install/setup.ps1'
[3.411s] INFO:colcon.colcon_core.shell:Creating prefix script '/home/shen/learn/ROS2/ars408_ws/install/local_setup.sh'
[3.412s] INFO:colcon.colcon_core.shell:Creating prefix util module '/home/shen/learn/ROS2/ars408_ws/install/_local_setup_util_sh.py'
[3.412s] INFO:colcon.colcon_core.shell:Creating prefix chain script '/home/shen/learn/ROS2/ars408_ws/install/setup.sh'
[3.426s] INFO:colcon.colcon_core.shell:Creating prefix script '/home/shen/learn/ROS2/ars408_ws/install/local_setup.bash'
[3.426s] INFO:colcon.colcon_core.shell:Creating prefix chain script '/home/shen/learn/ROS2/ars408_ws/install/setup.bash'
[3.439s] INFO:colcon.colcon_core.shell:Creating prefix script '/home/shen/learn/ROS2/ars408_ws/install/local_setup.zsh'
[3.440s] INFO:colcon.colcon_core.shell:Creating prefix chain script '/home/shen/learn/ROS2/ars408_ws/install/setup.zsh'
