[0.798s] DEBUG:colcon:Command line arguments: ['/usr/bin/colcon', 'build']
[0.798s] DEBUG:colcon:Parsed command line arguments: Namespace(log_base=None, log_level=None, verb_name='build', build_base='build', install_base='install', merge_install=False, symlink_install=False, test_result_base=None, continue_on_error=False, executor='parallel', parallel_workers=16, event_handlers=None, ignore_user_meta=False, metas=['./colcon.meta'], base_paths=['.'], packages_ignore=None, packages_ignore_regex=None, paths=None, packages_up_to=None, packages_up_to_regex=None, packages_above=None, packages_above_and_dependencies=None, packages_above_depth=None, packages_select_by_dep=None, packages_skip_by_dep=None, packages_skip_up_to=None, packages_select_build_failed=False, packages_skip_build_finished=False, packages_select_test_failures=False, packages_skip_test_passed=False, packages_select=None, packages_skip=None, packages_select_regex=None, packages_skip_regex=None, packages_start=None, packages_end=None, allow_overriding=[], cmake_args=None, cmake_target=None, cmake_target_skip_unavailable=False, cmake_clean_cache=False, cmake_clean_first=False, cmake_force_configure=False, ament_cmake_args=None, catkin_cmake_args=None, catkin_skip_building_tests=False, verb_parser=<colcon_defaults.argument_parser.defaults.DefaultArgumentsDecorator object at 0x7922f9a48d60>, verb_extension=<colcon_core.verb.build.BuildVerb object at 0x7922fabd7f40>, main=<bound method BuildVerb.main of <colcon_core.verb.build.BuildVerb object at 0x7922fabd7f40>>)
[0.835s] Level 1:colcon.colcon_core.package_discovery:discover_packages(colcon_meta) check parameters
[0.836s] Level 1:colcon.colcon_core.package_discovery:discover_packages(recursive) check parameters
[0.836s] Level 1:colcon.colcon_core.package_discovery:discover_packages(ignore) check parameters
[0.836s] Level 1:colcon.colcon_core.package_discovery:discover_packages(path) check parameters
[0.836s] Level 1:colcon.colcon_core.package_discovery:discover_packages(colcon_meta) discover
[0.836s] Level 1:colcon.colcon_core.package_discovery:discover_packages(recursive) discover
[0.836s] INFO:colcon.colcon_core.package_discovery:Crawling recursively for packages in '/home/shen/learn/ROS2/record_ws'
[0.836s] Level 1:colcon.colcon_core.package_identification:_identify(.) by extensions ['ignore', 'ignore_ament_install']
[0.836s] Level 1:colcon.colcon_core.package_identification:_identify(.) by extension 'ignore'
[0.836s] Level 1:colcon.colcon_core.package_identification:_identify(.) by extension 'ignore_ament_install'
[0.836s] Level 1:colcon.colcon_core.package_identification:_identify(.) by extensions ['colcon_pkg']
[0.836s] Level 1:colcon.colcon_core.package_identification:_identify(.) by extension 'colcon_pkg'
[0.836s] Level 1:colcon.colcon_core.package_identification:_identify(.) by extensions ['colcon_meta']
[0.836s] Level 1:colcon.colcon_core.package_identification:_identify(.) by extension 'colcon_meta'
[0.836s] Level 1:colcon.colcon_core.package_identification:_identify(.) by extensions ['ros']
[0.836s] Level 1:colcon.colcon_core.package_identification:_identify(.) by extension 'ros'
[0.845s] Level 1:colcon.colcon_core.package_identification:_identify(.) by extensions ['cmake', 'python']
[0.845s] Level 1:colcon.colcon_core.package_identification:_identify(.) by extension 'cmake'
[0.846s] Level 1:colcon.colcon_core.package_identification:_identify(.) by extension 'python'
[0.846s] Level 1:colcon.colcon_core.package_identification:_identify(.) by extensions ['python_setup_py']
[0.846s] Level 1:colcon.colcon_core.package_identification:_identify(.) by extension 'python_setup_py'
[0.846s] Level 1:colcon.colcon_core.package_identification:_identify(build) by extensions ['ignore', 'ignore_ament_install']
[0.846s] Level 1:colcon.colcon_core.package_identification:_identify(build) by extension 'ignore'
[0.846s] Level 1:colcon.colcon_core.package_identification:_identify(build) ignored
[0.846s] Level 1:colcon.colcon_core.package_identification:_identify(can_message) by extensions ['ignore', 'ignore_ament_install']
[0.846s] Level 1:colcon.colcon_core.package_identification:_identify(can_message) by extension 'ignore'
[0.846s] Level 1:colcon.colcon_core.package_identification:_identify(can_message) by extension 'ignore_ament_install'
[0.846s] Level 1:colcon.colcon_core.package_identification:_identify(can_message) by extensions ['colcon_pkg']
[0.846s] Level 1:colcon.colcon_core.package_identification:_identify(can_message) by extension 'colcon_pkg'
[0.846s] Level 1:colcon.colcon_core.package_identification:_identify(can_message) by extensions ['colcon_meta']
[0.846s] Level 1:colcon.colcon_core.package_identification:_identify(can_message) by extension 'colcon_meta'
[0.846s] Level 1:colcon.colcon_core.package_identification:_identify(can_message) by extensions ['ros']
[0.846s] Level 1:colcon.colcon_core.package_identification:_identify(can_message) by extension 'ros'
[0.846s] Level 1:colcon.colcon_core.package_identification:_identify(can_message) by extensions ['cmake', 'python']
[0.846s] Level 1:colcon.colcon_core.package_identification:_identify(can_message) by extension 'cmake'
[0.846s] Level 1:colcon.colcon_core.package_identification:_identify(can_message) by extension 'python'
[0.846s] Level 1:colcon.colcon_core.package_identification:_identify(can_message) by extensions ['python_setup_py']
[0.846s] Level 1:colcon.colcon_core.package_identification:_identify(can_message) by extension 'python_setup_py'
[0.847s] Level 1:colcon.colcon_core.package_identification:_identify(install) by extensions ['ignore', 'ignore_ament_install']
[0.847s] Level 1:colcon.colcon_core.package_identification:_identify(install) by extension 'ignore'
[0.847s] Level 1:colcon.colcon_core.package_identification:_identify(install) ignored
[0.847s] Level 1:colcon.colcon_core.package_identification:_identify(log) by extensions ['ignore', 'ignore_ament_install']
[0.847s] Level 1:colcon.colcon_core.package_identification:_identify(log) by extension 'ignore'
[0.847s] Level 1:colcon.colcon_core.package_identification:_identify(log) ignored
[0.847s] Level 1:colcon.colcon_core.package_identification:_identify(src) by extensions ['ignore', 'ignore_ament_install']
[0.847s] Level 1:colcon.colcon_core.package_identification:_identify(src) by extension 'ignore'
[0.847s] Level 1:colcon.colcon_core.package_identification:_identify(src) by extension 'ignore_ament_install'
[0.847s] Level 1:colcon.colcon_core.package_identification:_identify(src) by extensions ['colcon_pkg']
[0.847s] Level 1:colcon.colcon_core.package_identification:_identify(src) by extension 'colcon_pkg'
[0.847s] Level 1:colcon.colcon_core.package_identification:_identify(src) by extensions ['colcon_meta']
[0.847s] Level 1:colcon.colcon_core.package_identification:_identify(src) by extension 'colcon_meta'
[0.847s] Level 1:colcon.colcon_core.package_identification:_identify(src) by extensions ['ros']
[0.847s] Level 1:colcon.colcon_core.package_identification:_identify(src) by extension 'ros'
[0.847s] Level 1:colcon.colcon_core.package_identification:_identify(src) by extensions ['cmake', 'python']
[0.847s] Level 1:colcon.colcon_core.package_identification:_identify(src) by extension 'cmake'
[0.847s] Level 1:colcon.colcon_core.package_identification:_identify(src) by extension 'python'
[0.847s] Level 1:colcon.colcon_core.package_identification:_identify(src) by extensions ['python_setup_py']
[0.847s] Level 1:colcon.colcon_core.package_identification:_identify(src) by extension 'python_setup_py'
[0.847s] Level 1:colcon.colcon_core.package_identification:_identify(src/my_record_utils) by extensions ['ignore', 'ignore_ament_install']
[0.847s] Level 1:colcon.colcon_core.package_identification:_identify(src/my_record_utils) by extension 'ignore'
[0.848s] Level 1:colcon.colcon_core.package_identification:_identify(src/my_record_utils) by extension 'ignore_ament_install'
[0.848s] Level 1:colcon.colcon_core.package_identification:_identify(src/my_record_utils) by extensions ['colcon_pkg']
[0.848s] Level 1:colcon.colcon_core.package_identification:_identify(src/my_record_utils) by extension 'colcon_pkg'
[0.848s] Level 1:colcon.colcon_core.package_identification:_identify(src/my_record_utils) by extensions ['colcon_meta']
[0.848s] Level 1:colcon.colcon_core.package_identification:_identify(src/my_record_utils) by extension 'colcon_meta'
[0.848s] Level 1:colcon.colcon_core.package_identification:_identify(src/my_record_utils) by extensions ['ros']
[0.848s] Level 1:colcon.colcon_core.package_identification:_identify(src/my_record_utils) by extension 'ros'
[0.850s] DEBUG:colcon.colcon_core.package_identification:Package 'src/my_record_utils' with type 'ros.ament_cmake' and name 'my_record_utils'
[0.850s] Level 1:colcon.colcon_core.package_discovery:discover_packages(recursive) using defaults
[0.850s] Level 1:colcon.colcon_core.package_discovery:discover_packages(ignore) discover
[0.850s] Level 1:colcon.colcon_core.package_discovery:discover_packages(ignore) using defaults
[0.850s] Level 1:colcon.colcon_core.package_discovery:discover_packages(path) discover
[0.850s] Level 1:colcon.colcon_core.package_discovery:discover_packages(path) using defaults
[0.923s] Level 1:colcon.colcon_core.package_discovery:discover_packages(prefix_path) check parameters
[0.923s] Level 1:colcon.colcon_core.package_discovery:discover_packages(prefix_path) discover
[0.947s] DEBUG:colcon.colcon_installed_package_information.package_discovery:Found 1 installed packages in /home/shen/learn/ROS2/record_ws/install
[0.960s] DEBUG:colcon.colcon_installed_package_information.package_discovery:Found 344 installed packages in /opt/ros/humble
[0.961s] Level 1:colcon.colcon_core.package_discovery:discover_packages(prefix_path) using defaults
[1.049s] Level 5:colcon.colcon_core.verb:set package 'my_record_utils' build argument 'cmake_args' from command line to 'None'
[1.049s] Level 5:colcon.colcon_core.verb:set package 'my_record_utils' build argument 'cmake_target' from command line to 'None'
[1.049s] Level 5:colcon.colcon_core.verb:set package 'my_record_utils' build argument 'cmake_target_skip_unavailable' from command line to 'False'
[1.049s] Level 5:colcon.colcon_core.verb:set package 'my_record_utils' build argument 'cmake_clean_cache' from command line to 'False'
[1.049s] Level 5:colcon.colcon_core.verb:set package 'my_record_utils' build argument 'cmake_clean_first' from command line to 'False'
[1.049s] Level 5:colcon.colcon_core.verb:set package 'my_record_utils' build argument 'cmake_force_configure' from command line to 'False'
[1.049s] Level 5:colcon.colcon_core.verb:set package 'my_record_utils' build argument 'ament_cmake_args' from command line to 'None'
[1.049s] Level 5:colcon.colcon_core.verb:set package 'my_record_utils' build argument 'catkin_cmake_args' from command line to 'None'
[1.049s] Level 5:colcon.colcon_core.verb:set package 'my_record_utils' build argument 'catkin_skip_building_tests' from command line to 'False'
[1.049s] DEBUG:colcon.colcon_core.verb:Building package 'my_record_utils' with the following arguments: {'ament_cmake_args': None, 'build_base': '/home/shen/learn/ROS2/record_ws/build/my_record_utils', 'catkin_cmake_args': None, 'catkin_skip_building_tests': False, 'cmake_args': None, 'cmake_clean_cache': False, 'cmake_clean_first': False, 'cmake_force_configure': False, 'cmake_target': None, 'cmake_target_skip_unavailable': False, 'install_base': '/home/shen/learn/ROS2/record_ws/install/my_record_utils', 'merge_install': False, 'path': '/home/shen/learn/ROS2/record_ws/src/my_record_utils', 'symlink_install': False, 'test_result_base': None}
[1.061s] INFO:colcon.colcon_core.executor:Executing jobs using 'parallel' executor
[1.073s] DEBUG:colcon.colcon_parallel_executor.executor.parallel:run_until_complete
[1.073s] INFO:colcon.colcon_ros.task.ament_cmake.build:Building ROS package in '/home/shen/learn/ROS2/record_ws/src/my_record_utils' with build type 'ament_cmake'
[1.073s] INFO:colcon.colcon_cmake.task.cmake.build:Building CMake package in '/home/shen/learn/ROS2/record_ws/src/my_record_utils'
[1.087s] INFO:colcon.colcon_core.plugin_system:Skipping extension 'colcon_core.shell.bat': Not used on non-Windows systems
[1.087s] INFO:colcon.colcon_core.shell:Skip shell extension 'powershell' for command environment: Not usable outside of PowerShell
[1.087s] DEBUG:colcon.colcon_core.shell:Skip shell extension 'dsv' for command environment
[1.133s] DEBUG:colcon.colcon_core.event_handler.log_command:Invoking command in '/home/shen/learn/ROS2/record_ws/build/my_record_utils': CMAKE_PREFIX_PATH=${CMAKE_PREFIX_PATH}:/opt/ros/humble /usr/bin/cmake --build /home/shen/learn/ROS2/record_ws/build/my_record_utils -- -j16 -l16
[11.607s] DEBUG:colcon.colcon_core.event_handler.log_command:Invoked command in '/home/shen/learn/ROS2/record_ws/build/my_record_utils' returned '0': CMAKE_PREFIX_PATH=${CMAKE_PREFIX_PATH}:/opt/ros/humble /usr/bin/cmake --build /home/shen/learn/ROS2/record_ws/build/my_record_utils -- -j16 -l16
[11.683s] DEBUG:colcon.colcon_core.event_handler.log_command:Invoking command in '/home/shen/learn/ROS2/record_ws/build/my_record_utils': CMAKE_PREFIX_PATH=${CMAKE_PREFIX_PATH}:/opt/ros/humble /usr/bin/cmake --install /home/shen/learn/ROS2/record_ws/build/my_record_utils
[11.733s] Level 1:colcon.colcon_core.environment:create_environment_scripts_only(my_record_utils)
[11.733s] DEBUG:colcon.colcon_core.event_handler.log_command:Invoked command in '/home/shen/learn/ROS2/record_ws/build/my_record_utils' returned '0': CMAKE_PREFIX_PATH=${CMAKE_PREFIX_PATH}:/opt/ros/humble /usr/bin/cmake --install /home/shen/learn/ROS2/record_ws/build/my_record_utils
[11.768s] Level 1:colcon.colcon_core.environment:checking '/home/shen/learn/ROS2/record_ws/install/my_record_utils' for CMake module files
[11.769s] Level 1:colcon.colcon_core.environment:checking '/home/shen/learn/ROS2/record_ws/install/my_record_utils' for CMake config files
[11.770s] Level 1:colcon.colcon_core.shell:create_environment_hook('my_record_utils', 'cmake_prefix_path')
[11.802s] INFO:colcon.colcon_core.shell:Creating environment hook '/home/shen/learn/ROS2/record_ws/install/my_record_utils/share/my_record_utils/hook/cmake_prefix_path.ps1'
[11.803s] INFO:colcon.colcon_core.shell:Creating environment descriptor '/home/shen/learn/ROS2/record_ws/install/my_record_utils/share/my_record_utils/hook/cmake_prefix_path.dsv'
[11.804s] INFO:colcon.colcon_core.shell:Creating environment hook '/home/shen/learn/ROS2/record_ws/install/my_record_utils/share/my_record_utils/hook/cmake_prefix_path.sh'
[11.806s] Level 1:colcon.colcon_core.environment:checking '/home/shen/learn/ROS2/record_ws/install/my_record_utils/lib'
[11.806s] Level 1:colcon.colcon_core.environment:checking '/home/shen/learn/ROS2/record_ws/install/my_record_utils/bin'
[11.806s] Level 1:colcon.colcon_core.environment:checking '/home/shen/learn/ROS2/record_ws/install/my_record_utils/lib/pkgconfig/my_record_utils.pc'
[11.807s] Level 1:colcon.colcon_core.environment:checking '/home/shen/learn/ROS2/record_ws/install/my_record_utils/lib/python3.10/site-packages'
[11.807s] Level 1:colcon.colcon_core.environment:checking '/home/shen/learn/ROS2/record_ws/install/my_record_utils/bin'
[11.823s] INFO:colcon.colcon_core.shell:Creating package script '/home/shen/learn/ROS2/record_ws/install/my_record_utils/share/my_record_utils/package.ps1'
[11.823s] INFO:colcon.colcon_core.shell:Creating package descriptor '/home/shen/learn/ROS2/record_ws/install/my_record_utils/share/my_record_utils/package.dsv'
[11.824s] INFO:colcon.colcon_core.shell:Creating package script '/home/shen/learn/ROS2/record_ws/install/my_record_utils/share/my_record_utils/package.sh'
[11.824s] INFO:colcon.colcon_core.shell:Creating package script '/home/shen/learn/ROS2/record_ws/install/my_record_utils/share/my_record_utils/package.bash'
[11.825s] INFO:colcon.colcon_core.shell:Creating package script '/home/shen/learn/ROS2/record_ws/install/my_record_utils/share/my_record_utils/package.zsh'
[11.825s] Level 1:colcon.colcon_core.environment:create_file_with_runtime_dependencies(/home/shen/learn/ROS2/record_ws/install/my_record_utils/share/colcon-core/packages/my_record_utils)
[11.902s] Level 1:colcon.colcon_core.environment:create_environment_scripts_only(my_record_utils)
[11.921s] Level 1:colcon.colcon_core.environment:checking '/home/shen/learn/ROS2/record_ws/install/my_record_utils' for CMake module files
[11.922s] Level 1:colcon.colcon_core.environment:checking '/home/shen/learn/ROS2/record_ws/install/my_record_utils' for CMake config files
[11.922s] Level 1:colcon.colcon_core.shell:create_environment_hook('my_record_utils', 'cmake_prefix_path')
[11.937s] INFO:colcon.colcon_core.shell:Creating environment hook '/home/shen/learn/ROS2/record_ws/install/my_record_utils/share/my_record_utils/hook/cmake_prefix_path.ps1'
[11.938s] INFO:colcon.colcon_core.shell:Creating environment descriptor '/home/shen/learn/ROS2/record_ws/install/my_record_utils/share/my_record_utils/hook/cmake_prefix_path.dsv'
[11.938s] INFO:colcon.colcon_core.shell:Creating environment hook '/home/shen/learn/ROS2/record_ws/install/my_record_utils/share/my_record_utils/hook/cmake_prefix_path.sh'
[11.939s] Level 1:colcon.colcon_core.environment:checking '/home/shen/learn/ROS2/record_ws/install/my_record_utils/lib'
[11.939s] Level 1:colcon.colcon_core.environment:checking '/home/shen/learn/ROS2/record_ws/install/my_record_utils/bin'
[11.939s] Level 1:colcon.colcon_core.environment:checking '/home/shen/learn/ROS2/record_ws/install/my_record_utils/lib/pkgconfig/my_record_utils.pc'
[11.939s] Level 1:colcon.colcon_core.environment:checking '/home/shen/learn/ROS2/record_ws/install/my_record_utils/lib/python3.10/site-packages'
[11.940s] Level 1:colcon.colcon_core.environment:checking '/home/shen/learn/ROS2/record_ws/install/my_record_utils/bin'
[11.953s] INFO:colcon.colcon_core.shell:Creating package script '/home/shen/learn/ROS2/record_ws/install/my_record_utils/share/my_record_utils/package.ps1'
[11.953s] INFO:colcon.colcon_core.shell:Creating package descriptor '/home/shen/learn/ROS2/record_ws/install/my_record_utils/share/my_record_utils/package.dsv'
[11.954s] INFO:colcon.colcon_core.shell:Creating package script '/home/shen/learn/ROS2/record_ws/install/my_record_utils/share/my_record_utils/package.sh'
[11.954s] INFO:colcon.colcon_core.shell:Creating package script '/home/shen/learn/ROS2/record_ws/install/my_record_utils/share/my_record_utils/package.bash'
[11.954s] INFO:colcon.colcon_core.shell:Creating package script '/home/shen/learn/ROS2/record_ws/install/my_record_utils/share/my_record_utils/package.zsh'
[11.955s] Level 1:colcon.colcon_core.environment:create_file_with_runtime_dependencies(/home/shen/learn/ROS2/record_ws/install/my_record_utils/share/colcon-core/packages/my_record_utils)
[11.955s] DEBUG:colcon.colcon_parallel_executor.executor.parallel:closing loop
[11.955s] DEBUG:colcon.colcon_parallel_executor.executor.parallel:loop closed
[11.955s] DEBUG:colcon.colcon_parallel_executor.executor.parallel:run_until_complete finished with '0'
[11.955s] DEBUG:colcon.colcon_core.event_reactor:joining thread
[11.986s] INFO:colcon.colcon_core.plugin_system:Skipping extension 'colcon_notification.desktop_notification.terminal_notifier': Not used on non-Darwin systems
[11.986s] INFO:colcon.colcon_core.plugin_system:Skipping extension 'colcon_notification.desktop_notification.win32': Not used on non-Windows systems
[11.986s] INFO:colcon.colcon_notification.desktop_notification:Sending desktop notification using 'notify2'
[12.005s] DEBUG:colcon.colcon_core.event_reactor:joined thread
[12.019s] INFO:colcon.colcon_core.shell:Creating prefix script '/home/shen/learn/ROS2/record_ws/install/local_setup.ps1'
[12.019s] INFO:colcon.colcon_core.shell:Creating prefix util module '/home/shen/learn/ROS2/record_ws/install/_local_setup_util_ps1.py'
[12.021s] INFO:colcon.colcon_core.shell:Creating prefix chain script '/home/shen/learn/ROS2/record_ws/install/setup.ps1'
[12.033s] INFO:colcon.colcon_core.shell:Creating prefix script '/home/shen/learn/ROS2/record_ws/install/local_setup.sh'
[12.034s] INFO:colcon.colcon_core.shell:Creating prefix util module '/home/shen/learn/ROS2/record_ws/install/_local_setup_util_sh.py'
[12.034s] INFO:colcon.colcon_core.shell:Creating prefix chain script '/home/shen/learn/ROS2/record_ws/install/setup.sh'
[12.047s] INFO:colcon.colcon_core.shell:Creating prefix script '/home/shen/learn/ROS2/record_ws/install/local_setup.bash'
[12.048s] INFO:colcon.colcon_core.shell:Creating prefix chain script '/home/shen/learn/ROS2/record_ws/install/setup.bash'
[12.061s] INFO:colcon.colcon_core.shell:Creating prefix script '/home/shen/learn/ROS2/record_ws/install/local_setup.zsh'
[12.061s] INFO:colcon.colcon_core.shell:Creating prefix chain script '/home/shen/learn/ROS2/record_ws/install/setup.zsh'
