[0.108s] Invoking command in '/home/shen/learn/ROS2/ars408_ws/build/ros2_socketcan_msgs': CMAKE_PREFIX_PATH=${CMAKE_PREFIX_PATH}:/opt/ros/humble /usr/bin/cmake --build /home/shen/learn/ROS2/ars408_ws/build/ros2_socketcan_msgs -- -j16 -l16
[0.218s] [  3%] Built target ros2_socketcan_msgs__cpp
[0.222s] [  6%] [32mBuilding C object CMakeFiles/ros2_socketcan_msgs__rosidl_generator_c.dir/rosidl_generator_c/ros2_socketcan_msgs/msg/detail/fd_frame__functions.c.o[0m
[0.241s] [  6%] Built target ament_cmake_python_copy_ros2_socketcan_msgs
[0.261s] [ 12%] [32mBuilding CXX object CMakeFiles/ros2_socketcan_msgs__rosidl_typesupport_fastrtps_cpp.dir/rosidl_typesupport_fastrtps_cpp/ros2_socketcan_msgs/msg/detail/dds_fastrtps/fd_frame__type_support.cpp.o[0m
[0.261s] [ 12%] [32mBuilding CXX object CMakeFiles/ros2_socketcan_msgs__rosidl_typesupport_cpp.dir/rosidl_typesupport_cpp/ros2_socketcan_msgs/msg/fd_frame__type_support.cpp.o[0m
[0.262s] [ 16%] [32mBuilding CXX object CMakeFiles/ros2_socketcan_msgs__rosidl_typesupport_introspection_cpp.dir/rosidl_typesupport_introspection_cpp/ros2_socketcan_msgs/msg/detail/fd_frame__type_support.cpp.o[0m
[0.334s] [ 19%] [32m[1mLinking C shared library libros2_socketcan_msgs__rosidl_generator_c.so[0m
[0.395s] [ 22%] Built target ros2_socketcan_msgs__rosidl_generator_c
[0.433s] [ 25%] [32mBuilding CXX object CMakeFiles/ros2_socketcan_msgs__rosidl_typesupport_c.dir/rosidl_typesupport_c/ros2_socketcan_msgs/msg/fd_frame__type_support.cpp.o[0m
[0.434s] [ 29%] [32mBuilding C object CMakeFiles/ros2_socketcan_msgs__rosidl_typesupport_introspection_c.dir/rosidl_typesupport_introspection_c/ros2_socketcan_msgs/msg/detail/fd_frame__type_support.c.o[0m
[0.439s] [ 32%] [32mBuilding CXX object CMakeFiles/ros2_socketcan_msgs__rosidl_typesupport_fastrtps_c.dir/rosidl_typesupport_fastrtps_c/ros2_socketcan_msgs/msg/detail/fd_frame__type_support_c.cpp.o[0m
[0.483s] [ 35%] [32m[1mLinking CXX shared library libros2_socketcan_msgs__rosidl_typesupport_c.so[0m
[0.499s] [ 38%] [32m[1mLinking C shared library libros2_socketcan_msgs__rosidl_typesupport_introspection_c.so[0m
[0.557s] [ 41%] Built target ros2_socketcan_msgs__rosidl_typesupport_c
[0.568s] [ 45%] Built target ros2_socketcan_msgs__rosidl_typesupport_introspection_c
[0.638s] running egg_info
[0.639s] writing ros2_socketcan_msgs.egg-info/PKG-INFO
[0.640s] writing dependency_links to ros2_socketcan_msgs.egg-info/dependency_links.txt
[0.640s] writing top-level names to ros2_socketcan_msgs.egg-info/top_level.txt
[0.646s] reading manifest file 'ros2_socketcan_msgs.egg-info/SOURCES.txt'
[0.648s] [ 48%] [32m[1mLinking CXX shared library libros2_socketcan_msgs__rosidl_typesupport_cpp.so[0m
[0.648s] writing manifest file 'ros2_socketcan_msgs.egg-info/SOURCES.txt'
[0.709s] [ 48%] Built target ament_cmake_python_build_ros2_socketcan_msgs_egg
[0.735s] [ 51%] Built target ros2_socketcan_msgs__rosidl_typesupport_cpp
[0.958s] [ 54%] [32m[1mLinking CXX shared library libros2_socketcan_msgs__rosidl_typesupport_fastrtps_c.so[0m
[0.978s] [ 58%] [32m[1mLinking CXX shared library libros2_socketcan_msgs__rosidl_typesupport_introspection_cpp.so[0m
[1.021s] [ 61%] [32m[1mLinking CXX shared library libros2_socketcan_msgs__rosidl_typesupport_fastrtps_cpp.so[0m
[1.100s] [ 64%] Built target ros2_socketcan_msgs__rosidl_typesupport_fastrtps_c
[1.128s] [ 67%] Built target ros2_socketcan_msgs__rosidl_typesupport_introspection_cpp
[1.160s] [ 70%] Built target ros2_socketcan_msgs__rosidl_typesupport_fastrtps_cpp
[1.199s] [ 70%] Built target ros2_socketcan_msgs
[1.239s] [ 74%] Built target ros2_socketcan_msgs__py
[1.283s] [ 77%] [32mBuilding C object CMakeFiles/ros2_socketcan_msgs__rosidl_generator_py.dir/rosidl_generator_py/ros2_socketcan_msgs/msg/_fd_frame_s.c.o[0m
[1.456s] [ 80%] [32m[1mLinking C shared library rosidl_generator_py/ros2_socketcan_msgs/libros2_socketcan_msgs__rosidl_generator_py.so[0m
[1.519s] [ 80%] Built target ros2_socketcan_msgs__rosidl_generator_py
[1.553s] [ 87%] [32mBuilding C object CMakeFiles/ros2_socketcan_msgs__rosidl_typesupport_fastrtps_c__pyext.dir/rosidl_generator_py/ros2_socketcan_msgs/_ros2_socketcan_msgs_s.ep.rosidl_typesupport_fastrtps_c.c.o[0m
[1.553s] [ 87%] [32mBuilding C object CMakeFiles/ros2_socketcan_msgs__rosidl_typesupport_c__pyext.dir/rosidl_generator_py/ros2_socketcan_msgs/_ros2_socketcan_msgs_s.ep.rosidl_typesupport_c.c.o[0m
[1.553s] [ 90%] [32mBuilding C object CMakeFiles/ros2_socketcan_msgs__rosidl_typesupport_introspection_c__pyext.dir/rosidl_generator_py/ros2_socketcan_msgs/_ros2_socketcan_msgs_s.ep.rosidl_typesupport_introspection_c.c.o[0m
[1.700s] [ 93%] [32m[1mLinking C shared library rosidl_generator_py/ros2_socketcan_msgs/ros2_socketcan_msgs_s__rosidl_typesupport_introspection_c.cpython-310-x86_64-linux-gnu.so[0m
[1.701s] [ 96%] [32m[1mLinking C shared library rosidl_generator_py/ros2_socketcan_msgs/ros2_socketcan_msgs_s__rosidl_typesupport_fastrtps_c.cpython-310-x86_64-linux-gnu.so[0m
[1.704s] [100%] [32m[1mLinking C shared library rosidl_generator_py/ros2_socketcan_msgs/ros2_socketcan_msgs_s__rosidl_typesupport_c.cpython-310-x86_64-linux-gnu.so[0m
[1.782s] [100%] Built target ros2_socketcan_msgs__rosidl_typesupport_c__pyext
[1.783s] [100%] Built target ros2_socketcan_msgs__rosidl_typesupport_fastrtps_c__pyext
[1.790s] [100%] Built target ros2_socketcan_msgs__rosidl_typesupport_introspection_c__pyext
[1.810s] Invoked command in '/home/shen/learn/ROS2/ars408_ws/build/ros2_socketcan_msgs' returned '0': CMAKE_PREFIX_PATH=${CMAKE_PREFIX_PATH}:/opt/ros/humble /usr/bin/cmake --build /home/shen/learn/ROS2/ars408_ws/build/ros2_socketcan_msgs -- -j16 -l16
[1.951s] Invoking command in '/home/shen/learn/ROS2/ars408_ws/build/ros2_socketcan_msgs': CMAKE_PREFIX_PATH=${CMAKE_PREFIX_PATH}:/opt/ros/humble /usr/bin/cmake --install /home/shen/learn/ROS2/ars408_ws/build/ros2_socketcan_msgs
[1.968s] -- Install configuration: ""
[1.969s] -- Up-to-date: /home/shen/learn/ROS2/ars408_ws/install/ros2_socketcan_msgs/share/ament_index/resource_index/rosidl_interfaces/ros2_socketcan_msgs
[1.969s] -- Up-to-date: /home/shen/learn/ROS2/ars408_ws/install/ros2_socketcan_msgs/include/ros2_socketcan_msgs/ros2_socketcan_msgs
[1.969s] -- Up-to-date: /home/shen/learn/ROS2/ars408_ws/install/ros2_socketcan_msgs/include/ros2_socketcan_msgs/ros2_socketcan_msgs/msg
[1.970s] -- Up-to-date: /home/shen/learn/ROS2/ars408_ws/install/ros2_socketcan_msgs/include/ros2_socketcan_msgs/ros2_socketcan_msgs/msg/rosidl_generator_c__visibility_control.h
[1.970s] -- Up-to-date: /home/shen/learn/ROS2/ars408_ws/install/ros2_socketcan_msgs/include/ros2_socketcan_msgs/ros2_socketcan_msgs/msg/fd_frame.h
[1.970s] -- Up-to-date: /home/shen/learn/ROS2/ars408_ws/install/ros2_socketcan_msgs/include/ros2_socketcan_msgs/ros2_socketcan_msgs/msg/detail
[1.970s] -- Up-to-date: /home/shen/learn/ROS2/ars408_ws/install/ros2_socketcan_msgs/include/ros2_socketcan_msgs/ros2_socketcan_msgs/msg/detail/fd_frame__struct.h
[1.970s] -- Up-to-date: /home/shen/learn/ROS2/ars408_ws/install/ros2_socketcan_msgs/include/ros2_socketcan_msgs/ros2_socketcan_msgs/msg/detail/fd_frame__functions.h
[1.970s] -- Up-to-date: /home/shen/learn/ROS2/ars408_ws/install/ros2_socketcan_msgs/include/ros2_socketcan_msgs/ros2_socketcan_msgs/msg/detail/fd_frame__type_support.h
[1.971s] -- Up-to-date: /home/shen/learn/ROS2/ars408_ws/install/ros2_socketcan_msgs/include/ros2_socketcan_msgs/ros2_socketcan_msgs/msg/detail/fd_frame__functions.c
[1.971s] -- Up-to-date: /home/shen/learn/ROS2/ars408_ws/install/ros2_socketcan_msgs/share/ros2_socketcan_msgs/environment/library_path.sh
[1.971s] -- Up-to-date: /home/shen/learn/ROS2/ars408_ws/install/ros2_socketcan_msgs/share/ros2_socketcan_msgs/environment/library_path.dsv
[1.971s] -- Installing: /home/shen/learn/ROS2/ars408_ws/install/ros2_socketcan_msgs/lib/libros2_socketcan_msgs__rosidl_generator_c.so
[1.972s] -- Set runtime path of "/home/shen/learn/ROS2/ars408_ws/install/ros2_socketcan_msgs/lib/libros2_socketcan_msgs__rosidl_generator_c.so" to ""
[1.972s] -- Up-to-date: /home/shen/learn/ROS2/ars408_ws/install/ros2_socketcan_msgs/include/ros2_socketcan_msgs/ros2_socketcan_msgs
[1.972s] -- Up-to-date: /home/shen/learn/ROS2/ars408_ws/install/ros2_socketcan_msgs/include/ros2_socketcan_msgs/ros2_socketcan_msgs/msg
[1.972s] -- Up-to-date: /home/shen/learn/ROS2/ars408_ws/install/ros2_socketcan_msgs/include/ros2_socketcan_msgs/ros2_socketcan_msgs/msg/rosidl_typesupport_fastrtps_c__visibility_control.h
[1.972s] -- Up-to-date: /home/shen/learn/ROS2/ars408_ws/install/ros2_socketcan_msgs/include/ros2_socketcan_msgs/ros2_socketcan_msgs/msg/detail
[1.973s] -- Up-to-date: /home/shen/learn/ROS2/ars408_ws/install/ros2_socketcan_msgs/include/ros2_socketcan_msgs/ros2_socketcan_msgs/msg/detail/fd_frame__rosidl_typesupport_fastrtps_c.h
[1.973s] -- Installing: /home/shen/learn/ROS2/ars408_ws/install/ros2_socketcan_msgs/lib/libros2_socketcan_msgs__rosidl_typesupport_fastrtps_c.so
[1.975s] -- Set runtime path of "/home/shen/learn/ROS2/ars408_ws/install/ros2_socketcan_msgs/lib/libros2_socketcan_msgs__rosidl_typesupport_fastrtps_c.so" to ""
[1.975s] -- Up-to-date: /home/shen/learn/ROS2/ars408_ws/install/ros2_socketcan_msgs/include/ros2_socketcan_msgs/ros2_socketcan_msgs
[1.975s] -- Up-to-date: /home/shen/learn/ROS2/ars408_ws/install/ros2_socketcan_msgs/include/ros2_socketcan_msgs/ros2_socketcan_msgs/msg
[1.975s] -- Up-to-date: /home/shen/learn/ROS2/ars408_ws/install/ros2_socketcan_msgs/include/ros2_socketcan_msgs/ros2_socketcan_msgs/msg/rosidl_typesupport_introspection_c__visibility_control.h
[1.976s] -- Up-to-date: /home/shen/learn/ROS2/ars408_ws/install/ros2_socketcan_msgs/include/ros2_socketcan_msgs/ros2_socketcan_msgs/msg/detail
[1.976s] -- Up-to-date: /home/shen/learn/ROS2/ars408_ws/install/ros2_socketcan_msgs/include/ros2_socketcan_msgs/ros2_socketcan_msgs/msg/detail/fd_frame__rosidl_typesupport_introspection_c.h
[1.976s] -- Up-to-date: /home/shen/learn/ROS2/ars408_ws/install/ros2_socketcan_msgs/include/ros2_socketcan_msgs/ros2_socketcan_msgs/msg/detail/fd_frame__type_support.c
[1.976s] -- Installing: /home/shen/learn/ROS2/ars408_ws/install/ros2_socketcan_msgs/lib/libros2_socketcan_msgs__rosidl_typesupport_introspection_c.so
[1.977s] -- Set runtime path of "/home/shen/learn/ROS2/ars408_ws/install/ros2_socketcan_msgs/lib/libros2_socketcan_msgs__rosidl_typesupport_introspection_c.so" to ""
[1.978s] -- Installing: /home/shen/learn/ROS2/ars408_ws/install/ros2_socketcan_msgs/lib/libros2_socketcan_msgs__rosidl_typesupport_c.so
[1.979s] -- Set runtime path of "/home/shen/learn/ROS2/ars408_ws/install/ros2_socketcan_msgs/lib/libros2_socketcan_msgs__rosidl_typesupport_c.so" to ""
[1.979s] -- Up-to-date: /home/shen/learn/ROS2/ars408_ws/install/ros2_socketcan_msgs/include/ros2_socketcan_msgs/ros2_socketcan_msgs
[1.980s] -- Up-to-date: /home/shen/learn/ROS2/ars408_ws/install/ros2_socketcan_msgs/include/ros2_socketcan_msgs/ros2_socketcan_msgs/msg
[1.980s] -- Up-to-date: /home/shen/learn/ROS2/ars408_ws/install/ros2_socketcan_msgs/include/ros2_socketcan_msgs/ros2_socketcan_msgs/msg/fd_frame.hpp
[1.980s] -- Up-to-date: /home/shen/learn/ROS2/ars408_ws/install/ros2_socketcan_msgs/include/ros2_socketcan_msgs/ros2_socketcan_msgs/msg/detail
[1.981s] -- Up-to-date: /home/shen/learn/ROS2/ars408_ws/install/ros2_socketcan_msgs/include/ros2_socketcan_msgs/ros2_socketcan_msgs/msg/detail/fd_frame__struct.hpp
[1.981s] -- Up-to-date: /home/shen/learn/ROS2/ars408_ws/install/ros2_socketcan_msgs/include/ros2_socketcan_msgs/ros2_socketcan_msgs/msg/detail/fd_frame__builder.hpp
[1.982s] -- Up-to-date: /home/shen/learn/ROS2/ars408_ws/install/ros2_socketcan_msgs/include/ros2_socketcan_msgs/ros2_socketcan_msgs/msg/detail/fd_frame__traits.hpp
[1.982s] -- Up-to-date: /home/shen/learn/ROS2/ars408_ws/install/ros2_socketcan_msgs/include/ros2_socketcan_msgs/ros2_socketcan_msgs
[1.982s] -- Up-to-date: /home/shen/learn/ROS2/ars408_ws/install/ros2_socketcan_msgs/include/ros2_socketcan_msgs/ros2_socketcan_msgs/msg
[1.983s] -- Up-to-date: /home/shen/learn/ROS2/ars408_ws/install/ros2_socketcan_msgs/include/ros2_socketcan_msgs/ros2_socketcan_msgs/msg/rosidl_typesupport_fastrtps_cpp__visibility_control.h
[1.983s] -- Up-to-date: /home/shen/learn/ROS2/ars408_ws/install/ros2_socketcan_msgs/include/ros2_socketcan_msgs/ros2_socketcan_msgs/msg/detail
[1.983s] -- Up-to-date: /home/shen/learn/ROS2/ars408_ws/install/ros2_socketcan_msgs/include/ros2_socketcan_msgs/ros2_socketcan_msgs/msg/detail/dds_fastrtps
[1.983s] -- Up-to-date: /home/shen/learn/ROS2/ars408_ws/install/ros2_socketcan_msgs/include/ros2_socketcan_msgs/ros2_socketcan_msgs/msg/detail/fd_frame__rosidl_typesupport_fastrtps_cpp.hpp
[1.983s] -- Installing: /home/shen/learn/ROS2/ars408_ws/install/ros2_socketcan_msgs/lib/libros2_socketcan_msgs__rosidl_typesupport_fastrtps_cpp.so
[1.984s] -- Set runtime path of "/home/shen/learn/ROS2/ars408_ws/install/ros2_socketcan_msgs/lib/libros2_socketcan_msgs__rosidl_typesupport_fastrtps_cpp.so" to ""
[1.984s] -- Up-to-date: /home/shen/learn/ROS2/ars408_ws/install/ros2_socketcan_msgs/include/ros2_socketcan_msgs/ros2_socketcan_msgs
[1.985s] -- Up-to-date: /home/shen/learn/ROS2/ars408_ws/install/ros2_socketcan_msgs/include/ros2_socketcan_msgs/ros2_socketcan_msgs/msg
[1.985s] -- Up-to-date: /home/shen/learn/ROS2/ars408_ws/install/ros2_socketcan_msgs/include/ros2_socketcan_msgs/ros2_socketcan_msgs/msg/detail
[1.985s] -- Up-to-date: /home/shen/learn/ROS2/ars408_ws/install/ros2_socketcan_msgs/include/ros2_socketcan_msgs/ros2_socketcan_msgs/msg/detail/fd_frame__type_support.cpp
[1.985s] -- Up-to-date: /home/shen/learn/ROS2/ars408_ws/install/ros2_socketcan_msgs/include/ros2_socketcan_msgs/ros2_socketcan_msgs/msg/detail/fd_frame__rosidl_typesupport_introspection_cpp.hpp
[1.986s] -- Installing: /home/shen/learn/ROS2/ars408_ws/install/ros2_socketcan_msgs/lib/libros2_socketcan_msgs__rosidl_typesupport_introspection_cpp.so
[1.987s] -- Set runtime path of "/home/shen/learn/ROS2/ars408_ws/install/ros2_socketcan_msgs/lib/libros2_socketcan_msgs__rosidl_typesupport_introspection_cpp.so" to ""
[1.988s] -- Installing: /home/shen/learn/ROS2/ars408_ws/install/ros2_socketcan_msgs/lib/libros2_socketcan_msgs__rosidl_typesupport_cpp.so
[1.989s] -- Set runtime path of "/home/shen/learn/ROS2/ars408_ws/install/ros2_socketcan_msgs/lib/libros2_socketcan_msgs__rosidl_typesupport_cpp.so" to ""
[1.989s] -- Up-to-date: /home/shen/learn/ROS2/ars408_ws/install/ros2_socketcan_msgs/share/ros2_socketcan_msgs/environment/pythonpath.sh
[1.989s] -- Up-to-date: /home/shen/learn/ROS2/ars408_ws/install/ros2_socketcan_msgs/share/ros2_socketcan_msgs/environment/pythonpath.dsv
[1.990s] -- Up-to-date: /home/shen/learn/ROS2/ars408_ws/install/ros2_socketcan_msgs/local/lib/python3.10/dist-packages/ros2_socketcan_msgs-1.2.0-py3.10.egg-info
[1.991s] -- Installing: /home/shen/learn/ROS2/ars408_ws/install/ros2_socketcan_msgs/local/lib/python3.10/dist-packages/ros2_socketcan_msgs-1.2.0-py3.10.egg-info/SOURCES.txt
[1.991s] -- Installing: /home/shen/learn/ROS2/ars408_ws/install/ros2_socketcan_msgs/local/lib/python3.10/dist-packages/ros2_socketcan_msgs-1.2.0-py3.10.egg-info/top_level.txt
[1.991s] -- Installing: /home/shen/learn/ROS2/ars408_ws/install/ros2_socketcan_msgs/local/lib/python3.10/dist-packages/ros2_socketcan_msgs-1.2.0-py3.10.egg-info/PKG-INFO
[1.991s] -- Installing: /home/shen/learn/ROS2/ars408_ws/install/ros2_socketcan_msgs/local/lib/python3.10/dist-packages/ros2_socketcan_msgs-1.2.0-py3.10.egg-info/dependency_links.txt
[1.991s] -- Up-to-date: /home/shen/learn/ROS2/ars408_ws/install/ros2_socketcan_msgs/local/lib/python3.10/dist-packages/ros2_socketcan_msgs
[1.992s] -- Up-to-date: /home/shen/learn/ROS2/ars408_ws/install/ros2_socketcan_msgs/local/lib/python3.10/dist-packages/ros2_socketcan_msgs/msg
[1.992s] -- Up-to-date: /home/shen/learn/ROS2/ars408_ws/install/ros2_socketcan_msgs/local/lib/python3.10/dist-packages/ros2_socketcan_msgs/msg/_fd_frame_s.c
[1.992s] -- Up-to-date: /home/shen/learn/ROS2/ars408_ws/install/ros2_socketcan_msgs/local/lib/python3.10/dist-packages/ros2_socketcan_msgs/msg/__init__.py
[1.992s] -- Up-to-date: /home/shen/learn/ROS2/ars408_ws/install/ros2_socketcan_msgs/local/lib/python3.10/dist-packages/ros2_socketcan_msgs/msg/_fd_frame.py
[1.992s] -- Up-to-date: /home/shen/learn/ROS2/ars408_ws/install/ros2_socketcan_msgs/local/lib/python3.10/dist-packages/ros2_socketcan_msgs/_ros2_socketcan_msgs_s.ep.rosidl_typesupport_c.c
[1.992s] -- Installing: /home/shen/learn/ROS2/ars408_ws/install/ros2_socketcan_msgs/local/lib/python3.10/dist-packages/ros2_socketcan_msgs/libros2_socketcan_msgs__rosidl_generator_py.so
[1.993s] -- Up-to-date: /home/shen/learn/ROS2/ars408_ws/install/ros2_socketcan_msgs/local/lib/python3.10/dist-packages/ros2_socketcan_msgs/_ros2_socketcan_msgs_s.ep.rosidl_typesupport_introspection_c.c
[1.993s] -- Installing: /home/shen/learn/ROS2/ars408_ws/install/ros2_socketcan_msgs/local/lib/python3.10/dist-packages/ros2_socketcan_msgs/ros2_socketcan_msgs_s__rosidl_typesupport_introspection_c.cpython-310-x86_64-linux-gnu.so
[1.994s] -- Up-to-date: /home/shen/learn/ROS2/ars408_ws/install/ros2_socketcan_msgs/local/lib/python3.10/dist-packages/ros2_socketcan_msgs/__init__.py
[1.994s] -- Installing: /home/shen/learn/ROS2/ars408_ws/install/ros2_socketcan_msgs/local/lib/python3.10/dist-packages/ros2_socketcan_msgs/ros2_socketcan_msgs_s__rosidl_typesupport_c.cpython-310-x86_64-linux-gnu.so
[1.994s] -- Up-to-date: /home/shen/learn/ROS2/ars408_ws/install/ros2_socketcan_msgs/local/lib/python3.10/dist-packages/ros2_socketcan_msgs/_ros2_socketcan_msgs_s.ep.rosidl_typesupport_fastrtps_c.c
[1.995s] -- Installing: /home/shen/learn/ROS2/ars408_ws/install/ros2_socketcan_msgs/local/lib/python3.10/dist-packages/ros2_socketcan_msgs/ros2_socketcan_msgs_s__rosidl_typesupport_fastrtps_c.cpython-310-x86_64-linux-gnu.so
[2.058s] Listing '/home/shen/learn/ROS2/ars408_ws/install/ros2_socketcan_msgs/local/lib/python3.10/dist-packages/ros2_socketcan_msgs'...
[2.059s] Listing '/home/shen/learn/ROS2/ars408_ws/install/ros2_socketcan_msgs/local/lib/python3.10/dist-packages/ros2_socketcan_msgs/msg'...
[2.068s] -- Installing: /home/shen/learn/ROS2/ars408_ws/install/ros2_socketcan_msgs/local/lib/python3.10/dist-packages/ros2_socketcan_msgs/ros2_socketcan_msgs_s__rosidl_typesupport_fastrtps_c.cpython-310-x86_64-linux-gnu.so
[2.069s] -- Set runtime path of "/home/shen/learn/ROS2/ars408_ws/install/ros2_socketcan_msgs/local/lib/python3.10/dist-packages/ros2_socketcan_msgs/ros2_socketcan_msgs_s__rosidl_typesupport_fastrtps_c.cpython-310-x86_64-linux-gnu.so" to ""
[2.070s] -- Installing: /home/shen/learn/ROS2/ars408_ws/install/ros2_socketcan_msgs/local/lib/python3.10/dist-packages/ros2_socketcan_msgs/ros2_socketcan_msgs_s__rosidl_typesupport_introspection_c.cpython-310-x86_64-linux-gnu.so
[2.071s] -- Set runtime path of "/home/shen/learn/ROS2/ars408_ws/install/ros2_socketcan_msgs/local/lib/python3.10/dist-packages/ros2_socketcan_msgs/ros2_socketcan_msgs_s__rosidl_typesupport_introspection_c.cpython-310-x86_64-linux-gnu.so" to ""
[2.071s] -- Installing: /home/shen/learn/ROS2/ars408_ws/install/ros2_socketcan_msgs/local/lib/python3.10/dist-packages/ros2_socketcan_msgs/ros2_socketcan_msgs_s__rosidl_typesupport_c.cpython-310-x86_64-linux-gnu.so
[2.073s] -- Set runtime path of "/home/shen/learn/ROS2/ars408_ws/install/ros2_socketcan_msgs/local/lib/python3.10/dist-packages/ros2_socketcan_msgs/ros2_socketcan_msgs_s__rosidl_typesupport_c.cpython-310-x86_64-linux-gnu.so" to ""
[2.073s] -- Installing: /home/shen/learn/ROS2/ars408_ws/install/ros2_socketcan_msgs/lib/libros2_socketcan_msgs__rosidl_generator_py.so
[2.074s] -- Set runtime path of "/home/shen/learn/ROS2/ars408_ws/install/ros2_socketcan_msgs/lib/libros2_socketcan_msgs__rosidl_generator_py.so" to ""
[2.075s] -- Up-to-date: /home/shen/learn/ROS2/ars408_ws/install/ros2_socketcan_msgs/share/ros2_socketcan_msgs/msg/FdFrame.idl
[2.075s] -- Up-to-date: /home/shen/learn/ROS2/ars408_ws/install/ros2_socketcan_msgs/share/ros2_socketcan_msgs/msg/FdFrame.msg
[2.075s] -- Up-to-date: /home/shen/learn/ROS2/ars408_ws/install/ros2_socketcan_msgs/share/ament_index/resource_index/package_run_dependencies/ros2_socketcan_msgs
[2.075s] -- Up-to-date: /home/shen/learn/ROS2/ars408_ws/install/ros2_socketcan_msgs/share/ament_index/resource_index/parent_prefix_path/ros2_socketcan_msgs
[2.076s] -- Up-to-date: /home/shen/learn/ROS2/ars408_ws/install/ros2_socketcan_msgs/share/ros2_socketcan_msgs/environment/ament_prefix_path.sh
[2.076s] -- Up-to-date: /home/shen/learn/ROS2/ars408_ws/install/ros2_socketcan_msgs/share/ros2_socketcan_msgs/environment/ament_prefix_path.dsv
[2.076s] -- Up-to-date: /home/shen/learn/ROS2/ars408_ws/install/ros2_socketcan_msgs/share/ros2_socketcan_msgs/environment/path.sh
[2.076s] -- Up-to-date: /home/shen/learn/ROS2/ars408_ws/install/ros2_socketcan_msgs/share/ros2_socketcan_msgs/environment/path.dsv
[2.076s] -- Up-to-date: /home/shen/learn/ROS2/ars408_ws/install/ros2_socketcan_msgs/share/ros2_socketcan_msgs/local_setup.bash
[2.076s] -- Up-to-date: /home/shen/learn/ROS2/ars408_ws/install/ros2_socketcan_msgs/share/ros2_socketcan_msgs/local_setup.sh
[2.077s] -- Up-to-date: /home/shen/learn/ROS2/ars408_ws/install/ros2_socketcan_msgs/share/ros2_socketcan_msgs/local_setup.zsh
[2.077s] -- Up-to-date: /home/shen/learn/ROS2/ars408_ws/install/ros2_socketcan_msgs/share/ros2_socketcan_msgs/local_setup.dsv
[2.077s] -- Installing: /home/shen/learn/ROS2/ars408_ws/install/ros2_socketcan_msgs/share/ros2_socketcan_msgs/package.dsv
[2.077s] -- Up-to-date: /home/shen/learn/ROS2/ars408_ws/install/ros2_socketcan_msgs/share/ament_index/resource_index/packages/ros2_socketcan_msgs
[2.077s] -- Up-to-date: /home/shen/learn/ROS2/ars408_ws/install/ros2_socketcan_msgs/share/ros2_socketcan_msgs/cmake/export_ros2_socketcan_msgs__rosidl_generator_cExport.cmake
[2.078s] -- Up-to-date: /home/shen/learn/ROS2/ars408_ws/install/ros2_socketcan_msgs/share/ros2_socketcan_msgs/cmake/export_ros2_socketcan_msgs__rosidl_generator_cExport-noconfig.cmake
[2.079s] -- Up-to-date: /home/shen/learn/ROS2/ars408_ws/install/ros2_socketcan_msgs/share/ros2_socketcan_msgs/cmake/export_ros2_socketcan_msgs__rosidl_typesupport_fastrtps_cExport.cmake
[2.080s] -- Up-to-date: /home/shen/learn/ROS2/ars408_ws/install/ros2_socketcan_msgs/share/ros2_socketcan_msgs/cmake/export_ros2_socketcan_msgs__rosidl_typesupport_fastrtps_cExport-noconfig.cmake
[2.081s] -- Up-to-date: /home/shen/learn/ROS2/ars408_ws/install/ros2_socketcan_msgs/share/ros2_socketcan_msgs/cmake/ros2_socketcan_msgs__rosidl_typesupport_introspection_cExport.cmake
[2.082s] -- Up-to-date: /home/shen/learn/ROS2/ars408_ws/install/ros2_socketcan_msgs/share/ros2_socketcan_msgs/cmake/ros2_socketcan_msgs__rosidl_typesupport_introspection_cExport-noconfig.cmake
[2.082s] -- Up-to-date: /home/shen/learn/ROS2/ars408_ws/install/ros2_socketcan_msgs/share/ros2_socketcan_msgs/cmake/ros2_socketcan_msgs__rosidl_typesupport_cExport.cmake
[2.082s] -- Up-to-date: /home/shen/learn/ROS2/ars408_ws/install/ros2_socketcan_msgs/share/ros2_socketcan_msgs/cmake/ros2_socketcan_msgs__rosidl_typesupport_cExport-noconfig.cmake
[2.083s] -- Up-to-date: /home/shen/learn/ROS2/ars408_ws/install/ros2_socketcan_msgs/share/ros2_socketcan_msgs/cmake/export_ros2_socketcan_msgs__rosidl_generator_cppExport.cmake
[2.083s] -- Up-to-date: /home/shen/learn/ROS2/ars408_ws/install/ros2_socketcan_msgs/share/ros2_socketcan_msgs/cmake/export_ros2_socketcan_msgs__rosidl_typesupport_fastrtps_cppExport.cmake
[2.084s] -- Up-to-date: /home/shen/learn/ROS2/ars408_ws/install/ros2_socketcan_msgs/share/ros2_socketcan_msgs/cmake/export_ros2_socketcan_msgs__rosidl_typesupport_fastrtps_cppExport-noconfig.cmake
[2.084s] -- Up-to-date: /home/shen/learn/ROS2/ars408_ws/install/ros2_socketcan_msgs/share/ros2_socketcan_msgs/cmake/ros2_socketcan_msgs__rosidl_typesupport_introspection_cppExport.cmake
[2.084s] -- Up-to-date: /home/shen/learn/ROS2/ars408_ws/install/ros2_socketcan_msgs/share/ros2_socketcan_msgs/cmake/ros2_socketcan_msgs__rosidl_typesupport_introspection_cppExport-noconfig.cmake
[2.085s] -- Up-to-date: /home/shen/learn/ROS2/ars408_ws/install/ros2_socketcan_msgs/share/ros2_socketcan_msgs/cmake/ros2_socketcan_msgs__rosidl_typesupport_cppExport.cmake
[2.085s] -- Up-to-date: /home/shen/learn/ROS2/ars408_ws/install/ros2_socketcan_msgs/share/ros2_socketcan_msgs/cmake/ros2_socketcan_msgs__rosidl_typesupport_cppExport-noconfig.cmake
[2.085s] -- Up-to-date: /home/shen/learn/ROS2/ars408_ws/install/ros2_socketcan_msgs/share/ros2_socketcan_msgs/cmake/export_ros2_socketcan_msgs__rosidl_generator_pyExport.cmake
[2.085s] -- Up-to-date: /home/shen/learn/ROS2/ars408_ws/install/ros2_socketcan_msgs/share/ros2_socketcan_msgs/cmake/export_ros2_socketcan_msgs__rosidl_generator_pyExport-noconfig.cmake
[2.085s] -- Up-to-date: /home/shen/learn/ROS2/ars408_ws/install/ros2_socketcan_msgs/share/ros2_socketcan_msgs/cmake/rosidl_cmake-extras.cmake
[2.086s] -- Up-to-date: /home/shen/learn/ROS2/ars408_ws/install/ros2_socketcan_msgs/share/ros2_socketcan_msgs/cmake/ament_cmake_export_dependencies-extras.cmake
[2.086s] -- Up-to-date: /home/shen/learn/ROS2/ars408_ws/install/ros2_socketcan_msgs/share/ros2_socketcan_msgs/cmake/ament_cmake_export_include_directories-extras.cmake
[2.086s] -- Up-to-date: /home/shen/learn/ROS2/ars408_ws/install/ros2_socketcan_msgs/share/ros2_socketcan_msgs/cmake/ament_cmake_export_libraries-extras.cmake
[2.086s] -- Up-to-date: /home/shen/learn/ROS2/ars408_ws/install/ros2_socketcan_msgs/share/ros2_socketcan_msgs/cmake/ament_cmake_export_targets-extras.cmake
[2.086s] -- Up-to-date: /home/shen/learn/ROS2/ars408_ws/install/ros2_socketcan_msgs/share/ros2_socketcan_msgs/cmake/rosidl_cmake_export_typesupport_targets-extras.cmake
[2.086s] -- Up-to-date: /home/shen/learn/ROS2/ars408_ws/install/ros2_socketcan_msgs/share/ros2_socketcan_msgs/cmake/rosidl_cmake_export_typesupport_libraries-extras.cmake
[2.087s] -- Up-to-date: /home/shen/learn/ROS2/ars408_ws/install/ros2_socketcan_msgs/share/ros2_socketcan_msgs/cmake/ros2_socketcan_msgsConfig.cmake
[2.087s] -- Up-to-date: /home/shen/learn/ROS2/ars408_ws/install/ros2_socketcan_msgs/share/ros2_socketcan_msgs/cmake/ros2_socketcan_msgsConfig-version.cmake
[2.087s] -- Up-to-date: /home/shen/learn/ROS2/ars408_ws/install/ros2_socketcan_msgs/share/ros2_socketcan_msgs/package.xml
[2.091s] Invoked command in '/home/shen/learn/ROS2/ars408_ws/build/ros2_socketcan_msgs' returned '0': CMAKE_PREFIX_PATH=${CMAKE_PREFIX_PATH}:/opt/ros/humble /usr/bin/cmake --install /home/shen/learn/ROS2/ars408_ws/build/ros2_socketcan_msgs
