[0.832s] DEBUG:colcon:Command line arguments: ['/usr/bin/colcon', 'build', '--packages-select', 'my_can_utils']
[0.832s] DEBUG:colcon:Parsed command line arguments: Namespace(log_base=None, log_level=None, verb_name='build', build_base='build', install_base='install', merge_install=False, symlink_install=False, test_result_base=None, continue_on_error=False, executor='parallel', parallel_workers=16, event_handlers=None, ignore_user_meta=False, metas=['./colcon.meta'], base_paths=['.'], packages_ignore=None, packages_ignore_regex=None, paths=None, packages_up_to=None, packages_up_to_regex=None, packages_above=None, packages_above_and_dependencies=None, packages_above_depth=None, packages_select_by_dep=None, packages_skip_by_dep=None, packages_skip_up_to=None, packages_select_build_failed=False, packages_skip_build_finished=False, packages_select_test_failures=False, packages_skip_test_passed=False, packages_select=['my_can_utils'], packages_skip=None, packages_select_regex=None, packages_skip_regex=None, packages_start=None, packages_end=None, allow_overriding=[], cmake_args=None, cmake_target=None, cmake_target_skip_unavailable=False, cmake_clean_cache=False, cmake_clean_first=False, cmake_force_configure=False, ament_cmake_args=None, catkin_cmake_args=None, catkin_skip_building_tests=False, verb_parser=<colcon_defaults.argument_parser.defaults.DefaultArgumentsDecorator object at 0x7c4fb71d94e0>, verb_extension=<colcon_core.verb.build.BuildVerb object at 0x7c4fb75df9d0>, main=<bound method BuildVerb.main of <colcon_core.verb.build.BuildVerb object at 0x7c4fb75df9d0>>)
[0.879s] Level 1:colcon.colcon_core.package_discovery:discover_packages(colcon_meta) check parameters
[0.879s] Level 1:colcon.colcon_core.package_discovery:discover_packages(recursive) check parameters
[0.879s] Level 1:colcon.colcon_core.package_discovery:discover_packages(ignore) check parameters
[0.879s] Level 1:colcon.colcon_core.package_discovery:discover_packages(path) check parameters
[0.879s] Level 1:colcon.colcon_core.package_discovery:discover_packages(colcon_meta) discover
[0.879s] Level 1:colcon.colcon_core.package_discovery:discover_packages(recursive) discover
[0.879s] INFO:colcon.colcon_core.package_discovery:Crawling recursively for packages in '/home/shen/learn/ROS2/can_ws'
[0.880s] Level 1:colcon.colcon_core.package_identification:_identify(.) by extensions ['ignore', 'ignore_ament_install']
[0.880s] Level 1:colcon.colcon_core.package_identification:_identify(.) by extension 'ignore'
[0.880s] Level 1:colcon.colcon_core.package_identification:_identify(.) by extension 'ignore_ament_install'
[0.880s] Level 1:colcon.colcon_core.package_identification:_identify(.) by extensions ['colcon_pkg']
[0.880s] Level 1:colcon.colcon_core.package_identification:_identify(.) by extension 'colcon_pkg'
[0.880s] Level 1:colcon.colcon_core.package_identification:_identify(.) by extensions ['colcon_meta']
[0.880s] Level 1:colcon.colcon_core.package_identification:_identify(.) by extension 'colcon_meta'
[0.880s] Level 1:colcon.colcon_core.package_identification:_identify(.) by extensions ['ros']
[0.880s] Level 1:colcon.colcon_core.package_identification:_identify(.) by extension 'ros'
[0.889s] Level 1:colcon.colcon_core.package_identification:_identify(.) by extensions ['cmake', 'python']
[0.889s] Level 1:colcon.colcon_core.package_identification:_identify(.) by extension 'cmake'
[0.889s] Level 1:colcon.colcon_core.package_identification:_identify(.) by extension 'python'
[0.889s] Level 1:colcon.colcon_core.package_identification:_identify(.) by extensions ['python_setup_py']
[0.889s] Level 1:colcon.colcon_core.package_identification:_identify(.) by extension 'python_setup_py'
[0.889s] Level 1:colcon.colcon_core.package_identification:_identify(build) by extensions ['ignore', 'ignore_ament_install']
[0.889s] Level 1:colcon.colcon_core.package_identification:_identify(build) by extension 'ignore'
[0.889s] Level 1:colcon.colcon_core.package_identification:_identify(build) ignored
[0.889s] Level 1:colcon.colcon_core.package_identification:_identify(install) by extensions ['ignore', 'ignore_ament_install']
[0.890s] Level 1:colcon.colcon_core.package_identification:_identify(install) by extension 'ignore'
[0.890s] Level 1:colcon.colcon_core.package_identification:_identify(install) ignored
[0.890s] Level 1:colcon.colcon_core.package_identification:_identify(log) by extensions ['ignore', 'ignore_ament_install']
[0.890s] Level 1:colcon.colcon_core.package_identification:_identify(log) by extension 'ignore'
[0.890s] Level 1:colcon.colcon_core.package_identification:_identify(log) ignored
[0.890s] Level 1:colcon.colcon_core.package_identification:_identify(src) by extensions ['ignore', 'ignore_ament_install']
[0.890s] Level 1:colcon.colcon_core.package_identification:_identify(src) by extension 'ignore'
[0.890s] Level 1:colcon.colcon_core.package_identification:_identify(src) by extension 'ignore_ament_install'
[0.890s] Level 1:colcon.colcon_core.package_identification:_identify(src) by extensions ['colcon_pkg']
[0.890s] Level 1:colcon.colcon_core.package_identification:_identify(src) by extension 'colcon_pkg'
[0.890s] Level 1:colcon.colcon_core.package_identification:_identify(src) by extensions ['colcon_meta']
[0.890s] Level 1:colcon.colcon_core.package_identification:_identify(src) by extension 'colcon_meta'
[0.890s] Level 1:colcon.colcon_core.package_identification:_identify(src) by extensions ['ros']
[0.890s] Level 1:colcon.colcon_core.package_identification:_identify(src) by extension 'ros'
[0.890s] Level 1:colcon.colcon_core.package_identification:_identify(src) by extensions ['cmake', 'python']
[0.890s] Level 1:colcon.colcon_core.package_identification:_identify(src) by extension 'cmake'
[0.890s] Level 1:colcon.colcon_core.package_identification:_identify(src) by extension 'python'
[0.890s] Level 1:colcon.colcon_core.package_identification:_identify(src) by extensions ['python_setup_py']
[0.890s] Level 1:colcon.colcon_core.package_identification:_identify(src) by extension 'python_setup_py'
[0.890s] Level 1:colcon.colcon_core.package_identification:_identify(src/my_can_utils) by extensions ['ignore', 'ignore_ament_install']
[0.890s] Level 1:colcon.colcon_core.package_identification:_identify(src/my_can_utils) by extension 'ignore'
[0.891s] Level 1:colcon.colcon_core.package_identification:_identify(src/my_can_utils) by extension 'ignore_ament_install'
[0.891s] Level 1:colcon.colcon_core.package_identification:_identify(src/my_can_utils) by extensions ['colcon_pkg']
[0.891s] Level 1:colcon.colcon_core.package_identification:_identify(src/my_can_utils) by extension 'colcon_pkg'
[0.891s] Level 1:colcon.colcon_core.package_identification:_identify(src/my_can_utils) by extensions ['colcon_meta']
[0.891s] Level 1:colcon.colcon_core.package_identification:_identify(src/my_can_utils) by extension 'colcon_meta'
[0.891s] Level 1:colcon.colcon_core.package_identification:_identify(src/my_can_utils) by extensions ['ros']
[0.891s] Level 1:colcon.colcon_core.package_identification:_identify(src/my_can_utils) by extension 'ros'
[0.893s] DEBUG:colcon.colcon_core.package_identification:Package 'src/my_can_utils' with type 'ros.ament_cmake' and name 'my_can_utils'
[0.893s] Level 1:colcon.colcon_core.package_discovery:discover_packages(recursive) using defaults
[0.893s] Level 1:colcon.colcon_core.package_discovery:discover_packages(ignore) discover
[0.893s] Level 1:colcon.colcon_core.package_discovery:discover_packages(ignore) using defaults
[0.893s] Level 1:colcon.colcon_core.package_discovery:discover_packages(path) discover
[0.893s] Level 1:colcon.colcon_core.package_discovery:discover_packages(path) using defaults
[0.972s] Level 1:colcon.colcon_core.package_discovery:discover_packages(prefix_path) check parameters
[0.973s] Level 1:colcon.colcon_core.package_discovery:discover_packages(prefix_path) discover
[0.999s] DEBUG:colcon.colcon_installed_package_information.package_discovery:Found 1 installed packages in /home/shen/learn/ROS2/ws_livox/install
[1.013s] DEBUG:colcon.colcon_installed_package_information.package_discovery:Found 338 installed packages in /opt/ros/humble
[1.015s] Level 1:colcon.colcon_core.package_discovery:discover_packages(prefix_path) using defaults
[1.109s] Level 5:colcon.colcon_core.verb:set package 'my_can_utils' build argument 'cmake_args' from command line to 'None'
[1.109s] Level 5:colcon.colcon_core.verb:set package 'my_can_utils' build argument 'cmake_target' from command line to 'None'
[1.109s] Level 5:colcon.colcon_core.verb:set package 'my_can_utils' build argument 'cmake_target_skip_unavailable' from command line to 'False'
[1.110s] Level 5:colcon.colcon_core.verb:set package 'my_can_utils' build argument 'cmake_clean_cache' from command line to 'False'
[1.110s] Level 5:colcon.colcon_core.verb:set package 'my_can_utils' build argument 'cmake_clean_first' from command line to 'False'
[1.110s] Level 5:colcon.colcon_core.verb:set package 'my_can_utils' build argument 'cmake_force_configure' from command line to 'False'
[1.110s] Level 5:colcon.colcon_core.verb:set package 'my_can_utils' build argument 'ament_cmake_args' from command line to 'None'
[1.110s] Level 5:colcon.colcon_core.verb:set package 'my_can_utils' build argument 'catkin_cmake_args' from command line to 'None'
[1.110s] Level 5:colcon.colcon_core.verb:set package 'my_can_utils' build argument 'catkin_skip_building_tests' from command line to 'False'
[1.110s] DEBUG:colcon.colcon_core.verb:Building package 'my_can_utils' with the following arguments: {'ament_cmake_args': None, 'build_base': '/home/shen/learn/ROS2/can_ws/build/my_can_utils', 'catkin_cmake_args': None, 'catkin_skip_building_tests': False, 'cmake_args': None, 'cmake_clean_cache': False, 'cmake_clean_first': False, 'cmake_force_configure': False, 'cmake_target': None, 'cmake_target_skip_unavailable': False, 'install_base': '/home/shen/learn/ROS2/can_ws/install/my_can_utils', 'merge_install': False, 'path': '/home/shen/learn/ROS2/can_ws/src/my_can_utils', 'symlink_install': False, 'test_result_base': None}
[1.122s] INFO:colcon.colcon_core.executor:Executing jobs using 'parallel' executor
[1.136s] DEBUG:colcon.colcon_parallel_executor.executor.parallel:run_until_complete
[1.136s] INFO:colcon.colcon_ros.task.ament_cmake.build:Building ROS package in '/home/shen/learn/ROS2/can_ws/src/my_can_utils' with build type 'ament_cmake'
[1.136s] INFO:colcon.colcon_cmake.task.cmake.build:Building CMake package in '/home/shen/learn/ROS2/can_ws/src/my_can_utils'
[1.150s] INFO:colcon.colcon_core.plugin_system:Skipping extension 'colcon_core.shell.bat': Not used on non-Windows systems
[1.151s] INFO:colcon.colcon_core.shell:Skip shell extension 'powershell' for command environment: Not usable outside of PowerShell
[1.151s] DEBUG:colcon.colcon_core.shell:Skip shell extension 'dsv' for command environment
[1.203s] DEBUG:colcon.colcon_core.event_handler.log_command:Invoking command in '/home/shen/learn/ROS2/can_ws/build/my_can_utils': CMAKE_PREFIX_PATH=${CMAKE_PREFIX_PATH}:/opt/ros/humble /usr/bin/cmake --build /home/shen/learn/ROS2/can_ws/build/my_can_utils -- -j16 -l16
[2.119s] DEBUG:colcon.colcon_core.event_handler.log_command:Invoked command in '/home/shen/learn/ROS2/can_ws/build/my_can_utils' returned '0': CMAKE_PREFIX_PATH=${CMAKE_PREFIX_PATH}:/opt/ros/humble /usr/bin/cmake --build /home/shen/learn/ROS2/can_ws/build/my_can_utils -- -j16 -l16
[2.167s] DEBUG:colcon.colcon_core.event_handler.log_command:Invoking command in '/home/shen/learn/ROS2/can_ws/build/my_can_utils': CMAKE_PREFIX_PATH=${CMAKE_PREFIX_PATH}:/opt/ros/humble /usr/bin/cmake --install /home/shen/learn/ROS2/can_ws/build/my_can_utils
[2.182s] Level 1:colcon.colcon_core.environment:create_environment_scripts_only(my_can_utils)
[2.183s] DEBUG:colcon.colcon_core.event_handler.log_command:Invoked command in '/home/shen/learn/ROS2/can_ws/build/my_can_utils' returned '0': CMAKE_PREFIX_PATH=${CMAKE_PREFIX_PATH}:/opt/ros/humble /usr/bin/cmake --install /home/shen/learn/ROS2/can_ws/build/my_can_utils
[2.198s] Level 1:colcon.colcon_core.environment:checking '/home/shen/learn/ROS2/can_ws/install/my_can_utils' for CMake module files
[2.199s] Level 1:colcon.colcon_core.environment:checking '/home/shen/learn/ROS2/can_ws/install/my_can_utils' for CMake config files
[2.199s] Level 1:colcon.colcon_core.shell:create_environment_hook('my_can_utils', 'cmake_prefix_path')
[2.212s] INFO:colcon.colcon_core.shell:Creating environment hook '/home/shen/learn/ROS2/can_ws/install/my_can_utils/share/my_can_utils/hook/cmake_prefix_path.ps1'
[2.213s] INFO:colcon.colcon_core.shell:Creating environment descriptor '/home/shen/learn/ROS2/can_ws/install/my_can_utils/share/my_can_utils/hook/cmake_prefix_path.dsv'
[2.213s] INFO:colcon.colcon_core.shell:Creating environment hook '/home/shen/learn/ROS2/can_ws/install/my_can_utils/share/my_can_utils/hook/cmake_prefix_path.sh'
[2.214s] Level 1:colcon.colcon_core.environment:checking '/home/shen/learn/ROS2/can_ws/install/my_can_utils/lib'
[2.214s] Level 1:colcon.colcon_core.environment:checking '/home/shen/learn/ROS2/can_ws/install/my_can_utils/bin'
[2.214s] Level 1:colcon.colcon_core.environment:checking '/home/shen/learn/ROS2/can_ws/install/my_can_utils/lib/pkgconfig/my_can_utils.pc'
[2.214s] Level 1:colcon.colcon_core.environment:checking '/home/shen/learn/ROS2/can_ws/install/my_can_utils/lib/python3.10/site-packages'
[2.215s] Level 1:colcon.colcon_core.environment:checking '/home/shen/learn/ROS2/can_ws/install/my_can_utils/bin'
[2.228s] INFO:colcon.colcon_core.shell:Creating package script '/home/shen/learn/ROS2/can_ws/install/my_can_utils/share/my_can_utils/package.ps1'
[2.229s] INFO:colcon.colcon_core.shell:Creating package descriptor '/home/shen/learn/ROS2/can_ws/install/my_can_utils/share/my_can_utils/package.dsv'
[2.229s] INFO:colcon.colcon_core.shell:Creating package script '/home/shen/learn/ROS2/can_ws/install/my_can_utils/share/my_can_utils/package.sh'
[2.230s] INFO:colcon.colcon_core.shell:Creating package script '/home/shen/learn/ROS2/can_ws/install/my_can_utils/share/my_can_utils/package.bash'
[2.231s] INFO:colcon.colcon_core.shell:Creating package script '/home/shen/learn/ROS2/can_ws/install/my_can_utils/share/my_can_utils/package.zsh'
[2.232s] Level 1:colcon.colcon_core.environment:create_file_with_runtime_dependencies(/home/shen/learn/ROS2/can_ws/install/my_can_utils/share/colcon-core/packages/my_can_utils)
[2.284s] Level 1:colcon.colcon_core.environment:create_environment_scripts_only(my_can_utils)
[2.297s] Level 1:colcon.colcon_core.environment:checking '/home/shen/learn/ROS2/can_ws/install/my_can_utils' for CMake module files
[2.297s] Level 1:colcon.colcon_core.environment:checking '/home/shen/learn/ROS2/can_ws/install/my_can_utils' for CMake config files
[2.298s] Level 1:colcon.colcon_core.shell:create_environment_hook('my_can_utils', 'cmake_prefix_path')
[2.310s] INFO:colcon.colcon_core.shell:Creating environment hook '/home/shen/learn/ROS2/can_ws/install/my_can_utils/share/my_can_utils/hook/cmake_prefix_path.ps1'
[2.311s] INFO:colcon.colcon_core.shell:Creating environment descriptor '/home/shen/learn/ROS2/can_ws/install/my_can_utils/share/my_can_utils/hook/cmake_prefix_path.dsv'
[2.311s] INFO:colcon.colcon_core.shell:Creating environment hook '/home/shen/learn/ROS2/can_ws/install/my_can_utils/share/my_can_utils/hook/cmake_prefix_path.sh'
[2.312s] Level 1:colcon.colcon_core.environment:checking '/home/shen/learn/ROS2/can_ws/install/my_can_utils/lib'
[2.312s] Level 1:colcon.colcon_core.environment:checking '/home/shen/learn/ROS2/can_ws/install/my_can_utils/bin'
[2.312s] Level 1:colcon.colcon_core.environment:checking '/home/shen/learn/ROS2/can_ws/install/my_can_utils/lib/pkgconfig/my_can_utils.pc'
[2.312s] Level 1:colcon.colcon_core.environment:checking '/home/shen/learn/ROS2/can_ws/install/my_can_utils/lib/python3.10/site-packages'
[2.313s] Level 1:colcon.colcon_core.environment:checking '/home/shen/learn/ROS2/can_ws/install/my_can_utils/bin'
[2.326s] INFO:colcon.colcon_core.shell:Creating package script '/home/shen/learn/ROS2/can_ws/install/my_can_utils/share/my_can_utils/package.ps1'
[2.326s] INFO:colcon.colcon_core.shell:Creating package descriptor '/home/shen/learn/ROS2/can_ws/install/my_can_utils/share/my_can_utils/package.dsv'
[2.327s] INFO:colcon.colcon_core.shell:Creating package script '/home/shen/learn/ROS2/can_ws/install/my_can_utils/share/my_can_utils/package.sh'
[2.328s] INFO:colcon.colcon_core.shell:Creating package script '/home/shen/learn/ROS2/can_ws/install/my_can_utils/share/my_can_utils/package.bash'
[2.328s] INFO:colcon.colcon_core.shell:Creating package script '/home/shen/learn/ROS2/can_ws/install/my_can_utils/share/my_can_utils/package.zsh'
[2.329s] Level 1:colcon.colcon_core.environment:create_file_with_runtime_dependencies(/home/shen/learn/ROS2/can_ws/install/my_can_utils/share/colcon-core/packages/my_can_utils)
[2.329s] DEBUG:colcon.colcon_parallel_executor.executor.parallel:closing loop
[2.329s] DEBUG:colcon.colcon_parallel_executor.executor.parallel:loop closed
[2.329s] DEBUG:colcon.colcon_parallel_executor.executor.parallel:run_until_complete finished with '0'
[2.329s] DEBUG:colcon.colcon_core.event_reactor:joining thread
[2.347s] INFO:colcon.colcon_core.plugin_system:Skipping extension 'colcon_notification.desktop_notification.terminal_notifier': Not used on non-Darwin systems
[2.347s] INFO:colcon.colcon_core.plugin_system:Skipping extension 'colcon_notification.desktop_notification.win32': Not used on non-Windows systems
[2.347s] INFO:colcon.colcon_notification.desktop_notification:Sending desktop notification using 'notify2'
[2.369s] DEBUG:colcon.colcon_core.event_reactor:joined thread
[2.382s] INFO:colcon.colcon_core.shell:Creating prefix script '/home/shen/learn/ROS2/can_ws/install/local_setup.ps1'
[2.383s] INFO:colcon.colcon_core.shell:Creating prefix util module '/home/shen/learn/ROS2/can_ws/install/_local_setup_util_ps1.py'
[2.384s] INFO:colcon.colcon_core.shell:Creating prefix chain script '/home/shen/learn/ROS2/can_ws/install/setup.ps1'
[2.397s] INFO:colcon.colcon_core.shell:Creating prefix script '/home/shen/learn/ROS2/can_ws/install/local_setup.sh'
[2.397s] INFO:colcon.colcon_core.shell:Creating prefix util module '/home/shen/learn/ROS2/can_ws/install/_local_setup_util_sh.py'
[2.398s] INFO:colcon.colcon_core.shell:Creating prefix chain script '/home/shen/learn/ROS2/can_ws/install/setup.sh'
[2.411s] INFO:colcon.colcon_core.shell:Creating prefix script '/home/shen/learn/ROS2/can_ws/install/local_setup.bash'
[2.412s] INFO:colcon.colcon_core.shell:Creating prefix chain script '/home/shen/learn/ROS2/can_ws/install/setup.bash'
[2.425s] INFO:colcon.colcon_core.shell:Creating prefix script '/home/shen/learn/ROS2/can_ws/install/local_setup.zsh'
[2.425s] INFO:colcon.colcon_core.shell:Creating prefix chain script '/home/shen/learn/ROS2/can_ws/install/setup.zsh'
