[0.053s] Invoking command in '/home/shen/learn/ROS2/socketcan_ws/build/ros2_socketcan': AMENT_PREFIX_PATH=/home/shen/learn/ROS2/socketcan_ws/install/ros2_socketcan_msgs:${AMENT_PREFIX_PATH} CMAKE_PREFIX_PATH=/home/shen/learn/ROS2/socketcan_ws/install/ros2_socketcan_msgs:/opt/ros/humble LD_LIBRARY_PATH=/home/shen/learn/ROS2/socketcan_ws/install/ros2_socketcan_msgs/lib:${LD_LIBRARY_PATH} PYTHONPATH=/home/shen/learn/ROS2/socketcan_ws/install/ros2_socketcan_msgs/local/lib/python3.10/dist-packages:${PYTHONPATH} /usr/bin/cmake /home/shen/learn/ROS2/socketcan_ws/src/ros2_socketcan/ros2_socketcan -DCMAKE_INSTALL_PREFIX=/home/shen/learn/ROS2/socketcan_ws/install/ros2_socketcan
[0.150s] -- The C compiler identification is GNU 11.4.0
[0.221s] -- The CXX compiler identification is GNU 11.4.0
[0.239s] -- Detecting C compiler ABI info
[0.352s] -- Detecting C compiler ABI info - done
[0.368s] -- Check for working C compiler: /usr/bin/cc - skipped
[0.368s] -- Detecting C compile features
[0.369s] -- Detecting C compile features - done
[0.375s] -- Detecting CXX compiler ABI info
[0.481s] -- Detecting CXX compiler ABI info - done
[0.498s] -- Check for working CXX compiler: /usr/bin/c++ - skipped
[0.498s] -- Detecting CXX compile features
[0.499s] -- Detecting CXX compile features - done
[0.505s] -- Found ament_cmake_auto: 1.3.6 (/opt/ros/humble/share/ament_cmake_auto/cmake)
[0.762s] -- Found Python3: /usr/bin/python3.10 (found version "3.10.12") found components: Interpreter 
[1.108s] -- Found rosidl_generator_c: 3.1.5 (/opt/ros/humble/share/rosidl_generator_c/cmake)
[1.113s] -- Found rosidl_adapter: 3.1.5 (/opt/ros/humble/share/rosidl_adapter/cmake)
[1.121s] -- Found rosidl_generator_cpp: 3.1.5 (/opt/ros/humble/share/rosidl_generator_cpp/cmake)
[1.133s] -- Using all available rosidl_typesupport_c: rosidl_typesupport_fastrtps_c;rosidl_typesupport_introspection_c
[1.153s] -- Using all available rosidl_typesupport_cpp: rosidl_typesupport_fastrtps_cpp;rosidl_typesupport_introspection_cpp
[1.217s] -- Found rmw_implementation_cmake: 6.1.1 (/opt/ros/humble/share/rmw_implementation_cmake/cmake)
[1.220s] -- Found rmw_fastrtps_cpp: 6.2.5 (/opt/ros/humble/share/rmw_fastrtps_cpp/cmake)
[1.374s] -- Found OpenSSL: /usr/lib/x86_64-linux-gnu/libcrypto.so (found version "3.0.2")  
[1.419s] -- Found FastRTPS: /opt/ros/humble/include  
[1.478s] -- Using RMW implementation 'rmw_fastrtps_cpp' as default
[1.488s] -- Looking for pthread.h
[1.615s] -- Looking for pthread.h - found
[1.616s] -- Performing Test CMAKE_HAVE_LIBC_PTHREAD
[1.749s] -- Performing Test CMAKE_HAVE_LIBC_PTHREAD - Success
[1.750s] -- Found Threads: TRUE  
[2.100s] -- Found ament_lint_auto: 0.12.9 (/opt/ros/humble/share/ament_lint_auto/cmake)
[2.129s] -- Found gtest sources under '/opt/ros/humble/src/gtest_vendor': C++ tests using 'Google Test' will be built
[2.136s] -- Added test 'copyright' to check source files copyright and LICENSE
[2.139s] -- Added test 'cppcheck' to perform static code analysis on C / C++ code
[2.139s] -- Configured cppcheck include dirs: /home/shen/learn/ROS2/socketcan_ws/src/ros2_socketcan/ros2_socketcan/include
[2.139s] -- Configured cppcheck exclude dirs and/or files: 
[2.142s] -- Added test 'cpplint' to check C / C++ code against the Google style
[2.143s] -- Configured cpplint exclude dirs and/or files: 
[2.143s] -- Added test 'flake8' to check Python code syntax and style conventions
[2.144s] -- Added test 'lint_cmake' to check CMake code style
[2.145s] -- Added test 'pep257' to check Python code against some of the docstring style conventions in PEP 257
[2.148s] -- Added test 'uncrustify' to check C / C++ code style
[2.148s] -- Configured uncrustify additional arguments: 
[2.149s] -- Added test 'xmllint' to check XML markup files
[2.152s] -- Configuring done
[2.184s] -- Generating done
[2.187s] -- Build files have been written to: /home/shen/learn/ROS2/socketcan_ws/build/ros2_socketcan
[2.198s] Invoked command in '/home/shen/learn/ROS2/socketcan_ws/build/ros2_socketcan' returned '0': AMENT_PREFIX_PATH=/home/shen/learn/ROS2/socketcan_ws/install/ros2_socketcan_msgs:${AMENT_PREFIX_PATH} CMAKE_PREFIX_PATH=/home/shen/learn/ROS2/socketcan_ws/install/ros2_socketcan_msgs:/opt/ros/humble LD_LIBRARY_PATH=/home/shen/learn/ROS2/socketcan_ws/install/ros2_socketcan_msgs/lib:${LD_LIBRARY_PATH} PYTHONPATH=/home/shen/learn/ROS2/socketcan_ws/install/ros2_socketcan_msgs/local/lib/python3.10/dist-packages:${PYTHONPATH} /usr/bin/cmake /home/shen/learn/ROS2/socketcan_ws/src/ros2_socketcan/ros2_socketcan -DCMAKE_INSTALL_PREFIX=/home/shen/learn/ROS2/socketcan_ws/install/ros2_socketcan
[2.200s] Invoking command in '/home/shen/learn/ROS2/socketcan_ws/build/ros2_socketcan': AMENT_PREFIX_PATH=/home/shen/learn/ROS2/socketcan_ws/install/ros2_socketcan_msgs:${AMENT_PREFIX_PATH} CMAKE_PREFIX_PATH=/home/shen/learn/ROS2/socketcan_ws/install/ros2_socketcan_msgs:/opt/ros/humble LD_LIBRARY_PATH=/home/shen/learn/ROS2/socketcan_ws/install/ros2_socketcan_msgs/lib:${LD_LIBRARY_PATH} PYTHONPATH=/home/shen/learn/ROS2/socketcan_ws/install/ros2_socketcan_msgs/local/lib/python3.10/dist-packages:${PYTHONPATH} /usr/bin/cmake --build /home/shen/learn/ROS2/socketcan_ws/build/ros2_socketcan -- -j16 -l16
[2.281s] [  4%] [32mBuilding CXX object CMakeFiles/ros2_socketcan.dir/src/socket_can_common.cpp.o[0m
[2.281s] [ 14%] [32mBuilding CXX object CMakeFiles/ros2_socketcan.dir/src/socket_can_id.cpp.o[0m
[2.281s] [ 14%] [32mBuilding CXX object CMakeFiles/ros2_socketcan.dir/src/socket_can_sender.cpp.o[0m
[2.284s] [ 19%] [32mBuilding CXX object CMakeFiles/ros2_socketcan.dir/src/socket_can_receiver.cpp.o[0m
[2.284s] [ 23%] [32mBuilding CXX object gtest/CMakeFiles/gtest_main.dir/src/gtest_main.cc.o[0m
[2.287s] [ 28%] [32mBuilding CXX object CMakeFiles/socket_can_sender_node_exe.dir/rclcpp_components/node_main_socket_can_sender_node_exe.cpp.o[0m
[2.289s] [ 33%] [32mBuilding CXX object CMakeFiles/socket_can_receiver_node_exe.dir/rclcpp_components/node_main_socket_can_receiver_node_exe.cpp.o[0m
[2.291s] [ 38%] [32mBuilding CXX object gtest/CMakeFiles/gtest.dir/src/gtest-all.cc.o[0m
[2.741s] [ 42%] [32m[1mLinking CXX shared library libros2_socketcan.so[0m
[2.852s] [ 47%] [32m[1mLinking CXX static library libgtest_main.a[0m
[2.887s] [ 47%] Built target ros2_socketcan
[2.913s] [ 52%] [32mBuilding CXX object CMakeFiles/socket_can_receiver_node.dir/src/socket_can_receiver_node.cpp.o[0m
[2.913s] [ 52%] Built target gtest_main
[4.880s] [ 57%] [32m[1mLinking CXX static library libgtest.a[0m
[4.973s] [ 57%] Built target gtest
[4.999s] [ 66%] [32mBuilding CXX object CMakeFiles/ros2_socketcan_test.dir/test/sanity_checks.cpp.o[0m
[4.999s] [ 66%] [32mBuilding CXX object CMakeFiles/ros2_socketcan_test.dir/test/gtest_main.cpp.o[0m
[5.007s] [ 71%] [32mBuilding CXX object CMakeFiles/ros2_socketcan_test.dir/test/receiver.cpp.o[0m
[5.144s] [ 76%] [32m[1mLinking CXX executable socket_can_sender_node_exe[0m
[5.206s] [ 80%] [32m[1mLinking CXX executable socket_can_receiver_node_exe[0m
[5.333s] [ 80%] Built target socket_can_sender_node_exe
[5.375s] [ 80%] Built target socket_can_receiver_node_exe
[6.252s] [ 85%] [32m[1mLinking CXX executable ros2_socketcan_test[0m
[6.510s] [ 85%] Built target ros2_socketcan_test
[7.328s] [ 90%] [32m[1mLinking CXX shared library libsocket_can_receiver_node.so[0m
[7.618s] [ 90%] Built target socket_can_receiver_node
[7.660s] [ 95%] [32mBuilding CXX object CMakeFiles/socket_can_sender_node.dir/src/socket_can_sender_node.cpp.o[0m
[16.175s] [100%] [32m[1mLinking CXX shared library libsocket_can_sender_node.so[0m
[16.879s] [100%] Built target socket_can_sender_node
[16.896s] Invoked command in '/home/shen/learn/ROS2/socketcan_ws/build/ros2_socketcan' returned '0': AMENT_PREFIX_PATH=/home/shen/learn/ROS2/socketcan_ws/install/ros2_socketcan_msgs:${AMENT_PREFIX_PATH} CMAKE_PREFIX_PATH=/home/shen/learn/ROS2/socketcan_ws/install/ros2_socketcan_msgs:/opt/ros/humble LD_LIBRARY_PATH=/home/shen/learn/ROS2/socketcan_ws/install/ros2_socketcan_msgs/lib:${LD_LIBRARY_PATH} PYTHONPATH=/home/shen/learn/ROS2/socketcan_ws/install/ros2_socketcan_msgs/local/lib/python3.10/dist-packages:${PYTHONPATH} /usr/bin/cmake --build /home/shen/learn/ROS2/socketcan_ws/build/ros2_socketcan -- -j16 -l16
[17.019s] Invoking command in '/home/shen/learn/ROS2/socketcan_ws/build/ros2_socketcan': AMENT_PREFIX_PATH=/home/shen/learn/ROS2/socketcan_ws/install/ros2_socketcan_msgs:${AMENT_PREFIX_PATH} CMAKE_PREFIX_PATH=/home/shen/learn/ROS2/socketcan_ws/install/ros2_socketcan_msgs:/opt/ros/humble LD_LIBRARY_PATH=/home/shen/learn/ROS2/socketcan_ws/install/ros2_socketcan_msgs/lib:${LD_LIBRARY_PATH} PYTHONPATH=/home/shen/learn/ROS2/socketcan_ws/install/ros2_socketcan_msgs/local/lib/python3.10/dist-packages:${PYTHONPATH} /usr/bin/cmake --install /home/shen/learn/ROS2/socketcan_ws/build/ros2_socketcan
[17.027s] -- Install configuration: ""
[17.027s] -- Installing: /home/shen/learn/ROS2/socketcan_ws/install/ros2_socketcan/lib/ros2_socketcan/socket_can_receiver_node_exe
[17.028s] -- Set runtime path of "/home/shen/learn/ROS2/socketcan_ws/install/ros2_socketcan/lib/ros2_socketcan/socket_can_receiver_node_exe" to ""
[17.028s] -- Installing: /home/shen/learn/ROS2/socketcan_ws/install/ros2_socketcan/lib/ros2_socketcan/socket_can_sender_node_exe
[17.028s] -- Set runtime path of "/home/shen/learn/ROS2/socketcan_ws/install/ros2_socketcan/lib/ros2_socketcan/socket_can_sender_node_exe" to ""
[17.028s] -- Installing: /home/shen/learn/ROS2/socketcan_ws/install/ros2_socketcan/include
[17.029s] -- Installing: /home/shen/learn/ROS2/socketcan_ws/install/ros2_socketcan/include/ros2_socketcan
[17.029s] -- Installing: /home/shen/learn/ROS2/socketcan_ws/install/ros2_socketcan/include/ros2_socketcan/visibility_control.hpp
[17.029s] -- Installing: /home/shen/learn/ROS2/socketcan_ws/install/ros2_socketcan/include/ros2_socketcan/socket_can_common.hpp
[17.029s] -- Installing: /home/shen/learn/ROS2/socketcan_ws/install/ros2_socketcan/include/ros2_socketcan/socket_can_sender.hpp
[17.029s] -- Installing: /home/shen/learn/ROS2/socketcan_ws/install/ros2_socketcan/include/ros2_socketcan/socket_can_id.hpp
[17.029s] -- Installing: /home/shen/learn/ROS2/socketcan_ws/install/ros2_socketcan/include/ros2_socketcan/socket_can_receiver_node.hpp
[17.029s] -- Installing: /home/shen/learn/ROS2/socketcan_ws/install/ros2_socketcan/include/ros2_socketcan/socket_can_receiver.hpp
[17.030s] -- Installing: /home/shen/learn/ROS2/socketcan_ws/install/ros2_socketcan/include/ros2_socketcan/socket_can_sender_node.hpp
[17.030s] -- Installing: /home/shen/learn/ROS2/socketcan_ws/install/ros2_socketcan/share/ros2_socketcan/environment/library_path.sh
[17.030s] -- Installing: /home/shen/learn/ROS2/socketcan_ws/install/ros2_socketcan/share/ros2_socketcan/environment/library_path.dsv
[17.030s] -- Installing: /home/shen/learn/ROS2/socketcan_ws/install/ros2_socketcan/lib/libros2_socketcan.so
[17.031s] -- Set runtime path of "/home/shen/learn/ROS2/socketcan_ws/install/ros2_socketcan/lib/libros2_socketcan.so" to ""
[17.031s] -- Installing: /home/shen/learn/ROS2/socketcan_ws/install/ros2_socketcan/lib/libsocket_can_receiver_node.so
[17.034s] -- Set runtime path of "/home/shen/learn/ROS2/socketcan_ws/install/ros2_socketcan/lib/libsocket_can_receiver_node.so" to ""
[17.034s] -- Installing: /home/shen/learn/ROS2/socketcan_ws/install/ros2_socketcan/lib/libsocket_can_sender_node.so
[17.046s] -- Set runtime path of "/home/shen/learn/ROS2/socketcan_ws/install/ros2_socketcan/lib/libsocket_can_sender_node.so" to ""
[17.046s] -- Installing: /home/shen/learn/ROS2/socketcan_ws/install/ros2_socketcan/share/ros2_socketcan/launch
[17.047s] -- Installing: /home/shen/learn/ROS2/socketcan_ws/install/ros2_socketcan/share/ros2_socketcan/launch/socket_can_bridge.launch.xml
[17.047s] -- Installing: /home/shen/learn/ROS2/socketcan_ws/install/ros2_socketcan/share/ros2_socketcan/launch/socket_can_receiver.launch.py
[17.047s] -- Installing: /home/shen/learn/ROS2/socketcan_ws/install/ros2_socketcan/share/ros2_socketcan/launch/socket_can_sender.launch.py
[17.047s] -- Installing: /home/shen/learn/ROS2/socketcan_ws/install/ros2_socketcan/share/ament_index/resource_index/package_run_dependencies/ros2_socketcan
[17.048s] -- Installing: /home/shen/learn/ROS2/socketcan_ws/install/ros2_socketcan/share/ament_index/resource_index/parent_prefix_path/ros2_socketcan
[17.048s] -- Installing: /home/shen/learn/ROS2/socketcan_ws/install/ros2_socketcan/share/ros2_socketcan/environment/ament_prefix_path.sh
[17.048s] -- Installing: /home/shen/learn/ROS2/socketcan_ws/install/ros2_socketcan/share/ros2_socketcan/environment/ament_prefix_path.dsv
[17.048s] -- Installing: /home/shen/learn/ROS2/socketcan_ws/install/ros2_socketcan/share/ros2_socketcan/environment/path.sh
[17.048s] -- Installing: /home/shen/learn/ROS2/socketcan_ws/install/ros2_socketcan/share/ros2_socketcan/environment/path.dsv
[17.049s] -- Installing: /home/shen/learn/ROS2/socketcan_ws/install/ros2_socketcan/share/ros2_socketcan/local_setup.bash
[17.049s] -- Installing: /home/shen/learn/ROS2/socketcan_ws/install/ros2_socketcan/share/ros2_socketcan/local_setup.sh
[17.049s] -- Installing: /home/shen/learn/ROS2/socketcan_ws/install/ros2_socketcan/share/ros2_socketcan/local_setup.zsh
[17.049s] -- Installing: /home/shen/learn/ROS2/socketcan_ws/install/ros2_socketcan/share/ros2_socketcan/local_setup.dsv
[17.049s] -- Installing: /home/shen/learn/ROS2/socketcan_ws/install/ros2_socketcan/share/ros2_socketcan/package.dsv
[17.050s] -- Installing: /home/shen/learn/ROS2/socketcan_ws/install/ros2_socketcan/share/ament_index/resource_index/packages/ros2_socketcan
[17.050s] -- Installing: /home/shen/learn/ROS2/socketcan_ws/install/ros2_socketcan/share/ament_index/resource_index/rclcpp_components/ros2_socketcan
[17.050s] -- Installing: /home/shen/learn/ROS2/socketcan_ws/install/ros2_socketcan/share/ros2_socketcan/cmake/ament_cmake_export_dependencies-extras.cmake
[17.050s] -- Installing: /home/shen/learn/ROS2/socketcan_ws/install/ros2_socketcan/share/ros2_socketcan/cmake/ament_cmake_export_include_directories-extras.cmake
[17.050s] -- Installing: /home/shen/learn/ROS2/socketcan_ws/install/ros2_socketcan/share/ros2_socketcan/cmake/ament_cmake_export_libraries-extras.cmake
[17.051s] -- Installing: /home/shen/learn/ROS2/socketcan_ws/install/ros2_socketcan/share/ros2_socketcan/cmake/ros2_socketcanConfig.cmake
[17.051s] -- Installing: /home/shen/learn/ROS2/socketcan_ws/install/ros2_socketcan/share/ros2_socketcan/cmake/ros2_socketcanConfig-version.cmake
[17.051s] -- Installing: /home/shen/learn/ROS2/socketcan_ws/install/ros2_socketcan/share/ros2_socketcan/package.xml
[17.053s] Invoked command in '/home/shen/learn/ROS2/socketcan_ws/build/ros2_socketcan' returned '0': AMENT_PREFIX_PATH=/home/shen/learn/ROS2/socketcan_ws/install/ros2_socketcan_msgs:${AMENT_PREFIX_PATH} CMAKE_PREFIX_PATH=/home/shen/learn/ROS2/socketcan_ws/install/ros2_socketcan_msgs:/opt/ros/humble LD_LIBRARY_PATH=/home/shen/learn/ROS2/socketcan_ws/install/ros2_socketcan_msgs/lib:${LD_LIBRARY_PATH} PYTHONPATH=/home/shen/learn/ROS2/socketcan_ws/install/ros2_socketcan_msgs/local/lib/python3.10/dist-packages:${PYTHONPATH} /usr/bin/cmake --install /home/shen/learn/ROS2/socketcan_ws/build/ros2_socketcan
