[0.089s] Invoking command in '/home/shen/learn/ROS2/enet_driver_ws/build/enet_sender_node': CMAKE_PREFIX_PATH=${CMAKE_PREFIX_PATH}:/opt/ros/humble /usr/bin/cmake --build /home/shen/learn/ROS2/enet_driver_ws/build/enet_sender_node -- -j16 -l16
[0.115s] -- Found ament_cmake: 1.3.6 (/opt/ros/humble/share/ament_cmake/cmake)
[0.273s] -- Found rclcpp: 16.0.7 (/opt/ros/humble/share/rclcpp/cmake)
[0.304s] -- Found rosidl_generator_c: 3.1.5 (/opt/ros/humble/share/rosidl_generator_c/cmake)
[0.307s] -- Found rosidl_adapter: 3.1.5 (/opt/ros/humble/share/rosidl_adapter/cmake)
[0.312s] -- Found rosidl_generator_cpp: 3.1.5 (/opt/ros/humble/share/rosidl_generator_cpp/cmake)
[0.325s] -- Using all available rosidl_typesupport_c: rosidl_typesupport_fastrtps_c;rosidl_typesupport_introspection_c
[0.342s] -- Using all available rosidl_typesupport_cpp: rosidl_typesupport_fastrtps_cpp;rosidl_typesupport_introspection_cpp
[0.406s] -- Found rmw_implementation_cmake: 6.1.1 (/opt/ros/humble/share/rmw_implementation_cmake/cmake)
[0.408s] -- Found rmw_cyclonedds_cpp: 1.3.4 (/opt/ros/humble/share/rmw_cyclonedds_cpp/cmake)
[0.439s] -- Using RMW implementation 'rmw_cyclonedds_cpp' as default
[0.596s] -- Found sensor_msgs: 4.2.3 (/opt/ros/humble/share/sensor_msgs/cmake)
[0.717s] -- Found ament_lint_auto: 0.12.9 (/opt/ros/humble/share/ament_lint_auto/cmake)
[0.809s] -- Added test 'cppcheck' to perform static code analysis on C / C++ code
[0.810s] -- Configured cppcheck include dirs: 
[0.810s] -- Configured cppcheck exclude dirs and/or files: 
[0.810s] -- Added test 'lint_cmake' to check CMake code style
[0.811s] -- Added test 'uncrustify' to check C / C++ code style
[0.811s] -- Configured uncrustify additional arguments: 
[0.811s] -- Added test 'xmllint' to check XML markup files
[0.812s] -- Configuring done
[0.821s] -- Generating done
[0.823s] -- Build files have been written to: /home/shen/learn/ROS2/enet_driver_ws/build/enet_sender_node
[0.867s] [35m[1mConsolidate compiler generated dependencies of target enet_sender_node[0m
[0.915s] [100%] Built target enet_sender_node
[0.931s] Invoked command in '/home/shen/learn/ROS2/enet_driver_ws/build/enet_sender_node' returned '0': CMAKE_PREFIX_PATH=${CMAKE_PREFIX_PATH}:/opt/ros/humble /usr/bin/cmake --build /home/shen/learn/ROS2/enet_driver_ws/build/enet_sender_node -- -j16 -l16
[0.974s] Invoking command in '/home/shen/learn/ROS2/enet_driver_ws/build/enet_sender_node': CMAKE_PREFIX_PATH=${CMAKE_PREFIX_PATH}:/opt/ros/humble /usr/bin/cmake --install /home/shen/learn/ROS2/enet_driver_ws/build/enet_sender_node
[0.982s] -- Install configuration: ""
[0.982s] -- Up-to-date: /home/shen/learn/ROS2/enet_driver_ws/install/enet_sender_node/lib/enet_sender_node/enet_sender_node
[0.982s] -- Up-to-date: /home/shen/learn/ROS2/enet_driver_ws/install/enet_sender_node/share/ament_index/resource_index/package_run_dependencies/enet_sender_node
[0.982s] -- Up-to-date: /home/shen/learn/ROS2/enet_driver_ws/install/enet_sender_node/share/ament_index/resource_index/parent_prefix_path/enet_sender_node
[0.982s] -- Up-to-date: /home/shen/learn/ROS2/enet_driver_ws/install/enet_sender_node/share/enet_sender_node/environment/ament_prefix_path.sh
[0.983s] -- Installing: /home/shen/learn/ROS2/enet_driver_ws/install/enet_sender_node/share/enet_sender_node/environment/ament_prefix_path.dsv
[0.983s] -- Up-to-date: /home/shen/learn/ROS2/enet_driver_ws/install/enet_sender_node/share/enet_sender_node/environment/path.sh
[0.983s] -- Installing: /home/shen/learn/ROS2/enet_driver_ws/install/enet_sender_node/share/enet_sender_node/environment/path.dsv
[0.983s] -- Up-to-date: /home/shen/learn/ROS2/enet_driver_ws/install/enet_sender_node/share/enet_sender_node/local_setup.bash
[0.983s] -- Up-to-date: /home/shen/learn/ROS2/enet_driver_ws/install/enet_sender_node/share/enet_sender_node/local_setup.sh
[0.983s] -- Up-to-date: /home/shen/learn/ROS2/enet_driver_ws/install/enet_sender_node/share/enet_sender_node/local_setup.zsh
[0.983s] -- Installing: /home/shen/learn/ROS2/enet_driver_ws/install/enet_sender_node/share/enet_sender_node/local_setup.dsv
[0.983s] -- Installing: /home/shen/learn/ROS2/enet_driver_ws/install/enet_sender_node/share/enet_sender_node/package.dsv
[0.983s] -- Up-to-date: /home/shen/learn/ROS2/enet_driver_ws/install/enet_sender_node/share/ament_index/resource_index/packages/enet_sender_node
[0.983s] -- Up-to-date: /home/shen/learn/ROS2/enet_driver_ws/install/enet_sender_node/share/enet_sender_node/cmake/enet_sender_nodeConfig.cmake
[0.983s] -- Up-to-date: /home/shen/learn/ROS2/enet_driver_ws/install/enet_sender_node/share/enet_sender_node/cmake/enet_sender_nodeConfig-version.cmake
[0.983s] -- Up-to-date: /home/shen/learn/ROS2/enet_driver_ws/install/enet_sender_node/share/enet_sender_node/package.xml
[0.986s] Invoked command in '/home/shen/learn/ROS2/enet_driver_ws/build/enet_sender_node' returned '0': CMAKE_PREFIX_PATH=${CMAKE_PREFIX_PATH}:/opt/ros/humble /usr/bin/cmake --install /home/shen/learn/ROS2/enet_driver_ws/build/enet_sender_node
