[0.824s] DEBUG:colcon:Command line arguments: ['/usr/bin/colcon', 'build', '--packages-select', 'my_record_utils']
[0.824s] DEBUG:colcon:Parsed command line arguments: Namespace(log_base=None, log_level=None, verb_name='build', build_base='build', install_base='install', merge_install=False, symlink_install=False, test_result_base=None, continue_on_error=False, executor='parallel', parallel_workers=16, event_handlers=None, ignore_user_meta=False, metas=['./colcon.meta'], base_paths=['.'], packages_ignore=None, packages_ignore_regex=None, paths=None, packages_up_to=None, packages_up_to_regex=None, packages_above=None, packages_above_and_dependencies=None, packages_above_depth=None, packages_select_by_dep=None, packages_skip_by_dep=None, packages_skip_up_to=None, packages_select_build_failed=False, packages_skip_build_finished=False, packages_select_test_failures=False, packages_skip_test_passed=False, packages_select=['my_record_utils'], packages_skip=None, packages_select_regex=None, packages_skip_regex=None, packages_start=None, packages_end=None, allow_overriding=[], cmake_args=None, cmake_target=None, cmake_target_skip_unavailable=False, cmake_clean_cache=False, cmake_clean_first=False, cmake_force_configure=False, ament_cmake_args=None, catkin_cmake_args=None, catkin_skip_building_tests=False, verb_parser=<colcon_defaults.argument_parser.defaults.DefaultArgumentsDecorator object at 0x7ca756dd92d0>, verb_extension=<colcon_core.verb.build.BuildVerb object at 0x7ca7571e3640>, main=<bound method BuildVerb.main of <colcon_core.verb.build.BuildVerb object at 0x7ca7571e3640>>)
[0.862s] Level 1:colcon.colcon_core.package_discovery:discover_packages(colcon_meta) check parameters
[0.863s] Level 1:colcon.colcon_core.package_discovery:discover_packages(recursive) check parameters
[0.863s] Level 1:colcon.colcon_core.package_discovery:discover_packages(ignore) check parameters
[0.863s] Level 1:colcon.colcon_core.package_discovery:discover_packages(path) check parameters
[0.863s] Level 1:colcon.colcon_core.package_discovery:discover_packages(colcon_meta) discover
[0.863s] Level 1:colcon.colcon_core.package_discovery:discover_packages(recursive) discover
[0.863s] INFO:colcon.colcon_core.package_discovery:Crawling recursively for packages in '/home/shen/learn/ROS2/record_ws'
[0.863s] Level 1:colcon.colcon_core.package_identification:_identify(.) by extensions ['ignore', 'ignore_ament_install']
[0.863s] Level 1:colcon.colcon_core.package_identification:_identify(.) by extension 'ignore'
[0.863s] Level 1:colcon.colcon_core.package_identification:_identify(.) by extension 'ignore_ament_install'
[0.863s] Level 1:colcon.colcon_core.package_identification:_identify(.) by extensions ['colcon_pkg']
[0.863s] Level 1:colcon.colcon_core.package_identification:_identify(.) by extension 'colcon_pkg'
[0.863s] Level 1:colcon.colcon_core.package_identification:_identify(.) by extensions ['colcon_meta']
[0.863s] Level 1:colcon.colcon_core.package_identification:_identify(.) by extension 'colcon_meta'
[0.863s] Level 1:colcon.colcon_core.package_identification:_identify(.) by extensions ['ros']
[0.863s] Level 1:colcon.colcon_core.package_identification:_identify(.) by extension 'ros'
[0.872s] Level 1:colcon.colcon_core.package_identification:_identify(.) by extensions ['cmake', 'python']
[0.872s] Level 1:colcon.colcon_core.package_identification:_identify(.) by extension 'cmake'
[0.872s] Level 1:colcon.colcon_core.package_identification:_identify(.) by extension 'python'
[0.872s] Level 1:colcon.colcon_core.package_identification:_identify(.) by extensions ['python_setup_py']
[0.872s] Level 1:colcon.colcon_core.package_identification:_identify(.) by extension 'python_setup_py'
[0.873s] Level 1:colcon.colcon_core.package_identification:_identify(build) by extensions ['ignore', 'ignore_ament_install']
[0.873s] Level 1:colcon.colcon_core.package_identification:_identify(build) by extension 'ignore'
[0.873s] Level 1:colcon.colcon_core.package_identification:_identify(build) ignored
[0.873s] Level 1:colcon.colcon_core.package_identification:_identify(install) by extensions ['ignore', 'ignore_ament_install']
[0.873s] Level 1:colcon.colcon_core.package_identification:_identify(install) by extension 'ignore'
[0.873s] Level 1:colcon.colcon_core.package_identification:_identify(install) ignored
[0.873s] Level 1:colcon.colcon_core.package_identification:_identify(log) by extensions ['ignore', 'ignore_ament_install']
[0.873s] Level 1:colcon.colcon_core.package_identification:_identify(log) by extension 'ignore'
[0.873s] Level 1:colcon.colcon_core.package_identification:_identify(log) ignored
[0.873s] Level 1:colcon.colcon_core.package_identification:_identify(src) by extensions ['ignore', 'ignore_ament_install']
[0.873s] Level 1:colcon.colcon_core.package_identification:_identify(src) by extension 'ignore'
[0.873s] Level 1:colcon.colcon_core.package_identification:_identify(src) by extension 'ignore_ament_install'
[0.873s] Level 1:colcon.colcon_core.package_identification:_identify(src) by extensions ['colcon_pkg']
[0.873s] Level 1:colcon.colcon_core.package_identification:_identify(src) by extension 'colcon_pkg'
[0.873s] Level 1:colcon.colcon_core.package_identification:_identify(src) by extensions ['colcon_meta']
[0.873s] Level 1:colcon.colcon_core.package_identification:_identify(src) by extension 'colcon_meta'
[0.873s] Level 1:colcon.colcon_core.package_identification:_identify(src) by extensions ['ros']
[0.873s] Level 1:colcon.colcon_core.package_identification:_identify(src) by extension 'ros'
[0.874s] Level 1:colcon.colcon_core.package_identification:_identify(src) by extensions ['cmake', 'python']
[0.874s] Level 1:colcon.colcon_core.package_identification:_identify(src) by extension 'cmake'
[0.874s] Level 1:colcon.colcon_core.package_identification:_identify(src) by extension 'python'
[0.874s] Level 1:colcon.colcon_core.package_identification:_identify(src) by extensions ['python_setup_py']
[0.874s] Level 1:colcon.colcon_core.package_identification:_identify(src) by extension 'python_setup_py'
[0.874s] Level 1:colcon.colcon_core.package_identification:_identify(src/my_record_utils) by extensions ['ignore', 'ignore_ament_install']
[0.874s] Level 1:colcon.colcon_core.package_identification:_identify(src/my_record_utils) by extension 'ignore'
[0.874s] Level 1:colcon.colcon_core.package_identification:_identify(src/my_record_utils) by extension 'ignore_ament_install'
[0.874s] Level 1:colcon.colcon_core.package_identification:_identify(src/my_record_utils) by extensions ['colcon_pkg']
[0.874s] Level 1:colcon.colcon_core.package_identification:_identify(src/my_record_utils) by extension 'colcon_pkg'
[0.874s] Level 1:colcon.colcon_core.package_identification:_identify(src/my_record_utils) by extensions ['colcon_meta']
[0.874s] Level 1:colcon.colcon_core.package_identification:_identify(src/my_record_utils) by extension 'colcon_meta'
[0.874s] Level 1:colcon.colcon_core.package_identification:_identify(src/my_record_utils) by extensions ['ros']
[0.874s] Level 1:colcon.colcon_core.package_identification:_identify(src/my_record_utils) by extension 'ros'
[0.876s] DEBUG:colcon.colcon_core.package_identification:Package 'src/my_record_utils' with type 'ros.ament_cmake' and name 'my_record_utils'
[0.876s] Level 1:colcon.colcon_core.package_discovery:discover_packages(recursive) using defaults
[0.876s] Level 1:colcon.colcon_core.package_discovery:discover_packages(ignore) discover
[0.876s] Level 1:colcon.colcon_core.package_discovery:discover_packages(ignore) using defaults
[0.876s] Level 1:colcon.colcon_core.package_discovery:discover_packages(path) discover
[0.876s] Level 1:colcon.colcon_core.package_discovery:discover_packages(path) using defaults
[0.952s] Level 1:colcon.colcon_core.package_discovery:discover_packages(prefix_path) check parameters
[0.952s] Level 1:colcon.colcon_core.package_discovery:discover_packages(prefix_path) discover
[0.978s] DEBUG:colcon.colcon_installed_package_information.package_discovery:Found 1 installed packages in /home/shen/learn/ROS2/record_ws/install
[0.991s] DEBUG:colcon.colcon_installed_package_information.package_discovery:Found 335 installed packages in /opt/ros/humble
[0.992s] Level 1:colcon.colcon_core.package_discovery:discover_packages(prefix_path) using defaults
[1.082s] Level 5:colcon.colcon_core.verb:set package 'my_record_utils' build argument 'cmake_args' from command line to 'None'
[1.083s] Level 5:colcon.colcon_core.verb:set package 'my_record_utils' build argument 'cmake_target' from command line to 'None'
[1.083s] Level 5:colcon.colcon_core.verb:set package 'my_record_utils' build argument 'cmake_target_skip_unavailable' from command line to 'False'
[1.083s] Level 5:colcon.colcon_core.verb:set package 'my_record_utils' build argument 'cmake_clean_cache' from command line to 'False'
[1.083s] Level 5:colcon.colcon_core.verb:set package 'my_record_utils' build argument 'cmake_clean_first' from command line to 'False'
[1.083s] Level 5:colcon.colcon_core.verb:set package 'my_record_utils' build argument 'cmake_force_configure' from command line to 'False'
[1.083s] Level 5:colcon.colcon_core.verb:set package 'my_record_utils' build argument 'ament_cmake_args' from command line to 'None'
[1.083s] Level 5:colcon.colcon_core.verb:set package 'my_record_utils' build argument 'catkin_cmake_args' from command line to 'None'
[1.083s] Level 5:colcon.colcon_core.verb:set package 'my_record_utils' build argument 'catkin_skip_building_tests' from command line to 'False'
[1.083s] DEBUG:colcon.colcon_core.verb:Building package 'my_record_utils' with the following arguments: {'ament_cmake_args': None, 'build_base': '/home/shen/learn/ROS2/record_ws/build/my_record_utils', 'catkin_cmake_args': None, 'catkin_skip_building_tests': False, 'cmake_args': None, 'cmake_clean_cache': False, 'cmake_clean_first': False, 'cmake_force_configure': False, 'cmake_target': None, 'cmake_target_skip_unavailable': False, 'install_base': '/home/shen/learn/ROS2/record_ws/install/my_record_utils', 'merge_install': False, 'path': '/home/shen/learn/ROS2/record_ws/src/my_record_utils', 'symlink_install': False, 'test_result_base': None}
[1.095s] INFO:colcon.colcon_core.executor:Executing jobs using 'parallel' executor
[1.107s] DEBUG:colcon.colcon_parallel_executor.executor.parallel:run_until_complete
[1.108s] INFO:colcon.colcon_ros.task.ament_cmake.build:Building ROS package in '/home/shen/learn/ROS2/record_ws/src/my_record_utils' with build type 'ament_cmake'
[1.108s] INFO:colcon.colcon_cmake.task.cmake.build:Building CMake package in '/home/shen/learn/ROS2/record_ws/src/my_record_utils'
[1.122s] INFO:colcon.colcon_core.plugin_system:Skipping extension 'colcon_core.shell.bat': Not used on non-Windows systems
[1.123s] INFO:colcon.colcon_core.shell:Skip shell extension 'powershell' for command environment: Not usable outside of PowerShell
[1.123s] DEBUG:colcon.colcon_core.shell:Skip shell extension 'dsv' for command environment
[1.170s] DEBUG:colcon.colcon_core.event_handler.log_command:Invoking command in '/home/shen/learn/ROS2/record_ws/build/my_record_utils': CMAKE_PREFIX_PATH=${CMAKE_PREFIX_PATH}:/opt/ros/humble /usr/bin/cmake --build /home/shen/learn/ROS2/record_ws/build/my_record_utils -- -j16 -l16
[8.930s] DEBUG:colcon.colcon_core.event_handler.log_command:Invoked command in '/home/shen/learn/ROS2/record_ws/build/my_record_utils' returned '0': CMAKE_PREFIX_PATH=${CMAKE_PREFIX_PATH}:/opt/ros/humble /usr/bin/cmake --build /home/shen/learn/ROS2/record_ws/build/my_record_utils -- -j16 -l16
[8.976s] DEBUG:colcon.colcon_core.event_handler.log_command:Invoking command in '/home/shen/learn/ROS2/record_ws/build/my_record_utils': CMAKE_PREFIX_PATH=${CMAKE_PREFIX_PATH}:/opt/ros/humble /usr/bin/cmake --install /home/shen/learn/ROS2/record_ws/build/my_record_utils
[8.995s] Level 1:colcon.colcon_core.environment:create_environment_scripts_only(my_record_utils)
[8.996s] DEBUG:colcon.colcon_core.event_handler.log_command:Invoked command in '/home/shen/learn/ROS2/record_ws/build/my_record_utils' returned '0': CMAKE_PREFIX_PATH=${CMAKE_PREFIX_PATH}:/opt/ros/humble /usr/bin/cmake --install /home/shen/learn/ROS2/record_ws/build/my_record_utils
[9.010s] Level 1:colcon.colcon_core.environment:checking '/home/shen/learn/ROS2/record_ws/install/my_record_utils' for CMake module files
[9.011s] Level 1:colcon.colcon_core.environment:checking '/home/shen/learn/ROS2/record_ws/install/my_record_utils' for CMake config files
[9.011s] Level 1:colcon.colcon_core.shell:create_environment_hook('my_record_utils', 'cmake_prefix_path')
[9.024s] INFO:colcon.colcon_core.shell:Creating environment hook '/home/shen/learn/ROS2/record_ws/install/my_record_utils/share/my_record_utils/hook/cmake_prefix_path.ps1'
[9.025s] INFO:colcon.colcon_core.shell:Creating environment descriptor '/home/shen/learn/ROS2/record_ws/install/my_record_utils/share/my_record_utils/hook/cmake_prefix_path.dsv'
[9.025s] INFO:colcon.colcon_core.shell:Creating environment hook '/home/shen/learn/ROS2/record_ws/install/my_record_utils/share/my_record_utils/hook/cmake_prefix_path.sh'
[9.026s] Level 1:colcon.colcon_core.environment:checking '/home/shen/learn/ROS2/record_ws/install/my_record_utils/lib'
[9.026s] Level 1:colcon.colcon_core.environment:checking '/home/shen/learn/ROS2/record_ws/install/my_record_utils/bin'
[9.026s] Level 1:colcon.colcon_core.environment:checking '/home/shen/learn/ROS2/record_ws/install/my_record_utils/lib/pkgconfig/my_record_utils.pc'
[9.026s] Level 1:colcon.colcon_core.environment:checking '/home/shen/learn/ROS2/record_ws/install/my_record_utils/lib/python3.10/site-packages'
[9.026s] Level 1:colcon.colcon_core.environment:checking '/home/shen/learn/ROS2/record_ws/install/my_record_utils/bin'
[9.040s] INFO:colcon.colcon_core.shell:Creating package script '/home/shen/learn/ROS2/record_ws/install/my_record_utils/share/my_record_utils/package.ps1'
[9.041s] INFO:colcon.colcon_core.shell:Creating package descriptor '/home/shen/learn/ROS2/record_ws/install/my_record_utils/share/my_record_utils/package.dsv'
[9.041s] INFO:colcon.colcon_core.shell:Creating package script '/home/shen/learn/ROS2/record_ws/install/my_record_utils/share/my_record_utils/package.sh'
[9.042s] INFO:colcon.colcon_core.shell:Creating package script '/home/shen/learn/ROS2/record_ws/install/my_record_utils/share/my_record_utils/package.bash'
[9.042s] INFO:colcon.colcon_core.shell:Creating package script '/home/shen/learn/ROS2/record_ws/install/my_record_utils/share/my_record_utils/package.zsh'
[9.043s] Level 1:colcon.colcon_core.environment:create_file_with_runtime_dependencies(/home/shen/learn/ROS2/record_ws/install/my_record_utils/share/colcon-core/packages/my_record_utils)
[9.098s] Level 1:colcon.colcon_core.environment:create_environment_scripts_only(my_record_utils)
[9.111s] Level 1:colcon.colcon_core.environment:checking '/home/shen/learn/ROS2/record_ws/install/my_record_utils' for CMake module files
[9.111s] Level 1:colcon.colcon_core.environment:checking '/home/shen/learn/ROS2/record_ws/install/my_record_utils' for CMake config files
[9.112s] Level 1:colcon.colcon_core.shell:create_environment_hook('my_record_utils', 'cmake_prefix_path')
[9.124s] INFO:colcon.colcon_core.shell:Creating environment hook '/home/shen/learn/ROS2/record_ws/install/my_record_utils/share/my_record_utils/hook/cmake_prefix_path.ps1'
[9.125s] INFO:colcon.colcon_core.shell:Creating environment descriptor '/home/shen/learn/ROS2/record_ws/install/my_record_utils/share/my_record_utils/hook/cmake_prefix_path.dsv'
[9.125s] INFO:colcon.colcon_core.shell:Creating environment hook '/home/shen/learn/ROS2/record_ws/install/my_record_utils/share/my_record_utils/hook/cmake_prefix_path.sh'
[9.125s] Level 1:colcon.colcon_core.environment:checking '/home/shen/learn/ROS2/record_ws/install/my_record_utils/lib'
[9.126s] Level 1:colcon.colcon_core.environment:checking '/home/shen/learn/ROS2/record_ws/install/my_record_utils/bin'
[9.126s] Level 1:colcon.colcon_core.environment:checking '/home/shen/learn/ROS2/record_ws/install/my_record_utils/lib/pkgconfig/my_record_utils.pc'
[9.126s] Level 1:colcon.colcon_core.environment:checking '/home/shen/learn/ROS2/record_ws/install/my_record_utils/lib/python3.10/site-packages'
[9.126s] Level 1:colcon.colcon_core.environment:checking '/home/shen/learn/ROS2/record_ws/install/my_record_utils/bin'
[9.139s] INFO:colcon.colcon_core.shell:Creating package script '/home/shen/learn/ROS2/record_ws/install/my_record_utils/share/my_record_utils/package.ps1'
[9.139s] INFO:colcon.colcon_core.shell:Creating package descriptor '/home/shen/learn/ROS2/record_ws/install/my_record_utils/share/my_record_utils/package.dsv'
[9.140s] INFO:colcon.colcon_core.shell:Creating package script '/home/shen/learn/ROS2/record_ws/install/my_record_utils/share/my_record_utils/package.sh'
[9.140s] INFO:colcon.colcon_core.shell:Creating package script '/home/shen/learn/ROS2/record_ws/install/my_record_utils/share/my_record_utils/package.bash'
[9.140s] INFO:colcon.colcon_core.shell:Creating package script '/home/shen/learn/ROS2/record_ws/install/my_record_utils/share/my_record_utils/package.zsh'
[9.141s] Level 1:colcon.colcon_core.environment:create_file_with_runtime_dependencies(/home/shen/learn/ROS2/record_ws/install/my_record_utils/share/colcon-core/packages/my_record_utils)
[9.141s] DEBUG:colcon.colcon_parallel_executor.executor.parallel:closing loop
[9.141s] DEBUG:colcon.colcon_parallel_executor.executor.parallel:loop closed
[9.141s] DEBUG:colcon.colcon_parallel_executor.executor.parallel:run_until_complete finished with '0'
[9.141s] DEBUG:colcon.colcon_core.event_reactor:joining thread
[9.159s] INFO:colcon.colcon_core.plugin_system:Skipping extension 'colcon_notification.desktop_notification.terminal_notifier': Not used on non-Darwin systems
[9.159s] INFO:colcon.colcon_core.plugin_system:Skipping extension 'colcon_notification.desktop_notification.win32': Not used on non-Windows systems
[9.159s] INFO:colcon.colcon_notification.desktop_notification:Sending desktop notification using 'notify2'
[9.182s] DEBUG:colcon.colcon_core.event_reactor:joined thread
[9.195s] INFO:colcon.colcon_core.shell:Creating prefix script '/home/shen/learn/ROS2/record_ws/install/local_setup.ps1'
[9.197s] INFO:colcon.colcon_core.shell:Creating prefix util module '/home/shen/learn/ROS2/record_ws/install/_local_setup_util_ps1.py'
[9.198s] INFO:colcon.colcon_core.shell:Creating prefix chain script '/home/shen/learn/ROS2/record_ws/install/setup.ps1'
[9.212s] INFO:colcon.colcon_core.shell:Creating prefix script '/home/shen/learn/ROS2/record_ws/install/local_setup.sh'
[9.212s] INFO:colcon.colcon_core.shell:Creating prefix util module '/home/shen/learn/ROS2/record_ws/install/_local_setup_util_sh.py'
[9.213s] INFO:colcon.colcon_core.shell:Creating prefix chain script '/home/shen/learn/ROS2/record_ws/install/setup.sh'
[9.228s] INFO:colcon.colcon_core.shell:Creating prefix script '/home/shen/learn/ROS2/record_ws/install/local_setup.bash'
[9.229s] INFO:colcon.colcon_core.shell:Creating prefix chain script '/home/shen/learn/ROS2/record_ws/install/setup.bash'
[9.243s] INFO:colcon.colcon_core.shell:Creating prefix script '/home/shen/learn/ROS2/record_ws/install/local_setup.zsh'
[9.243s] INFO:colcon.colcon_core.shell:Creating prefix chain script '/home/shen/learn/ROS2/record_ws/install/setup.zsh'
