[0.059s] Invoking command in '/home/shen/learn/ROS2/ethernet_ws/build/asio_cmake_module': CMAKE_PREFIX_PATH=${CMAKE_PREFIX_PATH}:/opt/ros/humble /usr/bin/cmake --build /home/shen/learn/ROS2/ethernet_ws/build/asio_cmake_module -- -j16 -l16
[0.097s] Invoked command in '/home/shen/learn/ROS2/ethernet_ws/build/asio_cmake_module' returned '0': CMAKE_PREFIX_PATH=${CMAKE_PREFIX_PATH}:/opt/ros/humble /usr/bin/cmake --build /home/shen/learn/ROS2/ethernet_ws/build/asio_cmake_module -- -j16 -l16
[0.148s] Invoking command in '/home/shen/learn/ROS2/ethernet_ws/build/asio_cmake_module': CMAKE_PREFIX_PATH=${CMAKE_PREFIX_PATH}:/opt/ros/humble /usr/bin/cmake --install /home/shen/learn/ROS2/ethernet_ws/build/asio_cmake_module
[0.167s] -- Install configuration: ""
[0.167s] -- Up-to-date: /home/shen/learn/ROS2/ethernet_ws/install/asio_cmake_module/share/ament_index/resource_index/package_run_dependencies/asio_cmake_module
[0.168s] -- Up-to-date: /home/shen/learn/ROS2/ethernet_ws/install/asio_cmake_module/share/ament_index/resource_index/parent_prefix_path/asio_cmake_module
[0.168s] -- Up-to-date: /home/shen/learn/ROS2/ethernet_ws/install/asio_cmake_module/share/asio_cmake_module/environment/ament_prefix_path.sh
[0.168s] -- Up-to-date: /home/shen/learn/ROS2/ethernet_ws/install/asio_cmake_module/share/asio_cmake_module/environment/ament_prefix_path.dsv
[0.168s] -- Up-to-date: /home/shen/learn/ROS2/ethernet_ws/install/asio_cmake_module/share/asio_cmake_module/environment/path.sh
[0.168s] -- Up-to-date: /home/shen/learn/ROS2/ethernet_ws/install/asio_cmake_module/share/asio_cmake_module/environment/path.dsv
[0.168s] -- Up-to-date: /home/shen/learn/ROS2/ethernet_ws/install/asio_cmake_module/share/asio_cmake_module/local_setup.bash
[0.168s] -- Up-to-date: /home/shen/learn/ROS2/ethernet_ws/install/asio_cmake_module/share/asio_cmake_module/local_setup.sh
[0.168s] -- Up-to-date: /home/shen/learn/ROS2/ethernet_ws/install/asio_cmake_module/share/asio_cmake_module/local_setup.zsh
[0.168s] -- Up-to-date: /home/shen/learn/ROS2/ethernet_ws/install/asio_cmake_module/share/asio_cmake_module/local_setup.dsv
[0.168s] -- Installing: /home/shen/learn/ROS2/ethernet_ws/install/asio_cmake_module/share/asio_cmake_module/package.dsv
[0.168s] -- Up-to-date: /home/shen/learn/ROS2/ethernet_ws/install/asio_cmake_module/share/ament_index/resource_index/packages/asio_cmake_module
[0.169s] -- Up-to-date: /home/shen/learn/ROS2/ethernet_ws/install/asio_cmake_module/share/asio_cmake_module/cmake/asio_cmake_module-extras.cmake
[0.169s] -- Up-to-date: /home/shen/learn/ROS2/ethernet_ws/install/asio_cmake_module/share/asio_cmake_module/cmake/asio_cmake_moduleConfig.cmake
[0.169s] -- Up-to-date: /home/shen/learn/ROS2/ethernet_ws/install/asio_cmake_module/share/asio_cmake_module/cmake/asio_cmake_moduleConfig-version.cmake
[0.169s] -- Up-to-date: /home/shen/learn/ROS2/ethernet_ws/install/asio_cmake_module/share/asio_cmake_module/package.xml
[0.169s] -- Up-to-date: /home/shen/learn/ROS2/ethernet_ws/install/asio_cmake_module/share/asio_cmake_module/cmake
[0.169s] -- Up-to-date: /home/shen/learn/ROS2/ethernet_ws/install/asio_cmake_module/share/asio_cmake_module/cmake/Modules
[0.169s] -- Up-to-date: /home/shen/learn/ROS2/ethernet_ws/install/asio_cmake_module/share/asio_cmake_module/cmake/Modules/FindASIO.cmake
[0.172s] Invoked command in '/home/shen/learn/ROS2/ethernet_ws/build/asio_cmake_module' returned '0': CMAKE_PREFIX_PATH=${CMAKE_PREFIX_PATH}:/opt/ros/humble /usr/bin/cmake --install /home/shen/learn/ROS2/ethernet_ws/build/asio_cmake_module
