[0.109s] Invoking command in '/home/shen/learn/ROS2/decode_ws/build/h264_decode': CMAKE_PREFIX_PATH=${CMAKE_PREFIX_PATH}:/opt/ros/humble /usr/bin/cmake --build /home/shen/learn/ROS2/decode_ws/build/h264_decode -- -j16 -l16
[0.178s] [35m[1mConsolidate compiler generated dependencies of target decoder_node[0m
[0.261s] [ 33%] [32mBuilding CXX object CMakeFiles/decoder_node.dir/src/decoder_node.cpp.o[0m
[10.523s] [ 66%] [32m[1mLinking CXX executable decoder_node[0m
[11.706s] [100%] Built target decoder_node
[11.722s] Invoked command in '/home/shen/learn/ROS2/decode_ws/build/h264_decode' returned '0': CMAKE_PREFIX_PATH=${CMAKE_PREFIX_PATH}:/opt/ros/humble /usr/bin/cmake --build /home/shen/learn/ROS2/decode_ws/build/h264_decode -- -j16 -l16
[11.774s] Invoking command in '/home/shen/learn/ROS2/decode_ws/build/h264_decode': CMAKE_PREFIX_PATH=${CMAKE_PREFIX_PATH}:/opt/ros/humble /usr/bin/cmake --install /home/shen/learn/ROS2/decode_ws/build/h264_decode
[11.786s] -- Install configuration: ""
[11.787s] -- Installing: /home/shen/learn/ROS2/decode_ws/install/h264_decode/lib/h264_decode/decoder_node
[11.800s] -- Set runtime path of "/home/shen/learn/ROS2/decode_ws/install/h264_decode/lib/h264_decode/decoder_node" to ""
[11.801s] -- Up-to-date: /home/shen/learn/ROS2/decode_ws/install/h264_decode/share/h264_decode/launch
[11.801s] -- Up-to-date: /home/shen/learn/ROS2/decode_ws/install/h264_decode/share/h264_decode/launch/decoder.launch.py
[11.801s] -- Up-to-date: /home/shen/learn/ROS2/decode_ws/install/h264_decode/share/ament_index/resource_index/package_run_dependencies/h264_decode
[11.801s] -- Up-to-date: /home/shen/learn/ROS2/decode_ws/install/h264_decode/share/ament_index/resource_index/parent_prefix_path/h264_decode
[11.801s] -- Up-to-date: /home/shen/learn/ROS2/decode_ws/install/h264_decode/share/h264_decode/environment/ament_prefix_path.sh
[11.801s] -- Up-to-date: /home/shen/learn/ROS2/decode_ws/install/h264_decode/share/h264_decode/environment/ament_prefix_path.dsv
[11.802s] -- Up-to-date: /home/shen/learn/ROS2/decode_ws/install/h264_decode/share/h264_decode/environment/path.sh
[11.802s] -- Up-to-date: /home/shen/learn/ROS2/decode_ws/install/h264_decode/share/h264_decode/environment/path.dsv
[11.802s] -- Up-to-date: /home/shen/learn/ROS2/decode_ws/install/h264_decode/share/h264_decode/local_setup.bash
[11.802s] -- Up-to-date: /home/shen/learn/ROS2/decode_ws/install/h264_decode/share/h264_decode/local_setup.sh
[11.802s] -- Up-to-date: /home/shen/learn/ROS2/decode_ws/install/h264_decode/share/h264_decode/local_setup.zsh
[11.802s] -- Up-to-date: /home/shen/learn/ROS2/decode_ws/install/h264_decode/share/h264_decode/local_setup.dsv
[11.802s] -- Installing: /home/shen/learn/ROS2/decode_ws/install/h264_decode/share/h264_decode/package.dsv
[11.802s] -- Up-to-date: /home/shen/learn/ROS2/decode_ws/install/h264_decode/share/ament_index/resource_index/packages/h264_decode
[11.803s] -- Up-to-date: /home/shen/learn/ROS2/decode_ws/install/h264_decode/share/h264_decode/cmake/h264_decodeConfig.cmake
[11.803s] -- Up-to-date: /home/shen/learn/ROS2/decode_ws/install/h264_decode/share/h264_decode/cmake/h264_decodeConfig-version.cmake
[11.803s] -- Up-to-date: /home/shen/learn/ROS2/decode_ws/install/h264_decode/share/h264_decode/package.xml
[11.805s] Invoked command in '/home/shen/learn/ROS2/decode_ws/build/h264_decode' returned '0': CMAKE_PREFIX_PATH=${CMAKE_PREFIX_PATH}:/opt/ros/humble /usr/bin/cmake --install /home/shen/learn/ROS2/decode_ws/build/h264_decode
