[0.818s] DEBUG:colcon:Command line arguments: ['/usr/bin/colcon', 'build']
[0.818s] DEBUG:colcon:Parsed command line arguments: Namespace(log_base=None, log_level=None, verb_name='build', build_base='build', install_base='install', merge_install=False, symlink_install=False, test_result_base=None, continue_on_error=False, executor='parallel', parallel_workers=16, event_handlers=None, ignore_user_meta=False, metas=['./colcon.meta'], base_paths=['.'], packages_ignore=None, packages_ignore_regex=None, paths=None, packages_up_to=None, packages_up_to_regex=None, packages_above=None, packages_above_and_dependencies=None, packages_above_depth=None, packages_select_by_dep=None, packages_skip_by_dep=None, packages_skip_up_to=None, packages_select_build_failed=False, packages_skip_build_finished=False, packages_select_test_failures=False, packages_skip_test_passed=False, packages_select=None, packages_skip=None, packages_select_regex=None, packages_skip_regex=None, packages_start=None, packages_end=None, allow_overriding=[], cmake_args=None, cmake_target=None, cmake_target_skip_unavailable=False, cmake_clean_cache=False, cmake_clean_first=False, cmake_force_configure=False, ament_cmake_args=None, catkin_cmake_args=None, catkin_skip_building_tests=False, verb_parser=<colcon_defaults.argument_parser.defaults.DefaultArgumentsDecorator object at 0x7a50492aef50>, verb_extension=<colcon_core.verb.build.BuildVerb object at 0x7a504addbf40>, main=<bound method BuildVerb.main of <colcon_core.verb.build.BuildVerb object at 0x7a504addbf40>>)
[0.855s] Level 1:colcon.colcon_core.package_discovery:discover_packages(colcon_meta) check parameters
[0.855s] Level 1:colcon.colcon_core.package_discovery:discover_packages(recursive) check parameters
[0.855s] Level 1:colcon.colcon_core.package_discovery:discover_packages(ignore) check parameters
[0.855s] Level 1:colcon.colcon_core.package_discovery:discover_packages(path) check parameters
[0.855s] Level 1:colcon.colcon_core.package_discovery:discover_packages(colcon_meta) discover
[0.855s] Level 1:colcon.colcon_core.package_discovery:discover_packages(recursive) discover
[0.855s] INFO:colcon.colcon_core.package_discovery:Crawling recursively for packages in '/home/shen/learn/ROS2/ethernet_ws'
[0.855s] Level 1:colcon.colcon_core.package_identification:_identify(.) by extensions ['ignore', 'ignore_ament_install']
[0.855s] Level 1:colcon.colcon_core.package_identification:_identify(.) by extension 'ignore'
[0.855s] Level 1:colcon.colcon_core.package_identification:_identify(.) by extension 'ignore_ament_install'
[0.855s] Level 1:colcon.colcon_core.package_identification:_identify(.) by extensions ['colcon_pkg']
[0.856s] Level 1:colcon.colcon_core.package_identification:_identify(.) by extension 'colcon_pkg'
[0.856s] Level 1:colcon.colcon_core.package_identification:_identify(.) by extensions ['colcon_meta']
[0.856s] Level 1:colcon.colcon_core.package_identification:_identify(.) by extension 'colcon_meta'
[0.856s] Level 1:colcon.colcon_core.package_identification:_identify(.) by extensions ['ros']
[0.856s] Level 1:colcon.colcon_core.package_identification:_identify(.) by extension 'ros'
[0.865s] Level 1:colcon.colcon_core.package_identification:_identify(.) by extensions ['cmake', 'python']
[0.865s] Level 1:colcon.colcon_core.package_identification:_identify(.) by extension 'cmake'
[0.865s] Level 1:colcon.colcon_core.package_identification:_identify(.) by extension 'python'
[0.865s] Level 1:colcon.colcon_core.package_identification:_identify(.) by extensions ['python_setup_py']
[0.865s] Level 1:colcon.colcon_core.package_identification:_identify(.) by extension 'python_setup_py'
[0.865s] Level 1:colcon.colcon_core.package_identification:_identify(build) by extensions ['ignore', 'ignore_ament_install']
[0.865s] Level 1:colcon.colcon_core.package_identification:_identify(build) by extension 'ignore'
[0.865s] Level 1:colcon.colcon_core.package_identification:_identify(build) ignored
[0.865s] Level 1:colcon.colcon_core.package_identification:_identify(install) by extensions ['ignore', 'ignore_ament_install']
[0.865s] Level 1:colcon.colcon_core.package_identification:_identify(install) by extension 'ignore'
[0.865s] Level 1:colcon.colcon_core.package_identification:_identify(install) ignored
[0.865s] Level 1:colcon.colcon_core.package_identification:_identify(log) by extensions ['ignore', 'ignore_ament_install']
[0.865s] Level 1:colcon.colcon_core.package_identification:_identify(log) by extension 'ignore'
[0.865s] Level 1:colcon.colcon_core.package_identification:_identify(log) ignored
[0.865s] Level 1:colcon.colcon_core.package_identification:_identify(src) by extensions ['ignore', 'ignore_ament_install']
[0.865s] Level 1:colcon.colcon_core.package_identification:_identify(src) by extension 'ignore'
[0.865s] Level 1:colcon.colcon_core.package_identification:_identify(src) by extension 'ignore_ament_install'
[0.865s] Level 1:colcon.colcon_core.package_identification:_identify(src) by extensions ['colcon_pkg']
[0.865s] Level 1:colcon.colcon_core.package_identification:_identify(src) by extension 'colcon_pkg'
[0.866s] Level 1:colcon.colcon_core.package_identification:_identify(src) by extensions ['colcon_meta']
[0.866s] Level 1:colcon.colcon_core.package_identification:_identify(src) by extension 'colcon_meta'
[0.866s] Level 1:colcon.colcon_core.package_identification:_identify(src) by extensions ['ros']
[0.866s] Level 1:colcon.colcon_core.package_identification:_identify(src) by extension 'ros'
[0.866s] Level 1:colcon.colcon_core.package_identification:_identify(src) by extensions ['cmake', 'python']
[0.866s] Level 1:colcon.colcon_core.package_identification:_identify(src) by extension 'cmake'
[0.866s] Level 1:colcon.colcon_core.package_identification:_identify(src) by extension 'python'
[0.866s] Level 1:colcon.colcon_core.package_identification:_identify(src) by extensions ['python_setup_py']
[0.866s] Level 1:colcon.colcon_core.package_identification:_identify(src) by extension 'python_setup_py'
[0.866s] Level 1:colcon.colcon_core.package_identification:_identify(src/transport_drivers) by extensions ['ignore', 'ignore_ament_install']
[0.866s] Level 1:colcon.colcon_core.package_identification:_identify(src/transport_drivers) by extension 'ignore'
[0.866s] Level 1:colcon.colcon_core.package_identification:_identify(src/transport_drivers) by extension 'ignore_ament_install'
[0.866s] Level 1:colcon.colcon_core.package_identification:_identify(src/transport_drivers) by extensions ['colcon_pkg']
[0.866s] Level 1:colcon.colcon_core.package_identification:_identify(src/transport_drivers) by extension 'colcon_pkg'
[0.866s] Level 1:colcon.colcon_core.package_identification:_identify(src/transport_drivers) by extensions ['colcon_meta']
[0.866s] Level 1:colcon.colcon_core.package_identification:_identify(src/transport_drivers) by extension 'colcon_meta'
[0.866s] Level 1:colcon.colcon_core.package_identification:_identify(src/transport_drivers) by extensions ['ros']
[0.866s] Level 1:colcon.colcon_core.package_identification:_identify(src/transport_drivers) by extension 'ros'
[0.866s] Level 1:colcon.colcon_core.package_identification:_identify(src/transport_drivers) by extensions ['cmake', 'python']
[0.866s] Level 1:colcon.colcon_core.package_identification:_identify(src/transport_drivers) by extension 'cmake'
[0.866s] Level 1:colcon.colcon_core.package_identification:_identify(src/transport_drivers) by extension 'python'
[0.866s] Level 1:colcon.colcon_core.package_identification:_identify(src/transport_drivers) by extensions ['python_setup_py']
[0.866s] Level 1:colcon.colcon_core.package_identification:_identify(src/transport_drivers) by extension 'python_setup_py'
[0.866s] Level 1:colcon.colcon_core.package_identification:_identify(src/transport_drivers/asio_cmake_module) by extensions ['ignore', 'ignore_ament_install']
[0.866s] Level 1:colcon.colcon_core.package_identification:_identify(src/transport_drivers/asio_cmake_module) by extension 'ignore'
[0.866s] Level 1:colcon.colcon_core.package_identification:_identify(src/transport_drivers/asio_cmake_module) by extension 'ignore_ament_install'
[0.867s] Level 1:colcon.colcon_core.package_identification:_identify(src/transport_drivers/asio_cmake_module) by extensions ['colcon_pkg']
[0.867s] Level 1:colcon.colcon_core.package_identification:_identify(src/transport_drivers/asio_cmake_module) by extension 'colcon_pkg'
[0.867s] Level 1:colcon.colcon_core.package_identification:_identify(src/transport_drivers/asio_cmake_module) by extensions ['colcon_meta']
[0.867s] Level 1:colcon.colcon_core.package_identification:_identify(src/transport_drivers/asio_cmake_module) by extension 'colcon_meta'
[0.867s] Level 1:colcon.colcon_core.package_identification:_identify(src/transport_drivers/asio_cmake_module) by extensions ['ros']
[0.867s] Level 1:colcon.colcon_core.package_identification:_identify(src/transport_drivers/asio_cmake_module) by extension 'ros'
[0.869s] DEBUG:colcon.colcon_core.package_identification:Package 'src/transport_drivers/asio_cmake_module' with type 'ros.ament_cmake' and name 'asio_cmake_module'
[0.869s] Level 1:colcon.colcon_core.package_identification:_identify(src/transport_drivers/io_context) by extensions ['ignore', 'ignore_ament_install']
[0.869s] Level 1:colcon.colcon_core.package_identification:_identify(src/transport_drivers/io_context) by extension 'ignore'
[0.869s] Level 1:colcon.colcon_core.package_identification:_identify(src/transport_drivers/io_context) by extension 'ignore_ament_install'
[0.869s] Level 1:colcon.colcon_core.package_identification:_identify(src/transport_drivers/io_context) by extensions ['colcon_pkg']
[0.869s] Level 1:colcon.colcon_core.package_identification:_identify(src/transport_drivers/io_context) by extension 'colcon_pkg'
[0.869s] Level 1:colcon.colcon_core.package_identification:_identify(src/transport_drivers/io_context) by extensions ['colcon_meta']
[0.869s] Level 1:colcon.colcon_core.package_identification:_identify(src/transport_drivers/io_context) by extension 'colcon_meta'
[0.869s] Level 1:colcon.colcon_core.package_identification:_identify(src/transport_drivers/io_context) by extensions ['ros']
[0.869s] Level 1:colcon.colcon_core.package_identification:_identify(src/transport_drivers/io_context) by extension 'ros'
[0.870s] DEBUG:colcon.colcon_core.package_identification:Package 'src/transport_drivers/io_context' with type 'ros.ament_cmake' and name 'io_context'
[0.870s] Level 1:colcon.colcon_core.package_identification:_identify(src/transport_drivers/serial_driver) by extensions ['ignore', 'ignore_ament_install']
[0.870s] Level 1:colcon.colcon_core.package_identification:_identify(src/transport_drivers/serial_driver) by extension 'ignore'
[0.870s] Level 1:colcon.colcon_core.package_identification:_identify(src/transport_drivers/serial_driver) by extension 'ignore_ament_install'
[0.870s] Level 1:colcon.colcon_core.package_identification:_identify(src/transport_drivers/serial_driver) by extensions ['colcon_pkg']
[0.870s] Level 1:colcon.colcon_core.package_identification:_identify(src/transport_drivers/serial_driver) by extension 'colcon_pkg'
[0.870s] Level 1:colcon.colcon_core.package_identification:_identify(src/transport_drivers/serial_driver) by extensions ['colcon_meta']
[0.870s] Level 1:colcon.colcon_core.package_identification:_identify(src/transport_drivers/serial_driver) by extension 'colcon_meta'
[0.870s] Level 1:colcon.colcon_core.package_identification:_identify(src/transport_drivers/serial_driver) by extensions ['ros']
[0.870s] Level 1:colcon.colcon_core.package_identification:_identify(src/transport_drivers/serial_driver) by extension 'ros'
[0.871s] DEBUG:colcon.colcon_core.package_identification:Package 'src/transport_drivers/serial_driver' with type 'ros.ament_cmake' and name 'serial_driver'
[0.871s] Level 1:colcon.colcon_core.package_identification:_identify(src/transport_drivers/udp_driver) by extensions ['ignore', 'ignore_ament_install']
[0.871s] Level 1:colcon.colcon_core.package_identification:_identify(src/transport_drivers/udp_driver) by extension 'ignore'
[0.871s] Level 1:colcon.colcon_core.package_identification:_identify(src/transport_drivers/udp_driver) by extension 'ignore_ament_install'
[0.871s] Level 1:colcon.colcon_core.package_identification:_identify(src/transport_drivers/udp_driver) by extensions ['colcon_pkg']
[0.871s] Level 1:colcon.colcon_core.package_identification:_identify(src/transport_drivers/udp_driver) by extension 'colcon_pkg'
[0.871s] Level 1:colcon.colcon_core.package_identification:_identify(src/transport_drivers/udp_driver) by extensions ['colcon_meta']
[0.871s] Level 1:colcon.colcon_core.package_identification:_identify(src/transport_drivers/udp_driver) by extension 'colcon_meta'
[0.871s] Level 1:colcon.colcon_core.package_identification:_identify(src/transport_drivers/udp_driver) by extensions ['ros']
[0.871s] Level 1:colcon.colcon_core.package_identification:_identify(src/transport_drivers/udp_driver) by extension 'ros'
[0.872s] DEBUG:colcon.colcon_core.package_identification:Package 'src/transport_drivers/udp_driver' with type 'ros.ament_cmake' and name 'udp_driver'
[0.872s] Level 1:colcon.colcon_core.package_discovery:discover_packages(recursive) using defaults
[0.872s] Level 1:colcon.colcon_core.package_discovery:discover_packages(ignore) discover
[0.872s] Level 1:colcon.colcon_core.package_discovery:discover_packages(ignore) using defaults
[0.872s] Level 1:colcon.colcon_core.package_discovery:discover_packages(path) discover
[0.872s] Level 1:colcon.colcon_core.package_discovery:discover_packages(path) using defaults
[0.949s] Level 1:colcon.colcon_core.package_discovery:discover_packages(prefix_path) check parameters
[0.949s] Level 1:colcon.colcon_core.package_discovery:discover_packages(prefix_path) discover
[0.974s] DEBUG:colcon.colcon_installed_package_information.package_discovery:Found 4 installed packages in /home/shen/learn/ROS2/ethernet_ws/install
[0.988s] DEBUG:colcon.colcon_installed_package_information.package_discovery:Found 344 installed packages in /opt/ros/humble
[0.989s] Level 1:colcon.colcon_core.package_discovery:discover_packages(prefix_path) using defaults
[1.078s] Level 5:colcon.colcon_core.verb:set package 'asio_cmake_module' build argument 'cmake_args' from command line to 'None'
[1.078s] Level 5:colcon.colcon_core.verb:set package 'asio_cmake_module' build argument 'cmake_target' from command line to 'None'
[1.078s] Level 5:colcon.colcon_core.verb:set package 'asio_cmake_module' build argument 'cmake_target_skip_unavailable' from command line to 'False'
[1.078s] Level 5:colcon.colcon_core.verb:set package 'asio_cmake_module' build argument 'cmake_clean_cache' from command line to 'False'
[1.078s] Level 5:colcon.colcon_core.verb:set package 'asio_cmake_module' build argument 'cmake_clean_first' from command line to 'False'
[1.078s] Level 5:colcon.colcon_core.verb:set package 'asio_cmake_module' build argument 'cmake_force_configure' from command line to 'False'
[1.078s] Level 5:colcon.colcon_core.verb:set package 'asio_cmake_module' build argument 'ament_cmake_args' from command line to 'None'
[1.078s] Level 5:colcon.colcon_core.verb:set package 'asio_cmake_module' build argument 'catkin_cmake_args' from command line to 'None'
[1.078s] Level 5:colcon.colcon_core.verb:set package 'asio_cmake_module' build argument 'catkin_skip_building_tests' from command line to 'False'
[1.078s] DEBUG:colcon.colcon_core.verb:Building package 'asio_cmake_module' with the following arguments: {'ament_cmake_args': None, 'build_base': '/home/shen/learn/ROS2/ethernet_ws/build/asio_cmake_module', 'catkin_cmake_args': None, 'catkin_skip_building_tests': False, 'cmake_args': None, 'cmake_clean_cache': False, 'cmake_clean_first': False, 'cmake_force_configure': False, 'cmake_target': None, 'cmake_target_skip_unavailable': False, 'install_base': '/home/shen/learn/ROS2/ethernet_ws/install/asio_cmake_module', 'merge_install': False, 'path': '/home/shen/learn/ROS2/ethernet_ws/src/transport_drivers/asio_cmake_module', 'symlink_install': False, 'test_result_base': None}
[1.090s] Level 5:colcon.colcon_core.verb:set package 'io_context' build argument 'cmake_args' from command line to 'None'
[1.090s] Level 5:colcon.colcon_core.verb:set package 'io_context' build argument 'cmake_target' from command line to 'None'
[1.090s] Level 5:colcon.colcon_core.verb:set package 'io_context' build argument 'cmake_target_skip_unavailable' from command line to 'False'
[1.090s] Level 5:colcon.colcon_core.verb:set package 'io_context' build argument 'cmake_clean_cache' from command line to 'False'
[1.090s] Level 5:colcon.colcon_core.verb:set package 'io_context' build argument 'cmake_clean_first' from command line to 'False'
[1.090s] Level 5:colcon.colcon_core.verb:set package 'io_context' build argument 'cmake_force_configure' from command line to 'False'
[1.090s] Level 5:colcon.colcon_core.verb:set package 'io_context' build argument 'ament_cmake_args' from command line to 'None'
[1.090s] Level 5:colcon.colcon_core.verb:set package 'io_context' build argument 'catkin_cmake_args' from command line to 'None'
[1.090s] Level 5:colcon.colcon_core.verb:set package 'io_context' build argument 'catkin_skip_building_tests' from command line to 'False'
[1.090s] DEBUG:colcon.colcon_core.verb:Building package 'io_context' with the following arguments: {'ament_cmake_args': None, 'build_base': '/home/shen/learn/ROS2/ethernet_ws/build/io_context', 'catkin_cmake_args': None, 'catkin_skip_building_tests': False, 'cmake_args': None, 'cmake_clean_cache': False, 'cmake_clean_first': False, 'cmake_force_configure': False, 'cmake_target': None, 'cmake_target_skip_unavailable': False, 'install_base': '/home/shen/learn/ROS2/ethernet_ws/install/io_context', 'merge_install': False, 'path': '/home/shen/learn/ROS2/ethernet_ws/src/transport_drivers/io_context', 'symlink_install': False, 'test_result_base': None}
[1.102s] Level 5:colcon.colcon_core.verb:set package 'serial_driver' build argument 'cmake_args' from command line to 'None'
[1.102s] Level 5:colcon.colcon_core.verb:set package 'serial_driver' build argument 'cmake_target' from command line to 'None'
[1.102s] Level 5:colcon.colcon_core.verb:set package 'serial_driver' build argument 'cmake_target_skip_unavailable' from command line to 'False'
[1.102s] Level 5:colcon.colcon_core.verb:set package 'serial_driver' build argument 'cmake_clean_cache' from command line to 'False'
[1.102s] Level 5:colcon.colcon_core.verb:set package 'serial_driver' build argument 'cmake_clean_first' from command line to 'False'
[1.102s] Level 5:colcon.colcon_core.verb:set package 'serial_driver' build argument 'cmake_force_configure' from command line to 'False'
[1.102s] Level 5:colcon.colcon_core.verb:set package 'serial_driver' build argument 'ament_cmake_args' from command line to 'None'
[1.102s] Level 5:colcon.colcon_core.verb:set package 'serial_driver' build argument 'catkin_cmake_args' from command line to 'None'
[1.102s] Level 5:colcon.colcon_core.verb:set package 'serial_driver' build argument 'catkin_skip_building_tests' from command line to 'False'
[1.102s] DEBUG:colcon.colcon_core.verb:Building package 'serial_driver' with the following arguments: {'ament_cmake_args': None, 'build_base': '/home/shen/learn/ROS2/ethernet_ws/build/serial_driver', 'catkin_cmake_args': None, 'catkin_skip_building_tests': False, 'cmake_args': None, 'cmake_clean_cache': False, 'cmake_clean_first': False, 'cmake_force_configure': False, 'cmake_target': None, 'cmake_target_skip_unavailable': False, 'install_base': '/home/shen/learn/ROS2/ethernet_ws/install/serial_driver', 'merge_install': False, 'path': '/home/shen/learn/ROS2/ethernet_ws/src/transport_drivers/serial_driver', 'symlink_install': False, 'test_result_base': None}
[1.114s] Level 5:colcon.colcon_core.verb:set package 'udp_driver' build argument 'cmake_args' from command line to 'None'
[1.114s] Level 5:colcon.colcon_core.verb:set package 'udp_driver' build argument 'cmake_target' from command line to 'None'
[1.114s] Level 5:colcon.colcon_core.verb:set package 'udp_driver' build argument 'cmake_target_skip_unavailable' from command line to 'False'
[1.114s] Level 5:colcon.colcon_core.verb:set package 'udp_driver' build argument 'cmake_clean_cache' from command line to 'False'
[1.114s] Level 5:colcon.colcon_core.verb:set package 'udp_driver' build argument 'cmake_clean_first' from command line to 'False'
[1.114s] Level 5:colcon.colcon_core.verb:set package 'udp_driver' build argument 'cmake_force_configure' from command line to 'False'
[1.114s] Level 5:colcon.colcon_core.verb:set package 'udp_driver' build argument 'ament_cmake_args' from command line to 'None'
[1.114s] Level 5:colcon.colcon_core.verb:set package 'udp_driver' build argument 'catkin_cmake_args' from command line to 'None'
[1.114s] Level 5:colcon.colcon_core.verb:set package 'udp_driver' build argument 'catkin_skip_building_tests' from command line to 'False'
[1.114s] DEBUG:colcon.colcon_core.verb:Building package 'udp_driver' with the following arguments: {'ament_cmake_args': None, 'build_base': '/home/shen/learn/ROS2/ethernet_ws/build/udp_driver', 'catkin_cmake_args': None, 'catkin_skip_building_tests': False, 'cmake_args': None, 'cmake_clean_cache': False, 'cmake_clean_first': False, 'cmake_force_configure': False, 'cmake_target': None, 'cmake_target_skip_unavailable': False, 'install_base': '/home/shen/learn/ROS2/ethernet_ws/install/udp_driver', 'merge_install': False, 'path': '/home/shen/learn/ROS2/ethernet_ws/src/transport_drivers/udp_driver', 'symlink_install': False, 'test_result_base': None}
[1.126s] INFO:colcon.colcon_core.executor:Executing jobs using 'parallel' executor
[1.139s] DEBUG:colcon.colcon_parallel_executor.executor.parallel:run_until_complete
[1.139s] INFO:colcon.colcon_ros.task.ament_cmake.build:Building ROS package in '/home/shen/learn/ROS2/ethernet_ws/src/transport_drivers/asio_cmake_module' with build type 'ament_cmake'
[1.139s] INFO:colcon.colcon_cmake.task.cmake.build:Building CMake package in '/home/shen/learn/ROS2/ethernet_ws/src/transport_drivers/asio_cmake_module'
[1.153s] INFO:colcon.colcon_core.plugin_system:Skipping extension 'colcon_core.shell.bat': Not used on non-Windows systems
[1.153s] INFO:colcon.colcon_core.shell:Skip shell extension 'powershell' for command environment: Not usable outside of PowerShell
[1.153s] DEBUG:colcon.colcon_core.shell:Skip shell extension 'dsv' for command environment
[1.201s] DEBUG:colcon.colcon_core.event_handler.log_command:Invoking command in '/home/shen/learn/ROS2/ethernet_ws/build/asio_cmake_module': CMAKE_PREFIX_PATH=${CMAKE_PREFIX_PATH}:/opt/ros/humble /usr/bin/cmake --build /home/shen/learn/ROS2/ethernet_ws/build/asio_cmake_module -- -j16 -l16
[1.264s] DEBUG:colcon.colcon_core.event_handler.log_command:Invoked command in '/home/shen/learn/ROS2/ethernet_ws/build/asio_cmake_module' returned '0': CMAKE_PREFIX_PATH=${CMAKE_PREFIX_PATH}:/opt/ros/humble /usr/bin/cmake --build /home/shen/learn/ROS2/ethernet_ws/build/asio_cmake_module -- -j16 -l16
[1.337s] DEBUG:colcon.colcon_core.event_handler.log_command:Invoking command in '/home/shen/learn/ROS2/ethernet_ws/build/asio_cmake_module': CMAKE_PREFIX_PATH=${CMAKE_PREFIX_PATH}:/opt/ros/humble /usr/bin/cmake --install /home/shen/learn/ROS2/ethernet_ws/build/asio_cmake_module
[1.347s] Level 1:colcon.colcon_core.environment:create_environment_scripts_only(asio_cmake_module)
[1.348s] DEBUG:colcon.colcon_core.event_handler.log_command:Invoked command in '/home/shen/learn/ROS2/ethernet_ws/build/asio_cmake_module' returned '0': CMAKE_PREFIX_PATH=${CMAKE_PREFIX_PATH}:/opt/ros/humble /usr/bin/cmake --install /home/shen/learn/ROS2/ethernet_ws/build/asio_cmake_module
[1.361s] Level 1:colcon.colcon_core.environment:checking '/home/shen/learn/ROS2/ethernet_ws/install/asio_cmake_module' for CMake module files
[1.361s] Level 1:colcon.colcon_core.environment:checking '/home/shen/learn/ROS2/ethernet_ws/install/asio_cmake_module' for CMake config files
[1.362s] Level 1:colcon.colcon_core.shell:create_environment_hook('asio_cmake_module', 'cmake_prefix_path')
[1.373s] INFO:colcon.colcon_core.shell:Creating environment hook '/home/shen/learn/ROS2/ethernet_ws/install/asio_cmake_module/share/asio_cmake_module/hook/cmake_prefix_path.ps1'
[1.374s] INFO:colcon.colcon_core.shell:Creating environment descriptor '/home/shen/learn/ROS2/ethernet_ws/install/asio_cmake_module/share/asio_cmake_module/hook/cmake_prefix_path.dsv'
[1.374s] INFO:colcon.colcon_core.shell:Creating environment hook '/home/shen/learn/ROS2/ethernet_ws/install/asio_cmake_module/share/asio_cmake_module/hook/cmake_prefix_path.sh'
[1.374s] Level 1:colcon.colcon_core.environment:checking '/home/shen/learn/ROS2/ethernet_ws/install/asio_cmake_module/bin'
[1.375s] Level 1:colcon.colcon_core.environment:checking '/home/shen/learn/ROS2/ethernet_ws/install/asio_cmake_module/lib/pkgconfig/asio_cmake_module.pc'
[1.375s] Level 1:colcon.colcon_core.environment:checking '/home/shen/learn/ROS2/ethernet_ws/install/asio_cmake_module/lib/python3.10/site-packages'
[1.375s] Level 1:colcon.colcon_core.environment:checking '/home/shen/learn/ROS2/ethernet_ws/install/asio_cmake_module/bin'
[1.387s] INFO:colcon.colcon_core.shell:Creating package script '/home/shen/learn/ROS2/ethernet_ws/install/asio_cmake_module/share/asio_cmake_module/package.ps1'
[1.387s] INFO:colcon.colcon_core.shell:Creating package descriptor '/home/shen/learn/ROS2/ethernet_ws/install/asio_cmake_module/share/asio_cmake_module/package.dsv'
[1.388s] INFO:colcon.colcon_core.shell:Creating package script '/home/shen/learn/ROS2/ethernet_ws/install/asio_cmake_module/share/asio_cmake_module/package.sh'
[1.389s] INFO:colcon.colcon_core.shell:Creating package script '/home/shen/learn/ROS2/ethernet_ws/install/asio_cmake_module/share/asio_cmake_module/package.bash'
[1.391s] INFO:colcon.colcon_core.shell:Creating package script '/home/shen/learn/ROS2/ethernet_ws/install/asio_cmake_module/share/asio_cmake_module/package.zsh'
[1.392s] Level 1:colcon.colcon_core.environment:create_file_with_runtime_dependencies(/home/shen/learn/ROS2/ethernet_ws/install/asio_cmake_module/share/colcon-core/packages/asio_cmake_module)
[1.489s] Level 1:colcon.colcon_core.environment:create_environment_scripts_only(asio_cmake_module)
[1.522s] Level 1:colcon.colcon_core.environment:checking '/home/shen/learn/ROS2/ethernet_ws/install/asio_cmake_module' for CMake module files
[1.523s] Level 1:colcon.colcon_core.environment:checking '/home/shen/learn/ROS2/ethernet_ws/install/asio_cmake_module' for CMake config files
[1.524s] Level 1:colcon.colcon_core.shell:create_environment_hook('asio_cmake_module', 'cmake_prefix_path')
[1.536s] INFO:colcon.colcon_core.shell:Creating environment hook '/home/shen/learn/ROS2/ethernet_ws/install/asio_cmake_module/share/asio_cmake_module/hook/cmake_prefix_path.ps1'
[1.536s] INFO:colcon.colcon_core.shell:Creating environment descriptor '/home/shen/learn/ROS2/ethernet_ws/install/asio_cmake_module/share/asio_cmake_module/hook/cmake_prefix_path.dsv'
[1.537s] INFO:colcon.colcon_core.shell:Creating environment hook '/home/shen/learn/ROS2/ethernet_ws/install/asio_cmake_module/share/asio_cmake_module/hook/cmake_prefix_path.sh'
[1.537s] Level 1:colcon.colcon_core.environment:checking '/home/shen/learn/ROS2/ethernet_ws/install/asio_cmake_module/bin'
[1.537s] Level 1:colcon.colcon_core.environment:checking '/home/shen/learn/ROS2/ethernet_ws/install/asio_cmake_module/lib/pkgconfig/asio_cmake_module.pc'
[1.537s] Level 1:colcon.colcon_core.environment:checking '/home/shen/learn/ROS2/ethernet_ws/install/asio_cmake_module/lib/python3.10/site-packages'
[1.538s] Level 1:colcon.colcon_core.environment:checking '/home/shen/learn/ROS2/ethernet_ws/install/asio_cmake_module/bin'
[1.550s] INFO:colcon.colcon_core.shell:Creating package script '/home/shen/learn/ROS2/ethernet_ws/install/asio_cmake_module/share/asio_cmake_module/package.ps1'
[1.550s] INFO:colcon.colcon_core.shell:Creating package descriptor '/home/shen/learn/ROS2/ethernet_ws/install/asio_cmake_module/share/asio_cmake_module/package.dsv'
[1.551s] INFO:colcon.colcon_core.shell:Creating package script '/home/shen/learn/ROS2/ethernet_ws/install/asio_cmake_module/share/asio_cmake_module/package.sh'
[1.551s] INFO:colcon.colcon_core.shell:Creating package script '/home/shen/learn/ROS2/ethernet_ws/install/asio_cmake_module/share/asio_cmake_module/package.bash'
[1.551s] INFO:colcon.colcon_core.shell:Creating package script '/home/shen/learn/ROS2/ethernet_ws/install/asio_cmake_module/share/asio_cmake_module/package.zsh'
[1.551s] Level 1:colcon.colcon_core.environment:create_file_with_runtime_dependencies(/home/shen/learn/ROS2/ethernet_ws/install/asio_cmake_module/share/colcon-core/packages/asio_cmake_module)
[1.552s] INFO:colcon.colcon_ros.task.ament_cmake.build:Building ROS package in '/home/shen/learn/ROS2/ethernet_ws/src/transport_drivers/io_context' with build type 'ament_cmake'
[1.552s] INFO:colcon.colcon_cmake.task.cmake.build:Building CMake package in '/home/shen/learn/ROS2/ethernet_ws/src/transport_drivers/io_context'
[1.564s] INFO:colcon.colcon_core.shell:Skip shell extension 'powershell' for command environment: Not usable outside of PowerShell
[1.564s] DEBUG:colcon.colcon_core.shell:Skip shell extension 'dsv' for command environment
[1.611s] DEBUG:colcon.colcon_core.event_handler.log_command:Invoking command in '/home/shen/learn/ROS2/ethernet_ws/build/io_context': CMAKE_PREFIX_PATH=/home/shen/learn/ROS2/ethernet_ws/install/asio_cmake_module:/home/shen/learn/ROS2/ethernet_ws/install/udp_driver:/home/shen/learn/ROS2/ethernet_ws/install/serial_driver:/home/shen/learn/ROS2/ethernet_ws/install/io_context:/opt/ros/humble /usr/bin/cmake --build /home/shen/learn/ROS2/ethernet_ws/build/io_context -- -j16 -l16
[1.785s] DEBUG:colcon.colcon_core.event_handler.log_command:Invoked command in '/home/shen/learn/ROS2/ethernet_ws/build/io_context' returned '0': CMAKE_PREFIX_PATH=/home/shen/learn/ROS2/ethernet_ws/install/asio_cmake_module:/home/shen/learn/ROS2/ethernet_ws/install/udp_driver:/home/shen/learn/ROS2/ethernet_ws/install/serial_driver:/home/shen/learn/ROS2/ethernet_ws/install/io_context:/opt/ros/humble /usr/bin/cmake --build /home/shen/learn/ROS2/ethernet_ws/build/io_context -- -j16 -l16
[1.865s] DEBUG:colcon.colcon_core.event_handler.log_command:Invoking command in '/home/shen/learn/ROS2/ethernet_ws/build/io_context': CMAKE_PREFIX_PATH=/home/shen/learn/ROS2/ethernet_ws/install/asio_cmake_module:/home/shen/learn/ROS2/ethernet_ws/install/udp_driver:/home/shen/learn/ROS2/ethernet_ws/install/serial_driver:/home/shen/learn/ROS2/ethernet_ws/install/io_context:/opt/ros/humble /usr/bin/cmake --install /home/shen/learn/ROS2/ethernet_ws/build/io_context
[1.890s] Level 1:colcon.colcon_core.environment:create_environment_scripts_only(io_context)
[1.890s] DEBUG:colcon.colcon_core.event_handler.log_command:Invoked command in '/home/shen/learn/ROS2/ethernet_ws/build/io_context' returned '0': CMAKE_PREFIX_PATH=/home/shen/learn/ROS2/ethernet_ws/install/asio_cmake_module:/home/shen/learn/ROS2/ethernet_ws/install/udp_driver:/home/shen/learn/ROS2/ethernet_ws/install/serial_driver:/home/shen/learn/ROS2/ethernet_ws/install/io_context:/opt/ros/humble /usr/bin/cmake --install /home/shen/learn/ROS2/ethernet_ws/build/io_context
[1.925s] Level 1:colcon.colcon_core.environment:checking '/home/shen/learn/ROS2/ethernet_ws/install/io_context' for CMake module files
[1.926s] Level 1:colcon.colcon_core.environment:checking '/home/shen/learn/ROS2/ethernet_ws/install/io_context' for CMake config files
[1.927s] Level 1:colcon.colcon_core.shell:create_environment_hook('io_context', 'cmake_prefix_path')
[1.940s] INFO:colcon.colcon_core.shell:Creating environment hook '/home/shen/learn/ROS2/ethernet_ws/install/io_context/share/io_context/hook/cmake_prefix_path.ps1'
[1.941s] INFO:colcon.colcon_core.shell:Creating environment descriptor '/home/shen/learn/ROS2/ethernet_ws/install/io_context/share/io_context/hook/cmake_prefix_path.dsv'
[1.942s] INFO:colcon.colcon_core.shell:Creating environment hook '/home/shen/learn/ROS2/ethernet_ws/install/io_context/share/io_context/hook/cmake_prefix_path.sh'
[1.943s] Level 1:colcon.colcon_core.environment:checking '/home/shen/learn/ROS2/ethernet_ws/install/io_context/lib'
[1.943s] Level 1:colcon.colcon_core.shell:create_environment_hook('io_context', 'ld_library_path_lib')
[1.966s] INFO:colcon.colcon_core.shell:Creating environment hook '/home/shen/learn/ROS2/ethernet_ws/install/io_context/share/io_context/hook/ld_library_path_lib.ps1'
[1.967s] INFO:colcon.colcon_core.shell:Creating environment descriptor '/home/shen/learn/ROS2/ethernet_ws/install/io_context/share/io_context/hook/ld_library_path_lib.dsv'
[1.967s] INFO:colcon.colcon_core.shell:Creating environment hook '/home/shen/learn/ROS2/ethernet_ws/install/io_context/share/io_context/hook/ld_library_path_lib.sh'
[1.967s] Level 1:colcon.colcon_core.environment:checking '/home/shen/learn/ROS2/ethernet_ws/install/io_context/bin'
[1.967s] Level 1:colcon.colcon_core.environment:checking '/home/shen/learn/ROS2/ethernet_ws/install/io_context/lib/pkgconfig/io_context.pc'
[1.967s] Level 1:colcon.colcon_core.environment:checking '/home/shen/learn/ROS2/ethernet_ws/install/io_context/lib/python3.10/site-packages'
[1.968s] Level 1:colcon.colcon_core.environment:checking '/home/shen/learn/ROS2/ethernet_ws/install/io_context/bin'
[1.980s] INFO:colcon.colcon_core.shell:Creating package script '/home/shen/learn/ROS2/ethernet_ws/install/io_context/share/io_context/package.ps1'
[1.981s] INFO:colcon.colcon_core.shell:Creating package descriptor '/home/shen/learn/ROS2/ethernet_ws/install/io_context/share/io_context/package.dsv'
[1.981s] INFO:colcon.colcon_core.shell:Creating package script '/home/shen/learn/ROS2/ethernet_ws/install/io_context/share/io_context/package.sh'
[1.981s] INFO:colcon.colcon_core.shell:Creating package script '/home/shen/learn/ROS2/ethernet_ws/install/io_context/share/io_context/package.bash'
[1.981s] INFO:colcon.colcon_core.shell:Creating package script '/home/shen/learn/ROS2/ethernet_ws/install/io_context/share/io_context/package.zsh'
[1.982s] Level 1:colcon.colcon_core.environment:create_file_with_runtime_dependencies(/home/shen/learn/ROS2/ethernet_ws/install/io_context/share/colcon-core/packages/io_context)
[2.046s] Level 1:colcon.colcon_core.environment:create_environment_scripts_only(io_context)
[2.058s] Level 1:colcon.colcon_core.environment:checking '/home/shen/learn/ROS2/ethernet_ws/install/io_context' for CMake module files
[2.059s] Level 1:colcon.colcon_core.environment:checking '/home/shen/learn/ROS2/ethernet_ws/install/io_context' for CMake config files
[2.059s] Level 1:colcon.colcon_core.shell:create_environment_hook('io_context', 'cmake_prefix_path')
[2.070s] INFO:colcon.colcon_core.shell:Creating environment hook '/home/shen/learn/ROS2/ethernet_ws/install/io_context/share/io_context/hook/cmake_prefix_path.ps1'
[2.071s] INFO:colcon.colcon_core.shell:Creating environment descriptor '/home/shen/learn/ROS2/ethernet_ws/install/io_context/share/io_context/hook/cmake_prefix_path.dsv'
[2.071s] INFO:colcon.colcon_core.shell:Creating environment hook '/home/shen/learn/ROS2/ethernet_ws/install/io_context/share/io_context/hook/cmake_prefix_path.sh'
[2.071s] Level 1:colcon.colcon_core.environment:checking '/home/shen/learn/ROS2/ethernet_ws/install/io_context/lib'
[2.071s] Level 1:colcon.colcon_core.shell:create_environment_hook('io_context', 'ld_library_path_lib')
[2.083s] INFO:colcon.colcon_core.shell:Creating environment hook '/home/shen/learn/ROS2/ethernet_ws/install/io_context/share/io_context/hook/ld_library_path_lib.ps1'
[2.084s] INFO:colcon.colcon_core.shell:Creating environment descriptor '/home/shen/learn/ROS2/ethernet_ws/install/io_context/share/io_context/hook/ld_library_path_lib.dsv'
[2.084s] INFO:colcon.colcon_core.shell:Creating environment hook '/home/shen/learn/ROS2/ethernet_ws/install/io_context/share/io_context/hook/ld_library_path_lib.sh'
[2.084s] Level 1:colcon.colcon_core.environment:checking '/home/shen/learn/ROS2/ethernet_ws/install/io_context/bin'
[2.084s] Level 1:colcon.colcon_core.environment:checking '/home/shen/learn/ROS2/ethernet_ws/install/io_context/lib/pkgconfig/io_context.pc'
[2.085s] Level 1:colcon.colcon_core.environment:checking '/home/shen/learn/ROS2/ethernet_ws/install/io_context/lib/python3.10/site-packages'
[2.085s] Level 1:colcon.colcon_core.environment:checking '/home/shen/learn/ROS2/ethernet_ws/install/io_context/bin'
[2.097s] INFO:colcon.colcon_core.shell:Creating package script '/home/shen/learn/ROS2/ethernet_ws/install/io_context/share/io_context/package.ps1'
[2.097s] INFO:colcon.colcon_core.shell:Creating package descriptor '/home/shen/learn/ROS2/ethernet_ws/install/io_context/share/io_context/package.dsv'
[2.098s] INFO:colcon.colcon_core.shell:Creating package script '/home/shen/learn/ROS2/ethernet_ws/install/io_context/share/io_context/package.sh'
[2.098s] INFO:colcon.colcon_core.shell:Creating package script '/home/shen/learn/ROS2/ethernet_ws/install/io_context/share/io_context/package.bash'
[2.098s] INFO:colcon.colcon_core.shell:Creating package script '/home/shen/learn/ROS2/ethernet_ws/install/io_context/share/io_context/package.zsh'
[2.099s] Level 1:colcon.colcon_core.environment:create_file_with_runtime_dependencies(/home/shen/learn/ROS2/ethernet_ws/install/io_context/share/colcon-core/packages/io_context)
[2.099s] INFO:colcon.colcon_ros.task.ament_cmake.build:Building ROS package in '/home/shen/learn/ROS2/ethernet_ws/src/transport_drivers/serial_driver' with build type 'ament_cmake'
[2.099s] INFO:colcon.colcon_cmake.task.cmake.build:Building CMake package in '/home/shen/learn/ROS2/ethernet_ws/src/transport_drivers/serial_driver'
[2.112s] INFO:colcon.colcon_core.shell:Skip shell extension 'powershell' for command environment: Not usable outside of PowerShell
[2.112s] DEBUG:colcon.colcon_core.shell:Skip shell extension 'dsv' for command environment
[2.151s] INFO:colcon.colcon_ros.task.ament_cmake.build:Building ROS package in '/home/shen/learn/ROS2/ethernet_ws/src/transport_drivers/udp_driver' with build type 'ament_cmake'
[2.151s] INFO:colcon.colcon_cmake.task.cmake.build:Building CMake package in '/home/shen/learn/ROS2/ethernet_ws/src/transport_drivers/udp_driver'
[2.164s] INFO:colcon.colcon_core.shell:Skip shell extension 'powershell' for command environment: Not usable outside of PowerShell
[2.164s] DEBUG:colcon.colcon_core.shell:Skip shell extension 'dsv' for command environment
[2.205s] DEBUG:colcon.colcon_core.event_handler.log_command:Invoking command in '/home/shen/learn/ROS2/ethernet_ws/build/serial_driver': CMAKE_PREFIX_PATH=/home/shen/learn/ROS2/ethernet_ws/install/io_context:/home/shen/learn/ROS2/ethernet_ws/install/asio_cmake_module:/home/shen/learn/ROS2/ethernet_ws/install/udp_driver:/home/shen/learn/ROS2/ethernet_ws/install/serial_driver:/opt/ros/humble LD_LIBRARY_PATH=/home/shen/learn/ROS2/ethernet_ws/install/io_context/lib:/home/shen/learn/ROS2/ethernet_ws/install/udp_driver/lib:/home/shen/learn/ROS2/ethernet_ws/install/serial_driver/lib:/usr/lib/x86_64-linux-gnu/gazebo-11/plugins:/opt/ros/humble/opt/rviz_ogre_vendor/lib:/opt/ros/humble/lib/x86_64-linux-gnu:/opt/ros/humble/lib /usr/bin/cmake --build /home/shen/learn/ROS2/ethernet_ws/build/serial_driver -- -j16 -l16
[2.215s] DEBUG:colcon.colcon_core.event_handler.log_command:Invoking command in '/home/shen/learn/ROS2/ethernet_ws/build/udp_driver': CMAKE_PREFIX_PATH=/home/shen/learn/ROS2/ethernet_ws/install/io_context:/home/shen/learn/ROS2/ethernet_ws/install/asio_cmake_module:/home/shen/learn/ROS2/ethernet_ws/install/udp_driver:/home/shen/learn/ROS2/ethernet_ws/install/serial_driver:/opt/ros/humble LD_LIBRARY_PATH=/home/shen/learn/ROS2/ethernet_ws/install/io_context/lib:/home/shen/learn/ROS2/ethernet_ws/install/udp_driver/lib:/home/shen/learn/ROS2/ethernet_ws/install/serial_driver/lib:/usr/lib/x86_64-linux-gnu/gazebo-11/plugins:/opt/ros/humble/opt/rviz_ogre_vendor/lib:/opt/ros/humble/lib/x86_64-linux-gnu:/opt/ros/humble/lib /usr/bin/cmake --build /home/shen/learn/ROS2/ethernet_ws/build/udp_driver -- -j16 -l16
[2.353s] DEBUG:colcon.colcon_core.event_handler.log_command:Invoked command in '/home/shen/learn/ROS2/ethernet_ws/build/serial_driver' returned '0': CMAKE_PREFIX_PATH=/home/shen/learn/ROS2/ethernet_ws/install/io_context:/home/shen/learn/ROS2/ethernet_ws/install/asio_cmake_module:/home/shen/learn/ROS2/ethernet_ws/install/udp_driver:/home/shen/learn/ROS2/ethernet_ws/install/serial_driver:/opt/ros/humble LD_LIBRARY_PATH=/home/shen/learn/ROS2/ethernet_ws/install/io_context/lib:/home/shen/learn/ROS2/ethernet_ws/install/udp_driver/lib:/home/shen/learn/ROS2/ethernet_ws/install/serial_driver/lib:/usr/lib/x86_64-linux-gnu/gazebo-11/plugins:/opt/ros/humble/opt/rviz_ogre_vendor/lib:/opt/ros/humble/lib/x86_64-linux-gnu:/opt/ros/humble/lib /usr/bin/cmake --build /home/shen/learn/ROS2/ethernet_ws/build/serial_driver -- -j16 -l16
[2.407s] DEBUG:colcon.colcon_core.event_handler.log_command:Invoking command in '/home/shen/learn/ROS2/ethernet_ws/build/serial_driver': CMAKE_PREFIX_PATH=/home/shen/learn/ROS2/ethernet_ws/install/io_context:/home/shen/learn/ROS2/ethernet_ws/install/asio_cmake_module:/home/shen/learn/ROS2/ethernet_ws/install/udp_driver:/home/shen/learn/ROS2/ethernet_ws/install/serial_driver:/opt/ros/humble LD_LIBRARY_PATH=/home/shen/learn/ROS2/ethernet_ws/install/io_context/lib:/home/shen/learn/ROS2/ethernet_ws/install/udp_driver/lib:/home/shen/learn/ROS2/ethernet_ws/install/serial_driver/lib:/usr/lib/x86_64-linux-gnu/gazebo-11/plugins:/opt/ros/humble/opt/rviz_ogre_vendor/lib:/opt/ros/humble/lib/x86_64-linux-gnu:/opt/ros/humble/lib /usr/bin/cmake --install /home/shen/learn/ROS2/ethernet_ws/build/serial_driver
[2.419s] Level 1:colcon.colcon_core.environment:create_environment_scripts_only(serial_driver)
[2.422s] DEBUG:colcon.colcon_core.event_handler.log_command:Invoked command in '/home/shen/learn/ROS2/ethernet_ws/build/serial_driver' returned '0': CMAKE_PREFIX_PATH=/home/shen/learn/ROS2/ethernet_ws/install/io_context:/home/shen/learn/ROS2/ethernet_ws/install/asio_cmake_module:/home/shen/learn/ROS2/ethernet_ws/install/udp_driver:/home/shen/learn/ROS2/ethernet_ws/install/serial_driver:/opt/ros/humble LD_LIBRARY_PATH=/home/shen/learn/ROS2/ethernet_ws/install/io_context/lib:/home/shen/learn/ROS2/ethernet_ws/install/udp_driver/lib:/home/shen/learn/ROS2/ethernet_ws/install/serial_driver/lib:/usr/lib/x86_64-linux-gnu/gazebo-11/plugins:/opt/ros/humble/opt/rviz_ogre_vendor/lib:/opt/ros/humble/lib/x86_64-linux-gnu:/opt/ros/humble/lib /usr/bin/cmake --install /home/shen/learn/ROS2/ethernet_ws/build/serial_driver
[2.433s] Level 1:colcon.colcon_core.environment:checking '/home/shen/learn/ROS2/ethernet_ws/install/serial_driver' for CMake module files
[2.433s] Level 1:colcon.colcon_core.environment:checking '/home/shen/learn/ROS2/ethernet_ws/install/serial_driver' for CMake config files
[2.434s] Level 1:colcon.colcon_core.shell:create_environment_hook('serial_driver', 'cmake_prefix_path')
[2.447s] INFO:colcon.colcon_core.shell:Creating environment hook '/home/shen/learn/ROS2/ethernet_ws/install/serial_driver/share/serial_driver/hook/cmake_prefix_path.ps1'
[2.448s] INFO:colcon.colcon_core.shell:Creating environment descriptor '/home/shen/learn/ROS2/ethernet_ws/install/serial_driver/share/serial_driver/hook/cmake_prefix_path.dsv'
[2.448s] INFO:colcon.colcon_core.shell:Creating environment hook '/home/shen/learn/ROS2/ethernet_ws/install/serial_driver/share/serial_driver/hook/cmake_prefix_path.sh'
[2.448s] Level 1:colcon.colcon_core.environment:checking '/home/shen/learn/ROS2/ethernet_ws/install/serial_driver/lib'
[2.448s] Level 1:colcon.colcon_core.shell:create_environment_hook('serial_driver', 'ld_library_path_lib')
[2.461s] INFO:colcon.colcon_core.shell:Creating environment hook '/home/shen/learn/ROS2/ethernet_ws/install/serial_driver/share/serial_driver/hook/ld_library_path_lib.ps1'
[2.461s] INFO:colcon.colcon_core.shell:Creating environment descriptor '/home/shen/learn/ROS2/ethernet_ws/install/serial_driver/share/serial_driver/hook/ld_library_path_lib.dsv'
[2.462s] INFO:colcon.colcon_core.shell:Creating environment hook '/home/shen/learn/ROS2/ethernet_ws/install/serial_driver/share/serial_driver/hook/ld_library_path_lib.sh'
[2.462s] Level 1:colcon.colcon_core.environment:checking '/home/shen/learn/ROS2/ethernet_ws/install/serial_driver/bin'
[2.462s] Level 1:colcon.colcon_core.environment:checking '/home/shen/learn/ROS2/ethernet_ws/install/serial_driver/lib/pkgconfig/serial_driver.pc'
[2.462s] Level 1:colcon.colcon_core.environment:checking '/home/shen/learn/ROS2/ethernet_ws/install/serial_driver/lib/python3.10/site-packages'
[2.462s] Level 1:colcon.colcon_core.environment:checking '/home/shen/learn/ROS2/ethernet_ws/install/serial_driver/bin'
[2.475s] INFO:colcon.colcon_core.shell:Creating package script '/home/shen/learn/ROS2/ethernet_ws/install/serial_driver/share/serial_driver/package.ps1'
[2.475s] INFO:colcon.colcon_core.shell:Creating package descriptor '/home/shen/learn/ROS2/ethernet_ws/install/serial_driver/share/serial_driver/package.dsv'
[2.476s] INFO:colcon.colcon_core.shell:Creating package script '/home/shen/learn/ROS2/ethernet_ws/install/serial_driver/share/serial_driver/package.sh'
[2.476s] INFO:colcon.colcon_core.shell:Creating package script '/home/shen/learn/ROS2/ethernet_ws/install/serial_driver/share/serial_driver/package.bash'
[2.476s] INFO:colcon.colcon_core.shell:Creating package script '/home/shen/learn/ROS2/ethernet_ws/install/serial_driver/share/serial_driver/package.zsh'
[2.477s] Level 1:colcon.colcon_core.environment:create_file_with_runtime_dependencies(/home/shen/learn/ROS2/ethernet_ws/install/serial_driver/share/colcon-core/packages/serial_driver)
[2.544s] Level 1:colcon.colcon_core.environment:create_environment_scripts_only(serial_driver)
[2.557s] Level 1:colcon.colcon_core.environment:checking '/home/shen/learn/ROS2/ethernet_ws/install/serial_driver' for CMake module files
[2.557s] Level 1:colcon.colcon_core.environment:checking '/home/shen/learn/ROS2/ethernet_ws/install/serial_driver' for CMake config files
[2.558s] Level 1:colcon.colcon_core.shell:create_environment_hook('serial_driver', 'cmake_prefix_path')
[2.570s] INFO:colcon.colcon_core.shell:Creating environment hook '/home/shen/learn/ROS2/ethernet_ws/install/serial_driver/share/serial_driver/hook/cmake_prefix_path.ps1'
[2.570s] INFO:colcon.colcon_core.shell:Creating environment descriptor '/home/shen/learn/ROS2/ethernet_ws/install/serial_driver/share/serial_driver/hook/cmake_prefix_path.dsv'
[2.570s] INFO:colcon.colcon_core.shell:Creating environment hook '/home/shen/learn/ROS2/ethernet_ws/install/serial_driver/share/serial_driver/hook/cmake_prefix_path.sh'
[2.571s] Level 1:colcon.colcon_core.environment:checking '/home/shen/learn/ROS2/ethernet_ws/install/serial_driver/lib'
[2.571s] Level 1:colcon.colcon_core.shell:create_environment_hook('serial_driver', 'ld_library_path_lib')
[2.583s] INFO:colcon.colcon_core.shell:Creating environment hook '/home/shen/learn/ROS2/ethernet_ws/install/serial_driver/share/serial_driver/hook/ld_library_path_lib.ps1'
[2.584s] INFO:colcon.colcon_core.shell:Creating environment descriptor '/home/shen/learn/ROS2/ethernet_ws/install/serial_driver/share/serial_driver/hook/ld_library_path_lib.dsv'
[2.584s] INFO:colcon.colcon_core.shell:Creating environment hook '/home/shen/learn/ROS2/ethernet_ws/install/serial_driver/share/serial_driver/hook/ld_library_path_lib.sh'
[2.584s] Level 1:colcon.colcon_core.environment:checking '/home/shen/learn/ROS2/ethernet_ws/install/serial_driver/bin'
[2.584s] Level 1:colcon.colcon_core.environment:checking '/home/shen/learn/ROS2/ethernet_ws/install/serial_driver/lib/pkgconfig/serial_driver.pc'
[2.585s] Level 1:colcon.colcon_core.environment:checking '/home/shen/learn/ROS2/ethernet_ws/install/serial_driver/lib/python3.10/site-packages'
[2.585s] Level 1:colcon.colcon_core.environment:checking '/home/shen/learn/ROS2/ethernet_ws/install/serial_driver/bin'
[2.597s] INFO:colcon.colcon_core.shell:Creating package script '/home/shen/learn/ROS2/ethernet_ws/install/serial_driver/share/serial_driver/package.ps1'
[2.597s] INFO:colcon.colcon_core.shell:Creating package descriptor '/home/shen/learn/ROS2/ethernet_ws/install/serial_driver/share/serial_driver/package.dsv'
[2.598s] INFO:colcon.colcon_core.shell:Creating package script '/home/shen/learn/ROS2/ethernet_ws/install/serial_driver/share/serial_driver/package.sh'
[2.598s] INFO:colcon.colcon_core.shell:Creating package script '/home/shen/learn/ROS2/ethernet_ws/install/serial_driver/share/serial_driver/package.bash'
[2.598s] INFO:colcon.colcon_core.shell:Creating package script '/home/shen/learn/ROS2/ethernet_ws/install/serial_driver/share/serial_driver/package.zsh'
[2.599s] Level 1:colcon.colcon_core.environment:create_file_with_runtime_dependencies(/home/shen/learn/ROS2/ethernet_ws/install/serial_driver/share/colcon-core/packages/serial_driver)
[2.999s] DEBUG:colcon.colcon_core.event_handler.log_command:Invoked command in '/home/shen/learn/ROS2/ethernet_ws/build/udp_driver' returned '2': CMAKE_PREFIX_PATH=/home/shen/learn/ROS2/ethernet_ws/install/io_context:/home/shen/learn/ROS2/ethernet_ws/install/asio_cmake_module:/home/shen/learn/ROS2/ethernet_ws/install/udp_driver:/home/shen/learn/ROS2/ethernet_ws/install/serial_driver:/opt/ros/humble LD_LIBRARY_PATH=/home/shen/learn/ROS2/ethernet_ws/install/io_context/lib:/home/shen/learn/ROS2/ethernet_ws/install/udp_driver/lib:/home/shen/learn/ROS2/ethernet_ws/install/serial_driver/lib:/usr/lib/x86_64-linux-gnu/gazebo-11/plugins:/opt/ros/humble/opt/rviz_ogre_vendor/lib:/opt/ros/humble/lib/x86_64-linux-gnu:/opt/ros/humble/lib /usr/bin/cmake --build /home/shen/learn/ROS2/ethernet_ws/build/udp_driver -- -j16 -l16
[3.104s] Level 1:colcon.colcon_core.environment:create_environment_scripts_only(udp_driver)
[3.116s] Level 1:colcon.colcon_core.environment:checking '/home/shen/learn/ROS2/ethernet_ws/install/udp_driver' for CMake module files
[3.116s] Level 1:colcon.colcon_core.environment:checking '/home/shen/learn/ROS2/ethernet_ws/install/udp_driver' for CMake config files
[3.117s] Level 1:colcon.colcon_core.shell:create_environment_hook('udp_driver', 'cmake_prefix_path')
[3.130s] INFO:colcon.colcon_core.shell:Creating environment hook '/home/shen/learn/ROS2/ethernet_ws/install/udp_driver/share/udp_driver/hook/cmake_prefix_path.ps1'
[3.130s] INFO:colcon.colcon_core.shell:Creating environment descriptor '/home/shen/learn/ROS2/ethernet_ws/install/udp_driver/share/udp_driver/hook/cmake_prefix_path.dsv'
[3.130s] INFO:colcon.colcon_core.shell:Creating environment hook '/home/shen/learn/ROS2/ethernet_ws/install/udp_driver/share/udp_driver/hook/cmake_prefix_path.sh'
[3.131s] Level 1:colcon.colcon_core.environment:checking '/home/shen/learn/ROS2/ethernet_ws/install/udp_driver/lib'
[3.131s] Level 1:colcon.colcon_core.shell:create_environment_hook('udp_driver', 'ld_library_path_lib')
[3.145s] INFO:colcon.colcon_core.shell:Creating environment hook '/home/shen/learn/ROS2/ethernet_ws/install/udp_driver/share/udp_driver/hook/ld_library_path_lib.ps1'
[3.145s] INFO:colcon.colcon_core.shell:Creating environment descriptor '/home/shen/learn/ROS2/ethernet_ws/install/udp_driver/share/udp_driver/hook/ld_library_path_lib.dsv'
[3.146s] INFO:colcon.colcon_core.shell:Creating environment hook '/home/shen/learn/ROS2/ethernet_ws/install/udp_driver/share/udp_driver/hook/ld_library_path_lib.sh'
[3.146s] Level 1:colcon.colcon_core.environment:checking '/home/shen/learn/ROS2/ethernet_ws/install/udp_driver/bin'
[3.146s] Level 1:colcon.colcon_core.environment:checking '/home/shen/learn/ROS2/ethernet_ws/install/udp_driver/lib/pkgconfig/udp_driver.pc'
[3.146s] Level 1:colcon.colcon_core.environment:checking '/home/shen/learn/ROS2/ethernet_ws/install/udp_driver/lib/python3.10/site-packages'
[3.146s] Level 1:colcon.colcon_core.environment:checking '/home/shen/learn/ROS2/ethernet_ws/install/udp_driver/bin'
[3.159s] INFO:colcon.colcon_core.shell:Creating package script '/home/shen/learn/ROS2/ethernet_ws/install/udp_driver/share/udp_driver/package.ps1'
[3.159s] INFO:colcon.colcon_core.shell:Creating package descriptor '/home/shen/learn/ROS2/ethernet_ws/install/udp_driver/share/udp_driver/package.dsv'
[3.159s] INFO:colcon.colcon_core.shell:Creating package script '/home/shen/learn/ROS2/ethernet_ws/install/udp_driver/share/udp_driver/package.sh'
[3.160s] INFO:colcon.colcon_core.shell:Creating package script '/home/shen/learn/ROS2/ethernet_ws/install/udp_driver/share/udp_driver/package.bash'
[3.160s] INFO:colcon.colcon_core.shell:Creating package script '/home/shen/learn/ROS2/ethernet_ws/install/udp_driver/share/udp_driver/package.zsh'
[3.161s] Level 1:colcon.colcon_core.environment:create_file_with_runtime_dependencies(/home/shen/learn/ROS2/ethernet_ws/install/udp_driver/share/colcon-core/packages/udp_driver)
[3.171s] DEBUG:colcon.colcon_parallel_executor.executor.parallel:closing loop
[3.171s] DEBUG:colcon.colcon_parallel_executor.executor.parallel:loop closed
[3.171s] DEBUG:colcon.colcon_parallel_executor.executor.parallel:run_until_complete finished with '2'
[3.171s] DEBUG:colcon.colcon_core.event_reactor:joining thread
[3.188s] INFO:colcon.colcon_core.plugin_system:Skipping extension 'colcon_notification.desktop_notification.terminal_notifier': Not used on non-Darwin systems
[3.188s] INFO:colcon.colcon_core.plugin_system:Skipping extension 'colcon_notification.desktop_notification.win32': Not used on non-Windows systems
[3.188s] INFO:colcon.colcon_notification.desktop_notification:Sending desktop notification using 'notify2'
[3.202s] DEBUG:colcon.colcon_core.event_reactor:joined thread
[3.228s] INFO:colcon.colcon_core.shell:Creating prefix script '/home/shen/learn/ROS2/ethernet_ws/install/local_setup.ps1'
[3.229s] INFO:colcon.colcon_core.shell:Creating prefix util module '/home/shen/learn/ROS2/ethernet_ws/install/_local_setup_util_ps1.py'
[3.231s] INFO:colcon.colcon_core.shell:Creating prefix chain script '/home/shen/learn/ROS2/ethernet_ws/install/setup.ps1'
[3.244s] INFO:colcon.colcon_core.shell:Creating prefix script '/home/shen/learn/ROS2/ethernet_ws/install/local_setup.sh'
[3.244s] INFO:colcon.colcon_core.shell:Creating prefix util module '/home/shen/learn/ROS2/ethernet_ws/install/_local_setup_util_sh.py'
[3.245s] INFO:colcon.colcon_core.shell:Creating prefix chain script '/home/shen/learn/ROS2/ethernet_ws/install/setup.sh'
[3.258s] INFO:colcon.colcon_core.shell:Creating prefix script '/home/shen/learn/ROS2/ethernet_ws/install/local_setup.bash'
[3.259s] INFO:colcon.colcon_core.shell:Creating prefix chain script '/home/shen/learn/ROS2/ethernet_ws/install/setup.bash'
[3.272s] INFO:colcon.colcon_core.shell:Creating prefix script '/home/shen/learn/ROS2/ethernet_ws/install/local_setup.zsh'
[3.273s] INFO:colcon.colcon_core.shell:Creating prefix chain script '/home/shen/learn/ROS2/ethernet_ws/install/setup.zsh'
