[0.909s] DEBUG:colcon:Command line arguments: ['/usr/bin/colcon', 'build']
[0.909s] DEBUG:colcon:Parsed command line arguments: Namespace(log_base=None, log_level=None, verb_name='build', build_base='build', install_base='install', merge_install=False, symlink_install=False, test_result_base=None, continue_on_error=False, executor='parallel', parallel_workers=16, event_handlers=None, ignore_user_meta=False, metas=['./colcon.meta'], base_paths=['.'], packages_ignore=None, packages_ignore_regex=None, paths=None, packages_up_to=None, packages_up_to_regex=None, packages_above=None, packages_above_and_dependencies=None, packages_above_depth=None, packages_select_by_dep=None, packages_skip_by_dep=None, packages_skip_up_to=None, packages_select_build_failed=False, packages_skip_build_finished=False, packages_select_test_failures=False, packages_skip_test_passed=False, packages_select=None, packages_skip=None, packages_select_regex=None, packages_skip_regex=None, packages_start=None, packages_end=None, allow_overriding=[], cmake_args=None, cmake_target=None, cmake_target_skip_unavailable=False, cmake_clean_cache=False, cmake_clean_first=False, cmake_force_configure=False, ament_cmake_args=None, catkin_cmake_args=None, catkin_skip_building_tests=False, verb_parser=<colcon_defaults.argument_parser.defaults.DefaultArgumentsDecorator object at 0x7fa77e1b5db0>, verb_extension=<colcon_core.verb.build.BuildVerb object at 0x7fa77e5dfe80>, main=<bound method BuildVerb.main of <colcon_core.verb.build.BuildVerb object at 0x7fa77e5dfe80>>)
[0.952s] Level 1:colcon.colcon_core.package_discovery:discover_packages(colcon_meta) check parameters
[0.952s] Level 1:colcon.colcon_core.package_discovery:discover_packages(recursive) check parameters
[0.952s] Level 1:colcon.colcon_core.package_discovery:discover_packages(ignore) check parameters
[0.952s] Level 1:colcon.colcon_core.package_discovery:discover_packages(path) check parameters
[0.952s] Level 1:colcon.colcon_core.package_discovery:discover_packages(colcon_meta) discover
[0.952s] Level 1:colcon.colcon_core.package_discovery:discover_packages(recursive) discover
[0.953s] INFO:colcon.colcon_core.package_discovery:Crawling recursively for packages in '/home/shen/learn/ROS2/enet_driver_ws'
[0.953s] Level 1:colcon.colcon_core.package_identification:_identify(.) by extensions ['ignore', 'ignore_ament_install']
[0.953s] Level 1:colcon.colcon_core.package_identification:_identify(.) by extension 'ignore'
[0.953s] Level 1:colcon.colcon_core.package_identification:_identify(.) by extension 'ignore_ament_install'
[0.953s] Level 1:colcon.colcon_core.package_identification:_identify(.) by extensions ['colcon_pkg']
[0.953s] Level 1:colcon.colcon_core.package_identification:_identify(.) by extension 'colcon_pkg'
[0.953s] Level 1:colcon.colcon_core.package_identification:_identify(.) by extensions ['colcon_meta']
[0.953s] Level 1:colcon.colcon_core.package_identification:_identify(.) by extension 'colcon_meta'
[0.953s] Level 1:colcon.colcon_core.package_identification:_identify(.) by extensions ['ros']
[0.953s] Level 1:colcon.colcon_core.package_identification:_identify(.) by extension 'ros'
[0.962s] Level 1:colcon.colcon_core.package_identification:_identify(.) by extensions ['cmake', 'python']
[0.962s] Level 1:colcon.colcon_core.package_identification:_identify(.) by extension 'cmake'
[0.962s] Level 1:colcon.colcon_core.package_identification:_identify(.) by extension 'python'
[0.962s] Level 1:colcon.colcon_core.package_identification:_identify(.) by extensions ['python_setup_py']
[0.962s] Level 1:colcon.colcon_core.package_identification:_identify(.) by extension 'python_setup_py'
[0.962s] Level 1:colcon.colcon_core.package_identification:_identify(build) by extensions ['ignore', 'ignore_ament_install']
[0.962s] Level 1:colcon.colcon_core.package_identification:_identify(build) by extension 'ignore'
[0.963s] Level 1:colcon.colcon_core.package_identification:_identify(build) ignored
[0.963s] Level 1:colcon.colcon_core.package_identification:_identify(install) by extensions ['ignore', 'ignore_ament_install']
[0.963s] Level 1:colcon.colcon_core.package_identification:_identify(install) by extension 'ignore'
[0.963s] Level 1:colcon.colcon_core.package_identification:_identify(install) ignored
[0.963s] Level 1:colcon.colcon_core.package_identification:_identify(log) by extensions ['ignore', 'ignore_ament_install']
[0.963s] Level 1:colcon.colcon_core.package_identification:_identify(log) by extension 'ignore'
[0.963s] Level 1:colcon.colcon_core.package_identification:_identify(log) ignored
[0.963s] Level 1:colcon.colcon_core.package_identification:_identify(src) by extensions ['ignore', 'ignore_ament_install']
[0.963s] Level 1:colcon.colcon_core.package_identification:_identify(src) by extension 'ignore'
[0.963s] Level 1:colcon.colcon_core.package_identification:_identify(src) by extension 'ignore_ament_install'
[0.963s] Level 1:colcon.colcon_core.package_identification:_identify(src) by extensions ['colcon_pkg']
[0.963s] Level 1:colcon.colcon_core.package_identification:_identify(src) by extension 'colcon_pkg'
[0.963s] Level 1:colcon.colcon_core.package_identification:_identify(src) by extensions ['colcon_meta']
[0.963s] Level 1:colcon.colcon_core.package_identification:_identify(src) by extension 'colcon_meta'
[0.963s] Level 1:colcon.colcon_core.package_identification:_identify(src) by extensions ['ros']
[0.963s] Level 1:colcon.colcon_core.package_identification:_identify(src) by extension 'ros'
[0.963s] Level 1:colcon.colcon_core.package_identification:_identify(src) by extensions ['cmake', 'python']
[0.963s] Level 1:colcon.colcon_core.package_identification:_identify(src) by extension 'cmake'
[0.963s] Level 1:colcon.colcon_core.package_identification:_identify(src) by extension 'python'
[0.963s] Level 1:colcon.colcon_core.package_identification:_identify(src) by extensions ['python_setup_py']
[0.964s] Level 1:colcon.colcon_core.package_identification:_identify(src) by extension 'python_setup_py'
[0.964s] Level 1:colcon.colcon_core.package_identification:_identify(src/enet_receiver_node) by extensions ['ignore', 'ignore_ament_install']
[0.964s] Level 1:colcon.colcon_core.package_identification:_identify(src/enet_receiver_node) by extension 'ignore'
[0.964s] Level 1:colcon.colcon_core.package_identification:_identify(src/enet_receiver_node) by extension 'ignore_ament_install'
[0.964s] Level 1:colcon.colcon_core.package_identification:_identify(src/enet_receiver_node) by extensions ['colcon_pkg']
[0.964s] Level 1:colcon.colcon_core.package_identification:_identify(src/enet_receiver_node) by extension 'colcon_pkg'
[0.964s] Level 1:colcon.colcon_core.package_identification:_identify(src/enet_receiver_node) by extensions ['colcon_meta']
[0.964s] Level 1:colcon.colcon_core.package_identification:_identify(src/enet_receiver_node) by extension 'colcon_meta'
[0.964s] Level 1:colcon.colcon_core.package_identification:_identify(src/enet_receiver_node) by extensions ['ros']
[0.964s] Level 1:colcon.colcon_core.package_identification:_identify(src/enet_receiver_node) by extension 'ros'
[0.966s] DEBUG:colcon.colcon_core.package_identification:Package 'src/enet_receiver_node' with type 'ros.ament_cmake' and name 'enet_receiver_node'
[0.966s] Level 1:colcon.colcon_core.package_identification:_identify(src/enet_sender_node) by extensions ['ignore', 'ignore_ament_install']
[0.966s] Level 1:colcon.colcon_core.package_identification:_identify(src/enet_sender_node) by extension 'ignore'
[0.966s] Level 1:colcon.colcon_core.package_identification:_identify(src/enet_sender_node) by extension 'ignore_ament_install'
[0.966s] Level 1:colcon.colcon_core.package_identification:_identify(src/enet_sender_node) by extensions ['colcon_pkg']
[0.966s] Level 1:colcon.colcon_core.package_identification:_identify(src/enet_sender_node) by extension 'colcon_pkg'
[0.966s] Level 1:colcon.colcon_core.package_identification:_identify(src/enet_sender_node) by extensions ['colcon_meta']
[0.966s] Level 1:colcon.colcon_core.package_identification:_identify(src/enet_sender_node) by extension 'colcon_meta'
[0.966s] Level 1:colcon.colcon_core.package_identification:_identify(src/enet_sender_node) by extensions ['ros']
[0.966s] Level 1:colcon.colcon_core.package_identification:_identify(src/enet_sender_node) by extension 'ros'
[0.967s] DEBUG:colcon.colcon_core.package_identification:Package 'src/enet_sender_node' with type 'ros.ament_cmake' and name 'enet_sender_node'
[0.967s] Level 1:colcon.colcon_core.package_discovery:discover_packages(recursive) using defaults
[0.967s] Level 1:colcon.colcon_core.package_discovery:discover_packages(ignore) discover
[0.967s] Level 1:colcon.colcon_core.package_discovery:discover_packages(ignore) using defaults
[0.967s] Level 1:colcon.colcon_core.package_discovery:discover_packages(path) discover
[0.967s] Level 1:colcon.colcon_core.package_discovery:discover_packages(path) using defaults
[1.051s] Level 1:colcon.colcon_core.package_discovery:discover_packages(prefix_path) check parameters
[1.051s] Level 1:colcon.colcon_core.package_discovery:discover_packages(prefix_path) discover
[1.078s] DEBUG:colcon.colcon_installed_package_information.package_discovery:Found 2 installed packages in /home/shen/learn/ROS2/enet_driver_ws/install
[1.093s] DEBUG:colcon.colcon_installed_package_information.package_discovery:Found 349 installed packages in /opt/ros/humble
[1.095s] Level 1:colcon.colcon_core.package_discovery:discover_packages(prefix_path) using defaults
[1.194s] Level 5:colcon.colcon_core.verb:set package 'enet_receiver_node' build argument 'cmake_args' from command line to 'None'
[1.194s] Level 5:colcon.colcon_core.verb:set package 'enet_receiver_node' build argument 'cmake_target' from command line to 'None'
[1.194s] Level 5:colcon.colcon_core.verb:set package 'enet_receiver_node' build argument 'cmake_target_skip_unavailable' from command line to 'False'
[1.194s] Level 5:colcon.colcon_core.verb:set package 'enet_receiver_node' build argument 'cmake_clean_cache' from command line to 'False'
[1.194s] Level 5:colcon.colcon_core.verb:set package 'enet_receiver_node' build argument 'cmake_clean_first' from command line to 'False'
[1.194s] Level 5:colcon.colcon_core.verb:set package 'enet_receiver_node' build argument 'cmake_force_configure' from command line to 'False'
[1.195s] Level 5:colcon.colcon_core.verb:set package 'enet_receiver_node' build argument 'ament_cmake_args' from command line to 'None'
[1.195s] Level 5:colcon.colcon_core.verb:set package 'enet_receiver_node' build argument 'catkin_cmake_args' from command line to 'None'
[1.195s] Level 5:colcon.colcon_core.verb:set package 'enet_receiver_node' build argument 'catkin_skip_building_tests' from command line to 'False'
[1.195s] DEBUG:colcon.colcon_core.verb:Building package 'enet_receiver_node' with the following arguments: {'ament_cmake_args': None, 'build_base': '/home/shen/learn/ROS2/enet_driver_ws/build/enet_receiver_node', 'catkin_cmake_args': None, 'catkin_skip_building_tests': False, 'cmake_args': None, 'cmake_clean_cache': False, 'cmake_clean_first': False, 'cmake_force_configure': False, 'cmake_target': None, 'cmake_target_skip_unavailable': False, 'install_base': '/home/shen/learn/ROS2/enet_driver_ws/install/enet_receiver_node', 'merge_install': False, 'path': '/home/shen/learn/ROS2/enet_driver_ws/src/enet_receiver_node', 'symlink_install': False, 'test_result_base': None}
[1.208s] Level 5:colcon.colcon_core.verb:set package 'enet_sender_node' build argument 'cmake_args' from command line to 'None'
[1.208s] Level 5:colcon.colcon_core.verb:set package 'enet_sender_node' build argument 'cmake_target' from command line to 'None'
[1.208s] Level 5:colcon.colcon_core.verb:set package 'enet_sender_node' build argument 'cmake_target_skip_unavailable' from command line to 'False'
[1.208s] Level 5:colcon.colcon_core.verb:set package 'enet_sender_node' build argument 'cmake_clean_cache' from command line to 'False'
[1.208s] Level 5:colcon.colcon_core.verb:set package 'enet_sender_node' build argument 'cmake_clean_first' from command line to 'False'
[1.208s] Level 5:colcon.colcon_core.verb:set package 'enet_sender_node' build argument 'cmake_force_configure' from command line to 'False'
[1.208s] Level 5:colcon.colcon_core.verb:set package 'enet_sender_node' build argument 'ament_cmake_args' from command line to 'None'
[1.208s] Level 5:colcon.colcon_core.verb:set package 'enet_sender_node' build argument 'catkin_cmake_args' from command line to 'None'
[1.208s] Level 5:colcon.colcon_core.verb:set package 'enet_sender_node' build argument 'catkin_skip_building_tests' from command line to 'False'
[1.208s] DEBUG:colcon.colcon_core.verb:Building package 'enet_sender_node' with the following arguments: {'ament_cmake_args': None, 'build_base': '/home/shen/learn/ROS2/enet_driver_ws/build/enet_sender_node', 'catkin_cmake_args': None, 'catkin_skip_building_tests': False, 'cmake_args': None, 'cmake_clean_cache': False, 'cmake_clean_first': False, 'cmake_force_configure': False, 'cmake_target': None, 'cmake_target_skip_unavailable': False, 'install_base': '/home/shen/learn/ROS2/enet_driver_ws/install/enet_sender_node', 'merge_install': False, 'path': '/home/shen/learn/ROS2/enet_driver_ws/src/enet_sender_node', 'symlink_install': False, 'test_result_base': None}
[1.222s] INFO:colcon.colcon_core.executor:Executing jobs using 'parallel' executor
[1.236s] DEBUG:colcon.colcon_parallel_executor.executor.parallel:run_until_complete
[1.236s] INFO:colcon.colcon_ros.task.ament_cmake.build:Building ROS package in '/home/shen/learn/ROS2/enet_driver_ws/src/enet_receiver_node' with build type 'ament_cmake'
[1.236s] INFO:colcon.colcon_cmake.task.cmake.build:Building CMake package in '/home/shen/learn/ROS2/enet_driver_ws/src/enet_receiver_node'
[1.252s] INFO:colcon.colcon_core.plugin_system:Skipping extension 'colcon_core.shell.bat': Not used on non-Windows systems
[1.252s] INFO:colcon.colcon_core.shell:Skip shell extension 'powershell' for command environment: Not usable outside of PowerShell
[1.253s] DEBUG:colcon.colcon_core.shell:Skip shell extension 'dsv' for command environment
[1.300s] INFO:colcon.colcon_ros.task.ament_cmake.build:Building ROS package in '/home/shen/learn/ROS2/enet_driver_ws/src/enet_sender_node' with build type 'ament_cmake'
[1.300s] INFO:colcon.colcon_cmake.task.cmake.build:Building CMake package in '/home/shen/learn/ROS2/enet_driver_ws/src/enet_sender_node'
[1.316s] INFO:colcon.colcon_core.shell:Skip shell extension 'powershell' for command environment: Not usable outside of PowerShell
[1.316s] DEBUG:colcon.colcon_core.shell:Skip shell extension 'dsv' for command environment
[1.376s] DEBUG:colcon.colcon_core.event_handler.log_command:Invoking command in '/home/shen/learn/ROS2/enet_driver_ws/build/enet_receiver_node': CMAKE_PREFIX_PATH=${CMAKE_PREFIX_PATH}:/opt/ros/humble /usr/bin/cmake --build /home/shen/learn/ROS2/enet_driver_ws/build/enet_receiver_node -- -j16 -l16
[1.381s] DEBUG:colcon.colcon_core.event_handler.log_command:Invoking command in '/home/shen/learn/ROS2/enet_driver_ws/build/enet_sender_node': CMAKE_PREFIX_PATH=${CMAKE_PREFIX_PATH}:/opt/ros/humble /usr/bin/cmake --build /home/shen/learn/ROS2/enet_driver_ws/build/enet_sender_node -- -j16 -l16
[1.502s] DEBUG:colcon.colcon_core.event_handler.log_command:Invoked command in '/home/shen/learn/ROS2/enet_driver_ws/build/enet_receiver_node' returned '0': CMAKE_PREFIX_PATH=${CMAKE_PREFIX_PATH}:/opt/ros/humble /usr/bin/cmake --build /home/shen/learn/ROS2/enet_driver_ws/build/enet_receiver_node -- -j16 -l16
[1.562s] DEBUG:colcon.colcon_core.event_handler.log_command:Invoking command in '/home/shen/learn/ROS2/enet_driver_ws/build/enet_receiver_node': CMAKE_PREFIX_PATH=${CMAKE_PREFIX_PATH}:/opt/ros/humble /usr/bin/cmake --install /home/shen/learn/ROS2/enet_driver_ws/build/enet_receiver_node
[1.574s] Level 1:colcon.colcon_core.environment:create_environment_scripts_only(enet_receiver_node)
[1.574s] DEBUG:colcon.colcon_core.event_handler.log_command:Invoked command in '/home/shen/learn/ROS2/enet_driver_ws/build/enet_receiver_node' returned '0': CMAKE_PREFIX_PATH=${CMAKE_PREFIX_PATH}:/opt/ros/humble /usr/bin/cmake --install /home/shen/learn/ROS2/enet_driver_ws/build/enet_receiver_node
[1.591s] Level 1:colcon.colcon_core.environment:checking '/home/shen/learn/ROS2/enet_driver_ws/install/enet_receiver_node' for CMake module files
[1.592s] Level 1:colcon.colcon_core.environment:checking '/home/shen/learn/ROS2/enet_driver_ws/install/enet_receiver_node' for CMake config files
[1.592s] Level 1:colcon.colcon_core.shell:create_environment_hook('enet_receiver_node', 'cmake_prefix_path')
[1.606s] INFO:colcon.colcon_core.shell:Creating environment hook '/home/shen/learn/ROS2/enet_driver_ws/install/enet_receiver_node/share/enet_receiver_node/hook/cmake_prefix_path.ps1'
[1.607s] INFO:colcon.colcon_core.shell:Creating environment descriptor '/home/shen/learn/ROS2/enet_driver_ws/install/enet_receiver_node/share/enet_receiver_node/hook/cmake_prefix_path.dsv'
[1.607s] INFO:colcon.colcon_core.shell:Creating environment hook '/home/shen/learn/ROS2/enet_driver_ws/install/enet_receiver_node/share/enet_receiver_node/hook/cmake_prefix_path.sh'
[1.608s] Level 1:colcon.colcon_core.environment:checking '/home/shen/learn/ROS2/enet_driver_ws/install/enet_receiver_node/lib'
[1.608s] Level 1:colcon.colcon_core.environment:checking '/home/shen/learn/ROS2/enet_driver_ws/install/enet_receiver_node/bin'
[1.608s] Level 1:colcon.colcon_core.environment:checking '/home/shen/learn/ROS2/enet_driver_ws/install/enet_receiver_node/lib/pkgconfig/enet_receiver_node.pc'
[1.608s] Level 1:colcon.colcon_core.environment:checking '/home/shen/learn/ROS2/enet_driver_ws/install/enet_receiver_node/lib/python3.10/site-packages'
[1.609s] Level 1:colcon.colcon_core.environment:checking '/home/shen/learn/ROS2/enet_driver_ws/install/enet_receiver_node/bin'
[1.623s] INFO:colcon.colcon_core.shell:Creating package script '/home/shen/learn/ROS2/enet_driver_ws/install/enet_receiver_node/share/enet_receiver_node/package.ps1'
[1.624s] INFO:colcon.colcon_core.shell:Creating package descriptor '/home/shen/learn/ROS2/enet_driver_ws/install/enet_receiver_node/share/enet_receiver_node/package.dsv'
[1.624s] INFO:colcon.colcon_core.shell:Creating package script '/home/shen/learn/ROS2/enet_driver_ws/install/enet_receiver_node/share/enet_receiver_node/package.sh'
[1.625s] INFO:colcon.colcon_core.shell:Creating package script '/home/shen/learn/ROS2/enet_driver_ws/install/enet_receiver_node/share/enet_receiver_node/package.bash'
[1.626s] INFO:colcon.colcon_core.shell:Creating package script '/home/shen/learn/ROS2/enet_driver_ws/install/enet_receiver_node/share/enet_receiver_node/package.zsh'
[1.626s] Level 1:colcon.colcon_core.environment:create_file_with_runtime_dependencies(/home/shen/learn/ROS2/enet_driver_ws/install/enet_receiver_node/share/colcon-core/packages/enet_receiver_node)
[1.673s] Level 1:colcon.colcon_core.environment:create_environment_scripts_only(enet_receiver_node)
[1.687s] Level 1:colcon.colcon_core.environment:checking '/home/shen/learn/ROS2/enet_driver_ws/install/enet_receiver_node' for CMake module files
[1.687s] Level 1:colcon.colcon_core.environment:checking '/home/shen/learn/ROS2/enet_driver_ws/install/enet_receiver_node' for CMake config files
[1.687s] Level 1:colcon.colcon_core.shell:create_environment_hook('enet_receiver_node', 'cmake_prefix_path')
[1.701s] INFO:colcon.colcon_core.shell:Creating environment hook '/home/shen/learn/ROS2/enet_driver_ws/install/enet_receiver_node/share/enet_receiver_node/hook/cmake_prefix_path.ps1'
[1.702s] INFO:colcon.colcon_core.shell:Creating environment descriptor '/home/shen/learn/ROS2/enet_driver_ws/install/enet_receiver_node/share/enet_receiver_node/hook/cmake_prefix_path.dsv'
[1.702s] INFO:colcon.colcon_core.shell:Creating environment hook '/home/shen/learn/ROS2/enet_driver_ws/install/enet_receiver_node/share/enet_receiver_node/hook/cmake_prefix_path.sh'
[1.703s] Level 1:colcon.colcon_core.environment:checking '/home/shen/learn/ROS2/enet_driver_ws/install/enet_receiver_node/lib'
[1.703s] Level 1:colcon.colcon_core.environment:checking '/home/shen/learn/ROS2/enet_driver_ws/install/enet_receiver_node/bin'
[1.703s] Level 1:colcon.colcon_core.environment:checking '/home/shen/learn/ROS2/enet_driver_ws/install/enet_receiver_node/lib/pkgconfig/enet_receiver_node.pc'
[1.703s] Level 1:colcon.colcon_core.environment:checking '/home/shen/learn/ROS2/enet_driver_ws/install/enet_receiver_node/lib/python3.10/site-packages'
[1.703s] Level 1:colcon.colcon_core.environment:checking '/home/shen/learn/ROS2/enet_driver_ws/install/enet_receiver_node/bin'
[1.717s] INFO:colcon.colcon_core.shell:Creating package script '/home/shen/learn/ROS2/enet_driver_ws/install/enet_receiver_node/share/enet_receiver_node/package.ps1'
[1.718s] INFO:colcon.colcon_core.shell:Creating package descriptor '/home/shen/learn/ROS2/enet_driver_ws/install/enet_receiver_node/share/enet_receiver_node/package.dsv'
[1.719s] INFO:colcon.colcon_core.shell:Creating package script '/home/shen/learn/ROS2/enet_driver_ws/install/enet_receiver_node/share/enet_receiver_node/package.sh'
[1.719s] INFO:colcon.colcon_core.shell:Creating package script '/home/shen/learn/ROS2/enet_driver_ws/install/enet_receiver_node/share/enet_receiver_node/package.bash'
[1.720s] INFO:colcon.colcon_core.shell:Creating package script '/home/shen/learn/ROS2/enet_driver_ws/install/enet_receiver_node/share/enet_receiver_node/package.zsh'
[1.720s] Level 1:colcon.colcon_core.environment:create_file_with_runtime_dependencies(/home/shen/learn/ROS2/enet_driver_ws/install/enet_receiver_node/share/colcon-core/packages/enet_receiver_node)
[9.247s] DEBUG:colcon.colcon_core.event_handler.log_command:Invoked command in '/home/shen/learn/ROS2/enet_driver_ws/build/enet_sender_node' returned '0': CMAKE_PREFIX_PATH=${CMAKE_PREFIX_PATH}:/opt/ros/humble /usr/bin/cmake --build /home/shen/learn/ROS2/enet_driver_ws/build/enet_sender_node -- -j16 -l16
[9.294s] DEBUG:colcon.colcon_core.event_handler.log_command:Invoking command in '/home/shen/learn/ROS2/enet_driver_ws/build/enet_sender_node': CMAKE_PREFIX_PATH=${CMAKE_PREFIX_PATH}:/opt/ros/humble /usr/bin/cmake --install /home/shen/learn/ROS2/enet_driver_ws/build/enet_sender_node
[9.318s] Level 1:colcon.colcon_core.environment:create_environment_scripts_only(enet_sender_node)
[9.319s] DEBUG:colcon.colcon_core.event_handler.log_command:Invoked command in '/home/shen/learn/ROS2/enet_driver_ws/build/enet_sender_node' returned '0': CMAKE_PREFIX_PATH=${CMAKE_PREFIX_PATH}:/opt/ros/humble /usr/bin/cmake --install /home/shen/learn/ROS2/enet_driver_ws/build/enet_sender_node
[9.358s] Level 1:colcon.colcon_core.environment:checking '/home/shen/learn/ROS2/enet_driver_ws/install/enet_sender_node' for CMake module files
[9.359s] Level 1:colcon.colcon_core.environment:checking '/home/shen/learn/ROS2/enet_driver_ws/install/enet_sender_node' for CMake config files
[9.360s] Level 1:colcon.colcon_core.shell:create_environment_hook('enet_sender_node', 'cmake_prefix_path')
[9.399s] INFO:colcon.colcon_core.shell:Creating environment hook '/home/shen/learn/ROS2/enet_driver_ws/install/enet_sender_node/share/enet_sender_node/hook/cmake_prefix_path.ps1'
[9.400s] INFO:colcon.colcon_core.shell:Creating environment descriptor '/home/shen/learn/ROS2/enet_driver_ws/install/enet_sender_node/share/enet_sender_node/hook/cmake_prefix_path.dsv'
[9.401s] INFO:colcon.colcon_core.shell:Creating environment hook '/home/shen/learn/ROS2/enet_driver_ws/install/enet_sender_node/share/enet_sender_node/hook/cmake_prefix_path.sh'
[9.402s] Level 1:colcon.colcon_core.environment:checking '/home/shen/learn/ROS2/enet_driver_ws/install/enet_sender_node/lib'
[9.402s] Level 1:colcon.colcon_core.environment:checking '/home/shen/learn/ROS2/enet_driver_ws/install/enet_sender_node/bin'
[9.402s] Level 1:colcon.colcon_core.environment:checking '/home/shen/learn/ROS2/enet_driver_ws/install/enet_sender_node/lib/pkgconfig/enet_sender_node.pc'
[9.402s] Level 1:colcon.colcon_core.environment:checking '/home/shen/learn/ROS2/enet_driver_ws/install/enet_sender_node/lib/python3.10/site-packages'
[9.403s] Level 1:colcon.colcon_core.environment:checking '/home/shen/learn/ROS2/enet_driver_ws/install/enet_sender_node/bin'
[9.416s] INFO:colcon.colcon_core.shell:Creating package script '/home/shen/learn/ROS2/enet_driver_ws/install/enet_sender_node/share/enet_sender_node/package.ps1'
[9.416s] INFO:colcon.colcon_core.shell:Creating package descriptor '/home/shen/learn/ROS2/enet_driver_ws/install/enet_sender_node/share/enet_sender_node/package.dsv'
[9.417s] INFO:colcon.colcon_core.shell:Creating package script '/home/shen/learn/ROS2/enet_driver_ws/install/enet_sender_node/share/enet_sender_node/package.sh'
[9.417s] INFO:colcon.colcon_core.shell:Creating package script '/home/shen/learn/ROS2/enet_driver_ws/install/enet_sender_node/share/enet_sender_node/package.bash'
[9.417s] INFO:colcon.colcon_core.shell:Creating package script '/home/shen/learn/ROS2/enet_driver_ws/install/enet_sender_node/share/enet_sender_node/package.zsh'
[9.418s] Level 1:colcon.colcon_core.environment:create_file_with_runtime_dependencies(/home/shen/learn/ROS2/enet_driver_ws/install/enet_sender_node/share/colcon-core/packages/enet_sender_node)
[9.508s] Level 1:colcon.colcon_core.environment:create_environment_scripts_only(enet_sender_node)
[9.539s] Level 1:colcon.colcon_core.environment:checking '/home/shen/learn/ROS2/enet_driver_ws/install/enet_sender_node' for CMake module files
[9.540s] Level 1:colcon.colcon_core.environment:checking '/home/shen/learn/ROS2/enet_driver_ws/install/enet_sender_node' for CMake config files
[9.540s] Level 1:colcon.colcon_core.shell:create_environment_hook('enet_sender_node', 'cmake_prefix_path')
[9.554s] INFO:colcon.colcon_core.shell:Creating environment hook '/home/shen/learn/ROS2/enet_driver_ws/install/enet_sender_node/share/enet_sender_node/hook/cmake_prefix_path.ps1'
[9.555s] INFO:colcon.colcon_core.shell:Creating environment descriptor '/home/shen/learn/ROS2/enet_driver_ws/install/enet_sender_node/share/enet_sender_node/hook/cmake_prefix_path.dsv'
[9.555s] INFO:colcon.colcon_core.shell:Creating environment hook '/home/shen/learn/ROS2/enet_driver_ws/install/enet_sender_node/share/enet_sender_node/hook/cmake_prefix_path.sh'
[9.555s] Level 1:colcon.colcon_core.environment:checking '/home/shen/learn/ROS2/enet_driver_ws/install/enet_sender_node/lib'
[9.555s] Level 1:colcon.colcon_core.environment:checking '/home/shen/learn/ROS2/enet_driver_ws/install/enet_sender_node/bin'
[9.556s] Level 1:colcon.colcon_core.environment:checking '/home/shen/learn/ROS2/enet_driver_ws/install/enet_sender_node/lib/pkgconfig/enet_sender_node.pc'
[9.556s] Level 1:colcon.colcon_core.environment:checking '/home/shen/learn/ROS2/enet_driver_ws/install/enet_sender_node/lib/python3.10/site-packages'
[9.556s] Level 1:colcon.colcon_core.environment:checking '/home/shen/learn/ROS2/enet_driver_ws/install/enet_sender_node/bin'
[9.570s] INFO:colcon.colcon_core.shell:Creating package script '/home/shen/learn/ROS2/enet_driver_ws/install/enet_sender_node/share/enet_sender_node/package.ps1'
[9.571s] INFO:colcon.colcon_core.shell:Creating package descriptor '/home/shen/learn/ROS2/enet_driver_ws/install/enet_sender_node/share/enet_sender_node/package.dsv'
[9.572s] INFO:colcon.colcon_core.shell:Creating package script '/home/shen/learn/ROS2/enet_driver_ws/install/enet_sender_node/share/enet_sender_node/package.sh'
[9.572s] INFO:colcon.colcon_core.shell:Creating package script '/home/shen/learn/ROS2/enet_driver_ws/install/enet_sender_node/share/enet_sender_node/package.bash'
[9.573s] INFO:colcon.colcon_core.shell:Creating package script '/home/shen/learn/ROS2/enet_driver_ws/install/enet_sender_node/share/enet_sender_node/package.zsh'
[9.573s] Level 1:colcon.colcon_core.environment:create_file_with_runtime_dependencies(/home/shen/learn/ROS2/enet_driver_ws/install/enet_sender_node/share/colcon-core/packages/enet_sender_node)
[9.573s] DEBUG:colcon.colcon_parallel_executor.executor.parallel:closing loop
[9.573s] DEBUG:colcon.colcon_parallel_executor.executor.parallel:loop closed
[9.573s] DEBUG:colcon.colcon_parallel_executor.executor.parallel:run_until_complete finished with '0'
[9.574s] DEBUG:colcon.colcon_core.event_reactor:joining thread
[9.613s] INFO:colcon.colcon_core.plugin_system:Skipping extension 'colcon_notification.desktop_notification.terminal_notifier': Not used on non-Darwin systems
[9.614s] INFO:colcon.colcon_core.plugin_system:Skipping extension 'colcon_notification.desktop_notification.win32': Not used on non-Windows systems
[9.614s] INFO:colcon.colcon_notification.desktop_notification:Sending desktop notification using 'notify2'
[9.638s] DEBUG:colcon.colcon_core.event_reactor:joined thread
[9.654s] INFO:colcon.colcon_core.shell:Creating prefix script '/home/shen/learn/ROS2/enet_driver_ws/install/local_setup.ps1'
[9.655s] INFO:colcon.colcon_core.shell:Creating prefix util module '/home/shen/learn/ROS2/enet_driver_ws/install/_local_setup_util_ps1.py'
[9.657s] INFO:colcon.colcon_core.shell:Creating prefix chain script '/home/shen/learn/ROS2/enet_driver_ws/install/setup.ps1'
[9.671s] INFO:colcon.colcon_core.shell:Creating prefix script '/home/shen/learn/ROS2/enet_driver_ws/install/local_setup.sh'
[9.672s] INFO:colcon.colcon_core.shell:Creating prefix util module '/home/shen/learn/ROS2/enet_driver_ws/install/_local_setup_util_sh.py'
[9.673s] INFO:colcon.colcon_core.shell:Creating prefix chain script '/home/shen/learn/ROS2/enet_driver_ws/install/setup.sh'
[9.688s] INFO:colcon.colcon_core.shell:Creating prefix script '/home/shen/learn/ROS2/enet_driver_ws/install/local_setup.bash'
[9.688s] INFO:colcon.colcon_core.shell:Creating prefix chain script '/home/shen/learn/ROS2/enet_driver_ws/install/setup.bash'
[9.704s] INFO:colcon.colcon_core.shell:Creating prefix script '/home/shen/learn/ROS2/enet_driver_ws/install/local_setup.zsh'
[9.705s] INFO:colcon.colcon_core.shell:Creating prefix chain script '/home/shen/learn/ROS2/enet_driver_ws/install/setup.zsh'
