-- The C compiler identification is GNU 11.4.0
-- The CXX compiler identification is GNU 11.4.0
-- Detecting C compiler ABI info
-- Detecting C compiler ABI info - done
-- Check for working C compiler: /usr/bin/cc - skipped
-- Detecting C compile features
-- Detecting C compile features - done
-- Detecting CXX compiler ABI info
-- Detecting CXX compiler ABI info - done
-- Check for working CXX compiler: /usr/bin/c++ - skipped
-- Detecting CXX compile features
-- Detecting CXX compile features - done
-- Found ament_cmake: 1.3.6 (/opt/ros/humble/share/ament_cmake/cmake)
-- Found Python3: /usr/bin/python3.10 (found version "3.10.12") found components: Interpreter 
-- Found rclcpp: 16.0.7 (/opt/ros/humble/share/rclcpp/cmake)
-- Found rosidl_generator_c: 3.1.5 (/opt/ros/humble/share/rosidl_generator_c/cmake)
-- Found rosidl_adapter: 3.1.5 (/opt/ros/humble/share/rosidl_adapter/cmake)
-- Found rosidl_generator_cpp: 3.1.5 (/opt/ros/humble/share/rosidl_generator_cpp/cmake)
-- Using all available rosidl_typesupport_c: rosidl_typesupport_fastrtps_c;rosidl_typesupport_introspection_c
-- Using all available rosidl_typesupport_cpp: rosidl_typesupport_fastrtps_cpp;rosidl_typesupport_introspection_cpp
-- Found rmw_implementation_cmake: 6.1.1 (/opt/ros/humble/share/rmw_implementation_cmake/cmake)
-- Found rmw_fastrtps_cpp: 6.2.5 (/opt/ros/humble/share/rmw_fastrtps_cpp/cmake)
-- Found OpenSSL: /usr/lib/x86_64-linux-gnu/libcrypto.so (found version "3.0.2")  
-- Found FastRTPS: /opt/ros/humble/include  
-- Using RMW implementation 'rmw_fastrtps_cpp' as default
-- Looking for pthread.h
-- Looking for pthread.h - found
-- Performing Test CMAKE_HAVE_LIBC_PTHREAD
-- Performing Test CMAKE_HAVE_LIBC_PTHREAD - Success
-- Found Threads: TRUE  
-- Found udp_msgs: 0.0.3 (/opt/ros/humble/share/udp_msgs/cmake)
-- Found asio_cmake_module: 1.2.0 (/opt/ros/humble/share/asio_cmake_module/cmake)
-- Found ament_lint_auto: 0.12.9 (/opt/ros/humble/share/ament_lint_auto/cmake)
-- Added test 'cppcheck' to perform static code analysis on C / C++ code
-- Configured cppcheck include dirs: 
-- Configured cppcheck exclude dirs and/or files: 
-- Added test 'flake8' to check Python code syntax and style conventions
-- Added test 'lint_cmake' to check CMake code style
-- Added test 'pep257' to check Python code against some of the docstring style conventions in PEP 257
-- Added test 'uncrustify' to check C / C++ code style
-- Configured uncrustify additional arguments: 
-- Added test 'xmllint' to check XML markup files
-- Configuring done
-- Generating done
-- Build files have been written to: /home/shen/learn/ROS2/ethernet_ws/build/my_ethernet_utils
[ 50%] [32mBuilding CXX object CMakeFiles/udp_publisher.dir/src/udp_publisher.cpp.o[0m
[100%] [32m[1mLinking CXX executable udp_publisher[0m
[100%] Built target udp_publisher
-- Install configuration: ""
-- Installing: /home/shen/learn/ROS2/ethernet_ws/install/my_ethernet_utils/lib/my_ethernet_utils/udp_publisher
-- Set runtime path of "/home/shen/learn/ROS2/ethernet_ws/install/my_ethernet_utils/lib/my_ethernet_utils/udp_publisher" to ""
-- Installing: /home/shen/learn/ROS2/ethernet_ws/install/my_ethernet_utils/share/my_ethernet_utils/launch
-- Installing: /home/shen/learn/ROS2/ethernet_ws/install/my_ethernet_utils/share/my_ethernet_utils/launch/publisher.launch.py
-- Installing: /home/shen/learn/ROS2/ethernet_ws/install/my_ethernet_utils/share/my_ethernet_utils/config
-- Installing: /home/shen/learn/ROS2/ethernet_ws/install/my_ethernet_utils/share/my_ethernet_utils/config/config.yaml
-- Installing: /home/shen/learn/ROS2/ethernet_ws/install/my_ethernet_utils/share/ament_index/resource_index/package_run_dependencies/my_ethernet_utils
-- Installing: /home/shen/learn/ROS2/ethernet_ws/install/my_ethernet_utils/share/ament_index/resource_index/parent_prefix_path/my_ethernet_utils
-- Installing: /home/shen/learn/ROS2/ethernet_ws/install/my_ethernet_utils/share/my_ethernet_utils/environment/ament_prefix_path.sh
-- Installing: /home/shen/learn/ROS2/ethernet_ws/install/my_ethernet_utils/share/my_ethernet_utils/environment/ament_prefix_path.dsv
-- Installing: /home/shen/learn/ROS2/ethernet_ws/install/my_ethernet_utils/share/my_ethernet_utils/environment/path.sh
-- Installing: /home/shen/learn/ROS2/ethernet_ws/install/my_ethernet_utils/share/my_ethernet_utils/environment/path.dsv
-- Installing: /home/shen/learn/ROS2/ethernet_ws/install/my_ethernet_utils/share/my_ethernet_utils/local_setup.bash
-- Installing: /home/shen/learn/ROS2/ethernet_ws/install/my_ethernet_utils/share/my_ethernet_utils/local_setup.sh
-- Installing: /home/shen/learn/ROS2/ethernet_ws/install/my_ethernet_utils/share/my_ethernet_utils/local_setup.zsh
-- Installing: /home/shen/learn/ROS2/ethernet_ws/install/my_ethernet_utils/share/my_ethernet_utils/local_setup.dsv
-- Installing: /home/shen/learn/ROS2/ethernet_ws/install/my_ethernet_utils/share/my_ethernet_utils/package.dsv
-- Installing: /home/shen/learn/ROS2/ethernet_ws/install/my_ethernet_utils/share/ament_index/resource_index/packages/my_ethernet_utils
-- Installing: /home/shen/learn/ROS2/ethernet_ws/install/my_ethernet_utils/share/my_ethernet_utils/cmake/my_ethernet_utilsConfig.cmake
-- Installing: /home/shen/learn/ROS2/ethernet_ws/install/my_ethernet_utils/share/my_ethernet_utils/cmake/my_ethernet_utilsConfig-version.cmake
-- Installing: /home/shen/learn/ROS2/ethernet_ws/install/my_ethernet_utils/share/my_ethernet_utils/package.xml
