[0.063s] Invoking command in '/home/shen/learn/ROS2/ethernet_ws/build/my_ethernet_utils': CMAKE_PREFIX_PATH=${CMAKE_PREFIX_PATH}:/opt/ros/humble /usr/bin/cmake /home/shen/learn/ROS2/ethernet_ws/src/my_ethernet_utils -DCMAKE_INSTALL_PREFIX=/home/shen/learn/ROS2/ethernet_ws/install/my_ethernet_utils
[0.165s] -- The C compiler identification is GNU 11.4.0
[0.266s] -- The CXX compiler identification is GNU 11.4.0
[0.275s] -- Detecting C compiler ABI info
[0.363s] -- Detecting C compiler ABI info - done
[0.369s] -- Check for working C compiler: /usr/bin/cc - skipped
[0.370s] -- Detecting C compile features
[0.370s] -- Detecting C compile features - done
[0.373s] -- Detecting CXX compiler ABI info
[0.460s] -- Detecting CXX compiler ABI info - done
[0.468s] -- Check for working CXX compiler: /usr/bin/c++ - skipped
[0.469s] -- Detecting CXX compile features
[0.469s] -- Detecting CXX compile features - done
[0.480s] -- Found ament_cmake: 1.3.6 (/opt/ros/humble/share/ament_cmake/cmake)
[0.694s] -- Found Python3: /usr/bin/python3.10 (found version "3.10.12") found components: Interpreter 
[0.825s] -- Found rclcpp: 16.0.7 (/opt/ros/humble/share/rclcpp/cmake)
[0.889s] -- Found rosidl_generator_c: 3.1.5 (/opt/ros/humble/share/rosidl_generator_c/cmake)
[0.895s] -- Found rosidl_adapter: 3.1.5 (/opt/ros/humble/share/rosidl_adapter/cmake)
[0.905s] -- Found rosidl_generator_cpp: 3.1.5 (/opt/ros/humble/share/rosidl_generator_cpp/cmake)
[0.924s] -- Using all available rosidl_typesupport_c: rosidl_typesupport_fastrtps_c;rosidl_typesupport_introspection_c
[0.947s] -- Using all available rosidl_typesupport_cpp: rosidl_typesupport_fastrtps_cpp;rosidl_typesupport_introspection_cpp
[1.022s] -- Found rmw_implementation_cmake: 6.1.1 (/opt/ros/humble/share/rmw_implementation_cmake/cmake)
[1.026s] -- Found rmw_fastrtps_cpp: 6.2.5 (/opt/ros/humble/share/rmw_fastrtps_cpp/cmake)
[1.194s] -- Found OpenSSL: /usr/lib/x86_64-linux-gnu/libcrypto.so (found version "3.0.2")  
[1.255s] -- Found FastRTPS: /opt/ros/humble/include  
[1.309s] -- Using RMW implementation 'rmw_fastrtps_cpp' as default
[1.321s] -- Looking for pthread.h
[1.411s] -- Looking for pthread.h - found
[1.411s] -- Performing Test CMAKE_HAVE_LIBC_PTHREAD
[1.492s] -- Performing Test CMAKE_HAVE_LIBC_PTHREAD - Success
[1.493s] -- Found Threads: TRUE  
[1.651s] -- Found udp_msgs: 0.0.3 (/opt/ros/humble/share/udp_msgs/cmake)
[1.692s] -- Found asio_cmake_module: 1.2.0 (/opt/ros/humble/share/asio_cmake_module/cmake)
[1.694s] -- Found ament_lint_auto: 0.12.9 (/opt/ros/humble/share/ament_lint_auto/cmake)
[1.832s] -- Added test 'cppcheck' to perform static code analysis on C / C++ code
[1.832s] -- Configured cppcheck include dirs: 
[1.832s] -- Configured cppcheck exclude dirs and/or files: 
[1.833s] -- Added test 'flake8' to check Python code syntax and style conventions
[1.835s] -- Added test 'lint_cmake' to check CMake code style
[1.837s] -- Added test 'pep257' to check Python code against some of the docstring style conventions in PEP 257
[1.841s] -- Added test 'uncrustify' to check C / C++ code style
[1.841s] -- Configured uncrustify additional arguments: 
[1.842s] -- Added test 'xmllint' to check XML markup files
[1.846s] -- Configuring done
[1.860s] -- Generating done
[1.862s] -- Build files have been written to: /home/shen/learn/ROS2/ethernet_ws/build/my_ethernet_utils
[1.871s] Invoked command in '/home/shen/learn/ROS2/ethernet_ws/build/my_ethernet_utils' returned '0': CMAKE_PREFIX_PATH=${CMAKE_PREFIX_PATH}:/opt/ros/humble /usr/bin/cmake /home/shen/learn/ROS2/ethernet_ws/src/my_ethernet_utils -DCMAKE_INSTALL_PREFIX=/home/shen/learn/ROS2/ethernet_ws/install/my_ethernet_utils
[1.874s] Invoking command in '/home/shen/learn/ROS2/ethernet_ws/build/my_ethernet_utils': CMAKE_PREFIX_PATH=${CMAKE_PREFIX_PATH}:/opt/ros/humble /usr/bin/cmake --build /home/shen/learn/ROS2/ethernet_ws/build/my_ethernet_utils -- -j16 -l16
[1.977s] [ 50%] [32mBuilding CXX object CMakeFiles/udp_publisher.dir/src/udp_publisher.cpp.o[0m
[6.917s] [100%] [32m[1mLinking CXX executable udp_publisher[0m
[7.219s] [100%] Built target udp_publisher
[7.232s] Invoked command in '/home/shen/learn/ROS2/ethernet_ws/build/my_ethernet_utils' returned '0': CMAKE_PREFIX_PATH=${CMAKE_PREFIX_PATH}:/opt/ros/humble /usr/bin/cmake --build /home/shen/learn/ROS2/ethernet_ws/build/my_ethernet_utils -- -j16 -l16
[7.298s] Invoking command in '/home/shen/learn/ROS2/ethernet_ws/build/my_ethernet_utils': CMAKE_PREFIX_PATH=${CMAKE_PREFIX_PATH}:/opt/ros/humble /usr/bin/cmake --install /home/shen/learn/ROS2/ethernet_ws/build/my_ethernet_utils
[7.315s] -- Install configuration: ""
[7.315s] -- Installing: /home/shen/learn/ROS2/ethernet_ws/install/my_ethernet_utils/lib/my_ethernet_utils/udp_publisher
[7.320s] -- Set runtime path of "/home/shen/learn/ROS2/ethernet_ws/install/my_ethernet_utils/lib/my_ethernet_utils/udp_publisher" to ""
[7.320s] -- Installing: /home/shen/learn/ROS2/ethernet_ws/install/my_ethernet_utils/share/my_ethernet_utils/launch
[7.321s] -- Installing: /home/shen/learn/ROS2/ethernet_ws/install/my_ethernet_utils/share/my_ethernet_utils/launch/publisher.launch.py
[7.321s] -- Installing: /home/shen/learn/ROS2/ethernet_ws/install/my_ethernet_utils/share/my_ethernet_utils/config
[7.322s] -- Installing: /home/shen/learn/ROS2/ethernet_ws/install/my_ethernet_utils/share/my_ethernet_utils/config/config.yaml
[7.324s] -- Installing: /home/shen/learn/ROS2/ethernet_ws/install/my_ethernet_utils/share/ament_index/resource_index/package_run_dependencies/my_ethernet_utils
[7.324s] -- Installing: /home/shen/learn/ROS2/ethernet_ws/install/my_ethernet_utils/share/ament_index/resource_index/parent_prefix_path/my_ethernet_utils
[7.325s] -- Installing: /home/shen/learn/ROS2/ethernet_ws/install/my_ethernet_utils/share/my_ethernet_utils/environment/ament_prefix_path.sh
[7.326s] -- Installing: /home/shen/learn/ROS2/ethernet_ws/install/my_ethernet_utils/share/my_ethernet_utils/environment/ament_prefix_path.dsv
[7.326s] -- Installing: /home/shen/learn/ROS2/ethernet_ws/install/my_ethernet_utils/share/my_ethernet_utils/environment/path.sh
[7.327s] -- Installing: /home/shen/learn/ROS2/ethernet_ws/install/my_ethernet_utils/share/my_ethernet_utils/environment/path.dsv
[7.327s] -- Installing: /home/shen/learn/ROS2/ethernet_ws/install/my_ethernet_utils/share/my_ethernet_utils/local_setup.bash
[7.328s] -- Installing: /home/shen/learn/ROS2/ethernet_ws/install/my_ethernet_utils/share/my_ethernet_utils/local_setup.sh
[7.328s] -- Installing: /home/shen/learn/ROS2/ethernet_ws/install/my_ethernet_utils/share/my_ethernet_utils/local_setup.zsh
[7.329s] -- Installing: /home/shen/learn/ROS2/ethernet_ws/install/my_ethernet_utils/share/my_ethernet_utils/local_setup.dsv
[7.329s] -- Installing: /home/shen/learn/ROS2/ethernet_ws/install/my_ethernet_utils/share/my_ethernet_utils/package.dsv
[7.330s] -- Installing: /home/shen/learn/ROS2/ethernet_ws/install/my_ethernet_utils/share/ament_index/resource_index/packages/my_ethernet_utils
[7.331s] -- Installing: /home/shen/learn/ROS2/ethernet_ws/install/my_ethernet_utils/share/my_ethernet_utils/cmake/my_ethernet_utilsConfig.cmake
[7.331s] -- Installing: /home/shen/learn/ROS2/ethernet_ws/install/my_ethernet_utils/share/my_ethernet_utils/cmake/my_ethernet_utilsConfig-version.cmake
[7.332s] -- Installing: /home/shen/learn/ROS2/ethernet_ws/install/my_ethernet_utils/share/my_ethernet_utils/package.xml
[7.336s] Invoked command in '/home/shen/learn/ROS2/ethernet_ws/build/my_ethernet_utils' returned '0': CMAKE_PREFIX_PATH=${CMAKE_PREFIX_PATH}:/opt/ros/humble /usr/bin/cmake --install /home/shen/learn/ROS2/ethernet_ws/build/my_ethernet_utils
