[0.106s] Invoking command in '/home/shen/learn/ROS2/ethernet_ws/build/serial_driver': CMAKE_PREFIX_PATH=/home/shen/learn/ROS2/ethernet_ws/install/io_context:/home/shen/learn/ROS2/ethernet_ws/install/asio_cmake_module:/home/shen/learn/ROS2/ethernet_ws/install/udp_driver:/home/shen/learn/ROS2/ethernet_ws/install/serial_driver:/home/shen/learn/ROS2/ethernet_ws/install/my_ethernet_utils:/opt/ros/humble LD_LIBRARY_PATH=/home/shen/learn/ROS2/ethernet_ws/install/io_context/lib:/home/shen/learn/ROS2/ethernet_ws/install/udp_driver/lib:/home/shen/learn/ROS2/ethernet_ws/install/serial_driver/lib:/usr/lib/x86_64-linux-gnu/gazebo-11/plugins:/opt/ros/humble/opt/rviz_ogre_vendor/lib:/opt/ros/humble/lib/x86_64-linux-gnu:/opt/ros/humble/lib /usr/bin/cmake --build /home/shen/learn/ROS2/ethernet_ws/build/serial_driver -- -j16 -l16
[0.191s] [ 13%] Built target gtest_main
[0.194s] [ 26%] Built target gtest
[0.198s] [ 46%] Built target serial_driver
[0.208s] [ 60%] Built target serial_bridge
[0.226s] [ 86%] Built target test_serial_driver
[0.227s] [ 86%] Built target test_serial_port
[0.236s] [100%] Built target serial_driver_nodes
[0.250s] Invoked command in '/home/shen/learn/ROS2/ethernet_ws/build/serial_driver' returned '0': CMAKE_PREFIX_PATH=/home/shen/learn/ROS2/ethernet_ws/install/io_context:/home/shen/learn/ROS2/ethernet_ws/install/asio_cmake_module:/home/shen/learn/ROS2/ethernet_ws/install/udp_driver:/home/shen/learn/ROS2/ethernet_ws/install/serial_driver:/home/shen/learn/ROS2/ethernet_ws/install/my_ethernet_utils:/opt/ros/humble LD_LIBRARY_PATH=/home/shen/learn/ROS2/ethernet_ws/install/io_context/lib:/home/shen/learn/ROS2/ethernet_ws/install/udp_driver/lib:/home/shen/learn/ROS2/ethernet_ws/install/serial_driver/lib:/usr/lib/x86_64-linux-gnu/gazebo-11/plugins:/opt/ros/humble/opt/rviz_ogre_vendor/lib:/opt/ros/humble/lib/x86_64-linux-gnu:/opt/ros/humble/lib /usr/bin/cmake --build /home/shen/learn/ROS2/ethernet_ws/build/serial_driver -- -j16 -l16
[0.323s] Invoking command in '/home/shen/learn/ROS2/ethernet_ws/build/serial_driver': CMAKE_PREFIX_PATH=/home/shen/learn/ROS2/ethernet_ws/install/io_context:/home/shen/learn/ROS2/ethernet_ws/install/asio_cmake_module:/home/shen/learn/ROS2/ethernet_ws/install/udp_driver:/home/shen/learn/ROS2/ethernet_ws/install/serial_driver:/home/shen/learn/ROS2/ethernet_ws/install/my_ethernet_utils:/opt/ros/humble LD_LIBRARY_PATH=/home/shen/learn/ROS2/ethernet_ws/install/io_context/lib:/home/shen/learn/ROS2/ethernet_ws/install/udp_driver/lib:/home/shen/learn/ROS2/ethernet_ws/install/serial_driver/lib:/usr/lib/x86_64-linux-gnu/gazebo-11/plugins:/opt/ros/humble/opt/rviz_ogre_vendor/lib:/opt/ros/humble/lib/x86_64-linux-gnu:/opt/ros/humble/lib /usr/bin/cmake --install /home/shen/learn/ROS2/ethernet_ws/build/serial_driver
[0.340s] -- Install configuration: ""
[0.340s] -- Up-to-date: /home/shen/learn/ROS2/ethernet_ws/install/serial_driver/lib/serial_driver/serial_bridge
[0.341s] -- Up-to-date: /home/shen/learn/ROS2/ethernet_ws/install/serial_driver/include
[0.341s] -- Up-to-date: /home/shen/learn/ROS2/ethernet_ws/install/serial_driver/include/serial_driver
[0.341s] -- Up-to-date: /home/shen/learn/ROS2/ethernet_ws/install/serial_driver/include/serial_driver/serial_port.hpp
[0.341s] -- Up-to-date: /home/shen/learn/ROS2/ethernet_ws/install/serial_driver/include/serial_driver/serial_bridge_node.hpp
[0.342s] -- Up-to-date: /home/shen/learn/ROS2/ethernet_ws/install/serial_driver/include/serial_driver/visibility_control.hpp
[0.342s] -- Up-to-date: /home/shen/learn/ROS2/ethernet_ws/install/serial_driver/include/serial_driver/serial_driver.hpp
[0.342s] -- Up-to-date: /home/shen/learn/ROS2/ethernet_ws/install/serial_driver/share/serial_driver/environment/library_path.sh
[0.342s] -- Up-to-date: /home/shen/learn/ROS2/ethernet_ws/install/serial_driver/share/serial_driver/environment/library_path.dsv
[0.342s] -- Up-to-date: /home/shen/learn/ROS2/ethernet_ws/install/serial_driver/lib/libserial_driver.so
[0.342s] -- Up-to-date: /home/shen/learn/ROS2/ethernet_ws/install/serial_driver/lib/libserial_driver_nodes.so
[0.343s] -- Up-to-date: /home/shen/learn/ROS2/ethernet_ws/install/serial_driver/share/serial_driver/launch
[0.343s] -- Up-to-date: /home/shen/learn/ROS2/ethernet_ws/install/serial_driver/share/serial_driver/launch/serial_driver_bridge_node.launch.py
[0.343s] -- Up-to-date: /home/shen/learn/ROS2/ethernet_ws/install/serial_driver/share/serial_driver/params
[0.343s] -- Up-to-date: /home/shen/learn/ROS2/ethernet_ws/install/serial_driver/share/serial_driver/params/example.params.yaml
[0.343s] -- Up-to-date: /home/shen/learn/ROS2/ethernet_ws/install/serial_driver/share/ament_index/resource_index/package_run_dependencies/serial_driver
[0.343s] -- Up-to-date: /home/shen/learn/ROS2/ethernet_ws/install/serial_driver/share/ament_index/resource_index/parent_prefix_path/serial_driver
[0.343s] -- Up-to-date: /home/shen/learn/ROS2/ethernet_ws/install/serial_driver/share/serial_driver/environment/ament_prefix_path.sh
[0.343s] -- Up-to-date: /home/shen/learn/ROS2/ethernet_ws/install/serial_driver/share/serial_driver/environment/ament_prefix_path.dsv
[0.343s] -- Up-to-date: /home/shen/learn/ROS2/ethernet_ws/install/serial_driver/share/serial_driver/environment/path.sh
[0.343s] -- Up-to-date: /home/shen/learn/ROS2/ethernet_ws/install/serial_driver/share/serial_driver/environment/path.dsv
[0.344s] -- Up-to-date: /home/shen/learn/ROS2/ethernet_ws/install/serial_driver/share/serial_driver/local_setup.bash
[0.344s] -- Up-to-date: /home/shen/learn/ROS2/ethernet_ws/install/serial_driver/share/serial_driver/local_setup.sh
[0.344s] -- Up-to-date: /home/shen/learn/ROS2/ethernet_ws/install/serial_driver/share/serial_driver/local_setup.zsh
[0.344s] -- Up-to-date: /home/shen/learn/ROS2/ethernet_ws/install/serial_driver/share/serial_driver/local_setup.dsv
[0.344s] -- Installing: /home/shen/learn/ROS2/ethernet_ws/install/serial_driver/share/serial_driver/package.dsv
[0.344s] -- Up-to-date: /home/shen/learn/ROS2/ethernet_ws/install/serial_driver/share/ament_index/resource_index/packages/serial_driver
[0.344s] -- Up-to-date: /home/shen/learn/ROS2/ethernet_ws/install/serial_driver/share/ament_index/resource_index/rclcpp_components/serial_driver
[0.344s] -- Up-to-date: /home/shen/learn/ROS2/ethernet_ws/install/serial_driver/share/serial_driver/cmake/ament_cmake_export_dependencies-extras.cmake
[0.344s] -- Up-to-date: /home/shen/learn/ROS2/ethernet_ws/install/serial_driver/share/serial_driver/cmake/ament_cmake_export_include_directories-extras.cmake
[0.344s] -- Up-to-date: /home/shen/learn/ROS2/ethernet_ws/install/serial_driver/share/serial_driver/cmake/ament_cmake_export_libraries-extras.cmake
[0.345s] -- Up-to-date: /home/shen/learn/ROS2/ethernet_ws/install/serial_driver/share/serial_driver/cmake/serial_driverConfig.cmake
[0.345s] -- Up-to-date: /home/shen/learn/ROS2/ethernet_ws/install/serial_driver/share/serial_driver/cmake/serial_driverConfig-version.cmake
[0.345s] -- Up-to-date: /home/shen/learn/ROS2/ethernet_ws/install/serial_driver/share/serial_driver/package.xml
[0.348s] Invoked command in '/home/shen/learn/ROS2/ethernet_ws/build/serial_driver' returned '0': CMAKE_PREFIX_PATH=/home/shen/learn/ROS2/ethernet_ws/install/io_context:/home/shen/learn/ROS2/ethernet_ws/install/asio_cmake_module:/home/shen/learn/ROS2/ethernet_ws/install/udp_driver:/home/shen/learn/ROS2/ethernet_ws/install/serial_driver:/home/shen/learn/ROS2/ethernet_ws/install/my_ethernet_utils:/opt/ros/humble LD_LIBRARY_PATH=/home/shen/learn/ROS2/ethernet_ws/install/io_context/lib:/home/shen/learn/ROS2/ethernet_ws/install/udp_driver/lib:/home/shen/learn/ROS2/ethernet_ws/install/serial_driver/lib:/usr/lib/x86_64-linux-gnu/gazebo-11/plugins:/opt/ros/humble/opt/rviz_ogre_vendor/lib:/opt/ros/humble/lib/x86_64-linux-gnu:/opt/ros/humble/lib /usr/bin/cmake --install /home/shen/learn/ROS2/ethernet_ws/build/serial_driver
