[0.052s] Invoking command in '/home/shen/learn/ROS2/socketcan_ws/build/ros2_socketcan_msgs': CMAKE_PREFIX_PATH=/opt/ros/humble /usr/bin/cmake /home/shen/learn/ROS2/socketcan_ws/src/ros2_socketcan/ros2_socketcan_msgs -DCMAKE_INSTALL_PREFIX=/home/shen/learn/ROS2/socketcan_ws/install/ros2_socketcan_msgs
[0.128s] -- The C compiler identification is GNU 11.4.0
[0.238s] -- The CXX compiler identification is GNU 11.4.0
[0.255s] -- Detecting C compiler ABI info
[0.387s] -- Detecting C compiler ABI info - done
[0.408s] -- Check for working C compiler: /usr/bin/cc - skipped
[0.408s] -- Detecting C compile features
[0.410s] -- Detecting C compile features - done
[0.414s] -- Detecting CXX compiler ABI info
[0.554s] -- Detecting CXX compiler ABI info - done
[0.575s] -- Check for working CXX compiler: /usr/bin/c++ - skipped
[0.576s] -- Detecting CXX compile features
[0.577s] -- Detecting CXX compile features - done
[0.583s] -- Found ament_cmake_auto: 1.3.6 (/opt/ros/humble/share/ament_cmake_auto/cmake)
[0.878s] -- Found Python3: /usr/bin/python3.10 (found version "3.10.12") found components: Interpreter 
[1.101s] -- Using all available rosidl_typesupport_c: rosidl_typesupport_fastrtps_c;rosidl_typesupport_introspection_c
[1.119s] -- Found rosidl_adapter: 3.1.5 (/opt/ros/humble/share/rosidl_adapter/cmake)
[1.164s] -- Using all available rosidl_typesupport_cpp: rosidl_typesupport_fastrtps_cpp;rosidl_typesupport_introspection_cpp
[1.597s] -- Found ament_cmake_cppcheck: 0.12.9 (/opt/ros/humble/share/ament_cmake_cppcheck/cmake)
[1.601s] -- Found ament_cmake_cpplint: 0.12.9 (/opt/ros/humble/share/ament_cmake_cpplint/cmake)
[1.606s] -- Found ament_cmake_uncrustify: 0.12.9 (/opt/ros/humble/share/ament_cmake_uncrustify/cmake)
[1.612s] -- Found ament_cmake_ros: 0.10.0 (/opt/ros/humble/share/ament_cmake_ros/cmake)
[2.012s] -- Using all available rosidl_typesupport_c: rosidl_typesupport_fastrtps_c;rosidl_typesupport_introspection_c
[2.504s] -- Using all available rosidl_typesupport_cpp: rosidl_typesupport_fastrtps_cpp;rosidl_typesupport_introspection_cpp
[2.541s] -- Found PythonInterp: /usr/bin/python3 (found suitable version "3.10.12", minimum required is "3.6") 
[2.545s] -- Found python_cmake_module: 0.10.0 (/opt/ros/humble/share/python_cmake_module/cmake)
[2.578s] -- Found PythonLibs: /usr/lib/x86_64-linux-gnu/libpython3.10.so (found suitable version "3.10.12", minimum required is "3.5") 
[2.578s] -- Using PYTHON_EXECUTABLE: /usr/bin/python3
[2.578s] -- Using PYTHON_INCLUDE_DIRS: /usr/include/python3.10
[2.578s] -- Using PYTHON_LIBRARIES: /usr/lib/x86_64-linux-gnu/libpython3.10.so
[2.596s] -- Found PythonExtra: .so  
[2.682s] -- Found ament_cmake_flake8: 0.12.9 (/opt/ros/humble/share/ament_cmake_flake8/cmake)
[2.687s] -- Found ament_cmake_pep257: 0.12.9 (/opt/ros/humble/share/ament_cmake_pep257/cmake)
[2.694s] -- Found ament_lint_auto: 0.12.9 (/opt/ros/humble/share/ament_lint_auto/cmake)
[2.732s] -- Added test 'copyright' to check source files copyright and LICENSE
[2.732s] -- Added test 'lint_cmake' to check CMake code style
[2.733s] -- Added test 'xmllint' to check XML markup files
[2.736s] -- Configuring done
[2.769s] -- Generating done
[2.772s] -- Build files have been written to: /home/shen/learn/ROS2/socketcan_ws/build/ros2_socketcan_msgs
[2.781s] Invoked command in '/home/shen/learn/ROS2/socketcan_ws/build/ros2_socketcan_msgs' returned '0': CMAKE_PREFIX_PATH=/opt/ros/humble /usr/bin/cmake /home/shen/learn/ROS2/socketcan_ws/src/ros2_socketcan/ros2_socketcan_msgs -DCMAKE_INSTALL_PREFIX=/home/shen/learn/ROS2/socketcan_ws/install/ros2_socketcan_msgs
[2.787s] Invoking command in '/home/shen/learn/ROS2/socketcan_ws/build/ros2_socketcan_msgs': CMAKE_PREFIX_PATH=/opt/ros/humble /usr/bin/cmake --build /home/shen/learn/ROS2/socketcan_ws/build/ros2_socketcan_msgs -- -j16 -l16
[2.834s] [  3%] [34m[1mGenerating C code for ROS interfaces[0m
[2.854s] [  6%] [34m[1mGenerating C++ code for ROS interfaces[0m
[2.865s] [  6%] Built target ament_cmake_python_copy_ros2_socketcan_msgs
[3.093s] [  6%] Built target ros2_socketcan_msgs__cpp
[3.097s] [  9%] [32mBuilding C object CMakeFiles/ros2_socketcan_msgs__rosidl_generator_c.dir/rosidl_generator_c/ros2_socketcan_msgs/msg/detail/fd_frame__functions.c.o[0m
[3.106s] [ 16%] [34m[1mGenerating C++ type support for eProsima Fast-RTPS[0m
[3.106s] [ 16%] [34m[1mGenerating C++ type support dispatch for ROS interfaces[0m
[3.106s] [ 19%] [34m[1mGenerating C++ introspection for ROS interfaces[0m
[3.107s] running egg_info
[3.108s] creating ros2_socketcan_msgs.egg-info
[3.109s] writing ros2_socketcan_msgs.egg-info/PKG-INFO
[3.109s] writing dependency_links to ros2_socketcan_msgs.egg-info/dependency_links.txt
[3.109s] writing top-level names to ros2_socketcan_msgs.egg-info/top_level.txt
[3.109s] writing manifest file 'ros2_socketcan_msgs.egg-info/SOURCES.txt'
[3.112s] reading manifest file 'ros2_socketcan_msgs.egg-info/SOURCES.txt'
[3.113s] writing manifest file 'ros2_socketcan_msgs.egg-info/SOURCES.txt'
[3.152s] [ 22%] [32m[1mLinking C shared library libros2_socketcan_msgs__rosidl_generator_c.so[0m
[3.152s] [ 22%] Built target ament_cmake_python_build_ros2_socketcan_msgs_egg
[3.191s] [ 22%] Built target ros2_socketcan_msgs__rosidl_generator_c
[3.202s] [ 32%] [34m[1mGenerating C introspection for ROS interfaces[0m
[3.202s] [ 32%] [34m[1mGenerating C type support dispatch for ROS interfaces[0m
[3.202s] [ 32%] [34m[1mGenerating C type support for eProsima Fast-RTPS[0m
[3.331s] [ 35%] [32mBuilding CXX object CMakeFiles/ros2_socketcan_msgs__rosidl_typesupport_cpp.dir/rosidl_typesupport_cpp/ros2_socketcan_msgs/msg/fd_frame__type_support.cpp.o[0m
[3.342s] [ 38%] [32mBuilding CXX object CMakeFiles/ros2_socketcan_msgs__rosidl_typesupport_introspection_cpp.dir/rosidl_typesupport_introspection_cpp/ros2_socketcan_msgs/msg/detail/fd_frame__type_support.cpp.o[0m
[3.370s] [ 41%] [32mBuilding CXX object CMakeFiles/ros2_socketcan_msgs__rosidl_typesupport_fastrtps_cpp.dir/rosidl_typesupport_fastrtps_cpp/ros2_socketcan_msgs/msg/detail/dds_fastrtps/fd_frame__type_support.cpp.o[0m
[3.410s] [ 45%] [32mBuilding CXX object CMakeFiles/ros2_socketcan_msgs__rosidl_typesupport_c.dir/rosidl_typesupport_c/ros2_socketcan_msgs/msg/fd_frame__type_support.cpp.o[0m
[3.439s] [ 48%] [32mBuilding CXX object CMakeFiles/ros2_socketcan_msgs__rosidl_typesupport_fastrtps_c.dir/rosidl_typesupport_fastrtps_c/ros2_socketcan_msgs/msg/detail/fd_frame__type_support_c.cpp.o[0m
[3.443s] [ 51%] [32mBuilding C object CMakeFiles/ros2_socketcan_msgs__rosidl_typesupport_introspection_c.dir/rosidl_typesupport_introspection_c/ros2_socketcan_msgs/msg/detail/fd_frame__type_support.c.o[0m
[3.445s] [ 54%] [32m[1mLinking CXX shared library libros2_socketcan_msgs__rosidl_typesupport_c.so[0m
[3.484s] [ 58%] [32m[1mLinking C shared library libros2_socketcan_msgs__rosidl_typesupport_introspection_c.so[0m
[3.491s] [ 58%] Built target ros2_socketcan_msgs__rosidl_typesupport_c
[3.520s] [ 58%] Built target ros2_socketcan_msgs__rosidl_typesupport_introspection_c
[3.564s] [ 61%] [32m[1mLinking CXX shared library libros2_socketcan_msgs__rosidl_typesupport_cpp.so[0m
[3.607s] [ 61%] Built target ros2_socketcan_msgs__rosidl_typesupport_cpp
[3.703s] [ 64%] [32m[1mLinking CXX shared library libros2_socketcan_msgs__rosidl_typesupport_introspection_cpp.so[0m
[3.732s] [ 67%] [32m[1mLinking CXX shared library libros2_socketcan_msgs__rosidl_typesupport_fastrtps_cpp.so[0m
[3.734s] [ 70%] [32m[1mLinking CXX shared library libros2_socketcan_msgs__rosidl_typesupport_fastrtps_c.so[0m
[3.826s] [ 70%] Built target ros2_socketcan_msgs__rosidl_typesupport_introspection_cpp
[3.842s] [ 70%] Built target ros2_socketcan_msgs__rosidl_typesupport_fastrtps_cpp
[3.864s] [ 70%] Built target ros2_socketcan_msgs__rosidl_typesupport_fastrtps_c
[3.887s] [ 70%] Built target ros2_socketcan_msgs
[3.929s] [ 74%] [34m[1mGenerating Python code for ROS interfaces[0m
[4.216s] [ 74%] Built target ros2_socketcan_msgs__py
[4.255s] [ 77%] [32mBuilding C object CMakeFiles/ros2_socketcan_msgs__rosidl_generator_py.dir/rosidl_generator_py/ros2_socketcan_msgs/msg/_fd_frame_s.c.o[0m
[4.382s] [ 80%] [32m[1mLinking C shared library rosidl_generator_py/ros2_socketcan_msgs/libros2_socketcan_msgs__rosidl_generator_py.so[0m
[4.439s] [ 80%] Built target ros2_socketcan_msgs__rosidl_generator_py
[4.461s] [ 83%] [32mBuilding C object CMakeFiles/ros2_socketcan_msgs__rosidl_typesupport_introspection_c__pyext.dir/rosidl_generator_py/ros2_socketcan_msgs/_ros2_socketcan_msgs_s.ep.rosidl_typesupport_introspection_c.c.o[0m
[4.461s] [ 87%] [32mBuilding C object CMakeFiles/ros2_socketcan_msgs__rosidl_typesupport_fastrtps_c__pyext.dir/rosidl_generator_py/ros2_socketcan_msgs/_ros2_socketcan_msgs_s.ep.rosidl_typesupport_fastrtps_c.c.o[0m
[4.479s] [ 90%] [32mBuilding C object CMakeFiles/ros2_socketcan_msgs__rosidl_typesupport_c__pyext.dir/rosidl_generator_py/ros2_socketcan_msgs/_ros2_socketcan_msgs_s.ep.rosidl_typesupport_c.c.o[0m
[4.577s] [ 93%] [32m[1mLinking C shared library rosidl_generator_py/ros2_socketcan_msgs/ros2_socketcan_msgs_s__rosidl_typesupport_c.cpython-310-x86_64-linux-gnu.so[0m
[4.586s] [ 96%] [32m[1mLinking C shared library rosidl_generator_py/ros2_socketcan_msgs/ros2_socketcan_msgs_s__rosidl_typesupport_fastrtps_c.cpython-310-x86_64-linux-gnu.so[0m
[4.600s] [100%] [32m[1mLinking C shared library rosidl_generator_py/ros2_socketcan_msgs/ros2_socketcan_msgs_s__rosidl_typesupport_introspection_c.cpython-310-x86_64-linux-gnu.so[0m
[4.622s] [100%] Built target ros2_socketcan_msgs__rosidl_typesupport_c__pyext
[4.637s] [100%] Built target ros2_socketcan_msgs__rosidl_typesupport_fastrtps_c__pyext
[4.647s] [100%] Built target ros2_socketcan_msgs__rosidl_typesupport_introspection_c__pyext
[4.662s] Invoked command in '/home/shen/learn/ROS2/socketcan_ws/build/ros2_socketcan_msgs' returned '0': CMAKE_PREFIX_PATH=/opt/ros/humble /usr/bin/cmake --build /home/shen/learn/ROS2/socketcan_ws/build/ros2_socketcan_msgs -- -j16 -l16
[4.739s] Invoking command in '/home/shen/learn/ROS2/socketcan_ws/build/ros2_socketcan_msgs': CMAKE_PREFIX_PATH=/opt/ros/humble /usr/bin/cmake --install /home/shen/learn/ROS2/socketcan_ws/build/ros2_socketcan_msgs
[4.747s] -- Install configuration: ""
[4.747s] -- Installing: /home/shen/learn/ROS2/socketcan_ws/install/ros2_socketcan_msgs/share/ament_index/resource_index/rosidl_interfaces/ros2_socketcan_msgs
[4.747s] -- Installing: /home/shen/learn/ROS2/socketcan_ws/install/ros2_socketcan_msgs/include/ros2_socketcan_msgs/ros2_socketcan_msgs
[4.747s] -- Installing: /home/shen/learn/ROS2/socketcan_ws/install/ros2_socketcan_msgs/include/ros2_socketcan_msgs/ros2_socketcan_msgs/msg
[4.747s] -- Installing: /home/shen/learn/ROS2/socketcan_ws/install/ros2_socketcan_msgs/include/ros2_socketcan_msgs/ros2_socketcan_msgs/msg/rosidl_generator_c__visibility_control.h
[4.747s] -- Installing: /home/shen/learn/ROS2/socketcan_ws/install/ros2_socketcan_msgs/include/ros2_socketcan_msgs/ros2_socketcan_msgs/msg/fd_frame.h
[4.748s] -- Installing: /home/shen/learn/ROS2/socketcan_ws/install/ros2_socketcan_msgs/include/ros2_socketcan_msgs/ros2_socketcan_msgs/msg/detail
[4.748s] -- Installing: /home/shen/learn/ROS2/socketcan_ws/install/ros2_socketcan_msgs/include/ros2_socketcan_msgs/ros2_socketcan_msgs/msg/detail/fd_frame__struct.h
[4.748s] -- Installing: /home/shen/learn/ROS2/socketcan_ws/install/ros2_socketcan_msgs/include/ros2_socketcan_msgs/ros2_socketcan_msgs/msg/detail/fd_frame__functions.h
[4.748s] -- Installing: /home/shen/learn/ROS2/socketcan_ws/install/ros2_socketcan_msgs/include/ros2_socketcan_msgs/ros2_socketcan_msgs/msg/detail/fd_frame__type_support.h
[4.748s] -- Installing: /home/shen/learn/ROS2/socketcan_ws/install/ros2_socketcan_msgs/include/ros2_socketcan_msgs/ros2_socketcan_msgs/msg/detail/fd_frame__functions.c
[4.749s] -- Installing: /home/shen/learn/ROS2/socketcan_ws/install/ros2_socketcan_msgs/share/ros2_socketcan_msgs/environment/library_path.sh
[4.749s] -- Installing: /home/shen/learn/ROS2/socketcan_ws/install/ros2_socketcan_msgs/share/ros2_socketcan_msgs/environment/library_path.dsv
[4.749s] -- Installing: /home/shen/learn/ROS2/socketcan_ws/install/ros2_socketcan_msgs/lib/libros2_socketcan_msgs__rosidl_generator_c.so
[4.750s] -- Set runtime path of "/home/shen/learn/ROS2/socketcan_ws/install/ros2_socketcan_msgs/lib/libros2_socketcan_msgs__rosidl_generator_c.so" to ""
[4.750s] -- Up-to-date: /home/shen/learn/ROS2/socketcan_ws/install/ros2_socketcan_msgs/include/ros2_socketcan_msgs/ros2_socketcan_msgs
[4.750s] -- Up-to-date: /home/shen/learn/ROS2/socketcan_ws/install/ros2_socketcan_msgs/include/ros2_socketcan_msgs/ros2_socketcan_msgs/msg
[4.750s] -- Installing: /home/shen/learn/ROS2/socketcan_ws/install/ros2_socketcan_msgs/include/ros2_socketcan_msgs/ros2_socketcan_msgs/msg/rosidl_typesupport_fastrtps_c__visibility_control.h
[4.750s] -- Up-to-date: /home/shen/learn/ROS2/socketcan_ws/install/ros2_socketcan_msgs/include/ros2_socketcan_msgs/ros2_socketcan_msgs/msg/detail
[4.750s] -- Installing: /home/shen/learn/ROS2/socketcan_ws/install/ros2_socketcan_msgs/include/ros2_socketcan_msgs/ros2_socketcan_msgs/msg/detail/fd_frame__rosidl_typesupport_fastrtps_c.h
[4.751s] -- Installing: /home/shen/learn/ROS2/socketcan_ws/install/ros2_socketcan_msgs/lib/libros2_socketcan_msgs__rosidl_typesupport_fastrtps_c.so
[4.751s] -- Set runtime path of "/home/shen/learn/ROS2/socketcan_ws/install/ros2_socketcan_msgs/lib/libros2_socketcan_msgs__rosidl_typesupport_fastrtps_c.so" to ""
[4.751s] -- Up-to-date: /home/shen/learn/ROS2/socketcan_ws/install/ros2_socketcan_msgs/include/ros2_socketcan_msgs/ros2_socketcan_msgs
[4.751s] -- Up-to-date: /home/shen/learn/ROS2/socketcan_ws/install/ros2_socketcan_msgs/include/ros2_socketcan_msgs/ros2_socketcan_msgs/msg
[4.751s] -- Installing: /home/shen/learn/ROS2/socketcan_ws/install/ros2_socketcan_msgs/include/ros2_socketcan_msgs/ros2_socketcan_msgs/msg/rosidl_typesupport_introspection_c__visibility_control.h
[4.752s] -- Up-to-date: /home/shen/learn/ROS2/socketcan_ws/install/ros2_socketcan_msgs/include/ros2_socketcan_msgs/ros2_socketcan_msgs/msg/detail
[4.752s] -- Installing: /home/shen/learn/ROS2/socketcan_ws/install/ros2_socketcan_msgs/include/ros2_socketcan_msgs/ros2_socketcan_msgs/msg/detail/fd_frame__rosidl_typesupport_introspection_c.h
[4.752s] -- Installing: /home/shen/learn/ROS2/socketcan_ws/install/ros2_socketcan_msgs/include/ros2_socketcan_msgs/ros2_socketcan_msgs/msg/detail/fd_frame__type_support.c
[4.752s] -- Installing: /home/shen/learn/ROS2/socketcan_ws/install/ros2_socketcan_msgs/lib/libros2_socketcan_msgs__rosidl_typesupport_introspection_c.so
[4.753s] -- Set runtime path of "/home/shen/learn/ROS2/socketcan_ws/install/ros2_socketcan_msgs/lib/libros2_socketcan_msgs__rosidl_typesupport_introspection_c.so" to ""
[4.753s] -- Installing: /home/shen/learn/ROS2/socketcan_ws/install/ros2_socketcan_msgs/lib/libros2_socketcan_msgs__rosidl_typesupport_c.so
[4.753s] -- Set runtime path of "/home/shen/learn/ROS2/socketcan_ws/install/ros2_socketcan_msgs/lib/libros2_socketcan_msgs__rosidl_typesupport_c.so" to ""
[4.753s] -- Up-to-date: /home/shen/learn/ROS2/socketcan_ws/install/ros2_socketcan_msgs/include/ros2_socketcan_msgs/ros2_socketcan_msgs
[4.753s] -- Up-to-date: /home/shen/learn/ROS2/socketcan_ws/install/ros2_socketcan_msgs/include/ros2_socketcan_msgs/ros2_socketcan_msgs/msg
[4.753s] -- Installing: /home/shen/learn/ROS2/socketcan_ws/install/ros2_socketcan_msgs/include/ros2_socketcan_msgs/ros2_socketcan_msgs/msg/fd_frame.hpp
[4.754s] -- Up-to-date: /home/shen/learn/ROS2/socketcan_ws/install/ros2_socketcan_msgs/include/ros2_socketcan_msgs/ros2_socketcan_msgs/msg/detail
[4.754s] -- Installing: /home/shen/learn/ROS2/socketcan_ws/install/ros2_socketcan_msgs/include/ros2_socketcan_msgs/ros2_socketcan_msgs/msg/detail/fd_frame__struct.hpp
[4.754s] -- Installing: /home/shen/learn/ROS2/socketcan_ws/install/ros2_socketcan_msgs/include/ros2_socketcan_msgs/ros2_socketcan_msgs/msg/detail/fd_frame__builder.hpp
[4.754s] -- Installing: /home/shen/learn/ROS2/socketcan_ws/install/ros2_socketcan_msgs/include/ros2_socketcan_msgs/ros2_socketcan_msgs/msg/detail/fd_frame__traits.hpp
[4.754s] -- Up-to-date: /home/shen/learn/ROS2/socketcan_ws/install/ros2_socketcan_msgs/include/ros2_socketcan_msgs/ros2_socketcan_msgs
[4.754s] -- Up-to-date: /home/shen/learn/ROS2/socketcan_ws/install/ros2_socketcan_msgs/include/ros2_socketcan_msgs/ros2_socketcan_msgs/msg
[4.755s] -- Installing: /home/shen/learn/ROS2/socketcan_ws/install/ros2_socketcan_msgs/include/ros2_socketcan_msgs/ros2_socketcan_msgs/msg/rosidl_typesupport_fastrtps_cpp__visibility_control.h
[4.755s] -- Up-to-date: /home/shen/learn/ROS2/socketcan_ws/install/ros2_socketcan_msgs/include/ros2_socketcan_msgs/ros2_socketcan_msgs/msg/detail
[4.755s] -- Installing: /home/shen/learn/ROS2/socketcan_ws/install/ros2_socketcan_msgs/include/ros2_socketcan_msgs/ros2_socketcan_msgs/msg/detail/dds_fastrtps
[4.755s] -- Installing: /home/shen/learn/ROS2/socketcan_ws/install/ros2_socketcan_msgs/include/ros2_socketcan_msgs/ros2_socketcan_msgs/msg/detail/fd_frame__rosidl_typesupport_fastrtps_cpp.hpp
[4.755s] -- Installing: /home/shen/learn/ROS2/socketcan_ws/install/ros2_socketcan_msgs/lib/libros2_socketcan_msgs__rosidl_typesupport_fastrtps_cpp.so
[4.756s] -- Set runtime path of "/home/shen/learn/ROS2/socketcan_ws/install/ros2_socketcan_msgs/lib/libros2_socketcan_msgs__rosidl_typesupport_fastrtps_cpp.so" to ""
[4.756s] -- Up-to-date: /home/shen/learn/ROS2/socketcan_ws/install/ros2_socketcan_msgs/include/ros2_socketcan_msgs/ros2_socketcan_msgs
[4.756s] -- Up-to-date: /home/shen/learn/ROS2/socketcan_ws/install/ros2_socketcan_msgs/include/ros2_socketcan_msgs/ros2_socketcan_msgs/msg
[4.756s] -- Up-to-date: /home/shen/learn/ROS2/socketcan_ws/install/ros2_socketcan_msgs/include/ros2_socketcan_msgs/ros2_socketcan_msgs/msg/detail
[4.756s] -- Installing: /home/shen/learn/ROS2/socketcan_ws/install/ros2_socketcan_msgs/include/ros2_socketcan_msgs/ros2_socketcan_msgs/msg/detail/fd_frame__type_support.cpp
[4.756s] -- Installing: /home/shen/learn/ROS2/socketcan_ws/install/ros2_socketcan_msgs/include/ros2_socketcan_msgs/ros2_socketcan_msgs/msg/detail/fd_frame__rosidl_typesupport_introspection_cpp.hpp
[4.757s] -- Installing: /home/shen/learn/ROS2/socketcan_ws/install/ros2_socketcan_msgs/lib/libros2_socketcan_msgs__rosidl_typesupport_introspection_cpp.so
[4.757s] -- Set runtime path of "/home/shen/learn/ROS2/socketcan_ws/install/ros2_socketcan_msgs/lib/libros2_socketcan_msgs__rosidl_typesupport_introspection_cpp.so" to ""
[4.757s] -- Installing: /home/shen/learn/ROS2/socketcan_ws/install/ros2_socketcan_msgs/lib/libros2_socketcan_msgs__rosidl_typesupport_cpp.so
[4.758s] -- Set runtime path of "/home/shen/learn/ROS2/socketcan_ws/install/ros2_socketcan_msgs/lib/libros2_socketcan_msgs__rosidl_typesupport_cpp.so" to ""
[4.758s] -- Installing: /home/shen/learn/ROS2/socketcan_ws/install/ros2_socketcan_msgs/share/ros2_socketcan_msgs/environment/pythonpath.sh
[4.758s] -- Installing: /home/shen/learn/ROS2/socketcan_ws/install/ros2_socketcan_msgs/share/ros2_socketcan_msgs/environment/pythonpath.dsv
[4.758s] -- Installing: /home/shen/learn/ROS2/socketcan_ws/install/ros2_socketcan_msgs/local/lib/python3.10/dist-packages/ros2_socketcan_msgs-1.2.0-py3.10.egg-info
[4.759s] -- Installing: /home/shen/learn/ROS2/socketcan_ws/install/ros2_socketcan_msgs/local/lib/python3.10/dist-packages/ros2_socketcan_msgs-1.2.0-py3.10.egg-info/SOURCES.txt
[4.759s] -- Installing: /home/shen/learn/ROS2/socketcan_ws/install/ros2_socketcan_msgs/local/lib/python3.10/dist-packages/ros2_socketcan_msgs-1.2.0-py3.10.egg-info/top_level.txt
[4.759s] -- Installing: /home/shen/learn/ROS2/socketcan_ws/install/ros2_socketcan_msgs/local/lib/python3.10/dist-packages/ros2_socketcan_msgs-1.2.0-py3.10.egg-info/PKG-INFO
[4.759s] -- Installing: /home/shen/learn/ROS2/socketcan_ws/install/ros2_socketcan_msgs/local/lib/python3.10/dist-packages/ros2_socketcan_msgs-1.2.0-py3.10.egg-info/dependency_links.txt
[4.760s] -- Installing: /home/shen/learn/ROS2/socketcan_ws/install/ros2_socketcan_msgs/local/lib/python3.10/dist-packages/ros2_socketcan_msgs
[4.760s] -- Installing: /home/shen/learn/ROS2/socketcan_ws/install/ros2_socketcan_msgs/local/lib/python3.10/dist-packages/ros2_socketcan_msgs/msg
[4.760s] -- Installing: /home/shen/learn/ROS2/socketcan_ws/install/ros2_socketcan_msgs/local/lib/python3.10/dist-packages/ros2_socketcan_msgs/msg/_fd_frame_s.c
[4.760s] -- Installing: /home/shen/learn/ROS2/socketcan_ws/install/ros2_socketcan_msgs/local/lib/python3.10/dist-packages/ros2_socketcan_msgs/msg/__init__.py
[4.760s] -- Installing: /home/shen/learn/ROS2/socketcan_ws/install/ros2_socketcan_msgs/local/lib/python3.10/dist-packages/ros2_socketcan_msgs/msg/_fd_frame.py
[4.760s] -- Installing: /home/shen/learn/ROS2/socketcan_ws/install/ros2_socketcan_msgs/local/lib/python3.10/dist-packages/ros2_socketcan_msgs/_ros2_socketcan_msgs_s.ep.rosidl_typesupport_c.c
[4.761s] -- Installing: /home/shen/learn/ROS2/socketcan_ws/install/ros2_socketcan_msgs/local/lib/python3.10/dist-packages/ros2_socketcan_msgs/libros2_socketcan_msgs__rosidl_generator_py.so
[4.761s] -- Installing: /home/shen/learn/ROS2/socketcan_ws/install/ros2_socketcan_msgs/local/lib/python3.10/dist-packages/ros2_socketcan_msgs/_ros2_socketcan_msgs_s.ep.rosidl_typesupport_introspection_c.c
[4.761s] -- Installing: /home/shen/learn/ROS2/socketcan_ws/install/ros2_socketcan_msgs/local/lib/python3.10/dist-packages/ros2_socketcan_msgs/ros2_socketcan_msgs_s__rosidl_typesupport_introspection_c.cpython-310-x86_64-linux-gnu.so
[4.761s] -- Installing: /home/shen/learn/ROS2/socketcan_ws/install/ros2_socketcan_msgs/local/lib/python3.10/dist-packages/ros2_socketcan_msgs/__init__.py
[4.762s] -- Installing: /home/shen/learn/ROS2/socketcan_ws/install/ros2_socketcan_msgs/local/lib/python3.10/dist-packages/ros2_socketcan_msgs/ros2_socketcan_msgs_s__rosidl_typesupport_c.cpython-310-x86_64-linux-gnu.so
[4.762s] -- Installing: /home/shen/learn/ROS2/socketcan_ws/install/ros2_socketcan_msgs/local/lib/python3.10/dist-packages/ros2_socketcan_msgs/_ros2_socketcan_msgs_s.ep.rosidl_typesupport_fastrtps_c.c
[4.762s] -- Installing: /home/shen/learn/ROS2/socketcan_ws/install/ros2_socketcan_msgs/local/lib/python3.10/dist-packages/ros2_socketcan_msgs/ros2_socketcan_msgs_s__rosidl_typesupport_fastrtps_c.cpython-310-x86_64-linux-gnu.so
[4.834s] Listing '/home/shen/learn/ROS2/socketcan_ws/install/ros2_socketcan_msgs/local/lib/python3.10/dist-packages/ros2_socketcan_msgs'...
[4.834s] Compiling '/home/shen/learn/ROS2/socketcan_ws/install/ros2_socketcan_msgs/local/lib/python3.10/dist-packages/ros2_socketcan_msgs/__init__.py'...
[4.834s] Listing '/home/shen/learn/ROS2/socketcan_ws/install/ros2_socketcan_msgs/local/lib/python3.10/dist-packages/ros2_socketcan_msgs/msg'...
[4.835s] Compiling '/home/shen/learn/ROS2/socketcan_ws/install/ros2_socketcan_msgs/local/lib/python3.10/dist-packages/ros2_socketcan_msgs/msg/__init__.py'...
[4.835s] Compiling '/home/shen/learn/ROS2/socketcan_ws/install/ros2_socketcan_msgs/local/lib/python3.10/dist-packages/ros2_socketcan_msgs/msg/_fd_frame.py'...
[4.839s] -- Installing: /home/shen/learn/ROS2/socketcan_ws/install/ros2_socketcan_msgs/local/lib/python3.10/dist-packages/ros2_socketcan_msgs/ros2_socketcan_msgs_s__rosidl_typesupport_fastrtps_c.cpython-310-x86_64-linux-gnu.so
[4.840s] -- Set runtime path of "/home/shen/learn/ROS2/socketcan_ws/install/ros2_socketcan_msgs/local/lib/python3.10/dist-packages/ros2_socketcan_msgs/ros2_socketcan_msgs_s__rosidl_typesupport_fastrtps_c.cpython-310-x86_64-linux-gnu.so" to ""
[4.840s] -- Installing: /home/shen/learn/ROS2/socketcan_ws/install/ros2_socketcan_msgs/local/lib/python3.10/dist-packages/ros2_socketcan_msgs/ros2_socketcan_msgs_s__rosidl_typesupport_introspection_c.cpython-310-x86_64-linux-gnu.so
[4.841s] -- Set runtime path of "/home/shen/learn/ROS2/socketcan_ws/install/ros2_socketcan_msgs/local/lib/python3.10/dist-packages/ros2_socketcan_msgs/ros2_socketcan_msgs_s__rosidl_typesupport_introspection_c.cpython-310-x86_64-linux-gnu.so" to ""
[4.841s] -- Installing: /home/shen/learn/ROS2/socketcan_ws/install/ros2_socketcan_msgs/local/lib/python3.10/dist-packages/ros2_socketcan_msgs/ros2_socketcan_msgs_s__rosidl_typesupport_c.cpython-310-x86_64-linux-gnu.so
[4.842s] -- Set runtime path of "/home/shen/learn/ROS2/socketcan_ws/install/ros2_socketcan_msgs/local/lib/python3.10/dist-packages/ros2_socketcan_msgs/ros2_socketcan_msgs_s__rosidl_typesupport_c.cpython-310-x86_64-linux-gnu.so" to ""
[4.842s] -- Installing: /home/shen/learn/ROS2/socketcan_ws/install/ros2_socketcan_msgs/lib/libros2_socketcan_msgs__rosidl_generator_py.so
[4.843s] -- Set runtime path of "/home/shen/learn/ROS2/socketcan_ws/install/ros2_socketcan_msgs/lib/libros2_socketcan_msgs__rosidl_generator_py.so" to ""
[4.843s] -- Installing: /home/shen/learn/ROS2/socketcan_ws/install/ros2_socketcan_msgs/share/ros2_socketcan_msgs/msg/FdFrame.idl
[4.844s] -- Installing: /home/shen/learn/ROS2/socketcan_ws/install/ros2_socketcan_msgs/share/ros2_socketcan_msgs/msg/FdFrame.msg
[4.844s] -- Installing: /home/shen/learn/ROS2/socketcan_ws/install/ros2_socketcan_msgs/share/ament_index/resource_index/package_run_dependencies/ros2_socketcan_msgs
[4.845s] -- Installing: /home/shen/learn/ROS2/socketcan_ws/install/ros2_socketcan_msgs/share/ament_index/resource_index/parent_prefix_path/ros2_socketcan_msgs
[4.845s] -- Installing: /home/shen/learn/ROS2/socketcan_ws/install/ros2_socketcan_msgs/share/ros2_socketcan_msgs/environment/ament_prefix_path.sh
[4.846s] -- Installing: /home/shen/learn/ROS2/socketcan_ws/install/ros2_socketcan_msgs/share/ros2_socketcan_msgs/environment/ament_prefix_path.dsv
[4.846s] -- Installing: /home/shen/learn/ROS2/socketcan_ws/install/ros2_socketcan_msgs/share/ros2_socketcan_msgs/environment/path.sh
[4.846s] -- Installing: /home/shen/learn/ROS2/socketcan_ws/install/ros2_socketcan_msgs/share/ros2_socketcan_msgs/environment/path.dsv
[4.847s] -- Installing: /home/shen/learn/ROS2/socketcan_ws/install/ros2_socketcan_msgs/share/ros2_socketcan_msgs/local_setup.bash
[4.847s] -- Installing: /home/shen/learn/ROS2/socketcan_ws/install/ros2_socketcan_msgs/share/ros2_socketcan_msgs/local_setup.sh
[4.848s] -- Installing: /home/shen/learn/ROS2/socketcan_ws/install/ros2_socketcan_msgs/share/ros2_socketcan_msgs/local_setup.zsh
[4.848s] -- Installing: /home/shen/learn/ROS2/socketcan_ws/install/ros2_socketcan_msgs/share/ros2_socketcan_msgs/local_setup.dsv
[4.849s] -- Installing: /home/shen/learn/ROS2/socketcan_ws/install/ros2_socketcan_msgs/share/ros2_socketcan_msgs/package.dsv
[4.849s] -- Installing: /home/shen/learn/ROS2/socketcan_ws/install/ros2_socketcan_msgs/share/ament_index/resource_index/packages/ros2_socketcan_msgs
[4.850s] -- Installing: /home/shen/learn/ROS2/socketcan_ws/install/ros2_socketcan_msgs/share/ros2_socketcan_msgs/cmake/export_ros2_socketcan_msgs__rosidl_generator_cExport.cmake
[4.850s] -- Installing: /home/shen/learn/ROS2/socketcan_ws/install/ros2_socketcan_msgs/share/ros2_socketcan_msgs/cmake/export_ros2_socketcan_msgs__rosidl_generator_cExport-noconfig.cmake
[4.851s] -- Installing: /home/shen/learn/ROS2/socketcan_ws/install/ros2_socketcan_msgs/share/ros2_socketcan_msgs/cmake/export_ros2_socketcan_msgs__rosidl_typesupport_fastrtps_cExport.cmake
[4.851s] -- Installing: /home/shen/learn/ROS2/socketcan_ws/install/ros2_socketcan_msgs/share/ros2_socketcan_msgs/cmake/export_ros2_socketcan_msgs__rosidl_typesupport_fastrtps_cExport-noconfig.cmake
[4.851s] -- Installing: /home/shen/learn/ROS2/socketcan_ws/install/ros2_socketcan_msgs/share/ros2_socketcan_msgs/cmake/ros2_socketcan_msgs__rosidl_typesupport_introspection_cExport.cmake
[4.852s] -- Installing: /home/shen/learn/ROS2/socketcan_ws/install/ros2_socketcan_msgs/share/ros2_socketcan_msgs/cmake/ros2_socketcan_msgs__rosidl_typesupport_introspection_cExport-noconfig.cmake
[4.852s] -- Installing: /home/shen/learn/ROS2/socketcan_ws/install/ros2_socketcan_msgs/share/ros2_socketcan_msgs/cmake/ros2_socketcan_msgs__rosidl_typesupport_cExport.cmake
[4.853s] -- Installing: /home/shen/learn/ROS2/socketcan_ws/install/ros2_socketcan_msgs/share/ros2_socketcan_msgs/cmake/ros2_socketcan_msgs__rosidl_typesupport_cExport-noconfig.cmake
[4.853s] -- Installing: /home/shen/learn/ROS2/socketcan_ws/install/ros2_socketcan_msgs/share/ros2_socketcan_msgs/cmake/export_ros2_socketcan_msgs__rosidl_generator_cppExport.cmake
[4.854s] -- Installing: /home/shen/learn/ROS2/socketcan_ws/install/ros2_socketcan_msgs/share/ros2_socketcan_msgs/cmake/export_ros2_socketcan_msgs__rosidl_typesupport_fastrtps_cppExport.cmake
[4.854s] -- Installing: /home/shen/learn/ROS2/socketcan_ws/install/ros2_socketcan_msgs/share/ros2_socketcan_msgs/cmake/export_ros2_socketcan_msgs__rosidl_typesupport_fastrtps_cppExport-noconfig.cmake
[4.855s] -- Installing: /home/shen/learn/ROS2/socketcan_ws/install/ros2_socketcan_msgs/share/ros2_socketcan_msgs/cmake/ros2_socketcan_msgs__rosidl_typesupport_introspection_cppExport.cmake
[4.855s] -- Installing: /home/shen/learn/ROS2/socketcan_ws/install/ros2_socketcan_msgs/share/ros2_socketcan_msgs/cmake/ros2_socketcan_msgs__rosidl_typesupport_introspection_cppExport-noconfig.cmake
[4.855s] -- Installing: /home/shen/learn/ROS2/socketcan_ws/install/ros2_socketcan_msgs/share/ros2_socketcan_msgs/cmake/ros2_socketcan_msgs__rosidl_typesupport_cppExport.cmake
[4.856s] -- Installing: /home/shen/learn/ROS2/socketcan_ws/install/ros2_socketcan_msgs/share/ros2_socketcan_msgs/cmake/ros2_socketcan_msgs__rosidl_typesupport_cppExport-noconfig.cmake
[4.856s] -- Installing: /home/shen/learn/ROS2/socketcan_ws/install/ros2_socketcan_msgs/share/ros2_socketcan_msgs/cmake/export_ros2_socketcan_msgs__rosidl_generator_pyExport.cmake
[4.857s] -- Installing: /home/shen/learn/ROS2/socketcan_ws/install/ros2_socketcan_msgs/share/ros2_socketcan_msgs/cmake/export_ros2_socketcan_msgs__rosidl_generator_pyExport-noconfig.cmake
[4.857s] -- Installing: /home/shen/learn/ROS2/socketcan_ws/install/ros2_socketcan_msgs/share/ros2_socketcan_msgs/cmake/rosidl_cmake-extras.cmake
[4.858s] -- Installing: /home/shen/learn/ROS2/socketcan_ws/install/ros2_socketcan_msgs/share/ros2_socketcan_msgs/cmake/ament_cmake_export_dependencies-extras.cmake
[4.858s] -- Installing: /home/shen/learn/ROS2/socketcan_ws/install/ros2_socketcan_msgs/share/ros2_socketcan_msgs/cmake/ament_cmake_export_include_directories-extras.cmake
[4.858s] -- Installing: /home/shen/learn/ROS2/socketcan_ws/install/ros2_socketcan_msgs/share/ros2_socketcan_msgs/cmake/ament_cmake_export_libraries-extras.cmake
[4.859s] -- Installing: /home/shen/learn/ROS2/socketcan_ws/install/ros2_socketcan_msgs/share/ros2_socketcan_msgs/cmake/ament_cmake_export_targets-extras.cmake
[4.859s] -- Installing: /home/shen/learn/ROS2/socketcan_ws/install/ros2_socketcan_msgs/share/ros2_socketcan_msgs/cmake/rosidl_cmake_export_typesupport_targets-extras.cmake
[4.860s] -- Installing: /home/shen/learn/ROS2/socketcan_ws/install/ros2_socketcan_msgs/share/ros2_socketcan_msgs/cmake/rosidl_cmake_export_typesupport_libraries-extras.cmake
[4.860s] -- Installing: /home/shen/learn/ROS2/socketcan_ws/install/ros2_socketcan_msgs/share/ros2_socketcan_msgs/cmake/ros2_socketcan_msgsConfig.cmake
[4.860s] -- Installing: /home/shen/learn/ROS2/socketcan_ws/install/ros2_socketcan_msgs/share/ros2_socketcan_msgs/cmake/ros2_socketcan_msgsConfig-version.cmake
[4.861s] -- Installing: /home/shen/learn/ROS2/socketcan_ws/install/ros2_socketcan_msgs/share/ros2_socketcan_msgs/package.xml
[4.867s] Invoked command in '/home/shen/learn/ROS2/socketcan_ws/build/ros2_socketcan_msgs' returned '0': CMAKE_PREFIX_PATH=/opt/ros/humble /usr/bin/cmake --install /home/shen/learn/ROS2/socketcan_ws/build/ros2_socketcan_msgs
