[0.064s] Invoking command in '/home/shen/learn/ROS2/ethernet_ws/build/udp_driver': CMAKE_PREFIX_PATH=/home/shen/learn/ROS2/ethernet_ws/install/io_context:/home/shen/learn/ROS2/ethernet_ws/install/asio_cmake_module:/home/shen/learn/ROS2/ethernet_ws/install/udp_driver:/home/shen/learn/ROS2/ethernet_ws/install/serial_driver:/home/shen/learn/ROS2/ethernet_ws/install/my_ethernet_utils:/opt/ros/humble LD_LIBRARY_PATH=/home/shen/learn/ROS2/ethernet_ws/install/io_context/lib:/home/shen/learn/ROS2/ethernet_ws/install/udp_driver/lib:/home/shen/learn/ROS2/ethernet_ws/install/serial_driver/lib:/usr/lib/x86_64-linux-gnu/gazebo-11/plugins:/opt/ros/humble/opt/rviz_ogre_vendor/lib:/opt/ros/humble/lib/x86_64-linux-gnu:/opt/ros/humble/lib /usr/bin/cmake --build /home/shen/learn/ROS2/ethernet_ws/build/udp_driver -- -j16 -l16
[0.104s] -- Found ament_cmake_auto: 1.3.6 (/opt/ros/humble/share/ament_cmake_auto/cmake)
[0.331s] -- Found rosidl_generator_c: 3.1.5 (/opt/ros/humble/share/rosidl_generator_c/cmake)
[0.333s] -- Found rosidl_adapter: 3.1.5 (/opt/ros/humble/share/rosidl_adapter/cmake)
[0.339s] -- Found rosidl_generator_cpp: 3.1.5 (/opt/ros/humble/share/rosidl_generator_cpp/cmake)
[0.348s] -- Using all available rosidl_typesupport_c: rosidl_typesupport_fastrtps_c;rosidl_typesupport_introspection_c
[0.361s] -- Using all available rosidl_typesupport_cpp: rosidl_typesupport_fastrtps_cpp;rosidl_typesupport_introspection_cpp
[0.412s] -- Found rmw_implementation_cmake: 6.1.1 (/opt/ros/humble/share/rmw_implementation_cmake/cmake)
[0.413s] -- Found rmw_cyclonedds_cpp: 1.3.4 (/opt/ros/humble/share/rmw_cyclonedds_cpp/cmake)
[0.438s] -- Using RMW implementation 'rmw_cyclonedds_cpp' as default
[0.770s] -- Found ament_lint_auto: 0.12.9 (/opt/ros/humble/share/ament_lint_auto/cmake)
[0.775s] -- Found gtest sources under '/opt/ros/humble/src/gtest_vendor': C++ tests using 'Google Test' will be built
[0.791s] -- Added test 'copyright' to check source files copyright and LICENSE
[0.792s] -- Added test 'cppcheck' to perform static code analysis on C / C++ code
[0.793s] -- Configured cppcheck include dirs: /home/shen/learn/ROS2/ethernet_ws/src/transport_drivers/udp_driver/include
[0.793s] -- Configured cppcheck exclude dirs and/or files: 
[0.795s] -- Added test 'cpplint' to check C / C++ code against the Google style
[0.795s] -- Configured cpplint exclude dirs and/or files: 
[0.795s] -- Added test 'flake8' to check Python code syntax and style conventions
[0.796s] -- Added test 'lint_cmake' to check CMake code style
[0.796s] -- Added test 'pep257' to check Python code against some of the docstring style conventions in PEP 257
[0.798s] -- Added test 'uncrustify' to check C / C++ code style
[0.798s] -- Configured uncrustify additional arguments: 
[0.798s] -- Added test 'xmllint' to check XML markup files
[0.800s] -- Configuring done
[0.896s] -- Generating done
[0.899s] -- Build files have been written to: /home/shen/learn/ROS2/ethernet_ws/build/udp_driver
[0.926s] [35m[1mConsolidate compiler generated dependencies of target gtest[0m
[0.926s] [35m[1mConsolidate compiler generated dependencies of target udp_receiver_node_exe[0m
[0.926s] [35m[1mConsolidate compiler generated dependencies of target udp_sender_node_exe[0m
[0.928s] [35m[1mConsolidate compiler generated dependencies of target udp_driver[0m
[0.933s] [35m[1mConsolidate compiler generated dependencies of target gtest_main[0m
[0.946s] [  8%] Built target gtest
[0.948s] [ 16%] Built target gtest_main
[0.949s] [ 25%] Built target udp_sender_node_exe
[0.961s] [ 45%] Built target udp_driver
[0.961s] [ 45%] Built target udp_receiver_node_exe
[0.976s] [35m[1mConsolidate compiler generated dependencies of target udp_driver_nodes[0m
[1.019s] [ 58%] Built target udp_driver_nodes
[1.031s] [35m[1mConsolidate compiler generated dependencies of target test_udp_data[0m
[1.031s] [35m[1mConsolidate compiler generated dependencies of target test_udp_socket[0m
[1.031s] [35m[1mConsolidate compiler generated dependencies of target test_udp_driver_nodes[0m
[1.031s] [35m[1mConsolidate compiler generated dependencies of target udp_bridge_node_exe[0m
[1.041s] [35m[1mConsolidate compiler generated dependencies of target test_udp_driver[0m
[1.059s] [ 66%] Built target test_udp_data
[1.059s] [ 75%] Built target test_udp_socket
[1.065s] [ 83%] Built target udp_bridge_node_exe
[1.067s] [ 91%] Built target test_udp_driver_nodes
[1.075s] [100%] Built target test_udp_driver
[1.088s] Invoked command in '/home/shen/learn/ROS2/ethernet_ws/build/udp_driver' returned '0': CMAKE_PREFIX_PATH=/home/shen/learn/ROS2/ethernet_ws/install/io_context:/home/shen/learn/ROS2/ethernet_ws/install/asio_cmake_module:/home/shen/learn/ROS2/ethernet_ws/install/udp_driver:/home/shen/learn/ROS2/ethernet_ws/install/serial_driver:/home/shen/learn/ROS2/ethernet_ws/install/my_ethernet_utils:/opt/ros/humble LD_LIBRARY_PATH=/home/shen/learn/ROS2/ethernet_ws/install/io_context/lib:/home/shen/learn/ROS2/ethernet_ws/install/udp_driver/lib:/home/shen/learn/ROS2/ethernet_ws/install/serial_driver/lib:/usr/lib/x86_64-linux-gnu/gazebo-11/plugins:/opt/ros/humble/opt/rviz_ogre_vendor/lib:/opt/ros/humble/lib/x86_64-linux-gnu:/opt/ros/humble/lib /usr/bin/cmake --build /home/shen/learn/ROS2/ethernet_ws/build/udp_driver -- -j16 -l16
[1.160s] Invoking command in '/home/shen/learn/ROS2/ethernet_ws/build/udp_driver': CMAKE_PREFIX_PATH=/home/shen/learn/ROS2/ethernet_ws/install/io_context:/home/shen/learn/ROS2/ethernet_ws/install/asio_cmake_module:/home/shen/learn/ROS2/ethernet_ws/install/udp_driver:/home/shen/learn/ROS2/ethernet_ws/install/serial_driver:/home/shen/learn/ROS2/ethernet_ws/install/my_ethernet_utils:/opt/ros/humble LD_LIBRARY_PATH=/home/shen/learn/ROS2/ethernet_ws/install/io_context/lib:/home/shen/learn/ROS2/ethernet_ws/install/udp_driver/lib:/home/shen/learn/ROS2/ethernet_ws/install/serial_driver/lib:/usr/lib/x86_64-linux-gnu/gazebo-11/plugins:/opt/ros/humble/opt/rviz_ogre_vendor/lib:/opt/ros/humble/lib/x86_64-linux-gnu:/opt/ros/humble/lib /usr/bin/cmake --install /home/shen/learn/ROS2/ethernet_ws/build/udp_driver
[1.167s] -- Install configuration: ""
[1.167s] -- Up-to-date: /home/shen/learn/ROS2/ethernet_ws/install/udp_driver/lib/udp_driver/udp_receiver_node_exe
[1.167s] -- Up-to-date: /home/shen/learn/ROS2/ethernet_ws/install/udp_driver/lib/udp_driver/udp_sender_node_exe
[1.168s] -- Installing: /home/shen/learn/ROS2/ethernet_ws/install/udp_driver/share/udp_driver//launch
[1.168s] -- Installing: /home/shen/learn/ROS2/ethernet_ws/install/udp_driver/share/udp_driver//launch/udp_bridge_node.launch.py
[1.168s] -- Up-to-date: /home/shen/learn/ROS2/ethernet_ws/install/udp_driver/include
[1.168s] -- Up-to-date: /home/shen/learn/ROS2/ethernet_ws/install/udp_driver/include/udp_driver
[1.168s] -- Up-to-date: /home/shen/learn/ROS2/ethernet_ws/install/udp_driver/include/udp_driver/udp_driver.hpp
[1.168s] -- Up-to-date: /home/shen/learn/ROS2/ethernet_ws/install/udp_driver/include/udp_driver/visibility_control.hpp
[1.168s] -- Up-to-date: /home/shen/learn/ROS2/ethernet_ws/install/udp_driver/include/udp_driver/udp_sender_node.hpp
[1.168s] -- Up-to-date: /home/shen/learn/ROS2/ethernet_ws/install/udp_driver/include/udp_driver/udp_receiver_node.hpp
[1.168s] -- Up-to-date: /home/shen/learn/ROS2/ethernet_ws/install/udp_driver/include/udp_driver/udp_socket.hpp
[1.169s] -- Up-to-date: /home/shen/learn/ROS2/ethernet_ws/install/udp_driver/share/udp_driver/environment/library_path.sh
[1.169s] -- Installing: /home/shen/learn/ROS2/ethernet_ws/install/udp_driver/share/udp_driver/environment/library_path.dsv
[1.169s] -- Up-to-date: /home/shen/learn/ROS2/ethernet_ws/install/udp_driver/lib/libudp_driver.so
[1.169s] -- Up-to-date: /home/shen/learn/ROS2/ethernet_ws/install/udp_driver/lib/libudp_driver_nodes.so
[1.169s] -- Up-to-date: /home/shen/learn/ROS2/ethernet_ws/install/udp_driver/lib/udp_driver/udp_bridge_node_exe
[1.169s] -- Up-to-date: /home/shen/learn/ROS2/ethernet_ws/install/udp_driver/share/ament_index/resource_index/package_run_dependencies/udp_driver
[1.169s] -- Up-to-date: /home/shen/learn/ROS2/ethernet_ws/install/udp_driver/share/ament_index/resource_index/parent_prefix_path/udp_driver
[1.169s] -- Up-to-date: /home/shen/learn/ROS2/ethernet_ws/install/udp_driver/share/udp_driver/environment/ament_prefix_path.sh
[1.169s] -- Installing: /home/shen/learn/ROS2/ethernet_ws/install/udp_driver/share/udp_driver/environment/ament_prefix_path.dsv
[1.170s] -- Up-to-date: /home/shen/learn/ROS2/ethernet_ws/install/udp_driver/share/udp_driver/environment/path.sh
[1.170s] -- Installing: /home/shen/learn/ROS2/ethernet_ws/install/udp_driver/share/udp_driver/environment/path.dsv
[1.170s] -- Up-to-date: /home/shen/learn/ROS2/ethernet_ws/install/udp_driver/share/udp_driver/local_setup.bash
[1.170s] -- Up-to-date: /home/shen/learn/ROS2/ethernet_ws/install/udp_driver/share/udp_driver/local_setup.sh
[1.170s] -- Up-to-date: /home/shen/learn/ROS2/ethernet_ws/install/udp_driver/share/udp_driver/local_setup.zsh
[1.170s] -- Installing: /home/shen/learn/ROS2/ethernet_ws/install/udp_driver/share/udp_driver/local_setup.dsv
[1.170s] -- Installing: /home/shen/learn/ROS2/ethernet_ws/install/udp_driver/share/udp_driver/package.dsv
[1.170s] -- Up-to-date: /home/shen/learn/ROS2/ethernet_ws/install/udp_driver/share/ament_index/resource_index/packages/udp_driver
[1.170s] -- Up-to-date: /home/shen/learn/ROS2/ethernet_ws/install/udp_driver/share/ament_index/resource_index/rclcpp_components/udp_driver
[1.170s] -- Up-to-date: /home/shen/learn/ROS2/ethernet_ws/install/udp_driver/share/udp_driver/cmake/ament_cmake_export_dependencies-extras.cmake
[1.170s] -- Up-to-date: /home/shen/learn/ROS2/ethernet_ws/install/udp_driver/share/udp_driver/cmake/ament_cmake_export_include_directories-extras.cmake
[1.171s] -- Up-to-date: /home/shen/learn/ROS2/ethernet_ws/install/udp_driver/share/udp_driver/cmake/ament_cmake_export_libraries-extras.cmake
[1.171s] -- Up-to-date: /home/shen/learn/ROS2/ethernet_ws/install/udp_driver/share/udp_driver/cmake/udp_driverConfig.cmake
[1.171s] -- Up-to-date: /home/shen/learn/ROS2/ethernet_ws/install/udp_driver/share/udp_driver/cmake/udp_driverConfig-version.cmake
[1.171s] -- Up-to-date: /home/shen/learn/ROS2/ethernet_ws/install/udp_driver/share/udp_driver/package.xml
[1.173s] Invoked command in '/home/shen/learn/ROS2/ethernet_ws/build/udp_driver' returned '0': CMAKE_PREFIX_PATH=/home/shen/learn/ROS2/ethernet_ws/install/io_context:/home/shen/learn/ROS2/ethernet_ws/install/asio_cmake_module:/home/shen/learn/ROS2/ethernet_ws/install/udp_driver:/home/shen/learn/ROS2/ethernet_ws/install/serial_driver:/home/shen/learn/ROS2/ethernet_ws/install/my_ethernet_utils:/opt/ros/humble LD_LIBRARY_PATH=/home/shen/learn/ROS2/ethernet_ws/install/io_context/lib:/home/shen/learn/ROS2/ethernet_ws/install/udp_driver/lib:/home/shen/learn/ROS2/ethernet_ws/install/serial_driver/lib:/usr/lib/x86_64-linux-gnu/gazebo-11/plugins:/opt/ros/humble/opt/rviz_ogre_vendor/lib:/opt/ros/humble/lib/x86_64-linux-gnu:/opt/ros/humble/lib /usr/bin/cmake --install /home/shen/learn/ROS2/ethernet_ws/build/udp_driver
