[0.089s] Invoking command in '/home/shen/learn/ROS2/inject_ws/build/replay_client': CMAKE_PREFIX_PATH=/opt/ros/humble /usr/bin/cmake --build /home/shen/learn/ROS2/inject_ws/build/replay_client -- -j16 -l16
[0.187s] [100%] Built target replay_client_node
[0.201s] Invoked command in '/home/shen/learn/ROS2/inject_ws/build/replay_client' returned '0': CMAKE_PREFIX_PATH=/opt/ros/humble /usr/bin/cmake --build /home/shen/learn/ROS2/inject_ws/build/replay_client -- -j16 -l16
[0.242s] Invoking command in '/home/shen/learn/ROS2/inject_ws/build/replay_client': CMAKE_PREFIX_PATH=/opt/ros/humble /usr/bin/cmake --install /home/shen/learn/ROS2/inject_ws/build/replay_client
[0.249s] -- Install configuration: ""
[0.249s] -- Up-to-date: /home/shen/learn/ROS2/inject_ws/install/replay_client/lib/replay_client/replay_client_node
[0.250s] -- Up-to-date: /home/shen/learn/ROS2/inject_ws/install/replay_client/share/ament_index/resource_index/package_run_dependencies/replay_client
[0.250s] -- Up-to-date: /home/shen/learn/ROS2/inject_ws/install/replay_client/share/ament_index/resource_index/parent_prefix_path/replay_client
[0.250s] -- Up-to-date: /home/shen/learn/ROS2/inject_ws/install/replay_client/share/replay_client/environment/ament_prefix_path.sh
[0.250s] -- Up-to-date: /home/shen/learn/ROS2/inject_ws/install/replay_client/share/replay_client/environment/ament_prefix_path.dsv
[0.251s] -- Up-to-date: /home/shen/learn/ROS2/inject_ws/install/replay_client/share/replay_client/environment/path.sh
[0.251s] -- Up-to-date: /home/shen/learn/ROS2/inject_ws/install/replay_client/share/replay_client/environment/path.dsv
[0.251s] -- Up-to-date: /home/shen/learn/ROS2/inject_ws/install/replay_client/share/replay_client/local_setup.bash
[0.252s] -- Up-to-date: /home/shen/learn/ROS2/inject_ws/install/replay_client/share/replay_client/local_setup.sh
[0.252s] -- Up-to-date: /home/shen/learn/ROS2/inject_ws/install/replay_client/share/replay_client/local_setup.zsh
[0.253s] -- Up-to-date: /home/shen/learn/ROS2/inject_ws/install/replay_client/share/replay_client/local_setup.dsv
[0.254s] -- Installing: /home/shen/learn/ROS2/inject_ws/install/replay_client/share/replay_client/package.dsv
[0.255s] -- Up-to-date: /home/shen/learn/ROS2/inject_ws/install/replay_client/share/ament_index/resource_index/packages/replay_client
[0.256s] -- Up-to-date: /home/shen/learn/ROS2/inject_ws/install/replay_client/share/replay_client/cmake/replay_clientConfig.cmake
[0.257s] -- Up-to-date: /home/shen/learn/ROS2/inject_ws/install/replay_client/share/replay_client/cmake/replay_clientConfig-version.cmake
[0.257s] -- Up-to-date: /home/shen/learn/ROS2/inject_ws/install/replay_client/share/replay_client/package.xml
[0.258s] Invoked command in '/home/shen/learn/ROS2/inject_ws/build/replay_client' returned '0': CMAKE_PREFIX_PATH=/opt/ros/humble /usr/bin/cmake --install /home/shen/learn/ROS2/inject_ws/build/replay_client
