[0.080s] Invoking command in '/home/shen/learn/ROS2/video_ws/build/usb_cam': CMAKE_PREFIX_PATH=${CMAKE_PREFIX_PATH}:/opt/ros/humble /usr/bin/cmake --build /home/shen/learn/ROS2/video_ws/build/usb_cam -- -j16 -l16
[0.190s] [ 14%] [32mBuilding CXX object gtest/CMakeFiles/gtest_main.dir/src/gtest_main.cc.o[0m
[0.190s] [ 14%] [32mBuilding CXX object gtest/CMakeFiles/gtest.dir/src/gtest-all.cc.o[0m
[0.209s] [ 21%] [32mBuilding CXX object CMakeFiles/usb_cam_node_exe.dir/rclcpp_components/node_main_usb_cam_node_exe.cpp.o[0m
[0.211s] [ 28%] [32mBuilding CXX object CMakeFiles/usb_cam.dir/src/usb_cam.cpp.o[0m
[1.039s] [ 35%] [32m[1mLinking CXX static library libgtest_main.a[0m
[1.091s] [ 35%] Built target gtest_main
[1.882s] [ 42%] [32m[1mLinking CXX shared library libusb_cam.so[0m
[2.147s] [ 42%] Built target usb_cam
[2.191s] [ 50%] [32mBuilding CXX object CMakeFiles/usb_cam_node.dir/src/ros2/usb_cam_node.cpp.o[0m
[2.917s] [ 57%] [32m[1mLinking CXX static library libgtest.a[0m
[2.999s] [ 64%] [32m[1mLinking CXX executable usb_cam_node_exe[0m
[3.013s] [ 64%] Built target gtest
[3.045s] [ 71%] [32mBuilding CXX object CMakeFiles/test_usb_cam_utils.dir/test/test_usb_cam_utils.cpp.o[0m
[3.046s] [ 78%] [32mBuilding CXX object CMakeFiles/test_pixel_formats.dir/test/test_pixel_formats.cpp.o[0m
[3.166s] [ 78%] Built target usb_cam_node_exe
[4.138s] [ 85%] [32m[1mLinking CXX executable test_usb_cam_utils[0m
[4.351s] [ 85%] Built target test_usb_cam_utils
[4.459s] [ 92%] [32m[1mLinking CXX executable test_pixel_formats[0m
[4.665s] [ 92%] Built target test_pixel_formats
[8.790s] [100%] [32m[1mLinking CXX shared library libusb_cam_node.so[0m
[9.310s] [100%] Built target usb_cam_node
[9.338s] Invoked command in '/home/shen/learn/ROS2/video_ws/build/usb_cam' returned '0': CMAKE_PREFIX_PATH=${CMAKE_PREFIX_PATH}:/opt/ros/humble /usr/bin/cmake --build /home/shen/learn/ROS2/video_ws/build/usb_cam -- -j16 -l16
[9.465s] Invoking command in '/home/shen/learn/ROS2/video_ws/build/usb_cam': CMAKE_PREFIX_PATH=${CMAKE_PREFIX_PATH}:/opt/ros/humble /usr/bin/cmake --install /home/shen/learn/ROS2/video_ws/build/usb_cam
[9.491s] -- Install configuration: ""
[9.492s] -- Up-to-date: /home/shen/learn/ROS2/video_ws/install/usb_cam/share/usb_cam/environment/library_path.sh
[9.492s] -- Up-to-date: /home/shen/learn/ROS2/video_ws/install/usb_cam/share/usb_cam/environment/library_path.dsv
[9.492s] -- Installing: /home/shen/learn/ROS2/video_ws/install/usb_cam/lib/usb_cam/usb_cam_node_exe
[9.495s] -- Set runtime path of "/home/shen/learn/ROS2/video_ws/install/usb_cam/lib/usb_cam/usb_cam_node_exe" to ""
[9.495s] -- Up-to-date: /home/shen/learn/ROS2/video_ws/install/usb_cam/lib/usb_cam/show_image.py
[9.496s] -- Installing: /home/shen/learn/ROS2/video_ws/install/usb_cam/lib/libusb_cam.so
[9.500s] -- Installing: /home/shen/learn/ROS2/video_ws/install/usb_cam/lib/libusb_cam_node.so
[9.518s] -- Set runtime path of "/home/shen/learn/ROS2/video_ws/install/usb_cam/lib/libusb_cam_node.so" to ""
[9.518s] -- Up-to-date: /home/shen/learn/ROS2/video_ws/install/usb_cam/include
[9.518s] -- Up-to-date: /home/shen/learn/ROS2/video_ws/install/usb_cam/include/usb_cam
[9.519s] -- Up-to-date: /home/shen/learn/ROS2/video_ws/install/usb_cam/include/usb_cam/constants.hpp
[9.519s] -- Up-to-date: /home/shen/learn/ROS2/video_ws/install/usb_cam/include/usb_cam/conversions.hpp
[9.519s] -- Up-to-date: /home/shen/learn/ROS2/video_ws/install/usb_cam/include/usb_cam/formats
[9.519s] -- Up-to-date: /home/shen/learn/ROS2/video_ws/install/usb_cam/include/usb_cam/formats/yuyv.hpp
[9.519s] -- Up-to-date: /home/shen/learn/ROS2/video_ws/install/usb_cam/include/usb_cam/formats/av_pixel_format_helper.hpp
[9.520s] -- Up-to-date: /home/shen/learn/ROS2/video_ws/install/usb_cam/include/usb_cam/formats/uyvy.hpp
[9.520s] -- Up-to-date: /home/shen/learn/ROS2/video_ws/install/usb_cam/include/usb_cam/formats/m420.hpp
[9.520s] -- Up-to-date: /home/shen/learn/ROS2/video_ws/install/usb_cam/include/usb_cam/formats/mjpeg.hpp
[9.520s] -- Up-to-date: /home/shen/learn/ROS2/video_ws/install/usb_cam/include/usb_cam/formats/mono.hpp
[9.520s] -- Up-to-date: /home/shen/learn/ROS2/video_ws/install/usb_cam/include/usb_cam/formats/rgb.hpp
[9.521s] -- Up-to-date: /home/shen/learn/ROS2/video_ws/install/usb_cam/include/usb_cam/formats/utils.hpp
[9.521s] -- Up-to-date: /home/shen/learn/ROS2/video_ws/install/usb_cam/include/usb_cam/formats/pixel_format_base.hpp
[9.521s] -- Up-to-date: /home/shen/learn/ROS2/video_ws/install/usb_cam/include/usb_cam/usb_cam.hpp
[9.521s] -- Up-to-date: /home/shen/learn/ROS2/video_ws/install/usb_cam/include/usb_cam/usb_cam_node.hpp
[9.521s] -- Up-to-date: /home/shen/learn/ROS2/video_ws/install/usb_cam/include/usb_cam/utils.hpp
[9.522s] -- Up-to-date: /home/shen/learn/ROS2/video_ws/install/usb_cam/lib/libusb_cam_node.so
[9.522s] -- Up-to-date: /home/shen/learn/ROS2/video_ws/install/usb_cam/share/usb_cam/launch
[9.522s] -- Up-to-date: /home/shen/learn/ROS2/video_ws/install/usb_cam/share/usb_cam/launch/camera_config.py
[9.522s] -- Up-to-date: /home/shen/learn/ROS2/video_ws/install/usb_cam/share/usb_cam/launch/camera.launch.py
[9.522s] -- Up-to-date: /home/shen/learn/ROS2/video_ws/install/usb_cam/share/usb_cam/launch/__init__.py
[9.523s] -- Up-to-date: /home/shen/learn/ROS2/video_ws/install/usb_cam/share/usb_cam/config
[9.523s] -- Up-to-date: /home/shen/learn/ROS2/video_ws/install/usb_cam/share/usb_cam/config/camera_info.yaml
[9.523s] -- Up-to-date: /home/shen/learn/ROS2/video_ws/install/usb_cam/share/usb_cam/config/params_1.yaml
[9.523s] -- Installing: /home/shen/learn/ROS2/video_ws/install/usb_cam/share/usb_cam/config/params_2.yaml
[9.523s] -- Up-to-date: /home/shen/learn/ROS2/video_ws/install/usb_cam/share/ament_index/resource_index/package_run_dependencies/usb_cam
[9.523s] -- Up-to-date: /home/shen/learn/ROS2/video_ws/install/usb_cam/share/ament_index/resource_index/parent_prefix_path/usb_cam
[9.524s] -- Up-to-date: /home/shen/learn/ROS2/video_ws/install/usb_cam/share/usb_cam/environment/ament_prefix_path.sh
[9.524s] -- Up-to-date: /home/shen/learn/ROS2/video_ws/install/usb_cam/share/usb_cam/environment/ament_prefix_path.dsv
[9.524s] -- Up-to-date: /home/shen/learn/ROS2/video_ws/install/usb_cam/share/usb_cam/environment/path.sh
[9.524s] -- Up-to-date: /home/shen/learn/ROS2/video_ws/install/usb_cam/share/usb_cam/environment/path.dsv
[9.524s] -- Up-to-date: /home/shen/learn/ROS2/video_ws/install/usb_cam/share/usb_cam/local_setup.bash
[9.525s] -- Up-to-date: /home/shen/learn/ROS2/video_ws/install/usb_cam/share/usb_cam/local_setup.sh
[9.525s] -- Up-to-date: /home/shen/learn/ROS2/video_ws/install/usb_cam/share/usb_cam/local_setup.zsh
[9.525s] -- Up-to-date: /home/shen/learn/ROS2/video_ws/install/usb_cam/share/usb_cam/local_setup.dsv
[9.525s] -- Installing: /home/shen/learn/ROS2/video_ws/install/usb_cam/share/usb_cam/package.dsv
[9.526s] -- Up-to-date: /home/shen/learn/ROS2/video_ws/install/usb_cam/share/ament_index/resource_index/packages/usb_cam
[9.526s] -- Up-to-date: /home/shen/learn/ROS2/video_ws/install/usb_cam/share/ament_index/resource_index/rclcpp_components/usb_cam
[9.526s] -- Up-to-date: /home/shen/learn/ROS2/video_ws/install/usb_cam/share/usb_cam/cmake/ament_cmake_export_libraries-extras.cmake
[9.526s] -- Up-to-date: /home/shen/learn/ROS2/video_ws/install/usb_cam/share/usb_cam/cmake/ament_cmake_export_dependencies-extras.cmake
[9.526s] -- Up-to-date: /home/shen/learn/ROS2/video_ws/install/usb_cam/share/usb_cam/cmake/ament_cmake_export_include_directories-extras.cmake
[9.526s] -- Up-to-date: /home/shen/learn/ROS2/video_ws/install/usb_cam/share/usb_cam/cmake/usb_camConfig.cmake
[9.527s] -- Up-to-date: /home/shen/learn/ROS2/video_ws/install/usb_cam/share/usb_cam/cmake/usb_camConfig-version.cmake
[9.527s] -- Up-to-date: /home/shen/learn/ROS2/video_ws/install/usb_cam/share/usb_cam/package.xml
[9.529s] Invoked command in '/home/shen/learn/ROS2/video_ws/build/usb_cam' returned '0': CMAKE_PREFIX_PATH=${CMAKE_PREFIX_PATH}:/opt/ros/humble /usr/bin/cmake --install /home/shen/learn/ROS2/video_ws/build/usb_cam
