[0.049s] Invoking command in '/home/shen/learn/ROS2/inject_ws/build/replay_server': CMAKE_PREFIX_PATH=/opt/ros/humble /usr/bin/cmake /home/shen/learn/ROS2/inject_ws/src/replay_server -DCMAKE_INSTALL_PREFIX=/home/shen/learn/ROS2/inject_ws/install/replay_server
[0.137s] -- The C compiler identification is GNU 11.4.0
[0.193s] -- The CXX compiler identification is GNU 11.4.0
[0.202s] -- Detecting C compiler ABI info
[0.291s] -- Detecting C compiler ABI info - done
[0.298s] -- Check for working C compiler: /usr/bin/cc - skipped
[0.298s] -- Detecting C compile features
[0.298s] -- Detecting C compile features - done
[0.302s] -- Detecting CXX compiler ABI info
[0.387s] -- Detecting CXX compiler ABI info - done
[0.406s] -- Check for working CXX compiler: /usr/bin/c++ - skipped
[0.407s] -- Detecting CXX compile features
[0.408s] -- Detecting CXX compile features - done
[0.420s] -- Found ament_cmake: 1.3.6 (/opt/ros/humble/share/ament_cmake/cmake)
[0.584s] -- Found Python3: /usr/bin/python3.10 (found version "3.10.12") found components: Interpreter 
[0.675s] -- Found rclcpp: 16.0.7 (/opt/ros/humble/share/rclcpp/cmake)
[0.727s] -- Found rosidl_generator_c: 3.1.5 (/opt/ros/humble/share/rosidl_generator_c/cmake)
[0.733s] -- Found rosidl_adapter: 3.1.5 (/opt/ros/humble/share/rosidl_adapter/cmake)
[0.742s] -- Found rosidl_generator_cpp: 3.1.5 (/opt/ros/humble/share/rosidl_generator_cpp/cmake)
[0.759s] -- Using all available rosidl_typesupport_c: rosidl_typesupport_fastrtps_c;rosidl_typesupport_introspection_c
[0.780s] -- Using all available rosidl_typesupport_cpp: rosidl_typesupport_fastrtps_cpp;rosidl_typesupport_introspection_cpp
[0.853s] -- Found rmw_implementation_cmake: 6.1.1 (/opt/ros/humble/share/rmw_implementation_cmake/cmake)
[0.857s] -- Found rmw_cyclonedds_cpp: 1.3.4 (/opt/ros/humble/share/rmw_cyclonedds_cpp/cmake)
[0.892s] -- Using RMW implementation 'rmw_cyclonedds_cpp' as default
[0.903s] -- Looking for pthread.h
[0.992s] -- Looking for pthread.h - found
[0.992s] -- Performing Test CMAKE_HAVE_LIBC_PTHREAD
[1.078s] -- Performing Test CMAKE_HAVE_LIBC_PTHREAD - Success
[1.079s] -- Found Threads: TRUE  
[1.230s] -- Found ament_lint_auto: 0.12.9 (/opt/ros/humble/share/ament_lint_auto/cmake)
[1.337s] -- Added test 'lint_cmake' to check CMake code style
[1.339s] -- Added test 'xmllint' to check XML markup files
[1.340s] -- Configuring done
[1.345s] -- Generating done
[1.347s] -- Build files have been written to: /home/shen/learn/ROS2/inject_ws/build/replay_server
[1.354s] Invoked command in '/home/shen/learn/ROS2/inject_ws/build/replay_server' returned '0': CMAKE_PREFIX_PATH=/opt/ros/humble /usr/bin/cmake /home/shen/learn/ROS2/inject_ws/src/replay_server -DCMAKE_INSTALL_PREFIX=/home/shen/learn/ROS2/inject_ws/install/replay_server
[1.356s] Invoking command in '/home/shen/learn/ROS2/inject_ws/build/replay_server': CMAKE_PREFIX_PATH=/opt/ros/humble /usr/bin/cmake --build /home/shen/learn/ROS2/inject_ws/build/replay_server -- -j16 -l16
[1.399s] Invoked command in '/home/shen/learn/ROS2/inject_ws/build/replay_server' returned '0': CMAKE_PREFIX_PATH=/opt/ros/humble /usr/bin/cmake --build /home/shen/learn/ROS2/inject_ws/build/replay_server -- -j16 -l16
[1.436s] Invoking command in '/home/shen/learn/ROS2/inject_ws/build/replay_server': CMAKE_PREFIX_PATH=/opt/ros/humble /usr/bin/cmake --install /home/shen/learn/ROS2/inject_ws/build/replay_server
[1.445s] -- Install configuration: ""
[1.447s] -- Installing: /home/shen/learn/ROS2/inject_ws/install/replay_server/share/ament_index/resource_index/package_run_dependencies/replay_server
[1.447s] -- Installing: /home/shen/learn/ROS2/inject_ws/install/replay_server/share/ament_index/resource_index/parent_prefix_path/replay_server
[1.447s] -- Installing: /home/shen/learn/ROS2/inject_ws/install/replay_server/share/replay_server/environment/ament_prefix_path.sh
[1.447s] -- Installing: /home/shen/learn/ROS2/inject_ws/install/replay_server/share/replay_server/environment/ament_prefix_path.dsv
[1.448s] -- Installing: /home/shen/learn/ROS2/inject_ws/install/replay_server/share/replay_server/environment/path.sh
[1.448s] -- Installing: /home/shen/learn/ROS2/inject_ws/install/replay_server/share/replay_server/environment/path.dsv
[1.449s] -- Installing: /home/shen/learn/ROS2/inject_ws/install/replay_server/share/replay_server/local_setup.bash
[1.450s] -- Installing: /home/shen/learn/ROS2/inject_ws/install/replay_server/share/replay_server/local_setup.sh
[1.451s] -- Installing: /home/shen/learn/ROS2/inject_ws/install/replay_server/share/replay_server/local_setup.zsh
[1.451s] -- Installing: /home/shen/learn/ROS2/inject_ws/install/replay_server/share/replay_server/local_setup.dsv
[1.452s] -- Installing: /home/shen/learn/ROS2/inject_ws/install/replay_server/share/replay_server/package.dsv
[1.452s] -- Installing: /home/shen/learn/ROS2/inject_ws/install/replay_server/share/ament_index/resource_index/packages/replay_server
[1.452s] -- Installing: /home/shen/learn/ROS2/inject_ws/install/replay_server/share/replay_server/cmake/replay_serverConfig.cmake
[1.453s] -- Installing: /home/shen/learn/ROS2/inject_ws/install/replay_server/share/replay_server/cmake/replay_serverConfig-version.cmake
[1.453s] -- Installing: /home/shen/learn/ROS2/inject_ws/install/replay_server/share/replay_server/package.xml
[1.454s] Invoked command in '/home/shen/learn/ROS2/inject_ws/build/replay_server' returned '0': CMAKE_PREFIX_PATH=/opt/ros/humble /usr/bin/cmake --install /home/shen/learn/ROS2/inject_ws/build/replay_server
