[0.097s] Invoking command in '/home/shen/learn/ROS2/inject_ws/build/replay_client': CMAKE_PREFIX_PATH=/opt/ros/humble /usr/bin/cmake /home/shen/learn/ROS2/inject_ws/src/replay_client -DCMAKE_INSTALL_PREFIX=/home/shen/learn/ROS2/inject_ws/install/replay_client
[0.209s] -- The C compiler identification is GNU 11.4.0
[0.313s] -- The CXX compiler identification is GNU 11.4.0
[0.321s] -- Detecting C compiler ABI info
[0.397s] -- Detecting C compiler ABI info - done
[0.406s] -- Check for working C compiler: /usr/bin/cc - skipped
[0.406s] -- Detecting C compile features
[0.406s] -- Detecting C compile features - done
[0.410s] -- Detecting CXX compiler ABI info
[0.534s] -- Detecting CXX compiler ABI info - done
[0.541s] -- Check for working CXX compiler: /usr/bin/c++ - skipped
[0.541s] -- Detecting CXX compile features
[0.542s] -- Detecting CXX compile features - done
[0.545s] -- Found ament_cmake: 1.3.6 (/opt/ros/humble/share/ament_cmake/cmake)
[0.729s] -- Found Python3: /usr/bin/python3.10 (found version "3.10.12") found components: Interpreter 
[0.804s] -- Found rclcpp: 16.0.7 (/opt/ros/humble/share/rclcpp/cmake)
[0.844s] -- Found rosidl_generator_c: 3.1.5 (/opt/ros/humble/share/rosidl_generator_c/cmake)
[0.848s] -- Found rosidl_adapter: 3.1.5 (/opt/ros/humble/share/rosidl_adapter/cmake)
[0.856s] -- Found rosidl_generator_cpp: 3.1.5 (/opt/ros/humble/share/rosidl_generator_cpp/cmake)
[0.868s] -- Using all available rosidl_typesupport_c: rosidl_typesupport_fastrtps_c;rosidl_typesupport_introspection_c
[0.886s] -- Using all available rosidl_typesupport_cpp: rosidl_typesupport_fastrtps_cpp;rosidl_typesupport_introspection_cpp
[0.949s] -- Found rmw_implementation_cmake: 6.1.1 (/opt/ros/humble/share/rmw_implementation_cmake/cmake)
[0.951s] -- Found rmw_cyclonedds_cpp: 1.3.4 (/opt/ros/humble/share/rmw_cyclonedds_cpp/cmake)
[0.980s] -- Using RMW implementation 'rmw_cyclonedds_cpp' as default
[0.989s] -- Looking for pthread.h
[1.062s] -- Looking for pthread.h - found
[1.062s] -- Performing Test CMAKE_HAVE_LIBC_PTHREAD
[1.169s] -- Performing Test CMAKE_HAVE_LIBC_PTHREAD - Success
[1.170s] -- Found Threads: TRUE  
[1.311s] -- Found ament_lint_auto: 0.12.9 (/opt/ros/humble/share/ament_lint_auto/cmake)
[1.411s] -- Added test 'lint_cmake' to check CMake code style
[1.412s] -- Added test 'xmllint' to check XML markup files
[1.414s] -- Configuring done
[1.419s] -- Generating done
[1.420s] -- Build files have been written to: /home/shen/learn/ROS2/inject_ws/build/replay_client
[1.428s] Invoked command in '/home/shen/learn/ROS2/inject_ws/build/replay_client' returned '0': CMAKE_PREFIX_PATH=/opt/ros/humble /usr/bin/cmake /home/shen/learn/ROS2/inject_ws/src/replay_client -DCMAKE_INSTALL_PREFIX=/home/shen/learn/ROS2/inject_ws/install/replay_client
[1.430s] Invoking command in '/home/shen/learn/ROS2/inject_ws/build/replay_client': CMAKE_PREFIX_PATH=/opt/ros/humble /usr/bin/cmake --build /home/shen/learn/ROS2/inject_ws/build/replay_client -- -j16 -l16
[1.471s] Invoked command in '/home/shen/learn/ROS2/inject_ws/build/replay_client' returned '0': CMAKE_PREFIX_PATH=/opt/ros/humble /usr/bin/cmake --build /home/shen/learn/ROS2/inject_ws/build/replay_client -- -j16 -l16
[1.496s] Invoking command in '/home/shen/learn/ROS2/inject_ws/build/replay_client': CMAKE_PREFIX_PATH=/opt/ros/humble /usr/bin/cmake --install /home/shen/learn/ROS2/inject_ws/build/replay_client
[1.505s] -- Install configuration: ""
[1.505s] -- Installing: /home/shen/learn/ROS2/inject_ws/install/replay_client/share/ament_index/resource_index/package_run_dependencies/replay_client
[1.505s] -- Installing: /home/shen/learn/ROS2/inject_ws/install/replay_client/share/ament_index/resource_index/parent_prefix_path/replay_client
[1.506s] -- Installing: /home/shen/learn/ROS2/inject_ws/install/replay_client/share/replay_client/environment/ament_prefix_path.sh
[1.506s] -- Installing: /home/shen/learn/ROS2/inject_ws/install/replay_client/share/replay_client/environment/ament_prefix_path.dsv
[1.506s] -- Installing: /home/shen/learn/ROS2/inject_ws/install/replay_client/share/replay_client/environment/path.sh
[1.507s] -- Installing: /home/shen/learn/ROS2/inject_ws/install/replay_client/share/replay_client/environment/path.dsv
[1.507s] -- Installing: /home/shen/learn/ROS2/inject_ws/install/replay_client/share/replay_client/local_setup.bash
[1.508s] -- Installing: /home/shen/learn/ROS2/inject_ws/install/replay_client/share/replay_client/local_setup.sh
[1.508s] -- Installing: /home/shen/learn/ROS2/inject_ws/install/replay_client/share/replay_client/local_setup.zsh
[1.508s] -- Installing: /home/shen/learn/ROS2/inject_ws/install/replay_client/share/replay_client/local_setup.dsv
[1.509s] -- Installing: /home/shen/learn/ROS2/inject_ws/install/replay_client/share/replay_client/package.dsv
[1.510s] -- Installing: /home/shen/learn/ROS2/inject_ws/install/replay_client/share/ament_index/resource_index/packages/replay_client
[1.510s] -- Installing: /home/shen/learn/ROS2/inject_ws/install/replay_client/share/replay_client/cmake/replay_clientConfig.cmake
[1.510s] -- Installing: /home/shen/learn/ROS2/inject_ws/install/replay_client/share/replay_client/cmake/replay_clientConfig-version.cmake
[1.511s] -- Installing: /home/shen/learn/ROS2/inject_ws/install/replay_client/share/replay_client/package.xml
[1.579s] Invoked command in '/home/shen/learn/ROS2/inject_ws/build/replay_client' returned '0': CMAKE_PREFIX_PATH=/opt/ros/humble /usr/bin/cmake --install /home/shen/learn/ROS2/inject_ws/build/replay_client
