[0.071s] Invoking command in '/home/shen/learn/ROS2/video_ws/build/usb_cam': CMAKE_PREFIX_PATH=${CMAKE_PREFIX_PATH}:/opt/ros/humble /usr/bin/cmake --build /home/shen/learn/ROS2/video_ws/build/usb_cam -- -j16 -l16
[0.162s] [ 14%] Built target gtest
[0.169s] [ 28%] Built target gtest_main
[0.173s] [ 42%] Built target usb_cam
[0.178s] [ 57%] Built target usb_cam_node_exe
[0.202s] [ 71%] Built target test_pixel_formats
[0.220s] [ 85%] Built target usb_cam_node
[0.223s] [100%] Built target test_usb_cam_utils
[0.238s] Invoked command in '/home/shen/learn/ROS2/video_ws/build/usb_cam' returned '0': CMAKE_PREFIX_PATH=${CMAKE_PREFIX_PATH}:/opt/ros/humble /usr/bin/cmake --build /home/shen/learn/ROS2/video_ws/build/usb_cam -- -j16 -l16
[0.301s] Invoking command in '/home/shen/learn/ROS2/video_ws/build/usb_cam': CMAKE_PREFIX_PATH=${CMAKE_PREFIX_PATH}:/opt/ros/humble /usr/bin/cmake --install /home/shen/learn/ROS2/video_ws/build/usb_cam
[0.308s] -- Install configuration: ""
[0.308s] -- Up-to-date: /home/shen/learn/ROS2/video_ws/install/usb_cam/share/usb_cam/environment/library_path.sh
[0.308s] -- Up-to-date: /home/shen/learn/ROS2/video_ws/install/usb_cam/share/usb_cam/environment/library_path.dsv
[0.308s] -- Up-to-date: /home/shen/learn/ROS2/video_ws/install/usb_cam/lib/usb_cam/usb_cam_node_exe
[0.308s] -- Up-to-date: /home/shen/learn/ROS2/video_ws/install/usb_cam/lib/usb_cam/show_image.py
[0.309s] -- Up-to-date: /home/shen/learn/ROS2/video_ws/install/usb_cam/lib/libusb_cam.so
[0.309s] -- Up-to-date: /home/shen/learn/ROS2/video_ws/install/usb_cam/lib/libusb_cam_node.so
[0.309s] -- Up-to-date: /home/shen/learn/ROS2/video_ws/install/usb_cam/include
[0.309s] -- Up-to-date: /home/shen/learn/ROS2/video_ws/install/usb_cam/include/usb_cam
[0.310s] -- Up-to-date: /home/shen/learn/ROS2/video_ws/install/usb_cam/include/usb_cam/constants.hpp
[0.310s] -- Up-to-date: /home/shen/learn/ROS2/video_ws/install/usb_cam/include/usb_cam/conversions.hpp
[0.310s] -- Up-to-date: /home/shen/learn/ROS2/video_ws/install/usb_cam/include/usb_cam/formats
[0.311s] -- Up-to-date: /home/shen/learn/ROS2/video_ws/install/usb_cam/include/usb_cam/formats/yuyv.hpp
[0.311s] -- Up-to-date: /home/shen/learn/ROS2/video_ws/install/usb_cam/include/usb_cam/formats/av_pixel_format_helper.hpp
[0.311s] -- Up-to-date: /home/shen/learn/ROS2/video_ws/install/usb_cam/include/usb_cam/formats/uyvy.hpp
[0.311s] -- Up-to-date: /home/shen/learn/ROS2/video_ws/install/usb_cam/include/usb_cam/formats/m420.hpp
[0.311s] -- Up-to-date: /home/shen/learn/ROS2/video_ws/install/usb_cam/include/usb_cam/formats/mjpeg.hpp
[0.312s] -- Up-to-date: /home/shen/learn/ROS2/video_ws/install/usb_cam/include/usb_cam/formats/mono.hpp
[0.312s] -- Up-to-date: /home/shen/learn/ROS2/video_ws/install/usb_cam/include/usb_cam/formats/rgb.hpp
[0.312s] -- Up-to-date: /home/shen/learn/ROS2/video_ws/install/usb_cam/include/usb_cam/formats/utils.hpp
[0.312s] -- Up-to-date: /home/shen/learn/ROS2/video_ws/install/usb_cam/include/usb_cam/formats/pixel_format_base.hpp
[0.312s] -- Up-to-date: /home/shen/learn/ROS2/video_ws/install/usb_cam/include/usb_cam/usb_cam.hpp
[0.312s] -- Up-to-date: /home/shen/learn/ROS2/video_ws/install/usb_cam/include/usb_cam/usb_cam_node.hpp
[0.312s] -- Up-to-date: /home/shen/learn/ROS2/video_ws/install/usb_cam/include/usb_cam/utils.hpp
[0.313s] -- Up-to-date: /home/shen/learn/ROS2/video_ws/install/usb_cam/lib/libusb_cam_node.so
[0.313s] -- Up-to-date: /home/shen/learn/ROS2/video_ws/install/usb_cam/share/usb_cam/launch
[0.313s] -- Up-to-date: /home/shen/learn/ROS2/video_ws/install/usb_cam/share/usb_cam/launch/camera_config.py
[0.313s] -- Up-to-date: /home/shen/learn/ROS2/video_ws/install/usb_cam/share/usb_cam/launch/camera.launch.py
[0.314s] -- Up-to-date: /home/shen/learn/ROS2/video_ws/install/usb_cam/share/usb_cam/launch/__init__.py
[0.314s] -- Up-to-date: /home/shen/learn/ROS2/video_ws/install/usb_cam/share/usb_cam/config
[0.314s] -- Up-to-date: /home/shen/learn/ROS2/video_ws/install/usb_cam/share/usb_cam/config/camera_info.yaml
[0.315s] -- Installing: /home/shen/learn/ROS2/video_ws/install/usb_cam/share/usb_cam/config/params_1.yaml
[0.315s] -- Up-to-date: /home/shen/learn/ROS2/video_ws/install/usb_cam/share/usb_cam/config/params_2.yaml
[0.315s] -- Up-to-date: /home/shen/learn/ROS2/video_ws/install/usb_cam/share/ament_index/resource_index/package_run_dependencies/usb_cam
[0.316s] -- Up-to-date: /home/shen/learn/ROS2/video_ws/install/usb_cam/share/ament_index/resource_index/parent_prefix_path/usb_cam
[0.316s] -- Up-to-date: /home/shen/learn/ROS2/video_ws/install/usb_cam/share/usb_cam/environment/ament_prefix_path.sh
[0.317s] -- Up-to-date: /home/shen/learn/ROS2/video_ws/install/usb_cam/share/usb_cam/environment/ament_prefix_path.dsv
[0.317s] -- Up-to-date: /home/shen/learn/ROS2/video_ws/install/usb_cam/share/usb_cam/environment/path.sh
[0.318s] -- Up-to-date: /home/shen/learn/ROS2/video_ws/install/usb_cam/share/usb_cam/environment/path.dsv
[0.318s] -- Up-to-date: /home/shen/learn/ROS2/video_ws/install/usb_cam/share/usb_cam/local_setup.bash
[0.318s] -- Up-to-date: /home/shen/learn/ROS2/video_ws/install/usb_cam/share/usb_cam/local_setup.sh
[0.319s] -- Up-to-date: /home/shen/learn/ROS2/video_ws/install/usb_cam/share/usb_cam/local_setup.zsh
[0.319s] -- Up-to-date: /home/shen/learn/ROS2/video_ws/install/usb_cam/share/usb_cam/local_setup.dsv
[0.319s] -- Installing: /home/shen/learn/ROS2/video_ws/install/usb_cam/share/usb_cam/package.dsv
[0.320s] -- Up-to-date: /home/shen/learn/ROS2/video_ws/install/usb_cam/share/ament_index/resource_index/packages/usb_cam
[0.320s] -- Up-to-date: /home/shen/learn/ROS2/video_ws/install/usb_cam/share/ament_index/resource_index/rclcpp_components/usb_cam
[0.320s] -- Up-to-date: /home/shen/learn/ROS2/video_ws/install/usb_cam/share/usb_cam/cmake/ament_cmake_export_libraries-extras.cmake
[0.321s] -- Up-to-date: /home/shen/learn/ROS2/video_ws/install/usb_cam/share/usb_cam/cmake/ament_cmake_export_dependencies-extras.cmake
[0.321s] -- Up-to-date: /home/shen/learn/ROS2/video_ws/install/usb_cam/share/usb_cam/cmake/ament_cmake_export_include_directories-extras.cmake
[0.322s] -- Up-to-date: /home/shen/learn/ROS2/video_ws/install/usb_cam/share/usb_cam/cmake/usb_camConfig.cmake
[0.323s] -- Up-to-date: /home/shen/learn/ROS2/video_ws/install/usb_cam/share/usb_cam/cmake/usb_camConfig-version.cmake
[0.323s] -- Up-to-date: /home/shen/learn/ROS2/video_ws/install/usb_cam/share/usb_cam/package.xml
[0.323s] Invoked command in '/home/shen/learn/ROS2/video_ws/build/usb_cam' returned '0': CMAKE_PREFIX_PATH=${CMAKE_PREFIX_PATH}:/opt/ros/humble /usr/bin/cmake --install /home/shen/learn/ROS2/video_ws/build/usb_cam
