[0.066s] Invoking command in '/home/shen/learn/ROS2/can_ws/build/my_can_utils': CMAKE_PREFIX_PATH=${CMAKE_PREFIX_PATH}:/opt/ros/humble /usr/bin/cmake --build /home/shen/learn/ROS2/can_ws/build/my_can_utils -- -j16 -l16
[0.106s] -- Found ament_cmake: 1.3.6 (/opt/ros/humble/share/ament_cmake/cmake)
[0.314s] -- Found rclcpp: 16.0.7 (/opt/ros/humble/share/rclcpp/cmake)
[0.361s] -- Found rosidl_generator_c: 3.1.5 (/opt/ros/humble/share/rosidl_generator_c/cmake)
[0.367s] -- Found rosidl_adapter: 3.1.5 (/opt/ros/humble/share/rosidl_adapter/cmake)
[0.373s] -- Found rosidl_generator_cpp: 3.1.5 (/opt/ros/humble/share/rosidl_generator_cpp/cmake)
[0.384s] -- Using all available rosidl_typesupport_c: rosidl_typesupport_fastrtps_c;rosidl_typesupport_introspection_c
[0.399s] -- Using all available rosidl_typesupport_cpp: rosidl_typesupport_fastrtps_cpp;rosidl_typesupport_introspection_cpp
[0.456s] -- Found rmw_implementation_cmake: 6.1.1 (/opt/ros/humble/share/rmw_implementation_cmake/cmake)
[0.457s] -- Found rmw_fastrtps_cpp: 6.2.5 (/opt/ros/humble/share/rmw_fastrtps_cpp/cmake)
[0.589s] -- Using RMW implementation 'rmw_fastrtps_cpp' as default
[0.735s] -- Found can_msgs: 2.0.0 (/opt/ros/humble/share/can_msgs/cmake)
[0.774s] -- Found ament_lint_auto: 0.12.9 (/opt/ros/humble/share/ament_lint_auto/cmake)
[0.873s] -- Added test 'cppcheck' to perform static code analysis on C / C++ code
[0.873s] -- Configured cppcheck include dirs: 
[0.873s] -- Configured cppcheck exclude dirs and/or files: 
[0.873s] -- Added test 'flake8' to check Python code syntax and style conventions
[0.874s] -- Added test 'lint_cmake' to check CMake code style
[0.874s] -- Added test 'pep257' to check Python code against some of the docstring style conventions in PEP 257
[0.876s] -- Added test 'uncrustify' to check C / C++ code style
[0.876s] -- Configured uncrustify additional arguments: 
[0.876s] -- Added test 'xmllint' to check XML markup files
[0.877s] -- Configuring done
[0.892s] -- Generating done
[0.894s] -- Build files have been written to: /home/shen/learn/ROS2/can_ws/build/my_can_utils
[0.928s] [35m[1mConsolidate compiler generated dependencies of target can_recorder[0m
[0.934s] [35m[1mConsolidate compiler generated dependencies of target can_publisher[0m
[0.965s] [ 50%] Built target can_publisher
[0.968s] [100%] Built target can_recorder
[0.982s] Invoked command in '/home/shen/learn/ROS2/can_ws/build/my_can_utils' returned '0': CMAKE_PREFIX_PATH=${CMAKE_PREFIX_PATH}:/opt/ros/humble /usr/bin/cmake --build /home/shen/learn/ROS2/can_ws/build/my_can_utils -- -j16 -l16
[1.030s] Invoking command in '/home/shen/learn/ROS2/can_ws/build/my_can_utils': CMAKE_PREFIX_PATH=${CMAKE_PREFIX_PATH}:/opt/ros/humble /usr/bin/cmake --install /home/shen/learn/ROS2/can_ws/build/my_can_utils
[1.038s] -- Install configuration: ""
[1.040s] -- Up-to-date: /home/shen/learn/ROS2/can_ws/install/my_can_utils/lib/my_can_utils/can_recorder
[1.040s] -- Up-to-date: /home/shen/learn/ROS2/can_ws/install/my_can_utils/lib/my_can_utils/can_publisher
[1.041s] -- Up-to-date: /home/shen/learn/ROS2/can_ws/install/my_can_utils/share/my_can_utils/launch
[1.041s] -- Installing: /home/shen/learn/ROS2/can_ws/install/my_can_utils/share/my_can_utils/launch/publisher.launch.py
[1.041s] -- Up-to-date: /home/shen/learn/ROS2/can_ws/install/my_can_utils/share/my_can_utils/config
[1.041s] -- Installing: /home/shen/learn/ROS2/can_ws/install/my_can_utils/share/my_can_utils/config/publisher.yaml
[1.042s] -- Up-to-date: /home/shen/learn/ROS2/can_ws/install/my_can_utils/share/ament_index/resource_index/package_run_dependencies/my_can_utils
[1.042s] -- Installing: /home/shen/learn/ROS2/can_ws/install/my_can_utils/share/ament_index/resource_index/parent_prefix_path/my_can_utils
[1.042s] -- Up-to-date: /home/shen/learn/ROS2/can_ws/install/my_can_utils/share/my_can_utils/environment/ament_prefix_path.sh
[1.042s] -- Installing: /home/shen/learn/ROS2/can_ws/install/my_can_utils/share/my_can_utils/environment/ament_prefix_path.dsv
[1.042s] -- Up-to-date: /home/shen/learn/ROS2/can_ws/install/my_can_utils/share/my_can_utils/environment/path.sh
[1.042s] -- Installing: /home/shen/learn/ROS2/can_ws/install/my_can_utils/share/my_can_utils/environment/path.dsv
[1.042s] -- Up-to-date: /home/shen/learn/ROS2/can_ws/install/my_can_utils/share/my_can_utils/local_setup.bash
[1.043s] -- Up-to-date: /home/shen/learn/ROS2/can_ws/install/my_can_utils/share/my_can_utils/local_setup.sh
[1.043s] -- Up-to-date: /home/shen/learn/ROS2/can_ws/install/my_can_utils/share/my_can_utils/local_setup.zsh
[1.043s] -- Installing: /home/shen/learn/ROS2/can_ws/install/my_can_utils/share/my_can_utils/local_setup.dsv
[1.043s] -- Installing: /home/shen/learn/ROS2/can_ws/install/my_can_utils/share/my_can_utils/package.dsv
[1.043s] -- Up-to-date: /home/shen/learn/ROS2/can_ws/install/my_can_utils/share/ament_index/resource_index/packages/my_can_utils
[1.043s] -- Up-to-date: /home/shen/learn/ROS2/can_ws/install/my_can_utils/share/my_can_utils/cmake/my_can_utilsConfig.cmake
[1.043s] -- Up-to-date: /home/shen/learn/ROS2/can_ws/install/my_can_utils/share/my_can_utils/cmake/my_can_utilsConfig-version.cmake
[1.043s] -- Installing: /home/shen/learn/ROS2/can_ws/install/my_can_utils/share/my_can_utils/package.xml
[1.046s] Invoked command in '/home/shen/learn/ROS2/can_ws/build/my_can_utils' returned '0': CMAKE_PREFIX_PATH=${CMAKE_PREFIX_PATH}:/opt/ros/humble /usr/bin/cmake --install /home/shen/learn/ROS2/can_ws/build/my_can_utils
