[0.058s] Invoking command in '/home/shen/learn/ROS2/ars408_ws/build/ros2_socketcan_msgs': CMAKE_PREFIX_PATH=${CMAKE_PREFIX_PATH}:/opt/ros/humble /usr/bin/cmake --build /home/shen/learn/ROS2/ars408_ws/build/ros2_socketcan_msgs -- -j16 -l16
[0.113s] [  3%] Built target ros2_socketcan_msgs__cpp
[0.123s] [ 12%] Built target ros2_socketcan_msgs__rosidl_generator_c
[0.134s] [ 12%] Built target ament_cmake_python_copy_ros2_socketcan_msgs
[0.141s] [ 22%] Built target ros2_socketcan_msgs__rosidl_typesupport_fastrtps_cpp
[0.144s] [ 32%] Built target ros2_socketcan_msgs__rosidl_typesupport_introspection_cpp
[0.150s] [ 41%] Built target ros2_socketcan_msgs__rosidl_typesupport_c
[0.152s] [ 51%] Built target ros2_socketcan_msgs__rosidl_typesupport_fastrtps_c
[0.154s] [ 61%] Built target ros2_socketcan_msgs__rosidl_typesupport_cpp
[0.161s] [ 70%] Built target ros2_socketcan_msgs__rosidl_typesupport_introspection_c
[0.182s] [ 70%] Built target ros2_socketcan_msgs
[0.204s] [ 74%] Built target ros2_socketcan_msgs__py
[0.229s] [ 80%] Built target ros2_socketcan_msgs__rosidl_generator_py
[0.253s] [ 87%] Built target ros2_socketcan_msgs__rosidl_typesupport_fastrtps_c__pyext
[0.260s] [ 93%] Built target ros2_socketcan_msgs__rosidl_typesupport_introspection_c__pyext
[0.262s] [100%] Built target ros2_socketcan_msgs__rosidl_typesupport_c__pyext
[0.336s] running egg_info
[0.336s] writing ros2_socketcan_msgs.egg-info/PKG-INFO
[0.336s] writing dependency_links to ros2_socketcan_msgs.egg-info/dependency_links.txt
[0.337s] writing top-level names to ros2_socketcan_msgs.egg-info/top_level.txt
[0.339s] reading manifest file 'ros2_socketcan_msgs.egg-info/SOURCES.txt'
[0.339s] writing manifest file 'ros2_socketcan_msgs.egg-info/SOURCES.txt'
[0.378s] [100%] Built target ament_cmake_python_build_ros2_socketcan_msgs_egg
[0.408s] Invoked command in '/home/shen/learn/ROS2/ars408_ws/build/ros2_socketcan_msgs' returned '0': CMAKE_PREFIX_PATH=${CMAKE_PREFIX_PATH}:/opt/ros/humble /usr/bin/cmake --build /home/shen/learn/ROS2/ars408_ws/build/ros2_socketcan_msgs -- -j16 -l16
[0.553s] Invoking command in '/home/shen/learn/ROS2/ars408_ws/build/ros2_socketcan_msgs': CMAKE_PREFIX_PATH=${CMAKE_PREFIX_PATH}:/opt/ros/humble /usr/bin/cmake --install /home/shen/learn/ROS2/ars408_ws/build/ros2_socketcan_msgs
[0.561s] -- Install configuration: ""
[0.561s] -- Up-to-date: /home/shen/learn/ROS2/ars408_ws/install/ros2_socketcan_msgs/share/ament_index/resource_index/rosidl_interfaces/ros2_socketcan_msgs
[0.561s] -- Up-to-date: /home/shen/learn/ROS2/ars408_ws/install/ros2_socketcan_msgs/include/ros2_socketcan_msgs/ros2_socketcan_msgs
[0.561s] -- Up-to-date: /home/shen/learn/ROS2/ars408_ws/install/ros2_socketcan_msgs/include/ros2_socketcan_msgs/ros2_socketcan_msgs/msg
[0.562s] -- Up-to-date: /home/shen/learn/ROS2/ars408_ws/install/ros2_socketcan_msgs/include/ros2_socketcan_msgs/ros2_socketcan_msgs/msg/rosidl_generator_c__visibility_control.h
[0.562s] -- Up-to-date: /home/shen/learn/ROS2/ars408_ws/install/ros2_socketcan_msgs/include/ros2_socketcan_msgs/ros2_socketcan_msgs/msg/fd_frame.h
[0.562s] -- Up-to-date: /home/shen/learn/ROS2/ars408_ws/install/ros2_socketcan_msgs/include/ros2_socketcan_msgs/ros2_socketcan_msgs/msg/detail
[0.562s] -- Up-to-date: /home/shen/learn/ROS2/ars408_ws/install/ros2_socketcan_msgs/include/ros2_socketcan_msgs/ros2_socketcan_msgs/msg/detail/fd_frame__struct.h
[0.563s] -- Up-to-date: /home/shen/learn/ROS2/ars408_ws/install/ros2_socketcan_msgs/include/ros2_socketcan_msgs/ros2_socketcan_msgs/msg/detail/fd_frame__functions.h
[0.563s] -- Up-to-date: /home/shen/learn/ROS2/ars408_ws/install/ros2_socketcan_msgs/include/ros2_socketcan_msgs/ros2_socketcan_msgs/msg/detail/fd_frame__type_support.h
[0.563s] -- Up-to-date: /home/shen/learn/ROS2/ars408_ws/install/ros2_socketcan_msgs/include/ros2_socketcan_msgs/ros2_socketcan_msgs/msg/detail/fd_frame__functions.c
[0.563s] -- Up-to-date: /home/shen/learn/ROS2/ars408_ws/install/ros2_socketcan_msgs/share/ros2_socketcan_msgs/environment/library_path.sh
[0.564s] -- Up-to-date: /home/shen/learn/ROS2/ars408_ws/install/ros2_socketcan_msgs/share/ros2_socketcan_msgs/environment/library_path.dsv
[0.564s] -- Up-to-date: /home/shen/learn/ROS2/ars408_ws/install/ros2_socketcan_msgs/lib/libros2_socketcan_msgs__rosidl_generator_c.so
[0.564s] -- Up-to-date: /home/shen/learn/ROS2/ars408_ws/install/ros2_socketcan_msgs/include/ros2_socketcan_msgs/ros2_socketcan_msgs
[0.564s] -- Up-to-date: /home/shen/learn/ROS2/ars408_ws/install/ros2_socketcan_msgs/include/ros2_socketcan_msgs/ros2_socketcan_msgs/msg
[0.565s] -- Up-to-date: /home/shen/learn/ROS2/ars408_ws/install/ros2_socketcan_msgs/include/ros2_socketcan_msgs/ros2_socketcan_msgs/msg/rosidl_typesupport_fastrtps_c__visibility_control.h
[0.565s] -- Up-to-date: /home/shen/learn/ROS2/ars408_ws/install/ros2_socketcan_msgs/include/ros2_socketcan_msgs/ros2_socketcan_msgs/msg/detail
[0.565s] -- Up-to-date: /home/shen/learn/ROS2/ars408_ws/install/ros2_socketcan_msgs/include/ros2_socketcan_msgs/ros2_socketcan_msgs/msg/detail/fd_frame__rosidl_typesupport_fastrtps_c.h
[0.565s] -- Up-to-date: /home/shen/learn/ROS2/ars408_ws/install/ros2_socketcan_msgs/lib/libros2_socketcan_msgs__rosidl_typesupport_fastrtps_c.so
[0.565s] -- Up-to-date: /home/shen/learn/ROS2/ars408_ws/install/ros2_socketcan_msgs/include/ros2_socketcan_msgs/ros2_socketcan_msgs
[0.566s] -- Up-to-date: /home/shen/learn/ROS2/ars408_ws/install/ros2_socketcan_msgs/include/ros2_socketcan_msgs/ros2_socketcan_msgs/msg
[0.566s] -- Up-to-date: /home/shen/learn/ROS2/ars408_ws/install/ros2_socketcan_msgs/include/ros2_socketcan_msgs/ros2_socketcan_msgs/msg/rosidl_typesupport_introspection_c__visibility_control.h
[0.566s] -- Up-to-date: /home/shen/learn/ROS2/ars408_ws/install/ros2_socketcan_msgs/include/ros2_socketcan_msgs/ros2_socketcan_msgs/msg/detail
[0.566s] -- Up-to-date: /home/shen/learn/ROS2/ars408_ws/install/ros2_socketcan_msgs/include/ros2_socketcan_msgs/ros2_socketcan_msgs/msg/detail/fd_frame__rosidl_typesupport_introspection_c.h
[0.566s] -- Up-to-date: /home/shen/learn/ROS2/ars408_ws/install/ros2_socketcan_msgs/include/ros2_socketcan_msgs/ros2_socketcan_msgs/msg/detail/fd_frame__type_support.c
[0.567s] -- Up-to-date: /home/shen/learn/ROS2/ars408_ws/install/ros2_socketcan_msgs/lib/libros2_socketcan_msgs__rosidl_typesupport_introspection_c.so
[0.567s] -- Up-to-date: /home/shen/learn/ROS2/ars408_ws/install/ros2_socketcan_msgs/lib/libros2_socketcan_msgs__rosidl_typesupport_c.so
[0.567s] -- Up-to-date: /home/shen/learn/ROS2/ars408_ws/install/ros2_socketcan_msgs/include/ros2_socketcan_msgs/ros2_socketcan_msgs
[0.567s] -- Up-to-date: /home/shen/learn/ROS2/ars408_ws/install/ros2_socketcan_msgs/include/ros2_socketcan_msgs/ros2_socketcan_msgs/msg
[0.567s] -- Up-to-date: /home/shen/learn/ROS2/ars408_ws/install/ros2_socketcan_msgs/include/ros2_socketcan_msgs/ros2_socketcan_msgs/msg/fd_frame.hpp
[0.567s] -- Up-to-date: /home/shen/learn/ROS2/ars408_ws/install/ros2_socketcan_msgs/include/ros2_socketcan_msgs/ros2_socketcan_msgs/msg/detail
[0.568s] -- Up-to-date: /home/shen/learn/ROS2/ars408_ws/install/ros2_socketcan_msgs/include/ros2_socketcan_msgs/ros2_socketcan_msgs/msg/detail/fd_frame__struct.hpp
[0.568s] -- Up-to-date: /home/shen/learn/ROS2/ars408_ws/install/ros2_socketcan_msgs/include/ros2_socketcan_msgs/ros2_socketcan_msgs/msg/detail/fd_frame__builder.hpp
[0.568s] -- Up-to-date: /home/shen/learn/ROS2/ars408_ws/install/ros2_socketcan_msgs/include/ros2_socketcan_msgs/ros2_socketcan_msgs/msg/detail/fd_frame__traits.hpp
[0.568s] -- Up-to-date: /home/shen/learn/ROS2/ars408_ws/install/ros2_socketcan_msgs/include/ros2_socketcan_msgs/ros2_socketcan_msgs
[0.568s] -- Up-to-date: /home/shen/learn/ROS2/ars408_ws/install/ros2_socketcan_msgs/include/ros2_socketcan_msgs/ros2_socketcan_msgs/msg
[0.568s] -- Up-to-date: /home/shen/learn/ROS2/ars408_ws/install/ros2_socketcan_msgs/include/ros2_socketcan_msgs/ros2_socketcan_msgs/msg/rosidl_typesupport_fastrtps_cpp__visibility_control.h
[0.568s] -- Up-to-date: /home/shen/learn/ROS2/ars408_ws/install/ros2_socketcan_msgs/include/ros2_socketcan_msgs/ros2_socketcan_msgs/msg/detail
[0.569s] -- Up-to-date: /home/shen/learn/ROS2/ars408_ws/install/ros2_socketcan_msgs/include/ros2_socketcan_msgs/ros2_socketcan_msgs/msg/detail/dds_fastrtps
[0.569s] -- Up-to-date: /home/shen/learn/ROS2/ars408_ws/install/ros2_socketcan_msgs/include/ros2_socketcan_msgs/ros2_socketcan_msgs/msg/detail/fd_frame__rosidl_typesupport_fastrtps_cpp.hpp
[0.569s] -- Up-to-date: /home/shen/learn/ROS2/ars408_ws/install/ros2_socketcan_msgs/lib/libros2_socketcan_msgs__rosidl_typesupport_fastrtps_cpp.so
[0.569s] -- Up-to-date: /home/shen/learn/ROS2/ars408_ws/install/ros2_socketcan_msgs/include/ros2_socketcan_msgs/ros2_socketcan_msgs
[0.569s] -- Up-to-date: /home/shen/learn/ROS2/ars408_ws/install/ros2_socketcan_msgs/include/ros2_socketcan_msgs/ros2_socketcan_msgs/msg
[0.569s] -- Up-to-date: /home/shen/learn/ROS2/ars408_ws/install/ros2_socketcan_msgs/include/ros2_socketcan_msgs/ros2_socketcan_msgs/msg/detail
[0.570s] -- Up-to-date: /home/shen/learn/ROS2/ars408_ws/install/ros2_socketcan_msgs/include/ros2_socketcan_msgs/ros2_socketcan_msgs/msg/detail/fd_frame__type_support.cpp
[0.570s] -- Up-to-date: /home/shen/learn/ROS2/ars408_ws/install/ros2_socketcan_msgs/include/ros2_socketcan_msgs/ros2_socketcan_msgs/msg/detail/fd_frame__rosidl_typesupport_introspection_cpp.hpp
[0.570s] -- Up-to-date: /home/shen/learn/ROS2/ars408_ws/install/ros2_socketcan_msgs/lib/libros2_socketcan_msgs__rosidl_typesupport_introspection_cpp.so
[0.570s] -- Up-to-date: /home/shen/learn/ROS2/ars408_ws/install/ros2_socketcan_msgs/lib/libros2_socketcan_msgs__rosidl_typesupport_cpp.so
[0.570s] -- Up-to-date: /home/shen/learn/ROS2/ars408_ws/install/ros2_socketcan_msgs/share/ros2_socketcan_msgs/environment/pythonpath.sh
[0.570s] -- Up-to-date: /home/shen/learn/ROS2/ars408_ws/install/ros2_socketcan_msgs/share/ros2_socketcan_msgs/environment/pythonpath.dsv
[0.571s] -- Up-to-date: /home/shen/learn/ROS2/ars408_ws/install/ros2_socketcan_msgs/local/lib/python3.10/dist-packages/ros2_socketcan_msgs-1.2.0-py3.10.egg-info
[0.571s] -- Installing: /home/shen/learn/ROS2/ars408_ws/install/ros2_socketcan_msgs/local/lib/python3.10/dist-packages/ros2_socketcan_msgs-1.2.0-py3.10.egg-info/SOURCES.txt
[0.571s] -- Installing: /home/shen/learn/ROS2/ars408_ws/install/ros2_socketcan_msgs/local/lib/python3.10/dist-packages/ros2_socketcan_msgs-1.2.0-py3.10.egg-info/top_level.txt
[0.571s] -- Installing: /home/shen/learn/ROS2/ars408_ws/install/ros2_socketcan_msgs/local/lib/python3.10/dist-packages/ros2_socketcan_msgs-1.2.0-py3.10.egg-info/PKG-INFO
[0.571s] -- Installing: /home/shen/learn/ROS2/ars408_ws/install/ros2_socketcan_msgs/local/lib/python3.10/dist-packages/ros2_socketcan_msgs-1.2.0-py3.10.egg-info/dependency_links.txt
[0.571s] -- Up-to-date: /home/shen/learn/ROS2/ars408_ws/install/ros2_socketcan_msgs/local/lib/python3.10/dist-packages/ros2_socketcan_msgs
[0.572s] -- Up-to-date: /home/shen/learn/ROS2/ars408_ws/install/ros2_socketcan_msgs/local/lib/python3.10/dist-packages/ros2_socketcan_msgs/msg
[0.572s] -- Up-to-date: /home/shen/learn/ROS2/ars408_ws/install/ros2_socketcan_msgs/local/lib/python3.10/dist-packages/ros2_socketcan_msgs/msg/_fd_frame_s.c
[0.572s] -- Up-to-date: /home/shen/learn/ROS2/ars408_ws/install/ros2_socketcan_msgs/local/lib/python3.10/dist-packages/ros2_socketcan_msgs/msg/__init__.py
[0.572s] -- Up-to-date: /home/shen/learn/ROS2/ars408_ws/install/ros2_socketcan_msgs/local/lib/python3.10/dist-packages/ros2_socketcan_msgs/msg/_fd_frame.py
[0.572s] -- Up-to-date: /home/shen/learn/ROS2/ars408_ws/install/ros2_socketcan_msgs/local/lib/python3.10/dist-packages/ros2_socketcan_msgs/_ros2_socketcan_msgs_s.ep.rosidl_typesupport_c.c
[0.572s] -- Up-to-date: /home/shen/learn/ROS2/ars408_ws/install/ros2_socketcan_msgs/local/lib/python3.10/dist-packages/ros2_socketcan_msgs/libros2_socketcan_msgs__rosidl_generator_py.so
[0.572s] -- Up-to-date: /home/shen/learn/ROS2/ars408_ws/install/ros2_socketcan_msgs/local/lib/python3.10/dist-packages/ros2_socketcan_msgs/_ros2_socketcan_msgs_s.ep.rosidl_typesupport_introspection_c.c
[0.573s] -- Up-to-date: /home/shen/learn/ROS2/ars408_ws/install/ros2_socketcan_msgs/local/lib/python3.10/dist-packages/ros2_socketcan_msgs/ros2_socketcan_msgs_s__rosidl_typesupport_introspection_c.cpython-310-x86_64-linux-gnu.so
[0.573s] -- Up-to-date: /home/shen/learn/ROS2/ars408_ws/install/ros2_socketcan_msgs/local/lib/python3.10/dist-packages/ros2_socketcan_msgs/__init__.py
[0.573s] -- Up-to-date: /home/shen/learn/ROS2/ars408_ws/install/ros2_socketcan_msgs/local/lib/python3.10/dist-packages/ros2_socketcan_msgs/ros2_socketcan_msgs_s__rosidl_typesupport_c.cpython-310-x86_64-linux-gnu.so
[0.573s] -- Up-to-date: /home/shen/learn/ROS2/ars408_ws/install/ros2_socketcan_msgs/local/lib/python3.10/dist-packages/ros2_socketcan_msgs/_ros2_socketcan_msgs_s.ep.rosidl_typesupport_fastrtps_c.c
[0.573s] -- Up-to-date: /home/shen/learn/ROS2/ars408_ws/install/ros2_socketcan_msgs/local/lib/python3.10/dist-packages/ros2_socketcan_msgs/ros2_socketcan_msgs_s__rosidl_typesupport_fastrtps_c.cpython-310-x86_64-linux-gnu.so
[0.617s] Listing '/home/shen/learn/ROS2/ars408_ws/install/ros2_socketcan_msgs/local/lib/python3.10/dist-packages/ros2_socketcan_msgs'...
[0.617s] Listing '/home/shen/learn/ROS2/ars408_ws/install/ros2_socketcan_msgs/local/lib/python3.10/dist-packages/ros2_socketcan_msgs/msg'...
[0.621s] -- Up-to-date: /home/shen/learn/ROS2/ars408_ws/install/ros2_socketcan_msgs/local/lib/python3.10/dist-packages/ros2_socketcan_msgs/ros2_socketcan_msgs_s__rosidl_typesupport_fastrtps_c.cpython-310-x86_64-linux-gnu.so
[0.621s] -- Up-to-date: /home/shen/learn/ROS2/ars408_ws/install/ros2_socketcan_msgs/local/lib/python3.10/dist-packages/ros2_socketcan_msgs/ros2_socketcan_msgs_s__rosidl_typesupport_introspection_c.cpython-310-x86_64-linux-gnu.so
[0.622s] -- Up-to-date: /home/shen/learn/ROS2/ars408_ws/install/ros2_socketcan_msgs/local/lib/python3.10/dist-packages/ros2_socketcan_msgs/ros2_socketcan_msgs_s__rosidl_typesupport_c.cpython-310-x86_64-linux-gnu.so
[0.622s] -- Up-to-date: /home/shen/learn/ROS2/ars408_ws/install/ros2_socketcan_msgs/lib/libros2_socketcan_msgs__rosidl_generator_py.so
[0.622s] -- Up-to-date: /home/shen/learn/ROS2/ars408_ws/install/ros2_socketcan_msgs/share/ros2_socketcan_msgs/msg/FdFrame.idl
[0.623s] -- Up-to-date: /home/shen/learn/ROS2/ars408_ws/install/ros2_socketcan_msgs/share/ros2_socketcan_msgs/msg/FdFrame.msg
[0.623s] -- Up-to-date: /home/shen/learn/ROS2/ars408_ws/install/ros2_socketcan_msgs/share/ament_index/resource_index/package_run_dependencies/ros2_socketcan_msgs
[0.623s] -- Up-to-date: /home/shen/learn/ROS2/ars408_ws/install/ros2_socketcan_msgs/share/ament_index/resource_index/parent_prefix_path/ros2_socketcan_msgs
[0.623s] -- Up-to-date: /home/shen/learn/ROS2/ars408_ws/install/ros2_socketcan_msgs/share/ros2_socketcan_msgs/environment/ament_prefix_path.sh
[0.624s] -- Up-to-date: /home/shen/learn/ROS2/ars408_ws/install/ros2_socketcan_msgs/share/ros2_socketcan_msgs/environment/ament_prefix_path.dsv
[0.624s] -- Up-to-date: /home/shen/learn/ROS2/ars408_ws/install/ros2_socketcan_msgs/share/ros2_socketcan_msgs/environment/path.sh
[0.624s] -- Up-to-date: /home/shen/learn/ROS2/ars408_ws/install/ros2_socketcan_msgs/share/ros2_socketcan_msgs/environment/path.dsv
[0.624s] -- Up-to-date: /home/shen/learn/ROS2/ars408_ws/install/ros2_socketcan_msgs/share/ros2_socketcan_msgs/local_setup.bash
[0.625s] -- Up-to-date: /home/shen/learn/ROS2/ars408_ws/install/ros2_socketcan_msgs/share/ros2_socketcan_msgs/local_setup.sh
[0.625s] -- Up-to-date: /home/shen/learn/ROS2/ars408_ws/install/ros2_socketcan_msgs/share/ros2_socketcan_msgs/local_setup.zsh
[0.625s] -- Up-to-date: /home/shen/learn/ROS2/ars408_ws/install/ros2_socketcan_msgs/share/ros2_socketcan_msgs/local_setup.dsv
[0.625s] -- Installing: /home/shen/learn/ROS2/ars408_ws/install/ros2_socketcan_msgs/share/ros2_socketcan_msgs/package.dsv
[0.626s] -- Up-to-date: /home/shen/learn/ROS2/ars408_ws/install/ros2_socketcan_msgs/share/ament_index/resource_index/packages/ros2_socketcan_msgs
[0.626s] -- Up-to-date: /home/shen/learn/ROS2/ars408_ws/install/ros2_socketcan_msgs/share/ros2_socketcan_msgs/cmake/export_ros2_socketcan_msgs__rosidl_generator_cExport.cmake
[0.626s] -- Up-to-date: /home/shen/learn/ROS2/ars408_ws/install/ros2_socketcan_msgs/share/ros2_socketcan_msgs/cmake/export_ros2_socketcan_msgs__rosidl_generator_cExport-noconfig.cmake
[0.626s] -- Up-to-date: /home/shen/learn/ROS2/ars408_ws/install/ros2_socketcan_msgs/share/ros2_socketcan_msgs/cmake/export_ros2_socketcan_msgs__rosidl_typesupport_fastrtps_cExport.cmake
[0.627s] -- Up-to-date: /home/shen/learn/ROS2/ars408_ws/install/ros2_socketcan_msgs/share/ros2_socketcan_msgs/cmake/export_ros2_socketcan_msgs__rosidl_typesupport_fastrtps_cExport-noconfig.cmake
[0.627s] -- Up-to-date: /home/shen/learn/ROS2/ars408_ws/install/ros2_socketcan_msgs/share/ros2_socketcan_msgs/cmake/ros2_socketcan_msgs__rosidl_typesupport_introspection_cExport.cmake
[0.627s] -- Up-to-date: /home/shen/learn/ROS2/ars408_ws/install/ros2_socketcan_msgs/share/ros2_socketcan_msgs/cmake/ros2_socketcan_msgs__rosidl_typesupport_introspection_cExport-noconfig.cmake
[0.627s] -- Up-to-date: /home/shen/learn/ROS2/ars408_ws/install/ros2_socketcan_msgs/share/ros2_socketcan_msgs/cmake/ros2_socketcan_msgs__rosidl_typesupport_cExport.cmake
[0.627s] -- Up-to-date: /home/shen/learn/ROS2/ars408_ws/install/ros2_socketcan_msgs/share/ros2_socketcan_msgs/cmake/ros2_socketcan_msgs__rosidl_typesupport_cExport-noconfig.cmake
[0.628s] -- Up-to-date: /home/shen/learn/ROS2/ars408_ws/install/ros2_socketcan_msgs/share/ros2_socketcan_msgs/cmake/export_ros2_socketcan_msgs__rosidl_generator_cppExport.cmake
[0.628s] -- Up-to-date: /home/shen/learn/ROS2/ars408_ws/install/ros2_socketcan_msgs/share/ros2_socketcan_msgs/cmake/export_ros2_socketcan_msgs__rosidl_typesupport_fastrtps_cppExport.cmake
[0.629s] -- Up-to-date: /home/shen/learn/ROS2/ars408_ws/install/ros2_socketcan_msgs/share/ros2_socketcan_msgs/cmake/export_ros2_socketcan_msgs__rosidl_typesupport_fastrtps_cppExport-noconfig.cmake
[0.630s] -- Up-to-date: /home/shen/learn/ROS2/ars408_ws/install/ros2_socketcan_msgs/share/ros2_socketcan_msgs/cmake/ros2_socketcan_msgs__rosidl_typesupport_introspection_cppExport.cmake
[0.631s] -- Up-to-date: /home/shen/learn/ROS2/ars408_ws/install/ros2_socketcan_msgs/share/ros2_socketcan_msgs/cmake/ros2_socketcan_msgs__rosidl_typesupport_introspection_cppExport-noconfig.cmake
[0.631s] -- Up-to-date: /home/shen/learn/ROS2/ars408_ws/install/ros2_socketcan_msgs/share/ros2_socketcan_msgs/cmake/ros2_socketcan_msgs__rosidl_typesupport_cppExport.cmake
[0.632s] -- Up-to-date: /home/shen/learn/ROS2/ars408_ws/install/ros2_socketcan_msgs/share/ros2_socketcan_msgs/cmake/ros2_socketcan_msgs__rosidl_typesupport_cppExport-noconfig.cmake
[0.632s] -- Up-to-date: /home/shen/learn/ROS2/ars408_ws/install/ros2_socketcan_msgs/share/ros2_socketcan_msgs/cmake/export_ros2_socketcan_msgs__rosidl_generator_pyExport.cmake
[0.633s] -- Up-to-date: /home/shen/learn/ROS2/ars408_ws/install/ros2_socketcan_msgs/share/ros2_socketcan_msgs/cmake/export_ros2_socketcan_msgs__rosidl_generator_pyExport-noconfig.cmake
[0.633s] -- Up-to-date: /home/shen/learn/ROS2/ars408_ws/install/ros2_socketcan_msgs/share/ros2_socketcan_msgs/cmake/rosidl_cmake-extras.cmake
[0.634s] -- Up-to-date: /home/shen/learn/ROS2/ars408_ws/install/ros2_socketcan_msgs/share/ros2_socketcan_msgs/cmake/ament_cmake_export_dependencies-extras.cmake
[0.634s] -- Up-to-date: /home/shen/learn/ROS2/ars408_ws/install/ros2_socketcan_msgs/share/ros2_socketcan_msgs/cmake/ament_cmake_export_include_directories-extras.cmake
[0.635s] -- Up-to-date: /home/shen/learn/ROS2/ars408_ws/install/ros2_socketcan_msgs/share/ros2_socketcan_msgs/cmake/ament_cmake_export_libraries-extras.cmake
[0.635s] -- Up-to-date: /home/shen/learn/ROS2/ars408_ws/install/ros2_socketcan_msgs/share/ros2_socketcan_msgs/cmake/ament_cmake_export_targets-extras.cmake
[0.635s] -- Up-to-date: /home/shen/learn/ROS2/ars408_ws/install/ros2_socketcan_msgs/share/ros2_socketcan_msgs/cmake/rosidl_cmake_export_typesupport_targets-extras.cmake
[0.636s] -- Up-to-date: /home/shen/learn/ROS2/ars408_ws/install/ros2_socketcan_msgs/share/ros2_socketcan_msgs/cmake/rosidl_cmake_export_typesupport_libraries-extras.cmake
[0.636s] -- Up-to-date: /home/shen/learn/ROS2/ars408_ws/install/ros2_socketcan_msgs/share/ros2_socketcan_msgs/cmake/ros2_socketcan_msgsConfig.cmake
[0.637s] -- Up-to-date: /home/shen/learn/ROS2/ars408_ws/install/ros2_socketcan_msgs/share/ros2_socketcan_msgs/cmake/ros2_socketcan_msgsConfig-version.cmake
[0.637s] -- Up-to-date: /home/shen/learn/ROS2/ars408_ws/install/ros2_socketcan_msgs/share/ros2_socketcan_msgs/package.xml
[0.638s] Invoked command in '/home/shen/learn/ROS2/ars408_ws/build/ros2_socketcan_msgs' returned '0': CMAKE_PREFIX_PATH=${CMAKE_PREFIX_PATH}:/opt/ros/humble /usr/bin/cmake --install /home/shen/learn/ROS2/ars408_ws/build/ros2_socketcan_msgs
