[0.966s] DEBUG:colcon:Command line arguments: ['/usr/bin/colcon', 'build']
[0.966s] DEBUG:colcon:Parsed command line arguments: Namespace(log_base=None, log_level=None, verb_name='build', build_base='build', install_base='install', merge_install=False, symlink_install=False, test_result_base=None, continue_on_error=False, executor='parallel', parallel_workers=16, event_handlers=None, ignore_user_meta=False, metas=['./colcon.meta'], base_paths=['.'], packages_ignore=None, packages_ignore_regex=None, paths=None, packages_up_to=None, packages_up_to_regex=None, packages_above=None, packages_above_and_dependencies=None, packages_above_depth=None, packages_select_by_dep=None, packages_skip_by_dep=None, packages_skip_up_to=None, packages_select_build_failed=False, packages_skip_build_finished=False, packages_select_test_failures=False, packages_skip_test_passed=False, packages_select=None, packages_skip=None, packages_select_regex=None, packages_skip_regex=None, packages_start=None, packages_end=None, allow_overriding=[], cmake_args=None, cmake_target=None, cmake_target_skip_unavailable=False, cmake_clean_cache=False, cmake_clean_first=False, cmake_force_configure=False, ament_cmake_args=None, catkin_cmake_args=None, catkin_skip_building_tests=False, verb_parser=<colcon_defaults.argument_parser.defaults.DefaultArgumentsDecorator object at 0x71cd9e3ef280>, verb_extension=<colcon_core.verb.build.BuildVerb object at 0x71cd9f5cbc70>, main=<bound method BuildVerb.main of <colcon_core.verb.build.BuildVerb object at 0x71cd9f5cbc70>>)
[1.017s] Level 1:colcon.colcon_core.package_discovery:discover_packages(colcon_meta) check parameters
[1.017s] Level 1:colcon.colcon_core.package_discovery:discover_packages(recursive) check parameters
[1.017s] Level 1:colcon.colcon_core.package_discovery:discover_packages(ignore) check parameters
[1.017s] Level 1:colcon.colcon_core.package_discovery:discover_packages(path) check parameters
[1.017s] Level 1:colcon.colcon_core.package_discovery:discover_packages(colcon_meta) discover
[1.017s] Level 1:colcon.colcon_core.package_discovery:discover_packages(recursive) discover
[1.017s] INFO:colcon.colcon_core.package_discovery:Crawling recursively for packages in '/home/shen/learn/ROS2/decode_ws'
[1.017s] Level 1:colcon.colcon_core.package_identification:_identify(.) by extensions ['ignore', 'ignore_ament_install']
[1.017s] Level 1:colcon.colcon_core.package_identification:_identify(.) by extension 'ignore'
[1.017s] Level 1:colcon.colcon_core.package_identification:_identify(.) by extension 'ignore_ament_install'
[1.017s] Level 1:colcon.colcon_core.package_identification:_identify(.) by extensions ['colcon_pkg']
[1.017s] Level 1:colcon.colcon_core.package_identification:_identify(.) by extension 'colcon_pkg'
[1.017s] Level 1:colcon.colcon_core.package_identification:_identify(.) by extensions ['colcon_meta']
[1.018s] Level 1:colcon.colcon_core.package_identification:_identify(.) by extension 'colcon_meta'
[1.018s] Level 1:colcon.colcon_core.package_identification:_identify(.) by extensions ['ros']
[1.018s] Level 1:colcon.colcon_core.package_identification:_identify(.) by extension 'ros'
[1.028s] Level 1:colcon.colcon_core.package_identification:_identify(.) by extensions ['cmake', 'python']
[1.028s] Level 1:colcon.colcon_core.package_identification:_identify(.) by extension 'cmake'
[1.028s] Level 1:colcon.colcon_core.package_identification:_identify(.) by extension 'python'
[1.028s] Level 1:colcon.colcon_core.package_identification:_identify(.) by extensions ['python_setup_py']
[1.028s] Level 1:colcon.colcon_core.package_identification:_identify(.) by extension 'python_setup_py'
[1.028s] Level 1:colcon.colcon_core.package_identification:_identify(build) by extensions ['ignore', 'ignore_ament_install']
[1.028s] Level 1:colcon.colcon_core.package_identification:_identify(build) by extension 'ignore'
[1.028s] Level 1:colcon.colcon_core.package_identification:_identify(build) ignored
[1.029s] Level 1:colcon.colcon_core.package_identification:_identify(install) by extensions ['ignore', 'ignore_ament_install']
[1.029s] Level 1:colcon.colcon_core.package_identification:_identify(install) by extension 'ignore'
[1.029s] Level 1:colcon.colcon_core.package_identification:_identify(install) ignored
[1.029s] Level 1:colcon.colcon_core.package_identification:_identify(log) by extensions ['ignore', 'ignore_ament_install']
[1.029s] Level 1:colcon.colcon_core.package_identification:_identify(log) by extension 'ignore'
[1.029s] Level 1:colcon.colcon_core.package_identification:_identify(log) ignored
[1.029s] Level 1:colcon.colcon_core.package_identification:_identify(src) by extensions ['ignore', 'ignore_ament_install']
[1.029s] Level 1:colcon.colcon_core.package_identification:_identify(src) by extension 'ignore'
[1.029s] Level 1:colcon.colcon_core.package_identification:_identify(src) by extension 'ignore_ament_install'
[1.029s] Level 1:colcon.colcon_core.package_identification:_identify(src) by extensions ['colcon_pkg']
[1.029s] Level 1:colcon.colcon_core.package_identification:_identify(src) by extension 'colcon_pkg'
[1.029s] Level 1:colcon.colcon_core.package_identification:_identify(src) by extensions ['colcon_meta']
[1.029s] Level 1:colcon.colcon_core.package_identification:_identify(src) by extension 'colcon_meta'
[1.029s] Level 1:colcon.colcon_core.package_identification:_identify(src) by extensions ['ros']
[1.029s] Level 1:colcon.colcon_core.package_identification:_identify(src) by extension 'ros'
[1.029s] Level 1:colcon.colcon_core.package_identification:_identify(src) by extensions ['cmake', 'python']
[1.029s] Level 1:colcon.colcon_core.package_identification:_identify(src) by extension 'cmake'
[1.030s] Level 1:colcon.colcon_core.package_identification:_identify(src) by extension 'python'
[1.030s] Level 1:colcon.colcon_core.package_identification:_identify(src) by extensions ['python_setup_py']
[1.030s] Level 1:colcon.colcon_core.package_identification:_identify(src) by extension 'python_setup_py'
[1.030s] Level 1:colcon.colcon_core.package_identification:_identify(src/h264_decode) by extensions ['ignore', 'ignore_ament_install']
[1.030s] Level 1:colcon.colcon_core.package_identification:_identify(src/h264_decode) by extension 'ignore'
[1.030s] Level 1:colcon.colcon_core.package_identification:_identify(src/h264_decode) by extension 'ignore_ament_install'
[1.030s] Level 1:colcon.colcon_core.package_identification:_identify(src/h264_decode) by extensions ['colcon_pkg']
[1.030s] Level 1:colcon.colcon_core.package_identification:_identify(src/h264_decode) by extension 'colcon_pkg'
[1.030s] Level 1:colcon.colcon_core.package_identification:_identify(src/h264_decode) by extensions ['colcon_meta']
[1.030s] Level 1:colcon.colcon_core.package_identification:_identify(src/h264_decode) by extension 'colcon_meta'
[1.030s] Level 1:colcon.colcon_core.package_identification:_identify(src/h264_decode) by extensions ['ros']
[1.030s] Level 1:colcon.colcon_core.package_identification:_identify(src/h264_decode) by extension 'ros'
[1.034s] DEBUG:colcon.colcon_core.package_identification:Package 'src/h264_decode' with type 'ros.ament_cmake' and name 'h264_decode'
[1.034s] Level 1:colcon.colcon_core.package_discovery:discover_packages(recursive) using defaults
[1.034s] Level 1:colcon.colcon_core.package_discovery:discover_packages(ignore) discover
[1.034s] Level 1:colcon.colcon_core.package_discovery:discover_packages(ignore) using defaults
[1.034s] Level 1:colcon.colcon_core.package_discovery:discover_packages(path) discover
[1.034s] Level 1:colcon.colcon_core.package_discovery:discover_packages(path) using defaults
[1.126s] Level 1:colcon.colcon_core.package_discovery:discover_packages(prefix_path) check parameters
[1.126s] Level 1:colcon.colcon_core.package_discovery:discover_packages(prefix_path) discover
[1.158s] DEBUG:colcon.colcon_installed_package_information.package_discovery:Found 1 installed packages in /home/shen/learn/ROS2/decode_ws/install
[1.174s] DEBUG:colcon.colcon_installed_package_information.package_discovery:Found 345 installed packages in /opt/ros/humble
[1.176s] Level 1:colcon.colcon_core.package_discovery:discover_packages(prefix_path) using defaults
[1.299s] Level 5:colcon.colcon_core.verb:set package 'h264_decode' build argument 'cmake_args' from command line to 'None'
[1.299s] Level 5:colcon.colcon_core.verb:set package 'h264_decode' build argument 'cmake_target' from command line to 'None'
[1.299s] Level 5:colcon.colcon_core.verb:set package 'h264_decode' build argument 'cmake_target_skip_unavailable' from command line to 'False'
[1.299s] Level 5:colcon.colcon_core.verb:set package 'h264_decode' build argument 'cmake_clean_cache' from command line to 'False'
[1.299s] Level 5:colcon.colcon_core.verb:set package 'h264_decode' build argument 'cmake_clean_first' from command line to 'False'
[1.299s] Level 5:colcon.colcon_core.verb:set package 'h264_decode' build argument 'cmake_force_configure' from command line to 'False'
[1.299s] Level 5:colcon.colcon_core.verb:set package 'h264_decode' build argument 'ament_cmake_args' from command line to 'None'
[1.300s] Level 5:colcon.colcon_core.verb:set package 'h264_decode' build argument 'catkin_cmake_args' from command line to 'None'
[1.300s] Level 5:colcon.colcon_core.verb:set package 'h264_decode' build argument 'catkin_skip_building_tests' from command line to 'False'
[1.300s] DEBUG:colcon.colcon_core.verb:Building package 'h264_decode' with the following arguments: {'ament_cmake_args': None, 'build_base': '/home/shen/learn/ROS2/decode_ws/build/h264_decode', 'catkin_cmake_args': None, 'catkin_skip_building_tests': False, 'cmake_args': None, 'cmake_clean_cache': False, 'cmake_clean_first': False, 'cmake_force_configure': False, 'cmake_target': None, 'cmake_target_skip_unavailable': False, 'install_base': '/home/shen/learn/ROS2/decode_ws/install/h264_decode', 'merge_install': False, 'path': '/home/shen/learn/ROS2/decode_ws/src/h264_decode', 'symlink_install': False, 'test_result_base': None}
[1.316s] INFO:colcon.colcon_core.executor:Executing jobs using 'parallel' executor
[1.335s] DEBUG:colcon.colcon_parallel_executor.executor.parallel:run_until_complete
[1.336s] INFO:colcon.colcon_ros.task.ament_cmake.build:Building ROS package in '/home/shen/learn/ROS2/decode_ws/src/h264_decode' with build type 'ament_cmake'
[1.336s] INFO:colcon.colcon_cmake.task.cmake.build:Building CMake package in '/home/shen/learn/ROS2/decode_ws/src/h264_decode'
[1.359s] INFO:colcon.colcon_core.plugin_system:Skipping extension 'colcon_core.shell.bat': Not used on non-Windows systems
[1.359s] INFO:colcon.colcon_core.shell:Skip shell extension 'powershell' for command environment: Not usable outside of PowerShell
[1.359s] DEBUG:colcon.colcon_core.shell:Skip shell extension 'dsv' for command environment
[1.419s] DEBUG:colcon.colcon_core.event_handler.log_command:Invoking command in '/home/shen/learn/ROS2/decode_ws/build/h264_decode': CMAKE_PREFIX_PATH=${CMAKE_PREFIX_PATH}:/opt/ros/humble /usr/bin/cmake --build /home/shen/learn/ROS2/decode_ws/build/h264_decode -- -j16 -l16
[11.853s] DEBUG:colcon.colcon_core.event_handler.log_command:Invoked command in '/home/shen/learn/ROS2/decode_ws/build/h264_decode' returned '0': CMAKE_PREFIX_PATH=${CMAKE_PREFIX_PATH}:/opt/ros/humble /usr/bin/cmake --build /home/shen/learn/ROS2/decode_ws/build/h264_decode -- -j16 -l16
[11.916s] DEBUG:colcon.colcon_core.event_handler.log_command:Invoking command in '/home/shen/learn/ROS2/decode_ws/build/h264_decode': CMAKE_PREFIX_PATH=${CMAKE_PREFIX_PATH}:/opt/ros/humble /usr/bin/cmake --install /home/shen/learn/ROS2/decode_ws/build/h264_decode
[11.941s] Level 1:colcon.colcon_core.environment:create_environment_scripts_only(h264_decode)
[11.942s] DEBUG:colcon.colcon_core.event_handler.log_command:Invoked command in '/home/shen/learn/ROS2/decode_ws/build/h264_decode' returned '0': CMAKE_PREFIX_PATH=${CMAKE_PREFIX_PATH}:/opt/ros/humble /usr/bin/cmake --install /home/shen/learn/ROS2/decode_ws/build/h264_decode
[11.977s] Level 1:colcon.colcon_core.environment:checking '/home/shen/learn/ROS2/decode_ws/install/h264_decode' for CMake module files
[11.978s] Level 1:colcon.colcon_core.environment:checking '/home/shen/learn/ROS2/decode_ws/install/h264_decode' for CMake config files
[11.978s] Level 1:colcon.colcon_core.shell:create_environment_hook('h264_decode', 'cmake_prefix_path')
[11.992s] INFO:colcon.colcon_core.shell:Creating environment hook '/home/shen/learn/ROS2/decode_ws/install/h264_decode/share/h264_decode/hook/cmake_prefix_path.ps1'
[11.994s] INFO:colcon.colcon_core.shell:Creating environment descriptor '/home/shen/learn/ROS2/decode_ws/install/h264_decode/share/h264_decode/hook/cmake_prefix_path.dsv'
[11.995s] INFO:colcon.colcon_core.shell:Creating environment hook '/home/shen/learn/ROS2/decode_ws/install/h264_decode/share/h264_decode/hook/cmake_prefix_path.sh'
[11.997s] Level 1:colcon.colcon_core.environment:checking '/home/shen/learn/ROS2/decode_ws/install/h264_decode/lib'
[11.998s] Level 1:colcon.colcon_core.environment:checking '/home/shen/learn/ROS2/decode_ws/install/h264_decode/bin'
[11.998s] Level 1:colcon.colcon_core.environment:checking '/home/shen/learn/ROS2/decode_ws/install/h264_decode/lib/pkgconfig/h264_decode.pc'
[11.998s] Level 1:colcon.colcon_core.environment:checking '/home/shen/learn/ROS2/decode_ws/install/h264_decode/lib/python3.10/site-packages'
[11.998s] Level 1:colcon.colcon_core.environment:checking '/home/shen/learn/ROS2/decode_ws/install/h264_decode/bin'
[12.014s] INFO:colcon.colcon_core.shell:Creating package script '/home/shen/learn/ROS2/decode_ws/install/h264_decode/share/h264_decode/package.ps1'
[12.015s] INFO:colcon.colcon_core.shell:Creating package descriptor '/home/shen/learn/ROS2/decode_ws/install/h264_decode/share/h264_decode/package.dsv'
[12.016s] INFO:colcon.colcon_core.shell:Creating package script '/home/shen/learn/ROS2/decode_ws/install/h264_decode/share/h264_decode/package.sh'
[12.017s] INFO:colcon.colcon_core.shell:Creating package script '/home/shen/learn/ROS2/decode_ws/install/h264_decode/share/h264_decode/package.bash'
[12.018s] INFO:colcon.colcon_core.shell:Creating package script '/home/shen/learn/ROS2/decode_ws/install/h264_decode/share/h264_decode/package.zsh'
[12.019s] Level 1:colcon.colcon_core.environment:create_file_with_runtime_dependencies(/home/shen/learn/ROS2/decode_ws/install/h264_decode/share/colcon-core/packages/h264_decode)
[12.066s] Level 1:colcon.colcon_core.environment:create_environment_scripts_only(h264_decode)
[12.079s] Level 1:colcon.colcon_core.environment:checking '/home/shen/learn/ROS2/decode_ws/install/h264_decode' for CMake module files
[12.080s] Level 1:colcon.colcon_core.environment:checking '/home/shen/learn/ROS2/decode_ws/install/h264_decode' for CMake config files
[12.080s] Level 1:colcon.colcon_core.shell:create_environment_hook('h264_decode', 'cmake_prefix_path')
[12.102s] INFO:colcon.colcon_core.shell:Creating environment hook '/home/shen/learn/ROS2/decode_ws/install/h264_decode/share/h264_decode/hook/cmake_prefix_path.ps1'
[12.103s] INFO:colcon.colcon_core.shell:Creating environment descriptor '/home/shen/learn/ROS2/decode_ws/install/h264_decode/share/h264_decode/hook/cmake_prefix_path.dsv'
[12.104s] INFO:colcon.colcon_core.shell:Creating environment hook '/home/shen/learn/ROS2/decode_ws/install/h264_decode/share/h264_decode/hook/cmake_prefix_path.sh'
[12.104s] Level 1:colcon.colcon_core.environment:checking '/home/shen/learn/ROS2/decode_ws/install/h264_decode/lib'
[12.104s] Level 1:colcon.colcon_core.environment:checking '/home/shen/learn/ROS2/decode_ws/install/h264_decode/bin'
[12.104s] Level 1:colcon.colcon_core.environment:checking '/home/shen/learn/ROS2/decode_ws/install/h264_decode/lib/pkgconfig/h264_decode.pc'
[12.105s] Level 1:colcon.colcon_core.environment:checking '/home/shen/learn/ROS2/decode_ws/install/h264_decode/lib/python3.10/site-packages'
[12.105s] Level 1:colcon.colcon_core.environment:checking '/home/shen/learn/ROS2/decode_ws/install/h264_decode/bin'
[12.121s] INFO:colcon.colcon_core.shell:Creating package script '/home/shen/learn/ROS2/decode_ws/install/h264_decode/share/h264_decode/package.ps1'
[12.122s] INFO:colcon.colcon_core.shell:Creating package descriptor '/home/shen/learn/ROS2/decode_ws/install/h264_decode/share/h264_decode/package.dsv'
[12.122s] INFO:colcon.colcon_core.shell:Creating package script '/home/shen/learn/ROS2/decode_ws/install/h264_decode/share/h264_decode/package.sh'
[12.122s] INFO:colcon.colcon_core.shell:Creating package script '/home/shen/learn/ROS2/decode_ws/install/h264_decode/share/h264_decode/package.bash'
[12.123s] INFO:colcon.colcon_core.shell:Creating package script '/home/shen/learn/ROS2/decode_ws/install/h264_decode/share/h264_decode/package.zsh'
[12.123s] Level 1:colcon.colcon_core.environment:create_file_with_runtime_dependencies(/home/shen/learn/ROS2/decode_ws/install/h264_decode/share/colcon-core/packages/h264_decode)
[12.123s] DEBUG:colcon.colcon_parallel_executor.executor.parallel:closing loop
[12.124s] DEBUG:colcon.colcon_parallel_executor.executor.parallel:loop closed
[12.124s] DEBUG:colcon.colcon_parallel_executor.executor.parallel:run_until_complete finished with '0'
[12.124s] DEBUG:colcon.colcon_core.event_reactor:joining thread
[12.146s] INFO:colcon.colcon_core.plugin_system:Skipping extension 'colcon_notification.desktop_notification.terminal_notifier': Not used on non-Darwin systems
[12.146s] INFO:colcon.colcon_core.plugin_system:Skipping extension 'colcon_notification.desktop_notification.win32': Not used on non-Windows systems
[12.146s] INFO:colcon.colcon_notification.desktop_notification:Sending desktop notification using 'notify2'
[12.162s] DEBUG:colcon.colcon_core.event_reactor:joined thread
[12.178s] INFO:colcon.colcon_core.shell:Creating prefix script '/home/shen/learn/ROS2/decode_ws/install/local_setup.ps1'
[12.179s] INFO:colcon.colcon_core.shell:Creating prefix util module '/home/shen/learn/ROS2/decode_ws/install/_local_setup_util_ps1.py'
[12.180s] INFO:colcon.colcon_core.shell:Creating prefix chain script '/home/shen/learn/ROS2/decode_ws/install/setup.ps1'
[12.196s] INFO:colcon.colcon_core.shell:Creating prefix script '/home/shen/learn/ROS2/decode_ws/install/local_setup.sh'
[12.197s] INFO:colcon.colcon_core.shell:Creating prefix util module '/home/shen/learn/ROS2/decode_ws/install/_local_setup_util_sh.py'
[12.198s] INFO:colcon.colcon_core.shell:Creating prefix chain script '/home/shen/learn/ROS2/decode_ws/install/setup.sh'
[12.214s] INFO:colcon.colcon_core.shell:Creating prefix script '/home/shen/learn/ROS2/decode_ws/install/local_setup.bash'
[12.214s] INFO:colcon.colcon_core.shell:Creating prefix chain script '/home/shen/learn/ROS2/decode_ws/install/setup.bash'
[12.230s] INFO:colcon.colcon_core.shell:Creating prefix script '/home/shen/learn/ROS2/decode_ws/install/local_setup.zsh'
[12.231s] INFO:colcon.colcon_core.shell:Creating prefix chain script '/home/shen/learn/ROS2/decode_ws/install/setup.zsh'
