[0.059s] Invoking command in '/home/shen/learn/ROS2/ethernet_ws/build/io_context': CMAKE_PREFIX_PATH=/home/shen/learn/ROS2/ethernet_ws/install/asio_cmake_module:/home/shen/learn/ROS2/ethernet_ws/install/udp_driver:/home/shen/learn/ROS2/ethernet_ws/install/serial_driver:/home/shen/learn/ROS2/ethernet_ws/install/my_ethernet_utils:/home/shen/learn/ROS2/ethernet_ws/install/io_context:/opt/ros/humble /usr/bin/cmake /home/shen/learn/ROS2/ethernet_ws/src/transport_drivers/io_context -DCMAKE_INSTALL_PREFIX=/home/shen/learn/ROS2/ethernet_ws/install/io_context
[0.167s] -- The C compiler identification is GNU 11.4.0
[0.266s] -- The CXX compiler identification is GNU 11.4.0
[0.282s] -- Detecting C compiler ABI info
[0.424s] -- Detecting C compiler ABI info - done
[0.430s] -- Check for working C compiler: /usr/bin/cc - skipped
[0.430s] -- Detecting C compile features
[0.431s] -- Detecting C compile features - done
[0.433s] -- Detecting CXX compiler ABI info
[0.529s] -- Detecting CXX compiler ABI info - done
[0.535s] -- Check for working CXX compiler: /usr/bin/c++ - skipped
[0.536s] -- Detecting CXX compile features
[0.536s] -- Detecting CXX compile features - done
[0.538s] -- Found ament_cmake_auto: 1.3.6 (/opt/ros/humble/share/ament_cmake_auto/cmake)
[0.829s] -- Found Python3: /usr/bin/python3.10 (found version "3.10.12") found components: Interpreter 
[1.155s] -- Found rosidl_generator_c: 3.1.5 (/opt/ros/humble/share/rosidl_generator_c/cmake)
[1.160s] -- Found rosidl_adapter: 3.1.5 (/opt/ros/humble/share/rosidl_adapter/cmake)
[1.167s] -- Found rosidl_generator_cpp: 3.1.5 (/opt/ros/humble/share/rosidl_generator_cpp/cmake)
[1.179s] -- Using all available rosidl_typesupport_c: rosidl_typesupport_fastrtps_c;rosidl_typesupport_introspection_c
[1.197s] -- Using all available rosidl_typesupport_cpp: rosidl_typesupport_fastrtps_cpp;rosidl_typesupport_introspection_cpp
[1.258s] -- Found rmw_implementation_cmake: 6.1.1 (/opt/ros/humble/share/rmw_implementation_cmake/cmake)
[1.260s] -- Found rmw_cyclonedds_cpp: 1.3.4 (/opt/ros/humble/share/rmw_cyclonedds_cpp/cmake)
[1.288s] -- Using RMW implementation 'rmw_cyclonedds_cpp' as default
[1.297s] -- Looking for pthread.h
[1.403s] -- Looking for pthread.h - found
[1.404s] -- Performing Test CMAKE_HAVE_LIBC_PTHREAD
[1.520s] -- Performing Test CMAKE_HAVE_LIBC_PTHREAD - Success
[1.520s] -- Found Threads: TRUE  
[1.695s] -- Found ASIO: /usr/include  
[1.698s] -- Found ament_lint_auto: 0.12.9 (/opt/ros/humble/share/ament_lint_auto/cmake)
[1.718s] -- Found gtest sources under '/opt/ros/humble/src/gtest_vendor': C++ tests using 'Google Test' will be built
[1.725s] -- Added test 'copyright' to check source files copyright and LICENSE
[1.726s] -- Added test 'cppcheck' to perform static code analysis on C / C++ code
[1.727s] -- Configured cppcheck include dirs: /home/shen/learn/ROS2/ethernet_ws/src/transport_drivers/io_context/include
[1.727s] -- Configured cppcheck exclude dirs and/or files: 
[1.728s] -- Added test 'cpplint' to check C / C++ code against the Google style
[1.728s] -- Configured cpplint exclude dirs and/or files: 
[1.729s] -- Added test 'lint_cmake' to check CMake code style
[1.731s] -- Added test 'uncrustify' to check C / C++ code style
[1.731s] -- Configured uncrustify additional arguments: 
[1.731s] -- Added test 'xmllint' to check XML markup files
[1.734s] -- Configuring done
[1.749s] -- Generating done
[1.751s] -- Build files have been written to: /home/shen/learn/ROS2/ethernet_ws/build/io_context
[1.759s] Invoked command in '/home/shen/learn/ROS2/ethernet_ws/build/io_context' returned '0': CMAKE_PREFIX_PATH=/home/shen/learn/ROS2/ethernet_ws/install/asio_cmake_module:/home/shen/learn/ROS2/ethernet_ws/install/udp_driver:/home/shen/learn/ROS2/ethernet_ws/install/serial_driver:/home/shen/learn/ROS2/ethernet_ws/install/my_ethernet_utils:/home/shen/learn/ROS2/ethernet_ws/install/io_context:/opt/ros/humble /usr/bin/cmake /home/shen/learn/ROS2/ethernet_ws/src/transport_drivers/io_context -DCMAKE_INSTALL_PREFIX=/home/shen/learn/ROS2/ethernet_ws/install/io_context
[1.762s] Invoking command in '/home/shen/learn/ROS2/ethernet_ws/build/io_context': CMAKE_PREFIX_PATH=/home/shen/learn/ROS2/ethernet_ws/install/asio_cmake_module:/home/shen/learn/ROS2/ethernet_ws/install/udp_driver:/home/shen/learn/ROS2/ethernet_ws/install/serial_driver:/home/shen/learn/ROS2/ethernet_ws/install/my_ethernet_utils:/home/shen/learn/ROS2/ethernet_ws/install/io_context:/opt/ros/humble /usr/bin/cmake --build /home/shen/learn/ROS2/ethernet_ws/build/io_context -- -j16 -l16
[1.825s] [ 11%] [32mBuilding CXX object CMakeFiles/io_context.dir/src/io_context.cpp.o[0m
[1.825s] [ 22%] [32mBuilding CXX object gtest/CMakeFiles/gtest_main.dir/src/gtest_main.cc.o[0m
[1.828s] [ 33%] [32mBuilding CXX object CMakeFiles/io_context.dir/src/msg_converters/std_msgs.cpp.o[0m
[1.834s] [ 44%] [32mBuilding CXX object gtest/CMakeFiles/gtest.dir/src/gtest-all.cc.o[0m
[2.541s] [ 55%] [32m[1mLinking CXX static library libgtest_main.a[0m
[2.587s] [ 55%] Built target gtest_main
[3.255s] [ 66%] [32m[1mLinking CXX shared library libio_context.so[0m
[3.409s] [ 66%] Built target io_context
[4.282s] [ 77%] [32m[1mLinking CXX static library libgtest.a[0m
[4.399s] [ 77%] Built target gtest
[4.438s] [ 88%] [32mBuilding CXX object CMakeFiles/test_io_context.dir/test/test_io_context.cpp.o[0m
[6.272s] [100%] [32m[1mLinking CXX executable test_io_context[0m
[6.468s] [100%] Built target test_io_context
[6.483s] Invoked command in '/home/shen/learn/ROS2/ethernet_ws/build/io_context' returned '0': CMAKE_PREFIX_PATH=/home/shen/learn/ROS2/ethernet_ws/install/asio_cmake_module:/home/shen/learn/ROS2/ethernet_ws/install/udp_driver:/home/shen/learn/ROS2/ethernet_ws/install/serial_driver:/home/shen/learn/ROS2/ethernet_ws/install/my_ethernet_utils:/home/shen/learn/ROS2/ethernet_ws/install/io_context:/opt/ros/humble /usr/bin/cmake --build /home/shen/learn/ROS2/ethernet_ws/build/io_context -- -j16 -l16
[6.559s] Invoking command in '/home/shen/learn/ROS2/ethernet_ws/build/io_context': CMAKE_PREFIX_PATH=/home/shen/learn/ROS2/ethernet_ws/install/asio_cmake_module:/home/shen/learn/ROS2/ethernet_ws/install/udp_driver:/home/shen/learn/ROS2/ethernet_ws/install/serial_driver:/home/shen/learn/ROS2/ethernet_ws/install/my_ethernet_utils:/home/shen/learn/ROS2/ethernet_ws/install/io_context:/opt/ros/humble /usr/bin/cmake --install /home/shen/learn/ROS2/ethernet_ws/build/io_context
[6.576s] -- Install configuration: ""
[6.577s] -- Installing: /home/shen/learn/ROS2/ethernet_ws/install/io_context/include
[6.577s] -- Installing: /home/shen/learn/ROS2/ethernet_ws/install/io_context/include/msg_converters
[6.577s] -- Installing: /home/shen/learn/ROS2/ethernet_ws/install/io_context/include/msg_converters/converters.hpp
[6.578s] -- Installing: /home/shen/learn/ROS2/ethernet_ws/install/io_context/include/msg_converters/udp_msgs.hpp
[6.578s] -- Installing: /home/shen/learn/ROS2/ethernet_ws/install/io_context/include/msg_converters/std_msgs.hpp
[6.578s] -- Installing: /home/shen/learn/ROS2/ethernet_ws/install/io_context/include/io_context
[6.578s] -- Installing: /home/shen/learn/ROS2/ethernet_ws/install/io_context/include/io_context/common.hpp
[6.579s] -- Installing: /home/shen/learn/ROS2/ethernet_ws/install/io_context/include/io_context/io_context.hpp
[6.580s] -- Installing: /home/shen/learn/ROS2/ethernet_ws/install/io_context/share/io_context/environment/library_path.sh
[6.580s] -- Installing: /home/shen/learn/ROS2/ethernet_ws/install/io_context/share/io_context/environment/library_path.dsv
[6.581s] -- Installing: /home/shen/learn/ROS2/ethernet_ws/install/io_context/lib/libio_context.so
[6.583s] -- Set runtime path of "/home/shen/learn/ROS2/ethernet_ws/install/io_context/lib/libio_context.so" to ""
[6.584s] -- Installing: /home/shen/learn/ROS2/ethernet_ws/install/io_context/share/ament_index/resource_index/package_run_dependencies/io_context
[6.584s] -- Installing: /home/shen/learn/ROS2/ethernet_ws/install/io_context/share/ament_index/resource_index/parent_prefix_path/io_context
[6.584s] -- Installing: /home/shen/learn/ROS2/ethernet_ws/install/io_context/share/io_context/environment/ament_prefix_path.sh
[6.585s] -- Installing: /home/shen/learn/ROS2/ethernet_ws/install/io_context/share/io_context/environment/ament_prefix_path.dsv
[6.585s] -- Installing: /home/shen/learn/ROS2/ethernet_ws/install/io_context/share/io_context/environment/path.sh
[6.586s] -- Installing: /home/shen/learn/ROS2/ethernet_ws/install/io_context/share/io_context/environment/path.dsv
[6.586s] -- Installing: /home/shen/learn/ROS2/ethernet_ws/install/io_context/share/io_context/local_setup.bash
[6.586s] -- Installing: /home/shen/learn/ROS2/ethernet_ws/install/io_context/share/io_context/local_setup.sh
[6.587s] -- Installing: /home/shen/learn/ROS2/ethernet_ws/install/io_context/share/io_context/local_setup.zsh
[6.587s] -- Installing: /home/shen/learn/ROS2/ethernet_ws/install/io_context/share/io_context/local_setup.dsv
[6.588s] -- Installing: /home/shen/learn/ROS2/ethernet_ws/install/io_context/share/io_context/package.dsv
[6.588s] -- Installing: /home/shen/learn/ROS2/ethernet_ws/install/io_context/share/ament_index/resource_index/packages/io_context
[6.589s] -- Installing: /home/shen/learn/ROS2/ethernet_ws/install/io_context/share/io_context/cmake/ament_cmake_export_dependencies-extras.cmake
[6.589s] -- Installing: /home/shen/learn/ROS2/ethernet_ws/install/io_context/share/io_context/cmake/ament_cmake_export_include_directories-extras.cmake
[6.589s] -- Installing: /home/shen/learn/ROS2/ethernet_ws/install/io_context/share/io_context/cmake/ament_cmake_export_libraries-extras.cmake
[6.590s] -- Installing: /home/shen/learn/ROS2/ethernet_ws/install/io_context/share/io_context/cmake/io_contextConfig.cmake
[6.590s] -- Installing: /home/shen/learn/ROS2/ethernet_ws/install/io_context/share/io_context/cmake/io_contextConfig-version.cmake
[6.591s] -- Installing: /home/shen/learn/ROS2/ethernet_ws/install/io_context/share/io_context/package.xml
[6.596s] Invoked command in '/home/shen/learn/ROS2/ethernet_ws/build/io_context' returned '0': CMAKE_PREFIX_PATH=/home/shen/learn/ROS2/ethernet_ws/install/asio_cmake_module:/home/shen/learn/ROS2/ethernet_ws/install/udp_driver:/home/shen/learn/ROS2/ethernet_ws/install/serial_driver:/home/shen/learn/ROS2/ethernet_ws/install/my_ethernet_utils:/home/shen/learn/ROS2/ethernet_ws/install/io_context:/opt/ros/humble /usr/bin/cmake --install /home/shen/learn/ROS2/ethernet_ws/build/io_context
