[0.055s] Invoking command in '/home/shen/learn/ROS2/yaml_ws/build/read_yaml': CMAKE_PREFIX_PATH=/opt/ros/humble /usr/bin/cmake --build /home/shen/learn/ROS2/yaml_ws/build/read_yaml -- -j16 -l16
[0.107s] [35m[1mConsolidate compiler generated dependencies of target reader[0m
[0.136s] [ 50%] [32mBuilding CXX object CMakeFiles/reader.dir/src/reader.cpp.o[0m
[3.019s] [100%] [32m[1mLinking CXX executable reader[0m
[3.117s] /usr/bin/ld: CMakeFiles/reader.dir/src/reader.cpp.o: warning: relocation against `_ZTVN4YAML9ExceptionE' in read-only section `.text._ZN4YAML9ExceptionC2ERKNS_4MarkERKNSt7__cxx1112basic_stringIcSt11char_traitsIcESaIcEEE[_ZN4YAML9ExceptionC5ERKNS_4MarkERKNSt7__cxx1112basic_stringIcSt11char_traitsIcESaIcEEE]'
[3.132s] /usr/bin/ld: CMakeFiles/reader.dir/src/reader.cpp.o: in function `YAML::Exception::Exception(YAML::Mark const&, std::__cxx11::basic_string<char, std::char_traits<char>, std::allocator<char> > const&)':
[3.133s] reader.cpp:(.text._ZN4YAML9ExceptionC2ERKNS_4MarkERKNSt7__cxx1112basic_stringIcSt11char_traitsIcESaIcEEE[_ZN4YAML9ExceptionC5ERKNS_4MarkERKNSt7__cxx1112basic_stringIcSt11char_traitsIcESaIcEEE]+0x61): undefined reference to `vtable for YAML::Exception'
[3.133s] /usr/bin/ld: CMakeFiles/reader.dir/src/reader.cpp.o: in function `YAML::RepresentationException::RepresentationException(YAML::Mark const&, std::__cxx11::basic_string<char, std::char_traits<char>, std::allocator<char> > const&)':
[3.133s] reader.cpp:(.text._ZN4YAML23RepresentationExceptionC2ERKNS_4MarkERKNSt7__cxx1112basic_stringIcSt11char_traitsIcESaIcEEE[_ZN4YAML23RepresentationExceptionC5ERKNS_4MarkERKNSt7__cxx1112basic_stringIcSt11char_traitsIcESaIcEEE]+0x32): undefined reference to `vtable for YAML::RepresentationException'
[3.133s] /usr/bin/ld: CMakeFiles/reader.dir/src/reader.cpp.o: in function `YAML::InvalidNode::InvalidNode(std::__cxx11::basic_string<char, std::char_traits<char>, std::allocator<char> > const&)':
[3.133s] reader.cpp:(.text._ZN4YAML11InvalidNodeC2ERKNSt7__cxx1112basic_stringIcSt11char_traitsIcESaIcEEE[_ZN4YAML11InvalidNodeC5ERKNSt7__cxx1112basic_stringIcSt11char_traitsIcESaIcEEE]+0x71): undefined reference to `vtable for YAML::InvalidNode'
[3.133s] /usr/bin/ld: CMakeFiles/reader.dir/src/reader.cpp.o: in function `YAML::BadConversion::BadConversion(YAML::Mark const&)':
[3.133s] reader.cpp:(.text._ZN4YAML13BadConversionC2ERKNS_4MarkE[_ZN4YAML13BadConversionC5ERKNS_4MarkE]+0x7c): undefined reference to `vtable for YAML::BadConversion'
[3.133s] /usr/bin/ld: CMakeFiles/reader.dir/src/reader.cpp.o: in function `YAML::detail::memory_holder::create_node()':
[3.134s] reader.cpp:(.text._ZN4YAML6detail13memory_holder11create_nodeEv[_ZN4YAML6detail13memory_holder11create_nodeEv]+0x20): undefined reference to `YAML::detail::memory::create_node()'
[3.134s] /usr/bin/ld: CMakeFiles/reader.dir/src/reader.cpp.o: in function `YAML::detail::node_ref::mark_defined()':
[3.134s] reader.cpp:(.text._ZN4YAML6detail8node_ref12mark_definedEv[_ZN4YAML6detail8node_ref12mark_definedEv]+0x20): undefined reference to `YAML::detail::node_data::mark_defined()'
[3.134s] /usr/bin/ld: CMakeFiles/reader.dir/src/reader.cpp.o: in function `YAML::detail::node_ref::set_null()':
[3.134s] reader.cpp:(.text._ZN4YAML6detail8node_ref8set_nullEv[_ZN4YAML6detail8node_ref8set_nullEv]+0x20): undefined reference to `YAML::detail::node_data::set_null()'
[3.134s] /usr/bin/ld: CMakeFiles/reader.dir/src/reader.cpp.o: in function `YAML::detail::node_ref::set_scalar(std::__cxx11::basic_string<char, std::char_traits<char>, std::allocator<char> > const&)':
[3.134s] reader.cpp:(.text._ZN4YAML6detail8node_ref10set_scalarERKNSt7__cxx1112basic_stringIcSt11char_traitsIcESaIcEEE[_ZN4YAML6detail8node_ref10set_scalarERKNSt7__cxx1112basic_stringIcSt11char_traitsIcESaIcEEE]+0x2e): undefined reference to `YAML::detail::node_data::set_scalar(std::__cxx11::basic_string<char, std::char_traits<char>, std::allocator<char> > const&)'
[3.134s] /usr/bin/ld: CMakeFiles/reader.dir/src/reader.cpp.o: in function `YAML::detail::node_ref::begin()':
[3.134s] reader.cpp:(.text._ZN4YAML6detail8node_ref5beginEv[_ZN4YAML6detail8node_ref5beginEv]+0x3d): undefined reference to `YAML::detail::node_data::begin()'
[3.134s] /usr/bin/ld: CMakeFiles/reader.dir/src/reader.cpp.o: in function `YAML::detail::node_ref::end()':
[3.135s] reader.cpp:(.text._ZN4YAML6detail8node_ref3endEv[_ZN4YAML6detail8node_ref3endEv]+0x3d): undefined reference to `YAML::detail::node_data::end()'
[3.135s] /usr/bin/ld: CMakeFiles/reader.dir/src/reader.cpp.o: in function `YAML::Node::EnsureNodeExists() const':
[3.135s] reader.cpp:(.text._ZNK4YAML4Node16EnsureNodeExistsEv[_ZNK4YAML4Node16EnsureNodeExistsEv]+0x44): undefined reference to `YAML::InvalidNode::~InvalidNode()'
[3.135s] /usr/bin/ld: reader.cpp:(.text._ZNK4YAML4Node16EnsureNodeExistsEv[_ZNK4YAML4Node16EnsureNodeExistsEv]+0x4e): undefined reference to `typeinfo for YAML::InvalidNode'
[3.135s] /usr/bin/ld: CMakeFiles/reader.dir/src/reader.cpp.o: in function `YAML::Node::Mark() const':
[3.135s] reader.cpp:(.text._ZNK4YAML4Node4MarkEv[_ZNK4YAML4Node4MarkEv]+0x44): undefined reference to `YAML::InvalidNode::~InvalidNode()'
[3.135s] /usr/bin/ld: reader.cpp:(.text._ZNK4YAML4Node4MarkEv[_ZNK4YAML4Node4MarkEv]+0x4e): undefined reference to `typeinfo for YAML::InvalidNode'
[3.135s] /usr/bin/ld: CMakeFiles/reader.dir/src/reader.cpp.o: in function `YAML::Node::Type() const':
[3.135s] reader.cpp:(.text._ZNK4YAML4Node4TypeEv[_ZNK4YAML4Node4TypeEv]+0x44): undefined reference to `YAML::InvalidNode::~InvalidNode()'
[3.135s] /usr/bin/ld: reader.cpp:(.text._ZNK4YAML4Node4TypeEv[_ZNK4YAML4Node4TypeEv]+0x4e): undefined reference to `typeinfo for YAML::InvalidNode'
[3.135s] /usr/bin/ld: CMakeFiles/reader.dir/src/reader.cpp.o: in function `YAML::Node::Scalar[abi:cxx11]() const':
[3.135s] reader.cpp:(.text._ZNK4YAML4Node6ScalarB5cxx11Ev[_ZNK4YAML4Node6ScalarB5cxx11Ev]+0x44): undefined reference to `YAML::InvalidNode::~InvalidNode()'
[3.135s] /usr/bin/ld: reader.cpp:(.text._ZNK4YAML4Node6ScalarB5cxx11Ev[_ZNK4YAML4Node6ScalarB5cxx11Ev]+0x4e): undefined reference to `typeinfo for YAML::InvalidNode'
[3.135s] /usr/bin/ld: reader.cpp:(.text._ZNK4YAML4Node6ScalarB5cxx11Ev[_ZNK4YAML4Node6ScalarB5cxx11Ev]+0x7d): undefined reference to `YAML::detail::node_data::empty_scalar[abi:cxx11]()'
[3.136s] /usr/bin/ld: CMakeFiles/reader.dir/src/reader.cpp.o: in function `Reader::Reader()':
[3.136s] reader.cpp:(.text._ZN6ReaderC2Ev[_ZN6ReaderC5Ev]+0x13d): undefined reference to `YAML::LoadFile(std::__cxx11::basic_string<char, std::char_traits<char>, std::allocator<char> > const&)'
[3.136s] /usr/bin/ld: CMakeFiles/reader.dir/src/reader.cpp.o: in function `std::__cxx11::basic_string<char, std::char_traits<char>, std::allocator<char> > YAML::Node::as<std::__cxx11::basic_string<char, std::char_traits<char>, std::allocator<char> > >() const':
[3.136s] reader.cpp:(.text._ZNK4YAML4Node2asINSt7__cxx1112basic_stringIcSt11char_traitsIcESaIcEEEEET_v[_ZNK4YAML4Node2asINSt7__cxx1112basic_stringIcSt11char_traitsIcESaIcEEEEET_v]+0x57): undefined reference to `YAML::InvalidNode::~InvalidNode()'
[3.136s] /usr/bin/ld: reader.cpp:(.text._ZNK4YAML4Node2asINSt7__cxx1112basic_stringIcSt11char_traitsIcESaIcEEEEET_v[_ZNK4YAML4Node2asINSt7__cxx1112basic_stringIcSt11char_traitsIcESaIcEEEEET_v]+0x61): undefined reference to `typeinfo for YAML::InvalidNode'
[3.136s] /usr/bin/ld: CMakeFiles/reader.dir/src/reader.cpp.o: in function `int YAML::Node::as<int>() const':
[3.136s] reader.cpp:(.text._ZNK4YAML4Node2asIiEET_v[_ZNK4YAML4Node2asIiEET_v]+0x53): undefined reference to `YAML::InvalidNode::~InvalidNode()'
[3.136s] /usr/bin/ld: reader.cpp:(.text._ZNK4YAML4Node2asIiEET_v[_ZNK4YAML4Node2asIiEET_v]+0x5d): undefined reference to `typeinfo for YAML::InvalidNode'
[3.136s] /usr/bin/ld: CMakeFiles/reader.dir/src/reader.cpp.o: in function `YAML::TypedBadConversion<int>::~TypedBadConversion()':
[3.136s] reader.cpp:(.text._ZN4YAML18TypedBadConversionIiED2Ev[_ZN4YAML18TypedBadConversionIiED5Ev]+0x26): undefined reference to `YAML::BadConversion::~BadConversion()'
[3.136s] /usr/bin/ld: CMakeFiles/reader.dir/src/reader.cpp.o: in function `YAML::detail::node& YAML::detail::node_data::get<char [7]>(char const (&) [7], std::shared_ptr<YAML::detail::memory_holder>)':
[3.136s] reader.cpp:(.text._ZN4YAML6detail9node_data3getIA7_cEERNS0_4nodeERKT_St10shared_ptrINS0_13memory_holderEE[_ZN4YAML6detail9node_data3getIA7_cEERNS0_4nodeERKT_St10shared_ptrINS0_13memory_holderEE]+0xd3): undefined reference to `YAML::detail::node_data::convert_to_map(std::shared_ptr<YAML::detail::memory_holder> const&)'
[3.136s] /usr/bin/ld: reader.cpp:(.text._ZN4YAML6detail9node_data3getIA7_cEERNS0_4nodeERKT_St10shared_ptrINS0_13memory_holderEE[_ZN4YAML6detail9node_data3getIA7_cEERNS0_4nodeERKT_St10shared_ptrINS0_13memory_holderEE]+0x103): undefined reference to `YAML::BadSubscript::~BadSubscript()'
[3.137s] /usr/bin/ld: reader.cpp:(.text._ZN4YAML6detail9node_data3getIA7_cEERNS0_4nodeERKT_St10shared_ptrINS0_13memory_holderEE[_ZN4YAML6detail9node_data3getIA7_cEERNS0_4nodeERKT_St10shared_ptrINS0_13memory_holderEE]+0x10d): undefined reference to `typeinfo for YAML::BadSubscript'
[3.137s] /usr/bin/ld: reader.cpp:(.text._ZN4YAML6detail9node_data3getIA7_cEERNS0_4nodeERKT_St10shared_ptrINS0_13memory_holderEE[_ZN4YAML6detail9node_data3getIA7_cEERNS0_4nodeERKT_St10shared_ptrINS0_13memory_holderEE]+0x1fb): undefined reference to `YAML::detail::node_data::insert_map_pair(YAML::detail::node&, YAML::detail::node&)'
[3.137s] /usr/bin/ld: CMakeFiles/reader.dir/src/reader.cpp.o: in function `YAML::detail::node* YAML::detail::node_data::get<char [5]>(char const (&) [5], std::shared_ptr<YAML::detail::memory_holder>) const':
[3.137s] reader.cpp:(.text._ZNK4YAML6detail9node_data3getIA5_cEEPNS0_4nodeERKT_St10shared_ptrINS0_13memory_holderEE[_ZNK4YAML6detail9node_data3getIA5_cEEPNS0_4nodeERKT_St10shared_ptrINS0_13memory_holderEE]+0xf7): undefined reference to `YAML::BadSubscript::~BadSubscript()'
[3.137s] /usr/bin/ld: reader.cpp:(.text._ZNK4YAML6detail9node_data3getIA5_cEEPNS0_4nodeERKT_St10shared_ptrINS0_13memory_holderEE[_ZNK4YAML6detail9node_data3getIA5_cEEPNS0_4nodeERKT_St10shared_ptrINS0_13memory_holderEE]+0x101): undefined reference to `typeinfo for YAML::BadSubscript'
[3.137s] /usr/bin/ld: CMakeFiles/reader.dir/src/reader.cpp.o: in function `YAML::BadSubscript::BadSubscript<char [7]>(YAML::Mark const&, char const (&) [7])':
[3.137s] reader.cpp:(.text._ZN4YAML12BadSubscriptC2IA7_cEERKNS_4MarkERKT_[_ZN4YAML12BadSubscriptC5IA7_cEERKNS_4MarkERKT_]+0x61): undefined reference to `vtable for YAML::BadSubscript'
[3.137s] /usr/bin/ld: CMakeFiles/reader.dir/src/reader.cpp.o: in function `YAML::detail::node& YAML::detail::node_data::convert_to_node<char [7]>(char const (&) [7], std::shared_ptr<YAML::detail::memory_holder>)':
[3.137s] reader.cpp:(.text._ZN4YAML6detail9node_data15convert_to_nodeIA7_cEERNS0_4nodeERKT_St10shared_ptrINS0_13memory_holderEE[_ZN4YAML6detail9node_data15convert_to_nodeIA7_cEERNS0_4nodeERKT_St10shared_ptrINS0_13memory_holderEE]+0x69): undefined reference to `YAML::detail::memory_holder::merge(YAML::detail::memory_holder&)'
[3.137s] /usr/bin/ld: CMakeFiles/reader.dir/src/reader.cpp.o: in function `YAML::BadSubscript::BadSubscript<char [5]>(YAML::Mark const&, char const (&) [5])':
[3.137s] reader.cpp:(.text._ZN4YAML12BadSubscriptC2IA5_cEERKNS_4MarkERKT_[_ZN4YAML12BadSubscriptC5IA5_cEERKNS_4MarkERKT_]+0x61): undefined reference to `vtable for YAML::BadSubscript'
[3.137s] /usr/bin/ld: CMakeFiles/reader.dir/src/reader.cpp.o: in function `YAML::TypedBadConversion<std::__cxx11::basic_string<char, std::char_traits<char>, std::allocator<char> > >::~TypedBadConversion()':
[3.137s] reader.cpp:(.text._ZN4YAML18TypedBadConversionINSt7__cxx1112basic_stringIcSt11char_traitsIcESaIcEEEED2Ev[_ZN4YAML18TypedBadConversionINSt7__cxx1112basic_stringIcSt11char_traitsIcESaIcEEEED5Ev]+0x26): undefined reference to `YAML::BadConversion::~BadConversion()'
[3.137s] /usr/bin/ld: CMakeFiles/reader.dir/src/reader.cpp.o:(.data.rel.ro._ZTIN4YAML18TypedBadConversionIiEE[_ZTIN4YAML18TypedBadConversionIiEE]+0x10): undefined reference to `typeinfo for YAML::BadConversion'
[3.137s] /usr/bin/ld: CMakeFiles/reader.dir/src/reader.cpp.o:(.data.rel.ro._ZTIN4YAML18TypedBadConversionINSt7__cxx1112basic_stringIcSt11char_traitsIcESaIcEEEEE[_ZTIN4YAML18TypedBadConversionINSt7__cxx1112basic_stringIcSt11char_traitsIcESaIcEEEEE]+0x10): undefined reference to `typeinfo for YAML::BadConversion'
[3.143s] /usr/bin/ld: warning: creating DT_TEXTREL in a PIE
[3.146s] collect2: error: ld returned 1 exit status
[3.148s] gmake[2]: *** [CMakeFiles/reader.dir/build.make:151：reader] 错误 1
[3.148s] gmake[1]: *** [CMakeFiles/Makefile2:137：CMakeFiles/reader.dir/all] 错误 2
[3.148s] gmake: *** [Makefile:146：all] 错误 2
[3.152s] Invoked command in '/home/shen/learn/ROS2/yaml_ws/build/read_yaml' returned '2': CMAKE_PREFIX_PATH=/opt/ros/humble /usr/bin/cmake --build /home/shen/learn/ROS2/yaml_ws/build/read_yaml -- -j16 -l16
