[0.111s] Invoking command in '/home/shen/learn/ROS2/ethernet_ws/build/serial_driver': CMAKE_PREFIX_PATH=/home/shen/learn/ROS2/ethernet_ws/install/io_context:/home/shen/learn/ROS2/ethernet_ws/install/asio_cmake_module:/home/shen/learn/ROS2/ethernet_ws/install/udp_driver:/home/shen/learn/ROS2/ethernet_ws/install/serial_driver:/home/shen/learn/ROS2/ethernet_ws/install/my_ethernet_utils:/opt/ros/humble LD_LIBRARY_PATH=/home/shen/learn/ROS2/ethernet_ws/install/io_context/lib:/home/shen/learn/ROS2/ethernet_ws/install/udp_driver/lib:/home/shen/learn/ROS2/ethernet_ws/install/serial_driver/lib:/usr/lib/x86_64-linux-gnu/gazebo-11/plugins:/opt/ros/humble/opt/rviz_ogre_vendor/lib:/opt/ros/humble/lib/x86_64-linux-gnu:/opt/ros/humble/lib /usr/bin/cmake /home/shen/learn/ROS2/ethernet_ws/src/transport_drivers/serial_driver -DCMAKE_INSTALL_PREFIX=/home/shen/learn/ROS2/ethernet_ws/install/serial_driver
[0.196s] -- The C compiler identification is GNU 11.4.0
[0.297s] -- The CXX compiler identification is GNU 11.4.0
[0.305s] -- Detecting C compiler ABI info
[0.425s] -- Detecting C compiler ABI info - done
[0.444s] -- Check for working C compiler: /usr/bin/cc - skipped
[0.444s] -- Detecting C compile features
[0.445s] -- Detecting C compile features - done
[0.452s] -- Detecting CXX compiler ABI info
[0.563s] -- Detecting CXX compiler ABI info - done
[0.578s] -- Check for working CXX compiler: /usr/bin/c++ - skipped
[0.578s] -- Detecting CXX compile features
[0.579s] -- Detecting CXX compile features - done
[0.584s] -- Found ament_cmake_auto: 1.3.6 (/opt/ros/humble/share/ament_cmake_auto/cmake)
[0.823s] -- Found Python3: /usr/bin/python3.10 (found version "3.10.12") found components: Interpreter 
[1.072s] -- Found rosidl_generator_c: 3.1.5 (/opt/ros/humble/share/rosidl_generator_c/cmake)
[1.077s] -- Found rosidl_adapter: 3.1.5 (/opt/ros/humble/share/rosidl_adapter/cmake)
[1.085s] -- Found rosidl_generator_cpp: 3.1.5 (/opt/ros/humble/share/rosidl_generator_cpp/cmake)
[1.098s] -- Using all available rosidl_typesupport_c: rosidl_typesupport_fastrtps_c;rosidl_typesupport_introspection_c
[1.116s] -- Using all available rosidl_typesupport_cpp: rosidl_typesupport_fastrtps_cpp;rosidl_typesupport_introspection_cpp
[1.178s] -- Found rmw_implementation_cmake: 6.1.1 (/opt/ros/humble/share/rmw_implementation_cmake/cmake)
[1.181s] -- Found rmw_cyclonedds_cpp: 1.3.4 (/opt/ros/humble/share/rmw_cyclonedds_cpp/cmake)
[1.211s] -- Using RMW implementation 'rmw_cyclonedds_cpp' as default
[1.220s] -- Looking for pthread.h
[1.302s] -- Looking for pthread.h - found
[1.302s] -- Performing Test CMAKE_HAVE_LIBC_PTHREAD
[1.399s] -- Performing Test CMAKE_HAVE_LIBC_PTHREAD - Success
[1.400s] -- Found Threads: TRUE  
[1.729s] -- Found ASIO: /usr/include  
[1.772s] -- Found ament_lint_auto: 0.12.9 (/opt/ros/humble/share/ament_lint_auto/cmake)
[1.793s] -- Found gtest sources under '/opt/ros/humble/src/gtest_vendor': C++ tests using 'Google Test' will be built
[1.802s] -- Added test 'copyright' to check source files copyright and LICENSE
[1.804s] -- Added test 'cppcheck' to perform static code analysis on C / C++ code
[1.804s] -- Configured cppcheck include dirs: /home/shen/learn/ROS2/ethernet_ws/src/transport_drivers/serial_driver/include
[1.804s] -- Configured cppcheck exclude dirs and/or files: 
[1.806s] -- Added test 'cpplint' to check C / C++ code against the Google style
[1.806s] -- Configured cpplint exclude dirs and/or files: 
[1.806s] -- Added test 'flake8' to check Python code syntax and style conventions
[1.807s] -- Added test 'lint_cmake' to check CMake code style
[1.808s] -- Added test 'pep257' to check Python code against some of the docstring style conventions in PEP 257
[1.809s] -- Added test 'uncrustify' to check C / C++ code style
[1.810s] -- Configured uncrustify additional arguments: 
[1.810s] -- Added test 'xmllint' to check XML markup files
[1.813s] -- Configuring done
[1.872s] -- Generating done
[1.874s] -- Build files have been written to: /home/shen/learn/ROS2/ethernet_ws/build/serial_driver
[1.883s] Invoked command in '/home/shen/learn/ROS2/ethernet_ws/build/serial_driver' returned '0': CMAKE_PREFIX_PATH=/home/shen/learn/ROS2/ethernet_ws/install/io_context:/home/shen/learn/ROS2/ethernet_ws/install/asio_cmake_module:/home/shen/learn/ROS2/ethernet_ws/install/udp_driver:/home/shen/learn/ROS2/ethernet_ws/install/serial_driver:/home/shen/learn/ROS2/ethernet_ws/install/my_ethernet_utils:/opt/ros/humble LD_LIBRARY_PATH=/home/shen/learn/ROS2/ethernet_ws/install/io_context/lib:/home/shen/learn/ROS2/ethernet_ws/install/udp_driver/lib:/home/shen/learn/ROS2/ethernet_ws/install/serial_driver/lib:/usr/lib/x86_64-linux-gnu/gazebo-11/plugins:/opt/ros/humble/opt/rviz_ogre_vendor/lib:/opt/ros/humble/lib/x86_64-linux-gnu:/opt/ros/humble/lib /usr/bin/cmake /home/shen/learn/ROS2/ethernet_ws/src/transport_drivers/serial_driver -DCMAKE_INSTALL_PREFIX=/home/shen/learn/ROS2/ethernet_ws/install/serial_driver
[1.885s] Invoking command in '/home/shen/learn/ROS2/ethernet_ws/build/serial_driver': CMAKE_PREFIX_PATH=/home/shen/learn/ROS2/ethernet_ws/install/io_context:/home/shen/learn/ROS2/ethernet_ws/install/asio_cmake_module:/home/shen/learn/ROS2/ethernet_ws/install/udp_driver:/home/shen/learn/ROS2/ethernet_ws/install/serial_driver:/home/shen/learn/ROS2/ethernet_ws/install/my_ethernet_utils:/opt/ros/humble LD_LIBRARY_PATH=/home/shen/learn/ROS2/ethernet_ws/install/io_context/lib:/home/shen/learn/ROS2/ethernet_ws/install/udp_driver/lib:/home/shen/learn/ROS2/ethernet_ws/install/serial_driver/lib:/usr/lib/x86_64-linux-gnu/gazebo-11/plugins:/opt/ros/humble/opt/rviz_ogre_vendor/lib:/opt/ros/humble/lib/x86_64-linux-gnu:/opt/ros/humble/lib /usr/bin/cmake --build /home/shen/learn/ROS2/ethernet_ws/build/serial_driver -- -j16 -l16
[1.961s] [ 13%] [32mBuilding CXX object gtest/CMakeFiles/gtest_main.dir/src/gtest_main.cc.o[0m
[1.961s] [ 13%] [32mBuilding CXX object gtest/CMakeFiles/gtest.dir/src/gtest-all.cc.o[0m
[1.962s] [ 20%] [32mBuilding CXX object CMakeFiles/serial_bridge.dir/rclcpp_components/node_main_serial_bridge.cpp.o[0m
[1.964s] [ 26%] [32mBuilding CXX object CMakeFiles/serial_driver.dir/src/serial_port.cpp.o[0m
[1.965s] [ 33%] [32mBuilding CXX object CMakeFiles/serial_driver.dir/src/serial_driver.cpp.o[0m
[3.393s] [ 40%] [32m[1mLinking CXX static library libgtest_main.a[0m
[3.435s] [ 40%] Built target gtest_main
[4.870s] [ 46%] [32m[1mLinking CXX shared library libserial_driver.so[0m
[5.101s] [ 46%] Built target serial_driver
[5.126s] [ 53%] [32mBuilding CXX object CMakeFiles/serial_driver_nodes.dir/src/serial_bridge_node.cpp.o[0m
[5.543s] [ 60%] [32m[1mLinking CXX executable serial_bridge[0m
[5.715s] [ 60%] Built target serial_bridge
[5.843s] [ 66%] [32m[1mLinking CXX static library libgtest.a[0m
[5.914s] [ 66%] Built target gtest
[5.939s] [ 80%] [32mBuilding CXX object CMakeFiles/test_serial_port.dir/test/test_serial_port.cpp.o[0m
[5.939s] [ 80%] [32mBuilding CXX object CMakeFiles/test_serial_driver.dir/test/test_serial_driver.cpp.o[0m
[8.010s] [ 86%] [32m[1mLinking CXX executable test_serial_driver[0m
[8.122s] [ 93%] [32m[1mLinking CXX executable test_serial_port[0m
[8.283s] [ 93%] Built target test_serial_driver
[8.366s] [ 93%] Built target test_serial_port
[13.448s] [100%] [32m[1mLinking CXX shared library libserial_driver_nodes.so[0m
[14.134s] [100%] Built target serial_driver_nodes
[14.158s] Invoked command in '/home/shen/learn/ROS2/ethernet_ws/build/serial_driver' returned '0': CMAKE_PREFIX_PATH=/home/shen/learn/ROS2/ethernet_ws/install/io_context:/home/shen/learn/ROS2/ethernet_ws/install/asio_cmake_module:/home/shen/learn/ROS2/ethernet_ws/install/udp_driver:/home/shen/learn/ROS2/ethernet_ws/install/serial_driver:/home/shen/learn/ROS2/ethernet_ws/install/my_ethernet_utils:/opt/ros/humble LD_LIBRARY_PATH=/home/shen/learn/ROS2/ethernet_ws/install/io_context/lib:/home/shen/learn/ROS2/ethernet_ws/install/udp_driver/lib:/home/shen/learn/ROS2/ethernet_ws/install/serial_driver/lib:/usr/lib/x86_64-linux-gnu/gazebo-11/plugins:/opt/ros/humble/opt/rviz_ogre_vendor/lib:/opt/ros/humble/lib/x86_64-linux-gnu:/opt/ros/humble/lib /usr/bin/cmake --build /home/shen/learn/ROS2/ethernet_ws/build/serial_driver -- -j16 -l16
[14.221s] Invoking command in '/home/shen/learn/ROS2/ethernet_ws/build/serial_driver': CMAKE_PREFIX_PATH=/home/shen/learn/ROS2/ethernet_ws/install/io_context:/home/shen/learn/ROS2/ethernet_ws/install/asio_cmake_module:/home/shen/learn/ROS2/ethernet_ws/install/udp_driver:/home/shen/learn/ROS2/ethernet_ws/install/serial_driver:/home/shen/learn/ROS2/ethernet_ws/install/my_ethernet_utils:/opt/ros/humble LD_LIBRARY_PATH=/home/shen/learn/ROS2/ethernet_ws/install/io_context/lib:/home/shen/learn/ROS2/ethernet_ws/install/udp_driver/lib:/home/shen/learn/ROS2/ethernet_ws/install/serial_driver/lib:/usr/lib/x86_64-linux-gnu/gazebo-11/plugins:/opt/ros/humble/opt/rviz_ogre_vendor/lib:/opt/ros/humble/lib/x86_64-linux-gnu:/opt/ros/humble/lib /usr/bin/cmake --install /home/shen/learn/ROS2/ethernet_ws/build/serial_driver
[14.227s] -- Install configuration: ""
[14.227s] -- Installing: /home/shen/learn/ROS2/ethernet_ws/install/serial_driver/lib/serial_driver/serial_bridge
[14.228s] -- Set runtime path of "/home/shen/learn/ROS2/ethernet_ws/install/serial_driver/lib/serial_driver/serial_bridge" to ""
[14.228s] -- Installing: /home/shen/learn/ROS2/ethernet_ws/install/serial_driver/include
[14.228s] -- Installing: /home/shen/learn/ROS2/ethernet_ws/install/serial_driver/include/serial_driver
[14.228s] -- Installing: /home/shen/learn/ROS2/ethernet_ws/install/serial_driver/include/serial_driver/serial_port.hpp
[14.228s] -- Installing: /home/shen/learn/ROS2/ethernet_ws/install/serial_driver/include/serial_driver/serial_bridge_node.hpp
[14.228s] -- Installing: /home/shen/learn/ROS2/ethernet_ws/install/serial_driver/include/serial_driver/visibility_control.hpp
[14.228s] -- Installing: /home/shen/learn/ROS2/ethernet_ws/install/serial_driver/include/serial_driver/serial_driver.hpp
[14.229s] -- Installing: /home/shen/learn/ROS2/ethernet_ws/install/serial_driver/share/serial_driver/environment/library_path.sh
[14.229s] -- Installing: /home/shen/learn/ROS2/ethernet_ws/install/serial_driver/share/serial_driver/environment/library_path.dsv
[14.229s] -- Installing: /home/shen/learn/ROS2/ethernet_ws/install/serial_driver/lib/libserial_driver.so
[14.230s] -- Set runtime path of "/home/shen/learn/ROS2/ethernet_ws/install/serial_driver/lib/libserial_driver.so" to ""
[14.230s] -- Installing: /home/shen/learn/ROS2/ethernet_ws/install/serial_driver/lib/libserial_driver_nodes.so
[14.239s] -- Set runtime path of "/home/shen/learn/ROS2/ethernet_ws/install/serial_driver/lib/libserial_driver_nodes.so" to ""
[14.239s] -- Installing: /home/shen/learn/ROS2/ethernet_ws/install/serial_driver/share/serial_driver/launch
[14.239s] -- Installing: /home/shen/learn/ROS2/ethernet_ws/install/serial_driver/share/serial_driver/launch/serial_driver_bridge_node.launch.py
[14.239s] -- Installing: /home/shen/learn/ROS2/ethernet_ws/install/serial_driver/share/serial_driver/params
[14.240s] -- Installing: /home/shen/learn/ROS2/ethernet_ws/install/serial_driver/share/serial_driver/params/example.params.yaml
[14.240s] -- Installing: /home/shen/learn/ROS2/ethernet_ws/install/serial_driver/share/ament_index/resource_index/package_run_dependencies/serial_driver
[14.240s] -- Installing: /home/shen/learn/ROS2/ethernet_ws/install/serial_driver/share/ament_index/resource_index/parent_prefix_path/serial_driver
[14.240s] -- Installing: /home/shen/learn/ROS2/ethernet_ws/install/serial_driver/share/serial_driver/environment/ament_prefix_path.sh
[14.240s] -- Installing: /home/shen/learn/ROS2/ethernet_ws/install/serial_driver/share/serial_driver/environment/ament_prefix_path.dsv
[14.240s] -- Installing: /home/shen/learn/ROS2/ethernet_ws/install/serial_driver/share/serial_driver/environment/path.sh
[14.240s] -- Installing: /home/shen/learn/ROS2/ethernet_ws/install/serial_driver/share/serial_driver/environment/path.dsv
[14.240s] -- Installing: /home/shen/learn/ROS2/ethernet_ws/install/serial_driver/share/serial_driver/local_setup.bash
[14.240s] -- Installing: /home/shen/learn/ROS2/ethernet_ws/install/serial_driver/share/serial_driver/local_setup.sh
[14.241s] -- Installing: /home/shen/learn/ROS2/ethernet_ws/install/serial_driver/share/serial_driver/local_setup.zsh
[14.241s] -- Installing: /home/shen/learn/ROS2/ethernet_ws/install/serial_driver/share/serial_driver/local_setup.dsv
[14.241s] -- Installing: /home/shen/learn/ROS2/ethernet_ws/install/serial_driver/share/serial_driver/package.dsv
[14.241s] -- Installing: /home/shen/learn/ROS2/ethernet_ws/install/serial_driver/share/ament_index/resource_index/packages/serial_driver
[14.241s] -- Installing: /home/shen/learn/ROS2/ethernet_ws/install/serial_driver/share/ament_index/resource_index/rclcpp_components/serial_driver
[14.242s] -- Installing: /home/shen/learn/ROS2/ethernet_ws/install/serial_driver/share/serial_driver/cmake/ament_cmake_export_dependencies-extras.cmake
[14.242s] -- Installing: /home/shen/learn/ROS2/ethernet_ws/install/serial_driver/share/serial_driver/cmake/ament_cmake_export_include_directories-extras.cmake
[14.242s] -- Installing: /home/shen/learn/ROS2/ethernet_ws/install/serial_driver/share/serial_driver/cmake/ament_cmake_export_libraries-extras.cmake
[14.242s] -- Installing: /home/shen/learn/ROS2/ethernet_ws/install/serial_driver/share/serial_driver/cmake/serial_driverConfig.cmake
[14.242s] -- Installing: /home/shen/learn/ROS2/ethernet_ws/install/serial_driver/share/serial_driver/cmake/serial_driverConfig-version.cmake
[14.242s] -- Installing: /home/shen/learn/ROS2/ethernet_ws/install/serial_driver/share/serial_driver/package.xml
[14.245s] Invoked command in '/home/shen/learn/ROS2/ethernet_ws/build/serial_driver' returned '0': CMAKE_PREFIX_PATH=/home/shen/learn/ROS2/ethernet_ws/install/io_context:/home/shen/learn/ROS2/ethernet_ws/install/asio_cmake_module:/home/shen/learn/ROS2/ethernet_ws/install/udp_driver:/home/shen/learn/ROS2/ethernet_ws/install/serial_driver:/home/shen/learn/ROS2/ethernet_ws/install/my_ethernet_utils:/opt/ros/humble LD_LIBRARY_PATH=/home/shen/learn/ROS2/ethernet_ws/install/io_context/lib:/home/shen/learn/ROS2/ethernet_ws/install/udp_driver/lib:/home/shen/learn/ROS2/ethernet_ws/install/serial_driver/lib:/usr/lib/x86_64-linux-gnu/gazebo-11/plugins:/opt/ros/humble/opt/rviz_ogre_vendor/lib:/opt/ros/humble/lib/x86_64-linux-gnu:/opt/ros/humble/lib /usr/bin/cmake --install /home/shen/learn/ROS2/ethernet_ws/build/serial_driver
