[0.863s] DEBUG:colcon:Command line arguments: ['/usr/bin/colcon', 'build']
[0.863s] DEBUG:colcon:Parsed command line arguments: Namespace(log_base=None, log_level=None, verb_name='build', build_base='build', install_base='install', merge_install=False, symlink_install=False, test_result_base=None, continue_on_error=False, executor='parallel', parallel_workers=16, event_handlers=None, ignore_user_meta=False, metas=['./colcon.meta'], base_paths=['.'], packages_ignore=None, packages_ignore_regex=None, paths=None, packages_up_to=None, packages_up_to_regex=None, packages_above=None, packages_above_and_dependencies=None, packages_above_depth=None, packages_select_by_dep=None, packages_skip_by_dep=None, packages_skip_up_to=None, packages_select_build_failed=False, packages_skip_build_finished=False, packages_select_test_failures=False, packages_skip_test_passed=False, packages_select=None, packages_skip=None, packages_select_regex=None, packages_skip_regex=None, packages_start=None, packages_end=None, allow_overriding=[], cmake_args=None, cmake_target=None, cmake_target_skip_unavailable=False, cmake_clean_cache=False, cmake_clean_first=False, cmake_force_configure=False, ament_cmake_args=None, catkin_cmake_args=None, catkin_skip_building_tests=False, verb_parser=<colcon_defaults.argument_parser.defaults.DefaultArgumentsDecorator object at 0x7cc0bd23ae60>, verb_extension=<colcon_core.verb.build.BuildVerb object at 0x7cc0be3d7f40>, main=<bound method BuildVerb.main of <colcon_core.verb.build.BuildVerb object at 0x7cc0be3d7f40>>)
[0.902s] Level 1:colcon.colcon_core.package_discovery:discover_packages(colcon_meta) check parameters
[0.902s] Level 1:colcon.colcon_core.package_discovery:discover_packages(recursive) check parameters
[0.902s] Level 1:colcon.colcon_core.package_discovery:discover_packages(ignore) check parameters
[0.902s] Level 1:colcon.colcon_core.package_discovery:discover_packages(path) check parameters
[0.902s] Level 1:colcon.colcon_core.package_discovery:discover_packages(colcon_meta) discover
[0.902s] Level 1:colcon.colcon_core.package_discovery:discover_packages(recursive) discover
[0.902s] INFO:colcon.colcon_core.package_discovery:Crawling recursively for packages in '/home/shen/learn/ROS2/video_ws'
[0.902s] Level 1:colcon.colcon_core.package_identification:_identify(.) by extensions ['ignore', 'ignore_ament_install']
[0.903s] Level 1:colcon.colcon_core.package_identification:_identify(.) by extension 'ignore'
[0.903s] Level 1:colcon.colcon_core.package_identification:_identify(.) by extension 'ignore_ament_install'
[0.903s] Level 1:colcon.colcon_core.package_identification:_identify(.) by extensions ['colcon_pkg']
[0.903s] Level 1:colcon.colcon_core.package_identification:_identify(.) by extension 'colcon_pkg'
[0.903s] Level 1:colcon.colcon_core.package_identification:_identify(.) by extensions ['colcon_meta']
[0.903s] Level 1:colcon.colcon_core.package_identification:_identify(.) by extension 'colcon_meta'
[0.903s] Level 1:colcon.colcon_core.package_identification:_identify(.) by extensions ['ros']
[0.903s] Level 1:colcon.colcon_core.package_identification:_identify(.) by extension 'ros'
[0.912s] Level 1:colcon.colcon_core.package_identification:_identify(.) by extensions ['cmake', 'python']
[0.913s] Level 1:colcon.colcon_core.package_identification:_identify(.) by extension 'cmake'
[0.913s] Level 1:colcon.colcon_core.package_identification:_identify(.) by extension 'python'
[0.913s] Level 1:colcon.colcon_core.package_identification:_identify(.) by extensions ['python_setup_py']
[0.913s] Level 1:colcon.colcon_core.package_identification:_identify(.) by extension 'python_setup_py'
[0.913s] Level 1:colcon.colcon_core.package_identification:_identify(build) by extensions ['ignore', 'ignore_ament_install']
[0.913s] Level 1:colcon.colcon_core.package_identification:_identify(build) by extension 'ignore'
[0.913s] Level 1:colcon.colcon_core.package_identification:_identify(build) ignored
[0.913s] Level 1:colcon.colcon_core.package_identification:_identify(install) by extensions ['ignore', 'ignore_ament_install']
[0.913s] Level 1:colcon.colcon_core.package_identification:_identify(install) by extension 'ignore'
[0.913s] Level 1:colcon.colcon_core.package_identification:_identify(install) ignored
[0.913s] Level 1:colcon.colcon_core.package_identification:_identify(log) by extensions ['ignore', 'ignore_ament_install']
[0.913s] Level 1:colcon.colcon_core.package_identification:_identify(log) by extension 'ignore'
[0.913s] Level 1:colcon.colcon_core.package_identification:_identify(log) ignored
[0.913s] Level 1:colcon.colcon_core.package_identification:_identify(src) by extensions ['ignore', 'ignore_ament_install']
[0.913s] Level 1:colcon.colcon_core.package_identification:_identify(src) by extension 'ignore'
[0.913s] Level 1:colcon.colcon_core.package_identification:_identify(src) by extension 'ignore_ament_install'
[0.914s] Level 1:colcon.colcon_core.package_identification:_identify(src) by extensions ['colcon_pkg']
[0.914s] Level 1:colcon.colcon_core.package_identification:_identify(src) by extension 'colcon_pkg'
[0.914s] Level 1:colcon.colcon_core.package_identification:_identify(src) by extensions ['colcon_meta']
[0.914s] Level 1:colcon.colcon_core.package_identification:_identify(src) by extension 'colcon_meta'
[0.914s] Level 1:colcon.colcon_core.package_identification:_identify(src) by extensions ['ros']
[0.914s] Level 1:colcon.colcon_core.package_identification:_identify(src) by extension 'ros'
[0.914s] Level 1:colcon.colcon_core.package_identification:_identify(src) by extensions ['cmake', 'python']
[0.914s] Level 1:colcon.colcon_core.package_identification:_identify(src) by extension 'cmake'
[0.914s] Level 1:colcon.colcon_core.package_identification:_identify(src) by extension 'python'
[0.914s] Level 1:colcon.colcon_core.package_identification:_identify(src) by extensions ['python_setup_py']
[0.914s] Level 1:colcon.colcon_core.package_identification:_identify(src) by extension 'python_setup_py'
[0.914s] Level 1:colcon.colcon_core.package_identification:_identify(src/usb_cam) by extensions ['ignore', 'ignore_ament_install']
[0.914s] Level 1:colcon.colcon_core.package_identification:_identify(src/usb_cam) by extension 'ignore'
[0.914s] Level 1:colcon.colcon_core.package_identification:_identify(src/usb_cam) by extension 'ignore_ament_install'
[0.914s] Level 1:colcon.colcon_core.package_identification:_identify(src/usb_cam) by extensions ['colcon_pkg']
[0.914s] Level 1:colcon.colcon_core.package_identification:_identify(src/usb_cam) by extension 'colcon_pkg'
[0.914s] Level 1:colcon.colcon_core.package_identification:_identify(src/usb_cam) by extensions ['colcon_meta']
[0.914s] Level 1:colcon.colcon_core.package_identification:_identify(src/usb_cam) by extension 'colcon_meta'
[0.914s] Level 1:colcon.colcon_core.package_identification:_identify(src/usb_cam) by extensions ['ros']
[0.914s] Level 1:colcon.colcon_core.package_identification:_identify(src/usb_cam) by extension 'ros'
[0.921s] DEBUG:colcon.colcon_core.package_identification:Package 'src/usb_cam' with type 'ros.ament_cmake' and name 'usb_cam'
[0.921s] Level 1:colcon.colcon_core.package_discovery:discover_packages(recursive) using defaults
[0.921s] Level 1:colcon.colcon_core.package_discovery:discover_packages(ignore) discover
[0.921s] Level 1:colcon.colcon_core.package_discovery:discover_packages(ignore) using defaults
[0.921s] Level 1:colcon.colcon_core.package_discovery:discover_packages(path) discover
[0.921s] Level 1:colcon.colcon_core.package_discovery:discover_packages(path) using defaults
[1.001s] Level 1:colcon.colcon_core.package_discovery:discover_packages(prefix_path) check parameters
[1.001s] Level 1:colcon.colcon_core.package_discovery:discover_packages(prefix_path) discover
[1.027s] DEBUG:colcon.colcon_installed_package_information.package_discovery:Found 1 installed packages in /home/shen/learn/ROS2/video_ws/install
[1.042s] DEBUG:colcon.colcon_installed_package_information.package_discovery:Found 344 installed packages in /opt/ros/humble
[1.043s] Level 1:colcon.colcon_core.package_discovery:discover_packages(prefix_path) using defaults
[1.135s] Level 5:colcon.colcon_core.verb:set package 'usb_cam' build argument 'cmake_args' from command line to 'None'
[1.136s] Level 5:colcon.colcon_core.verb:set package 'usb_cam' build argument 'cmake_target' from command line to 'None'
[1.136s] Level 5:colcon.colcon_core.verb:set package 'usb_cam' build argument 'cmake_target_skip_unavailable' from command line to 'False'
[1.136s] Level 5:colcon.colcon_core.verb:set package 'usb_cam' build argument 'cmake_clean_cache' from command line to 'False'
[1.136s] Level 5:colcon.colcon_core.verb:set package 'usb_cam' build argument 'cmake_clean_first' from command line to 'False'
[1.136s] Level 5:colcon.colcon_core.verb:set package 'usb_cam' build argument 'cmake_force_configure' from command line to 'False'
[1.136s] Level 5:colcon.colcon_core.verb:set package 'usb_cam' build argument 'ament_cmake_args' from command line to 'None'
[1.136s] Level 5:colcon.colcon_core.verb:set package 'usb_cam' build argument 'catkin_cmake_args' from command line to 'None'
[1.136s] Level 5:colcon.colcon_core.verb:set package 'usb_cam' build argument 'catkin_skip_building_tests' from command line to 'False'
[1.136s] DEBUG:colcon.colcon_core.verb:Building package 'usb_cam' with the following arguments: {'ament_cmake_args': None, 'build_base': '/home/shen/learn/ROS2/video_ws/build/usb_cam', 'catkin_cmake_args': None, 'catkin_skip_building_tests': False, 'cmake_args': None, 'cmake_clean_cache': False, 'cmake_clean_first': False, 'cmake_force_configure': False, 'cmake_target': None, 'cmake_target_skip_unavailable': False, 'install_base': '/home/shen/learn/ROS2/video_ws/install/usb_cam', 'merge_install': False, 'path': '/home/shen/learn/ROS2/video_ws/src/usb_cam', 'symlink_install': False, 'test_result_base': None}
[1.148s] INFO:colcon.colcon_core.executor:Executing jobs using 'parallel' executor
[1.162s] DEBUG:colcon.colcon_parallel_executor.executor.parallel:run_until_complete
[1.163s] INFO:colcon.colcon_ros.task.ament_cmake.build:Building ROS package in '/home/shen/learn/ROS2/video_ws/src/usb_cam' with build type 'ament_cmake'
[1.163s] INFO:colcon.colcon_cmake.task.cmake.build:Building CMake package in '/home/shen/learn/ROS2/video_ws/src/usb_cam'
[1.178s] INFO:colcon.colcon_core.plugin_system:Skipping extension 'colcon_core.shell.bat': Not used on non-Windows systems
[1.178s] INFO:colcon.colcon_core.shell:Skip shell extension 'powershell' for command environment: Not usable outside of PowerShell
[1.178s] DEBUG:colcon.colcon_core.shell:Skip shell extension 'dsv' for command environment
[1.227s] DEBUG:colcon.colcon_core.event_handler.log_command:Invoking command in '/home/shen/learn/ROS2/video_ws/build/usb_cam': CMAKE_PREFIX_PATH=${CMAKE_PREFIX_PATH}:/opt/ros/humble /usr/bin/cmake --build /home/shen/learn/ROS2/video_ws/build/usb_cam -- -j16 -l16
[1.381s] DEBUG:colcon.colcon_core.event_handler.log_command:Invoked command in '/home/shen/learn/ROS2/video_ws/build/usb_cam' returned '0': CMAKE_PREFIX_PATH=${CMAKE_PREFIX_PATH}:/opt/ros/humble /usr/bin/cmake --build /home/shen/learn/ROS2/video_ws/build/usb_cam -- -j16 -l16
[1.456s] DEBUG:colcon.colcon_core.event_handler.log_command:Invoking command in '/home/shen/learn/ROS2/video_ws/build/usb_cam': CMAKE_PREFIX_PATH=${CMAKE_PREFIX_PATH}:/opt/ros/humble /usr/bin/cmake --install /home/shen/learn/ROS2/video_ws/build/usb_cam
[1.483s] Level 1:colcon.colcon_core.environment:create_environment_scripts_only(usb_cam)
[1.484s] DEBUG:colcon.colcon_core.event_handler.log_command:Invoked command in '/home/shen/learn/ROS2/video_ws/build/usb_cam' returned '0': CMAKE_PREFIX_PATH=${CMAKE_PREFIX_PATH}:/opt/ros/humble /usr/bin/cmake --install /home/shen/learn/ROS2/video_ws/build/usb_cam
[1.498s] Level 1:colcon.colcon_core.environment:checking '/home/shen/learn/ROS2/video_ws/install/usb_cam' for CMake module files
[1.498s] Level 1:colcon.colcon_core.environment:checking '/home/shen/learn/ROS2/video_ws/install/usb_cam' for CMake config files
[1.498s] Level 1:colcon.colcon_core.shell:create_environment_hook('usb_cam', 'cmake_prefix_path')
[1.511s] INFO:colcon.colcon_core.shell:Creating environment hook '/home/shen/learn/ROS2/video_ws/install/usb_cam/share/usb_cam/hook/cmake_prefix_path.ps1'
[1.512s] INFO:colcon.colcon_core.shell:Creating environment descriptor '/home/shen/learn/ROS2/video_ws/install/usb_cam/share/usb_cam/hook/cmake_prefix_path.dsv'
[1.512s] INFO:colcon.colcon_core.shell:Creating environment hook '/home/shen/learn/ROS2/video_ws/install/usb_cam/share/usb_cam/hook/cmake_prefix_path.sh'
[1.513s] Level 1:colcon.colcon_core.environment:checking '/home/shen/learn/ROS2/video_ws/install/usb_cam/lib'
[1.513s] Level 1:colcon.colcon_core.shell:create_environment_hook('usb_cam', 'ld_library_path_lib')
[1.526s] INFO:colcon.colcon_core.shell:Creating environment hook '/home/shen/learn/ROS2/video_ws/install/usb_cam/share/usb_cam/hook/ld_library_path_lib.ps1'
[1.526s] INFO:colcon.colcon_core.shell:Creating environment descriptor '/home/shen/learn/ROS2/video_ws/install/usb_cam/share/usb_cam/hook/ld_library_path_lib.dsv'
[1.527s] INFO:colcon.colcon_core.shell:Creating environment hook '/home/shen/learn/ROS2/video_ws/install/usb_cam/share/usb_cam/hook/ld_library_path_lib.sh'
[1.527s] Level 1:colcon.colcon_core.environment:checking '/home/shen/learn/ROS2/video_ws/install/usb_cam/bin'
[1.527s] Level 1:colcon.colcon_core.environment:checking '/home/shen/learn/ROS2/video_ws/install/usb_cam/lib/pkgconfig/usb_cam.pc'
[1.527s] Level 1:colcon.colcon_core.environment:checking '/home/shen/learn/ROS2/video_ws/install/usb_cam/lib/python3.10/site-packages'
[1.527s] Level 1:colcon.colcon_core.environment:checking '/home/shen/learn/ROS2/video_ws/install/usb_cam/bin'
[1.540s] INFO:colcon.colcon_core.shell:Creating package script '/home/shen/learn/ROS2/video_ws/install/usb_cam/share/usb_cam/package.ps1'
[1.541s] INFO:colcon.colcon_core.shell:Creating package descriptor '/home/shen/learn/ROS2/video_ws/install/usb_cam/share/usb_cam/package.dsv'
[1.541s] INFO:colcon.colcon_core.shell:Creating package script '/home/shen/learn/ROS2/video_ws/install/usb_cam/share/usb_cam/package.sh'
[1.542s] INFO:colcon.colcon_core.shell:Creating package script '/home/shen/learn/ROS2/video_ws/install/usb_cam/share/usb_cam/package.bash'
[1.542s] INFO:colcon.colcon_core.shell:Creating package script '/home/shen/learn/ROS2/video_ws/install/usb_cam/share/usb_cam/package.zsh'
[1.543s] Level 1:colcon.colcon_core.environment:create_file_with_runtime_dependencies(/home/shen/learn/ROS2/video_ws/install/usb_cam/share/colcon-core/packages/usb_cam)
[1.608s] Level 1:colcon.colcon_core.environment:create_environment_scripts_only(usb_cam)
[1.621s] Level 1:colcon.colcon_core.environment:checking '/home/shen/learn/ROS2/video_ws/install/usb_cam' for CMake module files
[1.622s] Level 1:colcon.colcon_core.environment:checking '/home/shen/learn/ROS2/video_ws/install/usb_cam' for CMake config files
[1.622s] Level 1:colcon.colcon_core.shell:create_environment_hook('usb_cam', 'cmake_prefix_path')
[1.635s] INFO:colcon.colcon_core.shell:Creating environment hook '/home/shen/learn/ROS2/video_ws/install/usb_cam/share/usb_cam/hook/cmake_prefix_path.ps1'
[1.636s] INFO:colcon.colcon_core.shell:Creating environment descriptor '/home/shen/learn/ROS2/video_ws/install/usb_cam/share/usb_cam/hook/cmake_prefix_path.dsv'
[1.636s] INFO:colcon.colcon_core.shell:Creating environment hook '/home/shen/learn/ROS2/video_ws/install/usb_cam/share/usb_cam/hook/cmake_prefix_path.sh'
[1.636s] Level 1:colcon.colcon_core.environment:checking '/home/shen/learn/ROS2/video_ws/install/usb_cam/lib'
[1.636s] Level 1:colcon.colcon_core.shell:create_environment_hook('usb_cam', 'ld_library_path_lib')
[1.650s] INFO:colcon.colcon_core.shell:Creating environment hook '/home/shen/learn/ROS2/video_ws/install/usb_cam/share/usb_cam/hook/ld_library_path_lib.ps1'
[1.650s] INFO:colcon.colcon_core.shell:Creating environment descriptor '/home/shen/learn/ROS2/video_ws/install/usb_cam/share/usb_cam/hook/ld_library_path_lib.dsv'
[1.650s] INFO:colcon.colcon_core.shell:Creating environment hook '/home/shen/learn/ROS2/video_ws/install/usb_cam/share/usb_cam/hook/ld_library_path_lib.sh'
[1.651s] Level 1:colcon.colcon_core.environment:checking '/home/shen/learn/ROS2/video_ws/install/usb_cam/bin'
[1.651s] Level 1:colcon.colcon_core.environment:checking '/home/shen/learn/ROS2/video_ws/install/usb_cam/lib/pkgconfig/usb_cam.pc'
[1.651s] Level 1:colcon.colcon_core.environment:checking '/home/shen/learn/ROS2/video_ws/install/usb_cam/lib/python3.10/site-packages'
[1.651s] Level 1:colcon.colcon_core.environment:checking '/home/shen/learn/ROS2/video_ws/install/usb_cam/bin'
[1.665s] INFO:colcon.colcon_core.shell:Creating package script '/home/shen/learn/ROS2/video_ws/install/usb_cam/share/usb_cam/package.ps1'
[1.665s] INFO:colcon.colcon_core.shell:Creating package descriptor '/home/shen/learn/ROS2/video_ws/install/usb_cam/share/usb_cam/package.dsv'
[1.666s] INFO:colcon.colcon_core.shell:Creating package script '/home/shen/learn/ROS2/video_ws/install/usb_cam/share/usb_cam/package.sh'
[1.666s] INFO:colcon.colcon_core.shell:Creating package script '/home/shen/learn/ROS2/video_ws/install/usb_cam/share/usb_cam/package.bash'
[1.666s] INFO:colcon.colcon_core.shell:Creating package script '/home/shen/learn/ROS2/video_ws/install/usb_cam/share/usb_cam/package.zsh'
[1.666s] Level 1:colcon.colcon_core.environment:create_file_with_runtime_dependencies(/home/shen/learn/ROS2/video_ws/install/usb_cam/share/colcon-core/packages/usb_cam)
[1.667s] DEBUG:colcon.colcon_parallel_executor.executor.parallel:closing loop
[1.667s] DEBUG:colcon.colcon_parallel_executor.executor.parallel:loop closed
[1.667s] DEBUG:colcon.colcon_parallel_executor.executor.parallel:run_until_complete finished with '0'
[1.667s] DEBUG:colcon.colcon_core.event_reactor:joining thread
[1.684s] INFO:colcon.colcon_core.plugin_system:Skipping extension 'colcon_notification.desktop_notification.terminal_notifier': Not used on non-Darwin systems
[1.685s] INFO:colcon.colcon_core.plugin_system:Skipping extension 'colcon_notification.desktop_notification.win32': Not used on non-Windows systems
[1.685s] INFO:colcon.colcon_notification.desktop_notification:Sending desktop notification using 'notify2'
[1.702s] DEBUG:colcon.colcon_core.event_reactor:joined thread
[1.717s] INFO:colcon.colcon_core.shell:Creating prefix script '/home/shen/learn/ROS2/video_ws/install/local_setup.ps1'
[1.718s] INFO:colcon.colcon_core.shell:Creating prefix util module '/home/shen/learn/ROS2/video_ws/install/_local_setup_util_ps1.py'
[1.719s] INFO:colcon.colcon_core.shell:Creating prefix chain script '/home/shen/learn/ROS2/video_ws/install/setup.ps1'
[1.732s] INFO:colcon.colcon_core.shell:Creating prefix script '/home/shen/learn/ROS2/video_ws/install/local_setup.sh'
[1.732s] INFO:colcon.colcon_core.shell:Creating prefix util module '/home/shen/learn/ROS2/video_ws/install/_local_setup_util_sh.py'
[1.733s] INFO:colcon.colcon_core.shell:Creating prefix chain script '/home/shen/learn/ROS2/video_ws/install/setup.sh'
[1.747s] INFO:colcon.colcon_core.shell:Creating prefix script '/home/shen/learn/ROS2/video_ws/install/local_setup.bash'
[1.747s] INFO:colcon.colcon_core.shell:Creating prefix chain script '/home/shen/learn/ROS2/video_ws/install/setup.bash'
[1.762s] INFO:colcon.colcon_core.shell:Creating prefix script '/home/shen/learn/ROS2/video_ws/install/local_setup.zsh'
[1.762s] INFO:colcon.colcon_core.shell:Creating prefix chain script '/home/shen/learn/ROS2/video_ws/install/setup.zsh'
