[0.071s] Invoking command in '/home/shen/learn/ROS2/visualizer_ws/build/radar_visualizer': CMAKE_PREFIX_PATH=${CMAKE_PREFIX_PATH}:/opt/ros/humble /usr/bin/cmake --build /home/shen/learn/ROS2/visualizer_ws/build/radar_visualizer -- -j16 -l16
[0.119s] -- Found ament_cmake: 1.3.6 (/opt/ros/humble/share/ament_cmake/cmake)
[0.339s] -- Found rclcpp: 16.0.7 (/opt/ros/humble/share/rclcpp/cmake)
[0.366s] -- Found rosidl_generator_c: 3.1.5 (/opt/ros/humble/share/rosidl_generator_c/cmake)
[0.369s] -- Found rosidl_adapter: 3.1.5 (/opt/ros/humble/share/rosidl_adapter/cmake)
[0.374s] -- Found rosidl_generator_cpp: 3.1.5 (/opt/ros/humble/share/rosidl_generator_cpp/cmake)
[0.384s] -- Using all available rosidl_typesupport_c: rosidl_typesupport_fastrtps_c;rosidl_typesupport_introspection_c
[0.403s] -- Using all available rosidl_typesupport_cpp: rosidl_typesupport_fastrtps_cpp;rosidl_typesupport_introspection_cpp
[0.453s] -- Found rmw_implementation_cmake: 6.1.1 (/opt/ros/humble/share/rmw_implementation_cmake/cmake)
[0.454s] -- Found rmw_cyclonedds_cpp: 1.3.4 (/opt/ros/humble/share/rmw_cyclonedds_cpp/cmake)
[0.479s] -- Using RMW implementation 'rmw_cyclonedds_cpp' as default
[0.616s] -- Found radar_msgs: 0.2.1 (/opt/ros/humble/share/radar_msgs/cmake)
[0.710s] -- Found visualization_msgs: 4.2.3 (/opt/ros/humble/share/visualization_msgs/cmake)
[0.908s] [31mCMake Error at CMakeLists.txt:14 (find_package):
[0.908s]   By not providing "Findlaunch_ros.cmake" in CMAKE_MODULE_PATH this project
[0.909s]   has asked CMake to find a package configuration file provided by
[0.909s]   "launch_ros", but CMake did not find one.
[0.909s] 
[0.909s]   Could not find a package configuration file provided by "launch_ros" with
[0.909s]   any of the following names:
[0.909s] 
[0.910s]     launch_rosConfig.cmake
[0.910s]     launch_ros-config.cmake
[0.910s] 
[0.910s]   Add the installation prefix of "launch_ros" to CMAKE_PREFIX_PATH or set
[0.910s]   "launch_ros_DIR" to a directory containing one of the above files.  If
[0.910s]   "launch_ros" provides a separate development package or SDK, be sure it has
[0.910s]   been installed.
[0.911s] 
[0.911s] [0m
[0.911s] -- Configuring incomplete, errors occurred!
[0.911s] See also "/home/shen/learn/ROS2/visualizer_ws/build/radar_visualizer/CMakeFiles/CMakeOutput.log".
[0.914s] gmake: *** [Makefile:267：cmake_check_build_system] 错误 1
[0.916s] Invoked command in '/home/shen/learn/ROS2/visualizer_ws/build/radar_visualizer' returned '2': CMAKE_PREFIX_PATH=${CMAKE_PREFIX_PATH}:/opt/ros/humble /usr/bin/cmake --build /home/shen/learn/ROS2/visualizer_ws/build/radar_visualizer -- -j16 -l16
