[0.957s] DEBUG:colcon:Command line arguments: ['/usr/bin/colcon', 'build']
[0.957s] DEBUG:colcon:Parsed command line arguments: Namespace(log_base=None, log_level=None, verb_name='build', build_base='build', install_base='install', merge_install=False, symlink_install=False, test_result_base=None, continue_on_error=False, executor='parallel', parallel_workers=16, event_handlers=None, ignore_user_meta=False, metas=['./colcon.meta'], base_paths=['.'], packages_ignore=None, packages_ignore_regex=None, paths=None, packages_up_to=None, packages_up_to_regex=None, packages_above=None, packages_above_and_dependencies=None, packages_above_depth=None, packages_select_by_dep=None, packages_skip_by_dep=None, packages_skip_up_to=None, packages_select_build_failed=False, packages_skip_build_finished=False, packages_select_test_failures=False, packages_skip_test_passed=False, packages_select=None, packages_skip=None, packages_select_regex=None, packages_skip_regex=None, packages_start=None, packages_end=None, allow_overriding=[], cmake_args=None, cmake_target=None, cmake_target_skip_unavailable=False, cmake_clean_cache=False, cmake_clean_first=False, cmake_force_configure=False, ament_cmake_args=None, catkin_cmake_args=None, catkin_skip_building_tests=False, verb_parser=<colcon_defaults.argument_parser.defaults.DefaultArgumentsDecorator object at 0x7ba213474a60>, verb_extension=<colcon_core.verb.build.BuildVerb object at 0x7ba2138df8e0>, main=<bound method BuildVerb.main of <colcon_core.verb.build.BuildVerb object at 0x7ba2138df8e0>>)
[1.003s] Level 1:colcon.colcon_core.package_discovery:discover_packages(colcon_meta) check parameters
[1.003s] Level 1:colcon.colcon_core.package_discovery:discover_packages(recursive) check parameters
[1.003s] Level 1:colcon.colcon_core.package_discovery:discover_packages(ignore) check parameters
[1.003s] Level 1:colcon.colcon_core.package_discovery:discover_packages(path) check parameters
[1.003s] Level 1:colcon.colcon_core.package_discovery:discover_packages(colcon_meta) discover
[1.004s] Level 1:colcon.colcon_core.package_discovery:discover_packages(recursive) discover
[1.004s] INFO:colcon.colcon_core.package_discovery:Crawling recursively for packages in '/home/shen/learn/ROS2/enet_driver_ws'
[1.004s] Level 1:colcon.colcon_core.package_identification:_identify(.) by extensions ['ignore', 'ignore_ament_install']
[1.004s] Level 1:colcon.colcon_core.package_identification:_identify(.) by extension 'ignore'
[1.004s] Level 1:colcon.colcon_core.package_identification:_identify(.) by extension 'ignore_ament_install'
[1.004s] Level 1:colcon.colcon_core.package_identification:_identify(.) by extensions ['colcon_pkg']
[1.004s] Level 1:colcon.colcon_core.package_identification:_identify(.) by extension 'colcon_pkg'
[1.004s] Level 1:colcon.colcon_core.package_identification:_identify(.) by extensions ['colcon_meta']
[1.004s] Level 1:colcon.colcon_core.package_identification:_identify(.) by extension 'colcon_meta'
[1.004s] Level 1:colcon.colcon_core.package_identification:_identify(.) by extensions ['ros']
[1.004s] Level 1:colcon.colcon_core.package_identification:_identify(.) by extension 'ros'
[1.014s] Level 1:colcon.colcon_core.package_identification:_identify(.) by extensions ['cmake', 'python']
[1.014s] Level 1:colcon.colcon_core.package_identification:_identify(.) by extension 'cmake'
[1.014s] Level 1:colcon.colcon_core.package_identification:_identify(.) by extension 'python'
[1.014s] Level 1:colcon.colcon_core.package_identification:_identify(.) by extensions ['python_setup_py']
[1.015s] Level 1:colcon.colcon_core.package_identification:_identify(.) by extension 'python_setup_py'
[1.015s] Level 1:colcon.colcon_core.package_identification:_identify(build) by extensions ['ignore', 'ignore_ament_install']
[1.015s] Level 1:colcon.colcon_core.package_identification:_identify(build) by extension 'ignore'
[1.015s] Level 1:colcon.colcon_core.package_identification:_identify(build) ignored
[1.015s] Level 1:colcon.colcon_core.package_identification:_identify(install) by extensions ['ignore', 'ignore_ament_install']
[1.015s] Level 1:colcon.colcon_core.package_identification:_identify(install) by extension 'ignore'
[1.015s] Level 1:colcon.colcon_core.package_identification:_identify(install) ignored
[1.015s] Level 1:colcon.colcon_core.package_identification:_identify(log) by extensions ['ignore', 'ignore_ament_install']
[1.015s] Level 1:colcon.colcon_core.package_identification:_identify(log) by extension 'ignore'
[1.015s] Level 1:colcon.colcon_core.package_identification:_identify(log) ignored
[1.015s] Level 1:colcon.colcon_core.package_identification:_identify(src) by extensions ['ignore', 'ignore_ament_install']
[1.015s] Level 1:colcon.colcon_core.package_identification:_identify(src) by extension 'ignore'
[1.015s] Level 1:colcon.colcon_core.package_identification:_identify(src) by extension 'ignore_ament_install'
[1.016s] Level 1:colcon.colcon_core.package_identification:_identify(src) by extensions ['colcon_pkg']
[1.016s] Level 1:colcon.colcon_core.package_identification:_identify(src) by extension 'colcon_pkg'
[1.016s] Level 1:colcon.colcon_core.package_identification:_identify(src) by extensions ['colcon_meta']
[1.016s] Level 1:colcon.colcon_core.package_identification:_identify(src) by extension 'colcon_meta'
[1.016s] Level 1:colcon.colcon_core.package_identification:_identify(src) by extensions ['ros']
[1.016s] Level 1:colcon.colcon_core.package_identification:_identify(src) by extension 'ros'
[1.016s] Level 1:colcon.colcon_core.package_identification:_identify(src) by extensions ['cmake', 'python']
[1.016s] Level 1:colcon.colcon_core.package_identification:_identify(src) by extension 'cmake'
[1.016s] Level 1:colcon.colcon_core.package_identification:_identify(src) by extension 'python'
[1.016s] Level 1:colcon.colcon_core.package_identification:_identify(src) by extensions ['python_setup_py']
[1.016s] Level 1:colcon.colcon_core.package_identification:_identify(src) by extension 'python_setup_py'
[1.016s] Level 1:colcon.colcon_core.package_identification:_identify(src/enet_receiver_node) by extensions ['ignore', 'ignore_ament_install']
[1.016s] Level 1:colcon.colcon_core.package_identification:_identify(src/enet_receiver_node) by extension 'ignore'
[1.016s] Level 1:colcon.colcon_core.package_identification:_identify(src/enet_receiver_node) by extension 'ignore_ament_install'
[1.016s] Level 1:colcon.colcon_core.package_identification:_identify(src/enet_receiver_node) by extensions ['colcon_pkg']
[1.016s] Level 1:colcon.colcon_core.package_identification:_identify(src/enet_receiver_node) by extension 'colcon_pkg'
[1.016s] Level 1:colcon.colcon_core.package_identification:_identify(src/enet_receiver_node) by extensions ['colcon_meta']
[1.016s] Level 1:colcon.colcon_core.package_identification:_identify(src/enet_receiver_node) by extension 'colcon_meta'
[1.016s] Level 1:colcon.colcon_core.package_identification:_identify(src/enet_receiver_node) by extensions ['ros']
[1.016s] Level 1:colcon.colcon_core.package_identification:_identify(src/enet_receiver_node) by extension 'ros'
[1.019s] DEBUG:colcon.colcon_core.package_identification:Package 'src/enet_receiver_node' with type 'ros.ament_cmake' and name 'enet_receiver_node'
[1.019s] Level 1:colcon.colcon_core.package_identification:_identify(src/enet_sender_node) by extensions ['ignore', 'ignore_ament_install']
[1.019s] Level 1:colcon.colcon_core.package_identification:_identify(src/enet_sender_node) by extension 'ignore'
[1.019s] Level 1:colcon.colcon_core.package_identification:_identify(src/enet_sender_node) by extension 'ignore_ament_install'
[1.019s] Level 1:colcon.colcon_core.package_identification:_identify(src/enet_sender_node) by extensions ['colcon_pkg']
[1.019s] Level 1:colcon.colcon_core.package_identification:_identify(src/enet_sender_node) by extension 'colcon_pkg'
[1.019s] Level 1:colcon.colcon_core.package_identification:_identify(src/enet_sender_node) by extensions ['colcon_meta']
[1.019s] Level 1:colcon.colcon_core.package_identification:_identify(src/enet_sender_node) by extension 'colcon_meta'
[1.019s] Level 1:colcon.colcon_core.package_identification:_identify(src/enet_sender_node) by extensions ['ros']
[1.019s] Level 1:colcon.colcon_core.package_identification:_identify(src/enet_sender_node) by extension 'ros'
[1.020s] DEBUG:colcon.colcon_core.package_identification:Package 'src/enet_sender_node' with type 'ros.ament_cmake' and name 'enet_sender_node'
[1.020s] Level 1:colcon.colcon_core.package_discovery:discover_packages(recursive) using defaults
[1.020s] Level 1:colcon.colcon_core.package_discovery:discover_packages(ignore) discover
[1.020s] Level 1:colcon.colcon_core.package_discovery:discover_packages(ignore) using defaults
[1.020s] Level 1:colcon.colcon_core.package_discovery:discover_packages(path) discover
[1.020s] Level 1:colcon.colcon_core.package_discovery:discover_packages(path) using defaults
[1.109s] Level 1:colcon.colcon_core.package_discovery:discover_packages(prefix_path) check parameters
[1.109s] Level 1:colcon.colcon_core.package_discovery:discover_packages(prefix_path) discover
[1.144s] DEBUG:colcon.colcon_installed_package_information.package_discovery:Found 2 installed packages in /home/shen/learn/ROS2/enet_driver_ws/install
[1.160s] DEBUG:colcon.colcon_installed_package_information.package_discovery:Found 349 installed packages in /opt/ros/humble
[1.161s] Level 1:colcon.colcon_core.package_discovery:discover_packages(prefix_path) using defaults
[1.269s] Level 5:colcon.colcon_core.verb:set package 'enet_receiver_node' build argument 'cmake_args' from command line to 'None'
[1.269s] Level 5:colcon.colcon_core.verb:set package 'enet_receiver_node' build argument 'cmake_target' from command line to 'None'
[1.270s] Level 5:colcon.colcon_core.verb:set package 'enet_receiver_node' build argument 'cmake_target_skip_unavailable' from command line to 'False'
[1.270s] Level 5:colcon.colcon_core.verb:set package 'enet_receiver_node' build argument 'cmake_clean_cache' from command line to 'False'
[1.270s] Level 5:colcon.colcon_core.verb:set package 'enet_receiver_node' build argument 'cmake_clean_first' from command line to 'False'
[1.270s] Level 5:colcon.colcon_core.verb:set package 'enet_receiver_node' build argument 'cmake_force_configure' from command line to 'False'
[1.270s] Level 5:colcon.colcon_core.verb:set package 'enet_receiver_node' build argument 'ament_cmake_args' from command line to 'None'
[1.270s] Level 5:colcon.colcon_core.verb:set package 'enet_receiver_node' build argument 'catkin_cmake_args' from command line to 'None'
[1.270s] Level 5:colcon.colcon_core.verb:set package 'enet_receiver_node' build argument 'catkin_skip_building_tests' from command line to 'False'
[1.270s] DEBUG:colcon.colcon_core.verb:Building package 'enet_receiver_node' with the following arguments: {'ament_cmake_args': None, 'build_base': '/home/shen/learn/ROS2/enet_driver_ws/build/enet_receiver_node', 'catkin_cmake_args': None, 'catkin_skip_building_tests': False, 'cmake_args': None, 'cmake_clean_cache': False, 'cmake_clean_first': False, 'cmake_force_configure': False, 'cmake_target': None, 'cmake_target_skip_unavailable': False, 'install_base': '/home/shen/learn/ROS2/enet_driver_ws/install/enet_receiver_node', 'merge_install': False, 'path': '/home/shen/learn/ROS2/enet_driver_ws/src/enet_receiver_node', 'symlink_install': False, 'test_result_base': None}
[1.284s] Level 5:colcon.colcon_core.verb:set package 'enet_sender_node' build argument 'cmake_args' from command line to 'None'
[1.284s] Level 5:colcon.colcon_core.verb:set package 'enet_sender_node' build argument 'cmake_target' from command line to 'None'
[1.284s] Level 5:colcon.colcon_core.verb:set package 'enet_sender_node' build argument 'cmake_target_skip_unavailable' from command line to 'False'
[1.284s] Level 5:colcon.colcon_core.verb:set package 'enet_sender_node' build argument 'cmake_clean_cache' from command line to 'False'
[1.284s] Level 5:colcon.colcon_core.verb:set package 'enet_sender_node' build argument 'cmake_clean_first' from command line to 'False'
[1.284s] Level 5:colcon.colcon_core.verb:set package 'enet_sender_node' build argument 'cmake_force_configure' from command line to 'False'
[1.284s] Level 5:colcon.colcon_core.verb:set package 'enet_sender_node' build argument 'ament_cmake_args' from command line to 'None'
[1.284s] Level 5:colcon.colcon_core.verb:set package 'enet_sender_node' build argument 'catkin_cmake_args' from command line to 'None'
[1.285s] Level 5:colcon.colcon_core.verb:set package 'enet_sender_node' build argument 'catkin_skip_building_tests' from command line to 'False'
[1.285s] DEBUG:colcon.colcon_core.verb:Building package 'enet_sender_node' with the following arguments: {'ament_cmake_args': None, 'build_base': '/home/shen/learn/ROS2/enet_driver_ws/build/enet_sender_node', 'catkin_cmake_args': None, 'catkin_skip_building_tests': False, 'cmake_args': None, 'cmake_clean_cache': False, 'cmake_clean_first': False, 'cmake_force_configure': False, 'cmake_target': None, 'cmake_target_skip_unavailable': False, 'install_base': '/home/shen/learn/ROS2/enet_driver_ws/install/enet_sender_node', 'merge_install': False, 'path': '/home/shen/learn/ROS2/enet_driver_ws/src/enet_sender_node', 'symlink_install': False, 'test_result_base': None}
[1.298s] INFO:colcon.colcon_core.executor:Executing jobs using 'parallel' executor
[1.313s] DEBUG:colcon.colcon_parallel_executor.executor.parallel:run_until_complete
[1.313s] INFO:colcon.colcon_ros.task.ament_cmake.build:Building ROS package in '/home/shen/learn/ROS2/enet_driver_ws/src/enet_receiver_node' with build type 'ament_cmake'
[1.313s] INFO:colcon.colcon_cmake.task.cmake.build:Building CMake package in '/home/shen/learn/ROS2/enet_driver_ws/src/enet_receiver_node'
[1.329s] INFO:colcon.colcon_core.plugin_system:Skipping extension 'colcon_core.shell.bat': Not used on non-Windows systems
[1.329s] INFO:colcon.colcon_core.shell:Skip shell extension 'powershell' for command environment: Not usable outside of PowerShell
[1.329s] DEBUG:colcon.colcon_core.shell:Skip shell extension 'dsv' for command environment
[1.373s] INFO:colcon.colcon_ros.task.ament_cmake.build:Building ROS package in '/home/shen/learn/ROS2/enet_driver_ws/src/enet_sender_node' with build type 'ament_cmake'
[1.374s] INFO:colcon.colcon_cmake.task.cmake.build:Building CMake package in '/home/shen/learn/ROS2/enet_driver_ws/src/enet_sender_node'
[1.388s] INFO:colcon.colcon_core.shell:Skip shell extension 'powershell' for command environment: Not usable outside of PowerShell
[1.388s] DEBUG:colcon.colcon_core.shell:Skip shell extension 'dsv' for command environment
[1.444s] DEBUG:colcon.colcon_core.event_handler.log_command:Invoking command in '/home/shen/learn/ROS2/enet_driver_ws/build/enet_receiver_node': CMAKE_PREFIX_PATH=${CMAKE_PREFIX_PATH}:/opt/ros/humble /usr/bin/cmake --build /home/shen/learn/ROS2/enet_driver_ws/build/enet_receiver_node -- -j16 -l16
[1.447s] DEBUG:colcon.colcon_core.event_handler.log_command:Invoking command in '/home/shen/learn/ROS2/enet_driver_ws/build/enet_sender_node': CMAKE_PREFIX_PATH=${CMAKE_PREFIX_PATH}:/opt/ros/humble /usr/bin/cmake --build /home/shen/learn/ROS2/enet_driver_ws/build/enet_sender_node -- -j16 -l16
[1.498s] DEBUG:colcon.colcon_core.event_handler.log_command:Invoked command in '/home/shen/learn/ROS2/enet_driver_ws/build/enet_receiver_node' returned '0': CMAKE_PREFIX_PATH=${CMAKE_PREFIX_PATH}:/opt/ros/humble /usr/bin/cmake --build /home/shen/learn/ROS2/enet_driver_ws/build/enet_receiver_node -- -j16 -l16
[1.549s] DEBUG:colcon.colcon_core.event_handler.log_command:Invoking command in '/home/shen/learn/ROS2/enet_driver_ws/build/enet_receiver_node': CMAKE_PREFIX_PATH=${CMAKE_PREFIX_PATH}:/opt/ros/humble /usr/bin/cmake --install /home/shen/learn/ROS2/enet_driver_ws/build/enet_receiver_node
[1.559s] Level 1:colcon.colcon_core.environment:create_environment_scripts_only(enet_receiver_node)
[1.560s] DEBUG:colcon.colcon_core.event_handler.log_command:Invoked command in '/home/shen/learn/ROS2/enet_driver_ws/build/enet_receiver_node' returned '0': CMAKE_PREFIX_PATH=${CMAKE_PREFIX_PATH}:/opt/ros/humble /usr/bin/cmake --install /home/shen/learn/ROS2/enet_driver_ws/build/enet_receiver_node
[1.578s] Level 1:colcon.colcon_core.environment:checking '/home/shen/learn/ROS2/enet_driver_ws/install/enet_receiver_node' for CMake module files
[1.579s] Level 1:colcon.colcon_core.environment:checking '/home/shen/learn/ROS2/enet_driver_ws/install/enet_receiver_node' for CMake config files
[1.579s] Level 1:colcon.colcon_core.shell:create_environment_hook('enet_receiver_node', 'cmake_prefix_path')
[1.594s] INFO:colcon.colcon_core.shell:Creating environment hook '/home/shen/learn/ROS2/enet_driver_ws/install/enet_receiver_node/share/enet_receiver_node/hook/cmake_prefix_path.ps1'
[1.595s] INFO:colcon.colcon_core.shell:Creating environment descriptor '/home/shen/learn/ROS2/enet_driver_ws/install/enet_receiver_node/share/enet_receiver_node/hook/cmake_prefix_path.dsv'
[1.595s] INFO:colcon.colcon_core.shell:Creating environment hook '/home/shen/learn/ROS2/enet_driver_ws/install/enet_receiver_node/share/enet_receiver_node/hook/cmake_prefix_path.sh'
[1.596s] Level 1:colcon.colcon_core.environment:checking '/home/shen/learn/ROS2/enet_driver_ws/install/enet_receiver_node/bin'
[1.596s] Level 1:colcon.colcon_core.environment:checking '/home/shen/learn/ROS2/enet_driver_ws/install/enet_receiver_node/lib/pkgconfig/enet_receiver_node.pc'
[1.596s] Level 1:colcon.colcon_core.environment:checking '/home/shen/learn/ROS2/enet_driver_ws/install/enet_receiver_node/lib/python3.10/site-packages'
[1.597s] Level 1:colcon.colcon_core.environment:checking '/home/shen/learn/ROS2/enet_driver_ws/install/enet_receiver_node/bin'
[1.612s] INFO:colcon.colcon_core.shell:Creating package script '/home/shen/learn/ROS2/enet_driver_ws/install/enet_receiver_node/share/enet_receiver_node/package.ps1'
[1.613s] INFO:colcon.colcon_core.shell:Creating package descriptor '/home/shen/learn/ROS2/enet_driver_ws/install/enet_receiver_node/share/enet_receiver_node/package.dsv'
[1.613s] INFO:colcon.colcon_core.shell:Creating package script '/home/shen/learn/ROS2/enet_driver_ws/install/enet_receiver_node/share/enet_receiver_node/package.sh'
[1.614s] INFO:colcon.colcon_core.shell:Creating package script '/home/shen/learn/ROS2/enet_driver_ws/install/enet_receiver_node/share/enet_receiver_node/package.bash'
[1.615s] INFO:colcon.colcon_core.shell:Creating package script '/home/shen/learn/ROS2/enet_driver_ws/install/enet_receiver_node/share/enet_receiver_node/package.zsh'
[1.616s] Level 1:colcon.colcon_core.environment:create_file_with_runtime_dependencies(/home/shen/learn/ROS2/enet_driver_ws/install/enet_receiver_node/share/colcon-core/packages/enet_receiver_node)
[1.665s] Level 1:colcon.colcon_core.environment:create_environment_scripts_only(enet_receiver_node)
[1.680s] Level 1:colcon.colcon_core.environment:checking '/home/shen/learn/ROS2/enet_driver_ws/install/enet_receiver_node' for CMake module files
[1.680s] Level 1:colcon.colcon_core.environment:checking '/home/shen/learn/ROS2/enet_driver_ws/install/enet_receiver_node' for CMake config files
[1.681s] Level 1:colcon.colcon_core.shell:create_environment_hook('enet_receiver_node', 'cmake_prefix_path')
[1.695s] INFO:colcon.colcon_core.shell:Creating environment hook '/home/shen/learn/ROS2/enet_driver_ws/install/enet_receiver_node/share/enet_receiver_node/hook/cmake_prefix_path.ps1'
[1.696s] INFO:colcon.colcon_core.shell:Creating environment descriptor '/home/shen/learn/ROS2/enet_driver_ws/install/enet_receiver_node/share/enet_receiver_node/hook/cmake_prefix_path.dsv'
[1.696s] INFO:colcon.colcon_core.shell:Creating environment hook '/home/shen/learn/ROS2/enet_driver_ws/install/enet_receiver_node/share/enet_receiver_node/hook/cmake_prefix_path.sh'
[1.696s] Level 1:colcon.colcon_core.environment:checking '/home/shen/learn/ROS2/enet_driver_ws/install/enet_receiver_node/bin'
[1.697s] Level 1:colcon.colcon_core.environment:checking '/home/shen/learn/ROS2/enet_driver_ws/install/enet_receiver_node/lib/pkgconfig/enet_receiver_node.pc'
[1.697s] Level 1:colcon.colcon_core.environment:checking '/home/shen/learn/ROS2/enet_driver_ws/install/enet_receiver_node/lib/python3.10/site-packages'
[1.697s] Level 1:colcon.colcon_core.environment:checking '/home/shen/learn/ROS2/enet_driver_ws/install/enet_receiver_node/bin'
[1.712s] INFO:colcon.colcon_core.shell:Creating package script '/home/shen/learn/ROS2/enet_driver_ws/install/enet_receiver_node/share/enet_receiver_node/package.ps1'
[1.712s] INFO:colcon.colcon_core.shell:Creating package descriptor '/home/shen/learn/ROS2/enet_driver_ws/install/enet_receiver_node/share/enet_receiver_node/package.dsv'
[1.713s] INFO:colcon.colcon_core.shell:Creating package script '/home/shen/learn/ROS2/enet_driver_ws/install/enet_receiver_node/share/enet_receiver_node/package.sh'
[1.713s] INFO:colcon.colcon_core.shell:Creating package script '/home/shen/learn/ROS2/enet_driver_ws/install/enet_receiver_node/share/enet_receiver_node/package.bash'
[1.714s] INFO:colcon.colcon_core.shell:Creating package script '/home/shen/learn/ROS2/enet_driver_ws/install/enet_receiver_node/share/enet_receiver_node/package.zsh'
[1.714s] Level 1:colcon.colcon_core.environment:create_file_with_runtime_dependencies(/home/shen/learn/ROS2/enet_driver_ws/install/enet_receiver_node/share/colcon-core/packages/enet_receiver_node)
[2.515s] DEBUG:colcon.colcon_core.event_handler.log_command:Invoked command in '/home/shen/learn/ROS2/enet_driver_ws/build/enet_sender_node' returned '0': CMAKE_PREFIX_PATH=${CMAKE_PREFIX_PATH}:/opt/ros/humble /usr/bin/cmake --build /home/shen/learn/ROS2/enet_driver_ws/build/enet_sender_node -- -j16 -l16
[2.562s] DEBUG:colcon.colcon_core.event_handler.log_command:Invoking command in '/home/shen/learn/ROS2/enet_driver_ws/build/enet_sender_node': CMAKE_PREFIX_PATH=${CMAKE_PREFIX_PATH}:/opt/ros/humble /usr/bin/cmake --install /home/shen/learn/ROS2/enet_driver_ws/build/enet_sender_node
[2.573s] Level 1:colcon.colcon_core.environment:create_environment_scripts_only(enet_sender_node)
[2.574s] DEBUG:colcon.colcon_core.event_handler.log_command:Invoked command in '/home/shen/learn/ROS2/enet_driver_ws/build/enet_sender_node' returned '0': CMAKE_PREFIX_PATH=${CMAKE_PREFIX_PATH}:/opt/ros/humble /usr/bin/cmake --install /home/shen/learn/ROS2/enet_driver_ws/build/enet_sender_node
[2.588s] Level 1:colcon.colcon_core.environment:checking '/home/shen/learn/ROS2/enet_driver_ws/install/enet_sender_node' for CMake module files
[2.588s] Level 1:colcon.colcon_core.environment:checking '/home/shen/learn/ROS2/enet_driver_ws/install/enet_sender_node' for CMake config files
[2.589s] Level 1:colcon.colcon_core.shell:create_environment_hook('enet_sender_node', 'cmake_prefix_path')
[2.602s] INFO:colcon.colcon_core.shell:Creating environment hook '/home/shen/learn/ROS2/enet_driver_ws/install/enet_sender_node/share/enet_sender_node/hook/cmake_prefix_path.ps1'
[2.603s] INFO:colcon.colcon_core.shell:Creating environment descriptor '/home/shen/learn/ROS2/enet_driver_ws/install/enet_sender_node/share/enet_sender_node/hook/cmake_prefix_path.dsv'
[2.603s] INFO:colcon.colcon_core.shell:Creating environment hook '/home/shen/learn/ROS2/enet_driver_ws/install/enet_sender_node/share/enet_sender_node/hook/cmake_prefix_path.sh'
[2.604s] Level 1:colcon.colcon_core.environment:checking '/home/shen/learn/ROS2/enet_driver_ws/install/enet_sender_node/lib'
[2.604s] Level 1:colcon.colcon_core.environment:checking '/home/shen/learn/ROS2/enet_driver_ws/install/enet_sender_node/bin'
[2.604s] Level 1:colcon.colcon_core.environment:checking '/home/shen/learn/ROS2/enet_driver_ws/install/enet_sender_node/lib/pkgconfig/enet_sender_node.pc'
[2.604s] Level 1:colcon.colcon_core.environment:checking '/home/shen/learn/ROS2/enet_driver_ws/install/enet_sender_node/lib/python3.10/site-packages'
[2.605s] Level 1:colcon.colcon_core.environment:checking '/home/shen/learn/ROS2/enet_driver_ws/install/enet_sender_node/bin'
[2.619s] INFO:colcon.colcon_core.shell:Creating package script '/home/shen/learn/ROS2/enet_driver_ws/install/enet_sender_node/share/enet_sender_node/package.ps1'
[2.620s] INFO:colcon.colcon_core.shell:Creating package descriptor '/home/shen/learn/ROS2/enet_driver_ws/install/enet_sender_node/share/enet_sender_node/package.dsv'
[2.620s] INFO:colcon.colcon_core.shell:Creating package script '/home/shen/learn/ROS2/enet_driver_ws/install/enet_sender_node/share/enet_sender_node/package.sh'
[2.620s] INFO:colcon.colcon_core.shell:Creating package script '/home/shen/learn/ROS2/enet_driver_ws/install/enet_sender_node/share/enet_sender_node/package.bash'
[2.621s] INFO:colcon.colcon_core.shell:Creating package script '/home/shen/learn/ROS2/enet_driver_ws/install/enet_sender_node/share/enet_sender_node/package.zsh'
[2.621s] Level 1:colcon.colcon_core.environment:create_file_with_runtime_dependencies(/home/shen/learn/ROS2/enet_driver_ws/install/enet_sender_node/share/colcon-core/packages/enet_sender_node)
[2.673s] Level 1:colcon.colcon_core.environment:create_environment_scripts_only(enet_sender_node)
[2.687s] Level 1:colcon.colcon_core.environment:checking '/home/shen/learn/ROS2/enet_driver_ws/install/enet_sender_node' for CMake module files
[2.688s] Level 1:colcon.colcon_core.environment:checking '/home/shen/learn/ROS2/enet_driver_ws/install/enet_sender_node' for CMake config files
[2.688s] Level 1:colcon.colcon_core.shell:create_environment_hook('enet_sender_node', 'cmake_prefix_path')
[2.702s] INFO:colcon.colcon_core.shell:Creating environment hook '/home/shen/learn/ROS2/enet_driver_ws/install/enet_sender_node/share/enet_sender_node/hook/cmake_prefix_path.ps1'
[2.703s] INFO:colcon.colcon_core.shell:Creating environment descriptor '/home/shen/learn/ROS2/enet_driver_ws/install/enet_sender_node/share/enet_sender_node/hook/cmake_prefix_path.dsv'
[2.703s] INFO:colcon.colcon_core.shell:Creating environment hook '/home/shen/learn/ROS2/enet_driver_ws/install/enet_sender_node/share/enet_sender_node/hook/cmake_prefix_path.sh'
[2.703s] Level 1:colcon.colcon_core.environment:checking '/home/shen/learn/ROS2/enet_driver_ws/install/enet_sender_node/lib'
[2.703s] Level 1:colcon.colcon_core.environment:checking '/home/shen/learn/ROS2/enet_driver_ws/install/enet_sender_node/bin'
[2.703s] Level 1:colcon.colcon_core.environment:checking '/home/shen/learn/ROS2/enet_driver_ws/install/enet_sender_node/lib/pkgconfig/enet_sender_node.pc'
[2.704s] Level 1:colcon.colcon_core.environment:checking '/home/shen/learn/ROS2/enet_driver_ws/install/enet_sender_node/lib/python3.10/site-packages'
[2.704s] Level 1:colcon.colcon_core.environment:checking '/home/shen/learn/ROS2/enet_driver_ws/install/enet_sender_node/bin'
[2.718s] INFO:colcon.colcon_core.shell:Creating package script '/home/shen/learn/ROS2/enet_driver_ws/install/enet_sender_node/share/enet_sender_node/package.ps1'
[2.718s] INFO:colcon.colcon_core.shell:Creating package descriptor '/home/shen/learn/ROS2/enet_driver_ws/install/enet_sender_node/share/enet_sender_node/package.dsv'
[2.719s] INFO:colcon.colcon_core.shell:Creating package script '/home/shen/learn/ROS2/enet_driver_ws/install/enet_sender_node/share/enet_sender_node/package.sh'
[2.719s] INFO:colcon.colcon_core.shell:Creating package script '/home/shen/learn/ROS2/enet_driver_ws/install/enet_sender_node/share/enet_sender_node/package.bash'
[2.720s] INFO:colcon.colcon_core.shell:Creating package script '/home/shen/learn/ROS2/enet_driver_ws/install/enet_sender_node/share/enet_sender_node/package.zsh'
[2.720s] Level 1:colcon.colcon_core.environment:create_file_with_runtime_dependencies(/home/shen/learn/ROS2/enet_driver_ws/install/enet_sender_node/share/colcon-core/packages/enet_sender_node)
[2.720s] DEBUG:colcon.colcon_parallel_executor.executor.parallel:closing loop
[2.721s] DEBUG:colcon.colcon_parallel_executor.executor.parallel:loop closed
[2.721s] DEBUG:colcon.colcon_parallel_executor.executor.parallel:run_until_complete finished with '0'
[2.721s] DEBUG:colcon.colcon_core.event_reactor:joining thread
[2.764s] INFO:colcon.colcon_core.plugin_system:Skipping extension 'colcon_notification.desktop_notification.terminal_notifier': Not used on non-Darwin systems
[2.764s] INFO:colcon.colcon_core.plugin_system:Skipping extension 'colcon_notification.desktop_notification.win32': Not used on non-Windows systems
[2.764s] INFO:colcon.colcon_notification.desktop_notification:Sending desktop notification using 'notify2'
[2.778s] DEBUG:colcon.colcon_core.event_reactor:joined thread
[2.792s] INFO:colcon.colcon_core.shell:Creating prefix script '/home/shen/learn/ROS2/enet_driver_ws/install/local_setup.ps1'
[2.793s] INFO:colcon.colcon_core.shell:Creating prefix util module '/home/shen/learn/ROS2/enet_driver_ws/install/_local_setup_util_ps1.py'
[2.794s] INFO:colcon.colcon_core.shell:Creating prefix chain script '/home/shen/learn/ROS2/enet_driver_ws/install/setup.ps1'
[2.808s] INFO:colcon.colcon_core.shell:Creating prefix script '/home/shen/learn/ROS2/enet_driver_ws/install/local_setup.sh'
[2.808s] INFO:colcon.colcon_core.shell:Creating prefix util module '/home/shen/learn/ROS2/enet_driver_ws/install/_local_setup_util_sh.py'
[2.809s] INFO:colcon.colcon_core.shell:Creating prefix chain script '/home/shen/learn/ROS2/enet_driver_ws/install/setup.sh'
[2.824s] INFO:colcon.colcon_core.shell:Creating prefix script '/home/shen/learn/ROS2/enet_driver_ws/install/local_setup.bash'
[2.825s] INFO:colcon.colcon_core.shell:Creating prefix chain script '/home/shen/learn/ROS2/enet_driver_ws/install/setup.bash'
[2.840s] INFO:colcon.colcon_core.shell:Creating prefix script '/home/shen/learn/ROS2/enet_driver_ws/install/local_setup.zsh'
[2.841s] INFO:colcon.colcon_core.shell:Creating prefix chain script '/home/shen/learn/ROS2/enet_driver_ws/install/setup.zsh'
