[0.048s] Invoking command in '/home/shen/learn/ROS2/decode_ws/build/h264_decode': CMAKE_PREFIX_PATH=/opt/ros/humble /usr/bin/cmake --build /home/shen/learn/ROS2/decode_ws/build/h264_decode -- -j16 -l16
[0.072s] -- Found ament_cmake: 1.3.6 (/opt/ros/humble/share/ament_cmake/cmake)
[0.196s] -- Found rclcpp: 16.0.7 (/opt/ros/humble/share/rclcpp/cmake)
[0.223s] -- Found rosidl_generator_c: 3.1.5 (/opt/ros/humble/share/rosidl_generator_c/cmake)
[0.225s] -- Found rosidl_adapter: 3.1.5 (/opt/ros/humble/share/rosidl_adapter/cmake)
[0.230s] -- Found rosidl_generator_cpp: 3.1.5 (/opt/ros/humble/share/rosidl_generator_cpp/cmake)
[0.240s] -- Using all available rosidl_typesupport_c: rosidl_typesupport_fastrtps_c;rosidl_typesupport_introspection_c
[0.254s] -- Using all available rosidl_typesupport_cpp: rosidl_typesupport_fastrtps_cpp;rosidl_typesupport_introspection_cpp
[0.313s] -- Found rmw_implementation_cmake: 6.1.1 (/opt/ros/humble/share/rmw_implementation_cmake/cmake)
[0.314s] -- Found rmw_cyclonedds_cpp: 1.3.4 (/opt/ros/humble/share/rmw_cyclonedds_cpp/cmake)
[0.340s] -- Using RMW implementation 'rmw_cyclonedds_cpp' as default
[0.476s] -- Found sensor_msgs: 4.2.3 (/opt/ros/humble/share/sensor_msgs/cmake)
[0.585s] -- Found cv_bridge: 3.2.1 (/opt/ros/humble/share/cv_bridge/cmake)
[0.601s] -- Found ament_lint_auto: 0.12.9 (/opt/ros/humble/share/ament_lint_auto/cmake)
[0.667s] -- Added test 'cppcheck' to perform static code analysis on C / C++ code
[0.667s] -- Configured cppcheck include dirs: 
[0.667s] -- Configured cppcheck exclude dirs and/or files: 
[0.667s] -- Added test 'flake8' to check Python code syntax and style conventions
[0.668s] -- Added test 'lint_cmake' to check CMake code style
[0.668s] -- Added test 'pep257' to check Python code against some of the docstring style conventions in PEP 257
[0.669s] -- Added test 'uncrustify' to check C / C++ code style
[0.669s] -- Configured uncrustify additional arguments: 
[0.670s] -- Added test 'xmllint' to check XML markup files
[0.670s] -- Configuring done
[0.683s] -- Generating done
[0.684s] -- Build files have been written to: /home/shen/learn/ROS2/decode_ws/build/h264_decode
[0.738s] [ 50%] [32mBuilding CXX object CMakeFiles/h264_decoder.dir/src/h264_decoder.cpp.o[0m
[8.528s] [100%] [32m[1mLinking CXX executable h264_decoder[0m
[9.241s] [100%] Built target h264_decoder
[9.258s] Invoked command in '/home/shen/learn/ROS2/decode_ws/build/h264_decode' returned '0': CMAKE_PREFIX_PATH=/opt/ros/humble /usr/bin/cmake --build /home/shen/learn/ROS2/decode_ws/build/h264_decode -- -j16 -l16
[9.299s] Invoking command in '/home/shen/learn/ROS2/decode_ws/build/h264_decode': CMAKE_PREFIX_PATH=/opt/ros/humble /usr/bin/cmake --install /home/shen/learn/ROS2/decode_ws/build/h264_decode
[9.306s] -- Install configuration: ""
[9.306s] -- Installing: /home/shen/learn/ROS2/decode_ws/install/h264_decode/lib/h264_decode/h264_decoder
[9.311s] -- Set runtime path of "/home/shen/learn/ROS2/decode_ws/install/h264_decode/lib/h264_decode/h264_decoder" to ""
[9.311s] -- Installing: /home/shen/learn/ROS2/decode_ws/install/h264_decode/share/h264_decode/launch
[9.311s] -- Installing: /home/shen/learn/ROS2/decode_ws/install/h264_decode/share/h264_decode/launch/decoder.launch.py
[9.311s] -- Up-to-date: /home/shen/learn/ROS2/decode_ws/install/h264_decode/share/ament_index/resource_index/package_run_dependencies/h264_decode
[9.312s] -- Up-to-date: /home/shen/learn/ROS2/decode_ws/install/h264_decode/share/ament_index/resource_index/parent_prefix_path/h264_decode
[9.312s] -- Up-to-date: /home/shen/learn/ROS2/decode_ws/install/h264_decode/share/h264_decode/environment/ament_prefix_path.sh
[9.312s] -- Installing: /home/shen/learn/ROS2/decode_ws/install/h264_decode/share/h264_decode/environment/ament_prefix_path.dsv
[9.312s] -- Up-to-date: /home/shen/learn/ROS2/decode_ws/install/h264_decode/share/h264_decode/environment/path.sh
[9.312s] -- Installing: /home/shen/learn/ROS2/decode_ws/install/h264_decode/share/h264_decode/environment/path.dsv
[9.312s] -- Up-to-date: /home/shen/learn/ROS2/decode_ws/install/h264_decode/share/h264_decode/local_setup.bash
[9.312s] -- Up-to-date: /home/shen/learn/ROS2/decode_ws/install/h264_decode/share/h264_decode/local_setup.sh
[9.313s] -- Up-to-date: /home/shen/learn/ROS2/decode_ws/install/h264_decode/share/h264_decode/local_setup.zsh
[9.313s] -- Installing: /home/shen/learn/ROS2/decode_ws/install/h264_decode/share/h264_decode/local_setup.dsv
[9.313s] -- Installing: /home/shen/learn/ROS2/decode_ws/install/h264_decode/share/h264_decode/package.dsv
[9.313s] -- Up-to-date: /home/shen/learn/ROS2/decode_ws/install/h264_decode/share/ament_index/resource_index/packages/h264_decode
[9.313s] -- Up-to-date: /home/shen/learn/ROS2/decode_ws/install/h264_decode/share/h264_decode/cmake/h264_decodeConfig.cmake
[9.313s] -- Up-to-date: /home/shen/learn/ROS2/decode_ws/install/h264_decode/share/h264_decode/cmake/h264_decodeConfig-version.cmake
[9.314s] -- Up-to-date: /home/shen/learn/ROS2/decode_ws/install/h264_decode/share/h264_decode/package.xml
[9.314s] Invoked command in '/home/shen/learn/ROS2/decode_ws/build/h264_decode' returned '0': CMAKE_PREFIX_PATH=/opt/ros/humble /usr/bin/cmake --install /home/shen/learn/ROS2/decode_ws/build/h264_decode
