[0.842s] DEBUG:colcon:Command line arguments: ['/usr/bin/colcon', 'build', '--packages-select', 'my_record_utils']
[0.842s] DEBUG:colcon:Parsed command line arguments: Namespace(log_base=None, log_level=None, verb_name='build', build_base='build', install_base='install', merge_install=False, symlink_install=False, test_result_base=None, continue_on_error=False, executor='parallel', parallel_workers=16, event_handlers=None, ignore_user_meta=False, metas=['./colcon.meta'], base_paths=['.'], packages_ignore=None, packages_ignore_regex=None, paths=None, packages_up_to=None, packages_up_to_regex=None, packages_above=None, packages_above_and_dependencies=None, packages_above_depth=None, packages_select_by_dep=None, packages_skip_by_dep=None, packages_skip_up_to=None, packages_select_build_failed=False, packages_skip_build_finished=False, packages_select_test_failures=False, packages_skip_test_passed=False, packages_select=['my_record_utils'], packages_skip=None, packages_select_regex=None, packages_skip_regex=None, packages_start=None, packages_end=None, allow_overriding=[], cmake_args=None, cmake_target=None, cmake_target_skip_unavailable=False, cmake_clean_cache=False, cmake_clean_first=False, cmake_force_configure=False, ament_cmake_args=None, catkin_cmake_args=None, catkin_skip_building_tests=False, verb_parser=<colcon_defaults.argument_parser.defaults.DefaultArgumentsDecorator object at 0x72bbfa676b60>, verb_extension=<colcon_core.verb.build.BuildVerb object at 0x72bbfaadb640>, main=<bound method BuildVerb.main of <colcon_core.verb.build.BuildVerb object at 0x72bbfaadb640>>)
[0.884s] Level 1:colcon.colcon_core.package_discovery:discover_packages(colcon_meta) check parameters
[0.884s] Level 1:colcon.colcon_core.package_discovery:discover_packages(recursive) check parameters
[0.884s] Level 1:colcon.colcon_core.package_discovery:discover_packages(ignore) check parameters
[0.884s] Level 1:colcon.colcon_core.package_discovery:discover_packages(path) check parameters
[0.884s] Level 1:colcon.colcon_core.package_discovery:discover_packages(colcon_meta) discover
[0.885s] Level 1:colcon.colcon_core.package_discovery:discover_packages(recursive) discover
[0.885s] INFO:colcon.colcon_core.package_discovery:Crawling recursively for packages in '/home/shen/learn/ROS2'
[0.885s] Level 1:colcon.colcon_core.package_identification:_identify(.) by extensions ['ignore', 'ignore_ament_install']
[0.885s] Level 1:colcon.colcon_core.package_identification:_identify(.) by extension 'ignore'
[0.885s] Level 1:colcon.colcon_core.package_identification:_identify(.) by extension 'ignore_ament_install'
[0.885s] Level 1:colcon.colcon_core.package_identification:_identify(.) by extensions ['colcon_pkg']
[0.885s] Level 1:colcon.colcon_core.package_identification:_identify(.) by extension 'colcon_pkg'
[0.885s] Level 1:colcon.colcon_core.package_identification:_identify(.) by extensions ['colcon_meta']
[0.885s] Level 1:colcon.colcon_core.package_identification:_identify(.) by extension 'colcon_meta'
[0.885s] Level 1:colcon.colcon_core.package_identification:_identify(.) by extensions ['ros']
[0.885s] Level 1:colcon.colcon_core.package_identification:_identify(.) by extension 'ros'
[0.895s] Level 1:colcon.colcon_core.package_identification:_identify(.) by extensions ['cmake', 'python']
[0.895s] Level 1:colcon.colcon_core.package_identification:_identify(.) by extension 'cmake'
[0.895s] Level 1:colcon.colcon_core.package_identification:_identify(.) by extension 'python'
[0.895s] Level 1:colcon.colcon_core.package_identification:_identify(.) by extensions ['python_setup_py']
[0.895s] Level 1:colcon.colcon_core.package_identification:_identify(.) by extension 'python_setup_py'
[0.895s] Level 1:colcon.colcon_core.package_identification:_identify(build) by extensions ['ignore', 'ignore_ament_install']
[0.895s] Level 1:colcon.colcon_core.package_identification:_identify(build) by extension 'ignore'
[0.895s] Level 1:colcon.colcon_core.package_identification:_identify(build) ignored
[0.896s] Level 1:colcon.colcon_core.package_identification:_identify(can_ws) by extensions ['ignore', 'ignore_ament_install']
[0.896s] Level 1:colcon.colcon_core.package_identification:_identify(can_ws) by extension 'ignore'
[0.896s] Level 1:colcon.colcon_core.package_identification:_identify(can_ws) by extension 'ignore_ament_install'
[0.896s] Level 1:colcon.colcon_core.package_identification:_identify(can_ws) by extensions ['colcon_pkg']
[0.896s] Level 1:colcon.colcon_core.package_identification:_identify(can_ws) by extension 'colcon_pkg'
[0.896s] Level 1:colcon.colcon_core.package_identification:_identify(can_ws) by extensions ['colcon_meta']
[0.896s] Level 1:colcon.colcon_core.package_identification:_identify(can_ws) by extension 'colcon_meta'
[0.896s] Level 1:colcon.colcon_core.package_identification:_identify(can_ws) by extensions ['ros']
[0.896s] Level 1:colcon.colcon_core.package_identification:_identify(can_ws) by extension 'ros'
[0.896s] Level 1:colcon.colcon_core.package_identification:_identify(can_ws) by extensions ['cmake', 'python']
[0.896s] Level 1:colcon.colcon_core.package_identification:_identify(can_ws) by extension 'cmake'
[0.896s] Level 1:colcon.colcon_core.package_identification:_identify(can_ws) by extension 'python'
[0.896s] Level 1:colcon.colcon_core.package_identification:_identify(can_ws) by extensions ['python_setup_py']
[0.896s] Level 1:colcon.colcon_core.package_identification:_identify(can_ws) by extension 'python_setup_py'
[0.896s] Level 1:colcon.colcon_core.package_identification:_identify(can_ws/build) by extensions ['ignore', 'ignore_ament_install']
[0.896s] Level 1:colcon.colcon_core.package_identification:_identify(can_ws/build) by extension 'ignore'
[0.896s] Level 1:colcon.colcon_core.package_identification:_identify(can_ws/build) ignored
[0.896s] Level 1:colcon.colcon_core.package_identification:_identify(can_ws/install) by extensions ['ignore', 'ignore_ament_install']
[0.897s] Level 1:colcon.colcon_core.package_identification:_identify(can_ws/install) by extension 'ignore'
[0.897s] Level 1:colcon.colcon_core.package_identification:_identify(can_ws/install) ignored
[0.897s] Level 1:colcon.colcon_core.package_identification:_identify(can_ws/log) by extensions ['ignore', 'ignore_ament_install']
[0.897s] Level 1:colcon.colcon_core.package_identification:_identify(can_ws/log) by extension 'ignore'
[0.897s] Level 1:colcon.colcon_core.package_identification:_identify(can_ws/log) ignored
[0.897s] Level 1:colcon.colcon_core.package_identification:_identify(can_ws/src) by extensions ['ignore', 'ignore_ament_install']
[0.897s] Level 1:colcon.colcon_core.package_identification:_identify(can_ws/src) by extension 'ignore'
[0.897s] Level 1:colcon.colcon_core.package_identification:_identify(can_ws/src) by extension 'ignore_ament_install'
[0.897s] Level 1:colcon.colcon_core.package_identification:_identify(can_ws/src) by extensions ['colcon_pkg']
[0.897s] Level 1:colcon.colcon_core.package_identification:_identify(can_ws/src) by extension 'colcon_pkg'
[0.897s] Level 1:colcon.colcon_core.package_identification:_identify(can_ws/src) by extensions ['colcon_meta']
[0.897s] Level 1:colcon.colcon_core.package_identification:_identify(can_ws/src) by extension 'colcon_meta'
[0.897s] Level 1:colcon.colcon_core.package_identification:_identify(can_ws/src) by extensions ['ros']
[0.897s] Level 1:colcon.colcon_core.package_identification:_identify(can_ws/src) by extension 'ros'
[0.897s] Level 1:colcon.colcon_core.package_identification:_identify(can_ws/src) by extensions ['cmake', 'python']
[0.897s] Level 1:colcon.colcon_core.package_identification:_identify(can_ws/src) by extension 'cmake'
[0.897s] Level 1:colcon.colcon_core.package_identification:_identify(can_ws/src) by extension 'python'
[0.897s] Level 1:colcon.colcon_core.package_identification:_identify(can_ws/src) by extensions ['python_setup_py']
[0.897s] Level 1:colcon.colcon_core.package_identification:_identify(can_ws/src) by extension 'python_setup_py'
[0.897s] Level 1:colcon.colcon_core.package_identification:_identify(can_ws/src/my_can_utils) by extensions ['ignore', 'ignore_ament_install']
[0.897s] Level 1:colcon.colcon_core.package_identification:_identify(can_ws/src/my_can_utils) by extension 'ignore'
[0.898s] Level 1:colcon.colcon_core.package_identification:_identify(can_ws/src/my_can_utils) by extension 'ignore_ament_install'
[0.898s] Level 1:colcon.colcon_core.package_identification:_identify(can_ws/src/my_can_utils) by extensions ['colcon_pkg']
[0.898s] Level 1:colcon.colcon_core.package_identification:_identify(can_ws/src/my_can_utils) by extension 'colcon_pkg'
[0.898s] Level 1:colcon.colcon_core.package_identification:_identify(can_ws/src/my_can_utils) by extensions ['colcon_meta']
[0.898s] Level 1:colcon.colcon_core.package_identification:_identify(can_ws/src/my_can_utils) by extension 'colcon_meta'
[0.898s] Level 1:colcon.colcon_core.package_identification:_identify(can_ws/src/my_can_utils) by extensions ['ros']
[0.898s] Level 1:colcon.colcon_core.package_identification:_identify(can_ws/src/my_can_utils) by extension 'ros'
[0.900s] DEBUG:colcon.colcon_core.package_identification:Package 'can_ws/src/my_can_utils' with type 'ros.ament_cmake' and name 'my_can_utils'
[0.900s] Level 1:colcon.colcon_core.package_identification:_identify(install) by extensions ['ignore', 'ignore_ament_install']
[0.900s] Level 1:colcon.colcon_core.package_identification:_identify(install) by extension 'ignore'
[0.900s] Level 1:colcon.colcon_core.package_identification:_identify(install) ignored
[0.900s] Level 1:colcon.colcon_core.package_identification:_identify(log) by extensions ['ignore', 'ignore_ament_install']
[0.900s] Level 1:colcon.colcon_core.package_identification:_identify(log) by extension 'ignore'
[0.900s] Level 1:colcon.colcon_core.package_identification:_identify(log) ignored
[0.900s] Level 1:colcon.colcon_core.package_identification:_identify(record_ws) by extensions ['ignore', 'ignore_ament_install']
[0.901s] Level 1:colcon.colcon_core.package_identification:_identify(record_ws) by extension 'ignore'
[0.901s] Level 1:colcon.colcon_core.package_identification:_identify(record_ws) by extension 'ignore_ament_install'
[0.901s] Level 1:colcon.colcon_core.package_identification:_identify(record_ws) by extensions ['colcon_pkg']
[0.901s] Level 1:colcon.colcon_core.package_identification:_identify(record_ws) by extension 'colcon_pkg'
[0.901s] Level 1:colcon.colcon_core.package_identification:_identify(record_ws) by extensions ['colcon_meta']
[0.901s] Level 1:colcon.colcon_core.package_identification:_identify(record_ws) by extension 'colcon_meta'
[0.901s] Level 1:colcon.colcon_core.package_identification:_identify(record_ws) by extensions ['ros']
[0.901s] Level 1:colcon.colcon_core.package_identification:_identify(record_ws) by extension 'ros'
[0.901s] Level 1:colcon.colcon_core.package_identification:_identify(record_ws) by extensions ['cmake', 'python']
[0.901s] Level 1:colcon.colcon_core.package_identification:_identify(record_ws) by extension 'cmake'
[0.901s] Level 1:colcon.colcon_core.package_identification:_identify(record_ws) by extension 'python'
[0.901s] Level 1:colcon.colcon_core.package_identification:_identify(record_ws) by extensions ['python_setup_py']
[0.901s] Level 1:colcon.colcon_core.package_identification:_identify(record_ws) by extension 'python_setup_py'
[0.901s] Level 1:colcon.colcon_core.package_identification:_identify(record_ws/build) by extensions ['ignore', 'ignore_ament_install']
[0.901s] Level 1:colcon.colcon_core.package_identification:_identify(record_ws/build) by extension 'ignore'
[0.901s] Level 1:colcon.colcon_core.package_identification:_identify(record_ws/build) ignored
[0.901s] Level 1:colcon.colcon_core.package_identification:_identify(record_ws/install) by extensions ['ignore', 'ignore_ament_install']
[0.902s] Level 1:colcon.colcon_core.package_identification:_identify(record_ws/install) by extension 'ignore'
[0.902s] Level 1:colcon.colcon_core.package_identification:_identify(record_ws/install) ignored
[0.902s] Level 1:colcon.colcon_core.package_identification:_identify(record_ws/log) by extensions ['ignore', 'ignore_ament_install']
[0.902s] Level 1:colcon.colcon_core.package_identification:_identify(record_ws/log) by extension 'ignore'
[0.902s] Level 1:colcon.colcon_core.package_identification:_identify(record_ws/log) ignored
[0.902s] Level 1:colcon.colcon_core.package_identification:_identify(record_ws/src) by extensions ['ignore', 'ignore_ament_install']
[0.902s] Level 1:colcon.colcon_core.package_identification:_identify(record_ws/src) by extension 'ignore'
[0.902s] Level 1:colcon.colcon_core.package_identification:_identify(record_ws/src) by extension 'ignore_ament_install'
[0.902s] Level 1:colcon.colcon_core.package_identification:_identify(record_ws/src) by extensions ['colcon_pkg']
[0.902s] Level 1:colcon.colcon_core.package_identification:_identify(record_ws/src) by extension 'colcon_pkg'
[0.902s] Level 1:colcon.colcon_core.package_identification:_identify(record_ws/src) by extensions ['colcon_meta']
[0.902s] Level 1:colcon.colcon_core.package_identification:_identify(record_ws/src) by extension 'colcon_meta'
[0.902s] Level 1:colcon.colcon_core.package_identification:_identify(record_ws/src) by extensions ['ros']
[0.902s] Level 1:colcon.colcon_core.package_identification:_identify(record_ws/src) by extension 'ros'
[0.902s] Level 1:colcon.colcon_core.package_identification:_identify(record_ws/src) by extensions ['cmake', 'python']
[0.902s] Level 1:colcon.colcon_core.package_identification:_identify(record_ws/src) by extension 'cmake'
[0.902s] Level 1:colcon.colcon_core.package_identification:_identify(record_ws/src) by extension 'python'
[0.903s] Level 1:colcon.colcon_core.package_identification:_identify(record_ws/src) by extensions ['python_setup_py']
[0.903s] Level 1:colcon.colcon_core.package_identification:_identify(record_ws/src) by extension 'python_setup_py'
[0.903s] Level 1:colcon.colcon_core.package_identification:_identify(record_ws/src/my_record_utils) by extensions ['ignore', 'ignore_ament_install']
[0.903s] Level 1:colcon.colcon_core.package_identification:_identify(record_ws/src/my_record_utils) by extension 'ignore'
[0.903s] Level 1:colcon.colcon_core.package_identification:_identify(record_ws/src/my_record_utils) by extension 'ignore_ament_install'
[0.903s] Level 1:colcon.colcon_core.package_identification:_identify(record_ws/src/my_record_utils) by extensions ['colcon_pkg']
[0.903s] Level 1:colcon.colcon_core.package_identification:_identify(record_ws/src/my_record_utils) by extension 'colcon_pkg'
[0.903s] Level 1:colcon.colcon_core.package_identification:_identify(record_ws/src/my_record_utils) by extensions ['colcon_meta']
[0.903s] Level 1:colcon.colcon_core.package_identification:_identify(record_ws/src/my_record_utils) by extension 'colcon_meta'
[0.903s] Level 1:colcon.colcon_core.package_identification:_identify(record_ws/src/my_record_utils) by extensions ['ros']
[0.903s] Level 1:colcon.colcon_core.package_identification:_identify(record_ws/src/my_record_utils) by extension 'ros'
[0.904s] DEBUG:colcon.colcon_core.package_identification:Package 'record_ws/src/my_record_utils' with type 'ros.ament_cmake' and name 'my_record_utils'
[0.904s] Level 1:colcon.colcon_core.package_identification:_identify(resources) by extensions ['ignore', 'ignore_ament_install']
[0.904s] Level 1:colcon.colcon_core.package_identification:_identify(resources) by extension 'ignore'
[0.904s] Level 1:colcon.colcon_core.package_identification:_identify(resources) by extension 'ignore_ament_install'
[0.904s] Level 1:colcon.colcon_core.package_identification:_identify(resources) by extensions ['colcon_pkg']
[0.904s] Level 1:colcon.colcon_core.package_identification:_identify(resources) by extension 'colcon_pkg'
[0.904s] Level 1:colcon.colcon_core.package_identification:_identify(resources) by extensions ['colcon_meta']
[0.904s] Level 1:colcon.colcon_core.package_identification:_identify(resources) by extension 'colcon_meta'
[0.904s] Level 1:colcon.colcon_core.package_identification:_identify(resources) by extensions ['ros']
[0.904s] Level 1:colcon.colcon_core.package_identification:_identify(resources) by extension 'ros'
[0.904s] Level 1:colcon.colcon_core.package_identification:_identify(resources) by extensions ['cmake', 'python']
[0.904s] Level 1:colcon.colcon_core.package_identification:_identify(resources) by extension 'cmake'
[0.904s] Level 1:colcon.colcon_core.package_identification:_identify(resources) by extension 'python'
[0.904s] Level 1:colcon.colcon_core.package_identification:_identify(resources) by extensions ['python_setup_py']
[0.904s] Level 1:colcon.colcon_core.package_identification:_identify(resources) by extension 'python_setup_py'
[0.904s] Level 1:colcon.colcon_core.package_identification:_identify(resources/can) by extensions ['ignore', 'ignore_ament_install']
[0.904s] Level 1:colcon.colcon_core.package_identification:_identify(resources/can) by extension 'ignore'
[0.904s] Level 1:colcon.colcon_core.package_identification:_identify(resources/can) by extension 'ignore_ament_install'
[0.904s] Level 1:colcon.colcon_core.package_identification:_identify(resources/can) by extensions ['colcon_pkg']
[0.905s] Level 1:colcon.colcon_core.package_identification:_identify(resources/can) by extension 'colcon_pkg'
[0.905s] Level 1:colcon.colcon_core.package_identification:_identify(resources/can) by extensions ['colcon_meta']
[0.905s] Level 1:colcon.colcon_core.package_identification:_identify(resources/can) by extension 'colcon_meta'
[0.905s] Level 1:colcon.colcon_core.package_identification:_identify(resources/can) by extensions ['ros']
[0.905s] Level 1:colcon.colcon_core.package_identification:_identify(resources/can) by extension 'ros'
[0.905s] Level 1:colcon.colcon_core.package_identification:_identify(resources/can) by extensions ['cmake', 'python']
[0.905s] Level 1:colcon.colcon_core.package_identification:_identify(resources/can) by extension 'cmake'
[0.905s] Level 1:colcon.colcon_core.package_identification:_identify(resources/can) by extension 'python'
[0.905s] Level 1:colcon.colcon_core.package_identification:_identify(resources/can) by extensions ['python_setup_py']
[0.905s] Level 1:colcon.colcon_core.package_identification:_identify(resources/can) by extension 'python_setup_py'
[0.905s] Level 1:colcon.colcon_core.package_identification:_identify(test_rosbag_ws) by extensions ['ignore', 'ignore_ament_install']
[0.905s] Level 1:colcon.colcon_core.package_identification:_identify(test_rosbag_ws) by extension 'ignore'
[0.905s] Level 1:colcon.colcon_core.package_identification:_identify(test_rosbag_ws) by extension 'ignore_ament_install'
[0.905s] Level 1:colcon.colcon_core.package_identification:_identify(test_rosbag_ws) by extensions ['colcon_pkg']
[0.905s] Level 1:colcon.colcon_core.package_identification:_identify(test_rosbag_ws) by extension 'colcon_pkg'
[0.905s] Level 1:colcon.colcon_core.package_identification:_identify(test_rosbag_ws) by extensions ['colcon_meta']
[0.905s] Level 1:colcon.colcon_core.package_identification:_identify(test_rosbag_ws) by extension 'colcon_meta'
[0.905s] Level 1:colcon.colcon_core.package_identification:_identify(test_rosbag_ws) by extensions ['ros']
[0.905s] Level 1:colcon.colcon_core.package_identification:_identify(test_rosbag_ws) by extension 'ros'
[0.905s] Level 1:colcon.colcon_core.package_identification:_identify(test_rosbag_ws) by extensions ['cmake', 'python']
[0.905s] Level 1:colcon.colcon_core.package_identification:_identify(test_rosbag_ws) by extension 'cmake'
[0.905s] Level 1:colcon.colcon_core.package_identification:_identify(test_rosbag_ws) by extension 'python'
[0.905s] Level 1:colcon.colcon_core.package_identification:_identify(test_rosbag_ws) by extensions ['python_setup_py']
[0.905s] Level 1:colcon.colcon_core.package_identification:_identify(test_rosbag_ws) by extension 'python_setup_py'
[0.906s] Level 1:colcon.colcon_core.package_identification:_identify(test_rosbag_ws/build) by extensions ['ignore', 'ignore_ament_install']
[0.906s] Level 1:colcon.colcon_core.package_identification:_identify(test_rosbag_ws/build) by extension 'ignore'
[0.906s] Level 1:colcon.colcon_core.package_identification:_identify(test_rosbag_ws/build) ignored
[0.906s] Level 1:colcon.colcon_core.package_identification:_identify(test_rosbag_ws/can_bag) by extensions ['ignore', 'ignore_ament_install']
[0.906s] Level 1:colcon.colcon_core.package_identification:_identify(test_rosbag_ws/can_bag) by extension 'ignore'
[0.906s] Level 1:colcon.colcon_core.package_identification:_identify(test_rosbag_ws/can_bag) by extension 'ignore_ament_install'
[0.906s] Level 1:colcon.colcon_core.package_identification:_identify(test_rosbag_ws/can_bag) by extensions ['colcon_pkg']
[0.906s] Level 1:colcon.colcon_core.package_identification:_identify(test_rosbag_ws/can_bag) by extension 'colcon_pkg'
[0.906s] Level 1:colcon.colcon_core.package_identification:_identify(test_rosbag_ws/can_bag) by extensions ['colcon_meta']
[0.906s] Level 1:colcon.colcon_core.package_identification:_identify(test_rosbag_ws/can_bag) by extension 'colcon_meta'
[0.906s] Level 1:colcon.colcon_core.package_identification:_identify(test_rosbag_ws/can_bag) by extensions ['ros']
[0.906s] Level 1:colcon.colcon_core.package_identification:_identify(test_rosbag_ws/can_bag) by extension 'ros'
[0.906s] Level 1:colcon.colcon_core.package_identification:_identify(test_rosbag_ws/can_bag) by extensions ['cmake', 'python']
[0.906s] Level 1:colcon.colcon_core.package_identification:_identify(test_rosbag_ws/can_bag) by extension 'cmake'
[0.906s] Level 1:colcon.colcon_core.package_identification:_identify(test_rosbag_ws/can_bag) by extension 'python'
[0.906s] Level 1:colcon.colcon_core.package_identification:_identify(test_rosbag_ws/can_bag) by extensions ['python_setup_py']
[0.906s] Level 1:colcon.colcon_core.package_identification:_identify(test_rosbag_ws/can_bag) by extension 'python_setup_py'
[0.906s] Level 1:colcon.colcon_core.package_identification:_identify(test_rosbag_ws/install) by extensions ['ignore', 'ignore_ament_install']
[0.906s] Level 1:colcon.colcon_core.package_identification:_identify(test_rosbag_ws/install) by extension 'ignore'
[0.906s] Level 1:colcon.colcon_core.package_identification:_identify(test_rosbag_ws/install) ignored
[0.906s] Level 1:colcon.colcon_core.package_identification:_identify(test_rosbag_ws/log) by extensions ['ignore', 'ignore_ament_install']
[0.907s] Level 1:colcon.colcon_core.package_identification:_identify(test_rosbag_ws/log) by extension 'ignore'
[0.907s] Level 1:colcon.colcon_core.package_identification:_identify(test_rosbag_ws/log) ignored
[0.907s] Level 1:colcon.colcon_core.package_identification:_identify(test_rosbag_ws/multi_bag) by extensions ['ignore', 'ignore_ament_install']
[0.907s] Level 1:colcon.colcon_core.package_identification:_identify(test_rosbag_ws/multi_bag) by extension 'ignore'
[0.907s] Level 1:colcon.colcon_core.package_identification:_identify(test_rosbag_ws/multi_bag) by extension 'ignore_ament_install'
[0.907s] Level 1:colcon.colcon_core.package_identification:_identify(test_rosbag_ws/multi_bag) by extensions ['colcon_pkg']
[0.907s] Level 1:colcon.colcon_core.package_identification:_identify(test_rosbag_ws/multi_bag) by extension 'colcon_pkg'
[0.907s] Level 1:colcon.colcon_core.package_identification:_identify(test_rosbag_ws/multi_bag) by extensions ['colcon_meta']
[0.907s] Level 1:colcon.colcon_core.package_identification:_identify(test_rosbag_ws/multi_bag) by extension 'colcon_meta'
[0.907s] Level 1:colcon.colcon_core.package_identification:_identify(test_rosbag_ws/multi_bag) by extensions ['ros']
[0.907s] Level 1:colcon.colcon_core.package_identification:_identify(test_rosbag_ws/multi_bag) by extension 'ros'
[0.907s] Level 1:colcon.colcon_core.package_identification:_identify(test_rosbag_ws/multi_bag) by extensions ['cmake', 'python']
[0.907s] Level 1:colcon.colcon_core.package_identification:_identify(test_rosbag_ws/multi_bag) by extension 'cmake'
[0.907s] Level 1:colcon.colcon_core.package_identification:_identify(test_rosbag_ws/multi_bag) by extension 'python'
[0.907s] Level 1:colcon.colcon_core.package_identification:_identify(test_rosbag_ws/multi_bag) by extensions ['python_setup_py']
[0.907s] Level 1:colcon.colcon_core.package_identification:_identify(test_rosbag_ws/multi_bag) by extension 'python_setup_py'
[0.907s] Level 1:colcon.colcon_core.package_identification:_identify(test_rosbag_ws/my_bag) by extensions ['ignore', 'ignore_ament_install']
[0.907s] Level 1:colcon.colcon_core.package_identification:_identify(test_rosbag_ws/my_bag) by extension 'ignore'
[0.907s] Level 1:colcon.colcon_core.package_identification:_identify(test_rosbag_ws/my_bag) by extension 'ignore_ament_install'
[0.907s] Level 1:colcon.colcon_core.package_identification:_identify(test_rosbag_ws/my_bag) by extensions ['colcon_pkg']
[0.907s] Level 1:colcon.colcon_core.package_identification:_identify(test_rosbag_ws/my_bag) by extension 'colcon_pkg'
[0.907s] Level 1:colcon.colcon_core.package_identification:_identify(test_rosbag_ws/my_bag) by extensions ['colcon_meta']
[0.907s] Level 1:colcon.colcon_core.package_identification:_identify(test_rosbag_ws/my_bag) by extension 'colcon_meta'
[0.907s] Level 1:colcon.colcon_core.package_identification:_identify(test_rosbag_ws/my_bag) by extensions ['ros']
[0.907s] Level 1:colcon.colcon_core.package_identification:_identify(test_rosbag_ws/my_bag) by extension 'ros'
[0.908s] Level 1:colcon.colcon_core.package_identification:_identify(test_rosbag_ws/my_bag) by extensions ['cmake', 'python']
[0.908s] Level 1:colcon.colcon_core.package_identification:_identify(test_rosbag_ws/my_bag) by extension 'cmake'
[0.908s] Level 1:colcon.colcon_core.package_identification:_identify(test_rosbag_ws/my_bag) by extension 'python'
[0.908s] Level 1:colcon.colcon_core.package_identification:_identify(test_rosbag_ws/my_bag) by extensions ['python_setup_py']
[0.908s] Level 1:colcon.colcon_core.package_identification:_identify(test_rosbag_ws/my_bag) by extension 'python_setup_py'
[0.908s] Level 1:colcon.colcon_core.package_identification:_identify(test_rosbag_ws/src) by extensions ['ignore', 'ignore_ament_install']
[0.908s] Level 1:colcon.colcon_core.package_identification:_identify(test_rosbag_ws/src) by extension 'ignore'
[0.908s] Level 1:colcon.colcon_core.package_identification:_identify(test_rosbag_ws/src) by extension 'ignore_ament_install'
[0.908s] Level 1:colcon.colcon_core.package_identification:_identify(test_rosbag_ws/src) by extensions ['colcon_pkg']
[0.908s] Level 1:colcon.colcon_core.package_identification:_identify(test_rosbag_ws/src) by extension 'colcon_pkg'
[0.908s] Level 1:colcon.colcon_core.package_identification:_identify(test_rosbag_ws/src) by extensions ['colcon_meta']
[0.908s] Level 1:colcon.colcon_core.package_identification:_identify(test_rosbag_ws/src) by extension 'colcon_meta'
[0.908s] Level 1:colcon.colcon_core.package_identification:_identify(test_rosbag_ws/src) by extensions ['ros']
[0.908s] Level 1:colcon.colcon_core.package_identification:_identify(test_rosbag_ws/src) by extension 'ros'
[0.908s] Level 1:colcon.colcon_core.package_identification:_identify(test_rosbag_ws/src) by extensions ['cmake', 'python']
[0.908s] Level 1:colcon.colcon_core.package_identification:_identify(test_rosbag_ws/src) by extension 'cmake'
[0.908s] Level 1:colcon.colcon_core.package_identification:_identify(test_rosbag_ws/src) by extension 'python'
[0.909s] Level 1:colcon.colcon_core.package_identification:_identify(test_rosbag_ws/src) by extensions ['python_setup_py']
[0.909s] Level 1:colcon.colcon_core.package_identification:_identify(test_rosbag_ws/src) by extension 'python_setup_py'
[0.909s] Level 1:colcon.colcon_core.package_identification:_identify(test_rosbag_ws/src/bag_recorder_nodes) by extensions ['ignore', 'ignore_ament_install']
[0.909s] Level 1:colcon.colcon_core.package_identification:_identify(test_rosbag_ws/src/bag_recorder_nodes) by extension 'ignore'
[0.909s] Level 1:colcon.colcon_core.package_identification:_identify(test_rosbag_ws/src/bag_recorder_nodes) by extension 'ignore_ament_install'
[0.909s] Level 1:colcon.colcon_core.package_identification:_identify(test_rosbag_ws/src/bag_recorder_nodes) by extensions ['colcon_pkg']
[0.909s] Level 1:colcon.colcon_core.package_identification:_identify(test_rosbag_ws/src/bag_recorder_nodes) by extension 'colcon_pkg'
[0.909s] Level 1:colcon.colcon_core.package_identification:_identify(test_rosbag_ws/src/bag_recorder_nodes) by extensions ['colcon_meta']
[0.909s] Level 1:colcon.colcon_core.package_identification:_identify(test_rosbag_ws/src/bag_recorder_nodes) by extension 'colcon_meta'
[0.909s] Level 1:colcon.colcon_core.package_identification:_identify(test_rosbag_ws/src/bag_recorder_nodes) by extensions ['ros']
[0.909s] Level 1:colcon.colcon_core.package_identification:_identify(test_rosbag_ws/src/bag_recorder_nodes) by extension 'ros'
[0.910s] DEBUG:colcon.colcon_core.package_identification:Package 'test_rosbag_ws/src/bag_recorder_nodes' with type 'ros.ament_cmake' and name 'bag_recorder_nodes'
[0.910s] Level 1:colcon.colcon_core.package_discovery:discover_packages(recursive) using defaults
[0.910s] Level 1:colcon.colcon_core.package_discovery:discover_packages(ignore) discover
[0.910s] Level 1:colcon.colcon_core.package_discovery:discover_packages(ignore) using defaults
[0.910s] Level 1:colcon.colcon_core.package_discovery:discover_packages(path) discover
[0.910s] Level 1:colcon.colcon_core.package_discovery:discover_packages(path) using defaults
[0.967s] INFO:colcon.colcon_core.package_selection:Skipping not selected package 'bag_recorder_nodes' in 'test_rosbag_ws/src/bag_recorder_nodes'
[0.967s] INFO:colcon.colcon_core.package_selection:Skipping not selected package 'my_can_utils' in 'can_ws/src/my_can_utils'
[0.993s] Level 1:colcon.colcon_core.package_discovery:discover_packages(prefix_path) check parameters
[0.993s] Level 1:colcon.colcon_core.package_discovery:discover_packages(prefix_path) discover
[1.020s] DEBUG:colcon.colcon_installed_package_information.package_discovery:Found 335 installed packages in /opt/ros/humble
[1.021s] Level 1:colcon.colcon_core.package_discovery:discover_packages(prefix_path) using defaults
[1.114s] Level 5:colcon.colcon_core.verb:set package 'my_record_utils' build argument 'cmake_args' from command line to 'None'
[1.114s] Level 5:colcon.colcon_core.verb:set package 'my_record_utils' build argument 'cmake_target' from command line to 'None'
[1.114s] Level 5:colcon.colcon_core.verb:set package 'my_record_utils' build argument 'cmake_target_skip_unavailable' from command line to 'False'
[1.114s] Level 5:colcon.colcon_core.verb:set package 'my_record_utils' build argument 'cmake_clean_cache' from command line to 'False'
[1.114s] Level 5:colcon.colcon_core.verb:set package 'my_record_utils' build argument 'cmake_clean_first' from command line to 'False'
[1.114s] Level 5:colcon.colcon_core.verb:set package 'my_record_utils' build argument 'cmake_force_configure' from command line to 'False'
[1.115s] Level 5:colcon.colcon_core.verb:set package 'my_record_utils' build argument 'ament_cmake_args' from command line to 'None'
[1.115s] Level 5:colcon.colcon_core.verb:set package 'my_record_utils' build argument 'catkin_cmake_args' from command line to 'None'
[1.115s] Level 5:colcon.colcon_core.verb:set package 'my_record_utils' build argument 'catkin_skip_building_tests' from command line to 'False'
[1.115s] DEBUG:colcon.colcon_core.verb:Building package 'my_record_utils' with the following arguments: {'ament_cmake_args': None, 'build_base': '/home/shen/learn/ROS2/build/my_record_utils', 'catkin_cmake_args': None, 'catkin_skip_building_tests': False, 'cmake_args': None, 'cmake_clean_cache': False, 'cmake_clean_first': False, 'cmake_force_configure': False, 'cmake_target': None, 'cmake_target_skip_unavailable': False, 'install_base': '/home/shen/learn/ROS2/install/my_record_utils', 'merge_install': False, 'path': '/home/shen/learn/ROS2/record_ws/src/my_record_utils', 'symlink_install': False, 'test_result_base': None}
[1.127s] INFO:colcon.colcon_core.executor:Executing jobs using 'parallel' executor
[1.140s] DEBUG:colcon.colcon_parallel_executor.executor.parallel:run_until_complete
[1.140s] INFO:colcon.colcon_ros.task.ament_cmake.build:Building ROS package in '/home/shen/learn/ROS2/record_ws/src/my_record_utils' with build type 'ament_cmake'
[1.140s] INFO:colcon.colcon_cmake.task.cmake.build:Building CMake package in '/home/shen/learn/ROS2/record_ws/src/my_record_utils'
[1.155s] INFO:colcon.colcon_core.plugin_system:Skipping extension 'colcon_core.shell.bat': Not used on non-Windows systems
[1.155s] INFO:colcon.colcon_core.shell:Skip shell extension 'powershell' for command environment: Not usable outside of PowerShell
[1.155s] DEBUG:colcon.colcon_core.shell:Skip shell extension 'dsv' for command environment
[1.192s] DEBUG:colcon.colcon_core.event_handler.log_command:Invoking command in '/home/shen/learn/ROS2/build/my_record_utils': CMAKE_PREFIX_PATH=/opt/ros/humble /usr/bin/cmake --build /home/shen/learn/ROS2/build/my_record_utils -- -j16 -l16
[8.869s] DEBUG:colcon.colcon_core.event_handler.log_command:Invoked command in '/home/shen/learn/ROS2/build/my_record_utils' returned '0': CMAKE_PREFIX_PATH=/opt/ros/humble /usr/bin/cmake --build /home/shen/learn/ROS2/build/my_record_utils -- -j16 -l16
[8.931s] DEBUG:colcon.colcon_core.event_handler.log_command:Invoking command in '/home/shen/learn/ROS2/build/my_record_utils': CMAKE_PREFIX_PATH=/opt/ros/humble /usr/bin/cmake --install /home/shen/learn/ROS2/build/my_record_utils
[8.948s] Level 1:colcon.colcon_core.environment:create_environment_scripts_only(my_record_utils)
[8.949s] DEBUG:colcon.colcon_core.event_handler.log_command:Invoked command in '/home/shen/learn/ROS2/build/my_record_utils' returned '0': CMAKE_PREFIX_PATH=/opt/ros/humble /usr/bin/cmake --install /home/shen/learn/ROS2/build/my_record_utils
[8.986s] Level 1:colcon.colcon_core.environment:checking '/home/shen/learn/ROS2/install/my_record_utils' for CMake module files
[8.988s] Level 1:colcon.colcon_core.environment:checking '/home/shen/learn/ROS2/install/my_record_utils' for CMake config files
[8.989s] Level 1:colcon.colcon_core.shell:create_environment_hook('my_record_utils', 'cmake_prefix_path')
[9.024s] INFO:colcon.colcon_core.shell:Creating environment hook '/home/shen/learn/ROS2/install/my_record_utils/share/my_record_utils/hook/cmake_prefix_path.ps1'
[9.027s] INFO:colcon.colcon_core.shell:Creating environment descriptor '/home/shen/learn/ROS2/install/my_record_utils/share/my_record_utils/hook/cmake_prefix_path.dsv'
[9.027s] INFO:colcon.colcon_core.shell:Creating environment hook '/home/shen/learn/ROS2/install/my_record_utils/share/my_record_utils/hook/cmake_prefix_path.sh'
[9.028s] Level 1:colcon.colcon_core.environment:checking '/home/shen/learn/ROS2/install/my_record_utils/lib'
[9.028s] Level 1:colcon.colcon_core.environment:checking '/home/shen/learn/ROS2/install/my_record_utils/bin'
[9.028s] Level 1:colcon.colcon_core.environment:checking '/home/shen/learn/ROS2/install/my_record_utils/lib/pkgconfig/my_record_utils.pc'
[9.028s] Level 1:colcon.colcon_core.environment:checking '/home/shen/learn/ROS2/install/my_record_utils/lib/python3.10/site-packages'
[9.028s] Level 1:colcon.colcon_core.environment:checking '/home/shen/learn/ROS2/install/my_record_utils/bin'
[9.041s] INFO:colcon.colcon_core.shell:Creating package script '/home/shen/learn/ROS2/install/my_record_utils/share/my_record_utils/package.ps1'
[9.041s] INFO:colcon.colcon_core.shell:Creating package descriptor '/home/shen/learn/ROS2/install/my_record_utils/share/my_record_utils/package.dsv'
[9.042s] INFO:colcon.colcon_core.shell:Creating package script '/home/shen/learn/ROS2/install/my_record_utils/share/my_record_utils/package.sh'
[9.042s] INFO:colcon.colcon_core.shell:Creating package script '/home/shen/learn/ROS2/install/my_record_utils/share/my_record_utils/package.bash'
[9.043s] INFO:colcon.colcon_core.shell:Creating package script '/home/shen/learn/ROS2/install/my_record_utils/share/my_record_utils/package.zsh'
[9.043s] Level 1:colcon.colcon_core.environment:create_file_with_runtime_dependencies(/home/shen/learn/ROS2/install/my_record_utils/share/colcon-core/packages/my_record_utils)
[9.106s] Level 1:colcon.colcon_core.environment:create_environment_scripts_only(my_record_utils)
[9.118s] Level 1:colcon.colcon_core.environment:checking '/home/shen/learn/ROS2/install/my_record_utils' for CMake module files
[9.119s] Level 1:colcon.colcon_core.environment:checking '/home/shen/learn/ROS2/install/my_record_utils' for CMake config files
[9.119s] Level 1:colcon.colcon_core.shell:create_environment_hook('my_record_utils', 'cmake_prefix_path')
[9.131s] INFO:colcon.colcon_core.shell:Creating environment hook '/home/shen/learn/ROS2/install/my_record_utils/share/my_record_utils/hook/cmake_prefix_path.ps1'
[9.132s] INFO:colcon.colcon_core.shell:Creating environment descriptor '/home/shen/learn/ROS2/install/my_record_utils/share/my_record_utils/hook/cmake_prefix_path.dsv'
[9.132s] INFO:colcon.colcon_core.shell:Creating environment hook '/home/shen/learn/ROS2/install/my_record_utils/share/my_record_utils/hook/cmake_prefix_path.sh'
[9.133s] Level 1:colcon.colcon_core.environment:checking '/home/shen/learn/ROS2/install/my_record_utils/lib'
[9.133s] Level 1:colcon.colcon_core.environment:checking '/home/shen/learn/ROS2/install/my_record_utils/bin'
[9.133s] Level 1:colcon.colcon_core.environment:checking '/home/shen/learn/ROS2/install/my_record_utils/lib/pkgconfig/my_record_utils.pc'
[9.133s] Level 1:colcon.colcon_core.environment:checking '/home/shen/learn/ROS2/install/my_record_utils/lib/python3.10/site-packages'
[9.133s] Level 1:colcon.colcon_core.environment:checking '/home/shen/learn/ROS2/install/my_record_utils/bin'
[9.147s] INFO:colcon.colcon_core.shell:Creating package script '/home/shen/learn/ROS2/install/my_record_utils/share/my_record_utils/package.ps1'
[9.147s] INFO:colcon.colcon_core.shell:Creating package descriptor '/home/shen/learn/ROS2/install/my_record_utils/share/my_record_utils/package.dsv'
[9.148s] INFO:colcon.colcon_core.shell:Creating package script '/home/shen/learn/ROS2/install/my_record_utils/share/my_record_utils/package.sh'
[9.148s] INFO:colcon.colcon_core.shell:Creating package script '/home/shen/learn/ROS2/install/my_record_utils/share/my_record_utils/package.bash'
[9.148s] INFO:colcon.colcon_core.shell:Creating package script '/home/shen/learn/ROS2/install/my_record_utils/share/my_record_utils/package.zsh'
[9.148s] Level 1:colcon.colcon_core.environment:create_file_with_runtime_dependencies(/home/shen/learn/ROS2/install/my_record_utils/share/colcon-core/packages/my_record_utils)
[9.149s] DEBUG:colcon.colcon_parallel_executor.executor.parallel:closing loop
[9.149s] DEBUG:colcon.colcon_parallel_executor.executor.parallel:loop closed
[9.149s] DEBUG:colcon.colcon_parallel_executor.executor.parallel:run_until_complete finished with '0'
[9.149s] DEBUG:colcon.colcon_core.event_reactor:joining thread
[9.190s] INFO:colcon.colcon_core.plugin_system:Skipping extension 'colcon_notification.desktop_notification.terminal_notifier': Not used on non-Darwin systems
[9.190s] INFO:colcon.colcon_core.plugin_system:Skipping extension 'colcon_notification.desktop_notification.win32': Not used on non-Windows systems
[9.190s] INFO:colcon.colcon_notification.desktop_notification:Sending desktop notification using 'notify2'
[9.209s] DEBUG:colcon.colcon_core.event_reactor:joined thread
[9.236s] INFO:colcon.colcon_core.shell:Creating prefix script '/home/shen/learn/ROS2/install/local_setup.ps1'
[9.237s] INFO:colcon.colcon_core.shell:Creating prefix util module '/home/shen/learn/ROS2/install/_local_setup_util_ps1.py'
[9.240s] INFO:colcon.colcon_core.shell:Creating prefix chain script '/home/shen/learn/ROS2/install/setup.ps1'
[9.269s] INFO:colcon.colcon_core.shell:Creating prefix script '/home/shen/learn/ROS2/install/local_setup.sh'
[9.270s] INFO:colcon.colcon_core.shell:Creating prefix util module '/home/shen/learn/ROS2/install/_local_setup_util_sh.py'
[9.270s] INFO:colcon.colcon_core.shell:Creating prefix chain script '/home/shen/learn/ROS2/install/setup.sh'
[9.285s] INFO:colcon.colcon_core.shell:Creating prefix script '/home/shen/learn/ROS2/install/local_setup.bash'
[9.285s] INFO:colcon.colcon_core.shell:Creating prefix chain script '/home/shen/learn/ROS2/install/setup.bash'
[9.298s] INFO:colcon.colcon_core.shell:Creating prefix script '/home/shen/learn/ROS2/install/local_setup.zsh'
[9.298s] INFO:colcon.colcon_core.shell:Creating prefix chain script '/home/shen/learn/ROS2/install/setup.zsh'
