[0.067s] Invoking command in '/home/shen/learn/ROS2/record_ws/build/my_record_utils': CMAKE_PREFIX_PATH=${CMAKE_PREFIX_PATH}:/opt/ros/humble /usr/bin/cmake --build /home/shen/learn/ROS2/record_ws/build/my_record_utils -- -j16 -l16
[0.126s] [35m[1mConsolidate compiler generated dependencies of target topic_recorder[0m
[0.154s] [ 50%] [32mBuilding CXX object CMakeFiles/topic_recorder.dir/src/topic_recorder.cpp.o[0m
[3.161s] [100%] [32m[1mLinking CXX executable topic_recorder[0m
[3.335s] [100%] Built target topic_recorder
[3.351s] Invoked command in '/home/shen/learn/ROS2/record_ws/build/my_record_utils' returned '0': CMAKE_PREFIX_PATH=${CMAKE_PREFIX_PATH}:/opt/ros/humble /usr/bin/cmake --build /home/shen/learn/ROS2/record_ws/build/my_record_utils -- -j16 -l16
[3.397s] Invoking command in '/home/shen/learn/ROS2/record_ws/build/my_record_utils': CMAKE_PREFIX_PATH=${CMAKE_PREFIX_PATH}:/opt/ros/humble /usr/bin/cmake --install /home/shen/learn/ROS2/record_ws/build/my_record_utils
[3.412s] -- Install configuration: ""
[3.413s] -- Installing: /home/shen/learn/ROS2/record_ws/install/my_record_utils/lib/my_record_utils/topic_recorder
[3.415s] -- Set runtime path of "/home/shen/learn/ROS2/record_ws/install/my_record_utils/lib/my_record_utils/topic_recorder" to ""
[3.415s] -- Up-to-date: /home/shen/learn/ROS2/record_ws/install/my_record_utils/share/my_record_utils/launch
[3.415s] -- Up-to-date: /home/shen/learn/ROS2/record_ws/install/my_record_utils/share/my_record_utils/launch/recorder.launch.py
[3.415s] -- Up-to-date: /home/shen/learn/ROS2/record_ws/install/my_record_utils/share/my_record_utils/config
[3.415s] -- Up-to-date: /home/shen/learn/ROS2/record_ws/install/my_record_utils/share/my_record_utils/config/config.yaml
[3.415s] -- Up-to-date: /home/shen/learn/ROS2/record_ws/install/my_record_utils/share/my_record_utils/config/topics_config.yaml
[3.415s] -- Up-to-date: /home/shen/learn/ROS2/record_ws/install/my_record_utils/share/ament_index/resource_index/package_run_dependencies/my_record_utils
[3.416s] -- Up-to-date: /home/shen/learn/ROS2/record_ws/install/my_record_utils/share/ament_index/resource_index/parent_prefix_path/my_record_utils
[3.416s] -- Up-to-date: /home/shen/learn/ROS2/record_ws/install/my_record_utils/share/my_record_utils/environment/ament_prefix_path.sh
[3.416s] -- Up-to-date: /home/shen/learn/ROS2/record_ws/install/my_record_utils/share/my_record_utils/environment/ament_prefix_path.dsv
[3.416s] -- Up-to-date: /home/shen/learn/ROS2/record_ws/install/my_record_utils/share/my_record_utils/environment/path.sh
[3.416s] -- Up-to-date: /home/shen/learn/ROS2/record_ws/install/my_record_utils/share/my_record_utils/environment/path.dsv
[3.416s] -- Up-to-date: /home/shen/learn/ROS2/record_ws/install/my_record_utils/share/my_record_utils/local_setup.bash
[3.416s] -- Up-to-date: /home/shen/learn/ROS2/record_ws/install/my_record_utils/share/my_record_utils/local_setup.sh
[3.417s] -- Up-to-date: /home/shen/learn/ROS2/record_ws/install/my_record_utils/share/my_record_utils/local_setup.zsh
[3.417s] -- Up-to-date: /home/shen/learn/ROS2/record_ws/install/my_record_utils/share/my_record_utils/local_setup.dsv
[3.417s] -- Installing: /home/shen/learn/ROS2/record_ws/install/my_record_utils/share/my_record_utils/package.dsv
[3.418s] -- Up-to-date: /home/shen/learn/ROS2/record_ws/install/my_record_utils/share/ament_index/resource_index/packages/my_record_utils
[3.418s] -- Up-to-date: /home/shen/learn/ROS2/record_ws/install/my_record_utils/share/my_record_utils/cmake/my_record_utilsConfig.cmake
[3.418s] -- Up-to-date: /home/shen/learn/ROS2/record_ws/install/my_record_utils/share/my_record_utils/cmake/my_record_utilsConfig-version.cmake
[3.418s] -- Up-to-date: /home/shen/learn/ROS2/record_ws/install/my_record_utils/share/my_record_utils/package.xml
[3.422s] Invoked command in '/home/shen/learn/ROS2/record_ws/build/my_record_utils' returned '0': CMAKE_PREFIX_PATH=${CMAKE_PREFIX_PATH}:/opt/ros/humble /usr/bin/cmake --install /home/shen/learn/ROS2/record_ws/build/my_record_utils
