[0.067s] Invoking command in '/home/shen/learn/ROS2/ethernet_ws/build/my_ethernet_utils': CMAKE_PREFIX_PATH=${CMAKE_PREFIX_PATH}:/opt/ros/humble /usr/bin/cmake /home/shen/learn/ROS2/ethernet_ws/src/my_ethernet_utils -DCMAKE_INSTALL_PREFIX=/home/shen/learn/ROS2/ethernet_ws/install/my_ethernet_utils
[0.150s] -- The C compiler identification is GNU 11.4.0
[0.224s] -- The CXX compiler identification is GNU 11.4.0
[0.232s] -- Detecting C compiler ABI info
[0.342s] -- Detecting C compiler ABI info - done
[0.348s] -- Check for working C compiler: /usr/bin/cc - skipped
[0.348s] -- Detecting C compile features
[0.348s] -- Detecting C compile features - done
[0.351s] -- Detecting CXX compiler ABI info
[0.444s] -- Detecting CXX compiler ABI info - done
[0.451s] -- Check for working CXX compiler: /usr/bin/c++ - skipped
[0.451s] -- Detecting CXX compile features
[0.451s] -- Detecting CXX compile features - done
[0.454s] -- Found ament_cmake: 1.3.6 (/opt/ros/humble/share/ament_cmake/cmake)
[0.666s] -- Found Python3: /usr/bin/python3.10 (found version "3.10.12") found components: Interpreter 
[0.766s] -- Found rclcpp: 16.0.7 (/opt/ros/humble/share/rclcpp/cmake)
[0.811s] -- Found rosidl_generator_c: 3.1.5 (/opt/ros/humble/share/rosidl_generator_c/cmake)
[0.816s] -- Found rosidl_adapter: 3.1.5 (/opt/ros/humble/share/rosidl_adapter/cmake)
[0.825s] -- Found rosidl_generator_cpp: 3.1.5 (/opt/ros/humble/share/rosidl_generator_cpp/cmake)
[0.839s] -- Using all available rosidl_typesupport_c: rosidl_typesupport_fastrtps_c;rosidl_typesupport_introspection_c
[0.859s] -- Using all available rosidl_typesupport_cpp: rosidl_typesupport_fastrtps_cpp;rosidl_typesupport_introspection_cpp
[0.938s] -- Found rmw_implementation_cmake: 6.1.1 (/opt/ros/humble/share/rmw_implementation_cmake/cmake)
[0.941s] -- Found rmw_fastrtps_cpp: 6.2.5 (/opt/ros/humble/share/rmw_fastrtps_cpp/cmake)
[1.073s] -- Found OpenSSL: /usr/lib/x86_64-linux-gnu/libcrypto.so (found version "3.0.2")  
[1.109s] -- Found FastRTPS: /opt/ros/humble/include  
[1.164s] -- Using RMW implementation 'rmw_fastrtps_cpp' as default
[1.174s] -- Looking for pthread.h
[1.263s] -- Looking for pthread.h - found
[1.264s] -- Performing Test CMAKE_HAVE_LIBC_PTHREAD
[1.351s] -- Performing Test CMAKE_HAVE_LIBC_PTHREAD - Success
[1.352s] -- Found Threads: TRUE  
[1.516s] -- Found udp_msgs: 0.0.3 (/opt/ros/humble/share/udp_msgs/cmake)
[1.557s] -- Found asio_cmake_module: 1.2.0 (/opt/ros/humble/share/asio_cmake_module/cmake)
[1.558s] -- Found ament_lint_auto: 0.12.9 (/opt/ros/humble/share/ament_lint_auto/cmake)
[1.636s] -- Added test 'cppcheck' to perform static code analysis on C / C++ code
[1.636s] -- Configured cppcheck include dirs: 
[1.636s] -- Configured cppcheck exclude dirs and/or files: 
[1.636s] -- Added test 'flake8' to check Python code syntax and style conventions
[1.637s] -- Added test 'lint_cmake' to check CMake code style
[1.638s] -- Added test 'pep257' to check Python code against some of the docstring style conventions in PEP 257
[1.639s] -- Added test 'uncrustify' to check C / C++ code style
[1.639s] -- Configured uncrustify additional arguments: 
[1.640s] -- Added test 'xmllint' to check XML markup files
[1.641s] -- Configuring done
[1.652s] -- Generating done
[1.654s] -- Build files have been written to: /home/shen/learn/ROS2/ethernet_ws/build/my_ethernet_utils
[1.664s] Invoked command in '/home/shen/learn/ROS2/ethernet_ws/build/my_ethernet_utils' returned '0': CMAKE_PREFIX_PATH=${CMAKE_PREFIX_PATH}:/opt/ros/humble /usr/bin/cmake /home/shen/learn/ROS2/ethernet_ws/src/my_ethernet_utils -DCMAKE_INSTALL_PREFIX=/home/shen/learn/ROS2/ethernet_ws/install/my_ethernet_utils
[1.666s] Invoking command in '/home/shen/learn/ROS2/ethernet_ws/build/my_ethernet_utils': CMAKE_PREFIX_PATH=${CMAKE_PREFIX_PATH}:/opt/ros/humble /usr/bin/cmake --build /home/shen/learn/ROS2/ethernet_ws/build/my_ethernet_utils -- -j16 -l16
[1.788s] [ 50%] [32mBuilding CXX object CMakeFiles/udp_publisher.dir/src/udp_publisher.cpp.o[0m
[6.706s] [100%] [32m[1mLinking CXX executable udp_publisher[0m
[6.988s] [100%] Built target udp_publisher
[7.005s] Invoked command in '/home/shen/learn/ROS2/ethernet_ws/build/my_ethernet_utils' returned '0': CMAKE_PREFIX_PATH=${CMAKE_PREFIX_PATH}:/opt/ros/humble /usr/bin/cmake --build /home/shen/learn/ROS2/ethernet_ws/build/my_ethernet_utils -- -j16 -l16
[7.061s] Invoking command in '/home/shen/learn/ROS2/ethernet_ws/build/my_ethernet_utils': CMAKE_PREFIX_PATH=${CMAKE_PREFIX_PATH}:/opt/ros/humble /usr/bin/cmake --install /home/shen/learn/ROS2/ethernet_ws/build/my_ethernet_utils
[7.079s] -- Install configuration: ""
[7.080s] -- Installing: /home/shen/learn/ROS2/ethernet_ws/install/my_ethernet_utils/lib/my_ethernet_utils/udp_publisher
[7.085s] -- Set runtime path of "/home/shen/learn/ROS2/ethernet_ws/install/my_ethernet_utils/lib/my_ethernet_utils/udp_publisher" to ""
[7.085s] -- Installing: /home/shen/learn/ROS2/ethernet_ws/install/my_ethernet_utils/share/my_ethernet_utils/launch
[7.086s] -- Installing: /home/shen/learn/ROS2/ethernet_ws/install/my_ethernet_utils/share/my_ethernet_utils/launch/publisher.launch.py
[7.086s] -- Installing: /home/shen/learn/ROS2/ethernet_ws/install/my_ethernet_utils/share/my_ethernet_utils/config
[7.086s] -- Installing: /home/shen/learn/ROS2/ethernet_ws/install/my_ethernet_utils/share/my_ethernet_utils/config/config.yaml
[7.087s] -- Installing: /home/shen/learn/ROS2/ethernet_ws/install/my_ethernet_utils/share/ament_index/resource_index/package_run_dependencies/my_ethernet_utils
[7.087s] -- Installing: /home/shen/learn/ROS2/ethernet_ws/install/my_ethernet_utils/share/ament_index/resource_index/parent_prefix_path/my_ethernet_utils
[7.088s] -- Installing: /home/shen/learn/ROS2/ethernet_ws/install/my_ethernet_utils/share/my_ethernet_utils/environment/ament_prefix_path.sh
[7.088s] -- Installing: /home/shen/learn/ROS2/ethernet_ws/install/my_ethernet_utils/share/my_ethernet_utils/environment/ament_prefix_path.dsv
[7.088s] -- Installing: /home/shen/learn/ROS2/ethernet_ws/install/my_ethernet_utils/share/my_ethernet_utils/environment/path.sh
[7.089s] -- Installing: /home/shen/learn/ROS2/ethernet_ws/install/my_ethernet_utils/share/my_ethernet_utils/environment/path.dsv
[7.089s] -- Installing: /home/shen/learn/ROS2/ethernet_ws/install/my_ethernet_utils/share/my_ethernet_utils/local_setup.bash
[7.090s] -- Installing: /home/shen/learn/ROS2/ethernet_ws/install/my_ethernet_utils/share/my_ethernet_utils/local_setup.sh
[7.090s] -- Installing: /home/shen/learn/ROS2/ethernet_ws/install/my_ethernet_utils/share/my_ethernet_utils/local_setup.zsh
[7.091s] -- Installing: /home/shen/learn/ROS2/ethernet_ws/install/my_ethernet_utils/share/my_ethernet_utils/local_setup.dsv
[7.091s] -- Installing: /home/shen/learn/ROS2/ethernet_ws/install/my_ethernet_utils/share/my_ethernet_utils/package.dsv
[7.092s] -- Installing: /home/shen/learn/ROS2/ethernet_ws/install/my_ethernet_utils/share/ament_index/resource_index/packages/my_ethernet_utils
[7.092s] -- Installing: /home/shen/learn/ROS2/ethernet_ws/install/my_ethernet_utils/share/my_ethernet_utils/cmake/my_ethernet_utilsConfig.cmake
[7.092s] -- Installing: /home/shen/learn/ROS2/ethernet_ws/install/my_ethernet_utils/share/my_ethernet_utils/cmake/my_ethernet_utilsConfig-version.cmake
[7.093s] -- Installing: /home/shen/learn/ROS2/ethernet_ws/install/my_ethernet_utils/share/my_ethernet_utils/package.xml
[7.098s] Invoked command in '/home/shen/learn/ROS2/ethernet_ws/build/my_ethernet_utils' returned '0': CMAKE_PREFIX_PATH=${CMAKE_PREFIX_PATH}:/opt/ros/humble /usr/bin/cmake --install /home/shen/learn/ROS2/ethernet_ws/build/my_ethernet_utils
