[1.039s] DEBUG:colcon:Command line arguments: ['/usr/bin/colcon', 'list', '-p', '--base-paths', '/home/shen/learn/ROS2/ws_livox']
[1.039s] DEBUG:colcon:Parsed command line arguments: Namespace(log_base=None, log_level=None, verb_name='list', build_base='build', ignore_user_meta=False, metas=['./colcon.meta'], base_paths=['/home/shen/learn/ROS2/ws_livox'], packages_ignore=None, packages_ignore_regex=None, paths=None, packages_up_to=None, packages_up_to_regex=None, packages_above=None, packages_above_and_dependencies=None, packages_above_depth=None, packages_select_by_dep=None, packages_skip_by_dep=None, packages_skip_up_to=None, packages_select_build_failed=False, packages_skip_build_finished=False, packages_select_test_failures=False, packages_skip_test_passed=False, packages_select=None, packages_skip=None, packages_select_regex=None, packages_skip_regex=None, packages_start=None, packages_end=None, allow_overriding=[], topological_order=False, names_only=False, paths_only=True, topological_graph=False, topological_graph_dot=False, topological_graph_density=False, topological_graph_legend=False, topological_graph_dot_cluster=False, topological_graph_dot_include_skipped=False, verb_parser=<colcon_defaults.argument_parser.defaults.DefaultArgumentsDecorator object at 0x7b9f99c808b0>, verb_extension=<colcon_package_information.verb.list.ListVerb object at 0x7b9f99c3fc40>, main=<bound method ListVerb.main of <colcon_package_information.verb.list.ListVerb object at 0x7b9f99c3fc40>>)
[1.096s] Level 1:colcon.colcon_core.package_discovery:discover_packages(colcon_meta) check parameters
[1.097s] Level 1:colcon.colcon_core.package_discovery:discover_packages(recursive) check parameters
[1.097s] Level 1:colcon.colcon_core.package_discovery:discover_packages(ignore) check parameters
[1.097s] Level 1:colcon.colcon_core.package_discovery:discover_packages(path) check parameters
[1.097s] Level 1:colcon.colcon_core.package_discovery:discover_packages(recursive) discover
[1.097s] INFO:colcon.colcon_core.package_discovery:Crawling recursively for packages in '/home/shen/learn/ROS2/ws_livox'
[1.097s] Level 1:colcon.colcon_core.package_identification:_identify(/home/shen/learn/ROS2/ws_livox) by extensions ['ignore', 'ignore_ament_install']
[1.097s] Level 1:colcon.colcon_core.package_identification:_identify(/home/shen/learn/ROS2/ws_livox) by extension 'ignore'
[1.097s] Level 1:colcon.colcon_core.package_identification:_identify(/home/shen/learn/ROS2/ws_livox) by extension 'ignore_ament_install'
[1.097s] Level 1:colcon.colcon_core.package_identification:_identify(/home/shen/learn/ROS2/ws_livox) by extensions ['colcon_pkg']
[1.097s] Level 1:colcon.colcon_core.package_identification:_identify(/home/shen/learn/ROS2/ws_livox) by extension 'colcon_pkg'
[1.097s] Level 1:colcon.colcon_core.package_identification:_identify(/home/shen/learn/ROS2/ws_livox) by extensions ['colcon_meta']
[1.097s] Level 1:colcon.colcon_core.package_identification:_identify(/home/shen/learn/ROS2/ws_livox) by extension 'colcon_meta'
[1.098s] Level 1:colcon.colcon_core.package_identification:_identify(/home/shen/learn/ROS2/ws_livox) by extensions ['ros']
[1.098s] Level 1:colcon.colcon_core.package_identification:_identify(/home/shen/learn/ROS2/ws_livox) by extension 'ros'
[1.110s] Level 1:colcon.colcon_core.package_identification:_identify(/home/shen/learn/ROS2/ws_livox) by extensions ['cmake', 'python']
[1.110s] Level 1:colcon.colcon_core.package_identification:_identify(/home/shen/learn/ROS2/ws_livox) by extension 'cmake'
[1.111s] Level 1:colcon.colcon_core.package_identification:_identify(/home/shen/learn/ROS2/ws_livox) by extension 'python'
[1.111s] Level 1:colcon.colcon_core.package_identification:_identify(/home/shen/learn/ROS2/ws_livox) by extensions ['python_setup_py']
[1.111s] Level 1:colcon.colcon_core.package_identification:_identify(/home/shen/learn/ROS2/ws_livox) by extension 'python_setup_py'
[1.111s] Level 1:colcon.colcon_core.package_identification:_identify(/home/shen/learn/ROS2/ws_livox/build) by extensions ['ignore', 'ignore_ament_install']
[1.111s] Level 1:colcon.colcon_core.package_identification:_identify(/home/shen/learn/ROS2/ws_livox/build) by extension 'ignore'
[1.111s] Level 1:colcon.colcon_core.package_identification:_identify(/home/shen/learn/ROS2/ws_livox/build) ignored
[1.112s] Level 1:colcon.colcon_core.package_identification:_identify(/home/shen/learn/ROS2/ws_livox/install) by extensions ['ignore', 'ignore_ament_install']
[1.112s] Level 1:colcon.colcon_core.package_identification:_identify(/home/shen/learn/ROS2/ws_livox/install) by extension 'ignore'
[1.112s] Level 1:colcon.colcon_core.package_identification:_identify(/home/shen/learn/ROS2/ws_livox/install) ignored
[1.112s] Level 1:colcon.colcon_core.package_identification:_identify(/home/shen/learn/ROS2/ws_livox/log) by extensions ['ignore', 'ignore_ament_install']
[1.112s] Level 1:colcon.colcon_core.package_identification:_identify(/home/shen/learn/ROS2/ws_livox/log) by extension 'ignore'
[1.112s] Level 1:colcon.colcon_core.package_identification:_identify(/home/shen/learn/ROS2/ws_livox/log) ignored
[1.112s] Level 1:colcon.colcon_core.package_identification:_identify(/home/shen/learn/ROS2/ws_livox/src) by extensions ['ignore', 'ignore_ament_install']
[1.113s] Level 1:colcon.colcon_core.package_identification:_identify(/home/shen/learn/ROS2/ws_livox/src) by extension 'ignore'
[1.113s] Level 1:colcon.colcon_core.package_identification:_identify(/home/shen/learn/ROS2/ws_livox/src) by extension 'ignore_ament_install'
[1.113s] Level 1:colcon.colcon_core.package_identification:_identify(/home/shen/learn/ROS2/ws_livox/src) by extensions ['colcon_pkg']
[1.113s] Level 1:colcon.colcon_core.package_identification:_identify(/home/shen/learn/ROS2/ws_livox/src) by extension 'colcon_pkg'
[1.113s] Level 1:colcon.colcon_core.package_identification:_identify(/home/shen/learn/ROS2/ws_livox/src) by extensions ['colcon_meta']
[1.113s] Level 1:colcon.colcon_core.package_identification:_identify(/home/shen/learn/ROS2/ws_livox/src) by extension 'colcon_meta'
[1.113s] Level 1:colcon.colcon_core.package_identification:_identify(/home/shen/learn/ROS2/ws_livox/src) by extensions ['ros']
[1.113s] Level 1:colcon.colcon_core.package_identification:_identify(/home/shen/learn/ROS2/ws_livox/src) by extension 'ros'
[1.113s] Level 1:colcon.colcon_core.package_identification:_identify(/home/shen/learn/ROS2/ws_livox/src) by extensions ['cmake', 'python']
[1.113s] Level 1:colcon.colcon_core.package_identification:_identify(/home/shen/learn/ROS2/ws_livox/src) by extension 'cmake'
[1.113s] Level 1:colcon.colcon_core.package_identification:_identify(/home/shen/learn/ROS2/ws_livox/src) by extension 'python'
[1.113s] Level 1:colcon.colcon_core.package_identification:_identify(/home/shen/learn/ROS2/ws_livox/src) by extensions ['python_setup_py']
[1.113s] Level 1:colcon.colcon_core.package_identification:_identify(/home/shen/learn/ROS2/ws_livox/src) by extension 'python_setup_py'
[1.113s] Level 1:colcon.colcon_core.package_identification:_identify(/home/shen/learn/ROS2/ws_livox/src/livox_ros_driver2) by extensions ['ignore', 'ignore_ament_install']
[1.113s] Level 1:colcon.colcon_core.package_identification:_identify(/home/shen/learn/ROS2/ws_livox/src/livox_ros_driver2) by extension 'ignore'
[1.113s] Level 1:colcon.colcon_core.package_identification:_identify(/home/shen/learn/ROS2/ws_livox/src/livox_ros_driver2) by extension 'ignore_ament_install'
[1.114s] Level 1:colcon.colcon_core.package_identification:_identify(/home/shen/learn/ROS2/ws_livox/src/livox_ros_driver2) by extensions ['colcon_pkg']
[1.114s] Level 1:colcon.colcon_core.package_identification:_identify(/home/shen/learn/ROS2/ws_livox/src/livox_ros_driver2) by extension 'colcon_pkg'
[1.114s] Level 1:colcon.colcon_core.package_identification:_identify(/home/shen/learn/ROS2/ws_livox/src/livox_ros_driver2) by extensions ['colcon_meta']
[1.114s] Level 1:colcon.colcon_core.package_identification:_identify(/home/shen/learn/ROS2/ws_livox/src/livox_ros_driver2) by extension 'colcon_meta'
[1.114s] Level 1:colcon.colcon_core.package_identification:_identify(/home/shen/learn/ROS2/ws_livox/src/livox_ros_driver2) by extensions ['ros']
[1.114s] Level 1:colcon.colcon_core.package_identification:_identify(/home/shen/learn/ROS2/ws_livox/src/livox_ros_driver2) by extension 'ros'
[1.118s] DEBUG:colcon.colcon_core.package_identification:Package '/home/shen/learn/ROS2/ws_livox/src/livox_ros_driver2' with type 'ros.ament_cmake' and name 'livox_ros_driver2'
[1.118s] Level 1:colcon.colcon_core.package_discovery:discover_packages(recursive) using defaults
