[35m[1mConsolidate compiler generated dependencies of target encoder_node[0m
[ 33%] [32mBuilding CXX object CMakeFiles/encoder_node.dir/src/encoder_node.cpp.o[0m
[ 66%] [32m[1mLinking CXX executable encoder_node[0m
[100%] Built target encoder_node
-- Install configuration: ""
-- Installing: /home/shen/learn/ROS2/encode_ws/install/h264_encode/lib/h264_encode/encoder_node
-- Set runtime path of "/home/shen/learn/ROS2/encode_ws/install/h264_encode/lib/h264_encode/encoder_node" to ""
-- Up-to-date: /home/shen/learn/ROS2/encode_ws/install/h264_encode/share/h264_encode/launch
-- Up-to-date: /home/shen/learn/ROS2/encode_ws/install/h264_encode/share/h264_encode/launch/encoder.launch.py
-- Up-to-date: /home/shen/learn/ROS2/encode_ws/install/h264_encode/share/ament_index/resource_index/package_run_dependencies/h264_encode
-- Up-to-date: /home/shen/learn/ROS2/encode_ws/install/h264_encode/share/ament_index/resource_index/parent_prefix_path/h264_encode
-- Up-to-date: /home/shen/learn/ROS2/encode_ws/install/h264_encode/share/h264_encode/environment/ament_prefix_path.sh
-- Up-to-date: /home/shen/learn/ROS2/encode_ws/install/h264_encode/share/h264_encode/environment/ament_prefix_path.dsv
-- Up-to-date: /home/shen/learn/ROS2/encode_ws/install/h264_encode/share/h264_encode/environment/path.sh
-- Up-to-date: /home/shen/learn/ROS2/encode_ws/install/h264_encode/share/h264_encode/environment/path.dsv
-- Up-to-date: /home/shen/learn/ROS2/encode_ws/install/h264_encode/share/h264_encode/local_setup.bash
-- Up-to-date: /home/shen/learn/ROS2/encode_ws/install/h264_encode/share/h264_encode/local_setup.sh
-- Up-to-date: /home/shen/learn/ROS2/encode_ws/install/h264_encode/share/h264_encode/local_setup.zsh
-- Up-to-date: /home/shen/learn/ROS2/encode_ws/install/h264_encode/share/h264_encode/local_setup.dsv
-- Installing: /home/shen/learn/ROS2/encode_ws/install/h264_encode/share/h264_encode/package.dsv
-- Up-to-date: /home/shen/learn/ROS2/encode_ws/install/h264_encode/share/ament_index/resource_index/packages/h264_encode
-- Up-to-date: /home/shen/learn/ROS2/encode_ws/install/h264_encode/share/h264_encode/cmake/h264_encodeConfig.cmake
-- Up-to-date: /home/shen/learn/ROS2/encode_ws/install/h264_encode/share/h264_encode/cmake/h264_encodeConfig-version.cmake
-- Up-to-date: /home/shen/learn/ROS2/encode_ws/install/h264_encode/share/h264_encode/package.xml
