[0.120s] Invoking command in '/home/shen/learn/ROS2/ars408_ws/build/ros2_socketcan': CMAKE_PREFIX_PATH=/home/shen/learn/ROS2/ars408_ws/install/ros2_socketcan_msgs:/home/shen/learn/ROS2/ars408_ws/install/pe_ars408_ros:/home/shen/learn/ROS2/ars408_ws/install/ros2_socketcan:/opt/ros/humble LD_LIBRARY_PATH=/home/shen/learn/ROS2/ars408_ws/install/ros2_socketcan_msgs/lib:/home/shen/learn/ROS2/ars408_ws/install/pe_ars408_ros/lib:/home/shen/learn/ROS2/ars408_ws/install/ros2_socketcan/lib:/usr/lib/x86_64-linux-gnu/gazebo-11/plugins:/opt/ros/humble/opt/rviz_ogre_vendor/lib:/opt/ros/humble/lib/x86_64-linux-gnu:/opt/ros/humble/lib /usr/bin/cmake --build /home/shen/learn/ROS2/ars408_ws/build/ros2_socketcan -- -j16 -l16
[0.167s] -- Found ament_cmake_auto: 1.3.6 (/opt/ros/humble/share/ament_cmake_auto/cmake)
[0.533s] -- Found rosidl_generator_c: 3.1.5 (/opt/ros/humble/share/rosidl_generator_c/cmake)
[0.536s] -- Found rosidl_adapter: 3.1.5 (/opt/ros/humble/share/rosidl_adapter/cmake)
[0.546s] -- Found rosidl_generator_cpp: 3.1.5 (/opt/ros/humble/share/rosidl_generator_cpp/cmake)
[0.561s] -- Using all available rosidl_typesupport_c: rosidl_typesupport_fastrtps_c;rosidl_typesupport_introspection_c
[0.582s] -- Using all available rosidl_typesupport_cpp: rosidl_typesupport_fastrtps_cpp;rosidl_typesupport_introspection_cpp
[0.673s] -- Found rmw_implementation_cmake: 6.1.1 (/opt/ros/humble/share/rmw_implementation_cmake/cmake)
[0.675s] -- Found rmw_cyclonedds_cpp: 1.3.4 (/opt/ros/humble/share/rmw_cyclonedds_cpp/cmake)
[0.720s] -- Using RMW implementation 'rmw_cyclonedds_cpp' as default
[1.193s] -- Found ament_lint_auto: 0.12.9 (/opt/ros/humble/share/ament_lint_auto/cmake)
[1.203s] -- Found gtest sources under '/opt/ros/humble/src/gtest_vendor': C++ tests using 'Google Test' will be built
[1.215s] -- Added test 'copyright' to check source files copyright and LICENSE
[1.221s] -- Added test 'cppcheck' to perform static code analysis on C / C++ code
[1.221s] -- Configured cppcheck include dirs: /home/shen/learn/ROS2/ars408_ws/src/ros2_socketcan/ros2_socketcan/include
[1.222s] -- Configured cppcheck exclude dirs and/or files: 
[1.227s] -- Added test 'cpplint' to check C / C++ code against the Google style
[1.227s] -- Configured cpplint exclude dirs and/or files: 
[1.228s] -- Added test 'flake8' to check Python code syntax and style conventions
[1.230s] -- Added test 'lint_cmake' to check CMake code style
[1.231s] -- Added test 'pep257' to check Python code against some of the docstring style conventions in PEP 257
[1.236s] -- Added test 'uncrustify' to check C / C++ code style
[1.237s] -- Configured uncrustify additional arguments: 
[1.238s] -- Added test 'xmllint' to check XML markup files
[1.242s] -- Configuring done
[1.314s] -- Generating done
[1.320s] -- Build files have been written to: /home/shen/learn/ROS2/ars408_ws/build/ros2_socketcan
[1.371s] [35m[1mConsolidate compiler generated dependencies of target gtest_main[0m
[1.371s] [35m[1mConsolidate compiler generated dependencies of target socket_can_receiver_node_exe[0m
[1.371s] [35m[1mConsolidate compiler generated dependencies of target socket_can_sender_node_exe[0m
[1.372s] [35m[1mConsolidate compiler generated dependencies of target ros2_socketcan[0m
[1.373s] [35m[1mConsolidate compiler generated dependencies of target gtest[0m
[1.417s] [  4%] [32mBuilding CXX object gtest/CMakeFiles/gtest.dir/src/gtest-all.cc.o[0m
[1.418s] [  9%] [32mBuilding CXX object gtest/CMakeFiles/gtest_main.dir/src/gtest_main.cc.o[0m
[1.430s] [ 19%] [32mBuilding CXX object CMakeFiles/socket_can_receiver_node_exe.dir/rclcpp_components/node_main_socket_can_receiver_node_exe.cpp.o[0m
[1.431s] [ 19%] [32mBuilding CXX object CMakeFiles/ros2_socketcan.dir/src/socket_can_common.cpp.o[0m
[1.433s] [ 23%] [32mBuilding CXX object CMakeFiles/ros2_socketcan.dir/src/socket_can_receiver.cpp.o[0m
[1.433s] [ 28%] [32mBuilding CXX object CMakeFiles/ros2_socketcan.dir/src/socket_can_id.cpp.o[0m
[1.439s] [ 38%] [32mBuilding CXX object CMakeFiles/socket_can_sender_node_exe.dir/rclcpp_components/node_main_socket_can_sender_node_exe.cpp.o[0m
[1.439s] [ 38%] [32mBuilding CXX object CMakeFiles/ros2_socketcan.dir/src/socket_can_sender.cpp.o[0m
[2.642s] [ 42%] [32m[1mLinking CXX shared library libros2_socketcan.so[0m
[2.891s] [ 47%] [32m[1mLinking CXX static library libgtest_main.a[0m
[3.078s] [ 47%] Built target gtest_main
[3.108s] [ 47%] Built target ros2_socketcan
[3.141s] [35m[1mConsolidate compiler generated dependencies of target socket_can_receiver_node[0m
[3.222s] [ 52%] [32mBuilding CXX object CMakeFiles/socket_can_receiver_node.dir/src/socket_can_receiver_node.cpp.o[0m
[7.466s] [ 57%] [32m[1mLinking CXX static library libgtest.a[0m
[7.493s] [ 61%] [32m[1mLinking CXX executable socket_can_receiver_node_exe[0m
[7.612s] [ 61%] Built target gtest
[7.635s] [35m[1mConsolidate compiler generated dependencies of target ros2_socketcan_test[0m
[7.677s] [ 66%] [32mBuilding CXX object CMakeFiles/ros2_socketcan_test.dir/test/gtest_main.cpp.o[0m
[7.682s] [ 76%] [32mBuilding CXX object CMakeFiles/ros2_socketcan_test.dir/test/receiver.cpp.o[0m
[7.682s] [ 76%] [32mBuilding CXX object CMakeFiles/ros2_socketcan_test.dir/test/sanity_checks.cpp.o[0m
[7.772s] [ 76%] Built target socket_can_receiver_node_exe
[8.178s] [ 80%] [32m[1mLinking CXX executable socket_can_sender_node_exe[0m
[8.504s] [ 80%] Built target socket_can_sender_node_exe
[10.103s] [ 85%] [32m[1mLinking CXX executable ros2_socketcan_test[0m
[10.446s] [ 85%] Built target ros2_socketcan_test
[11.760s] [ 90%] [32m[1mLinking CXX shared library libsocket_can_receiver_node.so[0m
[12.097s] [ 90%] Built target socket_can_receiver_node
[12.122s] [35m[1mConsolidate compiler generated dependencies of target socket_can_sender_node[0m
[12.188s] [ 95%] [32mBuilding CXX object CMakeFiles/socket_can_sender_node.dir/src/socket_can_sender_node.cpp.o[0m
[25.055s] [100%] [32m[1mLinking CXX shared library libsocket_can_sender_node.so[0m
[26.055s] [100%] Built target socket_can_sender_node
[26.076s] Invoked command in '/home/shen/learn/ROS2/ars408_ws/build/ros2_socketcan' returned '0': CMAKE_PREFIX_PATH=/home/shen/learn/ROS2/ars408_ws/install/ros2_socketcan_msgs:/home/shen/learn/ROS2/ars408_ws/install/pe_ars408_ros:/home/shen/learn/ROS2/ars408_ws/install/ros2_socketcan:/opt/ros/humble LD_LIBRARY_PATH=/home/shen/learn/ROS2/ars408_ws/install/ros2_socketcan_msgs/lib:/home/shen/learn/ROS2/ars408_ws/install/pe_ars408_ros/lib:/home/shen/learn/ROS2/ars408_ws/install/ros2_socketcan/lib:/usr/lib/x86_64-linux-gnu/gazebo-11/plugins:/opt/ros/humble/opt/rviz_ogre_vendor/lib:/opt/ros/humble/lib/x86_64-linux-gnu:/opt/ros/humble/lib /usr/bin/cmake --build /home/shen/learn/ROS2/ars408_ws/build/ros2_socketcan -- -j16 -l16
[26.192s] Invoking command in '/home/shen/learn/ROS2/ars408_ws/build/ros2_socketcan': CMAKE_PREFIX_PATH=/home/shen/learn/ROS2/ars408_ws/install/ros2_socketcan_msgs:/home/shen/learn/ROS2/ars408_ws/install/pe_ars408_ros:/home/shen/learn/ROS2/ars408_ws/install/ros2_socketcan:/opt/ros/humble LD_LIBRARY_PATH=/home/shen/learn/ROS2/ars408_ws/install/ros2_socketcan_msgs/lib:/home/shen/learn/ROS2/ars408_ws/install/pe_ars408_ros/lib:/home/shen/learn/ROS2/ars408_ws/install/ros2_socketcan/lib:/usr/lib/x86_64-linux-gnu/gazebo-11/plugins:/opt/ros/humble/opt/rviz_ogre_vendor/lib:/opt/ros/humble/lib/x86_64-linux-gnu:/opt/ros/humble/lib /usr/bin/cmake --install /home/shen/learn/ROS2/ars408_ws/build/ros2_socketcan
[26.207s] -- Install configuration: ""
[26.208s] -- Installing: /home/shen/learn/ROS2/ars408_ws/install/ros2_socketcan/lib/ros2_socketcan/socket_can_receiver_node_exe
[26.210s] -- Set runtime path of "/home/shen/learn/ROS2/ars408_ws/install/ros2_socketcan/lib/ros2_socketcan/socket_can_receiver_node_exe" to ""
[26.210s] -- Installing: /home/shen/learn/ROS2/ars408_ws/install/ros2_socketcan/lib/ros2_socketcan/socket_can_sender_node_exe
[26.212s] -- Set runtime path of "/home/shen/learn/ROS2/ars408_ws/install/ros2_socketcan/lib/ros2_socketcan/socket_can_sender_node_exe" to ""
[26.213s] -- Up-to-date: /home/shen/learn/ROS2/ars408_ws/install/ros2_socketcan/include
[26.213s] -- Up-to-date: /home/shen/learn/ROS2/ars408_ws/install/ros2_socketcan/include/ros2_socketcan
[26.213s] -- Up-to-date: /home/shen/learn/ROS2/ars408_ws/install/ros2_socketcan/include/ros2_socketcan/visibility_control.hpp
[26.213s] -- Up-to-date: /home/shen/learn/ROS2/ars408_ws/install/ros2_socketcan/include/ros2_socketcan/socket_can_common.hpp
[26.213s] -- Up-to-date: /home/shen/learn/ROS2/ars408_ws/install/ros2_socketcan/include/ros2_socketcan/socket_can_sender.hpp
[26.213s] -- Up-to-date: /home/shen/learn/ROS2/ars408_ws/install/ros2_socketcan/include/ros2_socketcan/socket_can_id.hpp
[26.213s] -- Up-to-date: /home/shen/learn/ROS2/ars408_ws/install/ros2_socketcan/include/ros2_socketcan/socket_can_receiver_node.hpp
[26.214s] -- Up-to-date: /home/shen/learn/ROS2/ars408_ws/install/ros2_socketcan/include/ros2_socketcan/socket_can_receiver.hpp
[26.214s] -- Up-to-date: /home/shen/learn/ROS2/ars408_ws/install/ros2_socketcan/include/ros2_socketcan/socket_can_sender_node.hpp
[26.214s] -- Up-to-date: /home/shen/learn/ROS2/ars408_ws/install/ros2_socketcan/share/ros2_socketcan/environment/library_path.sh
[26.214s] -- Installing: /home/shen/learn/ROS2/ars408_ws/install/ros2_socketcan/share/ros2_socketcan/environment/library_path.dsv
[26.214s] -- Installing: /home/shen/learn/ROS2/ars408_ws/install/ros2_socketcan/lib/libros2_socketcan.so
[26.216s] -- Set runtime path of "/home/shen/learn/ROS2/ars408_ws/install/ros2_socketcan/lib/libros2_socketcan.so" to ""
[26.217s] -- Installing: /home/shen/learn/ROS2/ars408_ws/install/ros2_socketcan/lib/libsocket_can_receiver_node.so
[26.225s] -- Set runtime path of "/home/shen/learn/ROS2/ars408_ws/install/ros2_socketcan/lib/libsocket_can_receiver_node.so" to ""
[26.225s] -- Installing: /home/shen/learn/ROS2/ars408_ws/install/ros2_socketcan/lib/libsocket_can_sender_node.so
[26.257s] -- Set runtime path of "/home/shen/learn/ROS2/ars408_ws/install/ros2_socketcan/lib/libsocket_can_sender_node.so" to ""
[26.258s] -- Up-to-date: /home/shen/learn/ROS2/ars408_ws/install/ros2_socketcan/share/ros2_socketcan/launch
[26.258s] -- Up-to-date: /home/shen/learn/ROS2/ars408_ws/install/ros2_socketcan/share/ros2_socketcan/launch/socket_can_bridge.launch.xml
[26.258s] -- Up-to-date: /home/shen/learn/ROS2/ars408_ws/install/ros2_socketcan/share/ros2_socketcan/launch/socket_can_receiver.launch.py
[26.258s] -- Installing: /home/shen/learn/ROS2/ars408_ws/install/ros2_socketcan/share/ros2_socketcan/launch/socket_can_sender.launch.py
[26.258s] -- Up-to-date: /home/shen/learn/ROS2/ars408_ws/install/ros2_socketcan/share/ament_index/resource_index/package_run_dependencies/ros2_socketcan
[26.258s] -- Installing: /home/shen/learn/ROS2/ars408_ws/install/ros2_socketcan/share/ament_index/resource_index/parent_prefix_path/ros2_socketcan
[26.259s] -- Up-to-date: /home/shen/learn/ROS2/ars408_ws/install/ros2_socketcan/share/ros2_socketcan/environment/ament_prefix_path.sh
[26.259s] -- Installing: /home/shen/learn/ROS2/ars408_ws/install/ros2_socketcan/share/ros2_socketcan/environment/ament_prefix_path.dsv
[26.259s] -- Up-to-date: /home/shen/learn/ROS2/ars408_ws/install/ros2_socketcan/share/ros2_socketcan/environment/path.sh
[26.260s] -- Installing: /home/shen/learn/ROS2/ars408_ws/install/ros2_socketcan/share/ros2_socketcan/environment/path.dsv
[26.260s] -- Up-to-date: /home/shen/learn/ROS2/ars408_ws/install/ros2_socketcan/share/ros2_socketcan/local_setup.bash
[26.260s] -- Up-to-date: /home/shen/learn/ROS2/ars408_ws/install/ros2_socketcan/share/ros2_socketcan/local_setup.sh
[26.260s] -- Up-to-date: /home/shen/learn/ROS2/ars408_ws/install/ros2_socketcan/share/ros2_socketcan/local_setup.zsh
[26.261s] -- Installing: /home/shen/learn/ROS2/ars408_ws/install/ros2_socketcan/share/ros2_socketcan/local_setup.dsv
[26.261s] -- Installing: /home/shen/learn/ROS2/ars408_ws/install/ros2_socketcan/share/ros2_socketcan/package.dsv
[26.261s] -- Up-to-date: /home/shen/learn/ROS2/ars408_ws/install/ros2_socketcan/share/ament_index/resource_index/packages/ros2_socketcan
[26.261s] -- Up-to-date: /home/shen/learn/ROS2/ars408_ws/install/ros2_socketcan/share/ament_index/resource_index/rclcpp_components/ros2_socketcan
[26.262s] -- Up-to-date: /home/shen/learn/ROS2/ars408_ws/install/ros2_socketcan/share/ros2_socketcan/cmake/ament_cmake_export_dependencies-extras.cmake
[26.262s] -- Up-to-date: /home/shen/learn/ROS2/ars408_ws/install/ros2_socketcan/share/ros2_socketcan/cmake/ament_cmake_export_include_directories-extras.cmake
[26.262s] -- Up-to-date: /home/shen/learn/ROS2/ars408_ws/install/ros2_socketcan/share/ros2_socketcan/cmake/ament_cmake_export_libraries-extras.cmake
[26.262s] -- Up-to-date: /home/shen/learn/ROS2/ars408_ws/install/ros2_socketcan/share/ros2_socketcan/cmake/ros2_socketcanConfig.cmake
[26.262s] -- Up-to-date: /home/shen/learn/ROS2/ars408_ws/install/ros2_socketcan/share/ros2_socketcan/cmake/ros2_socketcanConfig-version.cmake
[26.262s] -- Up-to-date: /home/shen/learn/ROS2/ars408_ws/install/ros2_socketcan/share/ros2_socketcan/package.xml
[26.266s] Invoked command in '/home/shen/learn/ROS2/ars408_ws/build/ros2_socketcan' returned '0': CMAKE_PREFIX_PATH=/home/shen/learn/ROS2/ars408_ws/install/ros2_socketcan_msgs:/home/shen/learn/ROS2/ars408_ws/install/pe_ars408_ros:/home/shen/learn/ROS2/ars408_ws/install/ros2_socketcan:/opt/ros/humble LD_LIBRARY_PATH=/home/shen/learn/ROS2/ars408_ws/install/ros2_socketcan_msgs/lib:/home/shen/learn/ROS2/ars408_ws/install/pe_ars408_ros/lib:/home/shen/learn/ROS2/ars408_ws/install/ros2_socketcan/lib:/usr/lib/x86_64-linux-gnu/gazebo-11/plugins:/opt/ros/humble/opt/rviz_ogre_vendor/lib:/opt/ros/humble/lib/x86_64-linux-gnu:/opt/ros/humble/lib /usr/bin/cmake --install /home/shen/learn/ROS2/ars408_ws/build/ros2_socketcan
