[0.963s] DEBUG:colcon:Command line arguments: ['/usr/bin/colcon', 'build', '--cmake-args', '-DROS_EDITION=ROS2', '-DHUMBLE_ROS=humble']
[0.963s] DEBUG:colcon:Parsed command line arguments: Namespace(log_base=None, log_level=None, verb_name='build', build_base='build', install_base='install', merge_install=False, symlink_install=False, test_result_base=None, continue_on_error=False, executor='parallel', parallel_workers=16, event_handlers=None, ignore_user_meta=False, metas=['./colcon.meta'], base_paths=['.'], packages_ignore=None, packages_ignore_regex=None, paths=None, packages_up_to=None, packages_up_to_regex=None, packages_above=None, packages_above_and_dependencies=None, packages_above_depth=None, packages_select_by_dep=None, packages_skip_by_dep=None, packages_skip_up_to=None, packages_select_build_failed=False, packages_skip_build_finished=False, packages_select_test_failures=False, packages_skip_test_passed=False, packages_select=None, packages_skip=None, packages_select_regex=None, packages_skip_regex=None, packages_start=None, packages_end=None, allow_overriding=[], cmake_args=['-DROS_EDITION=ROS2', '-DHUMBLE_ROS=humble'], cmake_target=None, cmake_target_skip_unavailable=False, cmake_clean_cache=False, cmake_clean_first=False, cmake_force_configure=False, ament_cmake_args=None, catkin_cmake_args=None, catkin_skip_building_tests=False, verb_parser=<colcon_defaults.argument_parser.defaults.DefaultArgumentsDecorator object at 0x79a631127700>, verb_extension=<colcon_core.verb.build.BuildVerb object at 0x79a6315d3b50>, main=<bound method BuildVerb.main of <colcon_core.verb.build.BuildVerb object at 0x79a6315d3b50>>)
[1.016s] Level 1:colcon.colcon_core.package_discovery:discover_packages(colcon_meta) check parameters
[1.016s] Level 1:colcon.colcon_core.package_discovery:discover_packages(recursive) check parameters
[1.016s] Level 1:colcon.colcon_core.package_discovery:discover_packages(ignore) check parameters
[1.016s] Level 1:colcon.colcon_core.package_discovery:discover_packages(path) check parameters
[1.016s] Level 1:colcon.colcon_core.package_discovery:discover_packages(colcon_meta) discover
[1.016s] Level 1:colcon.colcon_core.package_discovery:discover_packages(recursive) discover
[1.016s] INFO:colcon.colcon_core.package_discovery:Crawling recursively for packages in '/home/shen/learn/ROS2/ws_livox'
[1.016s] Level 1:colcon.colcon_core.package_identification:_identify(.) by extensions ['ignore', 'ignore_ament_install']
[1.017s] Level 1:colcon.colcon_core.package_identification:_identify(.) by extension 'ignore'
[1.017s] Level 1:colcon.colcon_core.package_identification:_identify(.) by extension 'ignore_ament_install'
[1.017s] Level 1:colcon.colcon_core.package_identification:_identify(.) by extensions ['colcon_pkg']
[1.017s] Level 1:colcon.colcon_core.package_identification:_identify(.) by extension 'colcon_pkg'
[1.017s] Level 1:colcon.colcon_core.package_identification:_identify(.) by extensions ['colcon_meta']
[1.017s] Level 1:colcon.colcon_core.package_identification:_identify(.) by extension 'colcon_meta'
[1.017s] Level 1:colcon.colcon_core.package_identification:_identify(.) by extensions ['ros']
[1.017s] Level 1:colcon.colcon_core.package_identification:_identify(.) by extension 'ros'
[1.029s] Level 1:colcon.colcon_core.package_identification:_identify(.) by extensions ['cmake', 'python']
[1.029s] Level 1:colcon.colcon_core.package_identification:_identify(.) by extension 'cmake'
[1.029s] Level 1:colcon.colcon_core.package_identification:_identify(.) by extension 'python'
[1.029s] Level 1:colcon.colcon_core.package_identification:_identify(.) by extensions ['python_setup_py']
[1.029s] Level 1:colcon.colcon_core.package_identification:_identify(.) by extension 'python_setup_py'
[1.029s] Level 1:colcon.colcon_core.package_identification:_identify(build) by extensions ['ignore', 'ignore_ament_install']
[1.029s] Level 1:colcon.colcon_core.package_identification:_identify(build) by extension 'ignore'
[1.029s] Level 1:colcon.colcon_core.package_identification:_identify(build) ignored
[1.030s] Level 1:colcon.colcon_core.package_identification:_identify(install) by extensions ['ignore', 'ignore_ament_install']
[1.030s] Level 1:colcon.colcon_core.package_identification:_identify(install) by extension 'ignore'
[1.030s] Level 1:colcon.colcon_core.package_identification:_identify(install) ignored
[1.030s] Level 1:colcon.colcon_core.package_identification:_identify(log) by extensions ['ignore', 'ignore_ament_install']
[1.030s] Level 1:colcon.colcon_core.package_identification:_identify(log) by extension 'ignore'
[1.030s] Level 1:colcon.colcon_core.package_identification:_identify(log) ignored
[1.030s] Level 1:colcon.colcon_core.package_identification:_identify(src) by extensions ['ignore', 'ignore_ament_install']
[1.030s] Level 1:colcon.colcon_core.package_identification:_identify(src) by extension 'ignore'
[1.030s] Level 1:colcon.colcon_core.package_identification:_identify(src) by extension 'ignore_ament_install'
[1.030s] Level 1:colcon.colcon_core.package_identification:_identify(src) by extensions ['colcon_pkg']
[1.030s] Level 1:colcon.colcon_core.package_identification:_identify(src) by extension 'colcon_pkg'
[1.030s] Level 1:colcon.colcon_core.package_identification:_identify(src) by extensions ['colcon_meta']
[1.030s] Level 1:colcon.colcon_core.package_identification:_identify(src) by extension 'colcon_meta'
[1.030s] Level 1:colcon.colcon_core.package_identification:_identify(src) by extensions ['ros']
[1.030s] Level 1:colcon.colcon_core.package_identification:_identify(src) by extension 'ros'
[1.031s] Level 1:colcon.colcon_core.package_identification:_identify(src) by extensions ['cmake', 'python']
[1.031s] Level 1:colcon.colcon_core.package_identification:_identify(src) by extension 'cmake'
[1.031s] Level 1:colcon.colcon_core.package_identification:_identify(src) by extension 'python'
[1.031s] Level 1:colcon.colcon_core.package_identification:_identify(src) by extensions ['python_setup_py']
[1.031s] Level 1:colcon.colcon_core.package_identification:_identify(src) by extension 'python_setup_py'
[1.031s] Level 1:colcon.colcon_core.package_identification:_identify(src/livox_ros_driver2) by extensions ['ignore', 'ignore_ament_install']
[1.031s] Level 1:colcon.colcon_core.package_identification:_identify(src/livox_ros_driver2) by extension 'ignore'
[1.031s] Level 1:colcon.colcon_core.package_identification:_identify(src/livox_ros_driver2) by extension 'ignore_ament_install'
[1.031s] Level 1:colcon.colcon_core.package_identification:_identify(src/livox_ros_driver2) by extensions ['colcon_pkg']
[1.031s] Level 1:colcon.colcon_core.package_identification:_identify(src/livox_ros_driver2) by extension 'colcon_pkg'
[1.031s] Level 1:colcon.colcon_core.package_identification:_identify(src/livox_ros_driver2) by extensions ['colcon_meta']
[1.031s] Level 1:colcon.colcon_core.package_identification:_identify(src/livox_ros_driver2) by extension 'colcon_meta'
[1.031s] Level 1:colcon.colcon_core.package_identification:_identify(src/livox_ros_driver2) by extensions ['ros']
[1.031s] Level 1:colcon.colcon_core.package_identification:_identify(src/livox_ros_driver2) by extension 'ros'
[1.035s] DEBUG:colcon.colcon_core.package_identification:Package 'src/livox_ros_driver2' with type 'ros.ament_cmake' and name 'livox_ros_driver2'
[1.035s] Level 1:colcon.colcon_core.package_discovery:discover_packages(recursive) using defaults
[1.035s] Level 1:colcon.colcon_core.package_discovery:discover_packages(ignore) discover
[1.035s] Level 1:colcon.colcon_core.package_discovery:discover_packages(ignore) using defaults
[1.035s] Level 1:colcon.colcon_core.package_discovery:discover_packages(path) discover
[1.035s] Level 1:colcon.colcon_core.package_discovery:discover_packages(path) using defaults
[1.134s] Level 1:colcon.colcon_core.package_discovery:discover_packages(prefix_path) check parameters
[1.134s] Level 1:colcon.colcon_core.package_discovery:discover_packages(prefix_path) discover
[1.149s] WARNING:colcon.colcon_ros.prefix_path.ament:The path '/home/shen/learn/ROS2/ws_livox/install/livox_ros_driver2' in the environment variable AMENT_PREFIX_PATH doesn't exist
[1.149s] WARNING:colcon.colcon_ros.prefix_path.catkin:The path '/home/shen/learn/ROS2/ws_livox/install/livox_ros_driver2' in the environment variable CMAKE_PREFIX_PATH doesn't exist
[1.163s] DEBUG:colcon.colcon_installed_package_information.package_discovery:Found 0 installed packages in /home/shen/learn/ROS2/ws_livox/install
[1.178s] DEBUG:colcon.colcon_installed_package_information.package_discovery:Found 349 installed packages in /opt/ros/humble
[1.180s] Level 1:colcon.colcon_core.package_discovery:discover_packages(prefix_path) using defaults
[1.279s] Level 5:colcon.colcon_core.verb:set package 'livox_ros_driver2' build argument 'cmake_args' from command line to '['-DROS_EDITION=ROS2', '-DHUMBLE_ROS=humble']'
[1.279s] Level 5:colcon.colcon_core.verb:set package 'livox_ros_driver2' build argument 'cmake_target' from command line to 'None'
[1.280s] Level 5:colcon.colcon_core.verb:set package 'livox_ros_driver2' build argument 'cmake_target_skip_unavailable' from command line to 'False'
[1.280s] Level 5:colcon.colcon_core.verb:set package 'livox_ros_driver2' build argument 'cmake_clean_cache' from command line to 'False'
[1.280s] Level 5:colcon.colcon_core.verb:set package 'livox_ros_driver2' build argument 'cmake_clean_first' from command line to 'False'
[1.280s] Level 5:colcon.colcon_core.verb:set package 'livox_ros_driver2' build argument 'cmake_force_configure' from command line to 'False'
[1.280s] Level 5:colcon.colcon_core.verb:set package 'livox_ros_driver2' build argument 'ament_cmake_args' from command line to 'None'
[1.280s] Level 5:colcon.colcon_core.verb:set package 'livox_ros_driver2' build argument 'catkin_cmake_args' from command line to 'None'
[1.280s] Level 5:colcon.colcon_core.verb:set package 'livox_ros_driver2' build argument 'catkin_skip_building_tests' from command line to 'False'
[1.280s] DEBUG:colcon.colcon_core.verb:Building package 'livox_ros_driver2' with the following arguments: {'ament_cmake_args': None, 'build_base': '/home/shen/learn/ROS2/ws_livox/build/livox_ros_driver2', 'catkin_cmake_args': None, 'catkin_skip_building_tests': False, 'cmake_args': ['-DROS_EDITION=ROS2', '-DHUMBLE_ROS=humble'], 'cmake_clean_cache': False, 'cmake_clean_first': False, 'cmake_force_configure': False, 'cmake_target': None, 'cmake_target_skip_unavailable': False, 'install_base': '/home/shen/learn/ROS2/ws_livox/install/livox_ros_driver2', 'merge_install': False, 'path': '/home/shen/learn/ROS2/ws_livox/src/livox_ros_driver2', 'symlink_install': False, 'test_result_base': None}
[1.293s] INFO:colcon.colcon_core.executor:Executing jobs using 'parallel' executor
[1.310s] DEBUG:colcon.colcon_parallel_executor.executor.parallel:run_until_complete
[1.310s] INFO:colcon.colcon_ros.task.ament_cmake.build:Building ROS package in '/home/shen/learn/ROS2/ws_livox/src/livox_ros_driver2' with build type 'ament_cmake'
[1.310s] INFO:colcon.colcon_cmake.task.cmake.build:Building CMake package in '/home/shen/learn/ROS2/ws_livox/src/livox_ros_driver2'
[1.336s] INFO:colcon.colcon_core.plugin_system:Skipping extension 'colcon_core.shell.bat': Not used on non-Windows systems
[1.336s] INFO:colcon.colcon_core.shell:Skip shell extension 'powershell' for command environment: Not usable outside of PowerShell
[1.336s] DEBUG:colcon.colcon_core.shell:Skip shell extension 'dsv' for command environment
[1.395s] DEBUG:colcon.colcon_core.event_handler.log_command:Invoking command in '/home/shen/learn/ROS2/ws_livox/build/livox_ros_driver2': CMAKE_PREFIX_PATH=${CMAKE_PREFIX_PATH}:/opt/ros/humble /usr/bin/cmake /home/shen/learn/ROS2/ws_livox/src/livox_ros_driver2 -DROS_EDITION=ROS2 -DHUMBLE_ROS=humble -DCMAKE_INSTALL_PREFIX=/home/shen/learn/ROS2/ws_livox/install/livox_ros_driver2
[8.067s] DEBUG:colcon.colcon_core.event_handler.log_command:Invoked command in '/home/shen/learn/ROS2/ws_livox/build/livox_ros_driver2' returned '0': CMAKE_PREFIX_PATH=${CMAKE_PREFIX_PATH}:/opt/ros/humble /usr/bin/cmake /home/shen/learn/ROS2/ws_livox/src/livox_ros_driver2 -DROS_EDITION=ROS2 -DHUMBLE_ROS=humble -DCMAKE_INSTALL_PREFIX=/home/shen/learn/ROS2/ws_livox/install/livox_ros_driver2
[8.071s] DEBUG:colcon.colcon_core.event_handler.log_command:Invoking command in '/home/shen/learn/ROS2/ws_livox/build/livox_ros_driver2': CMAKE_PREFIX_PATH=${CMAKE_PREFIX_PATH}:/opt/ros/humble /usr/bin/cmake --build /home/shen/learn/ROS2/ws_livox/build/livox_ros_driver2 -- -j16 -l16
[19.625s] DEBUG:colcon.colcon_core.event_handler.log_command:Invoked command in '/home/shen/learn/ROS2/ws_livox/build/livox_ros_driver2' returned '0': CMAKE_PREFIX_PATH=${CMAKE_PREFIX_PATH}:/opt/ros/humble /usr/bin/cmake --build /home/shen/learn/ROS2/ws_livox/build/livox_ros_driver2 -- -j16 -l16
[19.849s] DEBUG:colcon.colcon_core.event_handler.log_command:Invoking command in '/home/shen/learn/ROS2/ws_livox/build/livox_ros_driver2': CMAKE_PREFIX_PATH=${CMAKE_PREFIX_PATH}:/opt/ros/humble /usr/bin/cmake --install /home/shen/learn/ROS2/ws_livox/build/livox_ros_driver2
[20.022s] Level 1:colcon.colcon_core.environment:create_environment_scripts_only(livox_ros_driver2)
[20.023s] DEBUG:colcon.colcon_core.event_handler.log_command:Invoked command in '/home/shen/learn/ROS2/ws_livox/build/livox_ros_driver2' returned '0': CMAKE_PREFIX_PATH=${CMAKE_PREFIX_PATH}:/opt/ros/humble /usr/bin/cmake --install /home/shen/learn/ROS2/ws_livox/build/livox_ros_driver2
[20.060s] Level 1:colcon.colcon_core.environment:checking '/home/shen/learn/ROS2/ws_livox/install/livox_ros_driver2' for CMake module files
[20.060s] Level 1:colcon.colcon_core.environment:checking '/home/shen/learn/ROS2/ws_livox/install/livox_ros_driver2' for CMake config files
[20.061s] Level 1:colcon.colcon_core.shell:create_environment_hook('livox_ros_driver2', 'cmake_prefix_path')
[20.075s] INFO:colcon.colcon_core.shell:Creating environment hook '/home/shen/learn/ROS2/ws_livox/install/livox_ros_driver2/share/livox_ros_driver2/hook/cmake_prefix_path.ps1'
[20.076s] INFO:colcon.colcon_core.shell:Creating environment descriptor '/home/shen/learn/ROS2/ws_livox/install/livox_ros_driver2/share/livox_ros_driver2/hook/cmake_prefix_path.dsv'
[20.076s] INFO:colcon.colcon_core.shell:Creating environment hook '/home/shen/learn/ROS2/ws_livox/install/livox_ros_driver2/share/livox_ros_driver2/hook/cmake_prefix_path.sh'
[20.077s] Level 1:colcon.colcon_core.environment:checking '/home/shen/learn/ROS2/ws_livox/install/livox_ros_driver2/lib'
[20.077s] Level 1:colcon.colcon_core.shell:create_environment_hook('livox_ros_driver2', 'ld_library_path_lib')
[20.092s] INFO:colcon.colcon_core.shell:Creating environment hook '/home/shen/learn/ROS2/ws_livox/install/livox_ros_driver2/share/livox_ros_driver2/hook/ld_library_path_lib.ps1'
[20.093s] INFO:colcon.colcon_core.shell:Creating environment descriptor '/home/shen/learn/ROS2/ws_livox/install/livox_ros_driver2/share/livox_ros_driver2/hook/ld_library_path_lib.dsv'
[20.093s] INFO:colcon.colcon_core.shell:Creating environment hook '/home/shen/learn/ROS2/ws_livox/install/livox_ros_driver2/share/livox_ros_driver2/hook/ld_library_path_lib.sh'
[20.093s] Level 1:colcon.colcon_core.environment:checking '/home/shen/learn/ROS2/ws_livox/install/livox_ros_driver2/bin'
[20.093s] Level 1:colcon.colcon_core.environment:checking '/home/shen/learn/ROS2/ws_livox/install/livox_ros_driver2/lib/pkgconfig/livox_ros_driver2.pc'
[20.094s] Level 1:colcon.colcon_core.environment:checking '/home/shen/learn/ROS2/ws_livox/install/livox_ros_driver2/lib/python3.10/site-packages'
[20.094s] Level 1:colcon.colcon_core.environment:checking '/home/shen/learn/ROS2/ws_livox/install/livox_ros_driver2/bin'
[20.108s] INFO:colcon.colcon_core.shell:Creating package script '/home/shen/learn/ROS2/ws_livox/install/livox_ros_driver2/share/livox_ros_driver2/package.ps1'
[20.109s] INFO:colcon.colcon_core.shell:Creating package descriptor '/home/shen/learn/ROS2/ws_livox/install/livox_ros_driver2/share/livox_ros_driver2/package.dsv'
[20.110s] INFO:colcon.colcon_core.shell:Creating package script '/home/shen/learn/ROS2/ws_livox/install/livox_ros_driver2/share/livox_ros_driver2/package.sh'
[20.111s] INFO:colcon.colcon_core.shell:Creating package script '/home/shen/learn/ROS2/ws_livox/install/livox_ros_driver2/share/livox_ros_driver2/package.bash'
[20.111s] INFO:colcon.colcon_core.shell:Creating package script '/home/shen/learn/ROS2/ws_livox/install/livox_ros_driver2/share/livox_ros_driver2/package.zsh'
[20.113s] Level 1:colcon.colcon_core.environment:create_file_with_runtime_dependencies(/home/shen/learn/ROS2/ws_livox/install/livox_ros_driver2/share/colcon-core/packages/livox_ros_driver2)
[20.378s] Level 1:colcon.colcon_core.environment:create_environment_scripts_only(livox_ros_driver2)
[20.393s] Level 1:colcon.colcon_core.environment:checking '/home/shen/learn/ROS2/ws_livox/install/livox_ros_driver2' for CMake module files
[20.393s] Level 1:colcon.colcon_core.environment:checking '/home/shen/learn/ROS2/ws_livox/install/livox_ros_driver2' for CMake config files
[20.394s] Level 1:colcon.colcon_core.shell:create_environment_hook('livox_ros_driver2', 'cmake_prefix_path')
[20.408s] INFO:colcon.colcon_core.shell:Creating environment hook '/home/shen/learn/ROS2/ws_livox/install/livox_ros_driver2/share/livox_ros_driver2/hook/cmake_prefix_path.ps1'
[20.409s] INFO:colcon.colcon_core.shell:Creating environment descriptor '/home/shen/learn/ROS2/ws_livox/install/livox_ros_driver2/share/livox_ros_driver2/hook/cmake_prefix_path.dsv'
[20.409s] INFO:colcon.colcon_core.shell:Creating environment hook '/home/shen/learn/ROS2/ws_livox/install/livox_ros_driver2/share/livox_ros_driver2/hook/cmake_prefix_path.sh'
[20.410s] Level 1:colcon.colcon_core.environment:checking '/home/shen/learn/ROS2/ws_livox/install/livox_ros_driver2/lib'
[20.410s] Level 1:colcon.colcon_core.shell:create_environment_hook('livox_ros_driver2', 'ld_library_path_lib')
[20.425s] INFO:colcon.colcon_core.shell:Creating environment hook '/home/shen/learn/ROS2/ws_livox/install/livox_ros_driver2/share/livox_ros_driver2/hook/ld_library_path_lib.ps1'
[20.426s] INFO:colcon.colcon_core.shell:Creating environment descriptor '/home/shen/learn/ROS2/ws_livox/install/livox_ros_driver2/share/livox_ros_driver2/hook/ld_library_path_lib.dsv'
[20.426s] INFO:colcon.colcon_core.shell:Creating environment hook '/home/shen/learn/ROS2/ws_livox/install/livox_ros_driver2/share/livox_ros_driver2/hook/ld_library_path_lib.sh'
[20.426s] Level 1:colcon.colcon_core.environment:checking '/home/shen/learn/ROS2/ws_livox/install/livox_ros_driver2/bin'
[20.426s] Level 1:colcon.colcon_core.environment:checking '/home/shen/learn/ROS2/ws_livox/install/livox_ros_driver2/lib/pkgconfig/livox_ros_driver2.pc'
[20.426s] Level 1:colcon.colcon_core.environment:checking '/home/shen/learn/ROS2/ws_livox/install/livox_ros_driver2/lib/python3.10/site-packages'
[20.427s] Level 1:colcon.colcon_core.environment:checking '/home/shen/learn/ROS2/ws_livox/install/livox_ros_driver2/bin'
[20.442s] INFO:colcon.colcon_core.shell:Creating package script '/home/shen/learn/ROS2/ws_livox/install/livox_ros_driver2/share/livox_ros_driver2/package.ps1'
[20.443s] INFO:colcon.colcon_core.shell:Creating package descriptor '/home/shen/learn/ROS2/ws_livox/install/livox_ros_driver2/share/livox_ros_driver2/package.dsv'
[20.443s] INFO:colcon.colcon_core.shell:Creating package script '/home/shen/learn/ROS2/ws_livox/install/livox_ros_driver2/share/livox_ros_driver2/package.sh'
[20.444s] INFO:colcon.colcon_core.shell:Creating package script '/home/shen/learn/ROS2/ws_livox/install/livox_ros_driver2/share/livox_ros_driver2/package.bash'
[20.444s] INFO:colcon.colcon_core.shell:Creating package script '/home/shen/learn/ROS2/ws_livox/install/livox_ros_driver2/share/livox_ros_driver2/package.zsh'
[20.445s] Level 1:colcon.colcon_core.environment:create_file_with_runtime_dependencies(/home/shen/learn/ROS2/ws_livox/install/livox_ros_driver2/share/colcon-core/packages/livox_ros_driver2)
[20.445s] DEBUG:colcon.colcon_parallel_executor.executor.parallel:closing loop
[20.446s] DEBUG:colcon.colcon_parallel_executor.executor.parallel:loop closed
[20.446s] DEBUG:colcon.colcon_parallel_executor.executor.parallel:run_until_complete finished with '0'
[20.446s] DEBUG:colcon.colcon_core.event_reactor:joining thread
[20.468s] INFO:colcon.colcon_core.plugin_system:Skipping extension 'colcon_notification.desktop_notification.terminal_notifier': Not used on non-Darwin systems
[20.468s] INFO:colcon.colcon_core.plugin_system:Skipping extension 'colcon_notification.desktop_notification.win32': Not used on non-Windows systems
[20.468s] INFO:colcon.colcon_notification.desktop_notification:Sending desktop notification using 'notify2'
[20.491s] DEBUG:colcon.colcon_core.event_reactor:joined thread
[20.511s] INFO:colcon.colcon_core.shell:Creating prefix script '/home/shen/learn/ROS2/ws_livox/install/local_setup.ps1'
[20.513s] INFO:colcon.colcon_core.shell:Creating prefix util module '/home/shen/learn/ROS2/ws_livox/install/_local_setup_util_ps1.py'
[20.514s] INFO:colcon.colcon_core.shell:Creating prefix chain script '/home/shen/learn/ROS2/ws_livox/install/setup.ps1'
[20.532s] INFO:colcon.colcon_core.shell:Creating prefix script '/home/shen/learn/ROS2/ws_livox/install/local_setup.sh'
[20.533s] INFO:colcon.colcon_core.shell:Creating prefix util module '/home/shen/learn/ROS2/ws_livox/install/_local_setup_util_sh.py'
[20.533s] INFO:colcon.colcon_core.shell:Creating prefix chain script '/home/shen/learn/ROS2/ws_livox/install/setup.sh'
[20.551s] INFO:colcon.colcon_core.shell:Creating prefix script '/home/shen/learn/ROS2/ws_livox/install/local_setup.bash'
[20.551s] INFO:colcon.colcon_core.shell:Creating prefix chain script '/home/shen/learn/ROS2/ws_livox/install/setup.bash'
[20.567s] INFO:colcon.colcon_core.shell:Creating prefix script '/home/shen/learn/ROS2/ws_livox/install/local_setup.zsh'
[20.568s] INFO:colcon.colcon_core.shell:Creating prefix chain script '/home/shen/learn/ROS2/ws_livox/install/setup.zsh'
