-- The C compiler identification is GNU 11.4.0
-- The CXX compiler identification is GNU 11.4.0
-- Detecting C compiler ABI info
-- Detecting C compiler ABI info - done
-- Check for working C compiler: /usr/bin/cc - skipped
-- Detecting C compile features
-- Detecting C compile features - done
-- Detecting CXX compiler ABI info
-- Detecting CXX compiler ABI info - done
-- Check for working CXX compiler: /usr/bin/c++ - skipped
-- Detecting CXX compile features
-- Detecting CXX compile features - done
-- Found ament_cmake: 1.3.6 (/opt/ros/humble/share/ament_cmake/cmake)
-- Found Python3: /usr/bin/python3.10 (found version "3.10.12") found components: Interpreter 
-- Found rclcpp: 16.0.7 (/opt/ros/humble/share/rclcpp/cmake)
-- Found rosidl_generator_c: 3.1.5 (/opt/ros/humble/share/rosidl_generator_c/cmake)
-- Found rosidl_adapter: 3.1.5 (/opt/ros/humble/share/rosidl_adapter/cmake)
-- Found rosidl_generator_cpp: 3.1.5 (/opt/ros/humble/share/rosidl_generator_cpp/cmake)
-- Using all available rosidl_typesupport_c: rosidl_typesupport_fastrtps_c;rosidl_typesupport_introspection_c
-- Using all available rosidl_typesupport_cpp: rosidl_typesupport_fastrtps_cpp;rosidl_typesupport_introspection_cpp
-- Found rmw_implementation_cmake: 6.1.1 (/opt/ros/humble/share/rmw_implementation_cmake/cmake)
-- Found rmw_fastrtps_cpp: 6.2.5 (/opt/ros/humble/share/rmw_fastrtps_cpp/cmake)
-- Found OpenSSL: /usr/lib/x86_64-linux-gnu/libcrypto.so (found version "3.0.2")  
-- Found FastRTPS: /opt/ros/humble/include  
-- Using RMW implementation 'rmw_fastrtps_cpp' as default
-- Looking for pthread.h
-- Looking for pthread.h - found
-- Performing Test CMAKE_HAVE_LIBC_PTHREAD
-- Performing Test CMAKE_HAVE_LIBC_PTHREAD - Success
-- Found Threads: TRUE  
-- Found rosbag2_cpp: 0.15.8 (/opt/ros/humble/share/rosbag2_cpp/cmake)
-- Found can_msgs: 2.0.0 (/opt/ros/humble/share/can_msgs/cmake)
-- Found ament_lint_auto: 0.12.9 (/opt/ros/humble/share/ament_lint_auto/cmake)
-- Added test 'cppcheck' to perform static code analysis on C / C++ code
-- Configured cppcheck include dirs: 
-- Configured cppcheck exclude dirs and/or files: 
-- Added test 'flake8' to check Python code syntax and style conventions
-- Added test 'lint_cmake' to check CMake code style
-- Added test 'pep257' to check Python code against some of the docstring style conventions in PEP 257
-- Added test 'uncrustify' to check C / C++ code style
-- Configured uncrustify additional arguments: 
-- Added test 'xmllint' to check XML markup files
-- Configuring done
-- Generating done
-- Build files have been written to: /home/shen/learn/ROS2/build/my_record_utils
[ 50%] [32mBuilding CXX object CMakeFiles/topic_recorder.dir/src/topic_recorder.cpp.o[0m
[01m[K/home/shen/learn/ROS2/record_ws/src/my_record_utils/src/topic_recorder.cpp:[m[K In constructor ‘[01m[KTopicRecorder::TopicRecorder()[m[K’:
[01m[K/home/shen/learn/ROS2/record_ws/src/my_record_utils/src/topic_recorder.cpp:20:13:[m[K [01;31m[Kerror: [m[Koverloaded function with no contextual type information
   20 |     index = [01;31m[K0[m[K;
      |             [01;31m[K^[m[K
[01m[K/home/shen/learn/ROS2/record_ws/src/my_record_utils/src/topic_recorder.cpp:43:98:[m[K [01;31m[Kerror: [m[Kinvalid use of non-static member function ‘[01m[Kvoid TopicRecorder::can_msg_callback(std::shared_ptr<rclcpp::SerializedMessage>) const[m[K’
   43 |         auto subscription = this->create_subscription<can_msgs::msg::Frame>(topic_info.name, 10, [01;31m[Kcan_msg_callback[m[K);
      |                                                                                                  [01;31m[K^~~~~~~~~~~~~~~~[m[K
[01m[K/home/shen/learn/ROS2/record_ws/src/my_record_utils/src/topic_recorder.cpp:51:8:[m[K [01;36m[Knote: [m[Kdeclared here
   51 |   void [01;36m[Kcan_msg_callback[m[K(std::shared_ptr<rclcpp::SerializedMessage> msg) const
      |        [01;36m[K^~~~~~~~~~~~~~~~[m[K
gmake[2]: *** [CMakeFiles/topic_recorder.dir/build.make:76：CMakeFiles/topic_recorder.dir/src/topic_recorder.cpp.o] 错误 1
gmake[1]: *** [CMakeFiles/Makefile2:137：CMakeFiles/topic_recorder.dir/all] 错误 2
gmake: *** [Makefile:146：all] 错误 2
