[0.064s] Invoking command in '/home/shen/learn/ROS2/ethernet_ws/build/udp_driver': CMAKE_PREFIX_PATH=/home/shen/learn/ROS2/ethernet_ws/install/io_context:/home/shen/learn/ROS2/ethernet_ws/install/asio_cmake_module:/home/shen/learn/ROS2/ethernet_ws/install/udp_driver:/home/shen/learn/ROS2/ethernet_ws/install/serial_driver:/home/shen/learn/ROS2/ethernet_ws/install/my_ethernet_utils:/opt/ros/humble LD_LIBRARY_PATH=/home/shen/learn/ROS2/ethernet_ws/install/io_context/lib:/home/shen/learn/ROS2/ethernet_ws/install/udp_driver/lib:/home/shen/learn/ROS2/ethernet_ws/install/serial_driver/lib:/usr/lib/x86_64-linux-gnu/gazebo-11/plugins:/opt/ros/humble/opt/rviz_ogre_vendor/lib:/opt/ros/humble/lib/x86_64-linux-gnu:/opt/ros/humble/lib /usr/bin/cmake --build /home/shen/learn/ROS2/ethernet_ws/build/udp_driver -- -j16 -l16
[0.145s] [  8%] Built target udp_receiver_node_exe
[0.147s] [ 29%] Built target udp_sender_node_exe
[0.147s] [ 29%] Built target udp_driver
[0.152s] [ 37%] Built target gtest
[0.165s] [ 45%] Built target gtest_main
[0.205s] [ 58%] Built target udp_driver_nodes
[0.237s] [ 75%] Built target test_udp_driver
[0.237s] [ 75%] Built target udp_bridge_node_exe
[0.242s] [ 83%] Built target test_udp_socket
[0.243s] [ 91%] Built target test_udp_data
[0.261s] [100%] Built target test_udp_driver_nodes
[0.275s] Invoked command in '/home/shen/learn/ROS2/ethernet_ws/build/udp_driver' returned '0': CMAKE_PREFIX_PATH=/home/shen/learn/ROS2/ethernet_ws/install/io_context:/home/shen/learn/ROS2/ethernet_ws/install/asio_cmake_module:/home/shen/learn/ROS2/ethernet_ws/install/udp_driver:/home/shen/learn/ROS2/ethernet_ws/install/serial_driver:/home/shen/learn/ROS2/ethernet_ws/install/my_ethernet_utils:/opt/ros/humble LD_LIBRARY_PATH=/home/shen/learn/ROS2/ethernet_ws/install/io_context/lib:/home/shen/learn/ROS2/ethernet_ws/install/udp_driver/lib:/home/shen/learn/ROS2/ethernet_ws/install/serial_driver/lib:/usr/lib/x86_64-linux-gnu/gazebo-11/plugins:/opt/ros/humble/opt/rviz_ogre_vendor/lib:/opt/ros/humble/lib/x86_64-linux-gnu:/opt/ros/humble/lib /usr/bin/cmake --build /home/shen/learn/ROS2/ethernet_ws/build/udp_driver -- -j16 -l16
[0.372s] Invoking command in '/home/shen/learn/ROS2/ethernet_ws/build/udp_driver': CMAKE_PREFIX_PATH=/home/shen/learn/ROS2/ethernet_ws/install/io_context:/home/shen/learn/ROS2/ethernet_ws/install/asio_cmake_module:/home/shen/learn/ROS2/ethernet_ws/install/udp_driver:/home/shen/learn/ROS2/ethernet_ws/install/serial_driver:/home/shen/learn/ROS2/ethernet_ws/install/my_ethernet_utils:/opt/ros/humble LD_LIBRARY_PATH=/home/shen/learn/ROS2/ethernet_ws/install/io_context/lib:/home/shen/learn/ROS2/ethernet_ws/install/udp_driver/lib:/home/shen/learn/ROS2/ethernet_ws/install/serial_driver/lib:/usr/lib/x86_64-linux-gnu/gazebo-11/plugins:/opt/ros/humble/opt/rviz_ogre_vendor/lib:/opt/ros/humble/lib/x86_64-linux-gnu:/opt/ros/humble/lib /usr/bin/cmake --install /home/shen/learn/ROS2/ethernet_ws/build/udp_driver
[0.379s] -- Install configuration: ""
[0.380s] -- Up-to-date: /home/shen/learn/ROS2/ethernet_ws/install/udp_driver/lib/udp_driver/udp_receiver_node_exe
[0.380s] -- Up-to-date: /home/shen/learn/ROS2/ethernet_ws/install/udp_driver/lib/udp_driver/udp_sender_node_exe
[0.380s] -- Up-to-date: /home/shen/learn/ROS2/ethernet_ws/install/udp_driver/share/udp_driver//launch
[0.380s] -- Installing: /home/shen/learn/ROS2/ethernet_ws/install/udp_driver/share/udp_driver//launch/udp_bridge_node.launch.py
[0.381s] -- Up-to-date: /home/shen/learn/ROS2/ethernet_ws/install/udp_driver/include
[0.381s] -- Up-to-date: /home/shen/learn/ROS2/ethernet_ws/install/udp_driver/include/udp_driver
[0.381s] -- Up-to-date: /home/shen/learn/ROS2/ethernet_ws/install/udp_driver/include/udp_driver/udp_driver.hpp
[0.381s] -- Up-to-date: /home/shen/learn/ROS2/ethernet_ws/install/udp_driver/include/udp_driver/visibility_control.hpp
[0.381s] -- Up-to-date: /home/shen/learn/ROS2/ethernet_ws/install/udp_driver/include/udp_driver/udp_sender_node.hpp
[0.381s] -- Up-to-date: /home/shen/learn/ROS2/ethernet_ws/install/udp_driver/include/udp_driver/udp_receiver_node.hpp
[0.382s] -- Up-to-date: /home/shen/learn/ROS2/ethernet_ws/install/udp_driver/include/udp_driver/udp_socket.hpp
[0.382s] -- Up-to-date: /home/shen/learn/ROS2/ethernet_ws/install/udp_driver/share/udp_driver/environment/library_path.sh
[0.382s] -- Up-to-date: /home/shen/learn/ROS2/ethernet_ws/install/udp_driver/share/udp_driver/environment/library_path.dsv
[0.382s] -- Up-to-date: /home/shen/learn/ROS2/ethernet_ws/install/udp_driver/lib/libudp_driver.so
[0.382s] -- Up-to-date: /home/shen/learn/ROS2/ethernet_ws/install/udp_driver/lib/libudp_driver_nodes.so
[0.382s] -- Up-to-date: /home/shen/learn/ROS2/ethernet_ws/install/udp_driver/lib/udp_driver/udp_bridge_node_exe
[0.382s] -- Up-to-date: /home/shen/learn/ROS2/ethernet_ws/install/udp_driver/share/ament_index/resource_index/package_run_dependencies/udp_driver
[0.382s] -- Up-to-date: /home/shen/learn/ROS2/ethernet_ws/install/udp_driver/share/ament_index/resource_index/parent_prefix_path/udp_driver
[0.382s] -- Up-to-date: /home/shen/learn/ROS2/ethernet_ws/install/udp_driver/share/udp_driver/environment/ament_prefix_path.sh
[0.382s] -- Up-to-date: /home/shen/learn/ROS2/ethernet_ws/install/udp_driver/share/udp_driver/environment/ament_prefix_path.dsv
[0.382s] -- Up-to-date: /home/shen/learn/ROS2/ethernet_ws/install/udp_driver/share/udp_driver/environment/path.sh
[0.382s] -- Up-to-date: /home/shen/learn/ROS2/ethernet_ws/install/udp_driver/share/udp_driver/environment/path.dsv
[0.383s] -- Up-to-date: /home/shen/learn/ROS2/ethernet_ws/install/udp_driver/share/udp_driver/local_setup.bash
[0.383s] -- Up-to-date: /home/shen/learn/ROS2/ethernet_ws/install/udp_driver/share/udp_driver/local_setup.sh
[0.383s] -- Up-to-date: /home/shen/learn/ROS2/ethernet_ws/install/udp_driver/share/udp_driver/local_setup.zsh
[0.383s] -- Up-to-date: /home/shen/learn/ROS2/ethernet_ws/install/udp_driver/share/udp_driver/local_setup.dsv
[0.383s] -- Up-to-date: /home/shen/learn/ROS2/ethernet_ws/install/udp_driver/share/udp_driver/package.dsv
[0.383s] -- Up-to-date: /home/shen/learn/ROS2/ethernet_ws/install/udp_driver/share/ament_index/resource_index/packages/udp_driver
[0.383s] -- Up-to-date: /home/shen/learn/ROS2/ethernet_ws/install/udp_driver/share/ament_index/resource_index/rclcpp_components/udp_driver
[0.383s] -- Up-to-date: /home/shen/learn/ROS2/ethernet_ws/install/udp_driver/share/udp_driver/cmake/ament_cmake_export_dependencies-extras.cmake
[0.383s] -- Up-to-date: /home/shen/learn/ROS2/ethernet_ws/install/udp_driver/share/udp_driver/cmake/ament_cmake_export_include_directories-extras.cmake
[0.383s] -- Up-to-date: /home/shen/learn/ROS2/ethernet_ws/install/udp_driver/share/udp_driver/cmake/ament_cmake_export_libraries-extras.cmake
[0.384s] -- Up-to-date: /home/shen/learn/ROS2/ethernet_ws/install/udp_driver/share/udp_driver/cmake/udp_driverConfig.cmake
[0.384s] -- Up-to-date: /home/shen/learn/ROS2/ethernet_ws/install/udp_driver/share/udp_driver/cmake/udp_driverConfig-version.cmake
[0.384s] -- Up-to-date: /home/shen/learn/ROS2/ethernet_ws/install/udp_driver/share/udp_driver/package.xml
[0.384s] Invoked command in '/home/shen/learn/ROS2/ethernet_ws/build/udp_driver' returned '0': CMAKE_PREFIX_PATH=/home/shen/learn/ROS2/ethernet_ws/install/io_context:/home/shen/learn/ROS2/ethernet_ws/install/asio_cmake_module:/home/shen/learn/ROS2/ethernet_ws/install/udp_driver:/home/shen/learn/ROS2/ethernet_ws/install/serial_driver:/home/shen/learn/ROS2/ethernet_ws/install/my_ethernet_utils:/opt/ros/humble LD_LIBRARY_PATH=/home/shen/learn/ROS2/ethernet_ws/install/io_context/lib:/home/shen/learn/ROS2/ethernet_ws/install/udp_driver/lib:/home/shen/learn/ROS2/ethernet_ws/install/serial_driver/lib:/usr/lib/x86_64-linux-gnu/gazebo-11/plugins:/opt/ros/humble/opt/rviz_ogre_vendor/lib:/opt/ros/humble/lib/x86_64-linux-gnu:/opt/ros/humble/lib /usr/bin/cmake --install /home/shen/learn/ROS2/ethernet_ws/build/udp_driver
