[0.070s] Invoking command in '/home/shen/learn/ROS2/yaml_ws/build/read_yaml': CMAKE_PREFIX_PATH=${CMAKE_PREFIX_PATH}:/opt/ros/humble /usr/bin/cmake --build /home/shen/learn/ROS2/yaml_ws/build/read_yaml -- -j16 -l16
[0.146s] [35m[1mConsolidate compiler generated dependencies of target reader[0m
[0.189s] [ 50%] [32mBuilding CXX object CMakeFiles/reader.dir/src/reader.cpp.o[0m
[2.875s] [100%] [32m[1mLinking CXX executable reader[0m
[3.054s] [100%] Built target reader
[3.067s] Invoked command in '/home/shen/learn/ROS2/yaml_ws/build/read_yaml' returned '0': CMAKE_PREFIX_PATH=${CMAKE_PREFIX_PATH}:/opt/ros/humble /usr/bin/cmake --build /home/shen/learn/ROS2/yaml_ws/build/read_yaml -- -j16 -l16
[3.121s] Invoking command in '/home/shen/learn/ROS2/yaml_ws/build/read_yaml': CMAKE_PREFIX_PATH=${CMAKE_PREFIX_PATH}:/opt/ros/humble /usr/bin/cmake --install /home/shen/learn/ROS2/yaml_ws/build/read_yaml
[3.131s] -- Install configuration: ""
[3.132s] -- Installing: /home/shen/learn/ROS2/yaml_ws/install/read_yaml/lib/read_yaml/reader
[3.133s] -- Set runtime path of "/home/shen/learn/ROS2/yaml_ws/install/read_yaml/lib/read_yaml/reader" to ""
[3.134s] -- Up-to-date: /home/shen/learn/ROS2/yaml_ws/install/read_yaml/share/ament_index/resource_index/package_run_dependencies/read_yaml
[3.134s] -- Up-to-date: /home/shen/learn/ROS2/yaml_ws/install/read_yaml/share/ament_index/resource_index/parent_prefix_path/read_yaml
[3.134s] -- Up-to-date: /home/shen/learn/ROS2/yaml_ws/install/read_yaml/share/read_yaml/environment/ament_prefix_path.sh
[3.134s] -- Up-to-date: /home/shen/learn/ROS2/yaml_ws/install/read_yaml/share/read_yaml/environment/ament_prefix_path.dsv
[3.134s] -- Up-to-date: /home/shen/learn/ROS2/yaml_ws/install/read_yaml/share/read_yaml/environment/path.sh
[3.134s] -- Up-to-date: /home/shen/learn/ROS2/yaml_ws/install/read_yaml/share/read_yaml/environment/path.dsv
[3.134s] -- Up-to-date: /home/shen/learn/ROS2/yaml_ws/install/read_yaml/share/read_yaml/local_setup.bash
[3.134s] -- Up-to-date: /home/shen/learn/ROS2/yaml_ws/install/read_yaml/share/read_yaml/local_setup.sh
[3.135s] -- Up-to-date: /home/shen/learn/ROS2/yaml_ws/install/read_yaml/share/read_yaml/local_setup.zsh
[3.135s] -- Up-to-date: /home/shen/learn/ROS2/yaml_ws/install/read_yaml/share/read_yaml/local_setup.dsv
[3.135s] -- Installing: /home/shen/learn/ROS2/yaml_ws/install/read_yaml/share/read_yaml/package.dsv
[3.136s] -- Up-to-date: /home/shen/learn/ROS2/yaml_ws/install/read_yaml/share/ament_index/resource_index/packages/read_yaml
[3.136s] -- Up-to-date: /home/shen/learn/ROS2/yaml_ws/install/read_yaml/share/read_yaml/cmake/read_yamlConfig.cmake
[3.136s] -- Up-to-date: /home/shen/learn/ROS2/yaml_ws/install/read_yaml/share/read_yaml/cmake/read_yamlConfig-version.cmake
[3.136s] -- Up-to-date: /home/shen/learn/ROS2/yaml_ws/install/read_yaml/share/read_yaml/package.xml
[3.141s] Invoked command in '/home/shen/learn/ROS2/yaml_ws/build/read_yaml' returned '0': CMAKE_PREFIX_PATH=${CMAKE_PREFIX_PATH}:/opt/ros/humble /usr/bin/cmake --install /home/shen/learn/ROS2/yaml_ws/build/read_yaml
