[0.068s] Invoking command in '/home/shen/learn/ROS2/encode_ws/build/h264_encode': CMAKE_PREFIX_PATH=${CMAKE_PREFIX_PATH}:/opt/ros/humble /usr/bin/cmake --build /home/shen/learn/ROS2/encode_ws/build/h264_encode -- -j16 -l16
[0.126s] [35m[1mConsolidate compiler generated dependencies of target encoder_node[0m
[0.175s] [ 33%] [32mBuilding CXX object CMakeFiles/encoder_node.dir/src/encoder_node.cpp.o[0m
[5.783s] [01m[K/home/shen/learn/ROS2/encode_ws/src/h264_encode/src/encoder_node.cpp:[m[K In member function ‘[01m[Kvoid H264Encoder::callback(sensor_msgs::msg::Image_<std::allocator<void> >::SharedPtr)[m[K’:
[5.783s] [01m[K/home/shen/learn/ROS2/encode_ws/src/h264_encode/src/encoder_node.cpp:54:22:[m[K [01;35m[Kwarning: [m[K‘[01m[Kvoid free(void*)[m[K’ called on unallocated object ‘[01m[Kpkt[m[K’ [[01;35m[K]8;;https://gcc.gnu.org/onlinedocs/gcc/Warning-Options.html#index-Wfree-nonheap-object-Wfree-nonheap-object]8;;[m[K]
[5.783s]    54 |             [01;35m[Kstd::free(&pkt)[m[K;
[5.784s]       |             [01;35m[K~~~~~~~~~^~~~~~[m[K
[5.784s] [01m[K/home/shen/learn/ROS2/encode_ws/src/h264_encode/src/encoder_node.cpp:45:23:[m[K [01;36m[Knote: [m[Kdeclared here
[5.784s]    45 |             AVPacket *[01;36m[Kpkt[m[K = h264_.encode(bgr);
[5.784s]       |                       [01;36m[K^~~[m[K
[8.480s] [ 66%] [32m[1mLinking CXX executable encoder_node[0m
[9.473s] [100%] Built target encoder_node
[9.486s] Invoked command in '/home/shen/learn/ROS2/encode_ws/build/h264_encode' returned '0': CMAKE_PREFIX_PATH=${CMAKE_PREFIX_PATH}:/opt/ros/humble /usr/bin/cmake --build /home/shen/learn/ROS2/encode_ws/build/h264_encode -- -j16 -l16
[9.534s] Invoking command in '/home/shen/learn/ROS2/encode_ws/build/h264_encode': CMAKE_PREFIX_PATH=${CMAKE_PREFIX_PATH}:/opt/ros/humble /usr/bin/cmake --install /home/shen/learn/ROS2/encode_ws/build/h264_encode
[9.544s] -- Install configuration: ""
[9.544s] -- Installing: /home/shen/learn/ROS2/encode_ws/install/h264_encode/lib/h264_encode/encoder_node
[9.551s] -- Set runtime path of "/home/shen/learn/ROS2/encode_ws/install/h264_encode/lib/h264_encode/encoder_node" to ""
[9.552s] -- Up-to-date: /home/shen/learn/ROS2/encode_ws/install/h264_encode/share/h264_encode/launch
[9.552s] -- Up-to-date: /home/shen/learn/ROS2/encode_ws/install/h264_encode/share/h264_encode/launch/encoder.launch.py
[9.552s] -- Up-to-date: /home/shen/learn/ROS2/encode_ws/install/h264_encode/share/ament_index/resource_index/package_run_dependencies/h264_encode
[9.552s] -- Up-to-date: /home/shen/learn/ROS2/encode_ws/install/h264_encode/share/ament_index/resource_index/parent_prefix_path/h264_encode
[9.552s] -- Up-to-date: /home/shen/learn/ROS2/encode_ws/install/h264_encode/share/h264_encode/environment/ament_prefix_path.sh
[9.553s] -- Up-to-date: /home/shen/learn/ROS2/encode_ws/install/h264_encode/share/h264_encode/environment/ament_prefix_path.dsv
[9.553s] -- Up-to-date: /home/shen/learn/ROS2/encode_ws/install/h264_encode/share/h264_encode/environment/path.sh
[9.553s] -- Up-to-date: /home/shen/learn/ROS2/encode_ws/install/h264_encode/share/h264_encode/environment/path.dsv
[9.553s] -- Up-to-date: /home/shen/learn/ROS2/encode_ws/install/h264_encode/share/h264_encode/local_setup.bash
[9.553s] -- Up-to-date: /home/shen/learn/ROS2/encode_ws/install/h264_encode/share/h264_encode/local_setup.sh
[9.553s] -- Up-to-date: /home/shen/learn/ROS2/encode_ws/install/h264_encode/share/h264_encode/local_setup.zsh
[9.554s] -- Up-to-date: /home/shen/learn/ROS2/encode_ws/install/h264_encode/share/h264_encode/local_setup.dsv
[9.555s] -- Installing: /home/shen/learn/ROS2/encode_ws/install/h264_encode/share/h264_encode/package.dsv
[9.556s] -- Up-to-date: /home/shen/learn/ROS2/encode_ws/install/h264_encode/share/ament_index/resource_index/packages/h264_encode
[9.556s] -- Up-to-date: /home/shen/learn/ROS2/encode_ws/install/h264_encode/share/h264_encode/cmake/h264_encodeConfig.cmake
[9.556s] -- Up-to-date: /home/shen/learn/ROS2/encode_ws/install/h264_encode/share/h264_encode/cmake/h264_encodeConfig-version.cmake
[9.557s] -- Up-to-date: /home/shen/learn/ROS2/encode_ws/install/h264_encode/share/h264_encode/package.xml
[9.557s] Invoked command in '/home/shen/learn/ROS2/encode_ws/build/h264_encode' returned '0': CMAKE_PREFIX_PATH=${CMAKE_PREFIX_PATH}:/opt/ros/humble /usr/bin/cmake --install /home/shen/learn/ROS2/encode_ws/build/h264_encode
