[1.031s] DEBUG:colcon:Command line arguments: ['/usr/bin/colcon', 'build']
[1.031s] DEBUG:colcon:Parsed command line arguments: Namespace(log_base=None, log_level=None, verb_name='build', build_base='build', install_base='install', merge_install=False, symlink_install=False, test_result_base=None, continue_on_error=False, executor='parallel', parallel_workers=16, event_handlers=None, ignore_user_meta=False, metas=['./colcon.meta'], base_paths=['.'], packages_ignore=None, packages_ignore_regex=None, paths=None, packages_up_to=None, packages_up_to_regex=None, packages_above=None, packages_above_and_dependencies=None, packages_above_depth=None, packages_select_by_dep=None, packages_skip_by_dep=None, packages_skip_up_to=None, packages_select_build_failed=False, packages_skip_build_finished=False, packages_select_test_failures=False, packages_skip_test_passed=False, packages_select=None, packages_skip=None, packages_select_regex=None, packages_skip_regex=None, packages_start=None, packages_end=None, allow_overriding=[], cmake_args=None, cmake_target=None, cmake_target_skip_unavailable=False, cmake_clean_cache=False, cmake_clean_first=False, cmake_force_configure=False, ament_cmake_args=None, catkin_cmake_args=None, catkin_skip_building_tests=False, verb_parser=<colcon_defaults.argument_parser.defaults.DefaultArgumentsDecorator object at 0x7ce4892778e0>, verb_extension=<colcon_core.verb.build.BuildVerb object at 0x7ce4896df8e0>, main=<bound method BuildVerb.main of <colcon_core.verb.build.BuildVerb object at 0x7ce4896df8e0>>)
[1.076s] Level 1:colcon.colcon_core.package_discovery:discover_packages(colcon_meta) check parameters
[1.076s] Level 1:colcon.colcon_core.package_discovery:discover_packages(recursive) check parameters
[1.076s] Level 1:colcon.colcon_core.package_discovery:discover_packages(ignore) check parameters
[1.076s] Level 1:colcon.colcon_core.package_discovery:discover_packages(path) check parameters
[1.077s] Level 1:colcon.colcon_core.package_discovery:discover_packages(colcon_meta) discover
[1.077s] Level 1:colcon.colcon_core.package_discovery:discover_packages(recursive) discover
[1.077s] INFO:colcon.colcon_core.package_discovery:Crawling recursively for packages in '/home/shen/learn/ROS2/enet_driver_ws'
[1.077s] Level 1:colcon.colcon_core.package_identification:_identify(.) by extensions ['ignore', 'ignore_ament_install']
[1.077s] Level 1:colcon.colcon_core.package_identification:_identify(.) by extension 'ignore'
[1.077s] Level 1:colcon.colcon_core.package_identification:_identify(.) by extension 'ignore_ament_install'
[1.077s] Level 1:colcon.colcon_core.package_identification:_identify(.) by extensions ['colcon_pkg']
[1.077s] Level 1:colcon.colcon_core.package_identification:_identify(.) by extension 'colcon_pkg'
[1.077s] Level 1:colcon.colcon_core.package_identification:_identify(.) by extensions ['colcon_meta']
[1.077s] Level 1:colcon.colcon_core.package_identification:_identify(.) by extension 'colcon_meta'
[1.077s] Level 1:colcon.colcon_core.package_identification:_identify(.) by extensions ['ros']
[1.077s] Level 1:colcon.colcon_core.package_identification:_identify(.) by extension 'ros'
[1.088s] Level 1:colcon.colcon_core.package_identification:_identify(.) by extensions ['cmake', 'python']
[1.088s] Level 1:colcon.colcon_core.package_identification:_identify(.) by extension 'cmake'
[1.088s] Level 1:colcon.colcon_core.package_identification:_identify(.) by extension 'python'
[1.088s] Level 1:colcon.colcon_core.package_identification:_identify(.) by extensions ['python_setup_py']
[1.088s] Level 1:colcon.colcon_core.package_identification:_identify(.) by extension 'python_setup_py'
[1.088s] Level 1:colcon.colcon_core.package_identification:_identify(build) by extensions ['ignore', 'ignore_ament_install']
[1.088s] Level 1:colcon.colcon_core.package_identification:_identify(build) by extension 'ignore'
[1.088s] Level 1:colcon.colcon_core.package_identification:_identify(build) ignored
[1.089s] Level 1:colcon.colcon_core.package_identification:_identify(install) by extensions ['ignore', 'ignore_ament_install']
[1.089s] Level 1:colcon.colcon_core.package_identification:_identify(install) by extension 'ignore'
[1.089s] Level 1:colcon.colcon_core.package_identification:_identify(install) ignored
[1.089s] Level 1:colcon.colcon_core.package_identification:_identify(log) by extensions ['ignore', 'ignore_ament_install']
[1.089s] Level 1:colcon.colcon_core.package_identification:_identify(log) by extension 'ignore'
[1.089s] Level 1:colcon.colcon_core.package_identification:_identify(log) ignored
[1.089s] Level 1:colcon.colcon_core.package_identification:_identify(src) by extensions ['ignore', 'ignore_ament_install']
[1.089s] Level 1:colcon.colcon_core.package_identification:_identify(src) by extension 'ignore'
[1.089s] Level 1:colcon.colcon_core.package_identification:_identify(src) by extension 'ignore_ament_install'
[1.089s] Level 1:colcon.colcon_core.package_identification:_identify(src) by extensions ['colcon_pkg']
[1.089s] Level 1:colcon.colcon_core.package_identification:_identify(src) by extension 'colcon_pkg'
[1.089s] Level 1:colcon.colcon_core.package_identification:_identify(src) by extensions ['colcon_meta']
[1.089s] Level 1:colcon.colcon_core.package_identification:_identify(src) by extension 'colcon_meta'
[1.090s] Level 1:colcon.colcon_core.package_identification:_identify(src) by extensions ['ros']
[1.090s] Level 1:colcon.colcon_core.package_identification:_identify(src) by extension 'ros'
[1.090s] Level 1:colcon.colcon_core.package_identification:_identify(src) by extensions ['cmake', 'python']
[1.090s] Level 1:colcon.colcon_core.package_identification:_identify(src) by extension 'cmake'
[1.090s] Level 1:colcon.colcon_core.package_identification:_identify(src) by extension 'python'
[1.090s] Level 1:colcon.colcon_core.package_identification:_identify(src) by extensions ['python_setup_py']
[1.090s] Level 1:colcon.colcon_core.package_identification:_identify(src) by extension 'python_setup_py'
[1.090s] Level 1:colcon.colcon_core.package_identification:_identify(src/enet_receiver_node) by extensions ['ignore', 'ignore_ament_install']
[1.090s] Level 1:colcon.colcon_core.package_identification:_identify(src/enet_receiver_node) by extension 'ignore'
[1.090s] Level 1:colcon.colcon_core.package_identification:_identify(src/enet_receiver_node) by extension 'ignore_ament_install'
[1.090s] Level 1:colcon.colcon_core.package_identification:_identify(src/enet_receiver_node) by extensions ['colcon_pkg']
[1.090s] Level 1:colcon.colcon_core.package_identification:_identify(src/enet_receiver_node) by extension 'colcon_pkg'
[1.090s] Level 1:colcon.colcon_core.package_identification:_identify(src/enet_receiver_node) by extensions ['colcon_meta']
[1.090s] Level 1:colcon.colcon_core.package_identification:_identify(src/enet_receiver_node) by extension 'colcon_meta'
[1.090s] Level 1:colcon.colcon_core.package_identification:_identify(src/enet_receiver_node) by extensions ['ros']
[1.090s] Level 1:colcon.colcon_core.package_identification:_identify(src/enet_receiver_node) by extension 'ros'
[1.093s] DEBUG:colcon.colcon_core.package_identification:Package 'src/enet_receiver_node' with type 'ros.ament_cmake' and name 'enet_receiver_node'
[1.093s] Level 1:colcon.colcon_core.package_identification:_identify(src/enet_sender_node) by extensions ['ignore', 'ignore_ament_install']
[1.093s] Level 1:colcon.colcon_core.package_identification:_identify(src/enet_sender_node) by extension 'ignore'
[1.093s] Level 1:colcon.colcon_core.package_identification:_identify(src/enet_sender_node) by extension 'ignore_ament_install'
[1.093s] Level 1:colcon.colcon_core.package_identification:_identify(src/enet_sender_node) by extensions ['colcon_pkg']
[1.093s] Level 1:colcon.colcon_core.package_identification:_identify(src/enet_sender_node) by extension 'colcon_pkg'
[1.093s] Level 1:colcon.colcon_core.package_identification:_identify(src/enet_sender_node) by extensions ['colcon_meta']
[1.093s] Level 1:colcon.colcon_core.package_identification:_identify(src/enet_sender_node) by extension 'colcon_meta'
[1.093s] Level 1:colcon.colcon_core.package_identification:_identify(src/enet_sender_node) by extensions ['ros']
[1.093s] Level 1:colcon.colcon_core.package_identification:_identify(src/enet_sender_node) by extension 'ros'
[1.094s] DEBUG:colcon.colcon_core.package_identification:Package 'src/enet_sender_node' with type 'ros.ament_cmake' and name 'enet_sender_node'
[1.094s] Level 1:colcon.colcon_core.package_discovery:discover_packages(recursive) using defaults
[1.094s] Level 1:colcon.colcon_core.package_discovery:discover_packages(ignore) discover
[1.094s] Level 1:colcon.colcon_core.package_discovery:discover_packages(ignore) using defaults
[1.094s] Level 1:colcon.colcon_core.package_discovery:discover_packages(path) discover
[1.094s] Level 1:colcon.colcon_core.package_discovery:discover_packages(path) using defaults
[1.182s] Level 1:colcon.colcon_core.package_discovery:discover_packages(prefix_path) check parameters
[1.182s] Level 1:colcon.colcon_core.package_discovery:discover_packages(prefix_path) discover
[1.213s] DEBUG:colcon.colcon_installed_package_information.package_discovery:Found 2 installed packages in /home/shen/learn/ROS2/enet_driver_ws/install
[1.230s] DEBUG:colcon.colcon_installed_package_information.package_discovery:Found 349 installed packages in /opt/ros/humble
[1.231s] Level 1:colcon.colcon_core.package_discovery:discover_packages(prefix_path) using defaults
[1.335s] Level 5:colcon.colcon_core.verb:set package 'enet_receiver_node' build argument 'cmake_args' from command line to 'None'
[1.335s] Level 5:colcon.colcon_core.verb:set package 'enet_receiver_node' build argument 'cmake_target' from command line to 'None'
[1.335s] Level 5:colcon.colcon_core.verb:set package 'enet_receiver_node' build argument 'cmake_target_skip_unavailable' from command line to 'False'
[1.335s] Level 5:colcon.colcon_core.verb:set package 'enet_receiver_node' build argument 'cmake_clean_cache' from command line to 'False'
[1.335s] Level 5:colcon.colcon_core.verb:set package 'enet_receiver_node' build argument 'cmake_clean_first' from command line to 'False'
[1.335s] Level 5:colcon.colcon_core.verb:set package 'enet_receiver_node' build argument 'cmake_force_configure' from command line to 'False'
[1.335s] Level 5:colcon.colcon_core.verb:set package 'enet_receiver_node' build argument 'ament_cmake_args' from command line to 'None'
[1.335s] Level 5:colcon.colcon_core.verb:set package 'enet_receiver_node' build argument 'catkin_cmake_args' from command line to 'None'
[1.335s] Level 5:colcon.colcon_core.verb:set package 'enet_receiver_node' build argument 'catkin_skip_building_tests' from command line to 'False'
[1.336s] DEBUG:colcon.colcon_core.verb:Building package 'enet_receiver_node' with the following arguments: {'ament_cmake_args': None, 'build_base': '/home/shen/learn/ROS2/enet_driver_ws/build/enet_receiver_node', 'catkin_cmake_args': None, 'catkin_skip_building_tests': False, 'cmake_args': None, 'cmake_clean_cache': False, 'cmake_clean_first': False, 'cmake_force_configure': False, 'cmake_target': None, 'cmake_target_skip_unavailable': False, 'install_base': '/home/shen/learn/ROS2/enet_driver_ws/install/enet_receiver_node', 'merge_install': False, 'path': '/home/shen/learn/ROS2/enet_driver_ws/src/enet_receiver_node', 'symlink_install': False, 'test_result_base': None}
[1.350s] Level 5:colcon.colcon_core.verb:set package 'enet_sender_node' build argument 'cmake_args' from command line to 'None'
[1.350s] Level 5:colcon.colcon_core.verb:set package 'enet_sender_node' build argument 'cmake_target' from command line to 'None'
[1.350s] Level 5:colcon.colcon_core.verb:set package 'enet_sender_node' build argument 'cmake_target_skip_unavailable' from command line to 'False'
[1.350s] Level 5:colcon.colcon_core.verb:set package 'enet_sender_node' build argument 'cmake_clean_cache' from command line to 'False'
[1.350s] Level 5:colcon.colcon_core.verb:set package 'enet_sender_node' build argument 'cmake_clean_first' from command line to 'False'
[1.350s] Level 5:colcon.colcon_core.verb:set package 'enet_sender_node' build argument 'cmake_force_configure' from command line to 'False'
[1.350s] Level 5:colcon.colcon_core.verb:set package 'enet_sender_node' build argument 'ament_cmake_args' from command line to 'None'
[1.350s] Level 5:colcon.colcon_core.verb:set package 'enet_sender_node' build argument 'catkin_cmake_args' from command line to 'None'
[1.350s] Level 5:colcon.colcon_core.verb:set package 'enet_sender_node' build argument 'catkin_skip_building_tests' from command line to 'False'
[1.350s] DEBUG:colcon.colcon_core.verb:Building package 'enet_sender_node' with the following arguments: {'ament_cmake_args': None, 'build_base': '/home/shen/learn/ROS2/enet_driver_ws/build/enet_sender_node', 'catkin_cmake_args': None, 'catkin_skip_building_tests': False, 'cmake_args': None, 'cmake_clean_cache': False, 'cmake_clean_first': False, 'cmake_force_configure': False, 'cmake_target': None, 'cmake_target_skip_unavailable': False, 'install_base': '/home/shen/learn/ROS2/enet_driver_ws/install/enet_sender_node', 'merge_install': False, 'path': '/home/shen/learn/ROS2/enet_driver_ws/src/enet_sender_node', 'symlink_install': False, 'test_result_base': None}
[1.364s] INFO:colcon.colcon_core.executor:Executing jobs using 'parallel' executor
[1.380s] DEBUG:colcon.colcon_parallel_executor.executor.parallel:run_until_complete
[1.380s] INFO:colcon.colcon_ros.task.ament_cmake.build:Building ROS package in '/home/shen/learn/ROS2/enet_driver_ws/src/enet_receiver_node' with build type 'ament_cmake'
[1.380s] INFO:colcon.colcon_cmake.task.cmake.build:Building CMake package in '/home/shen/learn/ROS2/enet_driver_ws/src/enet_receiver_node'
[1.398s] INFO:colcon.colcon_core.plugin_system:Skipping extension 'colcon_core.shell.bat': Not used on non-Windows systems
[1.399s] INFO:colcon.colcon_core.shell:Skip shell extension 'powershell' for command environment: Not usable outside of PowerShell
[1.399s] DEBUG:colcon.colcon_core.shell:Skip shell extension 'dsv' for command environment
[1.449s] INFO:colcon.colcon_ros.task.ament_cmake.build:Building ROS package in '/home/shen/learn/ROS2/enet_driver_ws/src/enet_sender_node' with build type 'ament_cmake'
[1.449s] INFO:colcon.colcon_cmake.task.cmake.build:Building CMake package in '/home/shen/learn/ROS2/enet_driver_ws/src/enet_sender_node'
[1.465s] INFO:colcon.colcon_core.shell:Skip shell extension 'powershell' for command environment: Not usable outside of PowerShell
[1.465s] DEBUG:colcon.colcon_core.shell:Skip shell extension 'dsv' for command environment
[1.525s] DEBUG:colcon.colcon_core.event_handler.log_command:Invoking command in '/home/shen/learn/ROS2/enet_driver_ws/build/enet_receiver_node': CMAKE_PREFIX_PATH=${CMAKE_PREFIX_PATH}:/opt/ros/humble /usr/bin/cmake --build /home/shen/learn/ROS2/enet_driver_ws/build/enet_receiver_node -- -j16 -l16
[1.531s] DEBUG:colcon.colcon_core.event_handler.log_command:Invoking command in '/home/shen/learn/ROS2/enet_driver_ws/build/enet_sender_node': CMAKE_PREFIX_PATH=${CMAKE_PREFIX_PATH}:/opt/ros/humble /usr/bin/cmake --build /home/shen/learn/ROS2/enet_driver_ws/build/enet_sender_node -- -j16 -l16
[1.584s] DEBUG:colcon.colcon_core.event_handler.log_command:Invoked command in '/home/shen/learn/ROS2/enet_driver_ws/build/enet_receiver_node' returned '0': CMAKE_PREFIX_PATH=${CMAKE_PREFIX_PATH}:/opt/ros/humble /usr/bin/cmake --build /home/shen/learn/ROS2/enet_driver_ws/build/enet_receiver_node -- -j16 -l16
[1.643s] DEBUG:colcon.colcon_core.event_handler.log_command:Invoking command in '/home/shen/learn/ROS2/enet_driver_ws/build/enet_receiver_node': CMAKE_PREFIX_PATH=${CMAKE_PREFIX_PATH}:/opt/ros/humble /usr/bin/cmake --install /home/shen/learn/ROS2/enet_driver_ws/build/enet_receiver_node
[1.657s] Level 1:colcon.colcon_core.environment:create_environment_scripts_only(enet_receiver_node)
[1.657s] DEBUG:colcon.colcon_core.event_handler.log_command:Invoked command in '/home/shen/learn/ROS2/enet_driver_ws/build/enet_receiver_node' returned '0': CMAKE_PREFIX_PATH=${CMAKE_PREFIX_PATH}:/opt/ros/humble /usr/bin/cmake --install /home/shen/learn/ROS2/enet_driver_ws/build/enet_receiver_node
[1.676s] Level 1:colcon.colcon_core.environment:checking '/home/shen/learn/ROS2/enet_driver_ws/install/enet_receiver_node' for CMake module files
[1.677s] Level 1:colcon.colcon_core.environment:checking '/home/shen/learn/ROS2/enet_driver_ws/install/enet_receiver_node' for CMake config files
[1.677s] Level 1:colcon.colcon_core.shell:create_environment_hook('enet_receiver_node', 'cmake_prefix_path')
[1.695s] INFO:colcon.colcon_core.shell:Creating environment hook '/home/shen/learn/ROS2/enet_driver_ws/install/enet_receiver_node/share/enet_receiver_node/hook/cmake_prefix_path.ps1'
[1.696s] INFO:colcon.colcon_core.shell:Creating environment descriptor '/home/shen/learn/ROS2/enet_driver_ws/install/enet_receiver_node/share/enet_receiver_node/hook/cmake_prefix_path.dsv'
[1.696s] INFO:colcon.colcon_core.shell:Creating environment hook '/home/shen/learn/ROS2/enet_driver_ws/install/enet_receiver_node/share/enet_receiver_node/hook/cmake_prefix_path.sh'
[1.698s] Level 1:colcon.colcon_core.environment:checking '/home/shen/learn/ROS2/enet_driver_ws/install/enet_receiver_node/bin'
[1.698s] Level 1:colcon.colcon_core.environment:checking '/home/shen/learn/ROS2/enet_driver_ws/install/enet_receiver_node/lib/pkgconfig/enet_receiver_node.pc'
[1.698s] Level 1:colcon.colcon_core.environment:checking '/home/shen/learn/ROS2/enet_driver_ws/install/enet_receiver_node/lib/python3.10/site-packages'
[1.699s] Level 1:colcon.colcon_core.environment:checking '/home/shen/learn/ROS2/enet_driver_ws/install/enet_receiver_node/bin'
[1.715s] INFO:colcon.colcon_core.shell:Creating package script '/home/shen/learn/ROS2/enet_driver_ws/install/enet_receiver_node/share/enet_receiver_node/package.ps1'
[1.716s] INFO:colcon.colcon_core.shell:Creating package descriptor '/home/shen/learn/ROS2/enet_driver_ws/install/enet_receiver_node/share/enet_receiver_node/package.dsv'
[1.716s] INFO:colcon.colcon_core.shell:Creating package script '/home/shen/learn/ROS2/enet_driver_ws/install/enet_receiver_node/share/enet_receiver_node/package.sh'
[1.717s] INFO:colcon.colcon_core.shell:Creating package script '/home/shen/learn/ROS2/enet_driver_ws/install/enet_receiver_node/share/enet_receiver_node/package.bash'
[1.718s] INFO:colcon.colcon_core.shell:Creating package script '/home/shen/learn/ROS2/enet_driver_ws/install/enet_receiver_node/share/enet_receiver_node/package.zsh'
[1.719s] Level 1:colcon.colcon_core.environment:create_file_with_runtime_dependencies(/home/shen/learn/ROS2/enet_driver_ws/install/enet_receiver_node/share/colcon-core/packages/enet_receiver_node)
[1.767s] Level 1:colcon.colcon_core.environment:create_environment_scripts_only(enet_receiver_node)
[1.785s] Level 1:colcon.colcon_core.environment:checking '/home/shen/learn/ROS2/enet_driver_ws/install/enet_receiver_node' for CMake module files
[1.786s] Level 1:colcon.colcon_core.environment:checking '/home/shen/learn/ROS2/enet_driver_ws/install/enet_receiver_node' for CMake config files
[1.786s] Level 1:colcon.colcon_core.shell:create_environment_hook('enet_receiver_node', 'cmake_prefix_path')
[1.804s] INFO:colcon.colcon_core.shell:Creating environment hook '/home/shen/learn/ROS2/enet_driver_ws/install/enet_receiver_node/share/enet_receiver_node/hook/cmake_prefix_path.ps1'
[1.804s] INFO:colcon.colcon_core.shell:Creating environment descriptor '/home/shen/learn/ROS2/enet_driver_ws/install/enet_receiver_node/share/enet_receiver_node/hook/cmake_prefix_path.dsv'
[1.805s] INFO:colcon.colcon_core.shell:Creating environment hook '/home/shen/learn/ROS2/enet_driver_ws/install/enet_receiver_node/share/enet_receiver_node/hook/cmake_prefix_path.sh'
[1.806s] Level 1:colcon.colcon_core.environment:checking '/home/shen/learn/ROS2/enet_driver_ws/install/enet_receiver_node/bin'
[1.806s] Level 1:colcon.colcon_core.environment:checking '/home/shen/learn/ROS2/enet_driver_ws/install/enet_receiver_node/lib/pkgconfig/enet_receiver_node.pc'
[1.806s] Level 1:colcon.colcon_core.environment:checking '/home/shen/learn/ROS2/enet_driver_ws/install/enet_receiver_node/lib/python3.10/site-packages'
[1.807s] Level 1:colcon.colcon_core.environment:checking '/home/shen/learn/ROS2/enet_driver_ws/install/enet_receiver_node/bin'
[1.823s] INFO:colcon.colcon_core.shell:Creating package script '/home/shen/learn/ROS2/enet_driver_ws/install/enet_receiver_node/share/enet_receiver_node/package.ps1'
[1.824s] INFO:colcon.colcon_core.shell:Creating package descriptor '/home/shen/learn/ROS2/enet_driver_ws/install/enet_receiver_node/share/enet_receiver_node/package.dsv'
[1.824s] INFO:colcon.colcon_core.shell:Creating package script '/home/shen/learn/ROS2/enet_driver_ws/install/enet_receiver_node/share/enet_receiver_node/package.sh'
[1.825s] INFO:colcon.colcon_core.shell:Creating package script '/home/shen/learn/ROS2/enet_driver_ws/install/enet_receiver_node/share/enet_receiver_node/package.bash'
[1.826s] INFO:colcon.colcon_core.shell:Creating package script '/home/shen/learn/ROS2/enet_driver_ws/install/enet_receiver_node/share/enet_receiver_node/package.zsh'
[1.827s] Level 1:colcon.colcon_core.environment:create_file_with_runtime_dependencies(/home/shen/learn/ROS2/enet_driver_ws/install/enet_receiver_node/share/colcon-core/packages/enet_receiver_node)
[10.235s] DEBUG:colcon.colcon_core.event_handler.log_command:Invoked command in '/home/shen/learn/ROS2/enet_driver_ws/build/enet_sender_node' returned '0': CMAKE_PREFIX_PATH=${CMAKE_PREFIX_PATH}:/opt/ros/humble /usr/bin/cmake --build /home/shen/learn/ROS2/enet_driver_ws/build/enet_sender_node -- -j16 -l16
[10.274s] DEBUG:colcon.colcon_core.event_handler.log_command:Invoking command in '/home/shen/learn/ROS2/enet_driver_ws/build/enet_sender_node': CMAKE_PREFIX_PATH=${CMAKE_PREFIX_PATH}:/opt/ros/humble /usr/bin/cmake --install /home/shen/learn/ROS2/enet_driver_ws/build/enet_sender_node
[10.290s] Level 1:colcon.colcon_core.environment:create_environment_scripts_only(enet_sender_node)
[10.293s] DEBUG:colcon.colcon_core.event_handler.log_command:Invoked command in '/home/shen/learn/ROS2/enet_driver_ws/build/enet_sender_node' returned '0': CMAKE_PREFIX_PATH=${CMAKE_PREFIX_PATH}:/opt/ros/humble /usr/bin/cmake --install /home/shen/learn/ROS2/enet_driver_ws/build/enet_sender_node
[10.310s] Level 1:colcon.colcon_core.environment:checking '/home/shen/learn/ROS2/enet_driver_ws/install/enet_sender_node' for CMake module files
[10.310s] Level 1:colcon.colcon_core.environment:checking '/home/shen/learn/ROS2/enet_driver_ws/install/enet_sender_node' for CMake config files
[10.311s] Level 1:colcon.colcon_core.shell:create_environment_hook('enet_sender_node', 'cmake_prefix_path')
[10.327s] INFO:colcon.colcon_core.shell:Creating environment hook '/home/shen/learn/ROS2/enet_driver_ws/install/enet_sender_node/share/enet_sender_node/hook/cmake_prefix_path.ps1'
[10.328s] INFO:colcon.colcon_core.shell:Creating environment descriptor '/home/shen/learn/ROS2/enet_driver_ws/install/enet_sender_node/share/enet_sender_node/hook/cmake_prefix_path.dsv'
[10.329s] INFO:colcon.colcon_core.shell:Creating environment hook '/home/shen/learn/ROS2/enet_driver_ws/install/enet_sender_node/share/enet_sender_node/hook/cmake_prefix_path.sh'
[10.330s] Level 1:colcon.colcon_core.environment:checking '/home/shen/learn/ROS2/enet_driver_ws/install/enet_sender_node/lib'
[10.331s] Level 1:colcon.colcon_core.environment:checking '/home/shen/learn/ROS2/enet_driver_ws/install/enet_sender_node/bin'
[10.331s] Level 1:colcon.colcon_core.environment:checking '/home/shen/learn/ROS2/enet_driver_ws/install/enet_sender_node/lib/pkgconfig/enet_sender_node.pc'
[10.331s] Level 1:colcon.colcon_core.environment:checking '/home/shen/learn/ROS2/enet_driver_ws/install/enet_sender_node/lib/python3.10/site-packages'
[10.332s] Level 1:colcon.colcon_core.environment:checking '/home/shen/learn/ROS2/enet_driver_ws/install/enet_sender_node/bin'
[10.350s] INFO:colcon.colcon_core.shell:Creating package script '/home/shen/learn/ROS2/enet_driver_ws/install/enet_sender_node/share/enet_sender_node/package.ps1'
[10.351s] INFO:colcon.colcon_core.shell:Creating package descriptor '/home/shen/learn/ROS2/enet_driver_ws/install/enet_sender_node/share/enet_sender_node/package.dsv'
[10.352s] INFO:colcon.colcon_core.shell:Creating package script '/home/shen/learn/ROS2/enet_driver_ws/install/enet_sender_node/share/enet_sender_node/package.sh'
[10.353s] INFO:colcon.colcon_core.shell:Creating package script '/home/shen/learn/ROS2/enet_driver_ws/install/enet_sender_node/share/enet_sender_node/package.bash'
[10.353s] INFO:colcon.colcon_core.shell:Creating package script '/home/shen/learn/ROS2/enet_driver_ws/install/enet_sender_node/share/enet_sender_node/package.zsh'
[10.354s] Level 1:colcon.colcon_core.environment:create_file_with_runtime_dependencies(/home/shen/learn/ROS2/enet_driver_ws/install/enet_sender_node/share/colcon-core/packages/enet_sender_node)
[10.418s] Level 1:colcon.colcon_core.environment:create_environment_scripts_only(enet_sender_node)
[10.435s] Level 1:colcon.colcon_core.environment:checking '/home/shen/learn/ROS2/enet_driver_ws/install/enet_sender_node' for CMake module files
[10.436s] Level 1:colcon.colcon_core.environment:checking '/home/shen/learn/ROS2/enet_driver_ws/install/enet_sender_node' for CMake config files
[10.436s] Level 1:colcon.colcon_core.shell:create_environment_hook('enet_sender_node', 'cmake_prefix_path')
[10.452s] INFO:colcon.colcon_core.shell:Creating environment hook '/home/shen/learn/ROS2/enet_driver_ws/install/enet_sender_node/share/enet_sender_node/hook/cmake_prefix_path.ps1'
[10.452s] INFO:colcon.colcon_core.shell:Creating environment descriptor '/home/shen/learn/ROS2/enet_driver_ws/install/enet_sender_node/share/enet_sender_node/hook/cmake_prefix_path.dsv'
[10.453s] INFO:colcon.colcon_core.shell:Creating environment hook '/home/shen/learn/ROS2/enet_driver_ws/install/enet_sender_node/share/enet_sender_node/hook/cmake_prefix_path.sh'
[10.453s] Level 1:colcon.colcon_core.environment:checking '/home/shen/learn/ROS2/enet_driver_ws/install/enet_sender_node/lib'
[10.453s] Level 1:colcon.colcon_core.environment:checking '/home/shen/learn/ROS2/enet_driver_ws/install/enet_sender_node/bin'
[10.453s] Level 1:colcon.colcon_core.environment:checking '/home/shen/learn/ROS2/enet_driver_ws/install/enet_sender_node/lib/pkgconfig/enet_sender_node.pc'
[10.454s] Level 1:colcon.colcon_core.environment:checking '/home/shen/learn/ROS2/enet_driver_ws/install/enet_sender_node/lib/python3.10/site-packages'
[10.454s] Level 1:colcon.colcon_core.environment:checking '/home/shen/learn/ROS2/enet_driver_ws/install/enet_sender_node/bin'
[10.469s] INFO:colcon.colcon_core.shell:Creating package script '/home/shen/learn/ROS2/enet_driver_ws/install/enet_sender_node/share/enet_sender_node/package.ps1'
[10.470s] INFO:colcon.colcon_core.shell:Creating package descriptor '/home/shen/learn/ROS2/enet_driver_ws/install/enet_sender_node/share/enet_sender_node/package.dsv'
[10.470s] INFO:colcon.colcon_core.shell:Creating package script '/home/shen/learn/ROS2/enet_driver_ws/install/enet_sender_node/share/enet_sender_node/package.sh'
[10.470s] INFO:colcon.colcon_core.shell:Creating package script '/home/shen/learn/ROS2/enet_driver_ws/install/enet_sender_node/share/enet_sender_node/package.bash'
[10.471s] INFO:colcon.colcon_core.shell:Creating package script '/home/shen/learn/ROS2/enet_driver_ws/install/enet_sender_node/share/enet_sender_node/package.zsh'
[10.471s] Level 1:colcon.colcon_core.environment:create_file_with_runtime_dependencies(/home/shen/learn/ROS2/enet_driver_ws/install/enet_sender_node/share/colcon-core/packages/enet_sender_node)
[10.472s] DEBUG:colcon.colcon_parallel_executor.executor.parallel:closing loop
[10.472s] DEBUG:colcon.colcon_parallel_executor.executor.parallel:loop closed
[10.472s] DEBUG:colcon.colcon_parallel_executor.executor.parallel:run_until_complete finished with '0'
[10.472s] DEBUG:colcon.colcon_core.event_reactor:joining thread
[10.493s] INFO:colcon.colcon_core.plugin_system:Skipping extension 'colcon_notification.desktop_notification.terminal_notifier': Not used on non-Darwin systems
[10.493s] INFO:colcon.colcon_core.plugin_system:Skipping extension 'colcon_notification.desktop_notification.win32': Not used on non-Windows systems
[10.494s] INFO:colcon.colcon_notification.desktop_notification:Sending desktop notification using 'notify2'
[10.506s] DEBUG:colcon.colcon_core.event_reactor:joined thread
[10.523s] INFO:colcon.colcon_core.shell:Creating prefix script '/home/shen/learn/ROS2/enet_driver_ws/install/local_setup.ps1'
[10.524s] INFO:colcon.colcon_core.shell:Creating prefix util module '/home/shen/learn/ROS2/enet_driver_ws/install/_local_setup_util_ps1.py'
[10.525s] INFO:colcon.colcon_core.shell:Creating prefix chain script '/home/shen/learn/ROS2/enet_driver_ws/install/setup.ps1'
[10.542s] INFO:colcon.colcon_core.shell:Creating prefix script '/home/shen/learn/ROS2/enet_driver_ws/install/local_setup.sh'
[10.543s] INFO:colcon.colcon_core.shell:Creating prefix util module '/home/shen/learn/ROS2/enet_driver_ws/install/_local_setup_util_sh.py'
[10.543s] INFO:colcon.colcon_core.shell:Creating prefix chain script '/home/shen/learn/ROS2/enet_driver_ws/install/setup.sh'
[10.561s] INFO:colcon.colcon_core.shell:Creating prefix script '/home/shen/learn/ROS2/enet_driver_ws/install/local_setup.bash'
[10.561s] INFO:colcon.colcon_core.shell:Creating prefix chain script '/home/shen/learn/ROS2/enet_driver_ws/install/setup.bash'
[10.578s] INFO:colcon.colcon_core.shell:Creating prefix script '/home/shen/learn/ROS2/enet_driver_ws/install/local_setup.zsh'
[10.579s] INFO:colcon.colcon_core.shell:Creating prefix chain script '/home/shen/learn/ROS2/enet_driver_ws/install/setup.zsh'
