[0.056s] Invoking command in '/home/shen/learn/ROS2/record_ws/build/my_record_utils': CMAKE_PREFIX_PATH=/opt/ros/humble /usr/bin/cmake --build /home/shen/learn/ROS2/record_ws/build/my_record_utils -- -j16 -l16
[0.123s] [35m[1mConsolidate compiler generated dependencies of target topic_recorder[0m
[0.150s] [ 50%] [32mBuilding CXX object CMakeFiles/topic_recorder.dir/src/topic_recorder.cpp.o[0m
[9.288s] [100%] [32m[1mLinking CXX executable topic_recorder[0m
[9.915s] [100%] Built target topic_recorder
[9.928s] Invoked command in '/home/shen/learn/ROS2/record_ws/build/my_record_utils' returned '0': CMAKE_PREFIX_PATH=/opt/ros/humble /usr/bin/cmake --build /home/shen/learn/ROS2/record_ws/build/my_record_utils -- -j16 -l16
[10.002s] Invoking command in '/home/shen/learn/ROS2/record_ws/build/my_record_utils': CMAKE_PREFIX_PATH=/opt/ros/humble /usr/bin/cmake --install /home/shen/learn/ROS2/record_ws/build/my_record_utils
[10.008s] -- Install configuration: ""
[10.009s] -- Installing: /home/shen/learn/ROS2/record_ws/install/my_record_utils/lib/my_record_utils/topic_recorder
[10.018s] -- Set runtime path of "/home/shen/learn/ROS2/record_ws/install/my_record_utils/lib/my_record_utils/topic_recorder" to ""
[10.018s] -- Up-to-date: /home/shen/learn/ROS2/record_ws/install/my_record_utils/share/my_record_utils/launch
[10.019s] -- Up-to-date: /home/shen/learn/ROS2/record_ws/install/my_record_utils/share/my_record_utils/launch/recorder.launch.py
[10.019s] -- Up-to-date: /home/shen/learn/ROS2/record_ws/install/my_record_utils/share/my_record_utils/config
[10.019s] -- Installing: /home/shen/learn/ROS2/record_ws/install/my_record_utils/share/my_record_utils/config/config.yaml
[10.019s] -- Installing: /home/shen/learn/ROS2/record_ws/install/my_record_utils/share/my_record_utils/config/topics_config.yaml
[10.019s] -- Up-to-date: /home/shen/learn/ROS2/record_ws/install/my_record_utils/share/ament_index/resource_index/package_run_dependencies/my_record_utils
[10.019s] -- Up-to-date: /home/shen/learn/ROS2/record_ws/install/my_record_utils/share/ament_index/resource_index/parent_prefix_path/my_record_utils
[10.019s] -- Up-to-date: /home/shen/learn/ROS2/record_ws/install/my_record_utils/share/my_record_utils/environment/ament_prefix_path.sh
[10.019s] -- Up-to-date: /home/shen/learn/ROS2/record_ws/install/my_record_utils/share/my_record_utils/environment/ament_prefix_path.dsv
[10.019s] -- Up-to-date: /home/shen/learn/ROS2/record_ws/install/my_record_utils/share/my_record_utils/environment/path.sh
[10.019s] -- Up-to-date: /home/shen/learn/ROS2/record_ws/install/my_record_utils/share/my_record_utils/environment/path.dsv
[10.020s] -- Up-to-date: /home/shen/learn/ROS2/record_ws/install/my_record_utils/share/my_record_utils/local_setup.bash
[10.020s] -- Up-to-date: /home/shen/learn/ROS2/record_ws/install/my_record_utils/share/my_record_utils/local_setup.sh
[10.020s] -- Up-to-date: /home/shen/learn/ROS2/record_ws/install/my_record_utils/share/my_record_utils/local_setup.zsh
[10.020s] -- Up-to-date: /home/shen/learn/ROS2/record_ws/install/my_record_utils/share/my_record_utils/local_setup.dsv
[10.020s] -- Installing: /home/shen/learn/ROS2/record_ws/install/my_record_utils/share/my_record_utils/package.dsv
[10.020s] -- Up-to-date: /home/shen/learn/ROS2/record_ws/install/my_record_utils/share/ament_index/resource_index/packages/my_record_utils
[10.020s] -- Up-to-date: /home/shen/learn/ROS2/record_ws/install/my_record_utils/share/my_record_utils/cmake/my_record_utilsConfig.cmake
[10.020s] -- Up-to-date: /home/shen/learn/ROS2/record_ws/install/my_record_utils/share/my_record_utils/cmake/my_record_utilsConfig-version.cmake
[10.020s] -- Up-to-date: /home/shen/learn/ROS2/record_ws/install/my_record_utils/share/my_record_utils/package.xml
[10.022s] Invoked command in '/home/shen/learn/ROS2/record_ws/build/my_record_utils' returned '0': CMAKE_PREFIX_PATH=/opt/ros/humble /usr/bin/cmake --install /home/shen/learn/ROS2/record_ws/build/my_record_utils
