[0.070s] Invoking command in '/home/shen/learn/ROS2/decode_ws/build/h264_decode': CMAKE_PREFIX_PATH=${CMAKE_PREFIX_PATH}:/opt/ros/humble /usr/bin/cmake --build /home/shen/learn/ROS2/decode_ws/build/h264_decode -- -j16 -l16
[0.145s] [35m[1mConsolidate compiler generated dependencies of target h264_decoder[0m
[0.197s] [ 50%] [32mBuilding CXX object CMakeFiles/h264_decoder.dir/src/h264_decoder.cpp.o[0m
[8.449s] [100%] [32m[1mLinking CXX executable h264_decoder[0m
[9.220s] [100%] Built target h264_decoder
[9.242s] Invoked command in '/home/shen/learn/ROS2/decode_ws/build/h264_decode' returned '0': CMAKE_PREFIX_PATH=${CMAKE_PREFIX_PATH}:/opt/ros/humble /usr/bin/cmake --build /home/shen/learn/ROS2/decode_ws/build/h264_decode -- -j16 -l16
[9.283s] Invoking command in '/home/shen/learn/ROS2/decode_ws/build/h264_decode': CMAKE_PREFIX_PATH=${CMAKE_PREFIX_PATH}:/opt/ros/humble /usr/bin/cmake --install /home/shen/learn/ROS2/decode_ws/build/h264_decode
[9.292s] -- Install configuration: ""
[9.292s] -- Installing: /home/shen/learn/ROS2/decode_ws/install/h264_decode/lib/h264_decode/h264_decoder
[9.297s] -- Set runtime path of "/home/shen/learn/ROS2/decode_ws/install/h264_decode/lib/h264_decode/h264_decoder" to ""
[9.297s] -- Up-to-date: /home/shen/learn/ROS2/decode_ws/install/h264_decode/share/h264_decode/launch
[9.297s] -- Up-to-date: /home/shen/learn/ROS2/decode_ws/install/h264_decode/share/h264_decode/launch/decoder.launch.py
[9.298s] -- Up-to-date: /home/shen/learn/ROS2/decode_ws/install/h264_decode/share/ament_index/resource_index/package_run_dependencies/h264_decode
[9.298s] -- Up-to-date: /home/shen/learn/ROS2/decode_ws/install/h264_decode/share/ament_index/resource_index/parent_prefix_path/h264_decode
[9.298s] -- Up-to-date: /home/shen/learn/ROS2/decode_ws/install/h264_decode/share/h264_decode/environment/ament_prefix_path.sh
[9.298s] -- Up-to-date: /home/shen/learn/ROS2/decode_ws/install/h264_decode/share/h264_decode/environment/ament_prefix_path.dsv
[9.298s] -- Up-to-date: /home/shen/learn/ROS2/decode_ws/install/h264_decode/share/h264_decode/environment/path.sh
[9.298s] -- Up-to-date: /home/shen/learn/ROS2/decode_ws/install/h264_decode/share/h264_decode/environment/path.dsv
[9.298s] -- Up-to-date: /home/shen/learn/ROS2/decode_ws/install/h264_decode/share/h264_decode/local_setup.bash
[9.299s] -- Up-to-date: /home/shen/learn/ROS2/decode_ws/install/h264_decode/share/h264_decode/local_setup.sh
[9.299s] -- Up-to-date: /home/shen/learn/ROS2/decode_ws/install/h264_decode/share/h264_decode/local_setup.zsh
[9.299s] -- Up-to-date: /home/shen/learn/ROS2/decode_ws/install/h264_decode/share/h264_decode/local_setup.dsv
[9.299s] -- Installing: /home/shen/learn/ROS2/decode_ws/install/h264_decode/share/h264_decode/package.dsv
[9.299s] -- Up-to-date: /home/shen/learn/ROS2/decode_ws/install/h264_decode/share/ament_index/resource_index/packages/h264_decode
[9.299s] -- Up-to-date: /home/shen/learn/ROS2/decode_ws/install/h264_decode/share/h264_decode/cmake/h264_decodeConfig.cmake
[9.299s] -- Up-to-date: /home/shen/learn/ROS2/decode_ws/install/h264_decode/share/h264_decode/cmake/h264_decodeConfig-version.cmake
[9.299s] -- Up-to-date: /home/shen/learn/ROS2/decode_ws/install/h264_decode/share/h264_decode/package.xml
[9.300s] Invoked command in '/home/shen/learn/ROS2/decode_ws/build/h264_decode' returned '0': CMAKE_PREFIX_PATH=${CMAKE_PREFIX_PATH}:/opt/ros/humble /usr/bin/cmake --install /home/shen/learn/ROS2/decode_ws/build/h264_decode
