[0.829s] DEBUG:colcon:Command line arguments: ['/usr/bin/colcon', 'build']
[0.829s] DEBUG:colcon:Parsed command line arguments: Namespace(log_base=None, log_level=None, verb_name='build', build_base='build', install_base='install', merge_install=False, symlink_install=False, test_result_base=None, continue_on_error=False, executor='parallel', parallel_workers=16, event_handlers=None, ignore_user_meta=False, metas=['./colcon.meta'], base_paths=['.'], packages_ignore=None, packages_ignore_regex=None, paths=None, packages_up_to=None, packages_up_to_regex=None, packages_above=None, packages_above_and_dependencies=None, packages_above_depth=None, packages_select_by_dep=None, packages_skip_by_dep=None, packages_skip_up_to=None, packages_select_build_failed=False, packages_skip_build_finished=False, packages_select_test_failures=False, packages_skip_test_passed=False, packages_select=None, packages_skip=None, packages_select_regex=None, packages_skip_regex=None, packages_start=None, packages_end=None, allow_overriding=[], cmake_args=None, cmake_target=None, cmake_target_skip_unavailable=False, cmake_clean_cache=False, cmake_clean_first=False, cmake_force_configure=False, ament_cmake_args=None, catkin_cmake_args=None, catkin_skip_building_tests=False, verb_parser=<colcon_defaults.argument_parser.defaults.DefaultArgumentsDecorator object at 0x7be47d65ec20>, verb_extension=<colcon_core.verb.build.BuildVerb object at 0x7be47dad3880>, main=<bound method BuildVerb.main of <colcon_core.verb.build.BuildVerb object at 0x7be47dad3880>>)
[0.867s] Level 1:colcon.colcon_core.package_discovery:discover_packages(colcon_meta) check parameters
[0.867s] Level 1:colcon.colcon_core.package_discovery:discover_packages(recursive) check parameters
[0.867s] Level 1:colcon.colcon_core.package_discovery:discover_packages(ignore) check parameters
[0.867s] Level 1:colcon.colcon_core.package_discovery:discover_packages(path) check parameters
[0.867s] Level 1:colcon.colcon_core.package_discovery:discover_packages(colcon_meta) discover
[0.867s] Level 1:colcon.colcon_core.package_discovery:discover_packages(recursive) discover
[0.867s] INFO:colcon.colcon_core.package_discovery:Crawling recursively for packages in '/home/shen/learn/ROS2/enet_driver_ws'
[0.867s] Level 1:colcon.colcon_core.package_identification:_identify(.) by extensions ['ignore', 'ignore_ament_install']
[0.867s] Level 1:colcon.colcon_core.package_identification:_identify(.) by extension 'ignore'
[0.867s] Level 1:colcon.colcon_core.package_identification:_identify(.) by extension 'ignore_ament_install'
[0.867s] Level 1:colcon.colcon_core.package_identification:_identify(.) by extensions ['colcon_pkg']
[0.867s] Level 1:colcon.colcon_core.package_identification:_identify(.) by extension 'colcon_pkg'
[0.868s] Level 1:colcon.colcon_core.package_identification:_identify(.) by extensions ['colcon_meta']
[0.868s] Level 1:colcon.colcon_core.package_identification:_identify(.) by extension 'colcon_meta'
[0.868s] Level 1:colcon.colcon_core.package_identification:_identify(.) by extensions ['ros']
[0.868s] Level 1:colcon.colcon_core.package_identification:_identify(.) by extension 'ros'
[0.876s] Level 1:colcon.colcon_core.package_identification:_identify(.) by extensions ['cmake', 'python']
[0.876s] Level 1:colcon.colcon_core.package_identification:_identify(.) by extension 'cmake'
[0.876s] Level 1:colcon.colcon_core.package_identification:_identify(.) by extension 'python'
[0.876s] Level 1:colcon.colcon_core.package_identification:_identify(.) by extensions ['python_setup_py']
[0.876s] Level 1:colcon.colcon_core.package_identification:_identify(.) by extension 'python_setup_py'
[0.876s] Level 1:colcon.colcon_core.package_identification:_identify(build) by extensions ['ignore', 'ignore_ament_install']
[0.877s] Level 1:colcon.colcon_core.package_identification:_identify(build) by extension 'ignore'
[0.877s] Level 1:colcon.colcon_core.package_identification:_identify(build) ignored
[0.877s] Level 1:colcon.colcon_core.package_identification:_identify(install) by extensions ['ignore', 'ignore_ament_install']
[0.877s] Level 1:colcon.colcon_core.package_identification:_identify(install) by extension 'ignore'
[0.877s] Level 1:colcon.colcon_core.package_identification:_identify(install) ignored
[0.877s] Level 1:colcon.colcon_core.package_identification:_identify(log) by extensions ['ignore', 'ignore_ament_install']
[0.877s] Level 1:colcon.colcon_core.package_identification:_identify(log) by extension 'ignore'
[0.877s] Level 1:colcon.colcon_core.package_identification:_identify(log) ignored
[0.877s] Level 1:colcon.colcon_core.package_identification:_identify(src) by extensions ['ignore', 'ignore_ament_install']
[0.877s] Level 1:colcon.colcon_core.package_identification:_identify(src) by extension 'ignore'
[0.877s] Level 1:colcon.colcon_core.package_identification:_identify(src) by extension 'ignore_ament_install'
[0.877s] Level 1:colcon.colcon_core.package_identification:_identify(src) by extensions ['colcon_pkg']
[0.877s] Level 1:colcon.colcon_core.package_identification:_identify(src) by extension 'colcon_pkg'
[0.877s] Level 1:colcon.colcon_core.package_identification:_identify(src) by extensions ['colcon_meta']
[0.877s] Level 1:colcon.colcon_core.package_identification:_identify(src) by extension 'colcon_meta'
[0.877s] Level 1:colcon.colcon_core.package_identification:_identify(src) by extensions ['ros']
[0.877s] Level 1:colcon.colcon_core.package_identification:_identify(src) by extension 'ros'
[0.877s] Level 1:colcon.colcon_core.package_identification:_identify(src) by extensions ['cmake', 'python']
[0.877s] Level 1:colcon.colcon_core.package_identification:_identify(src) by extension 'cmake'
[0.877s] Level 1:colcon.colcon_core.package_identification:_identify(src) by extension 'python'
[0.878s] Level 1:colcon.colcon_core.package_identification:_identify(src) by extensions ['python_setup_py']
[0.878s] Level 1:colcon.colcon_core.package_identification:_identify(src) by extension 'python_setup_py'
[0.878s] Level 1:colcon.colcon_core.package_identification:_identify(src/enet_receiver_node) by extensions ['ignore', 'ignore_ament_install']
[0.878s] Level 1:colcon.colcon_core.package_identification:_identify(src/enet_receiver_node) by extension 'ignore'
[0.878s] Level 1:colcon.colcon_core.package_identification:_identify(src/enet_receiver_node) by extension 'ignore_ament_install'
[0.878s] Level 1:colcon.colcon_core.package_identification:_identify(src/enet_receiver_node) by extensions ['colcon_pkg']
[0.878s] Level 1:colcon.colcon_core.package_identification:_identify(src/enet_receiver_node) by extension 'colcon_pkg'
[0.878s] Level 1:colcon.colcon_core.package_identification:_identify(src/enet_receiver_node) by extensions ['colcon_meta']
[0.878s] Level 1:colcon.colcon_core.package_identification:_identify(src/enet_receiver_node) by extension 'colcon_meta'
[0.878s] Level 1:colcon.colcon_core.package_identification:_identify(src/enet_receiver_node) by extensions ['ros']
[0.878s] Level 1:colcon.colcon_core.package_identification:_identify(src/enet_receiver_node) by extension 'ros'
[0.880s] DEBUG:colcon.colcon_core.package_identification:Package 'src/enet_receiver_node' with type 'ros.ament_cmake' and name 'enet_receiver_node'
[0.880s] Level 1:colcon.colcon_core.package_identification:_identify(src/enet_sender_node) by extensions ['ignore', 'ignore_ament_install']
[0.880s] Level 1:colcon.colcon_core.package_identification:_identify(src/enet_sender_node) by extension 'ignore'
[0.880s] Level 1:colcon.colcon_core.package_identification:_identify(src/enet_sender_node) by extension 'ignore_ament_install'
[0.880s] Level 1:colcon.colcon_core.package_identification:_identify(src/enet_sender_node) by extensions ['colcon_pkg']
[0.880s] Level 1:colcon.colcon_core.package_identification:_identify(src/enet_sender_node) by extension 'colcon_pkg'
[0.880s] Level 1:colcon.colcon_core.package_identification:_identify(src/enet_sender_node) by extensions ['colcon_meta']
[0.880s] Level 1:colcon.colcon_core.package_identification:_identify(src/enet_sender_node) by extension 'colcon_meta'
[0.880s] Level 1:colcon.colcon_core.package_identification:_identify(src/enet_sender_node) by extensions ['ros']
[0.880s] Level 1:colcon.colcon_core.package_identification:_identify(src/enet_sender_node) by extension 'ros'
[0.881s] DEBUG:colcon.colcon_core.package_identification:Package 'src/enet_sender_node' with type 'ros.ament_cmake' and name 'enet_sender_node'
[0.881s] Level 1:colcon.colcon_core.package_discovery:discover_packages(recursive) using defaults
[0.881s] Level 1:colcon.colcon_core.package_discovery:discover_packages(ignore) discover
[0.881s] Level 1:colcon.colcon_core.package_discovery:discover_packages(ignore) using defaults
[0.881s] Level 1:colcon.colcon_core.package_discovery:discover_packages(path) discover
[0.881s] Level 1:colcon.colcon_core.package_discovery:discover_packages(path) using defaults
[0.957s] Level 1:colcon.colcon_core.package_discovery:discover_packages(prefix_path) check parameters
[0.957s] Level 1:colcon.colcon_core.package_discovery:discover_packages(prefix_path) discover
[0.984s] DEBUG:colcon.colcon_installed_package_information.package_discovery:Found 2 installed packages in /home/shen/learn/ROS2/enet_driver_ws/install
[0.998s] DEBUG:colcon.colcon_installed_package_information.package_discovery:Found 349 installed packages in /opt/ros/humble
[0.999s] Level 1:colcon.colcon_core.package_discovery:discover_packages(prefix_path) using defaults
[1.089s] Level 5:colcon.colcon_core.verb:set package 'enet_receiver_node' build argument 'cmake_args' from command line to 'None'
[1.089s] Level 5:colcon.colcon_core.verb:set package 'enet_receiver_node' build argument 'cmake_target' from command line to 'None'
[1.089s] Level 5:colcon.colcon_core.verb:set package 'enet_receiver_node' build argument 'cmake_target_skip_unavailable' from command line to 'False'
[1.089s] Level 5:colcon.colcon_core.verb:set package 'enet_receiver_node' build argument 'cmake_clean_cache' from command line to 'False'
[1.089s] Level 5:colcon.colcon_core.verb:set package 'enet_receiver_node' build argument 'cmake_clean_first' from command line to 'False'
[1.089s] Level 5:colcon.colcon_core.verb:set package 'enet_receiver_node' build argument 'cmake_force_configure' from command line to 'False'
[1.089s] Level 5:colcon.colcon_core.verb:set package 'enet_receiver_node' build argument 'ament_cmake_args' from command line to 'None'
[1.089s] Level 5:colcon.colcon_core.verb:set package 'enet_receiver_node' build argument 'catkin_cmake_args' from command line to 'None'
[1.089s] Level 5:colcon.colcon_core.verb:set package 'enet_receiver_node' build argument 'catkin_skip_building_tests' from command line to 'False'
[1.089s] DEBUG:colcon.colcon_core.verb:Building package 'enet_receiver_node' with the following arguments: {'ament_cmake_args': None, 'build_base': '/home/shen/learn/ROS2/enet_driver_ws/build/enet_receiver_node', 'catkin_cmake_args': None, 'catkin_skip_building_tests': False, 'cmake_args': None, 'cmake_clean_cache': False, 'cmake_clean_first': False, 'cmake_force_configure': False, 'cmake_target': None, 'cmake_target_skip_unavailable': False, 'install_base': '/home/shen/learn/ROS2/enet_driver_ws/install/enet_receiver_node', 'merge_install': False, 'path': '/home/shen/learn/ROS2/enet_driver_ws/src/enet_receiver_node', 'symlink_install': False, 'test_result_base': None}
[1.101s] Level 5:colcon.colcon_core.verb:set package 'enet_sender_node' build argument 'cmake_args' from command line to 'None'
[1.101s] Level 5:colcon.colcon_core.verb:set package 'enet_sender_node' build argument 'cmake_target' from command line to 'None'
[1.101s] Level 5:colcon.colcon_core.verb:set package 'enet_sender_node' build argument 'cmake_target_skip_unavailable' from command line to 'False'
[1.101s] Level 5:colcon.colcon_core.verb:set package 'enet_sender_node' build argument 'cmake_clean_cache' from command line to 'False'
[1.101s] Level 5:colcon.colcon_core.verb:set package 'enet_sender_node' build argument 'cmake_clean_first' from command line to 'False'
[1.102s] Level 5:colcon.colcon_core.verb:set package 'enet_sender_node' build argument 'cmake_force_configure' from command line to 'False'
[1.102s] Level 5:colcon.colcon_core.verb:set package 'enet_sender_node' build argument 'ament_cmake_args' from command line to 'None'
[1.102s] Level 5:colcon.colcon_core.verb:set package 'enet_sender_node' build argument 'catkin_cmake_args' from command line to 'None'
[1.102s] Level 5:colcon.colcon_core.verb:set package 'enet_sender_node' build argument 'catkin_skip_building_tests' from command line to 'False'
[1.102s] DEBUG:colcon.colcon_core.verb:Building package 'enet_sender_node' with the following arguments: {'ament_cmake_args': None, 'build_base': '/home/shen/learn/ROS2/enet_driver_ws/build/enet_sender_node', 'catkin_cmake_args': None, 'catkin_skip_building_tests': False, 'cmake_args': None, 'cmake_clean_cache': False, 'cmake_clean_first': False, 'cmake_force_configure': False, 'cmake_target': None, 'cmake_target_skip_unavailable': False, 'install_base': '/home/shen/learn/ROS2/enet_driver_ws/install/enet_sender_node', 'merge_install': False, 'path': '/home/shen/learn/ROS2/enet_driver_ws/src/enet_sender_node', 'symlink_install': False, 'test_result_base': None}
[1.114s] INFO:colcon.colcon_core.executor:Executing jobs using 'parallel' executor
[1.128s] DEBUG:colcon.colcon_parallel_executor.executor.parallel:run_until_complete
[1.128s] INFO:colcon.colcon_ros.task.ament_cmake.build:Building ROS package in '/home/shen/learn/ROS2/enet_driver_ws/src/enet_receiver_node' with build type 'ament_cmake'
[1.128s] INFO:colcon.colcon_cmake.task.cmake.build:Building CMake package in '/home/shen/learn/ROS2/enet_driver_ws/src/enet_receiver_node'
[1.143s] INFO:colcon.colcon_core.plugin_system:Skipping extension 'colcon_core.shell.bat': Not used on non-Windows systems
[1.144s] INFO:colcon.colcon_core.shell:Skip shell extension 'powershell' for command environment: Not usable outside of PowerShell
[1.144s] DEBUG:colcon.colcon_core.shell:Skip shell extension 'dsv' for command environment
[1.186s] INFO:colcon.colcon_ros.task.ament_cmake.build:Building ROS package in '/home/shen/learn/ROS2/enet_driver_ws/src/enet_sender_node' with build type 'ament_cmake'
[1.186s] INFO:colcon.colcon_cmake.task.cmake.build:Building CMake package in '/home/shen/learn/ROS2/enet_driver_ws/src/enet_sender_node'
[1.199s] INFO:colcon.colcon_core.shell:Skip shell extension 'powershell' for command environment: Not usable outside of PowerShell
[1.199s] DEBUG:colcon.colcon_core.shell:Skip shell extension 'dsv' for command environment
[1.246s] DEBUG:colcon.colcon_core.event_handler.log_command:Invoking command in '/home/shen/learn/ROS2/enet_driver_ws/build/enet_receiver_node': CMAKE_PREFIX_PATH=${CMAKE_PREFIX_PATH}:/opt/ros/humble /usr/bin/cmake --build /home/shen/learn/ROS2/enet_driver_ws/build/enet_receiver_node -- -j16 -l16
[1.250s] DEBUG:colcon.colcon_core.event_handler.log_command:Invoking command in '/home/shen/learn/ROS2/enet_driver_ws/build/enet_sender_node': CMAKE_PREFIX_PATH=${CMAKE_PREFIX_PATH}:/opt/ros/humble /usr/bin/cmake --build /home/shen/learn/ROS2/enet_driver_ws/build/enet_sender_node -- -j16 -l16
[1.348s] DEBUG:colcon.colcon_core.event_handler.log_command:Invoked command in '/home/shen/learn/ROS2/enet_driver_ws/build/enet_receiver_node' returned '0': CMAKE_PREFIX_PATH=${CMAKE_PREFIX_PATH}:/opt/ros/humble /usr/bin/cmake --build /home/shen/learn/ROS2/enet_driver_ws/build/enet_receiver_node -- -j16 -l16
[1.403s] DEBUG:colcon.colcon_core.event_handler.log_command:Invoking command in '/home/shen/learn/ROS2/enet_driver_ws/build/enet_receiver_node': CMAKE_PREFIX_PATH=${CMAKE_PREFIX_PATH}:/opt/ros/humble /usr/bin/cmake --install /home/shen/learn/ROS2/enet_driver_ws/build/enet_receiver_node
[1.424s] Level 1:colcon.colcon_core.environment:create_environment_scripts_only(enet_receiver_node)
[1.425s] DEBUG:colcon.colcon_core.event_handler.log_command:Invoked command in '/home/shen/learn/ROS2/enet_driver_ws/build/enet_receiver_node' returned '0': CMAKE_PREFIX_PATH=${CMAKE_PREFIX_PATH}:/opt/ros/humble /usr/bin/cmake --install /home/shen/learn/ROS2/enet_driver_ws/build/enet_receiver_node
[1.441s] Level 1:colcon.colcon_core.environment:checking '/home/shen/learn/ROS2/enet_driver_ws/install/enet_receiver_node' for CMake module files
[1.441s] Level 1:colcon.colcon_core.environment:checking '/home/shen/learn/ROS2/enet_driver_ws/install/enet_receiver_node' for CMake config files
[1.442s] Level 1:colcon.colcon_core.shell:create_environment_hook('enet_receiver_node', 'cmake_prefix_path')
[1.455s] INFO:colcon.colcon_core.shell:Creating environment hook '/home/shen/learn/ROS2/enet_driver_ws/install/enet_receiver_node/share/enet_receiver_node/hook/cmake_prefix_path.ps1'
[1.456s] INFO:colcon.colcon_core.shell:Creating environment descriptor '/home/shen/learn/ROS2/enet_driver_ws/install/enet_receiver_node/share/enet_receiver_node/hook/cmake_prefix_path.dsv'
[1.456s] INFO:colcon.colcon_core.shell:Creating environment hook '/home/shen/learn/ROS2/enet_driver_ws/install/enet_receiver_node/share/enet_receiver_node/hook/cmake_prefix_path.sh'
[1.457s] Level 1:colcon.colcon_core.environment:checking '/home/shen/learn/ROS2/enet_driver_ws/install/enet_receiver_node/lib'
[1.457s] Level 1:colcon.colcon_core.environment:checking '/home/shen/learn/ROS2/enet_driver_ws/install/enet_receiver_node/bin'
[1.457s] Level 1:colcon.colcon_core.environment:checking '/home/shen/learn/ROS2/enet_driver_ws/install/enet_receiver_node/lib/pkgconfig/enet_receiver_node.pc'
[1.458s] Level 1:colcon.colcon_core.environment:checking '/home/shen/learn/ROS2/enet_driver_ws/install/enet_receiver_node/lib/python3.10/site-packages'
[1.458s] Level 1:colcon.colcon_core.environment:checking '/home/shen/learn/ROS2/enet_driver_ws/install/enet_receiver_node/bin'
[1.472s] INFO:colcon.colcon_core.shell:Creating package script '/home/shen/learn/ROS2/enet_driver_ws/install/enet_receiver_node/share/enet_receiver_node/package.ps1'
[1.473s] INFO:colcon.colcon_core.shell:Creating package descriptor '/home/shen/learn/ROS2/enet_driver_ws/install/enet_receiver_node/share/enet_receiver_node/package.dsv'
[1.473s] INFO:colcon.colcon_core.shell:Creating package script '/home/shen/learn/ROS2/enet_driver_ws/install/enet_receiver_node/share/enet_receiver_node/package.sh'
[1.474s] INFO:colcon.colcon_core.shell:Creating package script '/home/shen/learn/ROS2/enet_driver_ws/install/enet_receiver_node/share/enet_receiver_node/package.bash'
[1.475s] INFO:colcon.colcon_core.shell:Creating package script '/home/shen/learn/ROS2/enet_driver_ws/install/enet_receiver_node/share/enet_receiver_node/package.zsh'
[1.475s] Level 1:colcon.colcon_core.environment:create_file_with_runtime_dependencies(/home/shen/learn/ROS2/enet_driver_ws/install/enet_receiver_node/share/colcon-core/packages/enet_receiver_node)
[1.523s] Level 1:colcon.colcon_core.environment:create_environment_scripts_only(enet_receiver_node)
[1.536s] Level 1:colcon.colcon_core.environment:checking '/home/shen/learn/ROS2/enet_driver_ws/install/enet_receiver_node' for CMake module files
[1.537s] Level 1:colcon.colcon_core.environment:checking '/home/shen/learn/ROS2/enet_driver_ws/install/enet_receiver_node' for CMake config files
[1.537s] Level 1:colcon.colcon_core.shell:create_environment_hook('enet_receiver_node', 'cmake_prefix_path')
[1.552s] INFO:colcon.colcon_core.shell:Creating environment hook '/home/shen/learn/ROS2/enet_driver_ws/install/enet_receiver_node/share/enet_receiver_node/hook/cmake_prefix_path.ps1'
[1.552s] INFO:colcon.colcon_core.shell:Creating environment descriptor '/home/shen/learn/ROS2/enet_driver_ws/install/enet_receiver_node/share/enet_receiver_node/hook/cmake_prefix_path.dsv'
[1.552s] INFO:colcon.colcon_core.shell:Creating environment hook '/home/shen/learn/ROS2/enet_driver_ws/install/enet_receiver_node/share/enet_receiver_node/hook/cmake_prefix_path.sh'
[1.553s] Level 1:colcon.colcon_core.environment:checking '/home/shen/learn/ROS2/enet_driver_ws/install/enet_receiver_node/lib'
[1.553s] Level 1:colcon.colcon_core.environment:checking '/home/shen/learn/ROS2/enet_driver_ws/install/enet_receiver_node/bin'
[1.553s] Level 1:colcon.colcon_core.environment:checking '/home/shen/learn/ROS2/enet_driver_ws/install/enet_receiver_node/lib/pkgconfig/enet_receiver_node.pc'
[1.553s] Level 1:colcon.colcon_core.environment:checking '/home/shen/learn/ROS2/enet_driver_ws/install/enet_receiver_node/lib/python3.10/site-packages'
[1.553s] Level 1:colcon.colcon_core.environment:checking '/home/shen/learn/ROS2/enet_driver_ws/install/enet_receiver_node/bin'
[1.566s] INFO:colcon.colcon_core.shell:Creating package script '/home/shen/learn/ROS2/enet_driver_ws/install/enet_receiver_node/share/enet_receiver_node/package.ps1'
[1.567s] INFO:colcon.colcon_core.shell:Creating package descriptor '/home/shen/learn/ROS2/enet_driver_ws/install/enet_receiver_node/share/enet_receiver_node/package.dsv'
[1.567s] INFO:colcon.colcon_core.shell:Creating package script '/home/shen/learn/ROS2/enet_driver_ws/install/enet_receiver_node/share/enet_receiver_node/package.sh'
[1.568s] INFO:colcon.colcon_core.shell:Creating package script '/home/shen/learn/ROS2/enet_driver_ws/install/enet_receiver_node/share/enet_receiver_node/package.bash'
[1.568s] INFO:colcon.colcon_core.shell:Creating package script '/home/shen/learn/ROS2/enet_driver_ws/install/enet_receiver_node/share/enet_receiver_node/package.zsh'
[1.568s] Level 1:colcon.colcon_core.environment:create_file_with_runtime_dependencies(/home/shen/learn/ROS2/enet_driver_ws/install/enet_receiver_node/share/colcon-core/packages/enet_receiver_node)
[8.558s] DEBUG:colcon.colcon_core.event_handler.log_command:Invoked command in '/home/shen/learn/ROS2/enet_driver_ws/build/enet_sender_node' returned '0': CMAKE_PREFIX_PATH=${CMAKE_PREFIX_PATH}:/opt/ros/humble /usr/bin/cmake --build /home/shen/learn/ROS2/enet_driver_ws/build/enet_sender_node -- -j16 -l16
[8.600s] DEBUG:colcon.colcon_core.event_handler.log_command:Invoking command in '/home/shen/learn/ROS2/enet_driver_ws/build/enet_sender_node': CMAKE_PREFIX_PATH=${CMAKE_PREFIX_PATH}:/opt/ros/humble /usr/bin/cmake --install /home/shen/learn/ROS2/enet_driver_ws/build/enet_sender_node
[8.618s] Level 1:colcon.colcon_core.environment:create_environment_scripts_only(enet_sender_node)
[8.618s] DEBUG:colcon.colcon_core.event_handler.log_command:Invoked command in '/home/shen/learn/ROS2/enet_driver_ws/build/enet_sender_node' returned '0': CMAKE_PREFIX_PATH=${CMAKE_PREFIX_PATH}:/opt/ros/humble /usr/bin/cmake --install /home/shen/learn/ROS2/enet_driver_ws/build/enet_sender_node
[8.631s] Level 1:colcon.colcon_core.environment:checking '/home/shen/learn/ROS2/enet_driver_ws/install/enet_sender_node' for CMake module files
[8.632s] Level 1:colcon.colcon_core.environment:checking '/home/shen/learn/ROS2/enet_driver_ws/install/enet_sender_node' for CMake config files
[8.632s] Level 1:colcon.colcon_core.shell:create_environment_hook('enet_sender_node', 'cmake_prefix_path')
[8.645s] INFO:colcon.colcon_core.shell:Creating environment hook '/home/shen/learn/ROS2/enet_driver_ws/install/enet_sender_node/share/enet_sender_node/hook/cmake_prefix_path.ps1'
[8.645s] INFO:colcon.colcon_core.shell:Creating environment descriptor '/home/shen/learn/ROS2/enet_driver_ws/install/enet_sender_node/share/enet_sender_node/hook/cmake_prefix_path.dsv'
[8.646s] INFO:colcon.colcon_core.shell:Creating environment hook '/home/shen/learn/ROS2/enet_driver_ws/install/enet_sender_node/share/enet_sender_node/hook/cmake_prefix_path.sh'
[8.646s] Level 1:colcon.colcon_core.environment:checking '/home/shen/learn/ROS2/enet_driver_ws/install/enet_sender_node/lib'
[8.646s] Level 1:colcon.colcon_core.environment:checking '/home/shen/learn/ROS2/enet_driver_ws/install/enet_sender_node/bin'
[8.646s] Level 1:colcon.colcon_core.environment:checking '/home/shen/learn/ROS2/enet_driver_ws/install/enet_sender_node/lib/pkgconfig/enet_sender_node.pc'
[8.646s] Level 1:colcon.colcon_core.environment:checking '/home/shen/learn/ROS2/enet_driver_ws/install/enet_sender_node/lib/python3.10/site-packages'
[8.647s] Level 1:colcon.colcon_core.environment:checking '/home/shen/learn/ROS2/enet_driver_ws/install/enet_sender_node/bin'
[8.660s] INFO:colcon.colcon_core.shell:Creating package script '/home/shen/learn/ROS2/enet_driver_ws/install/enet_sender_node/share/enet_sender_node/package.ps1'
[8.660s] INFO:colcon.colcon_core.shell:Creating package descriptor '/home/shen/learn/ROS2/enet_driver_ws/install/enet_sender_node/share/enet_sender_node/package.dsv'
[8.661s] INFO:colcon.colcon_core.shell:Creating package script '/home/shen/learn/ROS2/enet_driver_ws/install/enet_sender_node/share/enet_sender_node/package.sh'
[8.661s] INFO:colcon.colcon_core.shell:Creating package script '/home/shen/learn/ROS2/enet_driver_ws/install/enet_sender_node/share/enet_sender_node/package.bash'
[8.661s] INFO:colcon.colcon_core.shell:Creating package script '/home/shen/learn/ROS2/enet_driver_ws/install/enet_sender_node/share/enet_sender_node/package.zsh'
[8.661s] Level 1:colcon.colcon_core.environment:create_file_with_runtime_dependencies(/home/shen/learn/ROS2/enet_driver_ws/install/enet_sender_node/share/colcon-core/packages/enet_sender_node)
[8.707s] Level 1:colcon.colcon_core.environment:create_environment_scripts_only(enet_sender_node)
[8.720s] Level 1:colcon.colcon_core.environment:checking '/home/shen/learn/ROS2/enet_driver_ws/install/enet_sender_node' for CMake module files
[8.721s] Level 1:colcon.colcon_core.environment:checking '/home/shen/learn/ROS2/enet_driver_ws/install/enet_sender_node' for CMake config files
[8.721s] Level 1:colcon.colcon_core.shell:create_environment_hook('enet_sender_node', 'cmake_prefix_path')
[8.734s] INFO:colcon.colcon_core.shell:Creating environment hook '/home/shen/learn/ROS2/enet_driver_ws/install/enet_sender_node/share/enet_sender_node/hook/cmake_prefix_path.ps1'
[8.734s] INFO:colcon.colcon_core.shell:Creating environment descriptor '/home/shen/learn/ROS2/enet_driver_ws/install/enet_sender_node/share/enet_sender_node/hook/cmake_prefix_path.dsv'
[8.735s] INFO:colcon.colcon_core.shell:Creating environment hook '/home/shen/learn/ROS2/enet_driver_ws/install/enet_sender_node/share/enet_sender_node/hook/cmake_prefix_path.sh'
[8.735s] Level 1:colcon.colcon_core.environment:checking '/home/shen/learn/ROS2/enet_driver_ws/install/enet_sender_node/lib'
[8.735s] Level 1:colcon.colcon_core.environment:checking '/home/shen/learn/ROS2/enet_driver_ws/install/enet_sender_node/bin'
[8.735s] Level 1:colcon.colcon_core.environment:checking '/home/shen/learn/ROS2/enet_driver_ws/install/enet_sender_node/lib/pkgconfig/enet_sender_node.pc'
[8.735s] Level 1:colcon.colcon_core.environment:checking '/home/shen/learn/ROS2/enet_driver_ws/install/enet_sender_node/lib/python3.10/site-packages'
[8.735s] Level 1:colcon.colcon_core.environment:checking '/home/shen/learn/ROS2/enet_driver_ws/install/enet_sender_node/bin'
[8.748s] INFO:colcon.colcon_core.shell:Creating package script '/home/shen/learn/ROS2/enet_driver_ws/install/enet_sender_node/share/enet_sender_node/package.ps1'
[8.749s] INFO:colcon.colcon_core.shell:Creating package descriptor '/home/shen/learn/ROS2/enet_driver_ws/install/enet_sender_node/share/enet_sender_node/package.dsv'
[8.749s] INFO:colcon.colcon_core.shell:Creating package script '/home/shen/learn/ROS2/enet_driver_ws/install/enet_sender_node/share/enet_sender_node/package.sh'
[8.750s] INFO:colcon.colcon_core.shell:Creating package script '/home/shen/learn/ROS2/enet_driver_ws/install/enet_sender_node/share/enet_sender_node/package.bash'
[8.750s] INFO:colcon.colcon_core.shell:Creating package script '/home/shen/learn/ROS2/enet_driver_ws/install/enet_sender_node/share/enet_sender_node/package.zsh'
[8.750s] Level 1:colcon.colcon_core.environment:create_file_with_runtime_dependencies(/home/shen/learn/ROS2/enet_driver_ws/install/enet_sender_node/share/colcon-core/packages/enet_sender_node)
[8.750s] DEBUG:colcon.colcon_parallel_executor.executor.parallel:closing loop
[8.751s] DEBUG:colcon.colcon_parallel_executor.executor.parallel:loop closed
[8.751s] DEBUG:colcon.colcon_parallel_executor.executor.parallel:run_until_complete finished with '0'
[8.751s] DEBUG:colcon.colcon_core.event_reactor:joining thread
[8.787s] INFO:colcon.colcon_core.plugin_system:Skipping extension 'colcon_notification.desktop_notification.terminal_notifier': Not used on non-Darwin systems
[8.787s] INFO:colcon.colcon_core.plugin_system:Skipping extension 'colcon_notification.desktop_notification.win32': Not used on non-Windows systems
[8.787s] INFO:colcon.colcon_notification.desktop_notification:Sending desktop notification using 'notify2'
[8.804s] DEBUG:colcon.colcon_core.event_reactor:joined thread
[8.830s] INFO:colcon.colcon_core.shell:Creating prefix script '/home/shen/learn/ROS2/enet_driver_ws/install/local_setup.ps1'
[8.831s] INFO:colcon.colcon_core.shell:Creating prefix util module '/home/shen/learn/ROS2/enet_driver_ws/install/_local_setup_util_ps1.py'
[8.832s] INFO:colcon.colcon_core.shell:Creating prefix chain script '/home/shen/learn/ROS2/enet_driver_ws/install/setup.ps1'
[8.846s] INFO:colcon.colcon_core.shell:Creating prefix script '/home/shen/learn/ROS2/enet_driver_ws/install/local_setup.sh'
[8.847s] INFO:colcon.colcon_core.shell:Creating prefix util module '/home/shen/learn/ROS2/enet_driver_ws/install/_local_setup_util_sh.py'
[8.847s] INFO:colcon.colcon_core.shell:Creating prefix chain script '/home/shen/learn/ROS2/enet_driver_ws/install/setup.sh'
[8.862s] INFO:colcon.colcon_core.shell:Creating prefix script '/home/shen/learn/ROS2/enet_driver_ws/install/local_setup.bash'
[8.863s] INFO:colcon.colcon_core.shell:Creating prefix chain script '/home/shen/learn/ROS2/enet_driver_ws/install/setup.bash'
[8.877s] INFO:colcon.colcon_core.shell:Creating prefix script '/home/shen/learn/ROS2/enet_driver_ws/install/local_setup.zsh'
[8.878s] INFO:colcon.colcon_core.shell:Creating prefix chain script '/home/shen/learn/ROS2/enet_driver_ws/install/setup.zsh'
