[0.050s] Invoking command in '/home/shen/learn/ROS2/decode_ws/build/h264_decode': CMAKE_PREFIX_PATH=/opt/ros/humble /usr/bin/cmake /home/shen/learn/ROS2/decode_ws/src/h264_decode -DCMAKE_INSTALL_PREFIX=/home/shen/learn/ROS2/decode_ws/install/h264_decode
[0.134s] -- The C compiler identification is GNU 11.4.0
[0.239s] -- The CXX compiler identification is GNU 11.4.0
[0.248s] -- Detecting C compiler ABI info
[0.334s] -- Detecting C compiler ABI info - done
[0.340s] -- Check for working C compiler: /usr/bin/cc - skipped
[0.341s] -- Detecting C compile features
[0.341s] -- Detecting C compile features - done
[0.343s] -- Detecting CXX compiler ABI info
[0.453s] -- Detecting CXX compiler ABI info - done
[0.460s] -- Check for working CXX compiler: /usr/bin/c++ - skipped
[0.460s] -- Detecting CXX compile features
[0.460s] -- Detecting CXX compile features - done
[0.463s] -- Found ament_cmake: 1.3.6 (/opt/ros/humble/share/ament_cmake/cmake)
[0.767s] -- Found Python3: /usr/bin/python3.10 (found version "3.10.12") found components: Interpreter 
[0.923s] -- Found rclcpp: 16.0.7 (/opt/ros/humble/share/rclcpp/cmake)
[0.976s] -- Found rosidl_generator_c: 3.1.5 (/opt/ros/humble/share/rosidl_generator_c/cmake)
[0.980s] -- Found rosidl_adapter: 3.1.5 (/opt/ros/humble/share/rosidl_adapter/cmake)
[0.988s] -- Found rosidl_generator_cpp: 3.1.5 (/opt/ros/humble/share/rosidl_generator_cpp/cmake)
[1.000s] -- Using all available rosidl_typesupport_c: rosidl_typesupport_fastrtps_c;rosidl_typesupport_introspection_c
[1.017s] -- Using all available rosidl_typesupport_cpp: rosidl_typesupport_fastrtps_cpp;rosidl_typesupport_introspection_cpp
[1.078s] -- Found rmw_implementation_cmake: 6.1.1 (/opt/ros/humble/share/rmw_implementation_cmake/cmake)
[1.081s] -- Found rmw_cyclonedds_cpp: 1.3.4 (/opt/ros/humble/share/rmw_cyclonedds_cpp/cmake)
[1.108s] -- Using RMW implementation 'rmw_cyclonedds_cpp' as default
[1.117s] -- Looking for pthread.h
[1.224s] -- Looking for pthread.h - found
[1.224s] -- Performing Test CMAKE_HAVE_LIBC_PTHREAD
[1.329s] -- Performing Test CMAKE_HAVE_LIBC_PTHREAD - Success
[1.330s] -- Found Threads: TRUE  
[1.519s] -- Found sensor_msgs: 4.2.3 (/opt/ros/humble/share/sensor_msgs/cmake)
[1.629s] -- Found cv_bridge: 3.2.1 (/opt/ros/humble/share/cv_bridge/cmake)
[1.647s] -- Found OpenCV: /usr (found version "4.5.4") 
[1.649s] -- Found ament_lint_auto: 0.12.9 (/opt/ros/humble/share/ament_lint_auto/cmake)
[1.747s] -- Added test 'lint_cmake' to check CMake code style
[1.748s] -- Added test 'xmllint' to check XML markup files
[1.749s] -- Configuring done
[1.754s] -- Generating done
[1.755s] -- Build files have been written to: /home/shen/learn/ROS2/decode_ws/build/h264_decode
[1.763s] Invoked command in '/home/shen/learn/ROS2/decode_ws/build/h264_decode' returned '0': CMAKE_PREFIX_PATH=/opt/ros/humble /usr/bin/cmake /home/shen/learn/ROS2/decode_ws/src/h264_decode -DCMAKE_INSTALL_PREFIX=/home/shen/learn/ROS2/decode_ws/install/h264_decode
[1.767s] Invoking command in '/home/shen/learn/ROS2/decode_ws/build/h264_decode': CMAKE_PREFIX_PATH=/opt/ros/humble /usr/bin/cmake --build /home/shen/learn/ROS2/decode_ws/build/h264_decode -- -j16 -l16
[1.818s] Invoked command in '/home/shen/learn/ROS2/decode_ws/build/h264_decode' returned '0': CMAKE_PREFIX_PATH=/opt/ros/humble /usr/bin/cmake --build /home/shen/learn/ROS2/decode_ws/build/h264_decode -- -j16 -l16
[1.853s] Invoking command in '/home/shen/learn/ROS2/decode_ws/build/h264_decode': CMAKE_PREFIX_PATH=/opt/ros/humble /usr/bin/cmake --install /home/shen/learn/ROS2/decode_ws/build/h264_decode
[1.868s] -- Install configuration: ""
[1.869s] -- Installing: /home/shen/learn/ROS2/decode_ws/install/h264_decode/share/ament_index/resource_index/package_run_dependencies/h264_decode
[1.869s] -- Installing: /home/shen/learn/ROS2/decode_ws/install/h264_decode/share/ament_index/resource_index/parent_prefix_path/h264_decode
[1.870s] -- Installing: /home/shen/learn/ROS2/decode_ws/install/h264_decode/share/h264_decode/environment/ament_prefix_path.sh
[1.870s] -- Installing: /home/shen/learn/ROS2/decode_ws/install/h264_decode/share/h264_decode/environment/ament_prefix_path.dsv
[1.870s] -- Installing: /home/shen/learn/ROS2/decode_ws/install/h264_decode/share/h264_decode/environment/path.sh
[1.871s] -- Installing: /home/shen/learn/ROS2/decode_ws/install/h264_decode/share/h264_decode/environment/path.dsv
[1.871s] -- Installing: /home/shen/learn/ROS2/decode_ws/install/h264_decode/share/h264_decode/local_setup.bash
[1.871s] -- Installing: /home/shen/learn/ROS2/decode_ws/install/h264_decode/share/h264_decode/local_setup.sh
[1.871s] -- Installing: /home/shen/learn/ROS2/decode_ws/install/h264_decode/share/h264_decode/local_setup.zsh
[1.872s] -- Installing: /home/shen/learn/ROS2/decode_ws/install/h264_decode/share/h264_decode/local_setup.dsv
[1.872s] -- Installing: /home/shen/learn/ROS2/decode_ws/install/h264_decode/share/h264_decode/package.dsv
[1.873s] -- Installing: /home/shen/learn/ROS2/decode_ws/install/h264_decode/share/ament_index/resource_index/packages/h264_decode
[1.873s] -- Installing: /home/shen/learn/ROS2/decode_ws/install/h264_decode/share/h264_decode/cmake/h264_decodeConfig.cmake
[1.873s] -- Installing: /home/shen/learn/ROS2/decode_ws/install/h264_decode/share/h264_decode/cmake/h264_decodeConfig-version.cmake
[1.873s] -- Installing: /home/shen/learn/ROS2/decode_ws/install/h264_decode/share/h264_decode/package.xml
[1.877s] Invoked command in '/home/shen/learn/ROS2/decode_ws/build/h264_decode' returned '0': CMAKE_PREFIX_PATH=/opt/ros/humble /usr/bin/cmake --install /home/shen/learn/ROS2/decode_ws/build/h264_decode
