[0.051s] Invoking command in '/home/shen/learn/ROS2/inject_ws/build/replay_server': CMAKE_PREFIX_PATH=/opt/ros/humble /usr/bin/cmake --build /home/shen/learn/ROS2/inject_ws/build/replay_server -- -j16 -l16
[0.117s] [35m[1mConsolidate compiler generated dependencies of target replay_server_node[0m
[0.169s] [ 50%] [32mBuilding CXX object CMakeFiles/replay_server_node.dir/src/replay_server_node.cpp.o[0m
[2.464s] In file included from [01m[K/usr/include/x86_64-linux-gnu/c++/11/bits/c++allocator.h:33[m[K,
[2.465s]                  from [01m[K/usr/include/c++/11/bits/allocator.h:46[m[K,
[2.465s]                  from [01m[K/usr/include/c++/11/memory:64[m[K,
[2.465s]                  from [01m[K/opt/ros/humble/include/rclcpp/rclcpp/rclcpp.hpp:153[m[K,
[2.465s]                  from [01m[K/home/shen/learn/ROS2/inject_ws/src/replay_server/src/replay_server_node.cpp:1[m[K:
[2.466s] /usr/include/c++/11/ext/new_allocator.h: In instantiation of ‘[01m[Kvoid __gnu_cxx::new_allocator<_Tp>::construct(_Up*, _Args&& ...) [with _Up = ReplayServerNode; _Args = {}; _Tp = ReplayServerNode][m[K’:
[2.466s] [01m[K/usr/include/c++/11/bits/alloc_traits.h:516:17:[m[K   required from ‘[01m[Kstatic void std::allocator_traits<std::allocator<_Tp1> >::construct(std::allocator_traits<std::allocator<_Tp1> >::allocator_type&, _Up*, _Args&& ...) [with _Up = ReplayServerNode; _Args = {}; _Tp = ReplayServerNode; std::allocator_traits<std::allocator<_Tp1> >::allocator_type = std::allocator<ReplayServerNode>][m[K’
[2.466s] [01m[K/usr/include/c++/11/bits/shared_ptr_base.h:519:39:[m[K   required from ‘[01m[Kstd::_Sp_counted_ptr_inplace<_Tp, _Alloc, _Lp>::_Sp_counted_ptr_inplace(_Alloc, _Args&& ...) [with _Args = {}; _Tp = ReplayServerNode; _Alloc = std::allocator<ReplayServerNode>; __gnu_cxx::_Lock_policy _Lp = __gnu_cxx::_S_atomic][m[K’
[2.466s] [01m[K/usr/include/c++/11/bits/shared_ptr_base.h:650:16:[m[K   required from ‘[01m[Kstd::__shared_count<_Lp>::__shared_count(_Tp*&, std::_Sp_alloc_shared_tag<_Alloc>, _Args&& ...) [with _Tp = ReplayServerNode; _Alloc = std::allocator<ReplayServerNode>; _Args = {}; __gnu_cxx::_Lock_policy _Lp = __gnu_cxx::_S_atomic][m[K’
[2.467s] [01m[K/usr/include/c++/11/bits/shared_ptr_base.h:1342:14:[m[K   required from ‘[01m[Kstd::__shared_ptr<_Tp, _Lp>::__shared_ptr(std::_Sp_alloc_shared_tag<_Tp>, _Args&& ...) [with _Alloc = std::allocator<ReplayServerNode>; _Args = {}; _Tp = ReplayServerNode; __gnu_cxx::_Lock_policy _Lp = __gnu_cxx::_S_atomic][m[K’
[2.467s] [01m[K/usr/include/c++/11/bits/shared_ptr.h:409:59:[m[K   required from ‘[01m[Kstd::shared_ptr<_Tp>::shared_ptr(std::_Sp_alloc_shared_tag<_Tp>, _Args&& ...) [with _Alloc = std::allocator<ReplayServerNode>; _Args = {}; _Tp = ReplayServerNode][m[K’
[2.467s] [01m[K/usr/include/c++/11/bits/shared_ptr.h:862:14:[m[K   required from ‘[01m[Kstd::shared_ptr<_Tp> std::allocate_shared(const _Alloc&, _Args&& ...) [with _Tp = ReplayServerNode; _Alloc = std::allocator<ReplayServerNode>; _Args = {}][m[K’
[2.467s] [01m[K/usr/include/c++/11/bits/shared_ptr.h:878:39:[m[K   required from ‘[01m[Kstd::shared_ptr<_Tp> std::make_shared(_Args&& ...) [with _Tp = ReplayServerNode; _Args = {}][m[K’
[2.468s] [01m[K/home/shen/learn/ROS2/inject_ws/src/replay_server/src/replay_server_node.cpp:49:52:[m[K   required from here
[2.468s] [01m[K/usr/include/c++/11/ext/new_allocator.h:162:11:[m[K [01;31m[Kerror: [m[K‘[01m[KReplayServerNode::ReplayServerNode()[m[K’ is private within this context
[2.468s]   162 |         { [01;31m[K::new((void *)__p) _Up(std::forward<_Args>(__args)...)[m[K; }
[2.468s]       |           [01;31m[K^~~~~~~~~~~~~~~~~~~~~~~~~~~~~~~~~~~~~~~~~~~~~~~~~~~~~~[m[K
[2.469s] [01m[K/home/shen/learn/ROS2/inject_ws/src/replay_server/src/replay_server_node.cpp:6:5:[m[K [01;36m[Knote: [m[Kdeclared private here
[2.469s]     6 |     [01;36m[KReplayServerNode[m[K() : Node("replay_server_node")
[2.469s]       |     [01;36m[K^~~~~~~~~~~~~~~~[m[K
[2.665s] gmake[2]: *** [CMakeFiles/replay_server_node.dir/build.make:76：CMakeFiles/replay_server_node.dir/src/replay_server_node.cpp.o] 错误 1
[2.666s] gmake[1]: *** [CMakeFiles/Makefile2:137：CMakeFiles/replay_server_node.dir/all] 错误 2
[2.666s] gmake: *** [Makefile:146：all] 错误 2
[2.671s] Invoked command in '/home/shen/learn/ROS2/inject_ws/build/replay_server' returned '2': CMAKE_PREFIX_PATH=/opt/ros/humble /usr/bin/cmake --build /home/shen/learn/ROS2/inject_ws/build/replay_server -- -j16 -l16
