[0.066s] Invoking command in '/home/shen/learn/ROS2/ethernet_ws/build/udp_driver': CMAKE_PREFIX_PATH=/home/shen/learn/ROS2/ethernet_ws/install/io_context:/home/shen/learn/ROS2/ethernet_ws/install/asio_cmake_module:/home/shen/learn/ROS2/ethernet_ws/install/udp_driver:/home/shen/learn/ROS2/ethernet_ws/install/serial_driver:/home/shen/learn/ROS2/ethernet_ws/install/my_ethernet_utils:/opt/ros/humble LD_LIBRARY_PATH=/home/shen/learn/ROS2/ethernet_ws/install/io_context/lib:/home/shen/learn/ROS2/ethernet_ws/install/udp_driver/lib:/home/shen/learn/ROS2/ethernet_ws/install/serial_driver/lib:/usr/lib/x86_64-linux-gnu/gazebo-11/plugins:/opt/ros/humble/opt/rviz_ogre_vendor/lib:/opt/ros/humble/lib/x86_64-linux-gnu:/opt/ros/humble/lib /usr/bin/cmake /home/shen/learn/ROS2/ethernet_ws/src/transport_drivers/udp_driver -DCMAKE_INSTALL_PREFIX=/home/shen/learn/ROS2/ethernet_ws/install/udp_driver
[0.145s] -- The C compiler identification is GNU 11.4.0
[0.235s] -- The CXX compiler identification is GNU 11.4.0
[0.244s] -- Detecting C compiler ABI info
[0.336s] -- Detecting C compiler ABI info - done
[0.353s] -- Check for working C compiler: /usr/bin/cc - skipped
[0.353s] -- Detecting C compile features
[0.354s] -- Detecting C compile features - done
[0.360s] -- Detecting CXX compiler ABI info
[0.479s] -- Detecting CXX compiler ABI info - done
[0.486s] -- Check for working CXX compiler: /usr/bin/c++ - skipped
[0.486s] -- Detecting CXX compile features
[0.486s] -- Detecting CXX compile features - done
[0.489s] -- Found ament_cmake_auto: 1.3.6 (/opt/ros/humble/share/ament_cmake_auto/cmake)
[0.667s] -- Found Python3: /usr/bin/python3.10 (found version "3.10.12") found components: Interpreter 
[0.966s] -- Found rosidl_generator_c: 3.1.5 (/opt/ros/humble/share/rosidl_generator_c/cmake)
[0.971s] -- Found rosidl_adapter: 3.1.5 (/opt/ros/humble/share/rosidl_adapter/cmake)
[0.979s] -- Found rosidl_generator_cpp: 3.1.5 (/opt/ros/humble/share/rosidl_generator_cpp/cmake)
[0.991s] -- Using all available rosidl_typesupport_c: rosidl_typesupport_fastrtps_c;rosidl_typesupport_introspection_c
[1.009s] -- Using all available rosidl_typesupport_cpp: rosidl_typesupport_fastrtps_cpp;rosidl_typesupport_introspection_cpp
[1.071s] -- Found rmw_implementation_cmake: 6.1.1 (/opt/ros/humble/share/rmw_implementation_cmake/cmake)
[1.074s] -- Found rmw_cyclonedds_cpp: 1.3.4 (/opt/ros/humble/share/rmw_cyclonedds_cpp/cmake)
[1.103s] -- Using RMW implementation 'rmw_cyclonedds_cpp' as default
[1.112s] -- Looking for pthread.h
[1.192s] -- Looking for pthread.h - found
[1.192s] -- Performing Test CMAKE_HAVE_LIBC_PTHREAD
[1.285s] -- Performing Test CMAKE_HAVE_LIBC_PTHREAD - Success
[1.286s] -- Found Threads: TRUE  
[1.579s] -- Found ASIO: /usr/include  
[1.643s] -- Found ament_lint_auto: 0.12.9 (/opt/ros/humble/share/ament_lint_auto/cmake)
[1.664s] -- Found gtest sources under '/opt/ros/humble/src/gtest_vendor': C++ tests using 'Google Test' will be built
[1.680s] -- Added test 'copyright' to check source files copyright and LICENSE
[1.682s] -- Added test 'cppcheck' to perform static code analysis on C / C++ code
[1.683s] -- Configured cppcheck include dirs: /home/shen/learn/ROS2/ethernet_ws/src/transport_drivers/udp_driver/include
[1.683s] -- Configured cppcheck exclude dirs and/or files: 
[1.685s] -- Added test 'cpplint' to check C / C++ code against the Google style
[1.685s] -- Configured cpplint exclude dirs and/or files: 
[1.685s] -- Added test 'flake8' to check Python code syntax and style conventions
[1.686s] -- Added test 'lint_cmake' to check CMake code style
[1.687s] -- Added test 'pep257' to check Python code against some of the docstring style conventions in PEP 257
[1.688s] -- Added test 'uncrustify' to check C / C++ code style
[1.689s] -- Configured uncrustify additional arguments: 
[1.689s] -- Added test 'xmllint' to check XML markup files
[1.692s] -- Configuring done
[1.789s] -- Generating done
[1.791s] -- Build files have been written to: /home/shen/learn/ROS2/ethernet_ws/build/udp_driver
[1.801s] Invoked command in '/home/shen/learn/ROS2/ethernet_ws/build/udp_driver' returned '0': CMAKE_PREFIX_PATH=/home/shen/learn/ROS2/ethernet_ws/install/io_context:/home/shen/learn/ROS2/ethernet_ws/install/asio_cmake_module:/home/shen/learn/ROS2/ethernet_ws/install/udp_driver:/home/shen/learn/ROS2/ethernet_ws/install/serial_driver:/home/shen/learn/ROS2/ethernet_ws/install/my_ethernet_utils:/opt/ros/humble LD_LIBRARY_PATH=/home/shen/learn/ROS2/ethernet_ws/install/io_context/lib:/home/shen/learn/ROS2/ethernet_ws/install/udp_driver/lib:/home/shen/learn/ROS2/ethernet_ws/install/serial_driver/lib:/usr/lib/x86_64-linux-gnu/gazebo-11/plugins:/opt/ros/humble/opt/rviz_ogre_vendor/lib:/opt/ros/humble/lib/x86_64-linux-gnu:/opt/ros/humble/lib /usr/bin/cmake /home/shen/learn/ROS2/ethernet_ws/src/transport_drivers/udp_driver -DCMAKE_INSTALL_PREFIX=/home/shen/learn/ROS2/ethernet_ws/install/udp_driver
[1.804s] Invoking command in '/home/shen/learn/ROS2/ethernet_ws/build/udp_driver': CMAKE_PREFIX_PATH=/home/shen/learn/ROS2/ethernet_ws/install/io_context:/home/shen/learn/ROS2/ethernet_ws/install/asio_cmake_module:/home/shen/learn/ROS2/ethernet_ws/install/udp_driver:/home/shen/learn/ROS2/ethernet_ws/install/serial_driver:/home/shen/learn/ROS2/ethernet_ws/install/my_ethernet_utils:/opt/ros/humble LD_LIBRARY_PATH=/home/shen/learn/ROS2/ethernet_ws/install/io_context/lib:/home/shen/learn/ROS2/ethernet_ws/install/udp_driver/lib:/home/shen/learn/ROS2/ethernet_ws/install/serial_driver/lib:/usr/lib/x86_64-linux-gnu/gazebo-11/plugins:/opt/ros/humble/opt/rviz_ogre_vendor/lib:/opt/ros/humble/lib/x86_64-linux-gnu:/opt/ros/humble/lib /usr/bin/cmake --build /home/shen/learn/ROS2/ethernet_ws/build/udp_driver -- -j16 -l16
[1.884s] [  4%] [32mBuilding CXX object CMakeFiles/udp_sender_node_exe.dir/rclcpp_components/node_main_udp_sender_node_exe.cpp.o[0m
[1.886s] [  8%] [32mBuilding CXX object CMakeFiles/udp_driver.dir/src/udp_socket.cpp.o[0m
[1.889s] [ 12%] [32mBuilding CXX object gtest/CMakeFiles/gtest.dir/src/gtest-all.cc.o[0m
[1.890s] [ 16%] [32mBuilding CXX object CMakeFiles/udp_driver.dir/src/udp_driver.cpp.o[0m
[1.892s] [ 20%] [32mBuilding CXX object CMakeFiles/udp_receiver_node_exe.dir/rclcpp_components/node_main_udp_receiver_node_exe.cpp.o[0m
[1.893s] [ 25%] [32mBuilding CXX object gtest/CMakeFiles/gtest_main.dir/src/gtest_main.cc.o[0m
[2.887s] [ 29%] [32m[1mLinking CXX static library libgtest_main.a[0m
[2.937s] [ 29%] Built target gtest_main
[4.762s] [ 33%] [32m[1mLinking CXX shared library libudp_driver.so[0m
[4.990s] [ 33%] Built target udp_driver
[5.021s] [ 37%] [32mBuilding CXX object CMakeFiles/udp_driver_nodes.dir/src/udp_receiver_node.cpp.o[0m
[5.023s] [ 41%] [32mBuilding CXX object CMakeFiles/udp_driver_nodes.dir/src/udp_sender_node.cpp.o[0m
[5.309s] [ 45%] [32m[1mLinking CXX executable udp_sender_node_exe[0m
[5.475s] [ 45%] Built target udp_sender_node_exe
[5.516s] [ 50%] [32m[1mLinking CXX executable udp_receiver_node_exe[0m
[5.685s] [ 50%] Built target udp_receiver_node_exe
[5.757s] [ 54%] [32m[1mLinking CXX static library libgtest.a[0m
[5.828s] [ 54%] Built target gtest
[13.372s] [ 58%] [32m[1mLinking CXX shared library libudp_driver_nodes.so[0m
[14.137s] [ 58%] Built target udp_driver_nodes
[14.159s] [ 62%] [32mBuilding CXX object CMakeFiles/test_udp_socket.dir/test/test_udp_socket.cpp.o[0m
[14.160s] [ 66%] [32mBuilding CXX object CMakeFiles/udp_bridge_node_exe.dir/src/udp_bridge_node.cpp.o[0m
[14.160s] [ 70%] [32mBuilding CXX object CMakeFiles/test_udp_driver.dir/test/test_udp_driver.cpp.o[0m
[14.161s] [ 75%] [32mBuilding CXX object CMakeFiles/test_udp_driver_nodes.dir/test/test_udp_driver_nodes.cpp.o[0m
[14.176s] [ 79%] [32mBuilding CXX object CMakeFiles/test_udp_data.dir/test/test_udp_data.cpp.o[0m
[16.364s] [ 83%] [32m[1mLinking CXX executable test_udp_socket[0m
[16.517s] [ 87%] [32m[1mLinking CXX executable test_udp_data[0m
[16.648s] [ 87%] Built target test_udp_socket
[16.794s] [ 87%] Built target test_udp_data
[17.803s] [ 91%] [32m[1mLinking CXX executable udp_bridge_node_exe[0m
[18.269s] [ 91%] Built target udp_bridge_node_exe
[18.434s] [ 95%] [32m[1mLinking CXX executable test_udp_driver[0m
[18.690s] [ 95%] Built target test_udp_driver
[23.037s] [100%] [32m[1mLinking CXX executable test_udp_driver_nodes[0m
[23.797s] [100%] Built target test_udp_driver_nodes
[23.828s] Invoked command in '/home/shen/learn/ROS2/ethernet_ws/build/udp_driver' returned '0': CMAKE_PREFIX_PATH=/home/shen/learn/ROS2/ethernet_ws/install/io_context:/home/shen/learn/ROS2/ethernet_ws/install/asio_cmake_module:/home/shen/learn/ROS2/ethernet_ws/install/udp_driver:/home/shen/learn/ROS2/ethernet_ws/install/serial_driver:/home/shen/learn/ROS2/ethernet_ws/install/my_ethernet_utils:/opt/ros/humble LD_LIBRARY_PATH=/home/shen/learn/ROS2/ethernet_ws/install/io_context/lib:/home/shen/learn/ROS2/ethernet_ws/install/udp_driver/lib:/home/shen/learn/ROS2/ethernet_ws/install/serial_driver/lib:/usr/lib/x86_64-linux-gnu/gazebo-11/plugins:/opt/ros/humble/opt/rviz_ogre_vendor/lib:/opt/ros/humble/lib/x86_64-linux-gnu:/opt/ros/humble/lib /usr/bin/cmake --build /home/shen/learn/ROS2/ethernet_ws/build/udp_driver -- -j16 -l16
[23.907s] Invoking command in '/home/shen/learn/ROS2/ethernet_ws/build/udp_driver': CMAKE_PREFIX_PATH=/home/shen/learn/ROS2/ethernet_ws/install/io_context:/home/shen/learn/ROS2/ethernet_ws/install/asio_cmake_module:/home/shen/learn/ROS2/ethernet_ws/install/udp_driver:/home/shen/learn/ROS2/ethernet_ws/install/serial_driver:/home/shen/learn/ROS2/ethernet_ws/install/my_ethernet_utils:/opt/ros/humble LD_LIBRARY_PATH=/home/shen/learn/ROS2/ethernet_ws/install/io_context/lib:/home/shen/learn/ROS2/ethernet_ws/install/udp_driver/lib:/home/shen/learn/ROS2/ethernet_ws/install/serial_driver/lib:/usr/lib/x86_64-linux-gnu/gazebo-11/plugins:/opt/ros/humble/opt/rviz_ogre_vendor/lib:/opt/ros/humble/lib/x86_64-linux-gnu:/opt/ros/humble/lib /usr/bin/cmake --install /home/shen/learn/ROS2/ethernet_ws/build/udp_driver
[23.914s] -- Install configuration: ""
[23.914s] -- Installing: /home/shen/learn/ROS2/ethernet_ws/install/udp_driver/lib/udp_driver/udp_receiver_node_exe
[23.914s] -- Set runtime path of "/home/shen/learn/ROS2/ethernet_ws/install/udp_driver/lib/udp_driver/udp_receiver_node_exe" to ""
[23.915s] -- Installing: /home/shen/learn/ROS2/ethernet_ws/install/udp_driver/lib/udp_driver/udp_sender_node_exe
[23.916s] -- Set runtime path of "/home/shen/learn/ROS2/ethernet_ws/install/udp_driver/lib/udp_driver/udp_sender_node_exe" to ""
[23.916s] -- Installing: /home/shen/learn/ROS2/ethernet_ws/install/udp_driver/include
[23.916s] -- Installing: /home/shen/learn/ROS2/ethernet_ws/install/udp_driver/include/udp_driver
[23.917s] -- Installing: /home/shen/learn/ROS2/ethernet_ws/install/udp_driver/include/udp_driver/udp_driver.hpp
[23.917s] -- Installing: /home/shen/learn/ROS2/ethernet_ws/install/udp_driver/include/udp_driver/visibility_control.hpp
[23.918s] -- Installing: /home/shen/learn/ROS2/ethernet_ws/install/udp_driver/include/udp_driver/udp_sender_node.hpp
[23.918s] -- Installing: /home/shen/learn/ROS2/ethernet_ws/install/udp_driver/include/udp_driver/udp_receiver_node.hpp
[23.918s] -- Installing: /home/shen/learn/ROS2/ethernet_ws/install/udp_driver/include/udp_driver/udp_socket.hpp
[23.919s] -- Installing: /home/shen/learn/ROS2/ethernet_ws/install/udp_driver/share/udp_driver/environment/library_path.sh
[23.919s] -- Installing: /home/shen/learn/ROS2/ethernet_ws/install/udp_driver/share/udp_driver/environment/library_path.dsv
[23.920s] -- Installing: /home/shen/learn/ROS2/ethernet_ws/install/udp_driver/lib/libudp_driver.so
[23.924s] -- Set runtime path of "/home/shen/learn/ROS2/ethernet_ws/install/udp_driver/lib/libudp_driver.so" to ""
[23.924s] -- Installing: /home/shen/learn/ROS2/ethernet_ws/install/udp_driver/lib/libudp_driver_nodes.so
[23.936s] -- Set runtime path of "/home/shen/learn/ROS2/ethernet_ws/install/udp_driver/lib/libudp_driver_nodes.so" to ""
[23.936s] -- Installing: /home/shen/learn/ROS2/ethernet_ws/install/udp_driver/lib/udp_driver/udp_bridge_node_exe
[23.937s] -- Set runtime path of "/home/shen/learn/ROS2/ethernet_ws/install/udp_driver/lib/udp_driver/udp_bridge_node_exe" to ""
[23.937s] -- Installing: /home/shen/learn/ROS2/ethernet_ws/install/udp_driver/share/ament_index/resource_index/package_run_dependencies/udp_driver
[23.937s] -- Installing: /home/shen/learn/ROS2/ethernet_ws/install/udp_driver/share/ament_index/resource_index/parent_prefix_path/udp_driver
[23.937s] -- Installing: /home/shen/learn/ROS2/ethernet_ws/install/udp_driver/share/udp_driver/environment/ament_prefix_path.sh
[23.937s] -- Installing: /home/shen/learn/ROS2/ethernet_ws/install/udp_driver/share/udp_driver/environment/ament_prefix_path.dsv
[23.938s] -- Installing: /home/shen/learn/ROS2/ethernet_ws/install/udp_driver/share/udp_driver/environment/path.sh
[23.938s] -- Installing: /home/shen/learn/ROS2/ethernet_ws/install/udp_driver/share/udp_driver/environment/path.dsv
[23.938s] -- Installing: /home/shen/learn/ROS2/ethernet_ws/install/udp_driver/share/udp_driver/local_setup.bash
[23.938s] -- Installing: /home/shen/learn/ROS2/ethernet_ws/install/udp_driver/share/udp_driver/local_setup.sh
[23.938s] -- Installing: /home/shen/learn/ROS2/ethernet_ws/install/udp_driver/share/udp_driver/local_setup.zsh
[23.938s] -- Installing: /home/shen/learn/ROS2/ethernet_ws/install/udp_driver/share/udp_driver/local_setup.dsv
[23.938s] -- Installing: /home/shen/learn/ROS2/ethernet_ws/install/udp_driver/share/udp_driver/package.dsv
[23.938s] -- Installing: /home/shen/learn/ROS2/ethernet_ws/install/udp_driver/share/ament_index/resource_index/packages/udp_driver
[23.939s] -- Installing: /home/shen/learn/ROS2/ethernet_ws/install/udp_driver/share/ament_index/resource_index/rclcpp_components/udp_driver
[23.939s] -- Installing: /home/shen/learn/ROS2/ethernet_ws/install/udp_driver/share/udp_driver/cmake/ament_cmake_export_dependencies-extras.cmake
[23.939s] -- Installing: /home/shen/learn/ROS2/ethernet_ws/install/udp_driver/share/udp_driver/cmake/ament_cmake_export_include_directories-extras.cmake
[23.939s] -- Installing: /home/shen/learn/ROS2/ethernet_ws/install/udp_driver/share/udp_driver/cmake/ament_cmake_export_libraries-extras.cmake
[23.939s] -- Installing: /home/shen/learn/ROS2/ethernet_ws/install/udp_driver/share/udp_driver/cmake/udp_driverConfig.cmake
[23.939s] -- Installing: /home/shen/learn/ROS2/ethernet_ws/install/udp_driver/share/udp_driver/cmake/udp_driverConfig-version.cmake
[23.939s] -- Installing: /home/shen/learn/ROS2/ethernet_ws/install/udp_driver/share/udp_driver/package.xml
[23.943s] Invoked command in '/home/shen/learn/ROS2/ethernet_ws/build/udp_driver' returned '0': CMAKE_PREFIX_PATH=/home/shen/learn/ROS2/ethernet_ws/install/io_context:/home/shen/learn/ROS2/ethernet_ws/install/asio_cmake_module:/home/shen/learn/ROS2/ethernet_ws/install/udp_driver:/home/shen/learn/ROS2/ethernet_ws/install/serial_driver:/home/shen/learn/ROS2/ethernet_ws/install/my_ethernet_utils:/opt/ros/humble LD_LIBRARY_PATH=/home/shen/learn/ROS2/ethernet_ws/install/io_context/lib:/home/shen/learn/ROS2/ethernet_ws/install/udp_driver/lib:/home/shen/learn/ROS2/ethernet_ws/install/serial_driver/lib:/usr/lib/x86_64-linux-gnu/gazebo-11/plugins:/opt/ros/humble/opt/rviz_ogre_vendor/lib:/opt/ros/humble/lib/x86_64-linux-gnu:/opt/ros/humble/lib /usr/bin/cmake --install /home/shen/learn/ROS2/ethernet_ws/build/udp_driver
