[0.065s] Invoking command in '/home/shen/learn/ROS2/ars408_ws/build/ros2_socketcan': CMAKE_PREFIX_PATH=/home/shen/learn/ROS2/ars408_ws/install/ros2_socketcan_msgs:/home/shen/learn/ROS2/ars408_ws/install/pe_ars408_ros:/home/shen/learn/ROS2/ars408_ws/install/ros2_socketcan:/opt/ros/humble LD_LIBRARY_PATH=/home/shen/learn/ROS2/ars408_ws/install/ros2_socketcan_msgs/lib:/home/shen/learn/ROS2/ars408_ws/install/pe_ars408_ros/lib:/home/shen/learn/ROS2/ars408_ws/install/ros2_socketcan/lib:/usr/lib/x86_64-linux-gnu/gazebo-11/plugins:/opt/ros/humble/opt/rviz_ogre_vendor/lib:/opt/ros/humble/lib/x86_64-linux-gnu:/opt/ros/humble/lib /usr/bin/cmake --build /home/shen/learn/ROS2/ars408_ws/build/ros2_socketcan -- -j16 -l16
[0.131s] [ 19%] Built target gtest
[0.131s] [ 33%] Built target ros2_socketcan
[0.140s] [ 42%] Built target gtest_main
[0.141s] [ 52%] Built target socket_can_sender_node_exe
[0.144s] [ 61%] Built target socket_can_receiver_node_exe
[0.167s] [ 71%] Built target socket_can_receiver_node
[0.178s] [ 90%] Built target ros2_socketcan_test
[0.216s] [100%] Built target socket_can_sender_node
[0.230s] Invoked command in '/home/shen/learn/ROS2/ars408_ws/build/ros2_socketcan' returned '0': CMAKE_PREFIX_PATH=/home/shen/learn/ROS2/ars408_ws/install/ros2_socketcan_msgs:/home/shen/learn/ROS2/ars408_ws/install/pe_ars408_ros:/home/shen/learn/ROS2/ars408_ws/install/ros2_socketcan:/opt/ros/humble LD_LIBRARY_PATH=/home/shen/learn/ROS2/ars408_ws/install/ros2_socketcan_msgs/lib:/home/shen/learn/ROS2/ars408_ws/install/pe_ars408_ros/lib:/home/shen/learn/ROS2/ars408_ws/install/ros2_socketcan/lib:/usr/lib/x86_64-linux-gnu/gazebo-11/plugins:/opt/ros/humble/opt/rviz_ogre_vendor/lib:/opt/ros/humble/lib/x86_64-linux-gnu:/opt/ros/humble/lib /usr/bin/cmake --build /home/shen/learn/ROS2/ars408_ws/build/ros2_socketcan -- -j16 -l16
[0.321s] Invoking command in '/home/shen/learn/ROS2/ars408_ws/build/ros2_socketcan': CMAKE_PREFIX_PATH=/home/shen/learn/ROS2/ars408_ws/install/ros2_socketcan_msgs:/home/shen/learn/ROS2/ars408_ws/install/pe_ars408_ros:/home/shen/learn/ROS2/ars408_ws/install/ros2_socketcan:/opt/ros/humble LD_LIBRARY_PATH=/home/shen/learn/ROS2/ars408_ws/install/ros2_socketcan_msgs/lib:/home/shen/learn/ROS2/ars408_ws/install/pe_ars408_ros/lib:/home/shen/learn/ROS2/ars408_ws/install/ros2_socketcan/lib:/usr/lib/x86_64-linux-gnu/gazebo-11/plugins:/opt/ros/humble/opt/rviz_ogre_vendor/lib:/opt/ros/humble/lib/x86_64-linux-gnu:/opt/ros/humble/lib /usr/bin/cmake --install /home/shen/learn/ROS2/ars408_ws/build/ros2_socketcan
[0.335s] -- Install configuration: ""
[0.336s] -- Up-to-date: /home/shen/learn/ROS2/ars408_ws/install/ros2_socketcan/lib/ros2_socketcan/socket_can_receiver_node_exe
[0.336s] -- Up-to-date: /home/shen/learn/ROS2/ars408_ws/install/ros2_socketcan/lib/ros2_socketcan/socket_can_sender_node_exe
[0.337s] -- Up-to-date: /home/shen/learn/ROS2/ars408_ws/install/ros2_socketcan/include
[0.337s] -- Up-to-date: /home/shen/learn/ROS2/ars408_ws/install/ros2_socketcan/include/ros2_socketcan
[0.337s] -- Up-to-date: /home/shen/learn/ROS2/ars408_ws/install/ros2_socketcan/include/ros2_socketcan/visibility_control.hpp
[0.337s] -- Up-to-date: /home/shen/learn/ROS2/ars408_ws/install/ros2_socketcan/include/ros2_socketcan/socket_can_common.hpp
[0.337s] -- Up-to-date: /home/shen/learn/ROS2/ars408_ws/install/ros2_socketcan/include/ros2_socketcan/socket_can_sender.hpp
[0.338s] -- Up-to-date: /home/shen/learn/ROS2/ars408_ws/install/ros2_socketcan/include/ros2_socketcan/socket_can_id.hpp
[0.338s] -- Up-to-date: /home/shen/learn/ROS2/ars408_ws/install/ros2_socketcan/include/ros2_socketcan/socket_can_receiver_node.hpp
[0.338s] -- Up-to-date: /home/shen/learn/ROS2/ars408_ws/install/ros2_socketcan/include/ros2_socketcan/socket_can_receiver.hpp
[0.338s] -- Up-to-date: /home/shen/learn/ROS2/ars408_ws/install/ros2_socketcan/include/ros2_socketcan/socket_can_sender_node.hpp
[0.338s] -- Up-to-date: /home/shen/learn/ROS2/ars408_ws/install/ros2_socketcan/share/ros2_socketcan/environment/library_path.sh
[0.338s] -- Up-to-date: /home/shen/learn/ROS2/ars408_ws/install/ros2_socketcan/share/ros2_socketcan/environment/library_path.dsv
[0.338s] -- Up-to-date: /home/shen/learn/ROS2/ars408_ws/install/ros2_socketcan/lib/libros2_socketcan.so
[0.339s] -- Up-to-date: /home/shen/learn/ROS2/ars408_ws/install/ros2_socketcan/lib/libsocket_can_receiver_node.so
[0.339s] -- Up-to-date: /home/shen/learn/ROS2/ars408_ws/install/ros2_socketcan/lib/libsocket_can_sender_node.so
[0.340s] -- Up-to-date: /home/shen/learn/ROS2/ars408_ws/install/ros2_socketcan/share/ros2_socketcan/launch
[0.340s] -- Up-to-date: /home/shen/learn/ROS2/ars408_ws/install/ros2_socketcan/share/ros2_socketcan/launch/socket_can_bridge.launch.xml
[0.340s] -- Installing: /home/shen/learn/ROS2/ars408_ws/install/ros2_socketcan/share/ros2_socketcan/launch/socket_can_receiver.launch.py
[0.341s] -- Up-to-date: /home/shen/learn/ROS2/ars408_ws/install/ros2_socketcan/share/ros2_socketcan/launch/socket_can_sender.launch.py
[0.341s] -- Up-to-date: /home/shen/learn/ROS2/ars408_ws/install/ros2_socketcan/share/ament_index/resource_index/package_run_dependencies/ros2_socketcan
[0.341s] -- Up-to-date: /home/shen/learn/ROS2/ars408_ws/install/ros2_socketcan/share/ament_index/resource_index/parent_prefix_path/ros2_socketcan
[0.341s] -- Up-to-date: /home/shen/learn/ROS2/ars408_ws/install/ros2_socketcan/share/ros2_socketcan/environment/ament_prefix_path.sh
[0.341s] -- Up-to-date: /home/shen/learn/ROS2/ars408_ws/install/ros2_socketcan/share/ros2_socketcan/environment/ament_prefix_path.dsv
[0.341s] -- Up-to-date: /home/shen/learn/ROS2/ars408_ws/install/ros2_socketcan/share/ros2_socketcan/environment/path.sh
[0.341s] -- Up-to-date: /home/shen/learn/ROS2/ars408_ws/install/ros2_socketcan/share/ros2_socketcan/environment/path.dsv
[0.341s] -- Up-to-date: /home/shen/learn/ROS2/ars408_ws/install/ros2_socketcan/share/ros2_socketcan/local_setup.bash
[0.341s] -- Up-to-date: /home/shen/learn/ROS2/ars408_ws/install/ros2_socketcan/share/ros2_socketcan/local_setup.sh
[0.342s] -- Up-to-date: /home/shen/learn/ROS2/ars408_ws/install/ros2_socketcan/share/ros2_socketcan/local_setup.zsh
[0.342s] -- Up-to-date: /home/shen/learn/ROS2/ars408_ws/install/ros2_socketcan/share/ros2_socketcan/local_setup.dsv
[0.342s] -- Installing: /home/shen/learn/ROS2/ars408_ws/install/ros2_socketcan/share/ros2_socketcan/package.dsv
[0.342s] -- Up-to-date: /home/shen/learn/ROS2/ars408_ws/install/ros2_socketcan/share/ament_index/resource_index/packages/ros2_socketcan
[0.342s] -- Up-to-date: /home/shen/learn/ROS2/ars408_ws/install/ros2_socketcan/share/ament_index/resource_index/rclcpp_components/ros2_socketcan
[0.342s] -- Up-to-date: /home/shen/learn/ROS2/ars408_ws/install/ros2_socketcan/share/ros2_socketcan/cmake/ament_cmake_export_dependencies-extras.cmake
[0.343s] -- Up-to-date: /home/shen/learn/ROS2/ars408_ws/install/ros2_socketcan/share/ros2_socketcan/cmake/ament_cmake_export_include_directories-extras.cmake
[0.343s] -- Up-to-date: /home/shen/learn/ROS2/ars408_ws/install/ros2_socketcan/share/ros2_socketcan/cmake/ament_cmake_export_libraries-extras.cmake
[0.343s] -- Up-to-date: /home/shen/learn/ROS2/ars408_ws/install/ros2_socketcan/share/ros2_socketcan/cmake/ros2_socketcanConfig.cmake
[0.343s] -- Up-to-date: /home/shen/learn/ROS2/ars408_ws/install/ros2_socketcan/share/ros2_socketcan/cmake/ros2_socketcanConfig-version.cmake
[0.343s] -- Up-to-date: /home/shen/learn/ROS2/ars408_ws/install/ros2_socketcan/share/ros2_socketcan/package.xml
[0.347s] Invoked command in '/home/shen/learn/ROS2/ars408_ws/build/ros2_socketcan' returned '0': CMAKE_PREFIX_PATH=/home/shen/learn/ROS2/ars408_ws/install/ros2_socketcan_msgs:/home/shen/learn/ROS2/ars408_ws/install/pe_ars408_ros:/home/shen/learn/ROS2/ars408_ws/install/ros2_socketcan:/opt/ros/humble LD_LIBRARY_PATH=/home/shen/learn/ROS2/ars408_ws/install/ros2_socketcan_msgs/lib:/home/shen/learn/ROS2/ars408_ws/install/pe_ars408_ros/lib:/home/shen/learn/ROS2/ars408_ws/install/ros2_socketcan/lib:/usr/lib/x86_64-linux-gnu/gazebo-11/plugins:/opt/ros/humble/opt/rviz_ogre_vendor/lib:/opt/ros/humble/lib/x86_64-linux-gnu:/opt/ros/humble/lib /usr/bin/cmake --install /home/shen/learn/ROS2/ars408_ws/build/ros2_socketcan
