[0.941s] DEBUG:colcon:Command line arguments: ['/usr/bin/colcon', 'build', '--cmake-args', '-DROS_EDITION=ROS2', '-DHUMBLE_ROS=humble']
[0.942s] DEBUG:colcon:Parsed command line arguments: Namespace(log_base=None, log_level=None, verb_name='build', build_base='build', install_base='install', merge_install=False, symlink_install=False, test_result_base=None, continue_on_error=False, executor='parallel', parallel_workers=16, event_handlers=None, ignore_user_meta=False, metas=['./colcon.meta'], base_paths=['.'], packages_ignore=None, packages_ignore_regex=None, paths=None, packages_up_to=None, packages_up_to_regex=None, packages_above=None, packages_above_and_dependencies=None, packages_above_depth=None, packages_select_by_dep=None, packages_skip_by_dep=None, packages_skip_up_to=None, packages_select_build_failed=False, packages_skip_build_finished=False, packages_select_test_failures=False, packages_skip_test_passed=False, packages_select=None, packages_skip=None, packages_select_regex=None, packages_skip_regex=None, packages_start=None, packages_end=None, allow_overriding=[], cmake_args=['-DROS_EDITION=ROS2', '-DHUMBLE_ROS=humble'], cmake_target=None, cmake_target_skip_unavailable=False, cmake_clean_cache=False, cmake_clean_first=False, cmake_force_configure=False, ament_cmake_args=None, catkin_cmake_args=None, catkin_skip_building_tests=False, verb_parser=<colcon_defaults.argument_parser.defaults.DefaultArgumentsDecorator object at 0x7d4f47a9fc40>, verb_extension=<colcon_core.verb.build.BuildVerb object at 0x7d4f47edf970>, main=<bound method BuildVerb.main of <colcon_core.verb.build.BuildVerb object at 0x7d4f47edf970>>)
[0.984s] Level 1:colcon.colcon_core.package_discovery:discover_packages(colcon_meta) check parameters
[0.984s] Level 1:colcon.colcon_core.package_discovery:discover_packages(recursive) check parameters
[0.984s] Level 1:colcon.colcon_core.package_discovery:discover_packages(ignore) check parameters
[0.984s] Level 1:colcon.colcon_core.package_discovery:discover_packages(path) check parameters
[0.984s] Level 1:colcon.colcon_core.package_discovery:discover_packages(colcon_meta) discover
[0.984s] Level 1:colcon.colcon_core.package_discovery:discover_packages(recursive) discover
[0.984s] INFO:colcon.colcon_core.package_discovery:Crawling recursively for packages in '/home/shen/learn/ROS2/ws_livox'
[0.984s] Level 1:colcon.colcon_core.package_identification:_identify(.) by extensions ['ignore', 'ignore_ament_install']
[0.984s] Level 1:colcon.colcon_core.package_identification:_identify(.) by extension 'ignore'
[0.984s] Level 1:colcon.colcon_core.package_identification:_identify(.) by extension 'ignore_ament_install'
[0.984s] Level 1:colcon.colcon_core.package_identification:_identify(.) by extensions ['colcon_pkg']
[0.984s] Level 1:colcon.colcon_core.package_identification:_identify(.) by extension 'colcon_pkg'
[0.985s] Level 1:colcon.colcon_core.package_identification:_identify(.) by extensions ['colcon_meta']
[0.985s] Level 1:colcon.colcon_core.package_identification:_identify(.) by extension 'colcon_meta'
[0.985s] Level 1:colcon.colcon_core.package_identification:_identify(.) by extensions ['ros']
[0.985s] Level 1:colcon.colcon_core.package_identification:_identify(.) by extension 'ros'
[0.994s] Level 1:colcon.colcon_core.package_identification:_identify(.) by extensions ['cmake', 'python']
[0.994s] Level 1:colcon.colcon_core.package_identification:_identify(.) by extension 'cmake'
[0.994s] Level 1:colcon.colcon_core.package_identification:_identify(.) by extension 'python'
[0.994s] Level 1:colcon.colcon_core.package_identification:_identify(.) by extensions ['python_setup_py']
[0.994s] Level 1:colcon.colcon_core.package_identification:_identify(.) by extension 'python_setup_py'
[0.994s] Level 1:colcon.colcon_core.package_identification:_identify(build) by extensions ['ignore', 'ignore_ament_install']
[0.994s] Level 1:colcon.colcon_core.package_identification:_identify(build) by extension 'ignore'
[0.994s] Level 1:colcon.colcon_core.package_identification:_identify(build) ignored
[0.994s] Level 1:colcon.colcon_core.package_identification:_identify(install) by extensions ['ignore', 'ignore_ament_install']
[0.994s] Level 1:colcon.colcon_core.package_identification:_identify(install) by extension 'ignore'
[0.994s] Level 1:colcon.colcon_core.package_identification:_identify(install) ignored
[0.994s] Level 1:colcon.colcon_core.package_identification:_identify(log) by extensions ['ignore', 'ignore_ament_install']
[0.995s] Level 1:colcon.colcon_core.package_identification:_identify(log) by extension 'ignore'
[0.995s] Level 1:colcon.colcon_core.package_identification:_identify(log) ignored
[0.995s] Level 1:colcon.colcon_core.package_identification:_identify(src) by extensions ['ignore', 'ignore_ament_install']
[0.995s] Level 1:colcon.colcon_core.package_identification:_identify(src) by extension 'ignore'
[0.995s] Level 1:colcon.colcon_core.package_identification:_identify(src) by extension 'ignore_ament_install'
[0.995s] Level 1:colcon.colcon_core.package_identification:_identify(src) by extensions ['colcon_pkg']
[0.995s] Level 1:colcon.colcon_core.package_identification:_identify(src) by extension 'colcon_pkg'
[0.995s] Level 1:colcon.colcon_core.package_identification:_identify(src) by extensions ['colcon_meta']
[0.995s] Level 1:colcon.colcon_core.package_identification:_identify(src) by extension 'colcon_meta'
[0.995s] Level 1:colcon.colcon_core.package_identification:_identify(src) by extensions ['ros']
[0.995s] Level 1:colcon.colcon_core.package_identification:_identify(src) by extension 'ros'
[0.995s] Level 1:colcon.colcon_core.package_identification:_identify(src) by extensions ['cmake', 'python']
[0.995s] Level 1:colcon.colcon_core.package_identification:_identify(src) by extension 'cmake'
[0.995s] Level 1:colcon.colcon_core.package_identification:_identify(src) by extension 'python'
[0.995s] Level 1:colcon.colcon_core.package_identification:_identify(src) by extensions ['python_setup_py']
[0.995s] Level 1:colcon.colcon_core.package_identification:_identify(src) by extension 'python_setup_py'
[0.995s] Level 1:colcon.colcon_core.package_identification:_identify(src/livox_ros_driver2) by extensions ['ignore', 'ignore_ament_install']
[0.995s] Level 1:colcon.colcon_core.package_identification:_identify(src/livox_ros_driver2) by extension 'ignore'
[0.995s] Level 1:colcon.colcon_core.package_identification:_identify(src/livox_ros_driver2) by extension 'ignore_ament_install'
[0.995s] Level 1:colcon.colcon_core.package_identification:_identify(src/livox_ros_driver2) by extensions ['colcon_pkg']
[0.995s] Level 1:colcon.colcon_core.package_identification:_identify(src/livox_ros_driver2) by extension 'colcon_pkg'
[0.995s] Level 1:colcon.colcon_core.package_identification:_identify(src/livox_ros_driver2) by extensions ['colcon_meta']
[0.995s] Level 1:colcon.colcon_core.package_identification:_identify(src/livox_ros_driver2) by extension 'colcon_meta'
[0.996s] Level 1:colcon.colcon_core.package_identification:_identify(src/livox_ros_driver2) by extensions ['ros']
[0.996s] Level 1:colcon.colcon_core.package_identification:_identify(src/livox_ros_driver2) by extension 'ros'
[0.998s] DEBUG:colcon.colcon_core.package_identification:Package 'src/livox_ros_driver2' with type 'ros.ament_cmake' and name 'livox_ros_driver2'
[0.998s] Level 1:colcon.colcon_core.package_discovery:discover_packages(recursive) using defaults
[0.998s] Level 1:colcon.colcon_core.package_discovery:discover_packages(ignore) discover
[0.998s] Level 1:colcon.colcon_core.package_discovery:discover_packages(ignore) using defaults
[0.998s] Level 1:colcon.colcon_core.package_discovery:discover_packages(path) discover
[0.998s] Level 1:colcon.colcon_core.package_discovery:discover_packages(path) using defaults
[1.081s] Level 1:colcon.colcon_core.package_discovery:discover_packages(prefix_path) check parameters
[1.081s] Level 1:colcon.colcon_core.package_discovery:discover_packages(prefix_path) discover
[1.111s] DEBUG:colcon.colcon_installed_package_information.package_discovery:Found 349 installed packages in /opt/ros/humble
[1.112s] Level 1:colcon.colcon_core.package_discovery:discover_packages(prefix_path) using defaults
[1.208s] Level 5:colcon.colcon_core.verb:set package 'livox_ros_driver2' build argument 'cmake_args' from command line to '['-DROS_EDITION=ROS2', '-DHUMBLE_ROS=humble']'
[1.208s] Level 5:colcon.colcon_core.verb:set package 'livox_ros_driver2' build argument 'cmake_target' from command line to 'None'
[1.208s] Level 5:colcon.colcon_core.verb:set package 'livox_ros_driver2' build argument 'cmake_target_skip_unavailable' from command line to 'False'
[1.208s] Level 5:colcon.colcon_core.verb:set package 'livox_ros_driver2' build argument 'cmake_clean_cache' from command line to 'False'
[1.208s] Level 5:colcon.colcon_core.verb:set package 'livox_ros_driver2' build argument 'cmake_clean_first' from command line to 'False'
[1.208s] Level 5:colcon.colcon_core.verb:set package 'livox_ros_driver2' build argument 'cmake_force_configure' from command line to 'False'
[1.209s] Level 5:colcon.colcon_core.verb:set package 'livox_ros_driver2' build argument 'ament_cmake_args' from command line to 'None'
[1.209s] Level 5:colcon.colcon_core.verb:set package 'livox_ros_driver2' build argument 'catkin_cmake_args' from command line to 'None'
[1.209s] Level 5:colcon.colcon_core.verb:set package 'livox_ros_driver2' build argument 'catkin_skip_building_tests' from command line to 'False'
[1.209s] DEBUG:colcon.colcon_core.verb:Building package 'livox_ros_driver2' with the following arguments: {'ament_cmake_args': None, 'build_base': '/home/shen/learn/ROS2/ws_livox/build/livox_ros_driver2', 'catkin_cmake_args': None, 'catkin_skip_building_tests': False, 'cmake_args': ['-DROS_EDITION=ROS2', '-DHUMBLE_ROS=humble'], 'cmake_clean_cache': False, 'cmake_clean_first': False, 'cmake_force_configure': False, 'cmake_target': None, 'cmake_target_skip_unavailable': False, 'install_base': '/home/shen/learn/ROS2/ws_livox/install/livox_ros_driver2', 'merge_install': False, 'path': '/home/shen/learn/ROS2/ws_livox/src/livox_ros_driver2', 'symlink_install': False, 'test_result_base': None}
[1.222s] INFO:colcon.colcon_core.executor:Executing jobs using 'parallel' executor
[1.236s] DEBUG:colcon.colcon_parallel_executor.executor.parallel:run_until_complete
[1.236s] INFO:colcon.colcon_ros.task.ament_cmake.build:Building ROS package in '/home/shen/learn/ROS2/ws_livox/src/livox_ros_driver2' with build type 'ament_cmake'
[1.236s] INFO:colcon.colcon_cmake.task.cmake.build:Building CMake package in '/home/shen/learn/ROS2/ws_livox/src/livox_ros_driver2'
[1.256s] INFO:colcon.colcon_core.plugin_system:Skipping extension 'colcon_core.shell.bat': Not used on non-Windows systems
[1.256s] INFO:colcon.colcon_core.shell:Skip shell extension 'powershell' for command environment: Not usable outside of PowerShell
[1.256s] DEBUG:colcon.colcon_core.shell:Skip shell extension 'dsv' for command environment
[1.297s] DEBUG:colcon.colcon_core.event_handler.log_command:Invoking command in '/home/shen/learn/ROS2/ws_livox/build/livox_ros_driver2': CMAKE_PREFIX_PATH=/opt/ros/humble /usr/bin/cmake /home/shen/learn/ROS2/ws_livox/src/livox_ros_driver2 -DROS_EDITION=ROS2 -DHUMBLE_ROS=humble -DCMAKE_INSTALL_PREFIX=/home/shen/learn/ROS2/ws_livox/install/livox_ros_driver2
[7.684s] DEBUG:colcon.colcon_core.event_handler.log_command:Invoked command in '/home/shen/learn/ROS2/ws_livox/build/livox_ros_driver2' returned '0': CMAKE_PREFIX_PATH=/opt/ros/humble /usr/bin/cmake /home/shen/learn/ROS2/ws_livox/src/livox_ros_driver2 -DROS_EDITION=ROS2 -DHUMBLE_ROS=humble -DCMAKE_INSTALL_PREFIX=/home/shen/learn/ROS2/ws_livox/install/livox_ros_driver2
[7.691s] DEBUG:colcon.colcon_core.event_handler.log_command:Invoking command in '/home/shen/learn/ROS2/ws_livox/build/livox_ros_driver2': CMAKE_PREFIX_PATH=/opt/ros/humble /usr/bin/cmake --build /home/shen/learn/ROS2/ws_livox/build/livox_ros_driver2 -- -j16 -l16
[19.072s] DEBUG:colcon.colcon_core.event_handler.log_command:Invoked command in '/home/shen/learn/ROS2/ws_livox/build/livox_ros_driver2' returned '0': CMAKE_PREFIX_PATH=/opt/ros/humble /usr/bin/cmake --build /home/shen/learn/ROS2/ws_livox/build/livox_ros_driver2 -- -j16 -l16
[19.327s] DEBUG:colcon.colcon_core.event_handler.log_command:Invoking command in '/home/shen/learn/ROS2/ws_livox/build/livox_ros_driver2': CMAKE_PREFIX_PATH=/opt/ros/humble /usr/bin/cmake --install /home/shen/learn/ROS2/ws_livox/build/livox_ros_driver2
[19.445s] Level 1:colcon.colcon_core.environment:create_environment_scripts_only(livox_ros_driver2)
[19.445s] DEBUG:colcon.colcon_core.event_handler.log_command:Invoked command in '/home/shen/learn/ROS2/ws_livox/build/livox_ros_driver2' returned '0': CMAKE_PREFIX_PATH=/opt/ros/humble /usr/bin/cmake --install /home/shen/learn/ROS2/ws_livox/build/livox_ros_driver2
[19.466s] Level 1:colcon.colcon_core.environment:checking '/home/shen/learn/ROS2/ws_livox/install/livox_ros_driver2' for CMake module files
[19.467s] Level 1:colcon.colcon_core.environment:checking '/home/shen/learn/ROS2/ws_livox/install/livox_ros_driver2' for CMake config files
[19.468s] Level 1:colcon.colcon_core.shell:create_environment_hook('livox_ros_driver2', 'cmake_prefix_path')
[19.485s] INFO:colcon.colcon_core.shell:Creating environment hook '/home/shen/learn/ROS2/ws_livox/install/livox_ros_driver2/share/livox_ros_driver2/hook/cmake_prefix_path.ps1'
[19.485s] INFO:colcon.colcon_core.shell:Creating environment descriptor '/home/shen/learn/ROS2/ws_livox/install/livox_ros_driver2/share/livox_ros_driver2/hook/cmake_prefix_path.dsv'
[19.486s] INFO:colcon.colcon_core.shell:Creating environment hook '/home/shen/learn/ROS2/ws_livox/install/livox_ros_driver2/share/livox_ros_driver2/hook/cmake_prefix_path.sh'
[19.487s] Level 1:colcon.colcon_core.environment:checking '/home/shen/learn/ROS2/ws_livox/install/livox_ros_driver2/lib'
[19.488s] Level 1:colcon.colcon_core.shell:create_environment_hook('livox_ros_driver2', 'ld_library_path_lib')
[19.503s] INFO:colcon.colcon_core.shell:Creating environment hook '/home/shen/learn/ROS2/ws_livox/install/livox_ros_driver2/share/livox_ros_driver2/hook/ld_library_path_lib.ps1'
[19.504s] INFO:colcon.colcon_core.shell:Creating environment descriptor '/home/shen/learn/ROS2/ws_livox/install/livox_ros_driver2/share/livox_ros_driver2/hook/ld_library_path_lib.dsv'
[19.504s] INFO:colcon.colcon_core.shell:Creating environment hook '/home/shen/learn/ROS2/ws_livox/install/livox_ros_driver2/share/livox_ros_driver2/hook/ld_library_path_lib.sh'
[19.505s] Level 1:colcon.colcon_core.environment:checking '/home/shen/learn/ROS2/ws_livox/install/livox_ros_driver2/bin'
[19.505s] Level 1:colcon.colcon_core.environment:checking '/home/shen/learn/ROS2/ws_livox/install/livox_ros_driver2/lib/pkgconfig/livox_ros_driver2.pc'
[19.505s] Level 1:colcon.colcon_core.environment:checking '/home/shen/learn/ROS2/ws_livox/install/livox_ros_driver2/lib/python3.10/site-packages'
[19.505s] Level 1:colcon.colcon_core.environment:checking '/home/shen/learn/ROS2/ws_livox/install/livox_ros_driver2/bin'
[19.525s] INFO:colcon.colcon_core.shell:Creating package script '/home/shen/learn/ROS2/ws_livox/install/livox_ros_driver2/share/livox_ros_driver2/package.ps1'
[19.526s] INFO:colcon.colcon_core.shell:Creating package descriptor '/home/shen/learn/ROS2/ws_livox/install/livox_ros_driver2/share/livox_ros_driver2/package.dsv'
[19.528s] INFO:colcon.colcon_core.shell:Creating package script '/home/shen/learn/ROS2/ws_livox/install/livox_ros_driver2/share/livox_ros_driver2/package.sh'
[19.529s] INFO:colcon.colcon_core.shell:Creating package script '/home/shen/learn/ROS2/ws_livox/install/livox_ros_driver2/share/livox_ros_driver2/package.bash'
[19.531s] INFO:colcon.colcon_core.shell:Creating package script '/home/shen/learn/ROS2/ws_livox/install/livox_ros_driver2/share/livox_ros_driver2/package.zsh'
[19.532s] Level 1:colcon.colcon_core.environment:create_file_with_runtime_dependencies(/home/shen/learn/ROS2/ws_livox/install/livox_ros_driver2/share/colcon-core/packages/livox_ros_driver2)
[19.692s] Level 1:colcon.colcon_core.environment:create_environment_scripts_only(livox_ros_driver2)
[19.708s] Level 1:colcon.colcon_core.environment:checking '/home/shen/learn/ROS2/ws_livox/install/livox_ros_driver2' for CMake module files
[19.709s] Level 1:colcon.colcon_core.environment:checking '/home/shen/learn/ROS2/ws_livox/install/livox_ros_driver2' for CMake config files
[19.710s] Level 1:colcon.colcon_core.shell:create_environment_hook('livox_ros_driver2', 'cmake_prefix_path')
[19.725s] INFO:colcon.colcon_core.shell:Creating environment hook '/home/shen/learn/ROS2/ws_livox/install/livox_ros_driver2/share/livox_ros_driver2/hook/cmake_prefix_path.ps1'
[19.725s] INFO:colcon.colcon_core.shell:Creating environment descriptor '/home/shen/learn/ROS2/ws_livox/install/livox_ros_driver2/share/livox_ros_driver2/hook/cmake_prefix_path.dsv'
[19.726s] INFO:colcon.colcon_core.shell:Creating environment hook '/home/shen/learn/ROS2/ws_livox/install/livox_ros_driver2/share/livox_ros_driver2/hook/cmake_prefix_path.sh'
[19.727s] Level 1:colcon.colcon_core.environment:checking '/home/shen/learn/ROS2/ws_livox/install/livox_ros_driver2/lib'
[19.727s] Level 1:colcon.colcon_core.shell:create_environment_hook('livox_ros_driver2', 'ld_library_path_lib')
[19.744s] INFO:colcon.colcon_core.shell:Creating environment hook '/home/shen/learn/ROS2/ws_livox/install/livox_ros_driver2/share/livox_ros_driver2/hook/ld_library_path_lib.ps1'
[19.745s] INFO:colcon.colcon_core.shell:Creating environment descriptor '/home/shen/learn/ROS2/ws_livox/install/livox_ros_driver2/share/livox_ros_driver2/hook/ld_library_path_lib.dsv'
[19.745s] INFO:colcon.colcon_core.shell:Creating environment hook '/home/shen/learn/ROS2/ws_livox/install/livox_ros_driver2/share/livox_ros_driver2/hook/ld_library_path_lib.sh'
[19.746s] Level 1:colcon.colcon_core.environment:checking '/home/shen/learn/ROS2/ws_livox/install/livox_ros_driver2/bin'
[19.746s] Level 1:colcon.colcon_core.environment:checking '/home/shen/learn/ROS2/ws_livox/install/livox_ros_driver2/lib/pkgconfig/livox_ros_driver2.pc'
[19.746s] Level 1:colcon.colcon_core.environment:checking '/home/shen/learn/ROS2/ws_livox/install/livox_ros_driver2/lib/python3.10/site-packages'
[19.746s] Level 1:colcon.colcon_core.environment:checking '/home/shen/learn/ROS2/ws_livox/install/livox_ros_driver2/bin'
[19.767s] INFO:colcon.colcon_core.shell:Creating package script '/home/shen/learn/ROS2/ws_livox/install/livox_ros_driver2/share/livox_ros_driver2/package.ps1'
[19.768s] INFO:colcon.colcon_core.shell:Creating package descriptor '/home/shen/learn/ROS2/ws_livox/install/livox_ros_driver2/share/livox_ros_driver2/package.dsv'
[19.769s] INFO:colcon.colcon_core.shell:Creating package script '/home/shen/learn/ROS2/ws_livox/install/livox_ros_driver2/share/livox_ros_driver2/package.sh'
[19.770s] INFO:colcon.colcon_core.shell:Creating package script '/home/shen/learn/ROS2/ws_livox/install/livox_ros_driver2/share/livox_ros_driver2/package.bash'
[19.771s] INFO:colcon.colcon_core.shell:Creating package script '/home/shen/learn/ROS2/ws_livox/install/livox_ros_driver2/share/livox_ros_driver2/package.zsh'
[19.771s] Level 1:colcon.colcon_core.environment:create_file_with_runtime_dependencies(/home/shen/learn/ROS2/ws_livox/install/livox_ros_driver2/share/colcon-core/packages/livox_ros_driver2)
[19.772s] DEBUG:colcon.colcon_parallel_executor.executor.parallel:closing loop
[19.772s] DEBUG:colcon.colcon_parallel_executor.executor.parallel:loop closed
[19.773s] DEBUG:colcon.colcon_parallel_executor.executor.parallel:run_until_complete finished with '0'
[19.773s] DEBUG:colcon.colcon_core.event_reactor:joining thread
[19.793s] INFO:colcon.colcon_core.plugin_system:Skipping extension 'colcon_notification.desktop_notification.terminal_notifier': Not used on non-Darwin systems
[19.793s] INFO:colcon.colcon_core.plugin_system:Skipping extension 'colcon_notification.desktop_notification.win32': Not used on non-Windows systems
[19.793s] INFO:colcon.colcon_notification.desktop_notification:Sending desktop notification using 'notify2'
[19.810s] DEBUG:colcon.colcon_core.event_reactor:joined thread
[19.829s] INFO:colcon.colcon_core.shell:Creating prefix script '/home/shen/learn/ROS2/ws_livox/install/local_setup.ps1'
[19.831s] INFO:colcon.colcon_core.shell:Creating prefix util module '/home/shen/learn/ROS2/ws_livox/install/_local_setup_util_ps1.py'
[19.832s] INFO:colcon.colcon_core.shell:Creating prefix chain script '/home/shen/learn/ROS2/ws_livox/install/setup.ps1'
[19.853s] INFO:colcon.colcon_core.shell:Creating prefix script '/home/shen/learn/ROS2/ws_livox/install/local_setup.sh'
[19.854s] INFO:colcon.colcon_core.shell:Creating prefix util module '/home/shen/learn/ROS2/ws_livox/install/_local_setup_util_sh.py'
[19.854s] INFO:colcon.colcon_core.shell:Creating prefix chain script '/home/shen/learn/ROS2/ws_livox/install/setup.sh'
[19.874s] INFO:colcon.colcon_core.shell:Creating prefix script '/home/shen/learn/ROS2/ws_livox/install/local_setup.bash'
[19.875s] INFO:colcon.colcon_core.shell:Creating prefix chain script '/home/shen/learn/ROS2/ws_livox/install/setup.bash'
[19.894s] INFO:colcon.colcon_core.shell:Creating prefix script '/home/shen/learn/ROS2/ws_livox/install/local_setup.zsh'
[19.895s] INFO:colcon.colcon_core.shell:Creating prefix chain script '/home/shen/learn/ROS2/ws_livox/install/setup.zsh'
