[0.796s] DEBUG:colcon:Command line arguments: ['/usr/bin/colcon', 'build']
[0.796s] DEBUG:colcon:Parsed command line arguments: Namespace(log_base=None, log_level=None, verb_name='build', build_base='build', install_base='install', merge_install=False, symlink_install=False, test_result_base=None, continue_on_error=False, executor='parallel', parallel_workers=16, event_handlers=None, ignore_user_meta=False, metas=['./colcon.meta'], base_paths=['.'], packages_ignore=None, packages_ignore_regex=None, paths=None, packages_up_to=None, packages_up_to_regex=None, packages_above=None, packages_above_and_dependencies=None, packages_above_depth=None, packages_select_by_dep=None, packages_skip_by_dep=None, packages_skip_up_to=None, packages_select_build_failed=False, packages_skip_build_finished=False, packages_select_test_failures=False, packages_skip_test_passed=False, packages_select=None, packages_skip=None, packages_select_regex=None, packages_skip_regex=None, packages_start=None, packages_end=None, allow_overriding=[], cmake_args=None, cmake_target=None, cmake_target_skip_unavailable=False, cmake_clean_cache=False, cmake_clean_first=False, cmake_force_configure=False, ament_cmake_args=None, catkin_cmake_args=None, catkin_skip_building_tests=False, verb_parser=<colcon_defaults.argument_parser.defaults.DefaultArgumentsDecorator object at 0x768e8cc934f0>, verb_extension=<colcon_core.verb.build.BuildVerb object at 0x768e8ddd7f40>, main=<bound method BuildVerb.main of <colcon_core.verb.build.BuildVerb object at 0x768e8ddd7f40>>)
[0.832s] Level 1:colcon.colcon_core.package_discovery:discover_packages(colcon_meta) check parameters
[0.832s] Level 1:colcon.colcon_core.package_discovery:discover_packages(recursive) check parameters
[0.832s] Level 1:colcon.colcon_core.package_discovery:discover_packages(ignore) check parameters
[0.832s] Level 1:colcon.colcon_core.package_discovery:discover_packages(path) check parameters
[0.832s] Level 1:colcon.colcon_core.package_discovery:discover_packages(colcon_meta) discover
[0.832s] Level 1:colcon.colcon_core.package_discovery:discover_packages(recursive) discover
[0.832s] INFO:colcon.colcon_core.package_discovery:Crawling recursively for packages in '/home/shen/learn/ROS2/ethernet_ws'
[0.832s] Level 1:colcon.colcon_core.package_identification:_identify(.) by extensions ['ignore', 'ignore_ament_install']
[0.832s] Level 1:colcon.colcon_core.package_identification:_identify(.) by extension 'ignore'
[0.832s] Level 1:colcon.colcon_core.package_identification:_identify(.) by extension 'ignore_ament_install'
[0.832s] Level 1:colcon.colcon_core.package_identification:_identify(.) by extensions ['colcon_pkg']
[0.832s] Level 1:colcon.colcon_core.package_identification:_identify(.) by extension 'colcon_pkg'
[0.832s] Level 1:colcon.colcon_core.package_identification:_identify(.) by extensions ['colcon_meta']
[0.832s] Level 1:colcon.colcon_core.package_identification:_identify(.) by extension 'colcon_meta'
[0.833s] Level 1:colcon.colcon_core.package_identification:_identify(.) by extensions ['ros']
[0.833s] Level 1:colcon.colcon_core.package_identification:_identify(.) by extension 'ros'
[0.841s] Level 1:colcon.colcon_core.package_identification:_identify(.) by extensions ['cmake', 'python']
[0.842s] Level 1:colcon.colcon_core.package_identification:_identify(.) by extension 'cmake'
[0.842s] Level 1:colcon.colcon_core.package_identification:_identify(.) by extension 'python'
[0.842s] Level 1:colcon.colcon_core.package_identification:_identify(.) by extensions ['python_setup_py']
[0.842s] Level 1:colcon.colcon_core.package_identification:_identify(.) by extension 'python_setup_py'
[0.842s] Level 1:colcon.colcon_core.package_identification:_identify(build) by extensions ['ignore', 'ignore_ament_install']
[0.842s] Level 1:colcon.colcon_core.package_identification:_identify(build) by extension 'ignore'
[0.842s] Level 1:colcon.colcon_core.package_identification:_identify(build) ignored
[0.842s] Level 1:colcon.colcon_core.package_identification:_identify(install) by extensions ['ignore', 'ignore_ament_install']
[0.842s] Level 1:colcon.colcon_core.package_identification:_identify(install) by extension 'ignore'
[0.842s] Level 1:colcon.colcon_core.package_identification:_identify(install) ignored
[0.842s] Level 1:colcon.colcon_core.package_identification:_identify(log) by extensions ['ignore', 'ignore_ament_install']
[0.842s] Level 1:colcon.colcon_core.package_identification:_identify(log) by extension 'ignore'
[0.842s] Level 1:colcon.colcon_core.package_identification:_identify(log) ignored
[0.842s] Level 1:colcon.colcon_core.package_identification:_identify(src) by extensions ['ignore', 'ignore_ament_install']
[0.842s] Level 1:colcon.colcon_core.package_identification:_identify(src) by extension 'ignore'
[0.842s] Level 1:colcon.colcon_core.package_identification:_identify(src) by extension 'ignore_ament_install'
[0.842s] Level 1:colcon.colcon_core.package_identification:_identify(src) by extensions ['colcon_pkg']
[0.842s] Level 1:colcon.colcon_core.package_identification:_identify(src) by extension 'colcon_pkg'
[0.842s] Level 1:colcon.colcon_core.package_identification:_identify(src) by extensions ['colcon_meta']
[0.843s] Level 1:colcon.colcon_core.package_identification:_identify(src) by extension 'colcon_meta'
[0.843s] Level 1:colcon.colcon_core.package_identification:_identify(src) by extensions ['ros']
[0.843s] Level 1:colcon.colcon_core.package_identification:_identify(src) by extension 'ros'
[0.843s] Level 1:colcon.colcon_core.package_identification:_identify(src) by extensions ['cmake', 'python']
[0.843s] Level 1:colcon.colcon_core.package_identification:_identify(src) by extension 'cmake'
[0.843s] Level 1:colcon.colcon_core.package_identification:_identify(src) by extension 'python'
[0.843s] Level 1:colcon.colcon_core.package_identification:_identify(src) by extensions ['python_setup_py']
[0.843s] Level 1:colcon.colcon_core.package_identification:_identify(src) by extension 'python_setup_py'
[0.843s] Level 1:colcon.colcon_core.package_identification:_identify(src/transport_drivers) by extensions ['ignore', 'ignore_ament_install']
[0.843s] Level 1:colcon.colcon_core.package_identification:_identify(src/transport_drivers) by extension 'ignore'
[0.843s] Level 1:colcon.colcon_core.package_identification:_identify(src/transport_drivers) by extension 'ignore_ament_install'
[0.843s] Level 1:colcon.colcon_core.package_identification:_identify(src/transport_drivers) by extensions ['colcon_pkg']
[0.843s] Level 1:colcon.colcon_core.package_identification:_identify(src/transport_drivers) by extension 'colcon_pkg'
[0.843s] Level 1:colcon.colcon_core.package_identification:_identify(src/transport_drivers) by extensions ['colcon_meta']
[0.843s] Level 1:colcon.colcon_core.package_identification:_identify(src/transport_drivers) by extension 'colcon_meta'
[0.843s] Level 1:colcon.colcon_core.package_identification:_identify(src/transport_drivers) by extensions ['ros']
[0.843s] Level 1:colcon.colcon_core.package_identification:_identify(src/transport_drivers) by extension 'ros'
[0.843s] Level 1:colcon.colcon_core.package_identification:_identify(src/transport_drivers) by extensions ['cmake', 'python']
[0.843s] Level 1:colcon.colcon_core.package_identification:_identify(src/transport_drivers) by extension 'cmake'
[0.843s] Level 1:colcon.colcon_core.package_identification:_identify(src/transport_drivers) by extension 'python'
[0.843s] Level 1:colcon.colcon_core.package_identification:_identify(src/transport_drivers) by extensions ['python_setup_py']
[0.843s] Level 1:colcon.colcon_core.package_identification:_identify(src/transport_drivers) by extension 'python_setup_py'
[0.843s] Level 1:colcon.colcon_core.package_identification:_identify(src/transport_drivers/asio_cmake_module) by extensions ['ignore', 'ignore_ament_install']
[0.843s] Level 1:colcon.colcon_core.package_identification:_identify(src/transport_drivers/asio_cmake_module) by extension 'ignore'
[0.843s] Level 1:colcon.colcon_core.package_identification:_identify(src/transport_drivers/asio_cmake_module) by extension 'ignore_ament_install'
[0.844s] Level 1:colcon.colcon_core.package_identification:_identify(src/transport_drivers/asio_cmake_module) by extensions ['colcon_pkg']
[0.844s] Level 1:colcon.colcon_core.package_identification:_identify(src/transport_drivers/asio_cmake_module) by extension 'colcon_pkg'
[0.844s] Level 1:colcon.colcon_core.package_identification:_identify(src/transport_drivers/asio_cmake_module) by extensions ['colcon_meta']
[0.844s] Level 1:colcon.colcon_core.package_identification:_identify(src/transport_drivers/asio_cmake_module) by extension 'colcon_meta'
[0.844s] Level 1:colcon.colcon_core.package_identification:_identify(src/transport_drivers/asio_cmake_module) by extensions ['ros']
[0.844s] Level 1:colcon.colcon_core.package_identification:_identify(src/transport_drivers/asio_cmake_module) by extension 'ros'
[0.846s] DEBUG:colcon.colcon_core.package_identification:Package 'src/transport_drivers/asio_cmake_module' with type 'ros.ament_cmake' and name 'asio_cmake_module'
[0.846s] Level 1:colcon.colcon_core.package_identification:_identify(src/transport_drivers/io_context) by extensions ['ignore', 'ignore_ament_install']
[0.846s] Level 1:colcon.colcon_core.package_identification:_identify(src/transport_drivers/io_context) by extension 'ignore'
[0.846s] Level 1:colcon.colcon_core.package_identification:_identify(src/transport_drivers/io_context) by extension 'ignore_ament_install'
[0.846s] Level 1:colcon.colcon_core.package_identification:_identify(src/transport_drivers/io_context) by extensions ['colcon_pkg']
[0.846s] Level 1:colcon.colcon_core.package_identification:_identify(src/transport_drivers/io_context) by extension 'colcon_pkg'
[0.846s] Level 1:colcon.colcon_core.package_identification:_identify(src/transport_drivers/io_context) by extensions ['colcon_meta']
[0.846s] Level 1:colcon.colcon_core.package_identification:_identify(src/transport_drivers/io_context) by extension 'colcon_meta'
[0.846s] Level 1:colcon.colcon_core.package_identification:_identify(src/transport_drivers/io_context) by extensions ['ros']
[0.846s] Level 1:colcon.colcon_core.package_identification:_identify(src/transport_drivers/io_context) by extension 'ros'
[0.847s] DEBUG:colcon.colcon_core.package_identification:Package 'src/transport_drivers/io_context' with type 'ros.ament_cmake' and name 'io_context'
[0.847s] Level 1:colcon.colcon_core.package_identification:_identify(src/transport_drivers/serial_driver) by extensions ['ignore', 'ignore_ament_install']
[0.847s] Level 1:colcon.colcon_core.package_identification:_identify(src/transport_drivers/serial_driver) by extension 'ignore'
[0.847s] Level 1:colcon.colcon_core.package_identification:_identify(src/transport_drivers/serial_driver) by extension 'ignore_ament_install'
[0.847s] Level 1:colcon.colcon_core.package_identification:_identify(src/transport_drivers/serial_driver) by extensions ['colcon_pkg']
[0.847s] Level 1:colcon.colcon_core.package_identification:_identify(src/transport_drivers/serial_driver) by extension 'colcon_pkg'
[0.847s] Level 1:colcon.colcon_core.package_identification:_identify(src/transport_drivers/serial_driver) by extensions ['colcon_meta']
[0.847s] Level 1:colcon.colcon_core.package_identification:_identify(src/transport_drivers/serial_driver) by extension 'colcon_meta'
[0.847s] Level 1:colcon.colcon_core.package_identification:_identify(src/transport_drivers/serial_driver) by extensions ['ros']
[0.847s] Level 1:colcon.colcon_core.package_identification:_identify(src/transport_drivers/serial_driver) by extension 'ros'
[0.848s] DEBUG:colcon.colcon_core.package_identification:Package 'src/transport_drivers/serial_driver' with type 'ros.ament_cmake' and name 'serial_driver'
[0.848s] Level 1:colcon.colcon_core.package_identification:_identify(src/transport_drivers/udp_driver) by extensions ['ignore', 'ignore_ament_install']
[0.848s] Level 1:colcon.colcon_core.package_identification:_identify(src/transport_drivers/udp_driver) by extension 'ignore'
[0.848s] Level 1:colcon.colcon_core.package_identification:_identify(src/transport_drivers/udp_driver) by extension 'ignore_ament_install'
[0.848s] Level 1:colcon.colcon_core.package_identification:_identify(src/transport_drivers/udp_driver) by extensions ['colcon_pkg']
[0.848s] Level 1:colcon.colcon_core.package_identification:_identify(src/transport_drivers/udp_driver) by extension 'colcon_pkg'
[0.848s] Level 1:colcon.colcon_core.package_identification:_identify(src/transport_drivers/udp_driver) by extensions ['colcon_meta']
[0.848s] Level 1:colcon.colcon_core.package_identification:_identify(src/transport_drivers/udp_driver) by extension 'colcon_meta'
[0.848s] Level 1:colcon.colcon_core.package_identification:_identify(src/transport_drivers/udp_driver) by extensions ['ros']
[0.848s] Level 1:colcon.colcon_core.package_identification:_identify(src/transport_drivers/udp_driver) by extension 'ros'
[0.849s] DEBUG:colcon.colcon_core.package_identification:Package 'src/transport_drivers/udp_driver' with type 'ros.ament_cmake' and name 'udp_driver'
[0.849s] Level 1:colcon.colcon_core.package_discovery:discover_packages(recursive) using defaults
[0.849s] Level 1:colcon.colcon_core.package_discovery:discover_packages(ignore) discover
[0.849s] Level 1:colcon.colcon_core.package_discovery:discover_packages(ignore) using defaults
[0.849s] Level 1:colcon.colcon_core.package_discovery:discover_packages(path) discover
[0.849s] Level 1:colcon.colcon_core.package_discovery:discover_packages(path) using defaults
[0.922s] Level 1:colcon.colcon_core.package_discovery:discover_packages(prefix_path) check parameters
[0.922s] Level 1:colcon.colcon_core.package_discovery:discover_packages(prefix_path) discover
[0.934s] WARNING:colcon.colcon_ros.prefix_path.ament:The path '/home/shen/learn/ROS2/ethernet_ws/install/my_ethernet_utils' in the environment variable AMENT_PREFIX_PATH doesn't exist
[0.935s] WARNING:colcon.colcon_ros.prefix_path.catkin:The path '/home/shen/learn/ROS2/ethernet_ws/install/my_ethernet_utils' in the environment variable CMAKE_PREFIX_PATH doesn't exist
[0.946s] DEBUG:colcon.colcon_installed_package_information.package_discovery:Found 4 installed packages in /home/shen/learn/ROS2/ethernet_ws/install
[0.959s] DEBUG:colcon.colcon_installed_package_information.package_discovery:Found 344 installed packages in /opt/ros/humble
[0.961s] Level 1:colcon.colcon_core.package_discovery:discover_packages(prefix_path) using defaults
[1.050s] Level 5:colcon.colcon_core.verb:set package 'asio_cmake_module' build argument 'cmake_args' from command line to 'None'
[1.051s] Level 5:colcon.colcon_core.verb:set package 'asio_cmake_module' build argument 'cmake_target' from command line to 'None'
[1.051s] Level 5:colcon.colcon_core.verb:set package 'asio_cmake_module' build argument 'cmake_target_skip_unavailable' from command line to 'False'
[1.051s] Level 5:colcon.colcon_core.verb:set package 'asio_cmake_module' build argument 'cmake_clean_cache' from command line to 'False'
[1.051s] Level 5:colcon.colcon_core.verb:set package 'asio_cmake_module' build argument 'cmake_clean_first' from command line to 'False'
[1.051s] Level 5:colcon.colcon_core.verb:set package 'asio_cmake_module' build argument 'cmake_force_configure' from command line to 'False'
[1.051s] Level 5:colcon.colcon_core.verb:set package 'asio_cmake_module' build argument 'ament_cmake_args' from command line to 'None'
[1.051s] Level 5:colcon.colcon_core.verb:set package 'asio_cmake_module' build argument 'catkin_cmake_args' from command line to 'None'
[1.051s] Level 5:colcon.colcon_core.verb:set package 'asio_cmake_module' build argument 'catkin_skip_building_tests' from command line to 'False'
[1.051s] DEBUG:colcon.colcon_core.verb:Building package 'asio_cmake_module' with the following arguments: {'ament_cmake_args': None, 'build_base': '/home/shen/learn/ROS2/ethernet_ws/build/asio_cmake_module', 'catkin_cmake_args': None, 'catkin_skip_building_tests': False, 'cmake_args': None, 'cmake_clean_cache': False, 'cmake_clean_first': False, 'cmake_force_configure': False, 'cmake_target': None, 'cmake_target_skip_unavailable': False, 'install_base': '/home/shen/learn/ROS2/ethernet_ws/install/asio_cmake_module', 'merge_install': False, 'path': '/home/shen/learn/ROS2/ethernet_ws/src/transport_drivers/asio_cmake_module', 'symlink_install': False, 'test_result_base': None}
[1.063s] Level 5:colcon.colcon_core.verb:set package 'io_context' build argument 'cmake_args' from command line to 'None'
[1.063s] Level 5:colcon.colcon_core.verb:set package 'io_context' build argument 'cmake_target' from command line to 'None'
[1.063s] Level 5:colcon.colcon_core.verb:set package 'io_context' build argument 'cmake_target_skip_unavailable' from command line to 'False'
[1.063s] Level 5:colcon.colcon_core.verb:set package 'io_context' build argument 'cmake_clean_cache' from command line to 'False'
[1.063s] Level 5:colcon.colcon_core.verb:set package 'io_context' build argument 'cmake_clean_first' from command line to 'False'
[1.063s] Level 5:colcon.colcon_core.verb:set package 'io_context' build argument 'cmake_force_configure' from command line to 'False'
[1.063s] Level 5:colcon.colcon_core.verb:set package 'io_context' build argument 'ament_cmake_args' from command line to 'None'
[1.063s] Level 5:colcon.colcon_core.verb:set package 'io_context' build argument 'catkin_cmake_args' from command line to 'None'
[1.063s] Level 5:colcon.colcon_core.verb:set package 'io_context' build argument 'catkin_skip_building_tests' from command line to 'False'
[1.063s] DEBUG:colcon.colcon_core.verb:Building package 'io_context' with the following arguments: {'ament_cmake_args': None, 'build_base': '/home/shen/learn/ROS2/ethernet_ws/build/io_context', 'catkin_cmake_args': None, 'catkin_skip_building_tests': False, 'cmake_args': None, 'cmake_clean_cache': False, 'cmake_clean_first': False, 'cmake_force_configure': False, 'cmake_target': None, 'cmake_target_skip_unavailable': False, 'install_base': '/home/shen/learn/ROS2/ethernet_ws/install/io_context', 'merge_install': False, 'path': '/home/shen/learn/ROS2/ethernet_ws/src/transport_drivers/io_context', 'symlink_install': False, 'test_result_base': None}
[1.075s] Level 5:colcon.colcon_core.verb:set package 'serial_driver' build argument 'cmake_args' from command line to 'None'
[1.075s] Level 5:colcon.colcon_core.verb:set package 'serial_driver' build argument 'cmake_target' from command line to 'None'
[1.075s] Level 5:colcon.colcon_core.verb:set package 'serial_driver' build argument 'cmake_target_skip_unavailable' from command line to 'False'
[1.075s] Level 5:colcon.colcon_core.verb:set package 'serial_driver' build argument 'cmake_clean_cache' from command line to 'False'
[1.075s] Level 5:colcon.colcon_core.verb:set package 'serial_driver' build argument 'cmake_clean_first' from command line to 'False'
[1.075s] Level 5:colcon.colcon_core.verb:set package 'serial_driver' build argument 'cmake_force_configure' from command line to 'False'
[1.075s] Level 5:colcon.colcon_core.verb:set package 'serial_driver' build argument 'ament_cmake_args' from command line to 'None'
[1.075s] Level 5:colcon.colcon_core.verb:set package 'serial_driver' build argument 'catkin_cmake_args' from command line to 'None'
[1.075s] Level 5:colcon.colcon_core.verb:set package 'serial_driver' build argument 'catkin_skip_building_tests' from command line to 'False'
[1.076s] DEBUG:colcon.colcon_core.verb:Building package 'serial_driver' with the following arguments: {'ament_cmake_args': None, 'build_base': '/home/shen/learn/ROS2/ethernet_ws/build/serial_driver', 'catkin_cmake_args': None, 'catkin_skip_building_tests': False, 'cmake_args': None, 'cmake_clean_cache': False, 'cmake_clean_first': False, 'cmake_force_configure': False, 'cmake_target': None, 'cmake_target_skip_unavailable': False, 'install_base': '/home/shen/learn/ROS2/ethernet_ws/install/serial_driver', 'merge_install': False, 'path': '/home/shen/learn/ROS2/ethernet_ws/src/transport_drivers/serial_driver', 'symlink_install': False, 'test_result_base': None}
[1.088s] Level 5:colcon.colcon_core.verb:set package 'udp_driver' build argument 'cmake_args' from command line to 'None'
[1.088s] Level 5:colcon.colcon_core.verb:set package 'udp_driver' build argument 'cmake_target' from command line to 'None'
[1.088s] Level 5:colcon.colcon_core.verb:set package 'udp_driver' build argument 'cmake_target_skip_unavailable' from command line to 'False'
[1.088s] Level 5:colcon.colcon_core.verb:set package 'udp_driver' build argument 'cmake_clean_cache' from command line to 'False'
[1.088s] Level 5:colcon.colcon_core.verb:set package 'udp_driver' build argument 'cmake_clean_first' from command line to 'False'
[1.088s] Level 5:colcon.colcon_core.verb:set package 'udp_driver' build argument 'cmake_force_configure' from command line to 'False'
[1.088s] Level 5:colcon.colcon_core.verb:set package 'udp_driver' build argument 'ament_cmake_args' from command line to 'None'
[1.088s] Level 5:colcon.colcon_core.verb:set package 'udp_driver' build argument 'catkin_cmake_args' from command line to 'None'
[1.088s] Level 5:colcon.colcon_core.verb:set package 'udp_driver' build argument 'catkin_skip_building_tests' from command line to 'False'
[1.088s] DEBUG:colcon.colcon_core.verb:Building package 'udp_driver' with the following arguments: {'ament_cmake_args': None, 'build_base': '/home/shen/learn/ROS2/ethernet_ws/build/udp_driver', 'catkin_cmake_args': None, 'catkin_skip_building_tests': False, 'cmake_args': None, 'cmake_clean_cache': False, 'cmake_clean_first': False, 'cmake_force_configure': False, 'cmake_target': None, 'cmake_target_skip_unavailable': False, 'install_base': '/home/shen/learn/ROS2/ethernet_ws/install/udp_driver', 'merge_install': False, 'path': '/home/shen/learn/ROS2/ethernet_ws/src/transport_drivers/udp_driver', 'symlink_install': False, 'test_result_base': None}
[1.100s] INFO:colcon.colcon_core.executor:Executing jobs using 'parallel' executor
[1.112s] DEBUG:colcon.colcon_parallel_executor.executor.parallel:run_until_complete
[1.113s] INFO:colcon.colcon_ros.task.ament_cmake.build:Building ROS package in '/home/shen/learn/ROS2/ethernet_ws/src/transport_drivers/asio_cmake_module' with build type 'ament_cmake'
[1.113s] INFO:colcon.colcon_cmake.task.cmake.build:Building CMake package in '/home/shen/learn/ROS2/ethernet_ws/src/transport_drivers/asio_cmake_module'
[1.126s] INFO:colcon.colcon_core.plugin_system:Skipping extension 'colcon_core.shell.bat': Not used on non-Windows systems
[1.127s] INFO:colcon.colcon_core.shell:Skip shell extension 'powershell' for command environment: Not usable outside of PowerShell
[1.127s] DEBUG:colcon.colcon_core.shell:Skip shell extension 'dsv' for command environment
[1.173s] DEBUG:colcon.colcon_core.event_handler.log_command:Invoking command in '/home/shen/learn/ROS2/ethernet_ws/build/asio_cmake_module': CMAKE_PREFIX_PATH=${CMAKE_PREFIX_PATH}:/opt/ros/humble /usr/bin/cmake --build /home/shen/learn/ROS2/ethernet_ws/build/asio_cmake_module -- -j16 -l16
[1.234s] DEBUG:colcon.colcon_core.event_handler.log_command:Invoked command in '/home/shen/learn/ROS2/ethernet_ws/build/asio_cmake_module' returned '0': CMAKE_PREFIX_PATH=${CMAKE_PREFIX_PATH}:/opt/ros/humble /usr/bin/cmake --build /home/shen/learn/ROS2/ethernet_ws/build/asio_cmake_module -- -j16 -l16
[1.295s] DEBUG:colcon.colcon_core.event_handler.log_command:Invoking command in '/home/shen/learn/ROS2/ethernet_ws/build/asio_cmake_module': CMAKE_PREFIX_PATH=${CMAKE_PREFIX_PATH}:/opt/ros/humble /usr/bin/cmake --install /home/shen/learn/ROS2/ethernet_ws/build/asio_cmake_module
[1.304s] Level 1:colcon.colcon_core.environment:create_environment_scripts_only(asio_cmake_module)
[1.305s] DEBUG:colcon.colcon_core.event_handler.log_command:Invoked command in '/home/shen/learn/ROS2/ethernet_ws/build/asio_cmake_module' returned '0': CMAKE_PREFIX_PATH=${CMAKE_PREFIX_PATH}:/opt/ros/humble /usr/bin/cmake --install /home/shen/learn/ROS2/ethernet_ws/build/asio_cmake_module
[1.340s] Level 1:colcon.colcon_core.environment:checking '/home/shen/learn/ROS2/ethernet_ws/install/asio_cmake_module' for CMake module files
[1.340s] Level 1:colcon.colcon_core.environment:checking '/home/shen/learn/ROS2/ethernet_ws/install/asio_cmake_module' for CMake config files
[1.341s] Level 1:colcon.colcon_core.shell:create_environment_hook('asio_cmake_module', 'cmake_prefix_path')
[1.378s] INFO:colcon.colcon_core.shell:Creating environment hook '/home/shen/learn/ROS2/ethernet_ws/install/asio_cmake_module/share/asio_cmake_module/hook/cmake_prefix_path.ps1'
[1.379s] INFO:colcon.colcon_core.shell:Creating environment descriptor '/home/shen/learn/ROS2/ethernet_ws/install/asio_cmake_module/share/asio_cmake_module/hook/cmake_prefix_path.dsv'
[1.380s] INFO:colcon.colcon_core.shell:Creating environment hook '/home/shen/learn/ROS2/ethernet_ws/install/asio_cmake_module/share/asio_cmake_module/hook/cmake_prefix_path.sh'
[1.381s] Level 1:colcon.colcon_core.environment:checking '/home/shen/learn/ROS2/ethernet_ws/install/asio_cmake_module/bin'
[1.382s] Level 1:colcon.colcon_core.environment:checking '/home/shen/learn/ROS2/ethernet_ws/install/asio_cmake_module/lib/pkgconfig/asio_cmake_module.pc'
[1.382s] Level 1:colcon.colcon_core.environment:checking '/home/shen/learn/ROS2/ethernet_ws/install/asio_cmake_module/lib/python3.10/site-packages'
[1.382s] Level 1:colcon.colcon_core.environment:checking '/home/shen/learn/ROS2/ethernet_ws/install/asio_cmake_module/bin'
[1.394s] INFO:colcon.colcon_core.shell:Creating package script '/home/shen/learn/ROS2/ethernet_ws/install/asio_cmake_module/share/asio_cmake_module/package.ps1'
[1.395s] INFO:colcon.colcon_core.shell:Creating package descriptor '/home/shen/learn/ROS2/ethernet_ws/install/asio_cmake_module/share/asio_cmake_module/package.dsv'
[1.395s] INFO:colcon.colcon_core.shell:Creating package script '/home/shen/learn/ROS2/ethernet_ws/install/asio_cmake_module/share/asio_cmake_module/package.sh'
[1.395s] INFO:colcon.colcon_core.shell:Creating package script '/home/shen/learn/ROS2/ethernet_ws/install/asio_cmake_module/share/asio_cmake_module/package.bash'
[1.396s] INFO:colcon.colcon_core.shell:Creating package script '/home/shen/learn/ROS2/ethernet_ws/install/asio_cmake_module/share/asio_cmake_module/package.zsh'
[1.397s] Level 1:colcon.colcon_core.environment:create_file_with_runtime_dependencies(/home/shen/learn/ROS2/ethernet_ws/install/asio_cmake_module/share/colcon-core/packages/asio_cmake_module)
[1.463s] Level 1:colcon.colcon_core.environment:create_environment_scripts_only(asio_cmake_module)
[1.475s] Level 1:colcon.colcon_core.environment:checking '/home/shen/learn/ROS2/ethernet_ws/install/asio_cmake_module' for CMake module files
[1.476s] Level 1:colcon.colcon_core.environment:checking '/home/shen/learn/ROS2/ethernet_ws/install/asio_cmake_module' for CMake config files
[1.476s] Level 1:colcon.colcon_core.shell:create_environment_hook('asio_cmake_module', 'cmake_prefix_path')
[1.488s] INFO:colcon.colcon_core.shell:Creating environment hook '/home/shen/learn/ROS2/ethernet_ws/install/asio_cmake_module/share/asio_cmake_module/hook/cmake_prefix_path.ps1'
[1.488s] INFO:colcon.colcon_core.shell:Creating environment descriptor '/home/shen/learn/ROS2/ethernet_ws/install/asio_cmake_module/share/asio_cmake_module/hook/cmake_prefix_path.dsv'
[1.488s] INFO:colcon.colcon_core.shell:Creating environment hook '/home/shen/learn/ROS2/ethernet_ws/install/asio_cmake_module/share/asio_cmake_module/hook/cmake_prefix_path.sh'
[1.489s] Level 1:colcon.colcon_core.environment:checking '/home/shen/learn/ROS2/ethernet_ws/install/asio_cmake_module/bin'
[1.489s] Level 1:colcon.colcon_core.environment:checking '/home/shen/learn/ROS2/ethernet_ws/install/asio_cmake_module/lib/pkgconfig/asio_cmake_module.pc'
[1.489s] Level 1:colcon.colcon_core.environment:checking '/home/shen/learn/ROS2/ethernet_ws/install/asio_cmake_module/lib/python3.10/site-packages'
[1.489s] Level 1:colcon.colcon_core.environment:checking '/home/shen/learn/ROS2/ethernet_ws/install/asio_cmake_module/bin'
[1.501s] INFO:colcon.colcon_core.shell:Creating package script '/home/shen/learn/ROS2/ethernet_ws/install/asio_cmake_module/share/asio_cmake_module/package.ps1'
[1.501s] INFO:colcon.colcon_core.shell:Creating package descriptor '/home/shen/learn/ROS2/ethernet_ws/install/asio_cmake_module/share/asio_cmake_module/package.dsv'
[1.502s] INFO:colcon.colcon_core.shell:Creating package script '/home/shen/learn/ROS2/ethernet_ws/install/asio_cmake_module/share/asio_cmake_module/package.sh'
[1.502s] INFO:colcon.colcon_core.shell:Creating package script '/home/shen/learn/ROS2/ethernet_ws/install/asio_cmake_module/share/asio_cmake_module/package.bash'
[1.502s] INFO:colcon.colcon_core.shell:Creating package script '/home/shen/learn/ROS2/ethernet_ws/install/asio_cmake_module/share/asio_cmake_module/package.zsh'
[1.503s] Level 1:colcon.colcon_core.environment:create_file_with_runtime_dependencies(/home/shen/learn/ROS2/ethernet_ws/install/asio_cmake_module/share/colcon-core/packages/asio_cmake_module)
[1.503s] INFO:colcon.colcon_ros.task.ament_cmake.build:Building ROS package in '/home/shen/learn/ROS2/ethernet_ws/src/transport_drivers/io_context' with build type 'ament_cmake'
[1.503s] INFO:colcon.colcon_cmake.task.cmake.build:Building CMake package in '/home/shen/learn/ROS2/ethernet_ws/src/transport_drivers/io_context'
[1.516s] INFO:colcon.colcon_core.shell:Skip shell extension 'powershell' for command environment: Not usable outside of PowerShell
[1.516s] DEBUG:colcon.colcon_core.shell:Skip shell extension 'dsv' for command environment
[1.564s] DEBUG:colcon.colcon_core.event_handler.log_command:Invoking command in '/home/shen/learn/ROS2/ethernet_ws/build/io_context': CMAKE_PREFIX_PATH=/home/shen/learn/ROS2/ethernet_ws/install/asio_cmake_module:/home/shen/learn/ROS2/ethernet_ws/install/udp_driver:/home/shen/learn/ROS2/ethernet_ws/install/serial_driver:/home/shen/learn/ROS2/ethernet_ws/install/my_ethernet_utils:/home/shen/learn/ROS2/ethernet_ws/install/io_context:/opt/ros/humble /usr/bin/cmake --build /home/shen/learn/ROS2/ethernet_ws/build/io_context -- -j16 -l16
[1.686s] DEBUG:colcon.colcon_core.event_handler.log_command:Invoked command in '/home/shen/learn/ROS2/ethernet_ws/build/io_context' returned '0': CMAKE_PREFIX_PATH=/home/shen/learn/ROS2/ethernet_ws/install/asio_cmake_module:/home/shen/learn/ROS2/ethernet_ws/install/udp_driver:/home/shen/learn/ROS2/ethernet_ws/install/serial_driver:/home/shen/learn/ROS2/ethernet_ws/install/my_ethernet_utils:/home/shen/learn/ROS2/ethernet_ws/install/io_context:/opt/ros/humble /usr/bin/cmake --build /home/shen/learn/ROS2/ethernet_ws/build/io_context -- -j16 -l16
[1.764s] DEBUG:colcon.colcon_core.event_handler.log_command:Invoking command in '/home/shen/learn/ROS2/ethernet_ws/build/io_context': CMAKE_PREFIX_PATH=/home/shen/learn/ROS2/ethernet_ws/install/asio_cmake_module:/home/shen/learn/ROS2/ethernet_ws/install/udp_driver:/home/shen/learn/ROS2/ethernet_ws/install/serial_driver:/home/shen/learn/ROS2/ethernet_ws/install/my_ethernet_utils:/home/shen/learn/ROS2/ethernet_ws/install/io_context:/opt/ros/humble /usr/bin/cmake --install /home/shen/learn/ROS2/ethernet_ws/build/io_context
[1.788s] Level 1:colcon.colcon_core.environment:create_environment_scripts_only(io_context)
[1.788s] DEBUG:colcon.colcon_core.event_handler.log_command:Invoked command in '/home/shen/learn/ROS2/ethernet_ws/build/io_context' returned '0': CMAKE_PREFIX_PATH=/home/shen/learn/ROS2/ethernet_ws/install/asio_cmake_module:/home/shen/learn/ROS2/ethernet_ws/install/udp_driver:/home/shen/learn/ROS2/ethernet_ws/install/serial_driver:/home/shen/learn/ROS2/ethernet_ws/install/my_ethernet_utils:/home/shen/learn/ROS2/ethernet_ws/install/io_context:/opt/ros/humble /usr/bin/cmake --install /home/shen/learn/ROS2/ethernet_ws/build/io_context
[1.800s] Level 1:colcon.colcon_core.environment:checking '/home/shen/learn/ROS2/ethernet_ws/install/io_context' for CMake module files
[1.801s] Level 1:colcon.colcon_core.environment:checking '/home/shen/learn/ROS2/ethernet_ws/install/io_context' for CMake config files
[1.801s] Level 1:colcon.colcon_core.shell:create_environment_hook('io_context', 'cmake_prefix_path')
[1.813s] INFO:colcon.colcon_core.shell:Creating environment hook '/home/shen/learn/ROS2/ethernet_ws/install/io_context/share/io_context/hook/cmake_prefix_path.ps1'
[1.813s] INFO:colcon.colcon_core.shell:Creating environment descriptor '/home/shen/learn/ROS2/ethernet_ws/install/io_context/share/io_context/hook/cmake_prefix_path.dsv'
[1.813s] INFO:colcon.colcon_core.shell:Creating environment hook '/home/shen/learn/ROS2/ethernet_ws/install/io_context/share/io_context/hook/cmake_prefix_path.sh'
[1.814s] Level 1:colcon.colcon_core.environment:checking '/home/shen/learn/ROS2/ethernet_ws/install/io_context/lib'
[1.814s] Level 1:colcon.colcon_core.shell:create_environment_hook('io_context', 'ld_library_path_lib')
[1.826s] INFO:colcon.colcon_core.shell:Creating environment hook '/home/shen/learn/ROS2/ethernet_ws/install/io_context/share/io_context/hook/ld_library_path_lib.ps1'
[1.826s] INFO:colcon.colcon_core.shell:Creating environment descriptor '/home/shen/learn/ROS2/ethernet_ws/install/io_context/share/io_context/hook/ld_library_path_lib.dsv'
[1.826s] INFO:colcon.colcon_core.shell:Creating environment hook '/home/shen/learn/ROS2/ethernet_ws/install/io_context/share/io_context/hook/ld_library_path_lib.sh'
[1.827s] Level 1:colcon.colcon_core.environment:checking '/home/shen/learn/ROS2/ethernet_ws/install/io_context/bin'
[1.827s] Level 1:colcon.colcon_core.environment:checking '/home/shen/learn/ROS2/ethernet_ws/install/io_context/lib/pkgconfig/io_context.pc'
[1.827s] Level 1:colcon.colcon_core.environment:checking '/home/shen/learn/ROS2/ethernet_ws/install/io_context/lib/python3.10/site-packages'
[1.827s] Level 1:colcon.colcon_core.environment:checking '/home/shen/learn/ROS2/ethernet_ws/install/io_context/bin'
[1.839s] INFO:colcon.colcon_core.shell:Creating package script '/home/shen/learn/ROS2/ethernet_ws/install/io_context/share/io_context/package.ps1'
[1.839s] INFO:colcon.colcon_core.shell:Creating package descriptor '/home/shen/learn/ROS2/ethernet_ws/install/io_context/share/io_context/package.dsv'
[1.840s] INFO:colcon.colcon_core.shell:Creating package script '/home/shen/learn/ROS2/ethernet_ws/install/io_context/share/io_context/package.sh'
[1.840s] INFO:colcon.colcon_core.shell:Creating package script '/home/shen/learn/ROS2/ethernet_ws/install/io_context/share/io_context/package.bash'
[1.840s] INFO:colcon.colcon_core.shell:Creating package script '/home/shen/learn/ROS2/ethernet_ws/install/io_context/share/io_context/package.zsh'
[1.840s] Level 1:colcon.colcon_core.environment:create_file_with_runtime_dependencies(/home/shen/learn/ROS2/ethernet_ws/install/io_context/share/colcon-core/packages/io_context)
[1.890s] Level 1:colcon.colcon_core.environment:create_environment_scripts_only(io_context)
[1.902s] Level 1:colcon.colcon_core.environment:checking '/home/shen/learn/ROS2/ethernet_ws/install/io_context' for CMake module files
[1.903s] Level 1:colcon.colcon_core.environment:checking '/home/shen/learn/ROS2/ethernet_ws/install/io_context' for CMake config files
[1.903s] Level 1:colcon.colcon_core.shell:create_environment_hook('io_context', 'cmake_prefix_path')
[1.915s] INFO:colcon.colcon_core.shell:Creating environment hook '/home/shen/learn/ROS2/ethernet_ws/install/io_context/share/io_context/hook/cmake_prefix_path.ps1'
[1.916s] INFO:colcon.colcon_core.shell:Creating environment descriptor '/home/shen/learn/ROS2/ethernet_ws/install/io_context/share/io_context/hook/cmake_prefix_path.dsv'
[1.916s] INFO:colcon.colcon_core.shell:Creating environment hook '/home/shen/learn/ROS2/ethernet_ws/install/io_context/share/io_context/hook/cmake_prefix_path.sh'
[1.916s] Level 1:colcon.colcon_core.environment:checking '/home/shen/learn/ROS2/ethernet_ws/install/io_context/lib'
[1.917s] Level 1:colcon.colcon_core.shell:create_environment_hook('io_context', 'ld_library_path_lib')
[1.929s] INFO:colcon.colcon_core.shell:Creating environment hook '/home/shen/learn/ROS2/ethernet_ws/install/io_context/share/io_context/hook/ld_library_path_lib.ps1'
[1.929s] INFO:colcon.colcon_core.shell:Creating environment descriptor '/home/shen/learn/ROS2/ethernet_ws/install/io_context/share/io_context/hook/ld_library_path_lib.dsv'
[1.929s] INFO:colcon.colcon_core.shell:Creating environment hook '/home/shen/learn/ROS2/ethernet_ws/install/io_context/share/io_context/hook/ld_library_path_lib.sh'
[1.930s] Level 1:colcon.colcon_core.environment:checking '/home/shen/learn/ROS2/ethernet_ws/install/io_context/bin'
[1.930s] Level 1:colcon.colcon_core.environment:checking '/home/shen/learn/ROS2/ethernet_ws/install/io_context/lib/pkgconfig/io_context.pc'
[1.930s] Level 1:colcon.colcon_core.environment:checking '/home/shen/learn/ROS2/ethernet_ws/install/io_context/lib/python3.10/site-packages'
[1.930s] Level 1:colcon.colcon_core.environment:checking '/home/shen/learn/ROS2/ethernet_ws/install/io_context/bin'
[1.942s] INFO:colcon.colcon_core.shell:Creating package script '/home/shen/learn/ROS2/ethernet_ws/install/io_context/share/io_context/package.ps1'
[1.943s] INFO:colcon.colcon_core.shell:Creating package descriptor '/home/shen/learn/ROS2/ethernet_ws/install/io_context/share/io_context/package.dsv'
[1.943s] INFO:colcon.colcon_core.shell:Creating package script '/home/shen/learn/ROS2/ethernet_ws/install/io_context/share/io_context/package.sh'
[1.943s] INFO:colcon.colcon_core.shell:Creating package script '/home/shen/learn/ROS2/ethernet_ws/install/io_context/share/io_context/package.bash'
[1.944s] INFO:colcon.colcon_core.shell:Creating package script '/home/shen/learn/ROS2/ethernet_ws/install/io_context/share/io_context/package.zsh'
[1.944s] Level 1:colcon.colcon_core.environment:create_file_with_runtime_dependencies(/home/shen/learn/ROS2/ethernet_ws/install/io_context/share/colcon-core/packages/io_context)
[1.944s] INFO:colcon.colcon_ros.task.ament_cmake.build:Building ROS package in '/home/shen/learn/ROS2/ethernet_ws/src/transport_drivers/serial_driver' with build type 'ament_cmake'
[1.945s] INFO:colcon.colcon_cmake.task.cmake.build:Building CMake package in '/home/shen/learn/ROS2/ethernet_ws/src/transport_drivers/serial_driver'
[1.957s] INFO:colcon.colcon_core.shell:Skip shell extension 'powershell' for command environment: Not usable outside of PowerShell
[1.957s] DEBUG:colcon.colcon_core.shell:Skip shell extension 'dsv' for command environment
[1.996s] INFO:colcon.colcon_ros.task.ament_cmake.build:Building ROS package in '/home/shen/learn/ROS2/ethernet_ws/src/transport_drivers/udp_driver' with build type 'ament_cmake'
[1.996s] INFO:colcon.colcon_cmake.task.cmake.build:Building CMake package in '/home/shen/learn/ROS2/ethernet_ws/src/transport_drivers/udp_driver'
[2.009s] INFO:colcon.colcon_core.shell:Skip shell extension 'powershell' for command environment: Not usable outside of PowerShell
[2.009s] DEBUG:colcon.colcon_core.shell:Skip shell extension 'dsv' for command environment
[2.051s] DEBUG:colcon.colcon_core.event_handler.log_command:Invoking command in '/home/shen/learn/ROS2/ethernet_ws/build/serial_driver': CMAKE_PREFIX_PATH=/home/shen/learn/ROS2/ethernet_ws/install/io_context:/home/shen/learn/ROS2/ethernet_ws/install/asio_cmake_module:/home/shen/learn/ROS2/ethernet_ws/install/udp_driver:/home/shen/learn/ROS2/ethernet_ws/install/serial_driver:/home/shen/learn/ROS2/ethernet_ws/install/my_ethernet_utils:/opt/ros/humble LD_LIBRARY_PATH=/home/shen/learn/ROS2/ethernet_ws/install/io_context/lib:/home/shen/learn/ROS2/ethernet_ws/install/udp_driver/lib:/home/shen/learn/ROS2/ethernet_ws/install/serial_driver/lib:/usr/lib/x86_64-linux-gnu/gazebo-11/plugins:/opt/ros/humble/opt/rviz_ogre_vendor/lib:/opt/ros/humble/lib/x86_64-linux-gnu:/opt/ros/humble/lib /usr/bin/cmake --build /home/shen/learn/ROS2/ethernet_ws/build/serial_driver -- -j16 -l16
[2.061s] DEBUG:colcon.colcon_core.event_handler.log_command:Invoking command in '/home/shen/learn/ROS2/ethernet_ws/build/udp_driver': CMAKE_PREFIX_PATH=/home/shen/learn/ROS2/ethernet_ws/install/io_context:/home/shen/learn/ROS2/ethernet_ws/install/asio_cmake_module:/home/shen/learn/ROS2/ethernet_ws/install/udp_driver:/home/shen/learn/ROS2/ethernet_ws/install/serial_driver:/home/shen/learn/ROS2/ethernet_ws/install/my_ethernet_utils:/opt/ros/humble LD_LIBRARY_PATH=/home/shen/learn/ROS2/ethernet_ws/install/io_context/lib:/home/shen/learn/ROS2/ethernet_ws/install/udp_driver/lib:/home/shen/learn/ROS2/ethernet_ws/install/serial_driver/lib:/usr/lib/x86_64-linux-gnu/gazebo-11/plugins:/opt/ros/humble/opt/rviz_ogre_vendor/lib:/opt/ros/humble/lib/x86_64-linux-gnu:/opt/ros/humble/lib /usr/bin/cmake --build /home/shen/learn/ROS2/ethernet_ws/build/udp_driver -- -j16 -l16
[2.193s] DEBUG:colcon.colcon_core.event_handler.log_command:Invoked command in '/home/shen/learn/ROS2/ethernet_ws/build/serial_driver' returned '0': CMAKE_PREFIX_PATH=/home/shen/learn/ROS2/ethernet_ws/install/io_context:/home/shen/learn/ROS2/ethernet_ws/install/asio_cmake_module:/home/shen/learn/ROS2/ethernet_ws/install/udp_driver:/home/shen/learn/ROS2/ethernet_ws/install/serial_driver:/home/shen/learn/ROS2/ethernet_ws/install/my_ethernet_utils:/opt/ros/humble LD_LIBRARY_PATH=/home/shen/learn/ROS2/ethernet_ws/install/io_context/lib:/home/shen/learn/ROS2/ethernet_ws/install/udp_driver/lib:/home/shen/learn/ROS2/ethernet_ws/install/serial_driver/lib:/usr/lib/x86_64-linux-gnu/gazebo-11/plugins:/opt/ros/humble/opt/rviz_ogre_vendor/lib:/opt/ros/humble/lib/x86_64-linux-gnu:/opt/ros/humble/lib /usr/bin/cmake --build /home/shen/learn/ROS2/ethernet_ws/build/serial_driver -- -j16 -l16
[2.255s] DEBUG:colcon.colcon_core.event_handler.log_command:Invoking command in '/home/shen/learn/ROS2/ethernet_ws/build/serial_driver': CMAKE_PREFIX_PATH=/home/shen/learn/ROS2/ethernet_ws/install/io_context:/home/shen/learn/ROS2/ethernet_ws/install/asio_cmake_module:/home/shen/learn/ROS2/ethernet_ws/install/udp_driver:/home/shen/learn/ROS2/ethernet_ws/install/serial_driver:/home/shen/learn/ROS2/ethernet_ws/install/my_ethernet_utils:/opt/ros/humble LD_LIBRARY_PATH=/home/shen/learn/ROS2/ethernet_ws/install/io_context/lib:/home/shen/learn/ROS2/ethernet_ws/install/udp_driver/lib:/home/shen/learn/ROS2/ethernet_ws/install/serial_driver/lib:/usr/lib/x86_64-linux-gnu/gazebo-11/plugins:/opt/ros/humble/opt/rviz_ogre_vendor/lib:/opt/ros/humble/lib/x86_64-linux-gnu:/opt/ros/humble/lib /usr/bin/cmake --install /home/shen/learn/ROS2/ethernet_ws/build/serial_driver
[2.271s] DEBUG:colcon.colcon_core.event_handler.log_command:Invoked command in '/home/shen/learn/ROS2/ethernet_ws/build/udp_driver' returned '0': CMAKE_PREFIX_PATH=/home/shen/learn/ROS2/ethernet_ws/install/io_context:/home/shen/learn/ROS2/ethernet_ws/install/asio_cmake_module:/home/shen/learn/ROS2/ethernet_ws/install/udp_driver:/home/shen/learn/ROS2/ethernet_ws/install/serial_driver:/home/shen/learn/ROS2/ethernet_ws/install/my_ethernet_utils:/opt/ros/humble LD_LIBRARY_PATH=/home/shen/learn/ROS2/ethernet_ws/install/io_context/lib:/home/shen/learn/ROS2/ethernet_ws/install/udp_driver/lib:/home/shen/learn/ROS2/ethernet_ws/install/serial_driver/lib:/usr/lib/x86_64-linux-gnu/gazebo-11/plugins:/opt/ros/humble/opt/rviz_ogre_vendor/lib:/opt/ros/humble/lib/x86_64-linux-gnu:/opt/ros/humble/lib /usr/bin/cmake --build /home/shen/learn/ROS2/ethernet_ws/build/udp_driver -- -j16 -l16
[2.281s] Level 1:colcon.colcon_core.environment:create_environment_scripts_only(serial_driver)
[2.282s] DEBUG:colcon.colcon_core.event_handler.log_command:Invoked command in '/home/shen/learn/ROS2/ethernet_ws/build/serial_driver' returned '0': CMAKE_PREFIX_PATH=/home/shen/learn/ROS2/ethernet_ws/install/io_context:/home/shen/learn/ROS2/ethernet_ws/install/asio_cmake_module:/home/shen/learn/ROS2/ethernet_ws/install/udp_driver:/home/shen/learn/ROS2/ethernet_ws/install/serial_driver:/home/shen/learn/ROS2/ethernet_ws/install/my_ethernet_utils:/opt/ros/humble LD_LIBRARY_PATH=/home/shen/learn/ROS2/ethernet_ws/install/io_context/lib:/home/shen/learn/ROS2/ethernet_ws/install/udp_driver/lib:/home/shen/learn/ROS2/ethernet_ws/install/serial_driver/lib:/usr/lib/x86_64-linux-gnu/gazebo-11/plugins:/opt/ros/humble/opt/rviz_ogre_vendor/lib:/opt/ros/humble/lib/x86_64-linux-gnu:/opt/ros/humble/lib /usr/bin/cmake --install /home/shen/learn/ROS2/ethernet_ws/build/serial_driver
[2.315s] Level 1:colcon.colcon_core.environment:checking '/home/shen/learn/ROS2/ethernet_ws/install/serial_driver' for CMake module files
[2.316s] Level 1:colcon.colcon_core.environment:checking '/home/shen/learn/ROS2/ethernet_ws/install/serial_driver' for CMake config files
[2.317s] Level 1:colcon.colcon_core.shell:create_environment_hook('serial_driver', 'cmake_prefix_path')
[2.338s] INFO:colcon.colcon_core.shell:Creating environment hook '/home/shen/learn/ROS2/ethernet_ws/install/serial_driver/share/serial_driver/hook/cmake_prefix_path.ps1'
[2.338s] INFO:colcon.colcon_core.shell:Creating environment descriptor '/home/shen/learn/ROS2/ethernet_ws/install/serial_driver/share/serial_driver/hook/cmake_prefix_path.dsv'
[2.339s] INFO:colcon.colcon_core.shell:Creating environment hook '/home/shen/learn/ROS2/ethernet_ws/install/serial_driver/share/serial_driver/hook/cmake_prefix_path.sh'
[2.339s] Level 1:colcon.colcon_core.environment:checking '/home/shen/learn/ROS2/ethernet_ws/install/serial_driver/lib'
[2.339s] Level 1:colcon.colcon_core.shell:create_environment_hook('serial_driver', 'ld_library_path_lib')
[2.351s] INFO:colcon.colcon_core.shell:Creating environment hook '/home/shen/learn/ROS2/ethernet_ws/install/serial_driver/share/serial_driver/hook/ld_library_path_lib.ps1'
[2.352s] INFO:colcon.colcon_core.shell:Creating environment descriptor '/home/shen/learn/ROS2/ethernet_ws/install/serial_driver/share/serial_driver/hook/ld_library_path_lib.dsv'
[2.352s] INFO:colcon.colcon_core.shell:Creating environment hook '/home/shen/learn/ROS2/ethernet_ws/install/serial_driver/share/serial_driver/hook/ld_library_path_lib.sh'
[2.352s] Level 1:colcon.colcon_core.environment:checking '/home/shen/learn/ROS2/ethernet_ws/install/serial_driver/bin'
[2.352s] Level 1:colcon.colcon_core.environment:checking '/home/shen/learn/ROS2/ethernet_ws/install/serial_driver/lib/pkgconfig/serial_driver.pc'
[2.352s] Level 1:colcon.colcon_core.environment:checking '/home/shen/learn/ROS2/ethernet_ws/install/serial_driver/lib/python3.10/site-packages'
[2.352s] Level 1:colcon.colcon_core.environment:checking '/home/shen/learn/ROS2/ethernet_ws/install/serial_driver/bin'
[2.364s] INFO:colcon.colcon_core.shell:Creating package script '/home/shen/learn/ROS2/ethernet_ws/install/serial_driver/share/serial_driver/package.ps1'
[2.365s] INFO:colcon.colcon_core.shell:Creating package descriptor '/home/shen/learn/ROS2/ethernet_ws/install/serial_driver/share/serial_driver/package.dsv'
[2.365s] INFO:colcon.colcon_core.shell:Creating package script '/home/shen/learn/ROS2/ethernet_ws/install/serial_driver/share/serial_driver/package.sh'
[2.366s] INFO:colcon.colcon_core.shell:Creating package script '/home/shen/learn/ROS2/ethernet_ws/install/serial_driver/share/serial_driver/package.bash'
[2.366s] INFO:colcon.colcon_core.shell:Creating package script '/home/shen/learn/ROS2/ethernet_ws/install/serial_driver/share/serial_driver/package.zsh'
[2.366s] Level 1:colcon.colcon_core.environment:create_file_with_runtime_dependencies(/home/shen/learn/ROS2/ethernet_ws/install/serial_driver/share/colcon-core/packages/serial_driver)
[2.368s] DEBUG:colcon.colcon_core.event_handler.log_command:Invoking command in '/home/shen/learn/ROS2/ethernet_ws/build/udp_driver': CMAKE_PREFIX_PATH=/home/shen/learn/ROS2/ethernet_ws/install/io_context:/home/shen/learn/ROS2/ethernet_ws/install/asio_cmake_module:/home/shen/learn/ROS2/ethernet_ws/install/udp_driver:/home/shen/learn/ROS2/ethernet_ws/install/serial_driver:/home/shen/learn/ROS2/ethernet_ws/install/my_ethernet_utils:/opt/ros/humble LD_LIBRARY_PATH=/home/shen/learn/ROS2/ethernet_ws/install/io_context/lib:/home/shen/learn/ROS2/ethernet_ws/install/udp_driver/lib:/home/shen/learn/ROS2/ethernet_ws/install/serial_driver/lib:/usr/lib/x86_64-linux-gnu/gazebo-11/plugins:/opt/ros/humble/opt/rviz_ogre_vendor/lib:/opt/ros/humble/lib/x86_64-linux-gnu:/opt/ros/humble/lib /usr/bin/cmake --install /home/shen/learn/ROS2/ethernet_ws/build/udp_driver
[2.380s] Level 1:colcon.colcon_core.environment:create_environment_scripts_only(udp_driver)
[2.381s] DEBUG:colcon.colcon_core.event_handler.log_command:Invoked command in '/home/shen/learn/ROS2/ethernet_ws/build/udp_driver' returned '0': CMAKE_PREFIX_PATH=/home/shen/learn/ROS2/ethernet_ws/install/io_context:/home/shen/learn/ROS2/ethernet_ws/install/asio_cmake_module:/home/shen/learn/ROS2/ethernet_ws/install/udp_driver:/home/shen/learn/ROS2/ethernet_ws/install/serial_driver:/home/shen/learn/ROS2/ethernet_ws/install/my_ethernet_utils:/opt/ros/humble LD_LIBRARY_PATH=/home/shen/learn/ROS2/ethernet_ws/install/io_context/lib:/home/shen/learn/ROS2/ethernet_ws/install/udp_driver/lib:/home/shen/learn/ROS2/ethernet_ws/install/serial_driver/lib:/usr/lib/x86_64-linux-gnu/gazebo-11/plugins:/opt/ros/humble/opt/rviz_ogre_vendor/lib:/opt/ros/humble/lib/x86_64-linux-gnu:/opt/ros/humble/lib /usr/bin/cmake --install /home/shen/learn/ROS2/ethernet_ws/build/udp_driver
[2.393s] Level 1:colcon.colcon_core.environment:checking '/home/shen/learn/ROS2/ethernet_ws/install/udp_driver' for CMake module files
[2.393s] Level 1:colcon.colcon_core.environment:checking '/home/shen/learn/ROS2/ethernet_ws/install/udp_driver' for CMake config files
[2.393s] Level 1:colcon.colcon_core.shell:create_environment_hook('udp_driver', 'cmake_prefix_path')
[2.406s] INFO:colcon.colcon_core.shell:Creating environment hook '/home/shen/learn/ROS2/ethernet_ws/install/udp_driver/share/udp_driver/hook/cmake_prefix_path.ps1'
[2.406s] INFO:colcon.colcon_core.shell:Creating environment descriptor '/home/shen/learn/ROS2/ethernet_ws/install/udp_driver/share/udp_driver/hook/cmake_prefix_path.dsv'
[2.406s] INFO:colcon.colcon_core.shell:Creating environment hook '/home/shen/learn/ROS2/ethernet_ws/install/udp_driver/share/udp_driver/hook/cmake_prefix_path.sh'
[2.407s] Level 1:colcon.colcon_core.environment:checking '/home/shen/learn/ROS2/ethernet_ws/install/udp_driver/lib'
[2.407s] Level 1:colcon.colcon_core.shell:create_environment_hook('udp_driver', 'ld_library_path_lib')
[2.419s] INFO:colcon.colcon_core.shell:Creating environment hook '/home/shen/learn/ROS2/ethernet_ws/install/udp_driver/share/udp_driver/hook/ld_library_path_lib.ps1'
[2.419s] INFO:colcon.colcon_core.shell:Creating environment descriptor '/home/shen/learn/ROS2/ethernet_ws/install/udp_driver/share/udp_driver/hook/ld_library_path_lib.dsv'
[2.420s] INFO:colcon.colcon_core.shell:Creating environment hook '/home/shen/learn/ROS2/ethernet_ws/install/udp_driver/share/udp_driver/hook/ld_library_path_lib.sh'
[2.420s] Level 1:colcon.colcon_core.environment:checking '/home/shen/learn/ROS2/ethernet_ws/install/udp_driver/bin'
[2.420s] Level 1:colcon.colcon_core.environment:checking '/home/shen/learn/ROS2/ethernet_ws/install/udp_driver/lib/pkgconfig/udp_driver.pc'
[2.420s] Level 1:colcon.colcon_core.environment:checking '/home/shen/learn/ROS2/ethernet_ws/install/udp_driver/lib/python3.10/site-packages'
[2.420s] Level 1:colcon.colcon_core.environment:checking '/home/shen/learn/ROS2/ethernet_ws/install/udp_driver/bin'
[2.432s] INFO:colcon.colcon_core.shell:Creating package script '/home/shen/learn/ROS2/ethernet_ws/install/udp_driver/share/udp_driver/package.ps1'
[2.433s] INFO:colcon.colcon_core.shell:Creating package descriptor '/home/shen/learn/ROS2/ethernet_ws/install/udp_driver/share/udp_driver/package.dsv'
[2.433s] INFO:colcon.colcon_core.shell:Creating package script '/home/shen/learn/ROS2/ethernet_ws/install/udp_driver/share/udp_driver/package.sh'
[2.433s] INFO:colcon.colcon_core.shell:Creating package script '/home/shen/learn/ROS2/ethernet_ws/install/udp_driver/share/udp_driver/package.bash'
[2.434s] INFO:colcon.colcon_core.shell:Creating package script '/home/shen/learn/ROS2/ethernet_ws/install/udp_driver/share/udp_driver/package.zsh'
[2.434s] Level 1:colcon.colcon_core.environment:create_file_with_runtime_dependencies(/home/shen/learn/ROS2/ethernet_ws/install/udp_driver/share/colcon-core/packages/udp_driver)
[2.447s] Level 1:colcon.colcon_core.environment:create_environment_scripts_only(serial_driver)
[2.459s] Level 1:colcon.colcon_core.environment:checking '/home/shen/learn/ROS2/ethernet_ws/install/serial_driver' for CMake module files
[2.459s] Level 1:colcon.colcon_core.environment:checking '/home/shen/learn/ROS2/ethernet_ws/install/serial_driver' for CMake config files
[2.460s] Level 1:colcon.colcon_core.shell:create_environment_hook('serial_driver', 'cmake_prefix_path')
[2.471s] INFO:colcon.colcon_core.shell:Creating environment hook '/home/shen/learn/ROS2/ethernet_ws/install/serial_driver/share/serial_driver/hook/cmake_prefix_path.ps1'
[2.472s] INFO:colcon.colcon_core.shell:Creating environment descriptor '/home/shen/learn/ROS2/ethernet_ws/install/serial_driver/share/serial_driver/hook/cmake_prefix_path.dsv'
[2.472s] INFO:colcon.colcon_core.shell:Creating environment hook '/home/shen/learn/ROS2/ethernet_ws/install/serial_driver/share/serial_driver/hook/cmake_prefix_path.sh'
[2.472s] Level 1:colcon.colcon_core.environment:checking '/home/shen/learn/ROS2/ethernet_ws/install/serial_driver/lib'
[2.472s] Level 1:colcon.colcon_core.shell:create_environment_hook('serial_driver', 'ld_library_path_lib')
[2.484s] INFO:colcon.colcon_core.shell:Creating environment hook '/home/shen/learn/ROS2/ethernet_ws/install/serial_driver/share/serial_driver/hook/ld_library_path_lib.ps1'
[2.485s] INFO:colcon.colcon_core.shell:Creating environment descriptor '/home/shen/learn/ROS2/ethernet_ws/install/serial_driver/share/serial_driver/hook/ld_library_path_lib.dsv'
[2.485s] INFO:colcon.colcon_core.shell:Creating environment hook '/home/shen/learn/ROS2/ethernet_ws/install/serial_driver/share/serial_driver/hook/ld_library_path_lib.sh'
[2.485s] Level 1:colcon.colcon_core.environment:checking '/home/shen/learn/ROS2/ethernet_ws/install/serial_driver/bin'
[2.485s] Level 1:colcon.colcon_core.environment:checking '/home/shen/learn/ROS2/ethernet_ws/install/serial_driver/lib/pkgconfig/serial_driver.pc'
[2.486s] Level 1:colcon.colcon_core.environment:checking '/home/shen/learn/ROS2/ethernet_ws/install/serial_driver/lib/python3.10/site-packages'
[2.486s] Level 1:colcon.colcon_core.environment:checking '/home/shen/learn/ROS2/ethernet_ws/install/serial_driver/bin'
[2.498s] INFO:colcon.colcon_core.shell:Creating package script '/home/shen/learn/ROS2/ethernet_ws/install/serial_driver/share/serial_driver/package.ps1'
[2.498s] INFO:colcon.colcon_core.shell:Creating package descriptor '/home/shen/learn/ROS2/ethernet_ws/install/serial_driver/share/serial_driver/package.dsv'
[2.499s] INFO:colcon.colcon_core.shell:Creating package script '/home/shen/learn/ROS2/ethernet_ws/install/serial_driver/share/serial_driver/package.sh'
[2.499s] INFO:colcon.colcon_core.shell:Creating package script '/home/shen/learn/ROS2/ethernet_ws/install/serial_driver/share/serial_driver/package.bash'
[2.499s] INFO:colcon.colcon_core.shell:Creating package script '/home/shen/learn/ROS2/ethernet_ws/install/serial_driver/share/serial_driver/package.zsh'
[2.499s] Level 1:colcon.colcon_core.environment:create_file_with_runtime_dependencies(/home/shen/learn/ROS2/ethernet_ws/install/serial_driver/share/colcon-core/packages/serial_driver)
[2.527s] Level 1:colcon.colcon_core.environment:create_environment_scripts_only(udp_driver)
[2.539s] Level 1:colcon.colcon_core.environment:checking '/home/shen/learn/ROS2/ethernet_ws/install/udp_driver' for CMake module files
[2.539s] Level 1:colcon.colcon_core.environment:checking '/home/shen/learn/ROS2/ethernet_ws/install/udp_driver' for CMake config files
[2.540s] Level 1:colcon.colcon_core.shell:create_environment_hook('udp_driver', 'cmake_prefix_path')
[2.552s] INFO:colcon.colcon_core.shell:Creating environment hook '/home/shen/learn/ROS2/ethernet_ws/install/udp_driver/share/udp_driver/hook/cmake_prefix_path.ps1'
[2.552s] INFO:colcon.colcon_core.shell:Creating environment descriptor '/home/shen/learn/ROS2/ethernet_ws/install/udp_driver/share/udp_driver/hook/cmake_prefix_path.dsv'
[2.552s] INFO:colcon.colcon_core.shell:Creating environment hook '/home/shen/learn/ROS2/ethernet_ws/install/udp_driver/share/udp_driver/hook/cmake_prefix_path.sh'
[2.553s] Level 1:colcon.colcon_core.environment:checking '/home/shen/learn/ROS2/ethernet_ws/install/udp_driver/lib'
[2.553s] Level 1:colcon.colcon_core.shell:create_environment_hook('udp_driver', 'ld_library_path_lib')
[2.576s] INFO:colcon.colcon_core.shell:Creating environment hook '/home/shen/learn/ROS2/ethernet_ws/install/udp_driver/share/udp_driver/hook/ld_library_path_lib.ps1'
[2.577s] INFO:colcon.colcon_core.shell:Creating environment descriptor '/home/shen/learn/ROS2/ethernet_ws/install/udp_driver/share/udp_driver/hook/ld_library_path_lib.dsv'
[2.577s] INFO:colcon.colcon_core.shell:Creating environment hook '/home/shen/learn/ROS2/ethernet_ws/install/udp_driver/share/udp_driver/hook/ld_library_path_lib.sh'
[2.577s] Level 1:colcon.colcon_core.environment:checking '/home/shen/learn/ROS2/ethernet_ws/install/udp_driver/bin'
[2.577s] Level 1:colcon.colcon_core.environment:checking '/home/shen/learn/ROS2/ethernet_ws/install/udp_driver/lib/pkgconfig/udp_driver.pc'
[2.578s] Level 1:colcon.colcon_core.environment:checking '/home/shen/learn/ROS2/ethernet_ws/install/udp_driver/lib/python3.10/site-packages'
[2.578s] Level 1:colcon.colcon_core.environment:checking '/home/shen/learn/ROS2/ethernet_ws/install/udp_driver/bin'
[2.590s] INFO:colcon.colcon_core.shell:Creating package script '/home/shen/learn/ROS2/ethernet_ws/install/udp_driver/share/udp_driver/package.ps1'
[2.591s] INFO:colcon.colcon_core.shell:Creating package descriptor '/home/shen/learn/ROS2/ethernet_ws/install/udp_driver/share/udp_driver/package.dsv'
[2.591s] INFO:colcon.colcon_core.shell:Creating package script '/home/shen/learn/ROS2/ethernet_ws/install/udp_driver/share/udp_driver/package.sh'
[2.592s] INFO:colcon.colcon_core.shell:Creating package script '/home/shen/learn/ROS2/ethernet_ws/install/udp_driver/share/udp_driver/package.bash'
[2.592s] INFO:colcon.colcon_core.shell:Creating package script '/home/shen/learn/ROS2/ethernet_ws/install/udp_driver/share/udp_driver/package.zsh'
[2.592s] Level 1:colcon.colcon_core.environment:create_file_with_runtime_dependencies(/home/shen/learn/ROS2/ethernet_ws/install/udp_driver/share/colcon-core/packages/udp_driver)
[2.593s] DEBUG:colcon.colcon_parallel_executor.executor.parallel:closing loop
[2.593s] DEBUG:colcon.colcon_parallel_executor.executor.parallel:loop closed
[2.593s] DEBUG:colcon.colcon_parallel_executor.executor.parallel:run_until_complete finished with '0'
[2.593s] DEBUG:colcon.colcon_core.event_reactor:joining thread
[2.635s] INFO:colcon.colcon_core.plugin_system:Skipping extension 'colcon_notification.desktop_notification.terminal_notifier': Not used on non-Darwin systems
[2.635s] INFO:colcon.colcon_core.plugin_system:Skipping extension 'colcon_notification.desktop_notification.win32': Not used on non-Windows systems
[2.636s] INFO:colcon.colcon_notification.desktop_notification:Sending desktop notification using 'notify2'
[2.653s] DEBUG:colcon.colcon_core.event_reactor:joined thread
[2.667s] INFO:colcon.colcon_core.shell:Creating prefix script '/home/shen/learn/ROS2/ethernet_ws/install/local_setup.ps1'
[2.668s] INFO:colcon.colcon_core.shell:Creating prefix util module '/home/shen/learn/ROS2/ethernet_ws/install/_local_setup_util_ps1.py'
[2.669s] INFO:colcon.colcon_core.shell:Creating prefix chain script '/home/shen/learn/ROS2/ethernet_ws/install/setup.ps1'
[2.681s] INFO:colcon.colcon_core.shell:Creating prefix script '/home/shen/learn/ROS2/ethernet_ws/install/local_setup.sh'
[2.681s] INFO:colcon.colcon_core.shell:Creating prefix util module '/home/shen/learn/ROS2/ethernet_ws/install/_local_setup_util_sh.py'
[2.682s] INFO:colcon.colcon_core.shell:Creating prefix chain script '/home/shen/learn/ROS2/ethernet_ws/install/setup.sh'
[2.694s] INFO:colcon.colcon_core.shell:Creating prefix script '/home/shen/learn/ROS2/ethernet_ws/install/local_setup.bash'
[2.695s] INFO:colcon.colcon_core.shell:Creating prefix chain script '/home/shen/learn/ROS2/ethernet_ws/install/setup.bash'
[2.707s] INFO:colcon.colcon_core.shell:Creating prefix script '/home/shen/learn/ROS2/ethernet_ws/install/local_setup.zsh'
[2.708s] INFO:colcon.colcon_core.shell:Creating prefix chain script '/home/shen/learn/ROS2/ethernet_ws/install/setup.zsh'
