[0.050s] Invoking command in '/home/shen/learn/ROS2/inject_ws/build/replay_server': CMAKE_PREFIX_PATH=/opt/ros/humble /usr/bin/cmake --build /home/shen/learn/ROS2/inject_ws/build/replay_server -- -j16 -l16
[0.102s] -- Found ament_cmake: 1.3.6 (/opt/ros/humble/share/ament_cmake/cmake)
[0.306s] -- Found rclcpp: 16.0.7 (/opt/ros/humble/share/rclcpp/cmake)
[0.370s] -- Found rosidl_generator_c: 3.1.5 (/opt/ros/humble/share/rosidl_generator_c/cmake)
[0.373s] -- Found rosidl_adapter: 3.1.5 (/opt/ros/humble/share/rosidl_adapter/cmake)
[0.379s] -- Found rosidl_generator_cpp: 3.1.5 (/opt/ros/humble/share/rosidl_generator_cpp/cmake)
[0.388s] -- Using all available rosidl_typesupport_c: rosidl_typesupport_fastrtps_c;rosidl_typesupport_introspection_c
[0.401s] -- Using all available rosidl_typesupport_cpp: rosidl_typesupport_fastrtps_cpp;rosidl_typesupport_introspection_cpp
[0.451s] -- Found rmw_implementation_cmake: 6.1.1 (/opt/ros/humble/share/rmw_implementation_cmake/cmake)
[0.452s] -- Found rmw_cyclonedds_cpp: 1.3.4 (/opt/ros/humble/share/rmw_cyclonedds_cpp/cmake)
[0.477s] -- Using RMW implementation 'rmw_cyclonedds_cpp' as default
[0.614s] -- Found std_srvs: 4.2.3 (/opt/ros/humble/share/std_srvs/cmake)
[0.628s] -- Found ament_lint_auto: 0.12.9 (/opt/ros/humble/share/ament_lint_auto/cmake)
[0.725s] -- Added test 'cppcheck' to perform static code analysis on C / C++ code
[0.726s] -- Configured cppcheck include dirs: 
[0.726s] -- Configured cppcheck exclude dirs and/or files: 
[0.727s] -- Added test 'flake8' to check Python code syntax and style conventions
[0.727s] -- Added test 'lint_cmake' to check CMake code style
[0.727s] -- Added test 'pep257' to check Python code against some of the docstring style conventions in PEP 257
[0.728s] -- Added test 'uncrustify' to check C / C++ code style
[0.728s] -- Configured uncrustify additional arguments: 
[0.729s] -- Added test 'xmllint' to check XML markup files
[0.729s] -- Configuring done
[0.752s] -- Generating done
[0.754s] -- Build files have been written to: /home/shen/learn/ROS2/inject_ws/build/replay_server
[0.791s] [ 50%] [32mBuilding CXX object CMakeFiles/replay_server_node.dir/src/replay_server_node.cpp.o[0m
[3.152s] [100%] [32m[1mLinking CXX executable replay_server_node[0m
[3.479s] /usr/bin/ld: /usr/lib/gcc/x86_64-linux-gnu/11/../../../x86_64-linux-gnu/Scrt1.o: in function `_start':
[3.480s] (.text+0x1b): undefined reference to `main'
[3.487s] collect2: error: ld returned 1 exit status
[3.491s] gmake[2]: *** [CMakeFiles/replay_server_node.dir/build.make:293：replay_server_node] 错误 1
[3.491s] gmake[1]: *** [CMakeFiles/Makefile2:137：CMakeFiles/replay_server_node.dir/all] 错误 2
[3.492s] gmake: *** [Makefile:146：all] 错误 2
[3.495s] Invoked command in '/home/shen/learn/ROS2/inject_ws/build/replay_server' returned '2': CMAKE_PREFIX_PATH=/opt/ros/humble /usr/bin/cmake --build /home/shen/learn/ROS2/inject_ws/build/replay_server -- -j16 -l16
