[0.082s] Invoking command in '/home/shen/learn/ROS2/enet_driver_ws/build/enet_sender_node': CMAKE_PREFIX_PATH=${CMAKE_PREFIX_PATH}:/opt/ros/humble /usr/bin/cmake --build /home/shen/learn/ROS2/enet_driver_ws/build/enet_sender_node -- -j16 -l16
[0.137s] [35m[1mConsolidate compiler generated dependencies of target enet_sender_node[0m
[0.172s] [ 50%] [32mBuilding CXX object CMakeFiles/enet_sender_node.dir/src/enet_sender.cpp.o[0m
[8.232s] [100%] [32m[1mLinking CXX executable enet_sender_node[0m
[8.767s] [100%] Built target enet_sender_node
[8.784s] Invoked command in '/home/shen/learn/ROS2/enet_driver_ws/build/enet_sender_node' returned '0': CMAKE_PREFIX_PATH=${CMAKE_PREFIX_PATH}:/opt/ros/humble /usr/bin/cmake --build /home/shen/learn/ROS2/enet_driver_ws/build/enet_sender_node -- -j16 -l16
[8.824s] Invoking command in '/home/shen/learn/ROS2/enet_driver_ws/build/enet_sender_node': CMAKE_PREFIX_PATH=${CMAKE_PREFIX_PATH}:/opt/ros/humble /usr/bin/cmake --install /home/shen/learn/ROS2/enet_driver_ws/build/enet_sender_node
[8.831s] -- Install configuration: ""
[8.831s] -- Installing: /home/shen/learn/ROS2/enet_driver_ws/install/enet_sender_node/lib/enet_sender_node/enet_sender_node
[8.837s] -- Set runtime path of "/home/shen/learn/ROS2/enet_driver_ws/install/enet_sender_node/lib/enet_sender_node/enet_sender_node" to ""
[8.837s] -- Up-to-date: /home/shen/learn/ROS2/enet_driver_ws/install/enet_sender_node/share/ament_index/resource_index/package_run_dependencies/enet_sender_node
[8.837s] -- Up-to-date: /home/shen/learn/ROS2/enet_driver_ws/install/enet_sender_node/share/ament_index/resource_index/parent_prefix_path/enet_sender_node
[8.838s] -- Up-to-date: /home/shen/learn/ROS2/enet_driver_ws/install/enet_sender_node/share/enet_sender_node/environment/ament_prefix_path.sh
[8.838s] -- Up-to-date: /home/shen/learn/ROS2/enet_driver_ws/install/enet_sender_node/share/enet_sender_node/environment/ament_prefix_path.dsv
[8.838s] -- Up-to-date: /home/shen/learn/ROS2/enet_driver_ws/install/enet_sender_node/share/enet_sender_node/environment/path.sh
[8.838s] -- Up-to-date: /home/shen/learn/ROS2/enet_driver_ws/install/enet_sender_node/share/enet_sender_node/environment/path.dsv
[8.838s] -- Up-to-date: /home/shen/learn/ROS2/enet_driver_ws/install/enet_sender_node/share/enet_sender_node/local_setup.bash
[8.838s] -- Up-to-date: /home/shen/learn/ROS2/enet_driver_ws/install/enet_sender_node/share/enet_sender_node/local_setup.sh
[8.839s] -- Up-to-date: /home/shen/learn/ROS2/enet_driver_ws/install/enet_sender_node/share/enet_sender_node/local_setup.zsh
[8.839s] -- Up-to-date: /home/shen/learn/ROS2/enet_driver_ws/install/enet_sender_node/share/enet_sender_node/local_setup.dsv
[8.839s] -- Installing: /home/shen/learn/ROS2/enet_driver_ws/install/enet_sender_node/share/enet_sender_node/package.dsv
[8.840s] -- Up-to-date: /home/shen/learn/ROS2/enet_driver_ws/install/enet_sender_node/share/ament_index/resource_index/packages/enet_sender_node
[8.841s] -- Up-to-date: /home/shen/learn/ROS2/enet_driver_ws/install/enet_sender_node/share/enet_sender_node/cmake/enet_sender_nodeConfig.cmake
[8.841s] -- Up-to-date: /home/shen/learn/ROS2/enet_driver_ws/install/enet_sender_node/share/enet_sender_node/cmake/enet_sender_nodeConfig-version.cmake
[8.842s] -- Up-to-date: /home/shen/learn/ROS2/enet_driver_ws/install/enet_sender_node/share/enet_sender_node/package.xml
[8.843s] Invoked command in '/home/shen/learn/ROS2/enet_driver_ws/build/enet_sender_node' returned '0': CMAKE_PREFIX_PATH=${CMAKE_PREFIX_PATH}:/opt/ros/humble /usr/bin/cmake --install /home/shen/learn/ROS2/enet_driver_ws/build/enet_sender_node
