[0.084s] Invoking command in '/home/shen/learn/ROS2/ws_livox/build/livox_ros_driver2': CMAKE_PREFIX_PATH=${CMAKE_PREFIX_PATH}:/opt/ros/humble /usr/bin/cmake /home/shen/learn/ROS2/ws_livox/src/livox_ros_driver2 -DROS_EDITION=ROS2 -DHUMBLE_ROS=humble -DCMAKE_INSTALL_PREFIX=/home/shen/learn/ROS2/ws_livox/install/livox_ros_driver2
[0.193s] -- The C compiler identification is GNU 11.4.0
[0.314s] -- The CXX compiler identification is GNU 11.4.0
[0.327s] -- Detecting C compiler ABI info
[0.418s] -- Detecting C compiler ABI info - done
[0.439s] -- Check for working C compiler: /usr/bin/cc - skipped
[0.441s] -- Detecting C compile features
[0.442s] -- Detecting C compile features - done
[0.450s] -- Detecting CXX compiler ABI info
[0.574s] -- Detecting CXX compiler ABI info - done
[0.596s] -- Check for working CXX compiler: /usr/bin/c++ - skipped
[0.597s] -- Detecting CXX compile features
[0.598s] -- Detecting CXX compile features - done
[0.608s] -- livox_ros_driver2 version: 1.0.0
[0.613s] -- Found ament_cmake_auto: 1.3.6 (/opt/ros/humble/share/ament_cmake_auto/cmake)
[0.874s] -- Found Python3: /usr/bin/python3.10 (found version "3.10.12") found components: Interpreter 
[1.097s] -- Using all available rosidl_typesupport_c: rosidl_typesupport_fastrtps_c;rosidl_typesupport_introspection_c
[1.105s] -- Found rosidl_adapter: 3.1.5 (/opt/ros/humble/share/rosidl_adapter/cmake)
[1.160s] -- Using all available rosidl_typesupport_cpp: rosidl_typesupport_fastrtps_cpp;rosidl_typesupport_introspection_cpp
[1.302s] -- Found rmw_implementation_cmake: 6.1.1 (/opt/ros/humble/share/rmw_implementation_cmake/cmake)
[1.306s] -- Found rmw_cyclonedds_cpp: 1.3.4 (/opt/ros/humble/share/rmw_cyclonedds_cpp/cmake)
[1.350s] -- Using RMW implementation 'rmw_cyclonedds_cpp' as default
[1.362s] -- Looking for pthread.h
[1.493s] -- Looking for pthread.h - found
[1.494s] -- Performing Test CMAKE_HAVE_LIBC_PTHREAD
[1.629s] -- Performing Test CMAKE_HAVE_LIBC_PTHREAD - Success
[1.631s] -- Found Threads: TRUE  
[2.230s] -- Checking for module 'eigen3'
[2.247s] --   Found eigen3, version 3.4.0
[2.306s] -- Found Eigen: /usr/include/eigen3 (Required is at least version "3.1") 
[2.306s] -- Eigen found (include: /usr/include/eigen3, version: 3.4.0)
[2.334s] -- Found Boost: /usr/lib/x86_64-linux-gnu/cmake/Boost-1.74.0/BoostConfig.cmake (found suitable version "1.74.0", minimum required is "1.65.0") found components: system filesystem date_time iostreams serialization 
[2.354s] -- Checking for module 'flann'
[2.376s] --   Found flann, version 1.9.1
[2.449s] -- Found FLANN: /usr/lib/x86_64-linux-gnu/libflann_cpp.so  
[2.449s] -- FLANN found (include: /usr/include, lib: /usr/lib/x86_64-linux-gnu/libflann_cpp.so)
[2.484s] -- Found GLEW: /usr/lib/x86_64-linux-gnu/libGLEW.so  
[2.490s] -- Found OpenGL: /usr/lib/x86_64-linux-gnu/libOpenGL.so  found components: OpenGL GLX 
[2.708s] -- Found MPI_C: /usr/lib/x86_64-linux-gnu/libmpi.so (found version "3.1") 
[2.708s] -- Found MPI: TRUE (found version "3.1") found components: C 
[2.712s] -- Found JsonCpp: /usr/lib/x86_64-linux-gnu/libjsoncpp.so (found suitable version "1.9.5", minimum required is "0.7.0") 
[2.730s] -- Found ZLIB: /usr/lib/x86_64-linux-gnu/libz.so (found version "1.2.11") 
[2.775s] -- Found PNG: /usr/lib/x86_64-linux-gnu/libpng.so (found version "1.6.37") 
[2.792s] -- Found Eigen3: /usr/include/eigen3 (found version "3.4.0") 
[2.955s] -- Found X11: /usr/include   
[2.956s] -- Looking for XOpenDisplay in /usr/lib/x86_64-linux-gnu/libX11.so;/usr/lib/x86_64-linux-gnu/libXext.so
[3.094s] -- Looking for XOpenDisplay in /usr/lib/x86_64-linux-gnu/libX11.so;/usr/lib/x86_64-linux-gnu/libXext.so - found
[3.094s] -- Looking for gethostbyname
[3.199s] -- Looking for gethostbyname - found
[3.200s] -- Looking for connect
[3.294s] -- Looking for connect - found
[3.294s] -- Looking for remove
[3.388s] -- Looking for remove - found
[3.388s] -- Looking for shmat
[3.488s] -- Looking for shmat - found
[3.488s] -- Looking for IceConnectionNumber in ICE
[3.595s] -- Looking for IceConnectionNumber in ICE - found
[3.779s] -- Found EXPAT: /usr/lib/x86_64-linux-gnu/libexpat.so (found version "2.4.7") 
[3.784s] -- Found double-conversion: /usr/lib/x86_64-linux-gnu/libdouble-conversion.so  
[3.790s] -- Found LZ4: /usr/lib/x86_64-linux-gnu/liblz4.so (found version "1.9.3") 
[3.793s] -- Found LZMA: /usr/lib/x86_64-linux-gnu/liblzma.so (found version "5.2.5") 
[3.827s] -- Found JPEG: /usr/lib/x86_64-linux-gnu/libjpeg.so (found version "80") 
[3.836s] -- Found TIFF: /usr/lib/x86_64-linux-gnu/libtiff.so (found version "4.3.0")  
[3.842s] -- Found Freetype: /usr/lib/x86_64-linux-gnu/libfreetype.so (found version "2.11.1") 
[3.850s] -- Found utf8cpp: /usr/include/utf8cpp  
[4.021s] -- Checking for module 'libusb-1.0'
[4.051s] --   Found libusb-1.0, version 1.0.25
[4.149s] -- Found libusb: /usr/lib/x86_64-linux-gnu/libusb-1.0.so  
[4.160s] -- Found OpenNI: /usr/lib/libOpenNI.so;libusb::libusb (found version "1.5.4.0") 
[4.160s] -- OpenNI found (version: 1.5.4.0, include: /usr/include/ni, lib: /usr/lib/libOpenNI.so;libusb::libusb)
[4.330s] -- Found OpenNI2: /usr/lib/x86_64-linux-gnu/libOpenNI2.so;libusb::libusb (found version "2.2.0.33") 
[4.330s] -- OpenNI2 found (version: 2.2.0.33, include: /usr/include/openni2, lib: /usr/lib/x86_64-linux-gnu/libOpenNI2.so;libusb::libusb)
[4.330s] [0m** WARNING ** io features related to pcap will be disabled[0m
[4.525s] -- Eigen found (include: /usr/include/eigen3, version: 3.4.0)
[4.532s] -- OpenNI found (version: 1.5.4.0, include: /usr/include/ni, lib: /usr/lib/libOpenNI.so;libusb::libusb)
[4.540s] -- OpenNI2 found (version: 2.2.0.33, include: /usr/include/openni2, lib: /usr/lib/x86_64-linux-gnu/libOpenNI2.so;libusb::libusb)
[4.698s] -- Found Qhull version 8.0.2
[4.859s] -- OpenNI found (version: 1.5.4.0, include: /usr/include/ni, lib: /usr/lib/libOpenNI.so;libusb::libusb)
[5.014s] -- looking for PCL_COMMON
[5.015s] -- Found PCL_COMMON: /usr/lib/x86_64-linux-gnu/libpcl_common.so  
[5.015s] -- looking for PCL_KDTREE
[5.016s] -- Found PCL_KDTREE: /usr/lib/x86_64-linux-gnu/libpcl_kdtree.so  
[5.016s] -- looking for PCL_OCTREE
[5.016s] -- Found PCL_OCTREE: /usr/lib/x86_64-linux-gnu/libpcl_octree.so  
[5.017s] -- looking for PCL_SEARCH
[5.018s] -- Found PCL_SEARCH: /usr/lib/x86_64-linux-gnu/libpcl_search.so  
[5.018s] -- looking for PCL_SAMPLE_CONSENSUS
[5.019s] -- Found PCL_SAMPLE_CONSENSUS: /usr/lib/x86_64-linux-gnu/libpcl_sample_consensus.so  
[5.020s] -- looking for PCL_FILTERS
[5.021s] -- Found PCL_FILTERS: /usr/lib/x86_64-linux-gnu/libpcl_filters.so  
[5.021s] -- looking for PCL_2D
[5.022s] -- Found PCL_2D: /usr/include/pcl-1.12  
[5.022s] -- looking for PCL_GEOMETRY
[5.022s] -- Found PCL_GEOMETRY: /usr/include/pcl-1.12  
[5.022s] -- looking for PCL_IO
[5.023s] -- Found PCL_IO: /usr/lib/x86_64-linux-gnu/libpcl_io.so  
[5.024s] -- looking for PCL_FEATURES
[5.025s] -- Found PCL_FEATURES: /usr/lib/x86_64-linux-gnu/libpcl_features.so  
[5.025s] -- looking for PCL_ML
[5.027s] -- Found PCL_ML: /usr/lib/x86_64-linux-gnu/libpcl_ml.so  
[5.027s] -- looking for PCL_SEGMENTATION
[5.028s] -- Found PCL_SEGMENTATION: /usr/lib/x86_64-linux-gnu/libpcl_segmentation.so  
[5.028s] -- looking for PCL_VISUALIZATION
[5.029s] -- Found PCL_VISUALIZATION: /usr/lib/x86_64-linux-gnu/libpcl_visualization.so  
[5.029s] -- looking for PCL_SURFACE
[5.030s] -- Found PCL_SURFACE: /usr/lib/x86_64-linux-gnu/libpcl_surface.so  
[5.030s] -- looking for PCL_REGISTRATION
[5.031s] -- Found PCL_REGISTRATION: /usr/lib/x86_64-linux-gnu/libpcl_registration.so  
[5.031s] -- looking for PCL_KEYPOINTS
[5.032s] -- Found PCL_KEYPOINTS: /usr/lib/x86_64-linux-gnu/libpcl_keypoints.so  
[5.032s] -- looking for PCL_TRACKING
[5.033s] -- Found PCL_TRACKING: /usr/lib/x86_64-linux-gnu/libpcl_tracking.so  
[5.033s] -- looking for PCL_RECOGNITION
[5.034s] -- Found PCL_RECOGNITION: /usr/lib/x86_64-linux-gnu/libpcl_recognition.so  
[5.035s] -- looking for PCL_STEREO
[5.036s] -- Found PCL_STEREO: /usr/lib/x86_64-linux-gnu/libpcl_stereo.so  
[5.036s] -- looking for PCL_APPS
[5.036s] -- Found PCL_APPS: /usr/lib/x86_64-linux-gnu/libpcl_apps.so  
[5.037s] -- looking for PCL_IN_HAND_SCANNER
[5.037s] -- Found PCL_IN_HAND_SCANNER: /usr/include/pcl-1.12  
[5.038s] -- looking for PCL_MODELER
[5.038s] -- Found PCL_MODELER: /usr/include/pcl-1.12  
[5.038s] -- looking for PCL_POINT_CLOUD_EDITOR
[5.038s] -- Found PCL_POINT_CLOUD_EDITOR: /usr/include/pcl-1.12  
[5.038s] -- looking for PCL_OUTOFCORE
[5.039s] -- Found PCL_OUTOFCORE: /usr/lib/x86_64-linux-gnu/libpcl_outofcore.so  
[5.039s] -- looking for PCL_PEOPLE
[5.040s] -- Found PCL_PEOPLE: /usr/lib/x86_64-linux-gnu/libpcl_people.so  
[5.041s] -- Found PCL: pcl_common;pcl_kdtree;pcl_octree;pcl_search;pcl_sample_consensus;pcl_filters;pcl_io;pcl_features;pcl_ml;pcl_segmentation;pcl_visualization;pcl_surface;pcl_registration;pcl_keypoints;pcl_tracking;pcl_recognition;pcl_stereo;pcl_apps;pcl_outofcore;pcl_people;Boost::system;Boost::filesystem;Boost::date_time;Boost::iostreams;Boost::serialization;/usr/lib/libOpenNI.so;libusb::libusb;/usr/lib/x86_64-linux-gnu/libOpenNI2.so;libusb::libusb;VTK::ChartsCore;VTK::CommonColor;VTK::CommonComputationalGeometry;VTK::CommonCore;VTK::CommonDataModel;VTK::CommonExecutionModel;VTK::CommonMath;VTK::CommonMisc;VTK::CommonTransforms;VTK::FiltersCore;VTK::FiltersExtraction;VTK::FiltersGeneral;VTK::FiltersGeometry;VTK::FiltersModeling;VTK::FiltersSources;VTK::ImagingCore;VTK::ImagingSources;VTK::InteractionImage;VTK::InteractionStyle;VTK::InteractionWidgets;VTK::IOCore;VTK::IOGeometry;VTK::IOImage;VTK::IOLegacy;VTK::IOPLY;VTK::RenderingAnnotation;VTK::RenderingCore;VTK::RenderingContext2D;VTK::RenderingLOD;VTK::RenderingFreeType;VTK::ViewsCore;VTK::ViewsContext2D;VTK::RenderingOpenGL2;VTK::GUISupportQt;FLANN::FLANN;QHULL::QHULL  
[5.049s] -- Found PkgConfig: /usr/bin/pkg-config (found version "0.29.2") 
[5.050s] -- Checking for module 'apr-1'
[5.057s] --   No package 'apr-1' found
[5.377s] -- Found ament_cmake_ros: 0.10.0 (/opt/ros/humble/share/ament_cmake_ros/cmake)
[5.671s] -- Using all available rosidl_typesupport_c: rosidl_typesupport_fastrtps_c;rosidl_typesupport_introspection_c
[6.136s] -- Using all available rosidl_typesupport_cpp: rosidl_typesupport_fastrtps_cpp;rosidl_typesupport_introspection_cpp
[6.194s] -- Found PythonInterp: /usr/bin/python3 (found suitable version "3.10.12", minimum required is "3.6") 
[6.201s] -- Found python_cmake_module: 0.10.0 (/opt/ros/humble/share/python_cmake_module/cmake)
[6.271s] -- Found PythonLibs: /usr/lib/x86_64-linux-gnu/libpython3.10.so (found suitable version "3.10.12", minimum required is "3.5") 
[6.271s] -- Using PYTHON_EXECUTABLE: /usr/bin/python3
[6.272s] -- Using PYTHON_INCLUDE_DIRS: /usr/include/python3.10
[6.272s] -- Using PYTHON_LIBRARIES: /usr/lib/x86_64-linux-gnu/libpython3.10.so
[6.319s] -- Found PythonExtra: .so  
[6.530s] -- Found ament_lint_auto: 0.12.9 (/opt/ros/humble/share/ament_lint_auto/cmake)
[6.562s] -- Added test 'copyright' to check source files copyright and LICENSE
[6.577s] -- Added test 'cppcheck' to perform static code analysis on C / C++ code
[6.577s] -- Configured cppcheck include dirs: /home/shen/learn/ROS2/ws_livox/src/livox_ros_driver2/3rdparty;/home/shen/learn/ROS2/ws_livox/src/livox_ros_driver2/src
[6.578s] -- Configured cppcheck exclude dirs and/or files: 
[6.592s] -- Added test 'cpplint' to check C / C++ code against the Google style
[6.592s] -- Configured cpplint exclude dirs and/or files: 
[6.594s] -- Added test 'flake8' to check Python code syntax and style conventions
[6.599s] -- Added test 'lint_cmake' to check CMake code style
[6.602s] -- Added test 'pep257' to check Python code against some of the docstring style conventions in PEP 257
[6.617s] -- Added test 'uncrustify' to check C / C++ code style
[6.617s] -- Configured uncrustify additional arguments: 
[6.620s] -- Added test 'xmllint' to check XML markup files
[6.624s] -- Configuring done
[6.728s] -- Generating done
[6.736s] -- Build files have been written to: /home/shen/learn/ROS2/ws_livox/build/livox_ros_driver2
[6.756s] Invoked command in '/home/shen/learn/ROS2/ws_livox/build/livox_ros_driver2' returned '0': CMAKE_PREFIX_PATH=${CMAKE_PREFIX_PATH}:/opt/ros/humble /usr/bin/cmake /home/shen/learn/ROS2/ws_livox/src/livox_ros_driver2 -DROS_EDITION=ROS2 -DHUMBLE_ROS=humble -DCMAKE_INSTALL_PREFIX=/home/shen/learn/ROS2/ws_livox/install/livox_ros_driver2
[6.760s] Invoking command in '/home/shen/learn/ROS2/ws_livox/build/livox_ros_driver2': CMAKE_PREFIX_PATH=${CMAKE_PREFIX_PATH}:/opt/ros/humble /usr/bin/cmake --build /home/shen/learn/ROS2/ws_livox/build/livox_ros_driver2 -- -j16 -l16
[6.839s] [  1%] [34m[1mGenerating C code for ROS interfaces[0m
[6.848s] [  3%] [32mBuilding CXX object CMakeFiles/livox_ros_driver2_node.dir/rclcpp_components/node_main_livox_ros_driver2_node.cpp.o[0m
[6.850s] [  5%] [34m[1mGenerating C++ code for ROS interfaces[0m
[6.856s] [  5%] Built target ament_cmake_python_copy_livox_ros_driver2
[7.144s] running egg_info
[7.144s] creating livox_ros_driver2.egg-info
[7.145s] writing livox_ros_driver2.egg-info/PKG-INFO
[7.145s] writing dependency_links to livox_ros_driver2.egg-info/dependency_links.txt
[7.145s] writing top-level names to livox_ros_driver2.egg-info/top_level.txt
[7.146s] writing manifest file 'livox_ros_driver2.egg-info/SOURCES.txt'
[7.149s] reading manifest file 'livox_ros_driver2.egg-info/SOURCES.txt'
[7.149s] writing manifest file 'livox_ros_driver2.egg-info/SOURCES.txt'
[7.198s] [  5%] Built target ament_cmake_python_build_livox_ros_driver2_egg
[7.361s] [  5%] Built target livox_interfaces2__cpp
[7.368s] [  7%] [32mBuilding C object CMakeFiles/livox_interfaces2__rosidl_generator_c.dir/rosidl_generator_c/livox_ros_driver2/msg/detail/custom_point__functions.c.o[0m
[7.374s] [ 10%] [34m[1mGenerating C++ introspection for ROS interfaces[0m
[7.374s] [ 10%] [34m[1mGenerating C++ type support dispatch for ROS interfaces[0m
[7.376s] [ 12%] [32mBuilding C object CMakeFiles/livox_interfaces2__rosidl_generator_c.dir/rosidl_generator_c/livox_ros_driver2/msg/detail/custom_msg__functions.c.o[0m
[7.384s] [ 14%] [34m[1mGenerating C++ type support for eProsima Fast-RTPS[0m
[7.446s] [ 15%] [32m[1mLinking C shared library liblivox_ros_driver2__rosidl_generator_c.so[0m
[7.495s] [ 15%] Built target livox_interfaces2__rosidl_generator_c
[7.510s] [ 19%] [34m[1mGenerating C introspection for ROS interfaces[0m
[7.510s] [ 19%] [34m[1mGenerating C type support for eProsima Fast-RTPS[0m
[7.512s] [ 21%] [34m[1mGenerating C type support dispatch for ROS interfaces[0m
[7.855s] [ 22%] [32mBuilding CXX object CMakeFiles/livox_interfaces2__rosidl_typesupport_cpp.dir/rosidl_typesupport_cpp/livox_ros_driver2/msg/custom_point__type_support.cpp.o[0m
[7.859s] [ 24%] [32mBuilding CXX object CMakeFiles/livox_interfaces2__rosidl_typesupport_cpp.dir/rosidl_typesupport_cpp/livox_ros_driver2/msg/custom_msg__type_support.cpp.o[0m
[7.898s] [ 28%] [32mBuilding CXX object CMakeFiles/livox_interfaces2__rosidl_typesupport_introspection_cpp.dir/rosidl_typesupport_introspection_cpp/livox_ros_driver2/msg/detail/custom_point__type_support.cpp.o[0m
[7.899s] [ 28%] [32mBuilding CXX object CMakeFiles/livox_interfaces2__rosidl_typesupport_introspection_cpp.dir/rosidl_typesupport_introspection_cpp/livox_ros_driver2/msg/detail/custom_msg__type_support.cpp.o[0m
[7.940s] [ 29%] [32mBuilding CXX object CMakeFiles/livox_interfaces2__rosidl_typesupport_fastrtps_cpp.dir/rosidl_typesupport_fastrtps_cpp/livox_ros_driver2/msg/detail/dds_fastrtps/custom_msg__type_support.cpp.o[0m
[7.941s] [ 31%] [32mBuilding CXX object CMakeFiles/livox_interfaces2__rosidl_typesupport_fastrtps_cpp.dir/rosidl_typesupport_fastrtps_cpp/livox_ros_driver2/msg/detail/dds_fastrtps/custom_point__type_support.cpp.o[0m
[8.035s] [ 35%] [32mBuilding CXX object CMakeFiles/livox_interfaces2__rosidl_typesupport_c.dir/rosidl_typesupport_c/livox_ros_driver2/msg/custom_msg__type_support.cpp.o[0m
[8.037s] [ 35%] [32mBuilding CXX object CMakeFiles/livox_interfaces2__rosidl_typesupport_c.dir/rosidl_typesupport_c/livox_ros_driver2/msg/custom_point__type_support.cpp.o[0m
[8.085s] [ 36%] [32mBuilding CXX object CMakeFiles/livox_interfaces2__rosidl_typesupport_fastrtps_c.dir/rosidl_typesupport_fastrtps_c/livox_ros_driver2/msg/detail/custom_point__type_support_c.cpp.o[0m
[8.089s] [ 38%] [32mBuilding CXX object CMakeFiles/livox_interfaces2__rosidl_typesupport_fastrtps_c.dir/rosidl_typesupport_fastrtps_c/livox_ros_driver2/msg/detail/custom_msg__type_support_c.cpp.o[0m
[8.092s] [ 40%] [32mBuilding C object CMakeFiles/livox_interfaces2__rosidl_typesupport_introspection_c.dir/rosidl_typesupport_introspection_c/livox_ros_driver2/msg/detail/custom_msg__type_support.c.o[0m
[8.097s] [ 42%] [32mBuilding C object CMakeFiles/livox_interfaces2__rosidl_typesupport_introspection_c.dir/rosidl_typesupport_introspection_c/livox_ros_driver2/msg/detail/custom_point__type_support.c.o[0m
[8.098s] [ 43%] [32m[1mLinking CXX shared library liblivox_ros_driver2__rosidl_typesupport_c.so[0m
[8.170s] [ 45%] [32m[1mLinking C shared library liblivox_ros_driver2__rosidl_typesupport_introspection_c.so[0m
[8.171s] [ 45%] Built target livox_interfaces2__rosidl_typesupport_c
[8.221s] [ 45%] Built target livox_interfaces2__rosidl_typesupport_introspection_c
[8.312s] [ 47%] [32m[1mLinking CXX shared library liblivox_ros_driver2__rosidl_typesupport_cpp.so[0m
[8.389s] [ 47%] Built target livox_interfaces2__rosidl_typesupport_cpp
[8.426s] [ 49%] [32mBuilding CXX object CMakeFiles/livox_ros_driver2.dir/src/livox_ros_driver2.cpp.o[0m
[8.428s] [ 52%] [32mBuilding CXX object CMakeFiles/livox_ros_driver2.dir/src/lddc.cpp.o[0m
[8.429s] [ 56%] [32mBuilding CXX object CMakeFiles/livox_ros_driver2.dir/src/lds_lidar.cpp.o[0m
[8.431s] [ 56%] [32mBuilding CXX object CMakeFiles/livox_ros_driver2.dir/src/lds.cpp.o[0m
[8.435s] [ 57%] [32mBuilding CXX object CMakeFiles/livox_ros_driver2.dir/src/comm/ldq.cpp.o[0m
[8.438s] [ 57%] [32mBuilding CXX object CMakeFiles/livox_ros_driver2.dir/src/driver_node.cpp.o[0m
[8.444s] [ 59%] [32mBuilding CXX object CMakeFiles/livox_ros_driver2.dir/src/comm/semaphore.cpp.o[0m
[8.447s] [ 61%] [32mBuilding CXX object CMakeFiles/livox_ros_driver2.dir/src/comm/lidar_imu_data_queue.cpp.o[0m
[8.447s] [ 63%] [32mBuilding CXX object CMakeFiles/livox_ros_driver2.dir/src/comm/comm.cpp.o[0m
[8.458s] [ 64%] [32mBuilding CXX object CMakeFiles/livox_ros_driver2.dir/src/comm/cache_index.cpp.o[0m
[8.490s] [ 66%] [32m[1mLinking CXX shared library liblivox_ros_driver2__rosidl_typesupport_introspection_cpp.so[0m
[8.537s] [ 68%] [32mBuilding CXX object CMakeFiles/livox_ros_driver2.dir/src/comm/pub_handler.cpp.o[0m
[8.581s] [ 70%] [32mBuilding CXX object CMakeFiles/livox_ros_driver2.dir/src/parse_cfg_file/parse_cfg_file.cpp.o[0m
[8.652s] [ 71%] [32m[1mLinking CXX shared library liblivox_ros_driver2__rosidl_typesupport_fastrtps_c.so[0m
[8.717s] [ 73%] [32m[1mLinking CXX shared library liblivox_ros_driver2__rosidl_typesupport_fastrtps_cpp.so[0m
[8.771s] [ 73%] Built target livox_interfaces2__rosidl_typesupport_introspection_cpp
[8.789s] [ 75%] [32mBuilding CXX object CMakeFiles/livox_ros_driver2.dir/src/parse_cfg_file/parse_livox_lidar_cfg.cpp.o[0m
[8.974s] [ 75%] Built target livox_interfaces2__rosidl_typesupport_fastrtps_c
[8.991s] [ 75%] Built target livox_interfaces2__rosidl_typesupport_fastrtps_cpp
[9.023s] [ 77%] [32mBuilding CXX object CMakeFiles/livox_ros_driver2.dir/src/call_back/lidar_common_callback.cpp.o[0m
[9.094s] [ 77%] Built target livox_interfaces2
[9.112s] [ 78%] [32mBuilding CXX object CMakeFiles/livox_ros_driver2.dir/src/call_back/livox_lidar_callback.cpp.o[0m
[9.180s] [ 80%] [34m[1mGenerating Python code for ROS interfaces[0m
[10.274s] [ 80%] Built target livox_interfaces2__py
[10.310s] [ 84%] [32mBuilding C object CMakeFiles/livox_interfaces2__rosidl_generator_py.dir/rosidl_generator_py/livox_ros_driver2/msg/_custom_point_s.c.o[0m
[10.311s] [ 84%] [32mBuilding C object CMakeFiles/livox_interfaces2__rosidl_generator_py.dir/rosidl_generator_py/livox_ros_driver2/msg/_custom_msg_s.c.o[0m
[10.462s] [ 85%] [32m[1mLinking C shared library rosidl_generator_py/livox_ros_driver2/liblivox_interfaces2__rosidl_generator_py.so[0m
[10.520s] [ 85%] Built target livox_interfaces2__rosidl_generator_py
[10.554s] [ 87%] [32mBuilding C object CMakeFiles/livox_ros_driver2__rosidl_typesupport_fastrtps_c__pyext.dir/rosidl_generator_py/livox_ros_driver2/_livox_ros_driver2_s.ep.rosidl_typesupport_fastrtps_c.c.o[0m
[10.555s] [ 89%] [32mBuilding C object CMakeFiles/livox_ros_driver2__rosidl_typesupport_introspection_c__pyext.dir/rosidl_generator_py/livox_ros_driver2/_livox_ros_driver2_s.ep.rosidl_typesupport_introspection_c.c.o[0m
[10.558s] [ 91%] [32mBuilding C object CMakeFiles/livox_ros_driver2__rosidl_typesupport_c__pyext.dir/rosidl_generator_py/livox_ros_driver2/_livox_ros_driver2_s.ep.rosidl_typesupport_c.c.o[0m
[10.704s] [ 92%] [32m[1mLinking C shared library rosidl_generator_py/livox_ros_driver2/livox_ros_driver2_s__rosidl_typesupport_fastrtps_c.cpython-310-x86_64-linux-gnu.so[0m
[10.727s] [ 94%] [32m[1mLinking C shared library rosidl_generator_py/livox_ros_driver2/livox_ros_driver2_s__rosidl_typesupport_c.cpython-310-x86_64-linux-gnu.so[0m
[10.728s] [ 96%] [32m[1mLinking C shared library rosidl_generator_py/livox_ros_driver2/livox_ros_driver2_s__rosidl_typesupport_introspection_c.cpython-310-x86_64-linux-gnu.so[0m
[10.765s] [ 96%] Built target livox_ros_driver2__rosidl_typesupport_fastrtps_c__pyext
[10.784s] [ 96%] Built target livox_ros_driver2__rosidl_typesupport_introspection_c__pyext
[10.790s] [ 96%] Built target livox_ros_driver2__rosidl_typesupport_c__pyext
[11.433s] [ 98%] [32m[1mLinking CXX executable livox_ros_driver2_node[0m
[11.638s] [ 98%] Built target livox_ros_driver2_node
[17.137s] [100%] [32m[1mLinking CXX shared library liblivox_ros_driver2.so[0m
[18.276s] [100%] Built target livox_ros_driver2
[18.314s] Invoked command in '/home/shen/learn/ROS2/ws_livox/build/livox_ros_driver2' returned '0': CMAKE_PREFIX_PATH=${CMAKE_PREFIX_PATH}:/opt/ros/humble /usr/bin/cmake --build /home/shen/learn/ROS2/ws_livox/build/livox_ros_driver2 -- -j16 -l16
[18.539s] Invoking command in '/home/shen/learn/ROS2/ws_livox/build/livox_ros_driver2': CMAKE_PREFIX_PATH=${CMAKE_PREFIX_PATH}:/opt/ros/humble /usr/bin/cmake --install /home/shen/learn/ROS2/ws_livox/build/livox_ros_driver2
[18.557s] -- Install configuration: ""
[18.558s] -- Installing: /home/shen/learn/ROS2/ws_livox/install/livox_ros_driver2/share/ament_index/resource_index/rosidl_interfaces/livox_ros_driver2
[18.558s] -- Installing: /home/shen/learn/ROS2/ws_livox/install/livox_ros_driver2/include/livox_ros_driver2/livox_ros_driver2
[18.559s] -- Installing: /home/shen/learn/ROS2/ws_livox/install/livox_ros_driver2/include/livox_ros_driver2/livox_ros_driver2/msg
[18.559s] -- Installing: /home/shen/learn/ROS2/ws_livox/install/livox_ros_driver2/include/livox_ros_driver2/livox_ros_driver2/msg/rosidl_generator_c__visibility_control.h
[18.560s] -- Installing: /home/shen/learn/ROS2/ws_livox/install/livox_ros_driver2/include/livox_ros_driver2/livox_ros_driver2/msg/custom_msg.h
[18.560s] -- Installing: /home/shen/learn/ROS2/ws_livox/install/livox_ros_driver2/include/livox_ros_driver2/livox_ros_driver2/msg/custom_point.h
[18.561s] -- Installing: /home/shen/learn/ROS2/ws_livox/install/livox_ros_driver2/include/livox_ros_driver2/livox_ros_driver2/msg/detail
[18.561s] -- Installing: /home/shen/learn/ROS2/ws_livox/install/livox_ros_driver2/include/livox_ros_driver2/livox_ros_driver2/msg/detail/custom_msg__functions.h
[18.561s] -- Installing: /home/shen/learn/ROS2/ws_livox/install/livox_ros_driver2/include/livox_ros_driver2/livox_ros_driver2/msg/detail/custom_msg__functions.c
[18.562s] -- Installing: /home/shen/learn/ROS2/ws_livox/install/livox_ros_driver2/include/livox_ros_driver2/livox_ros_driver2/msg/detail/custom_point__type_support.h
[18.562s] -- Installing: /home/shen/learn/ROS2/ws_livox/install/livox_ros_driver2/include/livox_ros_driver2/livox_ros_driver2/msg/detail/custom_point__functions.c
[18.563s] -- Installing: /home/shen/learn/ROS2/ws_livox/install/livox_ros_driver2/include/livox_ros_driver2/livox_ros_driver2/msg/detail/custom_point__functions.h
[18.563s] -- Installing: /home/shen/learn/ROS2/ws_livox/install/livox_ros_driver2/include/livox_ros_driver2/livox_ros_driver2/msg/detail/custom_point__struct.h
[18.564s] -- Installing: /home/shen/learn/ROS2/ws_livox/install/livox_ros_driver2/include/livox_ros_driver2/livox_ros_driver2/msg/detail/custom_msg__type_support.h
[18.564s] -- Installing: /home/shen/learn/ROS2/ws_livox/install/livox_ros_driver2/include/livox_ros_driver2/livox_ros_driver2/msg/detail/custom_msg__struct.h
[18.565s] -- Installing: /home/shen/learn/ROS2/ws_livox/install/livox_ros_driver2/share/livox_ros_driver2/environment/library_path.sh
[18.565s] -- Installing: /home/shen/learn/ROS2/ws_livox/install/livox_ros_driver2/share/livox_ros_driver2/environment/library_path.dsv
[18.566s] -- Installing: /home/shen/learn/ROS2/ws_livox/install/livox_ros_driver2/lib/liblivox_ros_driver2__rosidl_generator_c.so
[18.568s] -- Set runtime path of "/home/shen/learn/ROS2/ws_livox/install/livox_ros_driver2/lib/liblivox_ros_driver2__rosidl_generator_c.so" to ""
[18.568s] -- Up-to-date: /home/shen/learn/ROS2/ws_livox/install/livox_ros_driver2/include/livox_ros_driver2/livox_ros_driver2
[18.568s] -- Up-to-date: /home/shen/learn/ROS2/ws_livox/install/livox_ros_driver2/include/livox_ros_driver2/livox_ros_driver2/msg
[18.569s] -- Installing: /home/shen/learn/ROS2/ws_livox/install/livox_ros_driver2/include/livox_ros_driver2/livox_ros_driver2/msg/rosidl_typesupport_fastrtps_c__visibility_control.h
[18.569s] -- Up-to-date: /home/shen/learn/ROS2/ws_livox/install/livox_ros_driver2/include/livox_ros_driver2/livox_ros_driver2/msg/detail
[18.569s] -- Installing: /home/shen/learn/ROS2/ws_livox/install/livox_ros_driver2/include/livox_ros_driver2/livox_ros_driver2/msg/detail/custom_msg__rosidl_typesupport_fastrtps_c.h
[18.570s] -- Installing: /home/shen/learn/ROS2/ws_livox/install/livox_ros_driver2/include/livox_ros_driver2/livox_ros_driver2/msg/detail/custom_point__rosidl_typesupport_fastrtps_c.h
[18.571s] -- Installing: /home/shen/learn/ROS2/ws_livox/install/livox_ros_driver2/lib/liblivox_ros_driver2__rosidl_typesupport_fastrtps_c.so
[18.573s] -- Set runtime path of "/home/shen/learn/ROS2/ws_livox/install/livox_ros_driver2/lib/liblivox_ros_driver2__rosidl_typesupport_fastrtps_c.so" to ""
[18.573s] -- Up-to-date: /home/shen/learn/ROS2/ws_livox/install/livox_ros_driver2/include/livox_ros_driver2/livox_ros_driver2
[18.573s] -- Up-to-date: /home/shen/learn/ROS2/ws_livox/install/livox_ros_driver2/include/livox_ros_driver2/livox_ros_driver2/msg
[18.573s] -- Installing: /home/shen/learn/ROS2/ws_livox/install/livox_ros_driver2/include/livox_ros_driver2/livox_ros_driver2/msg/rosidl_typesupport_introspection_c__visibility_control.h
[18.574s] -- Up-to-date: /home/shen/learn/ROS2/ws_livox/install/livox_ros_driver2/include/livox_ros_driver2/livox_ros_driver2/msg/detail
[18.574s] -- Installing: /home/shen/learn/ROS2/ws_livox/install/livox_ros_driver2/include/livox_ros_driver2/livox_ros_driver2/msg/detail/custom_msg__type_support.c
[18.575s] -- Installing: /home/shen/learn/ROS2/ws_livox/install/livox_ros_driver2/include/livox_ros_driver2/livox_ros_driver2/msg/detail/custom_msg__rosidl_typesupport_introspection_c.h
[18.575s] -- Installing: /home/shen/learn/ROS2/ws_livox/install/livox_ros_driver2/include/livox_ros_driver2/livox_ros_driver2/msg/detail/custom_point__type_support.c
[18.576s] -- Installing: /home/shen/learn/ROS2/ws_livox/install/livox_ros_driver2/include/livox_ros_driver2/livox_ros_driver2/msg/detail/custom_point__rosidl_typesupport_introspection_c.h
[18.578s] -- Installing: /home/shen/learn/ROS2/ws_livox/install/livox_ros_driver2/lib/liblivox_ros_driver2__rosidl_typesupport_introspection_c.so
[18.579s] -- Set runtime path of "/home/shen/learn/ROS2/ws_livox/install/livox_ros_driver2/lib/liblivox_ros_driver2__rosidl_typesupport_introspection_c.so" to ""
[18.580s] -- Installing: /home/shen/learn/ROS2/ws_livox/install/livox_ros_driver2/lib/liblivox_ros_driver2__rosidl_typesupport_c.so
[18.581s] -- Set runtime path of "/home/shen/learn/ROS2/ws_livox/install/livox_ros_driver2/lib/liblivox_ros_driver2__rosidl_typesupport_c.so" to ""
[18.581s] -- Up-to-date: /home/shen/learn/ROS2/ws_livox/install/livox_ros_driver2/include/livox_ros_driver2/livox_ros_driver2
[18.581s] -- Up-to-date: /home/shen/learn/ROS2/ws_livox/install/livox_ros_driver2/include/livox_ros_driver2/livox_ros_driver2/msg
[18.581s] -- Installing: /home/shen/learn/ROS2/ws_livox/install/livox_ros_driver2/include/livox_ros_driver2/livox_ros_driver2/msg/custom_msg.hpp
[18.582s] -- Installing: /home/shen/learn/ROS2/ws_livox/install/livox_ros_driver2/include/livox_ros_driver2/livox_ros_driver2/msg/custom_point.hpp
[18.582s] -- Up-to-date: /home/shen/learn/ROS2/ws_livox/install/livox_ros_driver2/include/livox_ros_driver2/livox_ros_driver2/msg/detail
[18.582s] -- Installing: /home/shen/learn/ROS2/ws_livox/install/livox_ros_driver2/include/livox_ros_driver2/livox_ros_driver2/msg/detail/custom_msg__builder.hpp
[18.582s] -- Installing: /home/shen/learn/ROS2/ws_livox/install/livox_ros_driver2/include/livox_ros_driver2/livox_ros_driver2/msg/detail/custom_point__builder.hpp
[18.582s] -- Installing: /home/shen/learn/ROS2/ws_livox/install/livox_ros_driver2/include/livox_ros_driver2/livox_ros_driver2/msg/detail/custom_point__traits.hpp
[18.582s] -- Installing: /home/shen/learn/ROS2/ws_livox/install/livox_ros_driver2/include/livox_ros_driver2/livox_ros_driver2/msg/detail/custom_msg__struct.hpp
[18.583s] -- Installing: /home/shen/learn/ROS2/ws_livox/install/livox_ros_driver2/include/livox_ros_driver2/livox_ros_driver2/msg/detail/custom_point__struct.hpp
[18.583s] -- Installing: /home/shen/learn/ROS2/ws_livox/install/livox_ros_driver2/include/livox_ros_driver2/livox_ros_driver2/msg/detail/custom_msg__traits.hpp
[18.583s] -- Up-to-date: /home/shen/learn/ROS2/ws_livox/install/livox_ros_driver2/include/livox_ros_driver2/livox_ros_driver2
[18.583s] -- Up-to-date: /home/shen/learn/ROS2/ws_livox/install/livox_ros_driver2/include/livox_ros_driver2/livox_ros_driver2/msg
[18.583s] -- Installing: /home/shen/learn/ROS2/ws_livox/install/livox_ros_driver2/include/livox_ros_driver2/livox_ros_driver2/msg/rosidl_typesupport_fastrtps_cpp__visibility_control.h
[18.584s] -- Up-to-date: /home/shen/learn/ROS2/ws_livox/install/livox_ros_driver2/include/livox_ros_driver2/livox_ros_driver2/msg/detail
[18.584s] -- Installing: /home/shen/learn/ROS2/ws_livox/install/livox_ros_driver2/include/livox_ros_driver2/livox_ros_driver2/msg/detail/dds_fastrtps
[18.584s] -- Installing: /home/shen/learn/ROS2/ws_livox/install/livox_ros_driver2/include/livox_ros_driver2/livox_ros_driver2/msg/detail/custom_msg__rosidl_typesupport_fastrtps_cpp.hpp
[18.584s] -- Installing: /home/shen/learn/ROS2/ws_livox/install/livox_ros_driver2/include/livox_ros_driver2/livox_ros_driver2/msg/detail/custom_point__rosidl_typesupport_fastrtps_cpp.hpp
[18.584s] -- Installing: /home/shen/learn/ROS2/ws_livox/install/livox_ros_driver2/lib/liblivox_ros_driver2__rosidl_typesupport_fastrtps_cpp.so
[18.585s] -- Set runtime path of "/home/shen/learn/ROS2/ws_livox/install/livox_ros_driver2/lib/liblivox_ros_driver2__rosidl_typesupport_fastrtps_cpp.so" to ""
[18.585s] -- Up-to-date: /home/shen/learn/ROS2/ws_livox/install/livox_ros_driver2/include/livox_ros_driver2/livox_ros_driver2
[18.585s] -- Up-to-date: /home/shen/learn/ROS2/ws_livox/install/livox_ros_driver2/include/livox_ros_driver2/livox_ros_driver2/msg
[18.585s] -- Up-to-date: /home/shen/learn/ROS2/ws_livox/install/livox_ros_driver2/include/livox_ros_driver2/livox_ros_driver2/msg/detail
[18.585s] -- Installing: /home/shen/learn/ROS2/ws_livox/install/livox_ros_driver2/include/livox_ros_driver2/livox_ros_driver2/msg/detail/custom_msg__type_support.cpp
[18.585s] -- Installing: /home/shen/learn/ROS2/ws_livox/install/livox_ros_driver2/include/livox_ros_driver2/livox_ros_driver2/msg/detail/custom_msg__rosidl_typesupport_introspection_cpp.hpp
[18.586s] -- Installing: /home/shen/learn/ROS2/ws_livox/install/livox_ros_driver2/include/livox_ros_driver2/livox_ros_driver2/msg/detail/custom_point__type_support.cpp
[18.586s] -- Installing: /home/shen/learn/ROS2/ws_livox/install/livox_ros_driver2/include/livox_ros_driver2/livox_ros_driver2/msg/detail/custom_point__rosidl_typesupport_introspection_cpp.hpp
[18.586s] -- Installing: /home/shen/learn/ROS2/ws_livox/install/livox_ros_driver2/lib/liblivox_ros_driver2__rosidl_typesupport_introspection_cpp.so
[18.587s] -- Set runtime path of "/home/shen/learn/ROS2/ws_livox/install/livox_ros_driver2/lib/liblivox_ros_driver2__rosidl_typesupport_introspection_cpp.so" to ""
[18.587s] -- Installing: /home/shen/learn/ROS2/ws_livox/install/livox_ros_driver2/lib/liblivox_ros_driver2__rosidl_typesupport_cpp.so
[18.588s] -- Set runtime path of "/home/shen/learn/ROS2/ws_livox/install/livox_ros_driver2/lib/liblivox_ros_driver2__rosidl_typesupport_cpp.so" to ""
[18.588s] -- Installing: /home/shen/learn/ROS2/ws_livox/install/livox_ros_driver2/share/livox_ros_driver2/environment/pythonpath.sh
[18.588s] -- Installing: /home/shen/learn/ROS2/ws_livox/install/livox_ros_driver2/share/livox_ros_driver2/environment/pythonpath.dsv
[18.588s] -- Installing: /home/shen/learn/ROS2/ws_livox/install/livox_ros_driver2/local/lib/python3.10/dist-packages/livox_ros_driver2-1.0.0-py3.10.egg-info
[18.589s] -- Installing: /home/shen/learn/ROS2/ws_livox/install/livox_ros_driver2/local/lib/python3.10/dist-packages/livox_ros_driver2-1.0.0-py3.10.egg-info/SOURCES.txt
[18.589s] -- Installing: /home/shen/learn/ROS2/ws_livox/install/livox_ros_driver2/local/lib/python3.10/dist-packages/livox_ros_driver2-1.0.0-py3.10.egg-info/top_level.txt
[18.589s] -- Installing: /home/shen/learn/ROS2/ws_livox/install/livox_ros_driver2/local/lib/python3.10/dist-packages/livox_ros_driver2-1.0.0-py3.10.egg-info/PKG-INFO
[18.589s] -- Installing: /home/shen/learn/ROS2/ws_livox/install/livox_ros_driver2/local/lib/python3.10/dist-packages/livox_ros_driver2-1.0.0-py3.10.egg-info/dependency_links.txt
[18.589s] -- Installing: /home/shen/learn/ROS2/ws_livox/install/livox_ros_driver2/local/lib/python3.10/dist-packages/livox_ros_driver2
[18.590s] -- Installing: /home/shen/learn/ROS2/ws_livox/install/livox_ros_driver2/local/lib/python3.10/dist-packages/livox_ros_driver2/msg
[18.590s] -- Installing: /home/shen/learn/ROS2/ws_livox/install/livox_ros_driver2/local/lib/python3.10/dist-packages/livox_ros_driver2/msg/_custom_point_s.c
[18.590s] -- Installing: /home/shen/learn/ROS2/ws_livox/install/livox_ros_driver2/local/lib/python3.10/dist-packages/livox_ros_driver2/msg/__init__.py
[18.590s] -- Installing: /home/shen/learn/ROS2/ws_livox/install/livox_ros_driver2/local/lib/python3.10/dist-packages/livox_ros_driver2/msg/_custom_msg.py
[18.590s] -- Installing: /home/shen/learn/ROS2/ws_livox/install/livox_ros_driver2/local/lib/python3.10/dist-packages/livox_ros_driver2/msg/_custom_msg_s.c
[18.591s] -- Installing: /home/shen/learn/ROS2/ws_livox/install/livox_ros_driver2/local/lib/python3.10/dist-packages/livox_ros_driver2/msg/_custom_point.py
[18.591s] -- Installing: /home/shen/learn/ROS2/ws_livox/install/livox_ros_driver2/local/lib/python3.10/dist-packages/livox_ros_driver2/_livox_ros_driver2_s.ep.rosidl_typesupport_c.c
[18.591s] -- Installing: /home/shen/learn/ROS2/ws_livox/install/livox_ros_driver2/local/lib/python3.10/dist-packages/livox_ros_driver2/liblivox_interfaces2__rosidl_generator_py.so
[18.591s] -- Installing: /home/shen/learn/ROS2/ws_livox/install/livox_ros_driver2/local/lib/python3.10/dist-packages/livox_ros_driver2/livox_ros_driver2_s__rosidl_typesupport_fastrtps_c.cpython-310-x86_64-linux-gnu.so
[18.592s] -- Installing: /home/shen/learn/ROS2/ws_livox/install/livox_ros_driver2/local/lib/python3.10/dist-packages/livox_ros_driver2/__init__.py
[18.592s] -- Installing: /home/shen/learn/ROS2/ws_livox/install/livox_ros_driver2/local/lib/python3.10/dist-packages/livox_ros_driver2/livox_ros_driver2_s__rosidl_typesupport_c.cpython-310-x86_64-linux-gnu.so
[18.592s] -- Installing: /home/shen/learn/ROS2/ws_livox/install/livox_ros_driver2/local/lib/python3.10/dist-packages/livox_ros_driver2/livox_ros_driver2_s__rosidl_typesupport_introspection_c.cpython-310-x86_64-linux-gnu.so
[18.592s] -- Installing: /home/shen/learn/ROS2/ws_livox/install/livox_ros_driver2/local/lib/python3.10/dist-packages/livox_ros_driver2/_livox_ros_driver2_s.ep.rosidl_typesupport_fastrtps_c.c
[18.593s] -- Installing: /home/shen/learn/ROS2/ws_livox/install/livox_ros_driver2/local/lib/python3.10/dist-packages/livox_ros_driver2/_livox_ros_driver2_s.ep.rosidl_typesupport_introspection_c.c
[18.677s] Listing '/home/shen/learn/ROS2/ws_livox/install/livox_ros_driver2/local/lib/python3.10/dist-packages/livox_ros_driver2'...
[18.677s] Compiling '/home/shen/learn/ROS2/ws_livox/install/livox_ros_driver2/local/lib/python3.10/dist-packages/livox_ros_driver2/__init__.py'...
[18.677s] Listing '/home/shen/learn/ROS2/ws_livox/install/livox_ros_driver2/local/lib/python3.10/dist-packages/livox_ros_driver2/msg'...
[18.677s] Compiling '/home/shen/learn/ROS2/ws_livox/install/livox_ros_driver2/local/lib/python3.10/dist-packages/livox_ros_driver2/msg/__init__.py'...
[18.677s] Compiling '/home/shen/learn/ROS2/ws_livox/install/livox_ros_driver2/local/lib/python3.10/dist-packages/livox_ros_driver2/msg/_custom_msg.py'...
[18.677s] Compiling '/home/shen/learn/ROS2/ws_livox/install/livox_ros_driver2/local/lib/python3.10/dist-packages/livox_ros_driver2/msg/_custom_point.py'...
[18.686s] -- Installing: /home/shen/learn/ROS2/ws_livox/install/livox_ros_driver2/local/lib/python3.10/dist-packages/livox_ros_driver2/livox_ros_driver2_s__rosidl_typesupport_fastrtps_c.cpython-310-x86_64-linux-gnu.so
[18.687s] -- Set runtime path of "/home/shen/learn/ROS2/ws_livox/install/livox_ros_driver2/local/lib/python3.10/dist-packages/livox_ros_driver2/livox_ros_driver2_s__rosidl_typesupport_fastrtps_c.cpython-310-x86_64-linux-gnu.so" to ""
[18.687s] -- Installing: /home/shen/learn/ROS2/ws_livox/install/livox_ros_driver2/local/lib/python3.10/dist-packages/livox_ros_driver2/livox_ros_driver2_s__rosidl_typesupport_introspection_c.cpython-310-x86_64-linux-gnu.so
[18.687s] -- Set runtime path of "/home/shen/learn/ROS2/ws_livox/install/livox_ros_driver2/local/lib/python3.10/dist-packages/livox_ros_driver2/livox_ros_driver2_s__rosidl_typesupport_introspection_c.cpython-310-x86_64-linux-gnu.so" to ""
[18.687s] -- Installing: /home/shen/learn/ROS2/ws_livox/install/livox_ros_driver2/local/lib/python3.10/dist-packages/livox_ros_driver2/livox_ros_driver2_s__rosidl_typesupport_c.cpython-310-x86_64-linux-gnu.so
[18.688s] -- Set runtime path of "/home/shen/learn/ROS2/ws_livox/install/livox_ros_driver2/local/lib/python3.10/dist-packages/livox_ros_driver2/livox_ros_driver2_s__rosidl_typesupport_c.cpython-310-x86_64-linux-gnu.so" to ""
[18.688s] -- Installing: /home/shen/learn/ROS2/ws_livox/install/livox_ros_driver2/lib/liblivox_interfaces2__rosidl_generator_py.so
[18.688s] -- Set runtime path of "/home/shen/learn/ROS2/ws_livox/install/livox_ros_driver2/lib/liblivox_interfaces2__rosidl_generator_py.so" to ""
[18.689s] -- Installing: /home/shen/learn/ROS2/ws_livox/install/livox_ros_driver2/share/livox_ros_driver2/msg/CustomPoint.idl
[18.689s] -- Installing: /home/shen/learn/ROS2/ws_livox/install/livox_ros_driver2/share/livox_ros_driver2/msg/CustomMsg.idl
[18.689s] -- Installing: /home/shen/learn/ROS2/ws_livox/install/livox_ros_driver2/share/livox_ros_driver2/msg/CustomPoint.msg
[18.689s] -- Installing: /home/shen/learn/ROS2/ws_livox/install/livox_ros_driver2/share/livox_ros_driver2/msg/CustomMsg.msg
[18.690s] -- Installing: /home/shen/learn/ROS2/ws_livox/install/livox_ros_driver2/lib/livox_ros_driver2/livox_ros_driver2_node
[18.690s] -- Set runtime path of "/home/shen/learn/ROS2/ws_livox/install/livox_ros_driver2/lib/livox_ros_driver2/livox_ros_driver2_node" to ""
[18.690s] -- Installing: /home/shen/learn/ROS2/ws_livox/install/livox_ros_driver2/lib/liblivox_ros_driver2.so
[18.697s] -- Set runtime path of "/home/shen/learn/ROS2/ws_livox/install/livox_ros_driver2/lib/liblivox_ros_driver2.so" to ""
[18.697s] -- Installing: /home/shen/learn/ROS2/ws_livox/install/livox_ros_driver2/share/livox_ros_driver2/config
[18.697s] -- Installing: /home/shen/learn/ROS2/ws_livox/install/livox_ros_driver2/share/livox_ros_driver2/config/mixed_HAP_MID360_config.json
[18.698s] -- Installing: /home/shen/learn/ROS2/ws_livox/install/livox_ros_driver2/share/livox_ros_driver2/config/HAP_config.json
[18.699s] -- Installing: /home/shen/learn/ROS2/ws_livox/install/livox_ros_driver2/share/livox_ros_driver2/config/display_point_cloud_ROS2.rviz
[18.699s] -- Installing: /home/shen/learn/ROS2/ws_livox/install/livox_ros_driver2/share/livox_ros_driver2/config/MID360_config_Init.json
[18.699s] -- Installing: /home/shen/learn/ROS2/ws_livox/install/livox_ros_driver2/share/livox_ros_driver2/config/display_point_cloud_ROS1.rviz
[18.699s] -- Installing: /home/shen/learn/ROS2/ws_livox/install/livox_ros_driver2/share/livox_ros_driver2/config/MID360_config.json
[18.700s] -- Installing: /home/shen/learn/ROS2/ws_livox/install/livox_ros_driver2/share/livox_ros_driver2/launch_ROS2
[18.700s] -- Installing: /home/shen/learn/ROS2/ws_livox/install/livox_ros_driver2/share/livox_ros_driver2/launch_ROS2/msg_MID360_launch.py
[18.700s] -- Installing: /home/shen/learn/ROS2/ws_livox/install/livox_ros_driver2/share/livox_ros_driver2/launch_ROS2/rviz_MID360_launch.py
[18.700s] -- Installing: /home/shen/learn/ROS2/ws_livox/install/livox_ros_driver2/share/livox_ros_driver2/launch_ROS2/rviz_mixed.py
[18.700s] -- Installing: /home/shen/learn/ROS2/ws_livox/install/livox_ros_driver2/share/livox_ros_driver2/launch_ROS2/rviz_HAP_launch.py
[18.700s] -- Installing: /home/shen/learn/ROS2/ws_livox/install/livox_ros_driver2/share/livox_ros_driver2/launch_ROS2/msg_HAP_launch.py
[18.701s] -- Installing: /home/shen/learn/ROS2/ws_livox/install/livox_ros_driver2/share/ament_index/resource_index/package_run_dependencies/livox_ros_driver2
[18.701s] -- Installing: /home/shen/learn/ROS2/ws_livox/install/livox_ros_driver2/share/ament_index/resource_index/parent_prefix_path/livox_ros_driver2
[18.701s] -- Installing: /home/shen/learn/ROS2/ws_livox/install/livox_ros_driver2/share/livox_ros_driver2/environment/ament_prefix_path.sh
[18.701s] -- Installing: /home/shen/learn/ROS2/ws_livox/install/livox_ros_driver2/share/livox_ros_driver2/environment/ament_prefix_path.dsv
[18.701s] -- Installing: /home/shen/learn/ROS2/ws_livox/install/livox_ros_driver2/share/livox_ros_driver2/environment/path.sh
[18.702s] -- Installing: /home/shen/learn/ROS2/ws_livox/install/livox_ros_driver2/share/livox_ros_driver2/environment/path.dsv
[18.702s] -- Installing: /home/shen/learn/ROS2/ws_livox/install/livox_ros_driver2/share/livox_ros_driver2/local_setup.bash
[18.702s] -- Installing: /home/shen/learn/ROS2/ws_livox/install/livox_ros_driver2/share/livox_ros_driver2/local_setup.sh
[18.702s] -- Installing: /home/shen/learn/ROS2/ws_livox/install/livox_ros_driver2/share/livox_ros_driver2/local_setup.zsh
[18.702s] -- Installing: /home/shen/learn/ROS2/ws_livox/install/livox_ros_driver2/share/livox_ros_driver2/local_setup.dsv
[18.702s] -- Installing: /home/shen/learn/ROS2/ws_livox/install/livox_ros_driver2/share/livox_ros_driver2/package.dsv
[18.703s] -- Installing: /home/shen/learn/ROS2/ws_livox/install/livox_ros_driver2/share/ament_index/resource_index/packages/livox_ros_driver2
[18.703s] -- Installing: /home/shen/learn/ROS2/ws_livox/install/livox_ros_driver2/share/livox_ros_driver2/cmake/export_livox_interfaces2__rosidl_generator_cExport.cmake
[18.703s] -- Installing: /home/shen/learn/ROS2/ws_livox/install/livox_ros_driver2/share/livox_ros_driver2/cmake/export_livox_interfaces2__rosidl_generator_cExport-noconfig.cmake
[18.704s] -- Installing: /home/shen/learn/ROS2/ws_livox/install/livox_ros_driver2/share/livox_ros_driver2/cmake/export_livox_interfaces2__rosidl_typesupport_fastrtps_cExport.cmake
[18.704s] -- Installing: /home/shen/learn/ROS2/ws_livox/install/livox_ros_driver2/share/livox_ros_driver2/cmake/export_livox_interfaces2__rosidl_typesupport_fastrtps_cExport-noconfig.cmake
[18.704s] -- Installing: /home/shen/learn/ROS2/ws_livox/install/livox_ros_driver2/share/livox_ros_driver2/cmake/livox_interfaces2__rosidl_typesupport_introspection_cExport.cmake
[18.704s] -- Installing: /home/shen/learn/ROS2/ws_livox/install/livox_ros_driver2/share/livox_ros_driver2/cmake/livox_interfaces2__rosidl_typesupport_introspection_cExport-noconfig.cmake
[18.704s] -- Installing: /home/shen/learn/ROS2/ws_livox/install/livox_ros_driver2/share/livox_ros_driver2/cmake/livox_interfaces2__rosidl_typesupport_cExport.cmake
[18.705s] -- Installing: /home/shen/learn/ROS2/ws_livox/install/livox_ros_driver2/share/livox_ros_driver2/cmake/livox_interfaces2__rosidl_typesupport_cExport-noconfig.cmake
[18.705s] -- Installing: /home/shen/learn/ROS2/ws_livox/install/livox_ros_driver2/share/livox_ros_driver2/cmake/export_livox_interfaces2__rosidl_generator_cppExport.cmake
[18.705s] -- Installing: /home/shen/learn/ROS2/ws_livox/install/livox_ros_driver2/share/livox_ros_driver2/cmake/export_livox_interfaces2__rosidl_typesupport_fastrtps_cppExport.cmake
[18.705s] -- Installing: /home/shen/learn/ROS2/ws_livox/install/livox_ros_driver2/share/livox_ros_driver2/cmake/export_livox_interfaces2__rosidl_typesupport_fastrtps_cppExport-noconfig.cmake
[18.706s] -- Installing: /home/shen/learn/ROS2/ws_livox/install/livox_ros_driver2/share/livox_ros_driver2/cmake/livox_interfaces2__rosidl_typesupport_introspection_cppExport.cmake
[18.706s] -- Installing: /home/shen/learn/ROS2/ws_livox/install/livox_ros_driver2/share/livox_ros_driver2/cmake/livox_interfaces2__rosidl_typesupport_introspection_cppExport-noconfig.cmake
[18.706s] -- Installing: /home/shen/learn/ROS2/ws_livox/install/livox_ros_driver2/share/livox_ros_driver2/cmake/livox_interfaces2__rosidl_typesupport_cppExport.cmake
[18.706s] -- Installing: /home/shen/learn/ROS2/ws_livox/install/livox_ros_driver2/share/livox_ros_driver2/cmake/livox_interfaces2__rosidl_typesupport_cppExport-noconfig.cmake
[18.707s] -- Installing: /home/shen/learn/ROS2/ws_livox/install/livox_ros_driver2/share/livox_ros_driver2/cmake/export_livox_interfaces2__rosidl_generator_pyExport.cmake
[18.707s] -- Installing: /home/shen/learn/ROS2/ws_livox/install/livox_ros_driver2/share/livox_ros_driver2/cmake/export_livox_interfaces2__rosidl_generator_pyExport-noconfig.cmake
[18.707s] -- Installing: /home/shen/learn/ROS2/ws_livox/install/livox_ros_driver2/share/ament_index/resource_index/rclcpp_components/livox_ros_driver2
[18.707s] -- Installing: /home/shen/learn/ROS2/ws_livox/install/livox_ros_driver2/share/livox_ros_driver2/cmake/rosidl_cmake-extras.cmake
[18.707s] -- Installing: /home/shen/learn/ROS2/ws_livox/install/livox_ros_driver2/share/livox_ros_driver2/cmake/ament_cmake_export_dependencies-extras.cmake
[18.708s] -- Installing: /home/shen/learn/ROS2/ws_livox/install/livox_ros_driver2/share/livox_ros_driver2/cmake/ament_cmake_export_include_directories-extras.cmake
[18.708s] -- Installing: /home/shen/learn/ROS2/ws_livox/install/livox_ros_driver2/share/livox_ros_driver2/cmake/ament_cmake_export_libraries-extras.cmake
[18.708s] -- Installing: /home/shen/learn/ROS2/ws_livox/install/livox_ros_driver2/share/livox_ros_driver2/cmake/ament_cmake_export_targets-extras.cmake
[18.708s] -- Installing: /home/shen/learn/ROS2/ws_livox/install/livox_ros_driver2/share/livox_ros_driver2/cmake/rosidl_cmake_export_typesupport_targets-extras.cmake
[18.709s] -- Installing: /home/shen/learn/ROS2/ws_livox/install/livox_ros_driver2/share/livox_ros_driver2/cmake/rosidl_cmake_export_typesupport_libraries-extras.cmake
[18.709s] -- Installing: /home/shen/learn/ROS2/ws_livox/install/livox_ros_driver2/share/livox_ros_driver2/cmake/livox_ros_driver2Config.cmake
[18.709s] -- Installing: /home/shen/learn/ROS2/ws_livox/install/livox_ros_driver2/share/livox_ros_driver2/cmake/livox_ros_driver2Config-version.cmake
[18.709s] -- Installing: /home/shen/learn/ROS2/ws_livox/install/livox_ros_driver2/share/livox_ros_driver2/package.xml
[18.712s] Invoked command in '/home/shen/learn/ROS2/ws_livox/build/livox_ros_driver2' returned '0': CMAKE_PREFIX_PATH=${CMAKE_PREFIX_PATH}:/opt/ros/humble /usr/bin/cmake --install /home/shen/learn/ROS2/ws_livox/build/livox_ros_driver2
