[0.805s] DEBUG:colcon:Command line arguments: ['/usr/bin/colcon', 'build']
[0.805s] DEBUG:colcon:Parsed command line arguments: Namespace(log_base=None, log_level=None, verb_name='build', build_base='build', install_base='install', merge_install=False, symlink_install=False, test_result_base=None, continue_on_error=False, executor='parallel', parallel_workers=16, event_handlers=None, ignore_user_meta=False, metas=['./colcon.meta'], base_paths=['.'], packages_ignore=None, packages_ignore_regex=None, paths=None, packages_up_to=None, packages_up_to_regex=None, packages_above=None, packages_above_and_dependencies=None, packages_above_depth=None, packages_select_by_dep=None, packages_skip_by_dep=None, packages_skip_up_to=None, packages_select_build_failed=False, packages_skip_build_finished=False, packages_select_test_failures=False, packages_skip_test_passed=False, packages_select=None, packages_skip=None, packages_select_regex=None, packages_skip_regex=None, packages_start=None, packages_end=None, allow_overriding=[], cmake_args=None, cmake_target=None, cmake_target_skip_unavailable=False, cmake_clean_cache=False, cmake_clean_first=False, cmake_force_configure=False, ament_cmake_args=None, catkin_cmake_args=None, catkin_skip_building_tests=False, verb_parser=<colcon_defaults.argument_parser.defaults.DefaultArgumentsDecorator object at 0x733f1766b130>, verb_extension=<colcon_core.verb.build.BuildVerb object at 0x733f187d7f40>, main=<bound method BuildVerb.main of <colcon_core.verb.build.BuildVerb object at 0x733f187d7f40>>)
[0.842s] Level 1:colcon.colcon_core.package_discovery:discover_packages(colcon_meta) check parameters
[0.842s] Level 1:colcon.colcon_core.package_discovery:discover_packages(recursive) check parameters
[0.842s] Level 1:colcon.colcon_core.package_discovery:discover_packages(ignore) check parameters
[0.842s] Level 1:colcon.colcon_core.package_discovery:discover_packages(path) check parameters
[0.842s] Level 1:colcon.colcon_core.package_discovery:discover_packages(colcon_meta) discover
[0.842s] Level 1:colcon.colcon_core.package_discovery:discover_packages(recursive) discover
[0.842s] INFO:colcon.colcon_core.package_discovery:Crawling recursively for packages in '/home/shen/learn/ROS2/ars408_ws'
[0.842s] Level 1:colcon.colcon_core.package_identification:_identify(.) by extensions ['ignore', 'ignore_ament_install']
[0.842s] Level 1:colcon.colcon_core.package_identification:_identify(.) by extension 'ignore'
[0.842s] Level 1:colcon.colcon_core.package_identification:_identify(.) by extension 'ignore_ament_install'
[0.842s] Level 1:colcon.colcon_core.package_identification:_identify(.) by extensions ['colcon_pkg']
[0.842s] Level 1:colcon.colcon_core.package_identification:_identify(.) by extension 'colcon_pkg'
[0.842s] Level 1:colcon.colcon_core.package_identification:_identify(.) by extensions ['colcon_meta']
[0.842s] Level 1:colcon.colcon_core.package_identification:_identify(.) by extension 'colcon_meta'
[0.842s] Level 1:colcon.colcon_core.package_identification:_identify(.) by extensions ['ros']
[0.843s] Level 1:colcon.colcon_core.package_identification:_identify(.) by extension 'ros'
[0.852s] Level 1:colcon.colcon_core.package_identification:_identify(.) by extensions ['cmake', 'python']
[0.852s] Level 1:colcon.colcon_core.package_identification:_identify(.) by extension 'cmake'
[0.852s] Level 1:colcon.colcon_core.package_identification:_identify(.) by extension 'python'
[0.852s] Level 1:colcon.colcon_core.package_identification:_identify(.) by extensions ['python_setup_py']
[0.852s] Level 1:colcon.colcon_core.package_identification:_identify(.) by extension 'python_setup_py'
[0.852s] Level 1:colcon.colcon_core.package_identification:_identify(build) by extensions ['ignore', 'ignore_ament_install']
[0.852s] Level 1:colcon.colcon_core.package_identification:_identify(build) by extension 'ignore'
[0.852s] Level 1:colcon.colcon_core.package_identification:_identify(build) ignored
[0.852s] Level 1:colcon.colcon_core.package_identification:_identify(install) by extensions ['ignore', 'ignore_ament_install']
[0.852s] Level 1:colcon.colcon_core.package_identification:_identify(install) by extension 'ignore'
[0.852s] Level 1:colcon.colcon_core.package_identification:_identify(install) ignored
[0.852s] Level 1:colcon.colcon_core.package_identification:_identify(log) by extensions ['ignore', 'ignore_ament_install']
[0.852s] Level 1:colcon.colcon_core.package_identification:_identify(log) by extension 'ignore'
[0.853s] Level 1:colcon.colcon_core.package_identification:_identify(log) ignored
[0.853s] Level 1:colcon.colcon_core.package_identification:_identify(src) by extensions ['ignore', 'ignore_ament_install']
[0.853s] Level 1:colcon.colcon_core.package_identification:_identify(src) by extension 'ignore'
[0.853s] Level 1:colcon.colcon_core.package_identification:_identify(src) by extension 'ignore_ament_install'
[0.853s] Level 1:colcon.colcon_core.package_identification:_identify(src) by extensions ['colcon_pkg']
[0.853s] Level 1:colcon.colcon_core.package_identification:_identify(src) by extension 'colcon_pkg'
[0.853s] Level 1:colcon.colcon_core.package_identification:_identify(src) by extensions ['colcon_meta']
[0.853s] Level 1:colcon.colcon_core.package_identification:_identify(src) by extension 'colcon_meta'
[0.853s] Level 1:colcon.colcon_core.package_identification:_identify(src) by extensions ['ros']
[0.853s] Level 1:colcon.colcon_core.package_identification:_identify(src) by extension 'ros'
[0.853s] Level 1:colcon.colcon_core.package_identification:_identify(src) by extensions ['cmake', 'python']
[0.853s] Level 1:colcon.colcon_core.package_identification:_identify(src) by extension 'cmake'
[0.853s] Level 1:colcon.colcon_core.package_identification:_identify(src) by extension 'python'
[0.853s] Level 1:colcon.colcon_core.package_identification:_identify(src) by extensions ['python_setup_py']
[0.853s] Level 1:colcon.colcon_core.package_identification:_identify(src) by extension 'python_setup_py'
[0.853s] Level 1:colcon.colcon_core.package_identification:_identify(src/ars408_driver) by extensions ['ignore', 'ignore_ament_install']
[0.853s] Level 1:colcon.colcon_core.package_identification:_identify(src/ars408_driver) by extension 'ignore'
[0.853s] Level 1:colcon.colcon_core.package_identification:_identify(src/ars408_driver) by extension 'ignore_ament_install'
[0.853s] Level 1:colcon.colcon_core.package_identification:_identify(src/ars408_driver) by extensions ['colcon_pkg']
[0.853s] Level 1:colcon.colcon_core.package_identification:_identify(src/ars408_driver) by extension 'colcon_pkg'
[0.853s] Level 1:colcon.colcon_core.package_identification:_identify(src/ars408_driver) by extensions ['colcon_meta']
[0.853s] Level 1:colcon.colcon_core.package_identification:_identify(src/ars408_driver) by extension 'colcon_meta'
[0.853s] Level 1:colcon.colcon_core.package_identification:_identify(src/ars408_driver) by extensions ['ros']
[0.854s] Level 1:colcon.colcon_core.package_identification:_identify(src/ars408_driver) by extension 'ros'
[0.856s] DEBUG:colcon.colcon_core.package_identification:Package 'src/ars408_driver' with type 'ros.ament_cmake' and name 'pe_ars408_ros'
[0.856s] Level 1:colcon.colcon_core.package_identification:_identify(src/ros2_socketcan) by extensions ['ignore', 'ignore_ament_install']
[0.856s] Level 1:colcon.colcon_core.package_identification:_identify(src/ros2_socketcan) by extension 'ignore'
[0.856s] Level 1:colcon.colcon_core.package_identification:_identify(src/ros2_socketcan) by extension 'ignore_ament_install'
[0.856s] Level 1:colcon.colcon_core.package_identification:_identify(src/ros2_socketcan) by extensions ['colcon_pkg']
[0.856s] Level 1:colcon.colcon_core.package_identification:_identify(src/ros2_socketcan) by extension 'colcon_pkg'
[0.856s] Level 1:colcon.colcon_core.package_identification:_identify(src/ros2_socketcan) by extensions ['colcon_meta']
[0.856s] Level 1:colcon.colcon_core.package_identification:_identify(src/ros2_socketcan) by extension 'colcon_meta'
[0.856s] Level 1:colcon.colcon_core.package_identification:_identify(src/ros2_socketcan) by extensions ['ros']
[0.856s] Level 1:colcon.colcon_core.package_identification:_identify(src/ros2_socketcan) by extension 'ros'
[0.856s] Level 1:colcon.colcon_core.package_identification:_identify(src/ros2_socketcan) by extensions ['cmake', 'python']
[0.856s] Level 1:colcon.colcon_core.package_identification:_identify(src/ros2_socketcan) by extension 'cmake'
[0.856s] Level 1:colcon.colcon_core.package_identification:_identify(src/ros2_socketcan) by extension 'python'
[0.857s] Level 1:colcon.colcon_core.package_identification:_identify(src/ros2_socketcan) by extensions ['python_setup_py']
[0.857s] Level 1:colcon.colcon_core.package_identification:_identify(src/ros2_socketcan) by extension 'python_setup_py'
[0.857s] Level 1:colcon.colcon_core.package_identification:_identify(src/ros2_socketcan/ros2_socketcan) by extensions ['ignore', 'ignore_ament_install']
[0.857s] Level 1:colcon.colcon_core.package_identification:_identify(src/ros2_socketcan/ros2_socketcan) by extension 'ignore'
[0.857s] Level 1:colcon.colcon_core.package_identification:_identify(src/ros2_socketcan/ros2_socketcan) by extension 'ignore_ament_install'
[0.857s] Level 1:colcon.colcon_core.package_identification:_identify(src/ros2_socketcan/ros2_socketcan) by extensions ['colcon_pkg']
[0.857s] Level 1:colcon.colcon_core.package_identification:_identify(src/ros2_socketcan/ros2_socketcan) by extension 'colcon_pkg'
[0.857s] Level 1:colcon.colcon_core.package_identification:_identify(src/ros2_socketcan/ros2_socketcan) by extensions ['colcon_meta']
[0.857s] Level 1:colcon.colcon_core.package_identification:_identify(src/ros2_socketcan/ros2_socketcan) by extension 'colcon_meta'
[0.857s] Level 1:colcon.colcon_core.package_identification:_identify(src/ros2_socketcan/ros2_socketcan) by extensions ['ros']
[0.857s] Level 1:colcon.colcon_core.package_identification:_identify(src/ros2_socketcan/ros2_socketcan) by extension 'ros'
[0.858s] DEBUG:colcon.colcon_core.package_identification:Package 'src/ros2_socketcan/ros2_socketcan' with type 'ros.ament_cmake' and name 'ros2_socketcan'
[0.858s] Level 1:colcon.colcon_core.package_identification:_identify(src/ros2_socketcan/ros2_socketcan_msgs) by extensions ['ignore', 'ignore_ament_install']
[0.858s] Level 1:colcon.colcon_core.package_identification:_identify(src/ros2_socketcan/ros2_socketcan_msgs) by extension 'ignore'
[0.858s] Level 1:colcon.colcon_core.package_identification:_identify(src/ros2_socketcan/ros2_socketcan_msgs) by extension 'ignore_ament_install'
[0.858s] Level 1:colcon.colcon_core.package_identification:_identify(src/ros2_socketcan/ros2_socketcan_msgs) by extensions ['colcon_pkg']
[0.858s] Level 1:colcon.colcon_core.package_identification:_identify(src/ros2_socketcan/ros2_socketcan_msgs) by extension 'colcon_pkg'
[0.858s] Level 1:colcon.colcon_core.package_identification:_identify(src/ros2_socketcan/ros2_socketcan_msgs) by extensions ['colcon_meta']
[0.858s] Level 1:colcon.colcon_core.package_identification:_identify(src/ros2_socketcan/ros2_socketcan_msgs) by extension 'colcon_meta'
[0.858s] Level 1:colcon.colcon_core.package_identification:_identify(src/ros2_socketcan/ros2_socketcan_msgs) by extensions ['ros']
[0.858s] Level 1:colcon.colcon_core.package_identification:_identify(src/ros2_socketcan/ros2_socketcan_msgs) by extension 'ros'
[0.859s] DEBUG:colcon.colcon_core.package_identification:Package 'src/ros2_socketcan/ros2_socketcan_msgs' with type 'ros.ament_cmake' and name 'ros2_socketcan_msgs'
[0.859s] Level 1:colcon.colcon_core.package_discovery:discover_packages(recursive) using defaults
[0.859s] Level 1:colcon.colcon_core.package_discovery:discover_packages(ignore) discover
[0.859s] Level 1:colcon.colcon_core.package_discovery:discover_packages(ignore) using defaults
[0.859s] Level 1:colcon.colcon_core.package_discovery:discover_packages(path) discover
[0.859s] Level 1:colcon.colcon_core.package_discovery:discover_packages(path) using defaults
[0.932s] Level 1:colcon.colcon_core.package_discovery:discover_packages(prefix_path) check parameters
[0.932s] Level 1:colcon.colcon_core.package_discovery:discover_packages(prefix_path) discover
[0.957s] DEBUG:colcon.colcon_installed_package_information.package_discovery:Found 3 installed packages in /home/shen/learn/ROS2/ars408_ws/install
[0.970s] DEBUG:colcon.colcon_installed_package_information.package_discovery:Found 344 installed packages in /opt/ros/humble
[0.971s] Level 1:colcon.colcon_core.package_discovery:discover_packages(prefix_path) using defaults
[1.059s] Level 5:colcon.colcon_core.verb:set package 'ros2_socketcan_msgs' build argument 'cmake_args' from command line to 'None'
[1.059s] Level 5:colcon.colcon_core.verb:set package 'ros2_socketcan_msgs' build argument 'cmake_target' from command line to 'None'
[1.059s] Level 5:colcon.colcon_core.verb:set package 'ros2_socketcan_msgs' build argument 'cmake_target_skip_unavailable' from command line to 'False'
[1.059s] Level 5:colcon.colcon_core.verb:set package 'ros2_socketcan_msgs' build argument 'cmake_clean_cache' from command line to 'False'
[1.059s] Level 5:colcon.colcon_core.verb:set package 'ros2_socketcan_msgs' build argument 'cmake_clean_first' from command line to 'False'
[1.059s] Level 5:colcon.colcon_core.verb:set package 'ros2_socketcan_msgs' build argument 'cmake_force_configure' from command line to 'False'
[1.059s] Level 5:colcon.colcon_core.verb:set package 'ros2_socketcan_msgs' build argument 'ament_cmake_args' from command line to 'None'
[1.059s] Level 5:colcon.colcon_core.verb:set package 'ros2_socketcan_msgs' build argument 'catkin_cmake_args' from command line to 'None'
[1.059s] Level 5:colcon.colcon_core.verb:set package 'ros2_socketcan_msgs' build argument 'catkin_skip_building_tests' from command line to 'False'
[1.059s] DEBUG:colcon.colcon_core.verb:Building package 'ros2_socketcan_msgs' with the following arguments: {'ament_cmake_args': None, 'build_base': '/home/shen/learn/ROS2/ars408_ws/build/ros2_socketcan_msgs', 'catkin_cmake_args': None, 'catkin_skip_building_tests': False, 'cmake_args': None, 'cmake_clean_cache': False, 'cmake_clean_first': False, 'cmake_force_configure': False, 'cmake_target': None, 'cmake_target_skip_unavailable': False, 'install_base': '/home/shen/learn/ROS2/ars408_ws/install/ros2_socketcan_msgs', 'merge_install': False, 'path': '/home/shen/learn/ROS2/ars408_ws/src/ros2_socketcan/ros2_socketcan_msgs', 'symlink_install': False, 'test_result_base': None}
[1.071s] Level 5:colcon.colcon_core.verb:set package 'ros2_socketcan' build argument 'cmake_args' from command line to 'None'
[1.071s] Level 5:colcon.colcon_core.verb:set package 'ros2_socketcan' build argument 'cmake_target' from command line to 'None'
[1.071s] Level 5:colcon.colcon_core.verb:set package 'ros2_socketcan' build argument 'cmake_target_skip_unavailable' from command line to 'False'
[1.071s] Level 5:colcon.colcon_core.verb:set package 'ros2_socketcan' build argument 'cmake_clean_cache' from command line to 'False'
[1.071s] Level 5:colcon.colcon_core.verb:set package 'ros2_socketcan' build argument 'cmake_clean_first' from command line to 'False'
[1.071s] Level 5:colcon.colcon_core.verb:set package 'ros2_socketcan' build argument 'cmake_force_configure' from command line to 'False'
[1.071s] Level 5:colcon.colcon_core.verb:set package 'ros2_socketcan' build argument 'ament_cmake_args' from command line to 'None'
[1.071s] Level 5:colcon.colcon_core.verb:set package 'ros2_socketcan' build argument 'catkin_cmake_args' from command line to 'None'
[1.071s] Level 5:colcon.colcon_core.verb:set package 'ros2_socketcan' build argument 'catkin_skip_building_tests' from command line to 'False'
[1.071s] DEBUG:colcon.colcon_core.verb:Building package 'ros2_socketcan' with the following arguments: {'ament_cmake_args': None, 'build_base': '/home/shen/learn/ROS2/ars408_ws/build/ros2_socketcan', 'catkin_cmake_args': None, 'catkin_skip_building_tests': False, 'cmake_args': None, 'cmake_clean_cache': False, 'cmake_clean_first': False, 'cmake_force_configure': False, 'cmake_target': None, 'cmake_target_skip_unavailable': False, 'install_base': '/home/shen/learn/ROS2/ars408_ws/install/ros2_socketcan', 'merge_install': False, 'path': '/home/shen/learn/ROS2/ars408_ws/src/ros2_socketcan/ros2_socketcan', 'symlink_install': False, 'test_result_base': None}
[1.083s] Level 5:colcon.colcon_core.verb:set package 'pe_ars408_ros' build argument 'cmake_args' from command line to 'None'
[1.083s] Level 5:colcon.colcon_core.verb:set package 'pe_ars408_ros' build argument 'cmake_target' from command line to 'None'
[1.083s] Level 5:colcon.colcon_core.verb:set package 'pe_ars408_ros' build argument 'cmake_target_skip_unavailable' from command line to 'False'
[1.083s] Level 5:colcon.colcon_core.verb:set package 'pe_ars408_ros' build argument 'cmake_clean_cache' from command line to 'False'
[1.084s] Level 5:colcon.colcon_core.verb:set package 'pe_ars408_ros' build argument 'cmake_clean_first' from command line to 'False'
[1.084s] Level 5:colcon.colcon_core.verb:set package 'pe_ars408_ros' build argument 'cmake_force_configure' from command line to 'False'
[1.084s] Level 5:colcon.colcon_core.verb:set package 'pe_ars408_ros' build argument 'ament_cmake_args' from command line to 'None'
[1.084s] Level 5:colcon.colcon_core.verb:set package 'pe_ars408_ros' build argument 'catkin_cmake_args' from command line to 'None'
[1.084s] Level 5:colcon.colcon_core.verb:set package 'pe_ars408_ros' build argument 'catkin_skip_building_tests' from command line to 'False'
[1.084s] DEBUG:colcon.colcon_core.verb:Building package 'pe_ars408_ros' with the following arguments: {'ament_cmake_args': None, 'build_base': '/home/shen/learn/ROS2/ars408_ws/build/pe_ars408_ros', 'catkin_cmake_args': None, 'catkin_skip_building_tests': False, 'cmake_args': None, 'cmake_clean_cache': False, 'cmake_clean_first': False, 'cmake_force_configure': False, 'cmake_target': None, 'cmake_target_skip_unavailable': False, 'install_base': '/home/shen/learn/ROS2/ars408_ws/install/pe_ars408_ros', 'merge_install': False, 'path': '/home/shen/learn/ROS2/ars408_ws/src/ars408_driver', 'symlink_install': False, 'test_result_base': None}
[1.095s] INFO:colcon.colcon_core.executor:Executing jobs using 'parallel' executor
[1.108s] DEBUG:colcon.colcon_parallel_executor.executor.parallel:run_until_complete
[1.109s] INFO:colcon.colcon_ros.task.ament_cmake.build:Building ROS package in '/home/shen/learn/ROS2/ars408_ws/src/ros2_socketcan/ros2_socketcan_msgs' with build type 'ament_cmake'
[1.109s] INFO:colcon.colcon_cmake.task.cmake.build:Building CMake package in '/home/shen/learn/ROS2/ars408_ws/src/ros2_socketcan/ros2_socketcan_msgs'
[1.122s] INFO:colcon.colcon_core.plugin_system:Skipping extension 'colcon_core.shell.bat': Not used on non-Windows systems
[1.123s] INFO:colcon.colcon_core.shell:Skip shell extension 'powershell' for command environment: Not usable outside of PowerShell
[1.123s] DEBUG:colcon.colcon_core.shell:Skip shell extension 'dsv' for command environment
[1.170s] DEBUG:colcon.colcon_core.event_handler.log_command:Invoking command in '/home/shen/learn/ROS2/ars408_ws/build/ros2_socketcan_msgs': CMAKE_PREFIX_PATH=${CMAKE_PREFIX_PATH}:/opt/ros/humble /usr/bin/cmake --build /home/shen/learn/ROS2/ars408_ws/build/ros2_socketcan_msgs -- -j16 -l16
[1.522s] DEBUG:colcon.colcon_core.event_handler.log_command:Invoked command in '/home/shen/learn/ROS2/ars408_ws/build/ros2_socketcan_msgs' returned '0': CMAKE_PREFIX_PATH=${CMAKE_PREFIX_PATH}:/opt/ros/humble /usr/bin/cmake --build /home/shen/learn/ROS2/ars408_ws/build/ros2_socketcan_msgs -- -j16 -l16
[1.651s] DEBUG:colcon.colcon_core.event_handler.log_command:Invoking command in '/home/shen/learn/ROS2/ars408_ws/build/ros2_socketcan_msgs': CMAKE_PREFIX_PATH=${CMAKE_PREFIX_PATH}:/opt/ros/humble /usr/bin/cmake --install /home/shen/learn/ROS2/ars408_ws/build/ros2_socketcan_msgs
[1.723s] Level 1:colcon.colcon_core.environment:create_environment_scripts_only(ros2_socketcan_msgs)
[1.723s] DEBUG:colcon.colcon_core.event_handler.log_command:Invoked command in '/home/shen/learn/ROS2/ars408_ws/build/ros2_socketcan_msgs' returned '0': CMAKE_PREFIX_PATH=${CMAKE_PREFIX_PATH}:/opt/ros/humble /usr/bin/cmake --install /home/shen/learn/ROS2/ars408_ws/build/ros2_socketcan_msgs
[1.741s] Level 1:colcon.colcon_core.environment:checking '/home/shen/learn/ROS2/ars408_ws/install/ros2_socketcan_msgs' for CMake module files
[1.742s] Level 1:colcon.colcon_core.environment:checking '/home/shen/learn/ROS2/ars408_ws/install/ros2_socketcan_msgs' for CMake config files
[1.742s] Level 1:colcon.colcon_core.shell:create_environment_hook('ros2_socketcan_msgs', 'cmake_prefix_path')
[1.755s] INFO:colcon.colcon_core.shell:Creating environment hook '/home/shen/learn/ROS2/ars408_ws/install/ros2_socketcan_msgs/share/ros2_socketcan_msgs/hook/cmake_prefix_path.ps1'
[1.755s] INFO:colcon.colcon_core.shell:Creating environment descriptor '/home/shen/learn/ROS2/ars408_ws/install/ros2_socketcan_msgs/share/ros2_socketcan_msgs/hook/cmake_prefix_path.dsv'
[1.756s] INFO:colcon.colcon_core.shell:Creating environment hook '/home/shen/learn/ROS2/ars408_ws/install/ros2_socketcan_msgs/share/ros2_socketcan_msgs/hook/cmake_prefix_path.sh'
[1.756s] Level 1:colcon.colcon_core.environment:checking '/home/shen/learn/ROS2/ars408_ws/install/ros2_socketcan_msgs/lib'
[1.757s] Level 1:colcon.colcon_core.shell:create_environment_hook('ros2_socketcan_msgs', 'ld_library_path_lib')
[1.769s] INFO:colcon.colcon_core.shell:Creating environment hook '/home/shen/learn/ROS2/ars408_ws/install/ros2_socketcan_msgs/share/ros2_socketcan_msgs/hook/ld_library_path_lib.ps1'
[1.769s] INFO:colcon.colcon_core.shell:Creating environment descriptor '/home/shen/learn/ROS2/ars408_ws/install/ros2_socketcan_msgs/share/ros2_socketcan_msgs/hook/ld_library_path_lib.dsv'
[1.770s] INFO:colcon.colcon_core.shell:Creating environment hook '/home/shen/learn/ROS2/ars408_ws/install/ros2_socketcan_msgs/share/ros2_socketcan_msgs/hook/ld_library_path_lib.sh'
[1.770s] Level 1:colcon.colcon_core.environment:checking '/home/shen/learn/ROS2/ars408_ws/install/ros2_socketcan_msgs/bin'
[1.770s] Level 1:colcon.colcon_core.environment:checking '/home/shen/learn/ROS2/ars408_ws/install/ros2_socketcan_msgs/lib/pkgconfig/ros2_socketcan_msgs.pc'
[1.770s] Level 1:colcon.colcon_core.environment:checking '/home/shen/learn/ROS2/ars408_ws/install/ros2_socketcan_msgs/lib/python3.10/site-packages'
[1.771s] Level 1:colcon.colcon_core.environment:checking '/home/shen/learn/ROS2/ars408_ws/install/ros2_socketcan_msgs/bin'
[1.783s] INFO:colcon.colcon_core.shell:Creating package script '/home/shen/learn/ROS2/ars408_ws/install/ros2_socketcan_msgs/share/ros2_socketcan_msgs/package.ps1'
[1.783s] INFO:colcon.colcon_core.shell:Creating package descriptor '/home/shen/learn/ROS2/ars408_ws/install/ros2_socketcan_msgs/share/ros2_socketcan_msgs/package.dsv'
[1.784s] INFO:colcon.colcon_core.shell:Creating package script '/home/shen/learn/ROS2/ars408_ws/install/ros2_socketcan_msgs/share/ros2_socketcan_msgs/package.sh'
[1.785s] INFO:colcon.colcon_core.shell:Creating package script '/home/shen/learn/ROS2/ars408_ws/install/ros2_socketcan_msgs/share/ros2_socketcan_msgs/package.bash'
[1.785s] INFO:colcon.colcon_core.shell:Creating package script '/home/shen/learn/ROS2/ars408_ws/install/ros2_socketcan_msgs/share/ros2_socketcan_msgs/package.zsh'
[1.786s] Level 1:colcon.colcon_core.environment:create_file_with_runtime_dependencies(/home/shen/learn/ROS2/ars408_ws/install/ros2_socketcan_msgs/share/colcon-core/packages/ros2_socketcan_msgs)
[1.863s] Level 1:colcon.colcon_core.environment:create_environment_scripts_only(ros2_socketcan_msgs)
[1.875s] Level 1:colcon.colcon_core.environment:checking '/home/shen/learn/ROS2/ars408_ws/install/ros2_socketcan_msgs' for CMake module files
[1.876s] Level 1:colcon.colcon_core.environment:checking '/home/shen/learn/ROS2/ars408_ws/install/ros2_socketcan_msgs' for CMake config files
[1.876s] Level 1:colcon.colcon_core.shell:create_environment_hook('ros2_socketcan_msgs', 'cmake_prefix_path')
[1.888s] INFO:colcon.colcon_core.shell:Creating environment hook '/home/shen/learn/ROS2/ars408_ws/install/ros2_socketcan_msgs/share/ros2_socketcan_msgs/hook/cmake_prefix_path.ps1'
[1.889s] INFO:colcon.colcon_core.shell:Creating environment descriptor '/home/shen/learn/ROS2/ars408_ws/install/ros2_socketcan_msgs/share/ros2_socketcan_msgs/hook/cmake_prefix_path.dsv'
[1.889s] INFO:colcon.colcon_core.shell:Creating environment hook '/home/shen/learn/ROS2/ars408_ws/install/ros2_socketcan_msgs/share/ros2_socketcan_msgs/hook/cmake_prefix_path.sh'
[1.890s] Level 1:colcon.colcon_core.environment:checking '/home/shen/learn/ROS2/ars408_ws/install/ros2_socketcan_msgs/lib'
[1.890s] Level 1:colcon.colcon_core.shell:create_environment_hook('ros2_socketcan_msgs', 'ld_library_path_lib')
[1.902s] INFO:colcon.colcon_core.shell:Creating environment hook '/home/shen/learn/ROS2/ars408_ws/install/ros2_socketcan_msgs/share/ros2_socketcan_msgs/hook/ld_library_path_lib.ps1'
[1.903s] INFO:colcon.colcon_core.shell:Creating environment descriptor '/home/shen/learn/ROS2/ars408_ws/install/ros2_socketcan_msgs/share/ros2_socketcan_msgs/hook/ld_library_path_lib.dsv'
[1.903s] INFO:colcon.colcon_core.shell:Creating environment hook '/home/shen/learn/ROS2/ars408_ws/install/ros2_socketcan_msgs/share/ros2_socketcan_msgs/hook/ld_library_path_lib.sh'
[1.903s] Level 1:colcon.colcon_core.environment:checking '/home/shen/learn/ROS2/ars408_ws/install/ros2_socketcan_msgs/bin'
[1.903s] Level 1:colcon.colcon_core.environment:checking '/home/shen/learn/ROS2/ars408_ws/install/ros2_socketcan_msgs/lib/pkgconfig/ros2_socketcan_msgs.pc'
[1.904s] Level 1:colcon.colcon_core.environment:checking '/home/shen/learn/ROS2/ars408_ws/install/ros2_socketcan_msgs/lib/python3.10/site-packages'
[1.904s] Level 1:colcon.colcon_core.environment:checking '/home/shen/learn/ROS2/ars408_ws/install/ros2_socketcan_msgs/bin'
[1.916s] INFO:colcon.colcon_core.shell:Creating package script '/home/shen/learn/ROS2/ars408_ws/install/ros2_socketcan_msgs/share/ros2_socketcan_msgs/package.ps1'
[1.917s] INFO:colcon.colcon_core.shell:Creating package descriptor '/home/shen/learn/ROS2/ars408_ws/install/ros2_socketcan_msgs/share/ros2_socketcan_msgs/package.dsv'
[1.918s] INFO:colcon.colcon_core.shell:Creating package script '/home/shen/learn/ROS2/ars408_ws/install/ros2_socketcan_msgs/share/ros2_socketcan_msgs/package.sh'
[1.918s] INFO:colcon.colcon_core.shell:Creating package script '/home/shen/learn/ROS2/ars408_ws/install/ros2_socketcan_msgs/share/ros2_socketcan_msgs/package.bash'
[1.918s] INFO:colcon.colcon_core.shell:Creating package script '/home/shen/learn/ROS2/ars408_ws/install/ros2_socketcan_msgs/share/ros2_socketcan_msgs/package.zsh'
[1.919s] Level 1:colcon.colcon_core.environment:create_file_with_runtime_dependencies(/home/shen/learn/ROS2/ars408_ws/install/ros2_socketcan_msgs/share/colcon-core/packages/ros2_socketcan_msgs)
[1.919s] INFO:colcon.colcon_ros.task.ament_cmake.build:Building ROS package in '/home/shen/learn/ROS2/ars408_ws/src/ros2_socketcan/ros2_socketcan' with build type 'ament_cmake'
[1.920s] INFO:colcon.colcon_cmake.task.cmake.build:Building CMake package in '/home/shen/learn/ROS2/ars408_ws/src/ros2_socketcan/ros2_socketcan'
[1.933s] INFO:colcon.colcon_core.shell:Skip shell extension 'powershell' for command environment: Not usable outside of PowerShell
[1.933s] DEBUG:colcon.colcon_core.shell:Skip shell extension 'dsv' for command environment
[1.982s] DEBUG:colcon.colcon_core.event_handler.log_command:Invoking command in '/home/shen/learn/ROS2/ars408_ws/build/ros2_socketcan': CMAKE_PREFIX_PATH=/home/shen/learn/ROS2/ars408_ws/install/ros2_socketcan_msgs:/home/shen/learn/ROS2/ars408_ws/install/pe_ars408_ros:/home/shen/learn/ROS2/ars408_ws/install/ros2_socketcan:/opt/ros/humble LD_LIBRARY_PATH=/home/shen/learn/ROS2/ars408_ws/install/ros2_socketcan_msgs/lib:/home/shen/learn/ROS2/ars408_ws/install/pe_ars408_ros/lib:/home/shen/learn/ROS2/ars408_ws/install/ros2_socketcan/lib:/usr/lib/x86_64-linux-gnu/gazebo-11/plugins:/opt/ros/humble/opt/rviz_ogre_vendor/lib:/opt/ros/humble/lib/x86_64-linux-gnu:/opt/ros/humble/lib /usr/bin/cmake --build /home/shen/learn/ROS2/ars408_ws/build/ros2_socketcan -- -j16 -l16
[7.208s] DEBUG:colcon.colcon_core.event_handler.log_command:Invoked command in '/home/shen/learn/ROS2/ars408_ws/build/ros2_socketcan' returned '0': CMAKE_PREFIX_PATH=/home/shen/learn/ROS2/ars408_ws/install/ros2_socketcan_msgs:/home/shen/learn/ROS2/ars408_ws/install/pe_ars408_ros:/home/shen/learn/ROS2/ars408_ws/install/ros2_socketcan:/opt/ros/humble LD_LIBRARY_PATH=/home/shen/learn/ROS2/ars408_ws/install/ros2_socketcan_msgs/lib:/home/shen/learn/ROS2/ars408_ws/install/pe_ars408_ros/lib:/home/shen/learn/ROS2/ars408_ws/install/ros2_socketcan/lib:/usr/lib/x86_64-linux-gnu/gazebo-11/plugins:/opt/ros/humble/opt/rviz_ogre_vendor/lib:/opt/ros/humble/lib/x86_64-linux-gnu:/opt/ros/humble/lib /usr/bin/cmake --build /home/shen/learn/ROS2/ars408_ws/build/ros2_socketcan -- -j16 -l16
[7.316s] DEBUG:colcon.colcon_core.event_handler.log_command:Invoking command in '/home/shen/learn/ROS2/ars408_ws/build/ros2_socketcan': CMAKE_PREFIX_PATH=/home/shen/learn/ROS2/ars408_ws/install/ros2_socketcan_msgs:/home/shen/learn/ROS2/ars408_ws/install/pe_ars408_ros:/home/shen/learn/ROS2/ars408_ws/install/ros2_socketcan:/opt/ros/humble LD_LIBRARY_PATH=/home/shen/learn/ROS2/ars408_ws/install/ros2_socketcan_msgs/lib:/home/shen/learn/ROS2/ars408_ws/install/pe_ars408_ros/lib:/home/shen/learn/ROS2/ars408_ws/install/ros2_socketcan/lib:/usr/lib/x86_64-linux-gnu/gazebo-11/plugins:/opt/ros/humble/opt/rviz_ogre_vendor/lib:/opt/ros/humble/lib/x86_64-linux-gnu:/opt/ros/humble/lib /usr/bin/cmake --install /home/shen/learn/ROS2/ars408_ws/build/ros2_socketcan
[7.411s] Level 1:colcon.colcon_core.environment:create_environment_scripts_only(ros2_socketcan)
[7.412s] DEBUG:colcon.colcon_core.event_handler.log_command:Invoked command in '/home/shen/learn/ROS2/ars408_ws/build/ros2_socketcan' returned '0': CMAKE_PREFIX_PATH=/home/shen/learn/ROS2/ars408_ws/install/ros2_socketcan_msgs:/home/shen/learn/ROS2/ars408_ws/install/pe_ars408_ros:/home/shen/learn/ROS2/ars408_ws/install/ros2_socketcan:/opt/ros/humble LD_LIBRARY_PATH=/home/shen/learn/ROS2/ars408_ws/install/ros2_socketcan_msgs/lib:/home/shen/learn/ROS2/ars408_ws/install/pe_ars408_ros/lib:/home/shen/learn/ROS2/ars408_ws/install/ros2_socketcan/lib:/usr/lib/x86_64-linux-gnu/gazebo-11/plugins:/opt/ros/humble/opt/rviz_ogre_vendor/lib:/opt/ros/humble/lib/x86_64-linux-gnu:/opt/ros/humble/lib /usr/bin/cmake --install /home/shen/learn/ROS2/ars408_ws/build/ros2_socketcan
[7.426s] Level 1:colcon.colcon_core.environment:checking '/home/shen/learn/ROS2/ars408_ws/install/ros2_socketcan' for CMake module files
[7.427s] Level 1:colcon.colcon_core.environment:checking '/home/shen/learn/ROS2/ars408_ws/install/ros2_socketcan' for CMake config files
[7.427s] Level 1:colcon.colcon_core.shell:create_environment_hook('ros2_socketcan', 'cmake_prefix_path')
[7.440s] INFO:colcon.colcon_core.shell:Creating environment hook '/home/shen/learn/ROS2/ars408_ws/install/ros2_socketcan/share/ros2_socketcan/hook/cmake_prefix_path.ps1'
[7.440s] INFO:colcon.colcon_core.shell:Creating environment descriptor '/home/shen/learn/ROS2/ars408_ws/install/ros2_socketcan/share/ros2_socketcan/hook/cmake_prefix_path.dsv'
[7.441s] INFO:colcon.colcon_core.shell:Creating environment hook '/home/shen/learn/ROS2/ars408_ws/install/ros2_socketcan/share/ros2_socketcan/hook/cmake_prefix_path.sh'
[7.441s] Level 1:colcon.colcon_core.environment:checking '/home/shen/learn/ROS2/ars408_ws/install/ros2_socketcan/lib'
[7.441s] Level 1:colcon.colcon_core.shell:create_environment_hook('ros2_socketcan', 'ld_library_path_lib')
[7.454s] INFO:colcon.colcon_core.shell:Creating environment hook '/home/shen/learn/ROS2/ars408_ws/install/ros2_socketcan/share/ros2_socketcan/hook/ld_library_path_lib.ps1'
[7.454s] INFO:colcon.colcon_core.shell:Creating environment descriptor '/home/shen/learn/ROS2/ars408_ws/install/ros2_socketcan/share/ros2_socketcan/hook/ld_library_path_lib.dsv'
[7.455s] INFO:colcon.colcon_core.shell:Creating environment hook '/home/shen/learn/ROS2/ars408_ws/install/ros2_socketcan/share/ros2_socketcan/hook/ld_library_path_lib.sh'
[7.455s] Level 1:colcon.colcon_core.environment:checking '/home/shen/learn/ROS2/ars408_ws/install/ros2_socketcan/bin'
[7.455s] Level 1:colcon.colcon_core.environment:checking '/home/shen/learn/ROS2/ars408_ws/install/ros2_socketcan/lib/pkgconfig/ros2_socketcan.pc'
[7.456s] Level 1:colcon.colcon_core.environment:checking '/home/shen/learn/ROS2/ars408_ws/install/ros2_socketcan/lib/python3.10/site-packages'
[7.456s] Level 1:colcon.colcon_core.environment:checking '/home/shen/learn/ROS2/ars408_ws/install/ros2_socketcan/bin'
[7.468s] INFO:colcon.colcon_core.shell:Creating package script '/home/shen/learn/ROS2/ars408_ws/install/ros2_socketcan/share/ros2_socketcan/package.ps1'
[7.468s] INFO:colcon.colcon_core.shell:Creating package descriptor '/home/shen/learn/ROS2/ars408_ws/install/ros2_socketcan/share/ros2_socketcan/package.dsv'
[7.469s] INFO:colcon.colcon_core.shell:Creating package script '/home/shen/learn/ROS2/ars408_ws/install/ros2_socketcan/share/ros2_socketcan/package.sh'
[7.469s] INFO:colcon.colcon_core.shell:Creating package script '/home/shen/learn/ROS2/ars408_ws/install/ros2_socketcan/share/ros2_socketcan/package.bash'
[7.470s] INFO:colcon.colcon_core.shell:Creating package script '/home/shen/learn/ROS2/ars408_ws/install/ros2_socketcan/share/ros2_socketcan/package.zsh'
[7.470s] Level 1:colcon.colcon_core.environment:create_file_with_runtime_dependencies(/home/shen/learn/ROS2/ars408_ws/install/ros2_socketcan/share/colcon-core/packages/ros2_socketcan)
[7.596s] Level 1:colcon.colcon_core.environment:create_environment_scripts_only(ros2_socketcan)
[7.622s] Level 1:colcon.colcon_core.environment:checking '/home/shen/learn/ROS2/ars408_ws/install/ros2_socketcan' for CMake module files
[7.623s] Level 1:colcon.colcon_core.environment:checking '/home/shen/learn/ROS2/ars408_ws/install/ros2_socketcan' for CMake config files
[7.623s] Level 1:colcon.colcon_core.shell:create_environment_hook('ros2_socketcan', 'cmake_prefix_path')
[7.640s] INFO:colcon.colcon_core.shell:Creating environment hook '/home/shen/learn/ROS2/ars408_ws/install/ros2_socketcan/share/ros2_socketcan/hook/cmake_prefix_path.ps1'
[7.641s] INFO:colcon.colcon_core.shell:Creating environment descriptor '/home/shen/learn/ROS2/ars408_ws/install/ros2_socketcan/share/ros2_socketcan/hook/cmake_prefix_path.dsv'
[7.641s] INFO:colcon.colcon_core.shell:Creating environment hook '/home/shen/learn/ROS2/ars408_ws/install/ros2_socketcan/share/ros2_socketcan/hook/cmake_prefix_path.sh'
[7.641s] Level 1:colcon.colcon_core.environment:checking '/home/shen/learn/ROS2/ars408_ws/install/ros2_socketcan/lib'
[7.642s] Level 1:colcon.colcon_core.shell:create_environment_hook('ros2_socketcan', 'ld_library_path_lib')
[7.654s] INFO:colcon.colcon_core.shell:Creating environment hook '/home/shen/learn/ROS2/ars408_ws/install/ros2_socketcan/share/ros2_socketcan/hook/ld_library_path_lib.ps1'
[7.655s] INFO:colcon.colcon_core.shell:Creating environment descriptor '/home/shen/learn/ROS2/ars408_ws/install/ros2_socketcan/share/ros2_socketcan/hook/ld_library_path_lib.dsv'
[7.655s] INFO:colcon.colcon_core.shell:Creating environment hook '/home/shen/learn/ROS2/ars408_ws/install/ros2_socketcan/share/ros2_socketcan/hook/ld_library_path_lib.sh'
[7.656s] Level 1:colcon.colcon_core.environment:checking '/home/shen/learn/ROS2/ars408_ws/install/ros2_socketcan/bin'
[7.656s] Level 1:colcon.colcon_core.environment:checking '/home/shen/learn/ROS2/ars408_ws/install/ros2_socketcan/lib/pkgconfig/ros2_socketcan.pc'
[7.656s] Level 1:colcon.colcon_core.environment:checking '/home/shen/learn/ROS2/ars408_ws/install/ros2_socketcan/lib/python3.10/site-packages'
[7.656s] Level 1:colcon.colcon_core.environment:checking '/home/shen/learn/ROS2/ars408_ws/install/ros2_socketcan/bin'
[7.669s] INFO:colcon.colcon_core.shell:Creating package script '/home/shen/learn/ROS2/ars408_ws/install/ros2_socketcan/share/ros2_socketcan/package.ps1'
[7.670s] INFO:colcon.colcon_core.shell:Creating package descriptor '/home/shen/learn/ROS2/ars408_ws/install/ros2_socketcan/share/ros2_socketcan/package.dsv'
[7.670s] INFO:colcon.colcon_core.shell:Creating package script '/home/shen/learn/ROS2/ars408_ws/install/ros2_socketcan/share/ros2_socketcan/package.sh'
[7.671s] INFO:colcon.colcon_core.shell:Creating package script '/home/shen/learn/ROS2/ars408_ws/install/ros2_socketcan/share/ros2_socketcan/package.bash'
[7.671s] INFO:colcon.colcon_core.shell:Creating package script '/home/shen/learn/ROS2/ars408_ws/install/ros2_socketcan/share/ros2_socketcan/package.zsh'
[7.671s] Level 1:colcon.colcon_core.environment:create_file_with_runtime_dependencies(/home/shen/learn/ROS2/ars408_ws/install/ros2_socketcan/share/colcon-core/packages/ros2_socketcan)
[7.672s] INFO:colcon.colcon_ros.task.ament_cmake.build:Building ROS package in '/home/shen/learn/ROS2/ars408_ws/src/ars408_driver' with build type 'ament_cmake'
[7.672s] INFO:colcon.colcon_cmake.task.cmake.build:Building CMake package in '/home/shen/learn/ROS2/ars408_ws/src/ars408_driver'
[7.686s] INFO:colcon.colcon_core.shell:Skip shell extension 'powershell' for command environment: Not usable outside of PowerShell
[7.686s] DEBUG:colcon.colcon_core.shell:Skip shell extension 'dsv' for command environment
[7.740s] DEBUG:colcon.colcon_core.event_handler.log_command:Invoking command in '/home/shen/learn/ROS2/ars408_ws/build/pe_ars408_ros': CMAKE_PREFIX_PATH=/home/shen/learn/ROS2/ars408_ws/install/ros2_socketcan:/home/shen/learn/ROS2/ars408_ws/install/ros2_socketcan_msgs:/home/shen/learn/ROS2/ars408_ws/install/pe_ars408_ros:/opt/ros/humble LD_LIBRARY_PATH=/home/shen/learn/ROS2/ars408_ws/install/ros2_socketcan/lib:/home/shen/learn/ROS2/ars408_ws/install/ros2_socketcan_msgs/lib:/home/shen/learn/ROS2/ars408_ws/install/pe_ars408_ros/lib:/usr/lib/x86_64-linux-gnu/gazebo-11/plugins:/opt/ros/humble/opt/rviz_ogre_vendor/lib:/opt/ros/humble/lib/x86_64-linux-gnu:/opt/ros/humble/lib /usr/bin/cmake --build /home/shen/learn/ROS2/ars408_ws/build/pe_ars408_ros -- -j16 -l16
[7.946s] DEBUG:colcon.colcon_core.event_handler.log_command:Invoked command in '/home/shen/learn/ROS2/ars408_ws/build/pe_ars408_ros' returned '0': CMAKE_PREFIX_PATH=/home/shen/learn/ROS2/ars408_ws/install/ros2_socketcan:/home/shen/learn/ROS2/ars408_ws/install/ros2_socketcan_msgs:/home/shen/learn/ROS2/ars408_ws/install/pe_ars408_ros:/opt/ros/humble LD_LIBRARY_PATH=/home/shen/learn/ROS2/ars408_ws/install/ros2_socketcan/lib:/home/shen/learn/ROS2/ars408_ws/install/ros2_socketcan_msgs/lib:/home/shen/learn/ROS2/ars408_ws/install/pe_ars408_ros/lib:/usr/lib/x86_64-linux-gnu/gazebo-11/plugins:/opt/ros/humble/opt/rviz_ogre_vendor/lib:/opt/ros/humble/lib/x86_64-linux-gnu:/opt/ros/humble/lib /usr/bin/cmake --build /home/shen/learn/ROS2/ars408_ws/build/pe_ars408_ros -- -j16 -l16
[8.009s] DEBUG:colcon.colcon_core.event_handler.log_command:Invoking command in '/home/shen/learn/ROS2/ars408_ws/build/pe_ars408_ros': CMAKE_PREFIX_PATH=/home/shen/learn/ROS2/ars408_ws/install/ros2_socketcan:/home/shen/learn/ROS2/ars408_ws/install/ros2_socketcan_msgs:/home/shen/learn/ROS2/ars408_ws/install/pe_ars408_ros:/opt/ros/humble LD_LIBRARY_PATH=/home/shen/learn/ROS2/ars408_ws/install/ros2_socketcan/lib:/home/shen/learn/ROS2/ars408_ws/install/ros2_socketcan_msgs/lib:/home/shen/learn/ROS2/ars408_ws/install/pe_ars408_ros/lib:/usr/lib/x86_64-linux-gnu/gazebo-11/plugins:/opt/ros/humble/opt/rviz_ogre_vendor/lib:/opt/ros/humble/lib/x86_64-linux-gnu:/opt/ros/humble/lib /usr/bin/cmake --install /home/shen/learn/ROS2/ars408_ws/build/pe_ars408_ros
[8.030s] Level 1:colcon.colcon_core.environment:create_environment_scripts_only(pe_ars408_ros)
[8.031s] DEBUG:colcon.colcon_core.event_handler.log_command:Invoked command in '/home/shen/learn/ROS2/ars408_ws/build/pe_ars408_ros' returned '0': CMAKE_PREFIX_PATH=/home/shen/learn/ROS2/ars408_ws/install/ros2_socketcan:/home/shen/learn/ROS2/ars408_ws/install/ros2_socketcan_msgs:/home/shen/learn/ROS2/ars408_ws/install/pe_ars408_ros:/opt/ros/humble LD_LIBRARY_PATH=/home/shen/learn/ROS2/ars408_ws/install/ros2_socketcan/lib:/home/shen/learn/ROS2/ars408_ws/install/ros2_socketcan_msgs/lib:/home/shen/learn/ROS2/ars408_ws/install/pe_ars408_ros/lib:/usr/lib/x86_64-linux-gnu/gazebo-11/plugins:/opt/ros/humble/opt/rviz_ogre_vendor/lib:/opt/ros/humble/lib/x86_64-linux-gnu:/opt/ros/humble/lib /usr/bin/cmake --install /home/shen/learn/ROS2/ars408_ws/build/pe_ars408_ros
[8.060s] Level 1:colcon.colcon_core.environment:checking '/home/shen/learn/ROS2/ars408_ws/install/pe_ars408_ros' for CMake module files
[8.061s] Level 1:colcon.colcon_core.environment:checking '/home/shen/learn/ROS2/ars408_ws/install/pe_ars408_ros' for CMake config files
[8.062s] Level 1:colcon.colcon_core.shell:create_environment_hook('pe_ars408_ros', 'cmake_prefix_path')
[8.095s] INFO:colcon.colcon_core.shell:Creating environment hook '/home/shen/learn/ROS2/ars408_ws/install/pe_ars408_ros/share/pe_ars408_ros/hook/cmake_prefix_path.ps1'
[8.096s] INFO:colcon.colcon_core.shell:Creating environment descriptor '/home/shen/learn/ROS2/ars408_ws/install/pe_ars408_ros/share/pe_ars408_ros/hook/cmake_prefix_path.dsv'
[8.097s] INFO:colcon.colcon_core.shell:Creating environment hook '/home/shen/learn/ROS2/ars408_ws/install/pe_ars408_ros/share/pe_ars408_ros/hook/cmake_prefix_path.sh'
[8.098s] Level 1:colcon.colcon_core.environment:checking '/home/shen/learn/ROS2/ars408_ws/install/pe_ars408_ros/lib'
[8.098s] Level 1:colcon.colcon_core.shell:create_environment_hook('pe_ars408_ros', 'ld_library_path_lib')
[8.117s] INFO:colcon.colcon_core.shell:Creating environment hook '/home/shen/learn/ROS2/ars408_ws/install/pe_ars408_ros/share/pe_ars408_ros/hook/ld_library_path_lib.ps1'
[8.118s] INFO:colcon.colcon_core.shell:Creating environment descriptor '/home/shen/learn/ROS2/ars408_ws/install/pe_ars408_ros/share/pe_ars408_ros/hook/ld_library_path_lib.dsv'
[8.118s] INFO:colcon.colcon_core.shell:Creating environment hook '/home/shen/learn/ROS2/ars408_ws/install/pe_ars408_ros/share/pe_ars408_ros/hook/ld_library_path_lib.sh'
[8.118s] Level 1:colcon.colcon_core.environment:checking '/home/shen/learn/ROS2/ars408_ws/install/pe_ars408_ros/bin'
[8.118s] Level 1:colcon.colcon_core.environment:checking '/home/shen/learn/ROS2/ars408_ws/install/pe_ars408_ros/lib/pkgconfig/pe_ars408_ros.pc'
[8.119s] Level 1:colcon.colcon_core.environment:checking '/home/shen/learn/ROS2/ars408_ws/install/pe_ars408_ros/lib/python3.10/site-packages'
[8.119s] Level 1:colcon.colcon_core.environment:checking '/home/shen/learn/ROS2/ars408_ws/install/pe_ars408_ros/bin'
[8.131s] INFO:colcon.colcon_core.shell:Creating package script '/home/shen/learn/ROS2/ars408_ws/install/pe_ars408_ros/share/pe_ars408_ros/package.ps1'
[8.132s] INFO:colcon.colcon_core.shell:Creating package descriptor '/home/shen/learn/ROS2/ars408_ws/install/pe_ars408_ros/share/pe_ars408_ros/package.dsv'
[8.132s] INFO:colcon.colcon_core.shell:Creating package script '/home/shen/learn/ROS2/ars408_ws/install/pe_ars408_ros/share/pe_ars408_ros/package.sh'
[8.133s] INFO:colcon.colcon_core.shell:Creating package script '/home/shen/learn/ROS2/ars408_ws/install/pe_ars408_ros/share/pe_ars408_ros/package.bash'
[8.133s] INFO:colcon.colcon_core.shell:Creating package script '/home/shen/learn/ROS2/ars408_ws/install/pe_ars408_ros/share/pe_ars408_ros/package.zsh'
[8.133s] Level 1:colcon.colcon_core.environment:create_file_with_runtime_dependencies(/home/shen/learn/ROS2/ars408_ws/install/pe_ars408_ros/share/colcon-core/packages/pe_ars408_ros)
[8.200s] Level 1:colcon.colcon_core.environment:create_environment_scripts_only(pe_ars408_ros)
[8.212s] Level 1:colcon.colcon_core.environment:checking '/home/shen/learn/ROS2/ars408_ws/install/pe_ars408_ros' for CMake module files
[8.213s] Level 1:colcon.colcon_core.environment:checking '/home/shen/learn/ROS2/ars408_ws/install/pe_ars408_ros' for CMake config files
[8.213s] Level 1:colcon.colcon_core.shell:create_environment_hook('pe_ars408_ros', 'cmake_prefix_path')
[8.225s] INFO:colcon.colcon_core.shell:Creating environment hook '/home/shen/learn/ROS2/ars408_ws/install/pe_ars408_ros/share/pe_ars408_ros/hook/cmake_prefix_path.ps1'
[8.226s] INFO:colcon.colcon_core.shell:Creating environment descriptor '/home/shen/learn/ROS2/ars408_ws/install/pe_ars408_ros/share/pe_ars408_ros/hook/cmake_prefix_path.dsv'
[8.226s] INFO:colcon.colcon_core.shell:Creating environment hook '/home/shen/learn/ROS2/ars408_ws/install/pe_ars408_ros/share/pe_ars408_ros/hook/cmake_prefix_path.sh'
[8.226s] Level 1:colcon.colcon_core.environment:checking '/home/shen/learn/ROS2/ars408_ws/install/pe_ars408_ros/lib'
[8.226s] Level 1:colcon.colcon_core.shell:create_environment_hook('pe_ars408_ros', 'ld_library_path_lib')
[8.238s] INFO:colcon.colcon_core.shell:Creating environment hook '/home/shen/learn/ROS2/ars408_ws/install/pe_ars408_ros/share/pe_ars408_ros/hook/ld_library_path_lib.ps1'
[8.240s] INFO:colcon.colcon_core.shell:Creating environment descriptor '/home/shen/learn/ROS2/ars408_ws/install/pe_ars408_ros/share/pe_ars408_ros/hook/ld_library_path_lib.dsv'
[8.240s] INFO:colcon.colcon_core.shell:Creating environment hook '/home/shen/learn/ROS2/ars408_ws/install/pe_ars408_ros/share/pe_ars408_ros/hook/ld_library_path_lib.sh'
[8.240s] Level 1:colcon.colcon_core.environment:checking '/home/shen/learn/ROS2/ars408_ws/install/pe_ars408_ros/bin'
[8.240s] Level 1:colcon.colcon_core.environment:checking '/home/shen/learn/ROS2/ars408_ws/install/pe_ars408_ros/lib/pkgconfig/pe_ars408_ros.pc'
[8.241s] Level 1:colcon.colcon_core.environment:checking '/home/shen/learn/ROS2/ars408_ws/install/pe_ars408_ros/lib/python3.10/site-packages'
[8.241s] Level 1:colcon.colcon_core.environment:checking '/home/shen/learn/ROS2/ars408_ws/install/pe_ars408_ros/bin'
[8.254s] INFO:colcon.colcon_core.shell:Creating package script '/home/shen/learn/ROS2/ars408_ws/install/pe_ars408_ros/share/pe_ars408_ros/package.ps1'
[8.255s] INFO:colcon.colcon_core.shell:Creating package descriptor '/home/shen/learn/ROS2/ars408_ws/install/pe_ars408_ros/share/pe_ars408_ros/package.dsv'
[8.255s] INFO:colcon.colcon_core.shell:Creating package script '/home/shen/learn/ROS2/ars408_ws/install/pe_ars408_ros/share/pe_ars408_ros/package.sh'
[8.255s] INFO:colcon.colcon_core.shell:Creating package script '/home/shen/learn/ROS2/ars408_ws/install/pe_ars408_ros/share/pe_ars408_ros/package.bash'
[8.256s] INFO:colcon.colcon_core.shell:Creating package script '/home/shen/learn/ROS2/ars408_ws/install/pe_ars408_ros/share/pe_ars408_ros/package.zsh'
[8.256s] Level 1:colcon.colcon_core.environment:create_file_with_runtime_dependencies(/home/shen/learn/ROS2/ars408_ws/install/pe_ars408_ros/share/colcon-core/packages/pe_ars408_ros)
[8.256s] DEBUG:colcon.colcon_parallel_executor.executor.parallel:closing loop
[8.257s] DEBUG:colcon.colcon_parallel_executor.executor.parallel:loop closed
[8.257s] DEBUG:colcon.colcon_parallel_executor.executor.parallel:run_until_complete finished with '0'
[8.257s] DEBUG:colcon.colcon_core.event_reactor:joining thread
[8.275s] INFO:colcon.colcon_core.plugin_system:Skipping extension 'colcon_notification.desktop_notification.terminal_notifier': Not used on non-Darwin systems
[8.275s] INFO:colcon.colcon_core.plugin_system:Skipping extension 'colcon_notification.desktop_notification.win32': Not used on non-Windows systems
[8.275s] INFO:colcon.colcon_notification.desktop_notification:Sending desktop notification using 'notify2'
[8.290s] DEBUG:colcon.colcon_core.event_reactor:joined thread
[8.302s] INFO:colcon.colcon_core.shell:Creating prefix script '/home/shen/learn/ROS2/ars408_ws/install/local_setup.ps1'
[8.303s] INFO:colcon.colcon_core.shell:Creating prefix util module '/home/shen/learn/ROS2/ars408_ws/install/_local_setup_util_ps1.py'
[8.304s] INFO:colcon.colcon_core.shell:Creating prefix chain script '/home/shen/learn/ROS2/ars408_ws/install/setup.ps1'
[8.317s] INFO:colcon.colcon_core.shell:Creating prefix script '/home/shen/learn/ROS2/ars408_ws/install/local_setup.sh'
[8.317s] INFO:colcon.colcon_core.shell:Creating prefix util module '/home/shen/learn/ROS2/ars408_ws/install/_local_setup_util_sh.py'
[8.317s] INFO:colcon.colcon_core.shell:Creating prefix chain script '/home/shen/learn/ROS2/ars408_ws/install/setup.sh'
[8.336s] INFO:colcon.colcon_core.shell:Creating prefix script '/home/shen/learn/ROS2/ars408_ws/install/local_setup.bash'
[8.337s] INFO:colcon.colcon_core.shell:Creating prefix chain script '/home/shen/learn/ROS2/ars408_ws/install/setup.bash'
[8.349s] INFO:colcon.colcon_core.shell:Creating prefix script '/home/shen/learn/ROS2/ars408_ws/install/local_setup.zsh'
[8.350s] INFO:colcon.colcon_core.shell:Creating prefix chain script '/home/shen/learn/ROS2/ars408_ws/install/setup.zsh'
