[0.824s] DEBUG:colcon:Command line arguments: ['/usr/bin/colcon', 'build']
[0.825s] DEBUG:colcon:Parsed command line arguments: Namespace(log_base=None, log_level=None, verb_name='build', build_base='build', install_base='install', merge_install=False, symlink_install=False, test_result_base=None, continue_on_error=False, executor='parallel', parallel_workers=16, event_handlers=None, ignore_user_meta=False, metas=['./colcon.meta'], base_paths=['.'], packages_ignore=None, packages_ignore_regex=None, paths=None, packages_up_to=None, packages_up_to_regex=None, packages_above=None, packages_above_and_dependencies=None, packages_above_depth=None, packages_select_by_dep=None, packages_skip_by_dep=None, packages_skip_up_to=None, packages_select_build_failed=False, packages_skip_build_finished=False, packages_select_test_failures=False, packages_skip_test_passed=False, packages_select=None, packages_skip=None, packages_select_regex=None, packages_skip_regex=None, packages_start=None, packages_end=None, allow_overriding=[], cmake_args=None, cmake_target=None, cmake_target_skip_unavailable=False, cmake_clean_cache=False, cmake_clean_first=False, cmake_force_configure=False, ament_cmake_args=None, catkin_cmake_args=None, catkin_skip_building_tests=False, verb_parser=<colcon_defaults.argument_parser.defaults.DefaultArgumentsDecorator object at 0x78487326a3b0>, verb_extension=<colcon_core.verb.build.BuildVerb object at 0x7848743d7f40>, main=<bound method BuildVerb.main of <colcon_core.verb.build.BuildVerb object at 0x7848743d7f40>>)
[0.862s] Level 1:colcon.colcon_core.package_discovery:discover_packages(colcon_meta) check parameters
[0.862s] Level 1:colcon.colcon_core.package_discovery:discover_packages(recursive) check parameters
[0.862s] Level 1:colcon.colcon_core.package_discovery:discover_packages(ignore) check parameters
[0.862s] Level 1:colcon.colcon_core.package_discovery:discover_packages(path) check parameters
[0.862s] Level 1:colcon.colcon_core.package_discovery:discover_packages(colcon_meta) discover
[0.862s] Level 1:colcon.colcon_core.package_discovery:discover_packages(recursive) discover
[0.862s] INFO:colcon.colcon_core.package_discovery:Crawling recursively for packages in '/home/shen/learn/ROS2/visualizer_ws'
[0.862s] Level 1:colcon.colcon_core.package_identification:_identify(.) by extensions ['ignore', 'ignore_ament_install']
[0.862s] Level 1:colcon.colcon_core.package_identification:_identify(.) by extension 'ignore'
[0.863s] Level 1:colcon.colcon_core.package_identification:_identify(.) by extension 'ignore_ament_install'
[0.863s] Level 1:colcon.colcon_core.package_identification:_identify(.) by extensions ['colcon_pkg']
[0.863s] Level 1:colcon.colcon_core.package_identification:_identify(.) by extension 'colcon_pkg'
[0.863s] Level 1:colcon.colcon_core.package_identification:_identify(.) by extensions ['colcon_meta']
[0.863s] Level 1:colcon.colcon_core.package_identification:_identify(.) by extension 'colcon_meta'
[0.863s] Level 1:colcon.colcon_core.package_identification:_identify(.) by extensions ['ros']
[0.863s] Level 1:colcon.colcon_core.package_identification:_identify(.) by extension 'ros'
[0.872s] Level 1:colcon.colcon_core.package_identification:_identify(.) by extensions ['cmake', 'python']
[0.872s] Level 1:colcon.colcon_core.package_identification:_identify(.) by extension 'cmake'
[0.872s] Level 1:colcon.colcon_core.package_identification:_identify(.) by extension 'python'
[0.872s] Level 1:colcon.colcon_core.package_identification:_identify(.) by extensions ['python_setup_py']
[0.872s] Level 1:colcon.colcon_core.package_identification:_identify(.) by extension 'python_setup_py'
[0.872s] Level 1:colcon.colcon_core.package_identification:_identify(build) by extensions ['ignore', 'ignore_ament_install']
[0.872s] Level 1:colcon.colcon_core.package_identification:_identify(build) by extension 'ignore'
[0.872s] Level 1:colcon.colcon_core.package_identification:_identify(build) ignored
[0.872s] Level 1:colcon.colcon_core.package_identification:_identify(install) by extensions ['ignore', 'ignore_ament_install']
[0.872s] Level 1:colcon.colcon_core.package_identification:_identify(install) by extension 'ignore'
[0.872s] Level 1:colcon.colcon_core.package_identification:_identify(install) ignored
[0.872s] Level 1:colcon.colcon_core.package_identification:_identify(log) by extensions ['ignore', 'ignore_ament_install']
[0.872s] Level 1:colcon.colcon_core.package_identification:_identify(log) by extension 'ignore'
[0.872s] Level 1:colcon.colcon_core.package_identification:_identify(log) ignored
[0.873s] Level 1:colcon.colcon_core.package_identification:_identify(src) by extensions ['ignore', 'ignore_ament_install']
[0.873s] Level 1:colcon.colcon_core.package_identification:_identify(src) by extension 'ignore'
[0.873s] Level 1:colcon.colcon_core.package_identification:_identify(src) by extension 'ignore_ament_install'
[0.873s] Level 1:colcon.colcon_core.package_identification:_identify(src) by extensions ['colcon_pkg']
[0.873s] Level 1:colcon.colcon_core.package_identification:_identify(src) by extension 'colcon_pkg'
[0.873s] Level 1:colcon.colcon_core.package_identification:_identify(src) by extensions ['colcon_meta']
[0.873s] Level 1:colcon.colcon_core.package_identification:_identify(src) by extension 'colcon_meta'
[0.873s] Level 1:colcon.colcon_core.package_identification:_identify(src) by extensions ['ros']
[0.873s] Level 1:colcon.colcon_core.package_identification:_identify(src) by extension 'ros'
[0.873s] Level 1:colcon.colcon_core.package_identification:_identify(src) by extensions ['cmake', 'python']
[0.873s] Level 1:colcon.colcon_core.package_identification:_identify(src) by extension 'cmake'
[0.873s] Level 1:colcon.colcon_core.package_identification:_identify(src) by extension 'python'
[0.873s] Level 1:colcon.colcon_core.package_identification:_identify(src) by extensions ['python_setup_py']
[0.873s] Level 1:colcon.colcon_core.package_identification:_identify(src) by extension 'python_setup_py'
[0.873s] Level 1:colcon.colcon_core.package_identification:_identify(src/radar_visualizer) by extensions ['ignore', 'ignore_ament_install']
[0.873s] Level 1:colcon.colcon_core.package_identification:_identify(src/radar_visualizer) by extension 'ignore'
[0.873s] Level 1:colcon.colcon_core.package_identification:_identify(src/radar_visualizer) by extension 'ignore_ament_install'
[0.873s] Level 1:colcon.colcon_core.package_identification:_identify(src/radar_visualizer) by extensions ['colcon_pkg']
[0.873s] Level 1:colcon.colcon_core.package_identification:_identify(src/radar_visualizer) by extension 'colcon_pkg'
[0.873s] Level 1:colcon.colcon_core.package_identification:_identify(src/radar_visualizer) by extensions ['colcon_meta']
[0.873s] Level 1:colcon.colcon_core.package_identification:_identify(src/radar_visualizer) by extension 'colcon_meta'
[0.873s] Level 1:colcon.colcon_core.package_identification:_identify(src/radar_visualizer) by extensions ['ros']
[0.873s] Level 1:colcon.colcon_core.package_identification:_identify(src/radar_visualizer) by extension 'ros'
[0.876s] DEBUG:colcon.colcon_core.package_identification:Package 'src/radar_visualizer' with type 'ros.ament_cmake' and name 'radar_visualizer'
[0.876s] Level 1:colcon.colcon_core.package_discovery:discover_packages(recursive) using defaults
[0.876s] Level 1:colcon.colcon_core.package_discovery:discover_packages(ignore) discover
[0.876s] Level 1:colcon.colcon_core.package_discovery:discover_packages(ignore) using defaults
[0.876s] Level 1:colcon.colcon_core.package_discovery:discover_packages(path) discover
[0.876s] Level 1:colcon.colcon_core.package_discovery:discover_packages(path) using defaults
[0.951s] Level 1:colcon.colcon_core.package_discovery:discover_packages(prefix_path) check parameters
[0.951s] Level 1:colcon.colcon_core.package_discovery:discover_packages(prefix_path) discover
[0.977s] DEBUG:colcon.colcon_installed_package_information.package_discovery:Found 344 installed packages in /opt/ros/humble
[0.978s] Level 1:colcon.colcon_core.package_discovery:discover_packages(prefix_path) using defaults
[1.067s] Level 5:colcon.colcon_core.verb:set package 'radar_visualizer' build argument 'cmake_args' from command line to 'None'
[1.067s] Level 5:colcon.colcon_core.verb:set package 'radar_visualizer' build argument 'cmake_target' from command line to 'None'
[1.067s] Level 5:colcon.colcon_core.verb:set package 'radar_visualizer' build argument 'cmake_target_skip_unavailable' from command line to 'False'
[1.067s] Level 5:colcon.colcon_core.verb:set package 'radar_visualizer' build argument 'cmake_clean_cache' from command line to 'False'
[1.067s] Level 5:colcon.colcon_core.verb:set package 'radar_visualizer' build argument 'cmake_clean_first' from command line to 'False'
[1.067s] Level 5:colcon.colcon_core.verb:set package 'radar_visualizer' build argument 'cmake_force_configure' from command line to 'False'
[1.067s] Level 5:colcon.colcon_core.verb:set package 'radar_visualizer' build argument 'ament_cmake_args' from command line to 'None'
[1.067s] Level 5:colcon.colcon_core.verb:set package 'radar_visualizer' build argument 'catkin_cmake_args' from command line to 'None'
[1.067s] Level 5:colcon.colcon_core.verb:set package 'radar_visualizer' build argument 'catkin_skip_building_tests' from command line to 'False'
[1.067s] DEBUG:colcon.colcon_core.verb:Building package 'radar_visualizer' with the following arguments: {'ament_cmake_args': None, 'build_base': '/home/shen/learn/ROS2/visualizer_ws/build/radar_visualizer', 'catkin_cmake_args': None, 'catkin_skip_building_tests': False, 'cmake_args': None, 'cmake_clean_cache': False, 'cmake_clean_first': False, 'cmake_force_configure': False, 'cmake_target': None, 'cmake_target_skip_unavailable': False, 'install_base': '/home/shen/learn/ROS2/visualizer_ws/install/radar_visualizer', 'merge_install': False, 'path': '/home/shen/learn/ROS2/visualizer_ws/src/radar_visualizer', 'symlink_install': False, 'test_result_base': None}
[1.079s] INFO:colcon.colcon_core.executor:Executing jobs using 'parallel' executor
[1.092s] DEBUG:colcon.colcon_parallel_executor.executor.parallel:run_until_complete
[1.092s] INFO:colcon.colcon_ros.task.ament_cmake.build:Building ROS package in '/home/shen/learn/ROS2/visualizer_ws/src/radar_visualizer' with build type 'ament_cmake'
[1.092s] INFO:colcon.colcon_cmake.task.cmake.build:Building CMake package in '/home/shen/learn/ROS2/visualizer_ws/src/radar_visualizer'
[1.106s] INFO:colcon.colcon_core.plugin_system:Skipping extension 'colcon_core.shell.bat': Not used on non-Windows systems
[1.106s] INFO:colcon.colcon_core.shell:Skip shell extension 'powershell' for command environment: Not usable outside of PowerShell
[1.106s] DEBUG:colcon.colcon_core.shell:Skip shell extension 'dsv' for command environment
[1.151s] DEBUG:colcon.colcon_core.event_handler.log_command:Invoking command in '/home/shen/learn/ROS2/visualizer_ws/build/radar_visualizer': CMAKE_PREFIX_PATH=/opt/ros/humble /usr/bin/cmake --build /home/shen/learn/ROS2/visualizer_ws/build/radar_visualizer -- -j16 -l16
[8.525s] DEBUG:colcon.colcon_core.event_handler.log_command:Invoked command in '/home/shen/learn/ROS2/visualizer_ws/build/radar_visualizer' returned '0': CMAKE_PREFIX_PATH=/opt/ros/humble /usr/bin/cmake --build /home/shen/learn/ROS2/visualizer_ws/build/radar_visualizer -- -j16 -l16
[8.586s] DEBUG:colcon.colcon_core.event_handler.log_command:Invoking command in '/home/shen/learn/ROS2/visualizer_ws/build/radar_visualizer': CMAKE_PREFIX_PATH=/opt/ros/humble /usr/bin/cmake --install /home/shen/learn/ROS2/visualizer_ws/build/radar_visualizer
[8.629s] Level 1:colcon.colcon_core.environment:create_environment_scripts_only(radar_visualizer)
[8.630s] DEBUG:colcon.colcon_core.event_handler.log_command:Invoked command in '/home/shen/learn/ROS2/visualizer_ws/build/radar_visualizer' returned '0': CMAKE_PREFIX_PATH=/opt/ros/humble /usr/bin/cmake --install /home/shen/learn/ROS2/visualizer_ws/build/radar_visualizer
[8.667s] Level 1:colcon.colcon_core.environment:checking '/home/shen/learn/ROS2/visualizer_ws/install/radar_visualizer' for CMake module files
[8.668s] Level 1:colcon.colcon_core.environment:checking '/home/shen/learn/ROS2/visualizer_ws/install/radar_visualizer' for CMake config files
[8.669s] Level 1:colcon.colcon_core.shell:create_environment_hook('radar_visualizer', 'cmake_prefix_path')
[8.700s] INFO:colcon.colcon_core.shell:Creating environment hook '/home/shen/learn/ROS2/visualizer_ws/install/radar_visualizer/share/radar_visualizer/hook/cmake_prefix_path.ps1'
[8.703s] INFO:colcon.colcon_core.shell:Creating environment descriptor '/home/shen/learn/ROS2/visualizer_ws/install/radar_visualizer/share/radar_visualizer/hook/cmake_prefix_path.dsv'
[8.704s] INFO:colcon.colcon_core.shell:Creating environment hook '/home/shen/learn/ROS2/visualizer_ws/install/radar_visualizer/share/radar_visualizer/hook/cmake_prefix_path.sh'
[8.705s] Level 1:colcon.colcon_core.environment:checking '/home/shen/learn/ROS2/visualizer_ws/install/radar_visualizer/lib'
[8.706s] Level 1:colcon.colcon_core.environment:checking '/home/shen/learn/ROS2/visualizer_ws/install/radar_visualizer/bin'
[8.706s] Level 1:colcon.colcon_core.environment:checking '/home/shen/learn/ROS2/visualizer_ws/install/radar_visualizer/lib/pkgconfig/radar_visualizer.pc'
[8.706s] Level 1:colcon.colcon_core.environment:checking '/home/shen/learn/ROS2/visualizer_ws/install/radar_visualizer/lib/python3.10/site-packages'
[8.707s] Level 1:colcon.colcon_core.environment:checking '/home/shen/learn/ROS2/visualizer_ws/install/radar_visualizer/bin'
[8.726s] INFO:colcon.colcon_core.shell:Creating package script '/home/shen/learn/ROS2/visualizer_ws/install/radar_visualizer/share/radar_visualizer/package.ps1'
[8.727s] INFO:colcon.colcon_core.shell:Creating package descriptor '/home/shen/learn/ROS2/visualizer_ws/install/radar_visualizer/share/radar_visualizer/package.dsv'
[8.727s] INFO:colcon.colcon_core.shell:Creating package script '/home/shen/learn/ROS2/visualizer_ws/install/radar_visualizer/share/radar_visualizer/package.sh'
[8.728s] INFO:colcon.colcon_core.shell:Creating package script '/home/shen/learn/ROS2/visualizer_ws/install/radar_visualizer/share/radar_visualizer/package.bash'
[8.729s] INFO:colcon.colcon_core.shell:Creating package script '/home/shen/learn/ROS2/visualizer_ws/install/radar_visualizer/share/radar_visualizer/package.zsh'
[8.729s] Level 1:colcon.colcon_core.environment:create_file_with_runtime_dependencies(/home/shen/learn/ROS2/visualizer_ws/install/radar_visualizer/share/colcon-core/packages/radar_visualizer)
[8.779s] Level 1:colcon.colcon_core.environment:create_environment_scripts_only(radar_visualizer)
[8.792s] Level 1:colcon.colcon_core.environment:checking '/home/shen/learn/ROS2/visualizer_ws/install/radar_visualizer' for CMake module files
[8.792s] Level 1:colcon.colcon_core.environment:checking '/home/shen/learn/ROS2/visualizer_ws/install/radar_visualizer' for CMake config files
[8.792s] Level 1:colcon.colcon_core.shell:create_environment_hook('radar_visualizer', 'cmake_prefix_path')
[8.805s] INFO:colcon.colcon_core.shell:Creating environment hook '/home/shen/learn/ROS2/visualizer_ws/install/radar_visualizer/share/radar_visualizer/hook/cmake_prefix_path.ps1'
[8.805s] INFO:colcon.colcon_core.shell:Creating environment descriptor '/home/shen/learn/ROS2/visualizer_ws/install/radar_visualizer/share/radar_visualizer/hook/cmake_prefix_path.dsv'
[8.805s] INFO:colcon.colcon_core.shell:Creating environment hook '/home/shen/learn/ROS2/visualizer_ws/install/radar_visualizer/share/radar_visualizer/hook/cmake_prefix_path.sh'
[8.806s] Level 1:colcon.colcon_core.environment:checking '/home/shen/learn/ROS2/visualizer_ws/install/radar_visualizer/lib'
[8.806s] Level 1:colcon.colcon_core.environment:checking '/home/shen/learn/ROS2/visualizer_ws/install/radar_visualizer/bin'
[8.806s] Level 1:colcon.colcon_core.environment:checking '/home/shen/learn/ROS2/visualizer_ws/install/radar_visualizer/lib/pkgconfig/radar_visualizer.pc'
[8.806s] Level 1:colcon.colcon_core.environment:checking '/home/shen/learn/ROS2/visualizer_ws/install/radar_visualizer/lib/python3.10/site-packages'
[8.806s] Level 1:colcon.colcon_core.environment:checking '/home/shen/learn/ROS2/visualizer_ws/install/radar_visualizer/bin'
[8.819s] INFO:colcon.colcon_core.shell:Creating package script '/home/shen/learn/ROS2/visualizer_ws/install/radar_visualizer/share/radar_visualizer/package.ps1'
[8.820s] INFO:colcon.colcon_core.shell:Creating package descriptor '/home/shen/learn/ROS2/visualizer_ws/install/radar_visualizer/share/radar_visualizer/package.dsv'
[8.820s] INFO:colcon.colcon_core.shell:Creating package script '/home/shen/learn/ROS2/visualizer_ws/install/radar_visualizer/share/radar_visualizer/package.sh'
[8.821s] INFO:colcon.colcon_core.shell:Creating package script '/home/shen/learn/ROS2/visualizer_ws/install/radar_visualizer/share/radar_visualizer/package.bash'
[8.821s] INFO:colcon.colcon_core.shell:Creating package script '/home/shen/learn/ROS2/visualizer_ws/install/radar_visualizer/share/radar_visualizer/package.zsh'
[8.822s] Level 1:colcon.colcon_core.environment:create_file_with_runtime_dependencies(/home/shen/learn/ROS2/visualizer_ws/install/radar_visualizer/share/colcon-core/packages/radar_visualizer)
[8.822s] DEBUG:colcon.colcon_parallel_executor.executor.parallel:closing loop
[8.822s] DEBUG:colcon.colcon_parallel_executor.executor.parallel:loop closed
[8.823s] DEBUG:colcon.colcon_parallel_executor.executor.parallel:run_until_complete finished with '0'
[8.823s] DEBUG:colcon.colcon_core.event_reactor:joining thread
[8.841s] INFO:colcon.colcon_core.plugin_system:Skipping extension 'colcon_notification.desktop_notification.terminal_notifier': Not used on non-Darwin systems
[8.841s] INFO:colcon.colcon_core.plugin_system:Skipping extension 'colcon_notification.desktop_notification.win32': Not used on non-Windows systems
[8.841s] INFO:colcon.colcon_notification.desktop_notification:Sending desktop notification using 'notify2'
[8.857s] DEBUG:colcon.colcon_core.event_reactor:joined thread
[8.869s] INFO:colcon.colcon_core.shell:Creating prefix script '/home/shen/learn/ROS2/visualizer_ws/install/local_setup.ps1'
[8.870s] INFO:colcon.colcon_core.shell:Creating prefix util module '/home/shen/learn/ROS2/visualizer_ws/install/_local_setup_util_ps1.py'
[8.871s] INFO:colcon.colcon_core.shell:Creating prefix chain script '/home/shen/learn/ROS2/visualizer_ws/install/setup.ps1'
[8.884s] INFO:colcon.colcon_core.shell:Creating prefix script '/home/shen/learn/ROS2/visualizer_ws/install/local_setup.sh'
[8.885s] INFO:colcon.colcon_core.shell:Creating prefix util module '/home/shen/learn/ROS2/visualizer_ws/install/_local_setup_util_sh.py'
[8.885s] INFO:colcon.colcon_core.shell:Creating prefix chain script '/home/shen/learn/ROS2/visualizer_ws/install/setup.sh'
[8.898s] INFO:colcon.colcon_core.shell:Creating prefix script '/home/shen/learn/ROS2/visualizer_ws/install/local_setup.bash'
[8.898s] INFO:colcon.colcon_core.shell:Creating prefix chain script '/home/shen/learn/ROS2/visualizer_ws/install/setup.bash'
[8.912s] INFO:colcon.colcon_core.shell:Creating prefix script '/home/shen/learn/ROS2/visualizer_ws/install/local_setup.zsh'
[8.913s] INFO:colcon.colcon_core.shell:Creating prefix chain script '/home/shen/learn/ROS2/visualizer_ws/install/setup.zsh'
