[0.061s] Invoking command in '/home/shen/learn/ROS2/ars408_ws/build/ros2_socketcan': CMAKE_PREFIX_PATH=/home/shen/learn/ROS2/ars408_ws/install/ros2_socketcan_msgs:/home/shen/learn/ROS2/ars408_ws/install/pe_ars408_ros:/home/shen/learn/ROS2/ars408_ws/install/ros2_socketcan:/opt/ros/humble LD_LIBRARY_PATH=/home/shen/learn/ROS2/ars408_ws/install/ros2_socketcan_msgs/lib:/home/shen/learn/ROS2/ars408_ws/install/pe_ars408_ros/lib:/home/shen/learn/ROS2/ars408_ws/install/ros2_socketcan/lib:/usr/lib/x86_64-linux-gnu/gazebo-11/plugins:/opt/ros/humble/opt/rviz_ogre_vendor/lib:/opt/ros/humble/lib/x86_64-linux-gnu:/opt/ros/humble/lib /usr/bin/cmake --build /home/shen/learn/ROS2/ars408_ws/build/ros2_socketcan -- -j16 -l16
[0.131s] [  9%] Built target gtest
[0.135s] [ 19%] Built target socket_can_receiver_node_exe
[0.139s] [ 28%] Built target socket_can_sender_node_exe
[0.140s] [ 38%] Built target gtest_main
[0.142s] [ 61%] Built target ros2_socketcan
[0.171s] [ 66%] [32mBuilding CXX object CMakeFiles/socket_can_receiver_node.dir/src/socket_can_receiver_node.cpp.o[0m
[0.178s] [ 85%] Built target ros2_socketcan_test
[4.201s] [ 90%] [32m[1mLinking CXX shared library libsocket_can_receiver_node.so[0m
[4.476s] [ 90%] Built target socket_can_receiver_node
[4.526s] [ 95%] [32m[1mLinking CXX shared library libsocket_can_sender_node.so[0m
[5.261s] [100%] Built target socket_can_sender_node
[5.287s] Invoked command in '/home/shen/learn/ROS2/ars408_ws/build/ros2_socketcan' returned '0': CMAKE_PREFIX_PATH=/home/shen/learn/ROS2/ars408_ws/install/ros2_socketcan_msgs:/home/shen/learn/ROS2/ars408_ws/install/pe_ars408_ros:/home/shen/learn/ROS2/ars408_ws/install/ros2_socketcan:/opt/ros/humble LD_LIBRARY_PATH=/home/shen/learn/ROS2/ars408_ws/install/ros2_socketcan_msgs/lib:/home/shen/learn/ROS2/ars408_ws/install/pe_ars408_ros/lib:/home/shen/learn/ROS2/ars408_ws/install/ros2_socketcan/lib:/usr/lib/x86_64-linux-gnu/gazebo-11/plugins:/opt/ros/humble/opt/rviz_ogre_vendor/lib:/opt/ros/humble/lib/x86_64-linux-gnu:/opt/ros/humble/lib /usr/bin/cmake --build /home/shen/learn/ROS2/ars408_ws/build/ros2_socketcan -- -j16 -l16
[5.396s] Invoking command in '/home/shen/learn/ROS2/ars408_ws/build/ros2_socketcan': CMAKE_PREFIX_PATH=/home/shen/learn/ROS2/ars408_ws/install/ros2_socketcan_msgs:/home/shen/learn/ROS2/ars408_ws/install/pe_ars408_ros:/home/shen/learn/ROS2/ars408_ws/install/ros2_socketcan:/opt/ros/humble LD_LIBRARY_PATH=/home/shen/learn/ROS2/ars408_ws/install/ros2_socketcan_msgs/lib:/home/shen/learn/ROS2/ars408_ws/install/pe_ars408_ros/lib:/home/shen/learn/ROS2/ars408_ws/install/ros2_socketcan/lib:/usr/lib/x86_64-linux-gnu/gazebo-11/plugins:/opt/ros/humble/opt/rviz_ogre_vendor/lib:/opt/ros/humble/lib/x86_64-linux-gnu:/opt/ros/humble/lib /usr/bin/cmake --install /home/shen/learn/ROS2/ars408_ws/build/ros2_socketcan
[5.413s] -- Install configuration: ""
[5.414s] -- Up-to-date: /home/shen/learn/ROS2/ars408_ws/install/ros2_socketcan/lib/ros2_socketcan/socket_can_receiver_node_exe
[5.415s] -- Up-to-date: /home/shen/learn/ROS2/ars408_ws/install/ros2_socketcan/lib/ros2_socketcan/socket_can_sender_node_exe
[5.415s] -- Up-to-date: /home/shen/learn/ROS2/ars408_ws/install/ros2_socketcan/include
[5.415s] -- Up-to-date: /home/shen/learn/ROS2/ars408_ws/install/ros2_socketcan/include/ros2_socketcan
[5.416s] -- Up-to-date: /home/shen/learn/ROS2/ars408_ws/install/ros2_socketcan/include/ros2_socketcan/visibility_control.hpp
[5.416s] -- Up-to-date: /home/shen/learn/ROS2/ars408_ws/install/ros2_socketcan/include/ros2_socketcan/socket_can_common.hpp
[5.416s] -- Up-to-date: /home/shen/learn/ROS2/ars408_ws/install/ros2_socketcan/include/ros2_socketcan/socket_can_sender.hpp
[5.416s] -- Up-to-date: /home/shen/learn/ROS2/ars408_ws/install/ros2_socketcan/include/ros2_socketcan/socket_can_id.hpp
[5.416s] -- Installing: /home/shen/learn/ROS2/ars408_ws/install/ros2_socketcan/include/ros2_socketcan/socket_can_receiver_node.hpp
[5.417s] -- Up-to-date: /home/shen/learn/ROS2/ars408_ws/install/ros2_socketcan/include/ros2_socketcan/socket_can_receiver.hpp
[5.417s] -- Up-to-date: /home/shen/learn/ROS2/ars408_ws/install/ros2_socketcan/include/ros2_socketcan/socket_can_sender_node.hpp
[5.417s] -- Up-to-date: /home/shen/learn/ROS2/ars408_ws/install/ros2_socketcan/share/ros2_socketcan/environment/library_path.sh
[5.417s] -- Up-to-date: /home/shen/learn/ROS2/ars408_ws/install/ros2_socketcan/share/ros2_socketcan/environment/library_path.dsv
[5.418s] -- Up-to-date: /home/shen/learn/ROS2/ars408_ws/install/ros2_socketcan/lib/libros2_socketcan.so
[5.426s] -- Installing: /home/shen/learn/ROS2/ars408_ws/install/ros2_socketcan/lib/libsocket_can_receiver_node.so
[5.444s] -- Set runtime path of "/home/shen/learn/ROS2/ars408_ws/install/ros2_socketcan/lib/libsocket_can_receiver_node.so" to ""
[5.445s] -- Installing: /home/shen/learn/ROS2/ars408_ws/install/ros2_socketcan/lib/libsocket_can_sender_node.so
[5.486s] -- Set runtime path of "/home/shen/learn/ROS2/ars408_ws/install/ros2_socketcan/lib/libsocket_can_sender_node.so" to ""
[5.487s] -- Up-to-date: /home/shen/learn/ROS2/ars408_ws/install/ros2_socketcan/share/ros2_socketcan/launch
[5.487s] -- Up-to-date: /home/shen/learn/ROS2/ars408_ws/install/ros2_socketcan/share/ros2_socketcan/launch/socket_can_bridge.launch.xml
[5.487s] -- Installing: /home/shen/learn/ROS2/ars408_ws/install/ros2_socketcan/share/ros2_socketcan/launch/socket_can_receiver.launch.py
[5.487s] -- Installing: /home/shen/learn/ROS2/ars408_ws/install/ros2_socketcan/share/ros2_socketcan/launch/socket_can_sender.launch.py
[5.487s] -- Up-to-date: /home/shen/learn/ROS2/ars408_ws/install/ros2_socketcan/share/ament_index/resource_index/package_run_dependencies/ros2_socketcan
[5.488s] -- Up-to-date: /home/shen/learn/ROS2/ars408_ws/install/ros2_socketcan/share/ament_index/resource_index/parent_prefix_path/ros2_socketcan
[5.488s] -- Up-to-date: /home/shen/learn/ROS2/ars408_ws/install/ros2_socketcan/share/ros2_socketcan/environment/ament_prefix_path.sh
[5.488s] -- Up-to-date: /home/shen/learn/ROS2/ars408_ws/install/ros2_socketcan/share/ros2_socketcan/environment/ament_prefix_path.dsv
[5.488s] -- Up-to-date: /home/shen/learn/ROS2/ars408_ws/install/ros2_socketcan/share/ros2_socketcan/environment/path.sh
[5.488s] -- Up-to-date: /home/shen/learn/ROS2/ars408_ws/install/ros2_socketcan/share/ros2_socketcan/environment/path.dsv
[5.488s] -- Up-to-date: /home/shen/learn/ROS2/ars408_ws/install/ros2_socketcan/share/ros2_socketcan/local_setup.bash
[5.489s] -- Up-to-date: /home/shen/learn/ROS2/ars408_ws/install/ros2_socketcan/share/ros2_socketcan/local_setup.sh
[5.489s] -- Up-to-date: /home/shen/learn/ROS2/ars408_ws/install/ros2_socketcan/share/ros2_socketcan/local_setup.zsh
[5.489s] -- Up-to-date: /home/shen/learn/ROS2/ars408_ws/install/ros2_socketcan/share/ros2_socketcan/local_setup.dsv
[5.489s] -- Installing: /home/shen/learn/ROS2/ars408_ws/install/ros2_socketcan/share/ros2_socketcan/package.dsv
[5.489s] -- Up-to-date: /home/shen/learn/ROS2/ars408_ws/install/ros2_socketcan/share/ament_index/resource_index/packages/ros2_socketcan
[5.489s] -- Up-to-date: /home/shen/learn/ROS2/ars408_ws/install/ros2_socketcan/share/ament_index/resource_index/rclcpp_components/ros2_socketcan
[5.490s] -- Up-to-date: /home/shen/learn/ROS2/ars408_ws/install/ros2_socketcan/share/ros2_socketcan/cmake/ament_cmake_export_dependencies-extras.cmake
[5.490s] -- Up-to-date: /home/shen/learn/ROS2/ars408_ws/install/ros2_socketcan/share/ros2_socketcan/cmake/ament_cmake_export_include_directories-extras.cmake
[5.490s] -- Up-to-date: /home/shen/learn/ROS2/ars408_ws/install/ros2_socketcan/share/ros2_socketcan/cmake/ament_cmake_export_libraries-extras.cmake
[5.490s] -- Up-to-date: /home/shen/learn/ROS2/ars408_ws/install/ros2_socketcan/share/ros2_socketcan/cmake/ros2_socketcanConfig.cmake
[5.491s] -- Up-to-date: /home/shen/learn/ROS2/ars408_ws/install/ros2_socketcan/share/ros2_socketcan/cmake/ros2_socketcanConfig-version.cmake
[5.491s] -- Up-to-date: /home/shen/learn/ROS2/ars408_ws/install/ros2_socketcan/share/ros2_socketcan/package.xml
[5.492s] Invoked command in '/home/shen/learn/ROS2/ars408_ws/build/ros2_socketcan' returned '0': CMAKE_PREFIX_PATH=/home/shen/learn/ROS2/ars408_ws/install/ros2_socketcan_msgs:/home/shen/learn/ROS2/ars408_ws/install/pe_ars408_ros:/home/shen/learn/ROS2/ars408_ws/install/ros2_socketcan:/opt/ros/humble LD_LIBRARY_PATH=/home/shen/learn/ROS2/ars408_ws/install/ros2_socketcan_msgs/lib:/home/shen/learn/ROS2/ars408_ws/install/pe_ars408_ros/lib:/home/shen/learn/ROS2/ars408_ws/install/ros2_socketcan/lib:/usr/lib/x86_64-linux-gnu/gazebo-11/plugins:/opt/ros/humble/opt/rviz_ogre_vendor/lib:/opt/ros/humble/lib/x86_64-linux-gnu:/opt/ros/humble/lib /usr/bin/cmake --install /home/shen/learn/ROS2/ars408_ws/build/ros2_socketcan
