[0.051s] Invoking command in '/home/shen/learn/ROS2/build/my_record_utils': CMAKE_PREFIX_PATH=/opt/ros/humble /usr/bin/cmake --build /home/shen/learn/ROS2/build/my_record_utils -- -j16 -l16
[0.115s] [35m[1mConsolidate compiler generated dependencies of target topic_recorder[0m
[0.161s] [ 50%] [32mBuilding CXX object CMakeFiles/topic_recorder.dir/src/topic_recorder.cpp.o[0m
[7.227s] [100%] [32m[1mLinking CXX executable topic_recorder[0m
[7.709s] [100%] Built target topic_recorder
[7.728s] Invoked command in '/home/shen/learn/ROS2/build/my_record_utils' returned '0': CMAKE_PREFIX_PATH=/opt/ros/humble /usr/bin/cmake --build /home/shen/learn/ROS2/build/my_record_utils -- -j16 -l16
[7.790s] Invoking command in '/home/shen/learn/ROS2/build/my_record_utils': CMAKE_PREFIX_PATH=/opt/ros/humble /usr/bin/cmake --install /home/shen/learn/ROS2/build/my_record_utils
[7.796s] -- Install configuration: ""
[7.796s] -- Installing: /home/shen/learn/ROS2/install/my_record_utils/lib/my_record_utils/topic_recorder
[7.801s] -- Set runtime path of "/home/shen/learn/ROS2/install/my_record_utils/lib/my_record_utils/topic_recorder" to ""
[7.801s] -- Installing: /home/shen/learn/ROS2/install/my_record_utils/share/my_record_utils/launch
[7.801s] -- Installing: /home/shen/learn/ROS2/install/my_record_utils/share/my_record_utils/launch/recorder.launch.py
[7.802s] -- Installing: /home/shen/learn/ROS2/install/my_record_utils/share/my_record_utils/config
[7.802s] -- Installing: /home/shen/learn/ROS2/install/my_record_utils/share/my_record_utils/config/config.yaml
[7.802s] -- Installing: /home/shen/learn/ROS2/install/my_record_utils/share/ament_index/resource_index/package_run_dependencies/my_record_utils
[7.803s] -- Installing: /home/shen/learn/ROS2/install/my_record_utils/share/ament_index/resource_index/parent_prefix_path/my_record_utils
[7.803s] -- Installing: /home/shen/learn/ROS2/install/my_record_utils/share/my_record_utils/environment/ament_prefix_path.sh
[7.803s] -- Installing: /home/shen/learn/ROS2/install/my_record_utils/share/my_record_utils/environment/ament_prefix_path.dsv
[7.803s] -- Installing: /home/shen/learn/ROS2/install/my_record_utils/share/my_record_utils/environment/path.sh
[7.803s] -- Installing: /home/shen/learn/ROS2/install/my_record_utils/share/my_record_utils/environment/path.dsv
[7.804s] -- Installing: /home/shen/learn/ROS2/install/my_record_utils/share/my_record_utils/local_setup.bash
[7.804s] -- Installing: /home/shen/learn/ROS2/install/my_record_utils/share/my_record_utils/local_setup.sh
[7.804s] -- Installing: /home/shen/learn/ROS2/install/my_record_utils/share/my_record_utils/local_setup.zsh
[7.805s] -- Installing: /home/shen/learn/ROS2/install/my_record_utils/share/my_record_utils/local_setup.dsv
[7.805s] -- Installing: /home/shen/learn/ROS2/install/my_record_utils/share/my_record_utils/package.dsv
[7.805s] -- Installing: /home/shen/learn/ROS2/install/my_record_utils/share/ament_index/resource_index/packages/my_record_utils
[7.805s] -- Installing: /home/shen/learn/ROS2/install/my_record_utils/share/my_record_utils/cmake/my_record_utilsConfig.cmake
[7.805s] -- Installing: /home/shen/learn/ROS2/install/my_record_utils/share/my_record_utils/cmake/my_record_utilsConfig-version.cmake
[7.806s] -- Installing: /home/shen/learn/ROS2/install/my_record_utils/share/my_record_utils/package.xml
[7.808s] Invoked command in '/home/shen/learn/ROS2/build/my_record_utils' returned '0': CMAKE_PREFIX_PATH=/opt/ros/humble /usr/bin/cmake --install /home/shen/learn/ROS2/build/my_record_utils
