[35m[1mConsolidate compiler generated dependencies of target enet_sender_node[0m
[ 50%] [32mBuilding CXX object CMakeFiles/enet_sender_node.dir/src/enet_sender.cpp.o[0m
[01m[K/home/shen/learn/ROS2/enet_driver_ws/src/enet_sender_node/src/enet_sender.cpp:[m[K In function ‘[01m[Kvoid* msg_loop(void*)[m[K’:
[01m[K/home/shen/learn/ROS2/enet_driver_ws/src/enet_sender_node/src/enet_sender.cpp:20:45:[m[K [01;35m[Kwarning: [m[Kformat ‘[01m[K%u[m[K’ expects argument of type ‘[01m[Kunsigned int[m[K’, but argument 2 has type ‘[01m[Ksize_t[m[K’ {aka ‘[01m[Klong unsigned int[m[K’} [[01;35m[K]8;;https://gcc.gnu.org/onlinedocs/gcc/Warning-Options.html#index-Wformat=-Wformat=]8;;[m[K]
   20 |                 printf("A packet of length [01;35m[K%u[m[K containing %s was received from %x:%u on channel %u.\n",
      |                                            [01;35m[K~^[m[K
      |                                             [01;35m[K|[m[K
      |                                             [01;35m[Kunsigned int[m[K
      |                                            [32m[K%lu[m[K
   21 |                     [32m[Kevent.packet->dataLength[m[K,
      |                     [32m[K~~~~~~~~~~~~~~~~~~~~~~~~[m[K 
      |                                   [32m[K|[m[K
      |                                   [32m[Ksize_t {aka long unsigned int}[m[K
[01m[K/home/shen/learn/ROS2/enet_driver_ws/src/enet_sender_node/src/enet_sender.cpp:[m[K In member function ‘[01m[Kvoid EnetSender::send_packet(ENetPeer*, uint8_t*, size_t)[m[K’:
[01m[K/home/shen/learn/ROS2/enet_driver_ws/src/enet_sender_node/src/enet_sender.cpp:125:32:[m[K [01;35m[Kwarning: [m[Kunused parameter ‘[01m[Kpeer[m[K’ [[01;35m[K]8;;https://gcc.gnu.org/onlinedocs/gcc/Warning-Options.html#index-Wunused-parameter-Wunused-parameter]8;;[m[K]
  125 |     void send_packet([01;35m[KENetPeer *peer[m[K, uint8_t *data, size_t length) {
      |                      [01;35m[K~~~~~~~~~~^~~~[m[K
[100%] [32m[1mLinking CXX executable enet_sender_node[0m
[100%] Built target enet_sender_node
-- Install configuration: ""
-- Installing: /home/shen/learn/ROS2/enet_driver_ws/install/enet_sender_node/lib/enet_sender_node/enet_sender_node
-- Set runtime path of "/home/shen/learn/ROS2/enet_driver_ws/install/enet_sender_node/lib/enet_sender_node/enet_sender_node" to ""
-- Up-to-date: /home/shen/learn/ROS2/enet_driver_ws/install/enet_sender_node/share/ament_index/resource_index/package_run_dependencies/enet_sender_node
-- Up-to-date: /home/shen/learn/ROS2/enet_driver_ws/install/enet_sender_node/share/ament_index/resource_index/parent_prefix_path/enet_sender_node
-- Up-to-date: /home/shen/learn/ROS2/enet_driver_ws/install/enet_sender_node/share/enet_sender_node/environment/ament_prefix_path.sh
-- Up-to-date: /home/shen/learn/ROS2/enet_driver_ws/install/enet_sender_node/share/enet_sender_node/environment/ament_prefix_path.dsv
-- Up-to-date: /home/shen/learn/ROS2/enet_driver_ws/install/enet_sender_node/share/enet_sender_node/environment/path.sh
-- Up-to-date: /home/shen/learn/ROS2/enet_driver_ws/install/enet_sender_node/share/enet_sender_node/environment/path.dsv
-- Up-to-date: /home/shen/learn/ROS2/enet_driver_ws/install/enet_sender_node/share/enet_sender_node/local_setup.bash
-- Up-to-date: /home/shen/learn/ROS2/enet_driver_ws/install/enet_sender_node/share/enet_sender_node/local_setup.sh
-- Up-to-date: /home/shen/learn/ROS2/enet_driver_ws/install/enet_sender_node/share/enet_sender_node/local_setup.zsh
-- Up-to-date: /home/shen/learn/ROS2/enet_driver_ws/install/enet_sender_node/share/enet_sender_node/local_setup.dsv
-- Installing: /home/shen/learn/ROS2/enet_driver_ws/install/enet_sender_node/share/enet_sender_node/package.dsv
-- Up-to-date: /home/shen/learn/ROS2/enet_driver_ws/install/enet_sender_node/share/ament_index/resource_index/packages/enet_sender_node
-- Up-to-date: /home/shen/learn/ROS2/enet_driver_ws/install/enet_sender_node/share/enet_sender_node/cmake/enet_sender_nodeConfig.cmake
-- Up-to-date: /home/shen/learn/ROS2/enet_driver_ws/install/enet_sender_node/share/enet_sender_node/cmake/enet_sender_nodeConfig-version.cmake
-- Up-to-date: /home/shen/learn/ROS2/enet_driver_ws/install/enet_sender_node/share/enet_sender_node/package.xml
