-- Found ament_cmake: 1.3.6 (/opt/ros/humble/share/ament_cmake/cmake)
-- Found rclcpp: 16.0.7 (/opt/ros/humble/share/rclcpp/cmake)
-- Found rosidl_generator_c: 3.1.5 (/opt/ros/humble/share/rosidl_generator_c/cmake)
-- Found rosidl_adapter: 3.1.5 (/opt/ros/humble/share/rosidl_adapter/cmake)
-- Found rosidl_generator_cpp: 3.1.5 (/opt/ros/humble/share/rosidl_generator_cpp/cmake)
-- Using all available rosidl_typesupport_c: rosidl_typesupport_fastrtps_c;rosidl_typesupport_introspection_c
-- Using all available rosidl_typesupport_cpp: rosidl_typesupport_fastrtps_cpp;rosidl_typesupport_introspection_cpp
-- Found rmw_implementation_cmake: 6.1.1 (/opt/ros/humble/share/rmw_implementation_cmake/cmake)
-- Found rmw_cyclonedds_cpp: 1.3.4 (/opt/ros/humble/share/rmw_cyclonedds_cpp/cmake)
-- Using RMW implementation 'rmw_cyclonedds_cpp' as default
-- Found sensor_msgs: 4.2.3 (/opt/ros/humble/share/sensor_msgs/cmake)
-- Found can_msgs: 2.0.0 (/opt/ros/humble/share/can_msgs/cmake)
-- Found message_filters: 4.3.3 (/opt/ros/humble/share/message_filters/cmake)
-- Found ament_lint_auto: 0.12.9 (/opt/ros/humble/share/ament_lint_auto/cmake)
-- Added test 'cppcheck' to perform static code analysis on C / C++ code
-- Configured cppcheck include dirs: 
-- Configured cppcheck exclude dirs and/or files: 
-- Added test 'lint_cmake' to check CMake code style
-- Added test 'uncrustify' to check C / C++ code style
-- Configured uncrustify additional arguments: 
-- Added test 'xmllint' to check XML markup files
-- Configuring done
-- Generating done
-- Build files have been written to: /home/shen/learn/ROS2/sync_ws/build/synchronize_utils
[35m[1mConsolidate compiler generated dependencies of target sync_node[0m
[ 50%] [32mBuilding CXX object CMakeFiles/sync_node.dir/src/sync_node.cpp.o[0m
[01m[K/home/shen/learn/ROS2/sync_ws/src/synchronize_utils/src/sync_node.cpp:39:74:[m[K [01;35m[Kwarning: [m[K‘[01m[Ksensor_msgs::msg::Image_<std::allocator<void> >::ConstPtr[m[K’ is deprecated [[01;35m[K]8;;https://gcc.gnu.org/onlinedocs/gcc/Warning-Options.html#index-Wdeprecated-declarations-Wdeprecated-declarations]8;;[m[K]
   39 |       const sensor_msgs::msg::PointCloud2::ConstSharedPtr &pointcloud_msg[01;35m[K)[m[K
      |                                                                          [01;35m[K^[m[K
In file included from [01m[K/opt/ros/humble/include/sensor_msgs/sensor_msgs/msg/image.hpp:7[m[K,
                 from [01m[K/home/shen/learn/ROS2/sync_ws/src/synchronize_utils/src/sync_node.cpp:7[m[K:
[01m[K/opt/ros/humble/include/sensor_msgs/sensor_msgs/msg/detail/image__struct.hpp:173:5:[m[K [01;36m[Knote: [m[Kdeclared here
  173 |     [01;36m[KConstPtr[m[K;
      |     [01;36m[K^~~~~~~~[m[K
[01m[K/home/shen/learn/ROS2/sync_ws/src/synchronize_utils/src/sync_node.cpp:39:74:[m[K [01;35m[Kwarning: [m[K‘[01m[Ksensor_msgs::msg::Image_<std::allocator<void> >::ConstPtr[m[K’ is deprecated [[01;35m[K]8;;https://gcc.gnu.org/onlinedocs/gcc/Warning-Options.html#index-Wdeprecated-declarations-Wdeprecated-declarations]8;;[m[K]
   39 |       const sensor_msgs::msg::PointCloud2::ConstSharedPtr &pointcloud_msg[01;35m[K)[m[K
      |                                                                          [01;35m[K^[m[K
In file included from [01m[K/opt/ros/humble/include/sensor_msgs/sensor_msgs/msg/image.hpp:7[m[K,
                 from [01m[K/home/shen/learn/ROS2/sync_ws/src/synchronize_utils/src/sync_node.cpp:7[m[K:
[01m[K/opt/ros/humble/include/sensor_msgs/sensor_msgs/msg/detail/image__struct.hpp:173:5:[m[K [01;36m[Knote: [m[Kdeclared here
  173 |     [01;36m[KConstPtr[m[K;
      |     [01;36m[K^~~~~~~~[m[K
[100%] [32m[1mLinking CXX executable sync_node[0m
[100%] Built target sync_node
-- Install configuration: ""
-- Installing: /home/shen/learn/ROS2/sync_ws/install/synchronize_utils/lib/synchronize_utils/sync_node
-- Set runtime path of "/home/shen/learn/ROS2/sync_ws/install/synchronize_utils/lib/synchronize_utils/sync_node" to ""
-- Installing: /home/shen/learn/ROS2/sync_ws/install/synchronize_utils/share/ament_index/resource_index/package_run_dependencies/synchronize_utils
-- Up-to-date: /home/shen/learn/ROS2/sync_ws/install/synchronize_utils/share/ament_index/resource_index/parent_prefix_path/synchronize_utils
-- Up-to-date: /home/shen/learn/ROS2/sync_ws/install/synchronize_utils/share/synchronize_utils/environment/ament_prefix_path.sh
-- Installing: /home/shen/learn/ROS2/sync_ws/install/synchronize_utils/share/synchronize_utils/environment/ament_prefix_path.dsv
-- Up-to-date: /home/shen/learn/ROS2/sync_ws/install/synchronize_utils/share/synchronize_utils/environment/path.sh
-- Installing: /home/shen/learn/ROS2/sync_ws/install/synchronize_utils/share/synchronize_utils/environment/path.dsv
-- Up-to-date: /home/shen/learn/ROS2/sync_ws/install/synchronize_utils/share/synchronize_utils/local_setup.bash
-- Up-to-date: /home/shen/learn/ROS2/sync_ws/install/synchronize_utils/share/synchronize_utils/local_setup.sh
-- Up-to-date: /home/shen/learn/ROS2/sync_ws/install/synchronize_utils/share/synchronize_utils/local_setup.zsh
-- Installing: /home/shen/learn/ROS2/sync_ws/install/synchronize_utils/share/synchronize_utils/local_setup.dsv
-- Installing: /home/shen/learn/ROS2/sync_ws/install/synchronize_utils/share/synchronize_utils/package.dsv
-- Up-to-date: /home/shen/learn/ROS2/sync_ws/install/synchronize_utils/share/ament_index/resource_index/packages/synchronize_utils
-- Up-to-date: /home/shen/learn/ROS2/sync_ws/install/synchronize_utils/share/synchronize_utils/cmake/synchronize_utilsConfig.cmake
-- Up-to-date: /home/shen/learn/ROS2/sync_ws/install/synchronize_utils/share/synchronize_utils/cmake/synchronize_utilsConfig-version.cmake
-- Installing: /home/shen/learn/ROS2/sync_ws/install/synchronize_utils/share/synchronize_utils/package.xml
