[0.058s] Invoking command in '/home/shen/learn/ROS2/sync_ws/build/synchronize_utils': CMAKE_PREFIX_PATH=/opt/ros/humble /usr/bin/cmake --build /home/shen/learn/ROS2/sync_ws/build/synchronize_utils -- -j16 -l16
[0.115s] -- Found ament_cmake: 1.3.6 (/opt/ros/humble/share/ament_cmake/cmake)
[0.354s] -- Found rclcpp: 16.0.7 (/opt/ros/humble/share/rclcpp/cmake)
[0.392s] -- Found rosidl_generator_c: 3.1.5 (/opt/ros/humble/share/rosidl_generator_c/cmake)
[0.395s] -- Found rosidl_adapter: 3.1.5 (/opt/ros/humble/share/rosidl_adapter/cmake)
[0.404s] -- Found rosidl_generator_cpp: 3.1.5 (/opt/ros/humble/share/rosidl_generator_cpp/cmake)
[0.418s] -- Using all available rosidl_typesupport_c: rosidl_typesupport_fastrtps_c;rosidl_typesupport_introspection_c
[0.438s] -- Using all available rosidl_typesupport_cpp: rosidl_typesupport_fastrtps_cpp;rosidl_typesupport_introspection_cpp
[0.500s] -- Found rmw_implementation_cmake: 6.1.1 (/opt/ros/humble/share/rmw_implementation_cmake/cmake)
[0.502s] -- Found rmw_cyclonedds_cpp: 1.3.4 (/opt/ros/humble/share/rmw_cyclonedds_cpp/cmake)
[0.536s] -- Using RMW implementation 'rmw_cyclonedds_cpp' as default
[0.692s] -- Found sensor_msgs: 4.2.3 (/opt/ros/humble/share/sensor_msgs/cmake)
[0.815s] -- Found can_msgs: 2.0.0 (/opt/ros/humble/share/can_msgs/cmake)
[0.856s] -- Found message_filters: 4.3.3 (/opt/ros/humble/share/message_filters/cmake)
[0.862s] -- Found ament_lint_auto: 0.12.9 (/opt/ros/humble/share/ament_lint_auto/cmake)
[0.960s] -- Added test 'cppcheck' to perform static code analysis on C / C++ code
[0.960s] -- Configured cppcheck include dirs: 
[0.960s] -- Configured cppcheck exclude dirs and/or files: 
[0.961s] -- Added test 'lint_cmake' to check CMake code style
[0.962s] -- Added test 'uncrustify' to check C / C++ code style
[0.962s] -- Configured uncrustify additional arguments: 
[0.962s] -- Added test 'xmllint' to check XML markup files
[0.963s] -- Configuring done
[0.975s] -- Generating done
[0.976s] -- Build files have been written to: /home/shen/learn/ROS2/sync_ws/build/synchronize_utils
[1.012s] [35m[1mConsolidate compiler generated dependencies of target sync_node[0m
[1.064s] [ 50%] [32mBuilding CXX object CMakeFiles/sync_node.dir/src/sync_node.cpp.o[0m
[3.186s] [01m[K/home/shen/learn/ROS2/sync_ws/src/synchronize_utils/src/sync_node.cpp:39:74:[m[K [01;35m[Kwarning: [m[K‘[01m[Ksensor_msgs::msg::Image_<std::allocator<void> >::ConstPtr[m[K’ is deprecated [[01;35m[K]8;;https://gcc.gnu.org/onlinedocs/gcc/Warning-Options.html#index-Wdeprecated-declarations-Wdeprecated-declarations]8;;[m[K]
[3.186s]    39 |       const sensor_msgs::msg::PointCloud2::ConstSharedPtr &pointcloud_msg[01;35m[K)[m[K
[3.186s]       |                                                                          [01;35m[K^[m[K
[3.187s] In file included from [01m[K/opt/ros/humble/include/sensor_msgs/sensor_msgs/msg/image.hpp:7[m[K,
[3.187s]                  from [01m[K/home/shen/learn/ROS2/sync_ws/src/synchronize_utils/src/sync_node.cpp:7[m[K:
[3.187s] [01m[K/opt/ros/humble/include/sensor_msgs/sensor_msgs/msg/detail/image__struct.hpp:173:5:[m[K [01;36m[Knote: [m[Kdeclared here
[3.187s]   173 |     [01;36m[KConstPtr[m[K;
[3.187s]       |     [01;36m[K^~~~~~~~[m[K
[3.187s] [01m[K/home/shen/learn/ROS2/sync_ws/src/synchronize_utils/src/sync_node.cpp:39:74:[m[K [01;35m[Kwarning: [m[K‘[01m[Ksensor_msgs::msg::Image_<std::allocator<void> >::ConstPtr[m[K’ is deprecated [[01;35m[K]8;;https://gcc.gnu.org/onlinedocs/gcc/Warning-Options.html#index-Wdeprecated-declarations-Wdeprecated-declarations]8;;[m[K]
[3.187s]    39 |       const sensor_msgs::msg::PointCloud2::ConstSharedPtr &pointcloud_msg[01;35m[K)[m[K
[3.187s]       |                                                                          [01;35m[K^[m[K
[3.187s] In file included from [01m[K/opt/ros/humble/include/sensor_msgs/sensor_msgs/msg/image.hpp:7[m[K,
[3.188s]                  from [01m[K/home/shen/learn/ROS2/sync_ws/src/synchronize_utils/src/sync_node.cpp:7[m[K:
[3.188s] [01m[K/opt/ros/humble/include/sensor_msgs/sensor_msgs/msg/detail/image__struct.hpp:173:5:[m[K [01;36m[Knote: [m[Kdeclared here
[3.188s]   173 |     [01;36m[KConstPtr[m[K;
[3.188s]       |     [01;36m[K^~~~~~~~[m[K
[15.577s] [100%] [32m[1mLinking CXX executable sync_node[0m
[16.571s] [100%] Built target sync_node
[16.599s] Invoked command in '/home/shen/learn/ROS2/sync_ws/build/synchronize_utils' returned '0': CMAKE_PREFIX_PATH=/opt/ros/humble /usr/bin/cmake --build /home/shen/learn/ROS2/sync_ws/build/synchronize_utils -- -j16 -l16
[16.652s] Invoking command in '/home/shen/learn/ROS2/sync_ws/build/synchronize_utils': CMAKE_PREFIX_PATH=/opt/ros/humble /usr/bin/cmake --install /home/shen/learn/ROS2/sync_ws/build/synchronize_utils
[16.666s] -- Install configuration: ""
[16.667s] -- Installing: /home/shen/learn/ROS2/sync_ws/install/synchronize_utils/lib/synchronize_utils/sync_node
[16.680s] -- Set runtime path of "/home/shen/learn/ROS2/sync_ws/install/synchronize_utils/lib/synchronize_utils/sync_node" to ""
[16.680s] -- Installing: /home/shen/learn/ROS2/sync_ws/install/synchronize_utils/share/ament_index/resource_index/package_run_dependencies/synchronize_utils
[16.680s] -- Up-to-date: /home/shen/learn/ROS2/sync_ws/install/synchronize_utils/share/ament_index/resource_index/parent_prefix_path/synchronize_utils
[16.681s] -- Up-to-date: /home/shen/learn/ROS2/sync_ws/install/synchronize_utils/share/synchronize_utils/environment/ament_prefix_path.sh
[16.681s] -- Installing: /home/shen/learn/ROS2/sync_ws/install/synchronize_utils/share/synchronize_utils/environment/ament_prefix_path.dsv
[16.681s] -- Up-to-date: /home/shen/learn/ROS2/sync_ws/install/synchronize_utils/share/synchronize_utils/environment/path.sh
[16.681s] -- Installing: /home/shen/learn/ROS2/sync_ws/install/synchronize_utils/share/synchronize_utils/environment/path.dsv
[16.681s] -- Up-to-date: /home/shen/learn/ROS2/sync_ws/install/synchronize_utils/share/synchronize_utils/local_setup.bash
[16.681s] -- Up-to-date: /home/shen/learn/ROS2/sync_ws/install/synchronize_utils/share/synchronize_utils/local_setup.sh
[16.681s] -- Up-to-date: /home/shen/learn/ROS2/sync_ws/install/synchronize_utils/share/synchronize_utils/local_setup.zsh
[16.682s] -- Installing: /home/shen/learn/ROS2/sync_ws/install/synchronize_utils/share/synchronize_utils/local_setup.dsv
[16.682s] -- Installing: /home/shen/learn/ROS2/sync_ws/install/synchronize_utils/share/synchronize_utils/package.dsv
[16.682s] -- Up-to-date: /home/shen/learn/ROS2/sync_ws/install/synchronize_utils/share/ament_index/resource_index/packages/synchronize_utils
[16.682s] -- Up-to-date: /home/shen/learn/ROS2/sync_ws/install/synchronize_utils/share/synchronize_utils/cmake/synchronize_utilsConfig.cmake
[16.682s] -- Up-to-date: /home/shen/learn/ROS2/sync_ws/install/synchronize_utils/share/synchronize_utils/cmake/synchronize_utilsConfig-version.cmake
[16.682s] -- Installing: /home/shen/learn/ROS2/sync_ws/install/synchronize_utils/share/synchronize_utils/package.xml
[16.684s] Invoked command in '/home/shen/learn/ROS2/sync_ws/build/synchronize_utils' returned '0': CMAKE_PREFIX_PATH=/opt/ros/humble /usr/bin/cmake --install /home/shen/learn/ROS2/sync_ws/build/synchronize_utils
