[0.063s] Invoking command in '/home/shen/learn/ROS2/ars408_ws/build/pe_ars408_ros': CMAKE_PREFIX_PATH=${CMAKE_PREFIX_PATH}:/opt/ros/humble /usr/bin/cmake /home/shen/learn/ROS2/ars408_ws/src/ars408_driver -DCMAKE_INSTALL_PREFIX=/home/shen/learn/ROS2/ars408_ws/install/pe_ars408_ros
[0.153s] -- The C compiler identification is GNU 11.4.0
[0.233s] -- The CXX compiler identification is GNU 11.4.0
[0.247s] -- Detecting C compiler ABI info
[0.354s] -- Detecting C compiler ABI info - done
[0.370s] -- Check for working C compiler: /usr/bin/cc - skipped
[0.370s] -- Detecting C compile features
[0.371s] -- Detecting C compile features - done
[0.377s] -- Detecting CXX compiler ABI info
[0.536s] -- Detecting CXX compiler ABI info - done
[0.552s] -- Check for working CXX compiler: /usr/bin/c++ - skipped
[0.553s] -- Detecting CXX compile features
[0.553s] -- Detecting CXX compile features - done
[0.558s] -- Found ament_cmake_auto: 1.3.6 (/opt/ros/humble/share/ament_cmake_auto/cmake)
[0.842s] -- Found Python3: /usr/bin/python3.10 (found version "3.10.12") found components: Interpreter 
[1.154s] -- Found rosidl_generator_c: 3.1.5 (/opt/ros/humble/share/rosidl_generator_c/cmake)
[1.159s] -- Found rosidl_adapter: 3.1.5 (/opt/ros/humble/share/rosidl_adapter/cmake)
[1.167s] -- Found rosidl_generator_cpp: 3.1.5 (/opt/ros/humble/share/rosidl_generator_cpp/cmake)
[1.179s] -- Using all available rosidl_typesupport_c: rosidl_typesupport_fastrtps_c;rosidl_typesupport_introspection_c
[1.197s] -- Using all available rosidl_typesupport_cpp: rosidl_typesupport_fastrtps_cpp;rosidl_typesupport_introspection_cpp
[1.356s] -- Found rmw_implementation_cmake: 6.1.1 (/opt/ros/humble/share/rmw_implementation_cmake/cmake)
[1.359s] -- Found rmw_fastrtps_cpp: 6.2.5 (/opt/ros/humble/share/rmw_fastrtps_cpp/cmake)
[1.517s] -- Found OpenSSL: /usr/lib/x86_64-linux-gnu/libcrypto.so (found version "3.0.2")  
[1.584s] -- Found FastRTPS: /opt/ros/humble/include  
[1.640s] -- Using RMW implementation 'rmw_fastrtps_cpp' as default
[1.649s] -- Looking for pthread.h
[1.763s] -- Looking for pthread.h - found
[1.763s] -- Performing Test CMAKE_HAVE_LIBC_PTHREAD
[1.916s] -- Performing Test CMAKE_HAVE_LIBC_PTHREAD - Success
[1.918s] -- Found Threads: TRUE  
[2.373s] -- Found ament_lint_auto: 0.12.9 (/opt/ros/humble/share/ament_lint_auto/cmake)
[2.392s] -- Added test 'copyright' to check source files copyright and LICENSE
[2.398s] -- Added test 'cppcheck' to perform static code analysis on C / C++ code
[2.398s] -- Configured cppcheck include dirs: /home/shen/learn/ROS2/ars408_ws/src/ars408_driver/include
[2.398s] -- Configured cppcheck exclude dirs and/or files: 
[2.404s] -- Added test 'cpplint' to check C / C++ code against the Google style
[2.404s] -- Configured cpplint exclude dirs and/or files: 
[2.407s] -- Added test 'lint_cmake' to check CMake code style
[2.414s] -- Added test 'uncrustify' to check C / C++ code style
[2.414s] -- Configured uncrustify additional arguments: 
[2.415s] -- Added test 'xmllint' to check XML markup files
[2.418s] -- Configuring done
[2.438s] -- Generating done
[2.440s] -- Build files have been written to: /home/shen/learn/ROS2/ars408_ws/build/pe_ars408_ros
[2.449s] Invoked command in '/home/shen/learn/ROS2/ars408_ws/build/pe_ars408_ros' returned '0': CMAKE_PREFIX_PATH=${CMAKE_PREFIX_PATH}:/opt/ros/humble /usr/bin/cmake /home/shen/learn/ROS2/ars408_ws/src/ars408_driver -DCMAKE_INSTALL_PREFIX=/home/shen/learn/ROS2/ars408_ws/install/pe_ars408_ros
[2.452s] Invoking command in '/home/shen/learn/ROS2/ars408_ws/build/pe_ars408_ros': CMAKE_PREFIX_PATH=${CMAKE_PREFIX_PATH}:/opt/ros/humble /usr/bin/cmake --build /home/shen/learn/ROS2/ars408_ws/build/pe_ars408_ros -- -j16 -l16
[2.538s] [ 16%] [32mBuilding CXX object CMakeFiles/pe_ars408_parser.dir/src/ars408_driver.cpp.o[0m
[2.540s] [ 33%] [32mBuilding CXX object CMakeFiles/pe_ars408_node.dir/rclcpp_components/node_main_pe_ars408_node.cpp.o[0m
[5.293s] [ 50%] [32m[1mLinking CXX shared library libpe_ars408_parser.so[0m
[5.513s] [ 50%] Built target pe_ars408_parser
[5.559s] [ 66%] [32mBuilding CXX object CMakeFiles/pe_ars408_node_component.dir/src/ars408_ros_node.cpp.o[0m
[5.638s] [ 83%] [32m[1mLinking CXX executable pe_ars408_node[0m
[5.791s] [ 83%] Built target pe_ars408_node
[15.208s] [100%] [32m[1mLinking CXX shared library libpe_ars408_node_component.so[0m
[15.444s] [100%] Built target pe_ars408_node_component
[15.474s] Invoked command in '/home/shen/learn/ROS2/ars408_ws/build/pe_ars408_ros' returned '0': CMAKE_PREFIX_PATH=${CMAKE_PREFIX_PATH}:/opt/ros/humble /usr/bin/cmake --build /home/shen/learn/ROS2/ars408_ws/build/pe_ars408_ros -- -j16 -l16
[15.577s] Invoking command in '/home/shen/learn/ROS2/ars408_ws/build/pe_ars408_ros': CMAKE_PREFIX_PATH=${CMAKE_PREFIX_PATH}:/opt/ros/humble /usr/bin/cmake --install /home/shen/learn/ROS2/ars408_ws/build/pe_ars408_ros
[15.593s] -- Install configuration: "Release"
[15.594s] -- Installing: /home/shen/learn/ROS2/ars408_ws/install/pe_ars408_ros/lib/pe_ars408_ros/pe_ars408_node
[15.595s] -- Set runtime path of "/home/shen/learn/ROS2/ars408_ws/install/pe_ars408_ros/lib/pe_ars408_ros/pe_ars408_node" to ""
[15.595s] -- Installing: /home/shen/learn/ROS2/ars408_ws/install/pe_ars408_ros/include
[15.595s] -- Installing: /home/shen/learn/ROS2/ars408_ws/install/pe_ars408_ros/include/ars408_ros
[15.596s] -- Installing: /home/shen/learn/ROS2/ars408_ws/install/pe_ars408_ros/include/ars408_ros/ars408_commands.hpp
[15.596s] -- Installing: /home/shen/learn/ROS2/ars408_ws/install/pe_ars408_ros/include/ars408_ros/ars408_object.hpp
[15.596s] -- Installing: /home/shen/learn/ROS2/ars408_ws/install/pe_ars408_ros/include/ars408_ros/ars408_constants.hpp
[15.597s] -- Installing: /home/shen/learn/ROS2/ars408_ws/install/pe_ars408_ros/include/ars408_ros/ars408_ros_node.hpp
[15.597s] -- Installing: /home/shen/learn/ROS2/ars408_ws/install/pe_ars408_ros/include/ars408_ros/ars408_driver.hpp
[15.598s] -- Installing: /home/shen/learn/ROS2/ars408_ws/install/pe_ars408_ros/share/pe_ars408_ros/environment/library_path.sh
[15.598s] -- Installing: /home/shen/learn/ROS2/ars408_ws/install/pe_ars408_ros/share/pe_ars408_ros/environment/library_path.dsv
[15.598s] -- Installing: /home/shen/learn/ROS2/ars408_ws/install/pe_ars408_ros/lib/libpe_ars408_parser.so
[15.599s] -- Set runtime path of "/home/shen/learn/ROS2/ars408_ws/install/pe_ars408_ros/lib/libpe_ars408_parser.so" to ""
[15.600s] -- Installing: /home/shen/learn/ROS2/ars408_ws/install/pe_ars408_ros/lib/libpe_ars408_node_component.so
[15.604s] -- Set runtime path of "/home/shen/learn/ROS2/ars408_ws/install/pe_ars408_ros/lib/libpe_ars408_node_component.so" to ""
[15.605s] -- Installing: /home/shen/learn/ROS2/ars408_ws/install/pe_ars408_ros/share/pe_ars408_ros/launch
[15.605s] -- Installing: /home/shen/learn/ROS2/ars408_ws/install/pe_ars408_ros/share/pe_ars408_ros/launch/continental_ars408_socket_can.launch.xml
[15.605s] -- Installing: /home/shen/learn/ROS2/ars408_ws/install/pe_ars408_ros/share/pe_ars408_ros/launch/continental_ars408.launch.xml
[15.606s] -- Installing: /home/shen/learn/ROS2/ars408_ws/install/pe_ars408_ros/share/ament_index/resource_index/package_run_dependencies/pe_ars408_ros
[15.606s] -- Installing: /home/shen/learn/ROS2/ars408_ws/install/pe_ars408_ros/share/ament_index/resource_index/parent_prefix_path/pe_ars408_ros
[15.607s] -- Installing: /home/shen/learn/ROS2/ars408_ws/install/pe_ars408_ros/share/pe_ars408_ros/environment/ament_prefix_path.sh
[15.607s] -- Installing: /home/shen/learn/ROS2/ars408_ws/install/pe_ars408_ros/share/pe_ars408_ros/environment/ament_prefix_path.dsv
[15.607s] -- Installing: /home/shen/learn/ROS2/ars408_ws/install/pe_ars408_ros/share/pe_ars408_ros/environment/path.sh
[15.608s] -- Installing: /home/shen/learn/ROS2/ars408_ws/install/pe_ars408_ros/share/pe_ars408_ros/environment/path.dsv
[15.608s] -- Installing: /home/shen/learn/ROS2/ars408_ws/install/pe_ars408_ros/share/pe_ars408_ros/local_setup.bash
[15.609s] -- Installing: /home/shen/learn/ROS2/ars408_ws/install/pe_ars408_ros/share/pe_ars408_ros/local_setup.sh
[15.609s] -- Installing: /home/shen/learn/ROS2/ars408_ws/install/pe_ars408_ros/share/pe_ars408_ros/local_setup.zsh
[15.610s] -- Installing: /home/shen/learn/ROS2/ars408_ws/install/pe_ars408_ros/share/pe_ars408_ros/local_setup.dsv
[15.610s] -- Installing: /home/shen/learn/ROS2/ars408_ws/install/pe_ars408_ros/share/pe_ars408_ros/package.dsv
[15.611s] -- Installing: /home/shen/learn/ROS2/ars408_ws/install/pe_ars408_ros/share/ament_index/resource_index/packages/pe_ars408_ros
[15.611s] -- Installing: /home/shen/learn/ROS2/ars408_ws/install/pe_ars408_ros/share/ament_index/resource_index/rclcpp_components/pe_ars408_ros
[15.612s] -- Installing: /home/shen/learn/ROS2/ars408_ws/install/pe_ars408_ros/share/pe_ars408_ros/cmake/ament_cmake_export_dependencies-extras.cmake
[15.613s] -- Installing: /home/shen/learn/ROS2/ars408_ws/install/pe_ars408_ros/share/pe_ars408_ros/cmake/ament_cmake_export_include_directories-extras.cmake
[15.613s] -- Installing: /home/shen/learn/ROS2/ars408_ws/install/pe_ars408_ros/share/pe_ars408_ros/cmake/ament_cmake_export_libraries-extras.cmake
[15.614s] -- Installing: /home/shen/learn/ROS2/ars408_ws/install/pe_ars408_ros/share/pe_ars408_ros/cmake/pe_ars408_rosConfig.cmake
[15.614s] -- Installing: /home/shen/learn/ROS2/ars408_ws/install/pe_ars408_ros/share/pe_ars408_ros/cmake/pe_ars408_rosConfig-version.cmake
[15.614s] -- Installing: /home/shen/learn/ROS2/ars408_ws/install/pe_ars408_ros/share/pe_ars408_ros/package.xml
[15.620s] Invoked command in '/home/shen/learn/ROS2/ars408_ws/build/pe_ars408_ros' returned '0': CMAKE_PREFIX_PATH=${CMAKE_PREFIX_PATH}:/opt/ros/humble /usr/bin/cmake --install /home/shen/learn/ROS2/ars408_ws/build/pe_ars408_ros
