[0.060s] Invoking command in '/home/shen/learn/ROS2/record_ws/build/my_record_utils': CMAKE_PREFIX_PATH=${CMAKE_PREFIX_PATH}:/opt/ros/humble /usr/bin/cmake --build /home/shen/learn/ROS2/record_ws/build/my_record_utils -- -j16 -l16
[0.121s] -- Found ament_cmake: 1.3.6 (/opt/ros/humble/share/ament_cmake/cmake)
[0.312s] -- Found rclcpp: 16.0.7 (/opt/ros/humble/share/rclcpp/cmake)
[0.370s] -- Found rosidl_generator_c: 3.1.5 (/opt/ros/humble/share/rosidl_generator_c/cmake)
[0.372s] -- Found rosidl_adapter: 3.1.5 (/opt/ros/humble/share/rosidl_adapter/cmake)
[0.377s] -- Found rosidl_generator_cpp: 3.1.5 (/opt/ros/humble/share/rosidl_generator_cpp/cmake)
[0.386s] -- Using all available rosidl_typesupport_c: rosidl_typesupport_fastrtps_c;rosidl_typesupport_introspection_c
[0.399s] -- Using all available rosidl_typesupport_cpp: rosidl_typesupport_fastrtps_cpp;rosidl_typesupport_introspection_cpp
[0.448s] -- Found rmw_implementation_cmake: 6.1.1 (/opt/ros/humble/share/rmw_implementation_cmake/cmake)
[0.449s] -- Found rmw_cyclonedds_cpp: 1.3.4 (/opt/ros/humble/share/rmw_cyclonedds_cpp/cmake)
[0.474s] -- Using RMW implementation 'rmw_cyclonedds_cpp' as default
[0.608s] -- Found rosbag2_cpp: 0.15.8 (/opt/ros/humble/share/rosbag2_cpp/cmake)
[0.636s] -- Found can_msgs: 2.0.0 (/opt/ros/humble/share/can_msgs/cmake)
[0.671s] -- Found udp_msgs: 0.0.3 (/opt/ros/humble/share/udp_msgs/cmake)
[0.706s] -- Found ament_lint_auto: 0.12.9 (/opt/ros/humble/share/ament_lint_auto/cmake)
[0.775s] -- Added test 'cppcheck' to perform static code analysis on C / C++ code
[0.775s] -- Configured cppcheck include dirs: 
[0.775s] -- Configured cppcheck exclude dirs and/or files: 
[0.775s] -- Added test 'flake8' to check Python code syntax and style conventions
[0.776s] -- Added test 'lint_cmake' to check CMake code style
[0.776s] -- Added test 'pep257' to check Python code against some of the docstring style conventions in PEP 257
[0.777s] -- Added test 'uncrustify' to check C / C++ code style
[0.777s] -- Configured uncrustify additional arguments: 
[0.777s] -- Added test 'xmllint' to check XML markup files
[0.778s] -- Configuring done
[0.782s] [31mCMake Error at CMakeLists.txt:51 (add_executable):
[0.782s]   Cannot find source file:
[0.782s] 
[0.782s]     src/topic_player.cpp
[0.783s] 
[0.783s]   Tried extensions .c .C .c++ .cc .cpp .cxx .cu .mpp .m .M .mm .ixx .cppm .h
[0.783s]   .hh .h++ .hm .hpp .hxx .in .txx .f .F .for .f77 .f90 .f95 .f03 .hip .ispc
[0.783s] 
[0.783s] [0m
[0.783s] [31mCMake Error at CMakeLists.txt:51 (add_executable):
[0.784s]   No SOURCES given to target: topic_player
[0.784s] 
[0.784s] [0m
[0.784s] [0mCMake Generate step failed.  Build files cannot be regenerated correctly.[0m
[0.787s] gmake: *** [Makefile:267：cmake_check_build_system] 错误 1
[0.792s] Invoked command in '/home/shen/learn/ROS2/record_ws/build/my_record_utils' returned '2': CMAKE_PREFIX_PATH=${CMAKE_PREFIX_PATH}:/opt/ros/humble /usr/bin/cmake --build /home/shen/learn/ROS2/record_ws/build/my_record_utils -- -j16 -l16
