[35m[1mConsolidate compiler generated dependencies of target replay_client_node[0m
[100%] Built target replay_client_node
-- Install configuration: ""
-- Installing: /home/shen/learn/ROS2/inject_ws/install/replay_client/lib/replay_client/replay_client_node
-- Set runtime path of "/home/shen/learn/ROS2/inject_ws/install/replay_client/lib/replay_client/replay_client_node" to ""
-- Installing: /home/shen/learn/ROS2/inject_ws/install/replay_client/share/ament_index/resource_index/package_run_dependencies/replay_client
-- Up-to-date: /home/shen/learn/ROS2/inject_ws/install/replay_client/share/ament_index/resource_index/parent_prefix_path/replay_client
-- Up-to-date: /home/shen/learn/ROS2/inject_ws/install/replay_client/share/replay_client/environment/ament_prefix_path.sh
-- Installing: /home/shen/learn/ROS2/inject_ws/install/replay_client/share/replay_client/environment/ament_prefix_path.dsv
-- Up-to-date: /home/shen/learn/ROS2/inject_ws/install/replay_client/share/replay_client/environment/path.sh
-- Installing: /home/shen/learn/ROS2/inject_ws/install/replay_client/share/replay_client/environment/path.dsv
-- Up-to-date: /home/shen/learn/ROS2/inject_ws/install/replay_client/share/replay_client/local_setup.bash
-- Up-to-date: /home/shen/learn/ROS2/inject_ws/install/replay_client/share/replay_client/local_setup.sh
-- Up-to-date: /home/shen/learn/ROS2/inject_ws/install/replay_client/share/replay_client/local_setup.zsh
-- Installing: /home/shen/learn/ROS2/inject_ws/install/replay_client/share/replay_client/local_setup.dsv
-- Installing: /home/shen/learn/ROS2/inject_ws/install/replay_client/share/replay_client/package.dsv
-- Up-to-date: /home/shen/learn/ROS2/inject_ws/install/replay_client/share/ament_index/resource_index/packages/replay_client
-- Up-to-date: /home/shen/learn/ROS2/inject_ws/install/replay_client/share/replay_client/cmake/replay_clientConfig.cmake
-- Up-to-date: /home/shen/learn/ROS2/inject_ws/install/replay_client/share/replay_client/cmake/replay_clientConfig-version.cmake
-- Installing: /home/shen/learn/ROS2/inject_ws/install/replay_client/share/replay_client/package.xml
