[0.865s] DEBUG:colcon:Command line arguments: ['/usr/bin/colcon', 'build', '--packages-select', 'read_yaml']
[0.865s] DEBUG:colcon:Parsed command line arguments: Namespace(log_base=None, log_level=None, verb_name='build', build_base='build', install_base='install', merge_install=False, symlink_install=False, test_result_base=None, continue_on_error=False, executor='parallel', parallel_workers=16, event_handlers=None, ignore_user_meta=False, metas=['./colcon.meta'], base_paths=['.'], packages_ignore=None, packages_ignore_regex=None, paths=None, packages_up_to=None, packages_up_to_regex=None, packages_above=None, packages_above_and_dependencies=None, packages_above_depth=None, packages_select_by_dep=None, packages_skip_by_dep=None, packages_skip_up_to=None, packages_select_build_failed=False, packages_skip_build_finished=False, packages_select_test_failures=False, packages_skip_test_passed=False, packages_select=['read_yaml'], packages_skip=None, packages_select_regex=None, packages_skip_regex=None, packages_start=None, packages_end=None, allow_overriding=[], cmake_args=None, cmake_target=None, cmake_target_skip_unavailable=False, cmake_clean_cache=False, cmake_clean_first=False, cmake_force_configure=False, ament_cmake_args=None, catkin_cmake_args=None, catkin_skip_building_tests=False, verb_parser=<colcon_defaults.argument_parser.defaults.DefaultArgumentsDecorator object at 0x714e8df82b60>, verb_extension=<colcon_core.verb.build.BuildVerb object at 0x714e8e3e7640>, main=<bound method BuildVerb.main of <colcon_core.verb.build.BuildVerb object at 0x714e8e3e7640>>)
[0.904s] Level 1:colcon.colcon_core.package_discovery:discover_packages(colcon_meta) check parameters
[0.904s] Level 1:colcon.colcon_core.package_discovery:discover_packages(recursive) check parameters
[0.904s] Level 1:colcon.colcon_core.package_discovery:discover_packages(ignore) check parameters
[0.904s] Level 1:colcon.colcon_core.package_discovery:discover_packages(path) check parameters
[0.904s] Level 1:colcon.colcon_core.package_discovery:discover_packages(colcon_meta) discover
[0.904s] Level 1:colcon.colcon_core.package_discovery:discover_packages(recursive) discover
[0.904s] INFO:colcon.colcon_core.package_discovery:Crawling recursively for packages in '/home/shen/learn/ROS2/yaml_ws'
[0.904s] Level 1:colcon.colcon_core.package_identification:_identify(.) by extensions ['ignore', 'ignore_ament_install']
[0.904s] Level 1:colcon.colcon_core.package_identification:_identify(.) by extension 'ignore'
[0.904s] Level 1:colcon.colcon_core.package_identification:_identify(.) by extension 'ignore_ament_install'
[0.904s] Level 1:colcon.colcon_core.package_identification:_identify(.) by extensions ['colcon_pkg']
[0.904s] Level 1:colcon.colcon_core.package_identification:_identify(.) by extension 'colcon_pkg'
[0.905s] Level 1:colcon.colcon_core.package_identification:_identify(.) by extensions ['colcon_meta']
[0.905s] Level 1:colcon.colcon_core.package_identification:_identify(.) by extension 'colcon_meta'
[0.905s] Level 1:colcon.colcon_core.package_identification:_identify(.) by extensions ['ros']
[0.905s] Level 1:colcon.colcon_core.package_identification:_identify(.) by extension 'ros'
[0.914s] Level 1:colcon.colcon_core.package_identification:_identify(.) by extensions ['cmake', 'python']
[0.914s] Level 1:colcon.colcon_core.package_identification:_identify(.) by extension 'cmake'
[0.914s] Level 1:colcon.colcon_core.package_identification:_identify(.) by extension 'python'
[0.914s] Level 1:colcon.colcon_core.package_identification:_identify(.) by extensions ['python_setup_py']
[0.914s] Level 1:colcon.colcon_core.package_identification:_identify(.) by extension 'python_setup_py'
[0.914s] Level 1:colcon.colcon_core.package_identification:_identify(build) by extensions ['ignore', 'ignore_ament_install']
[0.914s] Level 1:colcon.colcon_core.package_identification:_identify(build) by extension 'ignore'
[0.914s] Level 1:colcon.colcon_core.package_identification:_identify(build) ignored
[0.915s] Level 1:colcon.colcon_core.package_identification:_identify(install) by extensions ['ignore', 'ignore_ament_install']
[0.915s] Level 1:colcon.colcon_core.package_identification:_identify(install) by extension 'ignore'
[0.915s] Level 1:colcon.colcon_core.package_identification:_identify(install) ignored
[0.915s] Level 1:colcon.colcon_core.package_identification:_identify(log) by extensions ['ignore', 'ignore_ament_install']
[0.915s] Level 1:colcon.colcon_core.package_identification:_identify(log) by extension 'ignore'
[0.915s] Level 1:colcon.colcon_core.package_identification:_identify(log) ignored
[0.915s] Level 1:colcon.colcon_core.package_identification:_identify(src) by extensions ['ignore', 'ignore_ament_install']
[0.915s] Level 1:colcon.colcon_core.package_identification:_identify(src) by extension 'ignore'
[0.915s] Level 1:colcon.colcon_core.package_identification:_identify(src) by extension 'ignore_ament_install'
[0.915s] Level 1:colcon.colcon_core.package_identification:_identify(src) by extensions ['colcon_pkg']
[0.915s] Level 1:colcon.colcon_core.package_identification:_identify(src) by extension 'colcon_pkg'
[0.915s] Level 1:colcon.colcon_core.package_identification:_identify(src) by extensions ['colcon_meta']
[0.915s] Level 1:colcon.colcon_core.package_identification:_identify(src) by extension 'colcon_meta'
[0.915s] Level 1:colcon.colcon_core.package_identification:_identify(src) by extensions ['ros']
[0.915s] Level 1:colcon.colcon_core.package_identification:_identify(src) by extension 'ros'
[0.915s] Level 1:colcon.colcon_core.package_identification:_identify(src) by extensions ['cmake', 'python']
[0.915s] Level 1:colcon.colcon_core.package_identification:_identify(src) by extension 'cmake'
[0.915s] Level 1:colcon.colcon_core.package_identification:_identify(src) by extension 'python'
[0.915s] Level 1:colcon.colcon_core.package_identification:_identify(src) by extensions ['python_setup_py']
[0.915s] Level 1:colcon.colcon_core.package_identification:_identify(src) by extension 'python_setup_py'
[0.915s] Level 1:colcon.colcon_core.package_identification:_identify(src/read_yaml) by extensions ['ignore', 'ignore_ament_install']
[0.916s] Level 1:colcon.colcon_core.package_identification:_identify(src/read_yaml) by extension 'ignore'
[0.916s] Level 1:colcon.colcon_core.package_identification:_identify(src/read_yaml) by extension 'ignore_ament_install'
[0.916s] Level 1:colcon.colcon_core.package_identification:_identify(src/read_yaml) by extensions ['colcon_pkg']
[0.916s] Level 1:colcon.colcon_core.package_identification:_identify(src/read_yaml) by extension 'colcon_pkg'
[0.916s] Level 1:colcon.colcon_core.package_identification:_identify(src/read_yaml) by extensions ['colcon_meta']
[0.916s] Level 1:colcon.colcon_core.package_identification:_identify(src/read_yaml) by extension 'colcon_meta'
[0.916s] Level 1:colcon.colcon_core.package_identification:_identify(src/read_yaml) by extensions ['ros']
[0.916s] Level 1:colcon.colcon_core.package_identification:_identify(src/read_yaml) by extension 'ros'
[0.918s] DEBUG:colcon.colcon_core.package_identification:Package 'src/read_yaml' with type 'ros.ament_cmake' and name 'read_yaml'
[0.918s] Level 1:colcon.colcon_core.package_discovery:discover_packages(recursive) using defaults
[0.918s] Level 1:colcon.colcon_core.package_discovery:discover_packages(ignore) discover
[0.918s] Level 1:colcon.colcon_core.package_discovery:discover_packages(ignore) using defaults
[0.918s] Level 1:colcon.colcon_core.package_discovery:discover_packages(path) discover
[0.918s] Level 1:colcon.colcon_core.package_discovery:discover_packages(path) using defaults
[0.995s] Level 1:colcon.colcon_core.package_discovery:discover_packages(prefix_path) check parameters
[0.996s] Level 1:colcon.colcon_core.package_discovery:discover_packages(prefix_path) discover
[1.022s] DEBUG:colcon.colcon_installed_package_information.package_discovery:Found 1 installed packages in /home/shen/learn/ROS2/yaml_ws/install
[1.036s] DEBUG:colcon.colcon_installed_package_information.package_discovery:Found 335 installed packages in /opt/ros/humble
[1.037s] Level 1:colcon.colcon_core.package_discovery:discover_packages(prefix_path) using defaults
[1.132s] Level 5:colcon.colcon_core.verb:set package 'read_yaml' build argument 'cmake_args' from command line to 'None'
[1.132s] Level 5:colcon.colcon_core.verb:set package 'read_yaml' build argument 'cmake_target' from command line to 'None'
[1.132s] Level 5:colcon.colcon_core.verb:set package 'read_yaml' build argument 'cmake_target_skip_unavailable' from command line to 'False'
[1.132s] Level 5:colcon.colcon_core.verb:set package 'read_yaml' build argument 'cmake_clean_cache' from command line to 'False'
[1.132s] Level 5:colcon.colcon_core.verb:set package 'read_yaml' build argument 'cmake_clean_first' from command line to 'False'
[1.132s] Level 5:colcon.colcon_core.verb:set package 'read_yaml' build argument 'cmake_force_configure' from command line to 'False'
[1.132s] Level 5:colcon.colcon_core.verb:set package 'read_yaml' build argument 'ament_cmake_args' from command line to 'None'
[1.132s] Level 5:colcon.colcon_core.verb:set package 'read_yaml' build argument 'catkin_cmake_args' from command line to 'None'
[1.133s] Level 5:colcon.colcon_core.verb:set package 'read_yaml' build argument 'catkin_skip_building_tests' from command line to 'False'
[1.133s] DEBUG:colcon.colcon_core.verb:Building package 'read_yaml' with the following arguments: {'ament_cmake_args': None, 'build_base': '/home/shen/learn/ROS2/yaml_ws/build/read_yaml', 'catkin_cmake_args': None, 'catkin_skip_building_tests': False, 'cmake_args': None, 'cmake_clean_cache': False, 'cmake_clean_first': False, 'cmake_force_configure': False, 'cmake_target': None, 'cmake_target_skip_unavailable': False, 'install_base': '/home/shen/learn/ROS2/yaml_ws/install/read_yaml', 'merge_install': False, 'path': '/home/shen/learn/ROS2/yaml_ws/src/read_yaml', 'symlink_install': False, 'test_result_base': None}
[1.146s] INFO:colcon.colcon_core.executor:Executing jobs using 'parallel' executor
[1.160s] DEBUG:colcon.colcon_parallel_executor.executor.parallel:run_until_complete
[1.161s] INFO:colcon.colcon_ros.task.ament_cmake.build:Building ROS package in '/home/shen/learn/ROS2/yaml_ws/src/read_yaml' with build type 'ament_cmake'
[1.161s] INFO:colcon.colcon_cmake.task.cmake.build:Building CMake package in '/home/shen/learn/ROS2/yaml_ws/src/read_yaml'
[1.180s] INFO:colcon.colcon_core.plugin_system:Skipping extension 'colcon_core.shell.bat': Not used on non-Windows systems
[1.180s] INFO:colcon.colcon_core.shell:Skip shell extension 'powershell' for command environment: Not usable outside of PowerShell
[1.180s] DEBUG:colcon.colcon_core.shell:Skip shell extension 'dsv' for command environment
[1.231s] DEBUG:colcon.colcon_core.event_handler.log_command:Invoking command in '/home/shen/learn/ROS2/yaml_ws/build/read_yaml': CMAKE_PREFIX_PATH=${CMAKE_PREFIX_PATH}:/opt/ros/humble /usr/bin/cmake --build /home/shen/learn/ROS2/yaml_ws/build/read_yaml -- -j16 -l16
[4.306s] DEBUG:colcon.colcon_core.event_handler.log_command:Invoked command in '/home/shen/learn/ROS2/yaml_ws/build/read_yaml' returned '0': CMAKE_PREFIX_PATH=${CMAKE_PREFIX_PATH}:/opt/ros/humble /usr/bin/cmake --build /home/shen/learn/ROS2/yaml_ws/build/read_yaml -- -j16 -l16
[4.355s] DEBUG:colcon.colcon_core.event_handler.log_command:Invoking command in '/home/shen/learn/ROS2/yaml_ws/build/read_yaml': CMAKE_PREFIX_PATH=${CMAKE_PREFIX_PATH}:/opt/ros/humble /usr/bin/cmake --install /home/shen/learn/ROS2/yaml_ws/build/read_yaml
[4.367s] Level 1:colcon.colcon_core.environment:create_environment_scripts_only(read_yaml)
[4.367s] DEBUG:colcon.colcon_core.event_handler.log_command:Invoked command in '/home/shen/learn/ROS2/yaml_ws/build/read_yaml' returned '0': CMAKE_PREFIX_PATH=${CMAKE_PREFIX_PATH}:/opt/ros/humble /usr/bin/cmake --install /home/shen/learn/ROS2/yaml_ws/build/read_yaml
[4.394s] Level 1:colcon.colcon_core.environment:checking '/home/shen/learn/ROS2/yaml_ws/install/read_yaml' for CMake module files
[4.394s] Level 1:colcon.colcon_core.environment:checking '/home/shen/learn/ROS2/yaml_ws/install/read_yaml' for CMake config files
[4.394s] Level 1:colcon.colcon_core.shell:create_environment_hook('read_yaml', 'cmake_prefix_path')
[4.409s] INFO:colcon.colcon_core.shell:Creating environment hook '/home/shen/learn/ROS2/yaml_ws/install/read_yaml/share/read_yaml/hook/cmake_prefix_path.ps1'
[4.410s] INFO:colcon.colcon_core.shell:Creating environment descriptor '/home/shen/learn/ROS2/yaml_ws/install/read_yaml/share/read_yaml/hook/cmake_prefix_path.dsv'
[4.410s] INFO:colcon.colcon_core.shell:Creating environment hook '/home/shen/learn/ROS2/yaml_ws/install/read_yaml/share/read_yaml/hook/cmake_prefix_path.sh'
[4.411s] Level 1:colcon.colcon_core.environment:checking '/home/shen/learn/ROS2/yaml_ws/install/read_yaml/lib'
[4.411s] Level 1:colcon.colcon_core.environment:checking '/home/shen/learn/ROS2/yaml_ws/install/read_yaml/bin'
[4.411s] Level 1:colcon.colcon_core.environment:checking '/home/shen/learn/ROS2/yaml_ws/install/read_yaml/lib/pkgconfig/read_yaml.pc'
[4.411s] Level 1:colcon.colcon_core.environment:checking '/home/shen/learn/ROS2/yaml_ws/install/read_yaml/lib/python3.10/site-packages'
[4.412s] Level 1:colcon.colcon_core.environment:checking '/home/shen/learn/ROS2/yaml_ws/install/read_yaml/bin'
[4.424s] INFO:colcon.colcon_core.shell:Creating package script '/home/shen/learn/ROS2/yaml_ws/install/read_yaml/share/read_yaml/package.ps1'
[4.425s] INFO:colcon.colcon_core.shell:Creating package descriptor '/home/shen/learn/ROS2/yaml_ws/install/read_yaml/share/read_yaml/package.dsv'
[4.425s] INFO:colcon.colcon_core.shell:Creating package script '/home/shen/learn/ROS2/yaml_ws/install/read_yaml/share/read_yaml/package.sh'
[4.426s] INFO:colcon.colcon_core.shell:Creating package script '/home/shen/learn/ROS2/yaml_ws/install/read_yaml/share/read_yaml/package.bash'
[4.427s] INFO:colcon.colcon_core.shell:Creating package script '/home/shen/learn/ROS2/yaml_ws/install/read_yaml/share/read_yaml/package.zsh'
[4.427s] Level 1:colcon.colcon_core.environment:create_file_with_runtime_dependencies(/home/shen/learn/ROS2/yaml_ws/install/read_yaml/share/colcon-core/packages/read_yaml)
[4.476s] Level 1:colcon.colcon_core.environment:create_environment_scripts_only(read_yaml)
[4.489s] Level 1:colcon.colcon_core.environment:checking '/home/shen/learn/ROS2/yaml_ws/install/read_yaml' for CMake module files
[4.489s] Level 1:colcon.colcon_core.environment:checking '/home/shen/learn/ROS2/yaml_ws/install/read_yaml' for CMake config files
[4.490s] Level 1:colcon.colcon_core.shell:create_environment_hook('read_yaml', 'cmake_prefix_path')
[4.505s] INFO:colcon.colcon_core.shell:Creating environment hook '/home/shen/learn/ROS2/yaml_ws/install/read_yaml/share/read_yaml/hook/cmake_prefix_path.ps1'
[4.505s] INFO:colcon.colcon_core.shell:Creating environment descriptor '/home/shen/learn/ROS2/yaml_ws/install/read_yaml/share/read_yaml/hook/cmake_prefix_path.dsv'
[4.506s] INFO:colcon.colcon_core.shell:Creating environment hook '/home/shen/learn/ROS2/yaml_ws/install/read_yaml/share/read_yaml/hook/cmake_prefix_path.sh'
[4.506s] Level 1:colcon.colcon_core.environment:checking '/home/shen/learn/ROS2/yaml_ws/install/read_yaml/lib'
[4.506s] Level 1:colcon.colcon_core.environment:checking '/home/shen/learn/ROS2/yaml_ws/install/read_yaml/bin'
[4.506s] Level 1:colcon.colcon_core.environment:checking '/home/shen/learn/ROS2/yaml_ws/install/read_yaml/lib/pkgconfig/read_yaml.pc'
[4.507s] Level 1:colcon.colcon_core.environment:checking '/home/shen/learn/ROS2/yaml_ws/install/read_yaml/lib/python3.10/site-packages'
[4.507s] Level 1:colcon.colcon_core.environment:checking '/home/shen/learn/ROS2/yaml_ws/install/read_yaml/bin'
[4.520s] INFO:colcon.colcon_core.shell:Creating package script '/home/shen/learn/ROS2/yaml_ws/install/read_yaml/share/read_yaml/package.ps1'
[4.520s] INFO:colcon.colcon_core.shell:Creating package descriptor '/home/shen/learn/ROS2/yaml_ws/install/read_yaml/share/read_yaml/package.dsv'
[4.521s] INFO:colcon.colcon_core.shell:Creating package script '/home/shen/learn/ROS2/yaml_ws/install/read_yaml/share/read_yaml/package.sh'
[4.521s] INFO:colcon.colcon_core.shell:Creating package script '/home/shen/learn/ROS2/yaml_ws/install/read_yaml/share/read_yaml/package.bash'
[4.521s] INFO:colcon.colcon_core.shell:Creating package script '/home/shen/learn/ROS2/yaml_ws/install/read_yaml/share/read_yaml/package.zsh'
[4.522s] Level 1:colcon.colcon_core.environment:create_file_with_runtime_dependencies(/home/shen/learn/ROS2/yaml_ws/install/read_yaml/share/colcon-core/packages/read_yaml)
[4.522s] DEBUG:colcon.colcon_parallel_executor.executor.parallel:closing loop
[4.523s] DEBUG:colcon.colcon_parallel_executor.executor.parallel:loop closed
[4.523s] DEBUG:colcon.colcon_parallel_executor.executor.parallel:run_until_complete finished with '0'
[4.523s] DEBUG:colcon.colcon_core.event_reactor:joining thread
[4.550s] INFO:colcon.colcon_core.plugin_system:Skipping extension 'colcon_notification.desktop_notification.terminal_notifier': Not used on non-Darwin systems
[4.550s] INFO:colcon.colcon_core.plugin_system:Skipping extension 'colcon_notification.desktop_notification.win32': Not used on non-Windows systems
[4.550s] INFO:colcon.colcon_notification.desktop_notification:Sending desktop notification using 'notify2'
[4.566s] DEBUG:colcon.colcon_core.event_reactor:joined thread
[4.583s] INFO:colcon.colcon_core.shell:Creating prefix script '/home/shen/learn/ROS2/yaml_ws/install/local_setup.ps1'
[4.584s] INFO:colcon.colcon_core.shell:Creating prefix util module '/home/shen/learn/ROS2/yaml_ws/install/_local_setup_util_ps1.py'
[4.585s] INFO:colcon.colcon_core.shell:Creating prefix chain script '/home/shen/learn/ROS2/yaml_ws/install/setup.ps1'
[4.599s] INFO:colcon.colcon_core.shell:Creating prefix script '/home/shen/learn/ROS2/yaml_ws/install/local_setup.sh'
[4.599s] INFO:colcon.colcon_core.shell:Creating prefix util module '/home/shen/learn/ROS2/yaml_ws/install/_local_setup_util_sh.py'
[4.600s] INFO:colcon.colcon_core.shell:Creating prefix chain script '/home/shen/learn/ROS2/yaml_ws/install/setup.sh'
[4.613s] INFO:colcon.colcon_core.shell:Creating prefix script '/home/shen/learn/ROS2/yaml_ws/install/local_setup.bash'
[4.613s] INFO:colcon.colcon_core.shell:Creating prefix chain script '/home/shen/learn/ROS2/yaml_ws/install/setup.bash'
[4.627s] INFO:colcon.colcon_core.shell:Creating prefix script '/home/shen/learn/ROS2/yaml_ws/install/local_setup.zsh'
[4.627s] INFO:colcon.colcon_core.shell:Creating prefix chain script '/home/shen/learn/ROS2/yaml_ws/install/setup.zsh'
