[0.086s] Invoking command in '/home/shen/learn/ROS2/enet_driver_ws/build/enet_sender_node': CMAKE_PREFIX_PATH=${CMAKE_PREFIX_PATH}:/opt/ros/humble /usr/bin/cmake --build /home/shen/learn/ROS2/enet_driver_ws/build/enet_sender_node -- -j16 -l16
[0.142s] -- Found ament_cmake: 1.3.6 (/opt/ros/humble/share/ament_cmake/cmake)
[0.311s] -- Found rclcpp: 16.0.7 (/opt/ros/humble/share/rclcpp/cmake)
[0.343s] -- Found rosidl_generator_c: 3.1.5 (/opt/ros/humble/share/rosidl_generator_c/cmake)
[0.346s] -- Found rosidl_adapter: 3.1.5 (/opt/ros/humble/share/rosidl_adapter/cmake)
[0.353s] -- Found rosidl_generator_cpp: 3.1.5 (/opt/ros/humble/share/rosidl_generator_cpp/cmake)
[0.364s] -- Using all available rosidl_typesupport_c: rosidl_typesupport_fastrtps_c;rosidl_typesupport_introspection_c
[0.381s] -- Using all available rosidl_typesupport_cpp: rosidl_typesupport_fastrtps_cpp;rosidl_typesupport_introspection_cpp
[0.443s] -- Found rmw_implementation_cmake: 6.1.1 (/opt/ros/humble/share/rmw_implementation_cmake/cmake)
[0.445s] -- Found rmw_cyclonedds_cpp: 1.3.4 (/opt/ros/humble/share/rmw_cyclonedds_cpp/cmake)
[0.475s] -- Using RMW implementation 'rmw_cyclonedds_cpp' as default
[0.632s] -- Found sensor_msgs: 4.2.3 (/opt/ros/humble/share/sensor_msgs/cmake)
[0.753s] -- Found ament_lint_auto: 0.12.9 (/opt/ros/humble/share/ament_lint_auto/cmake)
[0.848s] [31mCMake Error at CMakeLists.txt:32 (target_include_directories):
[0.848s]   target_include_directories called with invalid arguments
[0.848s] 
[0.849s] [0m
[0.852s] -- Added test 'cppcheck' to perform static code analysis on C / C++ code
[0.852s] -- Configured cppcheck include dirs: 
[0.853s] -- Configured cppcheck exclude dirs and/or files: 
[0.853s] -- Added test 'lint_cmake' to check CMake code style
[0.854s] -- Added test 'uncrustify' to check C / C++ code style
[0.854s] -- Configured uncrustify additional arguments: 
[0.854s] -- Added test 'xmllint' to check XML markup files
[0.855s] -- Configuring incomplete, errors occurred!
[0.855s] See also "/home/shen/learn/ROS2/enet_driver_ws/build/enet_sender_node/CMakeFiles/CMakeOutput.log".
[0.863s] gmake: *** [Makefile:267：cmake_check_build_system] 错误 1
[0.865s] Invoked command in '/home/shen/learn/ROS2/enet_driver_ws/build/enet_sender_node' returned '2': CMAKE_PREFIX_PATH=${CMAKE_PREFIX_PATH}:/opt/ros/humble /usr/bin/cmake --build /home/shen/learn/ROS2/enet_driver_ws/build/enet_sender_node -- -j16 -l16
